--------------------
./configure --prefix=/usr --shared --uname=Linux
Tue Dec 22 16:41:57 CST 2015
=== ztest32706.c ===
extern int getchar();
int hello() {return getchar();}
===
arm-openwrt-linux-uclibcgnueabi-gcc -c ztest32706.c
cc1: note: someone does not honour COPTS correctly, passed 0 times
... using gcc

Checking for obsessive-compulsive compiler options...
=== ztest32706.c ===
int foo() { return 0; }
===
arm-openwrt-linux-uclibcgnueabi-gcc -c -Os -pipe -march=armv7-a -mtune=cortex-a7 -fno-caller-saves -fstack-protector -Wl,-z,relro,-z,now -fhonour-copts -Wno-error=unused-but-set-variable -mfloat-abi=soft -fpic ztest32706.c

Checking for shared library support...
=== ztest32706.c ===
extern int getchar();
int hello() {return getchar();}
===
arm-openwrt-linux-uclibcgnueabi-gcc -w -c -Os -pipe -march=armv7-a -mtune=cortex-a7 -fno-caller-saves -fstack-protector -Wl,-z,relro,-z,now -fhonour-copts -Wno-error=unused-but-set-variable -mfloat-abi=soft -fpic -fPIC ztest32706.c
arm-openwrt-linux-uclibcgnueabi-gcc -shared -Wl,-soname,libz.so.1 -Os -pipe -march=armv7-a -mtune=cortex-a7 -fno-caller-saves -fstack-protector -Wl,-z,relro,-z,now -fhonour-copts -Wno-error=unused-but-set-variable -mfloat-abi=soft -fpic -fPIC -o ztest32706.so ztest32706.o
Building shared library libz.so.1.2.8 with arm-openwrt-linux-uclibcgnueabi-gcc.

=== ztest32706.c ===
#include <sys/types.h>
off64_t dummy = 0;
===
arm-openwrt-linux-uclibcgnueabi-gcc -c -Os -pipe -march=armv7-a -mtune=cortex-a7 -fno-caller-saves -fstack-protector -Wl,-z,relro,-z,now -fhonour-copts -Wno-error=unused-but-set-variable -mfloat-abi=soft -fpic -D_LARGEFILE64_SOURCE=1 ztest32706.c
Checking for off64_t... Yes.
Checking for fseeko... Yes.

=== ztest32706.c ===
#include <string.h>
#include <errno.h>
int main() { return strlen(strerror(errno)); }
===
arm-openwrt-linux-uclibcgnueabi-gcc -Os -pipe -march=armv7-a -mtune=cortex-a7 -fno-caller-saves -fstack-protector -Wl,-z,relro,-z,now -fhonour-copts -Wno-error=unused-but-set-variable -mfloat-abi=soft -fpic -D_LARGEFILE64_SOURCE=1 -o ztest32706 ztest32706.c
Checking for strerror... Yes.

=== ztest32706.c ===
#include <unistd.h>
int main() { return 0; }
===
arm-openwrt-linux-uclibcgnueabi-gcc -c -Os -pipe -march=armv7-a -mtune=cortex-a7 -fno-caller-saves -fstack-protector -Wl,-z,relro,-z,now -fhonour-copts -Wno-error=unused-but-set-variable -mfloat-abi=soft -fpic -D_LARGEFILE64_SOURCE=1 ztest32706.c
Checking for unistd.h... Yes.

=== ztest32706.c ===
#include <stdarg.h>
int main() { return 0; }
===
arm-openwrt-linux-uclibcgnueabi-gcc -c -Os -pipe -march=armv7-a -mtune=cortex-a7 -fno-caller-saves -fstack-protector -Wl,-z,relro,-z,now -fhonour-copts -Wno-error=unused-but-set-variable -mfloat-abi=soft -fpic -D_LARGEFILE64_SOURCE=1 ztest32706.c
Checking for stdarg.h... Yes.

=== ztest32706.c ===
#include <stdio.h>
#include <stdarg.h>
#include "zconf.h"
int main()
{
#ifndef STDC
  choke me
#endif
  return 0;
}
===
arm-openwrt-linux-uclibcgnueabi-gcc -c -Os -pipe -march=armv7-a -mtune=cortex-a7 -fno-caller-saves -fstack-protector -Wl,-z,relro,-z,now -fhonour-copts -Wno-error=unused-but-set-variable -mfloat-abi=soft -fpic -D_LARGEFILE64_SOURCE=1 ztest32706.c
Checking whether to use vs[n]printf() or s[n]printf()... using vs[n]printf().

=== ztest32706.c ===
#include <stdio.h>
#include <stdarg.h>
int mytest(const char *fmt, ...)
{
  char buf[20];
  va_list ap;
  va_start(ap, fmt);
  vsnprintf(buf, sizeof(buf), fmt, ap);
  va_end(ap);
  return 0;
}
int main()
{
  return (mytest("Hello%d\n", 1));
}
===
arm-openwrt-linux-uclibcgnueabi-gcc -Os -pipe -march=armv7-a -mtune=cortex-a7 -fno-caller-saves -fstack-protector -Wl,-z,relro,-z,now -fhonour-copts -Wno-error=unused-but-set-variable -mfloat-abi=soft -fpic -D_LARGEFILE64_SOURCE=1 -o ztest32706 ztest32706.c
Checking for vsnprintf() in stdio.h... Yes.

=== ztest32706.c ===
#include <stdio.h>
#include <stdarg.h>
int mytest(const char *fmt, ...)
{
  int n;
  char buf[20];
  va_list ap;
  va_start(ap, fmt);
  n = vsnprintf(buf, sizeof(buf), fmt, ap);
  va_end(ap);
  return n;
}
int main()
{
  return (mytest("Hello%d\n", 1));
}
===
arm-openwrt-linux-uclibcgnueabi-gcc -c -Os -pipe -march=armv7-a -mtune=cortex-a7 -fno-caller-saves -fstack-protector -Wl,-z,relro,-z,now -fhonour-copts -Wno-error=unused-but-set-variable -mfloat-abi=soft -fpic -D_LARGEFILE64_SOURCE=1 ztest32706.c
Checking for return value of vsnprintf()... Yes.

=== ztest32706.c ===
#define ZLIB_INTERNAL __attribute__((visibility ("hidden")))
int ZLIB_INTERNAL foo;
int main()
{
  return 0;
}
===
arm-openwrt-linux-uclibcgnueabi-gcc -c -Os -pipe -march=armv7-a -mtune=cortex-a7 -fno-caller-saves -fstack-protector -Wl,-z,relro,-z,now -fhonour-copts -Wno-error=unused-but-set-variable -mfloat-abi=soft -fpic -D_LARGEFILE64_SOURCE=1 ztest32706.c
Checking for attribute(visibility) support... Yes.

ALL = static shared all64
AR = arm-openwrt-linux-uclibcgnueabi-ar
ARFLAGS = rc
CC = arm-openwrt-linux-uclibcgnueabi-gcc
CFLAGS = -Os -pipe -march=armv7-a -mtune=cortex-a7 -fno-caller-saves -fstack-protector -Wl,-z,relro,-z,now -fhonour-copts -Wno-error=unused-but-set-variable -mfloat-abi=soft -fpic -D_LARGEFILE64_SOURCE=1 -DHAVE_HIDDEN
CPP = arm-openwrt-linux-uclibcgnueabi-gcc -E
EXE =
LDCONFIG = ldconfig
LDFLAGS =
LDSHARED = arm-openwrt-linux-uclibcgnueabi-gcc -shared -Wl,-soname,libz.so.1
LDSHAREDLIBC = -lc
OBJC = $(OBJZ) $(OBJG)
PIC_OBJC = $(PIC_OBJZ) $(PIC_OBJG)
RANLIB = arm-openwrt-linux-uclibcgnueabi-ranlib
SFLAGS = -Os -pipe -march=armv7-a -mtune=cortex-a7 -fno-caller-saves -fstack-protector -Wl,-z,relro,-z,now -fhonour-copts -Wno-error=unused-but-set-variable -mfloat-abi=soft -fpic -fPIC -D_LARGEFILE64_SOURCE=1 -DHAVE_HIDDEN
SHAREDLIB = libz.so
SHAREDLIBM = libz.so.1
SHAREDLIBV = libz.so.1.2.8
STATICLIB = libz.a
TEST = all teststatic testshared test64
VER = 1.2.8
Z_U4 =
exec_prefix = ${prefix}
includedir = ${prefix}/include
libdir = ${exec_prefix}/lib
mandir = ${prefix}/share/man
prefix = /usr
sharedlibdir = ${libdir}
uname = Linux
--------------------


