This file contains any messages produced by compilers while
running configure, to aid debugging if configure makes a mistake.

It was created by cpplib configure  , which was
generated by GNU Autoconf 2.64.  Invocation command line was

  $ /home/ubuntu/Archer_C7_V5/openwrt/build_dir/toolchain-mips_r2_gcc-4.6-linaro_uClibc-0.9.33.2/gcc-linaro-4.6-2012.02/libcpp/configure --cache-file=./config.cache --with-stabs --prefix=/home/ubuntu/Archer_C7_V5/openwrt/staging_dir/toolchain-mips_r2_gcc-4.6-linaro_uClibc-0.9.33.2 --with-gnu-ld --enable-target-optspace --disable-libgomp --disable-libmudflap --disable-multilib --disable-nls --with-host-libstdcxx=-lstdc++ --with-float=soft --with-gmp=/home/ubuntu/Archer_C7_V5/openwrt/staging_dir/host --with-mpfr=/home/ubuntu/Archer_C7_V5/openwrt/staging_dir/host --disable-decimal-float --with-mips-plt --with-mpc=/home/ubuntu/Archer_C7_V5/openwrt/staging_dir/host --disable-libssp --disable-__cxa_atexit --with-headers=/home/ubuntu/Archer_C7_V5/openwrt/staging_dir/toolchain-mips_r2_gcc-4.6-linaro_uClibc-0.9.33.2/include --enable-shared --enable-threads --with-slibdir=/home/ubuntu/Archer_C7_V5/openwrt/staging_dir/toolchain-mips_r2_gcc-4.6-linaro_uClibc-0.9.33.2/lib --enable-lto --with-libelf=/home/ubuntu/Archer_C7_V5/openwrt/staging_dir/host --disable-tls --enable-languages=c,c++,lto --program-transform-name=s&^&mips-openwrt-linux-uclibc-& --disable-option-checking --build=i686-linux-gnu --host=i686-linux-gnu --target=mips-openwrt-linux-uclibc --srcdir=/home/ubuntu/Archer_C7_V5/openwrt/build_dir/toolchain-mips_r2_gcc-4.6-linaro_uClibc-0.9.33.2/gcc-linaro-4.6-2012.02/libcpp

## --------- ##
## Platform. ##
## --------- ##

hostname = ubuntu
uname -m = i686
uname -r = 4.4.0-142-generic
uname -s = Linux
uname -v = #168~14.04.1-Ubuntu SMP Sat Jan 19 11:28:33 UTC 2019

/usr/bin/uname -p = unknown
/bin/uname -X     = unknown

/bin/arch              = unknown
/usr/bin/arch -k       = unknown
/usr/convex/getsysinfo = unknown
/usr/bin/hostinfo      = unknown
/bin/machine           = unknown
/usr/bin/oslevel       = unknown
/bin/universe          = unknown

PATH: /home/ubuntu/Archer_C7_V5/openwrt/staging_dir/toolchain-mips_r2_gcc-4.6-linaro_uClibc-0.9.33.2/bin
PATH: /home/ubuntu/Archer_C7_V5/openwrt/staging_dir/host/bin
PATH: /home/ubuntu/Archer_C7_V5/openwrt/staging_dir/toolchain-mips_r2_gcc-4.6-linaro_uClibc-0.9.33.2/bin
PATH: /home/ubuntu/Archer_C7_V5/openwrt/staging_dir/host/bin
PATH: /home/ubuntu/Archer_C7_V5/openwrt/staging_dir/toolchain-mips_r2_gcc-4.6-linaro_uClibc-0.9.33.2/bin
PATH: /home/ubuntu/Archer_C7_V5/openwrt/staging_dir/host/bin
PATH: /usr/local/sbin
PATH: /usr/local/bin
PATH: /usr/sbin
PATH: /usr/bin
PATH: /sbin
PATH: /bin
PATH: /usr/games
PATH: /usr/local/games


## ----------- ##
## Core tests. ##
## ----------- ##

configure:2385: creating cache ./config.cache
configure:2490: checking build system type
configure:2504: result: i686-pc-linux-gnu
configure:2524: checking host system type
configure:2537: result: i686-pc-linux-gnu
configure:2557: checking target system type
configure:2570: result: mips-openwrt-linux-uclibc
configure:2599: checking whether make sets $(MAKE)
configure:2621: result: yes
configure:2644: checking for a BSD-compatible install
configure:2712: result: /usr/bin/install -c
configure:2731: checking for i686-linux-gnu-gcc
configure:2758: result: i686-linux-gnu-gcc
configure:3027: checking for C compiler version
configure:3036: i686-linux-gnu-gcc --version >&5
i686-linux-gnu-gcc (Ubuntu 4.8.4-2ubuntu1~14.04.4) 4.8.4
Copyright (C) 2013 Free Software Foundation, Inc.
This is free software; see the source for copying conditions.  There is NO
warranty; not even for MERCHANTABILITY or FITNESS FOR A PARTICULAR PURPOSE.

configure:3047: $? = 0
configure:3036: i686-linux-gnu-gcc -v >&5
Using built-in specs.
COLLECT_GCC=i686-linux-gnu-gcc
COLLECT_LTO_WRAPPER=/usr/lib/gcc/i686-linux-gnu/4.8/lto-wrapper
Target: i686-linux-gnu
Configured with: ../src/configure -v --with-pkgversion='Ubuntu 4.8.4-2ubuntu1~14.04.4' --with-bugurl=file:///usr/share/doc/gcc-4.8/README.Bugs --enable-languages=c,c++,java,go,d,fortran,objc,obj-c++ --prefix=/usr --program-suffix=-4.8 --enable-shared --enable-linker-build-id --libexecdir=/usr/lib --without-included-gettext --enable-threads=posix --with-gxx-include-dir=/usr/include/c++/4.8 --libdir=/usr/lib --enable-nls --with-sysroot=/ --enable-clocale=gnu --enable-libstdcxx-debug --enable-libstdcxx-time=yes --enable-gnu-unique-object --disable-libmudflap --enable-plugin --with-system-zlib --disable-browser-plugin --enable-java-awt=gtk --enable-gtk-cairo --with-java-home=/usr/lib/jvm/java-1.5.0-gcj-4.8-i386/jre --enable-java-home --with-jvm-root-dir=/usr/lib/jvm/java-1.5.0-gcj-4.8-i386 --with-jvm-jar-dir=/usr/lib/jvm-exports/java-1.5.0-gcj-4.8-i386 --with-arch-directory=i386 --with-ecj-jar=/usr/share/java/eclipse-ecj.jar --enable-objc-gc --enable-targets=all --enable-multiarch --disable-werror --with-arch-32=i686 --with-multilib-list=m32,m64,mx32 --with-tune=generic --enable-checking=release --build=i686-linux-gnu --host=i686-linux-gnu --target=i686-linux-gnu
Thread model: posix
gcc version 4.8.4 (Ubuntu 4.8.4-2ubuntu1~14.04.4) 
configure:3047: $? = 0
configure:3036: i686-linux-gnu-gcc -V >&5
i686-linux-gnu-gcc: error: unrecognized command line option '-V'
i686-linux-gnu-gcc: fatal error: no input files
compilation terminated.
configure:3047: $? = 4
configure:3036: i686-linux-gnu-gcc -qversion >&5
i686-linux-gnu-gcc: error: unrecognized command line option '-qversion'
i686-linux-gnu-gcc: fatal error: no input files
compilation terminated.
configure:3047: $? = 4
configure:3067: checking for C compiler default output file name
configure:3089: i686-linux-gnu-gcc     conftest.c  >&5
configure:3093: $? = 0
configure:3130: result: a.out
configure:3146: checking whether the C compiler works
configure:3155: ./a.out
configure:3159: $? = 0
configure:3174: result: yes
configure:3181: checking whether we are cross compiling
configure:3183: result: no
configure:3186: checking for suffix of executables
configure:3193: i686-linux-gnu-gcc -o conftest     conftest.c  >&5
configure:3197: $? = 0
configure:3219: result: 
configure:3225: checking for suffix of object files
configure:3247: i686-linux-gnu-gcc -c   conftest.c >&5
configure:3251: $? = 0
configure:3272: result: o
configure:3276: checking whether we are using the GNU C compiler
configure:3295: i686-linux-gnu-gcc -c   conftest.c >&5
configure:3295: $? = 0
configure:3304: result: yes
configure:3313: checking whether i686-linux-gnu-gcc accepts -g
configure:3333: i686-linux-gnu-gcc -c -g  conftest.c >&5
configure:3333: $? = 0
configure:3374: result: yes
configure:3391: checking for i686-linux-gnu-gcc option to accept ISO C89
configure:3455: i686-linux-gnu-gcc  -c   conftest.c >&5
configure:3455: $? = 0
configure:3468: result: none needed
configure:3600: checking for C++ compiler version
configure:3609: i686-linux-gnu-g++ --version >&5
i686-linux-gnu-g++ (Ubuntu 4.8.4-2ubuntu1~14.04.4) 4.8.4
Copyright (C) 2013 Free Software Foundation, Inc.
This is free software; see the source for copying conditions.  There is NO
warranty; not even for MERCHANTABILITY or FITNESS FOR A PARTICULAR PURPOSE.

configure:3620: $? = 0
configure:3609: i686-linux-gnu-g++ -v >&5
Using built-in specs.
COLLECT_GCC=i686-linux-gnu-g++
COLLECT_LTO_WRAPPER=/usr/lib/gcc/i686-linux-gnu/4.8/lto-wrapper
Target: i686-linux-gnu
Configured with: ../src/configure -v --with-pkgversion='Ubuntu 4.8.4-2ubuntu1~14.04.4' --with-bugurl=file:///usr/share/doc/gcc-4.8/README.Bugs --enable-languages=c,c++,java,go,d,fortran,objc,obj-c++ --prefix=/usr --program-suffix=-4.8 --enable-shared --enable-linker-build-id --libexecdir=/usr/lib --without-included-gettext --enable-threads=posix --with-gxx-include-dir=/usr/include/c++/4.8 --libdir=/usr/lib --enable-nls --with-sysroot=/ --enable-clocale=gnu --enable-libstdcxx-debug --enable-libstdcxx-time=yes --enable-gnu-unique-object --disable-libmudflap --enable-plugin --with-system-zlib --disable-browser-plugin --enable-java-awt=gtk --enable-gtk-cairo --with-java-home=/usr/lib/jvm/java-1.5.0-gcj-4.8-i386/jre --enable-java-home --with-jvm-root-dir=/usr/lib/jvm/java-1.5.0-gcj-4.8-i386 --with-jvm-jar-dir=/usr/lib/jvm-exports/java-1.5.0-gcj-4.8-i386 --with-arch-directory=i386 --with-ecj-jar=/usr/share/java/eclipse-ecj.jar --enable-objc-gc --enable-targets=all --enable-multiarch --disable-werror --with-arch-32=i686 --with-multilib-list=m32,m64,mx32 --with-tune=generic --enable-checking=release --build=i686-linux-gnu --host=i686-linux-gnu --target=i686-linux-gnu
Thread model: posix
gcc version 4.8.4 (Ubuntu 4.8.4-2ubuntu1~14.04.4) 
configure:3620: $? = 0
configure:3609: i686-linux-gnu-g++ -V >&5
i686-linux-gnu-g++: error: unrecognized command line option '-V'
i686-linux-gnu-g++: fatal error: no input files
compilation terminated.
configure:3620: $? = 4
configure:3609: i686-linux-gnu-g++ -qversion >&5
i686-linux-gnu-g++: error: unrecognized command line option '-qversion'
i686-linux-gnu-g++: fatal error: no input files
compilation terminated.
configure:3620: $? = 4
configure:3624: checking whether we are using the GNU C++ compiler
configure:3643: i686-linux-gnu-g++ -c -g -O2  conftest.cpp >&5
configure:3643: $? = 0
configure:3652: result: yes
configure:3661: checking whether i686-linux-gnu-g++ accepts -g
configure:3681: i686-linux-gnu-g++ -c -g  conftest.cpp >&5
configure:3681: $? = 0
configure:3722: result: yes
configure:3748: checking for i686-linux-gnu-ranlib
configure:3775: result: i686-linux-gnu-ranlib
configure:3844: checking how to run the C preprocessor
configure:3875: i686-linux-gnu-gcc -E  conftest.c
configure:3875: $? = 0
configure:3889: i686-linux-gnu-gcc -E  conftest.c
conftest.c:9:28: fatal error: ac_nonexistent.h: No such file or directory
 #include <ac_nonexistent.h>
                            ^
compilation terminated.
configure:3889: $? = 1
configure: failed program was:
| /* confdefs.h */
| #define PACKAGE_NAME "cpplib"
| #define PACKAGE_TARNAME "cpplib"
| #define PACKAGE_VERSION " "
| #define PACKAGE_STRING "cpplib  "
| #define PACKAGE_BUGREPORT "gcc-bugs@gcc.gnu.org"
| #define PACKAGE_URL ""
| /* end confdefs.h.  */
| #include <ac_nonexistent.h>
configure:3914: result: i686-linux-gnu-gcc -E
configure:3934: i686-linux-gnu-gcc -E  conftest.c
configure:3934: $? = 0
configure:3948: i686-linux-gnu-gcc -E  conftest.c
conftest.c:9:28: fatal error: ac_nonexistent.h: No such file or directory
 #include <ac_nonexistent.h>
                            ^
compilation terminated.
configure:3948: $? = 1
configure: failed program was:
| /* confdefs.h */
| #define PACKAGE_NAME "cpplib"
| #define PACKAGE_TARNAME "cpplib"
| #define PACKAGE_VERSION " "
| #define PACKAGE_STRING "cpplib  "
| #define PACKAGE_BUGREPORT "gcc-bugs@gcc.gnu.org"
| #define PACKAGE_URL ""
| /* end confdefs.h.  */
| #include <ac_nonexistent.h>
configure:3977: checking for grep that handles long lines and -e
configure:4035: result: /bin/grep
configure:4040: checking for egrep
configure:4102: result: /bin/grep -E
configure:4107: checking for ANSI C header files
configure:4127: i686-linux-gnu-gcc -c   conftest.c >&5
configure:4127: $? = 0
configure:4200: i686-linux-gnu-gcc -o conftest     conftest.c  >&5
configure:4200: $? = 0
configure:4200: ./conftest
configure:4200: $? = 0
configure:4211: result: yes
configure:4224: checking for sys/types.h
configure:4224: i686-linux-gnu-gcc -c   conftest.c >&5
configure:4224: $? = 0
configure:4224: result: yes
configure:4224: checking for sys/stat.h
configure:4224: i686-linux-gnu-gcc -c   conftest.c >&5
configure:4224: $? = 0
configure:4224: result: yes
configure:4224: checking for stdlib.h
configure:4224: i686-linux-gnu-gcc -c   conftest.c >&5
configure:4224: $? = 0
configure:4224: result: yes
configure:4224: checking for string.h
configure:4224: i686-linux-gnu-gcc -c   conftest.c >&5
configure:4224: $? = 0
configure:4224: result: yes
configure:4224: checking for memory.h
configure:4224: i686-linux-gnu-gcc -c   conftest.c >&5
configure:4224: $? = 0
configure:4224: result: yes
configure:4224: checking for strings.h
configure:4224: i686-linux-gnu-gcc -c   conftest.c >&5
configure:4224: $? = 0
configure:4224: result: yes
configure:4224: checking for inttypes.h
configure:4224: i686-linux-gnu-gcc -c   conftest.c >&5
configure:4224: $? = 0
configure:4224: result: yes
configure:4224: checking for stdint.h
configure:4224: i686-linux-gnu-gcc -c   conftest.c >&5
configure:4224: $? = 0
configure:4224: result: yes
configure:4224: checking for unistd.h
configure:4224: i686-linux-gnu-gcc -c   conftest.c >&5
configure:4224: $? = 0
configure:4224: result: yes
configure:4238: checking minix/config.h usability
configure:4238: i686-linux-gnu-gcc -c   conftest.c >&5
conftest.c:52:26: fatal error: minix/config.h: No such file or directory
 #include <minix/config.h>
                          ^
compilation terminated.
configure:4238: $? = 1
configure: failed program was:
| /* confdefs.h */
| #define PACKAGE_NAME "cpplib"
| #define PACKAGE_TARNAME "cpplib"
| #define PACKAGE_VERSION " "
| #define PACKAGE_STRING "cpplib  "
| #define PACKAGE_BUGREPORT "gcc-bugs@gcc.gnu.org"
| #define PACKAGE_URL ""
| #define STDC_HEADERS 1
| #define HAVE_SYS_TYPES_H 1
| #define HAVE_SYS_STAT_H 1
| #define HAVE_STDLIB_H 1
| #define HAVE_STRING_H 1
| #define HAVE_MEMORY_H 1
| #define HAVE_STRINGS_H 1
| #define HAVE_INTTYPES_H 1
| #define HAVE_STDINT_H 1
| #define HAVE_UNISTD_H 1
| /* end confdefs.h.  */
| #include <stdio.h>
| #ifdef HAVE_SYS_TYPES_H
| # include <sys/types.h>
| #endif
| #ifdef HAVE_SYS_STAT_H
| # include <sys/stat.h>
| #endif
| #ifdef STDC_HEADERS
| # include <stdlib.h>
| # include <stddef.h>
| #else
| # ifdef HAVE_STDLIB_H
| #  include <stdlib.h>
| # endif
| #endif
| #ifdef HAVE_STRING_H
| # if !defined STDC_HEADERS && defined HAVE_MEMORY_H
| #  include <memory.h>
| # endif
| # include <string.h>
| #endif
| #ifdef HAVE_STRINGS_H
| # include <strings.h>
| #endif
| #ifdef HAVE_INTTYPES_H
| # include <inttypes.h>
| #endif
| #ifdef HAVE_STDINT_H
| # include <stdint.h>
| #endif
| #ifdef HAVE_UNISTD_H
| # include <unistd.h>
| #endif
| #include <minix/config.h>
configure:4238: result: no
configure:4238: checking minix/config.h presence
configure:4238: i686-linux-gnu-gcc -E  conftest.c
conftest.c:19:26: fatal error: minix/config.h: No such file or directory
 #include <minix/config.h>
                          ^
compilation terminated.
configure:4238: $? = 1
configure: failed program was:
| /* confdefs.h */
| #define PACKAGE_NAME "cpplib"
| #define PACKAGE_TARNAME "cpplib"
| #define PACKAGE_VERSION " "
| #define PACKAGE_STRING "cpplib  "
| #define PACKAGE_BUGREPORT "gcc-bugs@gcc.gnu.org"
| #define PACKAGE_URL ""
| #define STDC_HEADERS 1
| #define HAVE_SYS_TYPES_H 1
| #define HAVE_SYS_STAT_H 1
| #define HAVE_STDLIB_H 1
| #define HAVE_STRING_H 1
| #define HAVE_MEMORY_H 1
| #define HAVE_STRINGS_H 1
| #define HAVE_INTTYPES_H 1
| #define HAVE_STDINT_H 1
| #define HAVE_UNISTD_H 1
| /* end confdefs.h.  */
| #include <minix/config.h>
configure:4238: result: no
configure:4238: checking for minix/config.h
configure:4238: result: no
configure:4259: checking whether it is safe to define __EXTENSIONS__
configure:4277: i686-linux-gnu-gcc -c   conftest.c >&5
configure:4277: $? = 0
configure:4284: result: yes
configure:4305: checking for special C compiler options needed for large files
configure:4350: result: no
configure:4356: checking for _FILE_OFFSET_BITS value needed for large files
configure:4381: i686-linux-gnu-gcc -c   conftest.c >&5
conftest.c:30:3: warning: left shift count >= width of type [enabled by default]
   int off_t_is_large[(LARGE_OFF_T % 2147483629 == 721
   ^
conftest.c:30:3: warning: left shift count >= width of type [enabled by default]
conftest.c:31:10: warning: left shift count >= width of type [enabled by default]
          && LARGE_OFF_T % 2147483647 == 1)
          ^
conftest.c:31:10: warning: left shift count >= width of type [enabled by default]
conftest.c:30:7: error: variably modified 'off_t_is_large' at file scope
   int off_t_is_large[(LARGE_OFF_T % 2147483629 == 721
       ^
configure:4381: $? = 1
configure: failed program was:
| /* confdefs.h */
| #define PACKAGE_NAME "cpplib"
| #define PACKAGE_TARNAME "cpplib"
| #define PACKAGE_VERSION " "
| #define PACKAGE_STRING "cpplib  "
| #define PACKAGE_BUGREPORT "gcc-bugs@gcc.gnu.org"
| #define PACKAGE_URL ""
| #define STDC_HEADERS 1
| #define HAVE_SYS_TYPES_H 1
| #define HAVE_SYS_STAT_H 1
| #define HAVE_STDLIB_H 1
| #define HAVE_STRING_H 1
| #define HAVE_MEMORY_H 1
| #define HAVE_STRINGS_H 1
| #define HAVE_INTTYPES_H 1
| #define HAVE_STDINT_H 1
| #define HAVE_UNISTD_H 1
| #define __EXTENSIONS__ 1
| #define _ALL_SOURCE 1
| #define _GNU_SOURCE 1
| #define _POSIX_PTHREAD_SEMANTICS 1
| #define _TANDEM_SOURCE 1
| /* end confdefs.h.  */
| #include <sys/types.h>
|  /* Check that off_t can represent 2**63 - 1 correctly.
|     We can't simply define LARGE_OFF_T to be 9223372036854775807,
|     since some C++ compilers masquerading as C compilers
|     incorrectly reject 9223372036854775807.  */
| #define LARGE_OFF_T (((off_t) 1 << 62) - 1 + ((off_t) 1 << 62))
|   int off_t_is_large[(LARGE_OFF_T % 2147483629 == 721
| 		       && LARGE_OFF_T % 2147483647 == 1)
| 		      ? 1 : -1];
| int
| main ()
| {
| 
|   ;
|   return 0;
| }
configure:4405: i686-linux-gnu-gcc -c   conftest.c >&5
configure:4405: $? = 0
configure:4413: result: 64
configure:4513: checking for aclocal
configure:4529: found /home/ubuntu/Archer_C7_V5/openwrt/staging_dir/host/bin/aclocal
configure:4540: result: aclocal
configure:4556: checking for autoconf
configure:4572: found /home/ubuntu/Archer_C7_V5/openwrt/staging_dir/host/bin/autoconf
configure:4583: result: autoconf
configure:4599: checking for autoheader
configure:4615: found /home/ubuntu/Archer_C7_V5/openwrt/staging_dir/host/bin/autoheader
configure:4626: result: autoheader
configure:4648: checking whether i686-linux-gnu-gcc supports -W
configure:4665: i686-linux-gnu-gcc -c -W  conftest.c >&5
configure:4665: $? = 0
configure:4674: result: yes
configure:4648: checking whether i686-linux-gnu-gcc supports -Wall
configure:4665: i686-linux-gnu-gcc -c -Wall  conftest.c >&5
configure:4665: $? = 0
configure:4674: result: yes
configure:4648: checking whether i686-linux-gnu-gcc supports -Wwrite-strings
configure:4665: i686-linux-gnu-gcc -c -Wwrite-strings  conftest.c >&5
configure:4665: $? = 0
configure:4674: result: yes
configure:4648: checking whether i686-linux-gnu-gcc supports -Wmissing-format-attribute
configure:4665: i686-linux-gnu-gcc -c -Wmissing-format-attribute  conftest.c >&5
configure:4665: $? = 0
configure:4674: result: yes
configure:4688: checking whether i686-linux-gnu-gcc supports -Wstrict-prototypes
configure:4705: i686-linux-gnu-gcc -c -Wstrict-prototypes  conftest.c >&5
conftest.c:27:1: warning: function declaration isn't a prototype [-Wstrict-prototypes]
 main ()
 ^
configure:4705: $? = 0
configure:4714: result: yes
configure:4688: checking whether i686-linux-gnu-gcc supports -Wmissing-prototypes
configure:4705: i686-linux-gnu-gcc -c -Wmissing-prototypes  conftest.c >&5
configure:4705: $? = 0
configure:4714: result: yes
configure:4688: checking whether i686-linux-gnu-gcc supports -Wold-style-definition
configure:4705: i686-linux-gnu-gcc -c -Wold-style-definition  conftest.c >&5
conftest.c: In function 'main':
conftest.c:27:1: warning: old-style function definition [-Wold-style-definition]
 main ()
 ^
configure:4705: $? = 0
configure:4714: result: yes
configure:4688: checking whether i686-linux-gnu-gcc supports -Wc++-compat
configure:4705: i686-linux-gnu-gcc -c -Wc++-compat  conftest.c >&5
configure:4705: $? = 0
configure:4714: result: yes
configure:4724: checking whether i686-linux-gnu-gcc supports -pedantic -Wno-long-long
configure:4742: i686-linux-gnu-gcc -c -pedantic -Wno-long-long  conftest.c >&5
configure:4742: $? = 0
configure:4750: result: yes
configure:4794: checking dependency style of i686-linux-gnu-gcc
configure:4825: trying gcc3
| depmode=gcc3 source=sub/conftest.c object=sub/conftest.o depfile=sub/conftest.Po tmpdepfile=sub/conftest.TPo /bin/bash ./depcomp i686-linux-gnu-gcc -c -o sub/conftest.o sub/conftest.c
configure:4864: success
configure:4879: result: gcc3
configure:5010: checking whether time.h and sys/time.h may both be included
configure:5030: i686-linux-gnu-gcc -c   conftest.c >&5
configure:5030: $? = 0
configure:5037: result: yes
configure:5045: checking whether string.h and strings.h may both be included
configure:5062: i686-linux-gnu-gcc -c   conftest.c >&5
configure:5062: $? = 0
configure:5069: result: yes
configure:5082: checking locale.h usability
configure:5082: i686-linux-gnu-gcc -c   conftest.c >&5
configure:5082: $? = 0
configure:5082: result: yes
configure:5082: checking locale.h presence
configure:5082: i686-linux-gnu-gcc -E  conftest.c
configure:5082: $? = 0
configure:5082: result: yes
configure:5082: checking for locale.h
configure:5082: result: yes
configure:5082: checking fcntl.h usability
configure:5082: i686-linux-gnu-gcc -c   conftest.c >&5
configure:5082: $? = 0
configure:5082: result: yes
configure:5082: checking fcntl.h presence
configure:5082: i686-linux-gnu-gcc -E  conftest.c
configure:5082: $? = 0
configure:5082: result: yes
configure:5082: checking for fcntl.h
configure:5082: result: yes
configure:5082: checking limits.h usability
configure:5082: i686-linux-gnu-gcc -c   conftest.c >&5
configure:5082: $? = 0
configure:5082: result: yes
configure:5082: checking limits.h presence
configure:5082: i686-linux-gnu-gcc -E  conftest.c
configure:5082: $? = 0
configure:5082: result: yes
configure:5082: checking for limits.h
configure:5082: result: yes
configure:5082: checking stddef.h usability
configure:5082: i686-linux-gnu-gcc -c   conftest.c >&5
configure:5082: $? = 0
configure:5082: result: yes
configure:5082: checking stddef.h presence
configure:5082: i686-linux-gnu-gcc -E  conftest.c
configure:5082: $? = 0
configure:5082: result: yes
configure:5082: checking for stddef.h
configure:5082: result: yes
configure:5082: checking for stdlib.h
configure:5082: result: yes
configure:5082: checking for strings.h
configure:5082: result: yes
configure:5082: checking for string.h
configure:5082: result: yes
configure:5082: checking sys/file.h usability
configure:5082: i686-linux-gnu-gcc -c   conftest.c >&5
configure:5082: $? = 0
configure:5082: result: yes
configure:5082: checking sys/file.h presence
configure:5082: i686-linux-gnu-gcc -E  conftest.c
configure:5082: $? = 0
configure:5082: result: yes
configure:5082: checking for sys/file.h
configure:5082: result: yes
configure:5082: checking for unistd.h
configure:5082: result: yes
configure:5095: checking whether byte ordering is bigendian
configure:5110: i686-linux-gnu-gcc -c   conftest.c >&5
conftest.c:37:9: error: unknown type name 'not'
         not a universal capable compiler
         ^
conftest.c:37:15: error: expected '=', ',', ';', 'asm' or '__attribute__' before 'universal'
         not a universal capable compiler
               ^
conftest.c:37:15: error: unknown type name 'universal'
configure:5110: $? = 1
configure: failed program was:
| /* confdefs.h */
| #define PACKAGE_NAME "cpplib"
| #define PACKAGE_TARNAME "cpplib"
| #define PACKAGE_VERSION " "
| #define PACKAGE_STRING "cpplib  "
| #define PACKAGE_BUGREPORT "gcc-bugs@gcc.gnu.org"
| #define PACKAGE_URL ""
| #define STDC_HEADERS 1
| #define HAVE_SYS_TYPES_H 1
| #define HAVE_SYS_STAT_H 1
| #define HAVE_STDLIB_H 1
| #define HAVE_STRING_H 1
| #define HAVE_MEMORY_H 1
| #define HAVE_STRINGS_H 1
| #define HAVE_INTTYPES_H 1
| #define HAVE_STDINT_H 1
| #define HAVE_UNISTD_H 1
| #define __EXTENSIONS__ 1
| #define _ALL_SOURCE 1
| #define _GNU_SOURCE 1
| #define _POSIX_PTHREAD_SEMANTICS 1
| #define _TANDEM_SOURCE 1
| #define _FILE_OFFSET_BITS 64
| #define TIME_WITH_SYS_TIME 1
| #define STRING_WITH_STRINGS 1
| #define HAVE_LOCALE_H 1
| #define HAVE_FCNTL_H 1
| #define HAVE_LIMITS_H 1
| #define HAVE_STDDEF_H 1
| #define HAVE_STDLIB_H 1
| #define HAVE_STRINGS_H 1
| #define HAVE_STRING_H 1
| #define HAVE_SYS_FILE_H 1
| #define HAVE_UNISTD_H 1
| /* end confdefs.h.  */
| #ifndef __APPLE_CC__
| 	       not a universal capable compiler
| 	     #endif
| 	     typedef int dummy;
| 
configure:5155: i686-linux-gnu-gcc -c   conftest.c >&5
configure:5155: $? = 0
configure:5173: i686-linux-gnu-gcc -c   conftest.c >&5
conftest.c: In function 'main':
conftest.c:43:4: error: unknown type name 'not'
    not big endian
    ^
conftest.c:43:12: error: expected '=', ',', ';', 'asm' or '__attribute__' before 'endian'
    not big endian
            ^
configure:5173: $? = 1
configure: failed program was:
| /* confdefs.h */
| #define PACKAGE_NAME "cpplib"
| #define PACKAGE_TARNAME "cpplib"
| #define PACKAGE_VERSION " "
| #define PACKAGE_STRING "cpplib  "
| #define PACKAGE_BUGREPORT "gcc-bugs@gcc.gnu.org"
| #define PACKAGE_URL ""
| #define STDC_HEADERS 1
| #define HAVE_SYS_TYPES_H 1
| #define HAVE_SYS_STAT_H 1
| #define HAVE_STDLIB_H 1
| #define HAVE_STRING_H 1
| #define HAVE_MEMORY_H 1
| #define HAVE_STRINGS_H 1
| #define HAVE_INTTYPES_H 1
| #define HAVE_STDINT_H 1
| #define HAVE_UNISTD_H 1
| #define __EXTENSIONS__ 1
| #define _ALL_SOURCE 1
| #define _GNU_SOURCE 1
| #define _POSIX_PTHREAD_SEMANTICS 1
| #define _TANDEM_SOURCE 1
| #define _FILE_OFFSET_BITS 64
| #define TIME_WITH_SYS_TIME 1
| #define STRING_WITH_STRINGS 1
| #define HAVE_LOCALE_H 1
| #define HAVE_FCNTL_H 1
| #define HAVE_LIMITS_H 1
| #define HAVE_STDDEF_H 1
| #define HAVE_STDLIB_H 1
| #define HAVE_STRINGS_H 1
| #define HAVE_STRING_H 1
| #define HAVE_SYS_FILE_H 1
| #define HAVE_UNISTD_H 1
| /* end confdefs.h.  */
| #include <sys/types.h>
| 		#include <sys/param.h>
| 
| int
| main ()
| {
| #if BYTE_ORDER != BIG_ENDIAN
| 		 not big endian
| 		#endif
| 
|   ;
|   return 0;
| }
configure:5301: result: no
configure:5319: checking for an ANSI C-conforming const
configure:5384: i686-linux-gnu-gcc -c   conftest.c >&5
configure:5384: $? = 0
configure:5391: result: yes
configure:5399: checking for inline
configure:5415: i686-linux-gnu-gcc -c   conftest.c >&5
configure:5415: $? = 0
configure:5423: result: inline
configure:5441: checking for obstacks
configure:5462: i686-linux-gnu-gcc -o conftest     conftest.c  >&5
configure:5462: $? = 0
configure:5470: result: yes
configure:5485: checking for off_t
configure:5485: i686-linux-gnu-gcc -c   conftest.c >&5
configure:5485: $? = 0
configure:5485: i686-linux-gnu-gcc -c   conftest.c >&5
conftest.c: In function 'main':
conftest.c:73:20: error: expected expression before ')' token
 if (sizeof ((off_t)))
                    ^
configure:5485: $? = 1
configure: failed program was:
| /* confdefs.h */
| #define PACKAGE_NAME "cpplib"
| #define PACKAGE_TARNAME "cpplib"
| #define PACKAGE_VERSION " "
| #define PACKAGE_STRING "cpplib  "
| #define PACKAGE_BUGREPORT "gcc-bugs@gcc.gnu.org"
| #define PACKAGE_URL ""
| #define STDC_HEADERS 1
| #define HAVE_SYS_TYPES_H 1
| #define HAVE_SYS_STAT_H 1
| #define HAVE_STDLIB_H 1
| #define HAVE_STRING_H 1
| #define HAVE_MEMORY_H 1
| #define HAVE_STRINGS_H 1
| #define HAVE_INTTYPES_H 1
| #define HAVE_STDINT_H 1
| #define HAVE_UNISTD_H 1
| #define __EXTENSIONS__ 1
| #define _ALL_SOURCE 1
| #define _GNU_SOURCE 1
| #define _POSIX_PTHREAD_SEMANTICS 1
| #define _TANDEM_SOURCE 1
| #define _FILE_OFFSET_BITS 64
| #define TIME_WITH_SYS_TIME 1
| #define STRING_WITH_STRINGS 1
| #define HAVE_LOCALE_H 1
| #define HAVE_FCNTL_H 1
| #define HAVE_LIMITS_H 1
| #define HAVE_STDDEF_H 1
| #define HAVE_STDLIB_H 1
| #define HAVE_STRINGS_H 1
| #define HAVE_STRING_H 1
| #define HAVE_SYS_FILE_H 1
| #define HAVE_UNISTD_H 1
| #define HAVE_OBSTACK 1
| /* end confdefs.h.  */
| #include <stdio.h>
| #ifdef HAVE_SYS_TYPES_H
| # include <sys/types.h>
| #endif
| #ifdef HAVE_SYS_STAT_H
| # include <sys/stat.h>
| #endif
| #ifdef STDC_HEADERS
| # include <stdlib.h>
| # include <stddef.h>
| #else
| # ifdef HAVE_STDLIB_H
| #  include <stdlib.h>
| # endif
| #endif
| #ifdef HAVE_STRING_H
| # if !defined STDC_HEADERS && defined HAVE_MEMORY_H
| #  include <memory.h>
| # endif
| # include <string.h>
| #endif
| #ifdef HAVE_STRINGS_H
| # include <strings.h>
| #endif
| #ifdef HAVE_INTTYPES_H
| # include <inttypes.h>
| #endif
| #ifdef HAVE_STDINT_H
| # include <stdint.h>
| #endif
| #ifdef HAVE_UNISTD_H
| # include <unistd.h>
| #endif
| int
| main ()
| {
| if (sizeof ((off_t)))
| 	    return 0;
|   ;
|   return 0;
| }
configure:5485: result: yes
configure:5496: checking for size_t
configure:5496: i686-linux-gnu-gcc -c   conftest.c >&5
configure:5496: $? = 0
configure:5496: i686-linux-gnu-gcc -c   conftest.c >&5
conftest.c: In function 'main':
conftest.c:73:21: error: expected expression before ')' token
 if (sizeof ((size_t)))
                     ^
configure:5496: $? = 1
configure: failed program was:
| /* confdefs.h */
| #define PACKAGE_NAME "cpplib"
| #define PACKAGE_TARNAME "cpplib"
| #define PACKAGE_VERSION " "
| #define PACKAGE_STRING "cpplib  "
| #define PACKAGE_BUGREPORT "gcc-bugs@gcc.gnu.org"
| #define PACKAGE_URL ""
| #define STDC_HEADERS 1
| #define HAVE_SYS_TYPES_H 1
| #define HAVE_SYS_STAT_H 1
| #define HAVE_STDLIB_H 1
| #define HAVE_STRING_H 1
| #define HAVE_MEMORY_H 1
| #define HAVE_STRINGS_H 1
| #define HAVE_INTTYPES_H 1
| #define HAVE_STDINT_H 1
| #define HAVE_UNISTD_H 1
| #define __EXTENSIONS__ 1
| #define _ALL_SOURCE 1
| #define _GNU_SOURCE 1
| #define _POSIX_PTHREAD_SEMANTICS 1
| #define _TANDEM_SOURCE 1
| #define _FILE_OFFSET_BITS 64
| #define TIME_WITH_SYS_TIME 1
| #define STRING_WITH_STRINGS 1
| #define HAVE_LOCALE_H 1
| #define HAVE_FCNTL_H 1
| #define HAVE_LIMITS_H 1
| #define HAVE_STDDEF_H 1
| #define HAVE_STDLIB_H 1
| #define HAVE_STRINGS_H 1
| #define HAVE_STRING_H 1
| #define HAVE_SYS_FILE_H 1
| #define HAVE_UNISTD_H 1
| #define HAVE_OBSTACK 1
| /* end confdefs.h.  */
| #include <stdio.h>
| #ifdef HAVE_SYS_TYPES_H
| # include <sys/types.h>
| #endif
| #ifdef HAVE_SYS_STAT_H
| # include <sys/stat.h>
| #endif
| #ifdef STDC_HEADERS
| # include <stdlib.h>
| # include <stddef.h>
| #else
| # ifdef HAVE_STDLIB_H
| #  include <stdlib.h>
| # endif
| #endif
| #ifdef HAVE_STRING_H
| # if !defined STDC_HEADERS && defined HAVE_MEMORY_H
| #  include <memory.h>
| # endif
| # include <string.h>
| #endif
| #ifdef HAVE_STRINGS_H
| # include <strings.h>
| #endif
| #ifdef HAVE_INTTYPES_H
| # include <inttypes.h>
| #endif
| #ifdef HAVE_STDINT_H
| # include <stdint.h>
| #endif
| #ifdef HAVE_UNISTD_H
| # include <unistd.h>
| #endif
| int
| main ()
| {
| if (sizeof ((size_t)))
| 	    return 0;
|   ;
|   return 0;
| }
configure:5496: result: yes
configure:5507: checking for ssize_t
configure:5507: i686-linux-gnu-gcc -c   conftest.c >&5
configure:5507: $? = 0
configure:5507: i686-linux-gnu-gcc -c   conftest.c >&5
conftest.c: In function 'main':
conftest.c:73:22: error: expected expression before ')' token
 if (sizeof ((ssize_t)))
                      ^
configure:5507: $? = 1
configure: failed program was:
| /* confdefs.h */
| #define PACKAGE_NAME "cpplib"
| #define PACKAGE_TARNAME "cpplib"
| #define PACKAGE_VERSION " "
| #define PACKAGE_STRING "cpplib  "
| #define PACKAGE_BUGREPORT "gcc-bugs@gcc.gnu.org"
| #define PACKAGE_URL ""
| #define STDC_HEADERS 1
| #define HAVE_SYS_TYPES_H 1
| #define HAVE_SYS_STAT_H 1
| #define HAVE_STDLIB_H 1
| #define HAVE_STRING_H 1
| #define HAVE_MEMORY_H 1
| #define HAVE_STRINGS_H 1
| #define HAVE_INTTYPES_H 1
| #define HAVE_STDINT_H 1
| #define HAVE_UNISTD_H 1
| #define __EXTENSIONS__ 1
| #define _ALL_SOURCE 1
| #define _GNU_SOURCE 1
| #define _POSIX_PTHREAD_SEMANTICS 1
| #define _TANDEM_SOURCE 1
| #define _FILE_OFFSET_BITS 64
| #define TIME_WITH_SYS_TIME 1
| #define STRING_WITH_STRINGS 1
| #define HAVE_LOCALE_H 1
| #define HAVE_FCNTL_H 1
| #define HAVE_LIMITS_H 1
| #define HAVE_STDDEF_H 1
| #define HAVE_STDLIB_H 1
| #define HAVE_STRINGS_H 1
| #define HAVE_STRING_H 1
| #define HAVE_SYS_FILE_H 1
| #define HAVE_UNISTD_H 1
| #define HAVE_OBSTACK 1
| /* end confdefs.h.  */
| #include <stdio.h>
| #ifdef HAVE_SYS_TYPES_H
| # include <sys/types.h>
| #endif
| #ifdef HAVE_SYS_STAT_H
| # include <sys/stat.h>
| #endif
| #ifdef STDC_HEADERS
| # include <stdlib.h>
| # include <stddef.h>
| #else
| # ifdef HAVE_STDLIB_H
| #  include <stdlib.h>
| # endif
| #endif
| #ifdef HAVE_STRING_H
| # if !defined STDC_HEADERS && defined HAVE_MEMORY_H
| #  include <memory.h>
| # endif
| # include <string.h>
| #endif
| #ifdef HAVE_STRINGS_H
| # include <strings.h>
| #endif
| #ifdef HAVE_INTTYPES_H
| # include <inttypes.h>
| #endif
| #ifdef HAVE_STDINT_H
| # include <stdint.h>
| #endif
| #ifdef HAVE_UNISTD_H
| # include <unistd.h>
| #endif
| int
| main ()
| {
| if (sizeof ((ssize_t)))
| 	    return 0;
|   ;
|   return 0;
| }
configure:5507: result: yes
configure:5519: checking for uintptr_t
configure:5519: i686-linux-gnu-gcc -c   conftest.c >&5
configure:5519: $? = 0
configure:5519: i686-linux-gnu-gcc -c   conftest.c >&5
conftest.c: In function 'main':
conftest.c:73:24: error: expected expression before ')' token
 if (sizeof ((uintptr_t)))
                        ^
configure:5519: $? = 1
configure: failed program was:
| /* confdefs.h */
| #define PACKAGE_NAME "cpplib"
| #define PACKAGE_TARNAME "cpplib"
| #define PACKAGE_VERSION " "
| #define PACKAGE_STRING "cpplib  "
| #define PACKAGE_BUGREPORT "gcc-bugs@gcc.gnu.org"
| #define PACKAGE_URL ""
| #define STDC_HEADERS 1
| #define HAVE_SYS_TYPES_H 1
| #define HAVE_SYS_STAT_H 1
| #define HAVE_STDLIB_H 1
| #define HAVE_STRING_H 1
| #define HAVE_MEMORY_H 1
| #define HAVE_STRINGS_H 1
| #define HAVE_INTTYPES_H 1
| #define HAVE_STDINT_H 1
| #define HAVE_UNISTD_H 1
| #define __EXTENSIONS__ 1
| #define _ALL_SOURCE 1
| #define _GNU_SOURCE 1
| #define _POSIX_PTHREAD_SEMANTICS 1
| #define _TANDEM_SOURCE 1
| #define _FILE_OFFSET_BITS 64
| #define TIME_WITH_SYS_TIME 1
| #define STRING_WITH_STRINGS 1
| #define HAVE_LOCALE_H 1
| #define HAVE_FCNTL_H 1
| #define HAVE_LIMITS_H 1
| #define HAVE_STDDEF_H 1
| #define HAVE_STDLIB_H 1
| #define HAVE_STRINGS_H 1
| #define HAVE_STRING_H 1
| #define HAVE_SYS_FILE_H 1
| #define HAVE_UNISTD_H 1
| #define HAVE_OBSTACK 1
| /* end confdefs.h.  */
| #include <stdio.h>
| #ifdef HAVE_SYS_TYPES_H
| # include <sys/types.h>
| #endif
| #ifdef HAVE_SYS_STAT_H
| # include <sys/stat.h>
| #endif
| #ifdef STDC_HEADERS
| # include <stdlib.h>
| # include <stddef.h>
| #else
| # ifdef HAVE_STDLIB_H
| #  include <stdlib.h>
| # endif
| #endif
| #ifdef HAVE_STRING_H
| # if !defined STDC_HEADERS && defined HAVE_MEMORY_H
| #  include <memory.h>
| # endif
| # include <string.h>
| #endif
| #ifdef HAVE_STRINGS_H
| # include <strings.h>
| #endif
| #ifdef HAVE_INTTYPES_H
| # include <inttypes.h>
| #endif
| #ifdef HAVE_STDINT_H
| # include <stdint.h>
| #endif
| #ifdef HAVE_UNISTD_H
| # include <unistd.h>
| #endif
| int
| main ()
| {
| if (sizeof ((uintptr_t)))
| 	    return 0;
|   ;
|   return 0;
| }
configure:5519: result: yes
configure:5554: checking for ptrdiff_t
configure:5554: i686-linux-gnu-gcc -c   conftest.c >&5
configure:5554: $? = 0
configure:5554: i686-linux-gnu-gcc -c   conftest.c >&5
conftest.c: In function 'main':
conftest.c:74:24: error: expected expression before ')' token
 if (sizeof ((ptrdiff_t)))
                        ^
configure:5554: $? = 1
configure: failed program was:
| /* confdefs.h */
| #define PACKAGE_NAME "cpplib"
| #define PACKAGE_TARNAME "cpplib"
| #define PACKAGE_VERSION " "
| #define PACKAGE_STRING "cpplib  "
| #define PACKAGE_BUGREPORT "gcc-bugs@gcc.gnu.org"
| #define PACKAGE_URL ""
| #define STDC_HEADERS 1
| #define HAVE_SYS_TYPES_H 1
| #define HAVE_SYS_STAT_H 1
| #define HAVE_STDLIB_H 1
| #define HAVE_STRING_H 1
| #define HAVE_MEMORY_H 1
| #define HAVE_STRINGS_H 1
| #define HAVE_INTTYPES_H 1
| #define HAVE_STDINT_H 1
| #define HAVE_UNISTD_H 1
| #define __EXTENSIONS__ 1
| #define _ALL_SOURCE 1
| #define _GNU_SOURCE 1
| #define _POSIX_PTHREAD_SEMANTICS 1
| #define _TANDEM_SOURCE 1
| #define _FILE_OFFSET_BITS 64
| #define TIME_WITH_SYS_TIME 1
| #define STRING_WITH_STRINGS 1
| #define HAVE_LOCALE_H 1
| #define HAVE_FCNTL_H 1
| #define HAVE_LIMITS_H 1
| #define HAVE_STDDEF_H 1
| #define HAVE_STDLIB_H 1
| #define HAVE_STRINGS_H 1
| #define HAVE_STRING_H 1
| #define HAVE_SYS_FILE_H 1
| #define HAVE_UNISTD_H 1
| #define HAVE_OBSTACK 1
| #define HAVE_UINTPTR_T 1
| /* end confdefs.h.  */
| #include <stdio.h>
| #ifdef HAVE_SYS_TYPES_H
| # include <sys/types.h>
| #endif
| #ifdef HAVE_SYS_STAT_H
| # include <sys/stat.h>
| #endif
| #ifdef STDC_HEADERS
| # include <stdlib.h>
| # include <stddef.h>
| #else
| # ifdef HAVE_STDLIB_H
| #  include <stdlib.h>
| # endif
| #endif
| #ifdef HAVE_STRING_H
| # if !defined STDC_HEADERS && defined HAVE_MEMORY_H
| #  include <memory.h>
| # endif
| # include <string.h>
| #endif
| #ifdef HAVE_STRINGS_H
| # include <strings.h>
| #endif
| #ifdef HAVE_INTTYPES_H
| # include <inttypes.h>
| #endif
| #ifdef HAVE_STDINT_H
| # include <stdint.h>
| #endif
| #ifdef HAVE_UNISTD_H
| # include <unistd.h>
| #endif
| int
| main ()
| {
| if (sizeof ((ptrdiff_t)))
| 	    return 0;
|   ;
|   return 0;
| }
configure:5554: result: yes
configure:5565: checking whether struct tm is in sys/time.h or time.h
configure:5585: i686-linux-gnu-gcc -c   conftest.c >&5
configure:5585: $? = 0
configure:5592: result: time.h
configure:5604: checking size of int
configure:5609: i686-linux-gnu-gcc -o conftest     conftest.c  >&5
configure:5609: $? = 0
configure:5609: ./conftest
configure:5609: $? = 0
configure:5624: result: 4
configure:5638: checking size of long
configure:5643: i686-linux-gnu-gcc -o conftest     conftest.c  >&5
configure:5643: $? = 0
configure:5643: ./conftest
configure:5643: $? = 0
configure:5658: result: 4
configure:5672: checking for clearerr_unlocked
configure:5672: i686-linux-gnu-gcc -o conftest     conftest.c  >&5
configure:5672: $? = 0
configure:5672: result: yes
configure:5672: checking for feof_unlocked
configure:5672: i686-linux-gnu-gcc -o conftest     conftest.c  >&5
configure:5672: $? = 0
configure:5672: result: yes
configure:5672: checking for ferror_unlocked
configure:5672: i686-linux-gnu-gcc -o conftest     conftest.c  >&5
configure:5672: $? = 0
configure:5672: result: yes
configure:5672: checking for fflush_unlocked
configure:5672: i686-linux-gnu-gcc -o conftest     conftest.c  >&5
configure:5672: $? = 0
configure:5672: result: yes
configure:5672: checking for fgetc_unlocked
configure:5672: i686-linux-gnu-gcc -o conftest     conftest.c  >&5
configure:5672: $? = 0
configure:5672: result: yes
configure:5672: checking for fgets_unlocked
configure:5672: i686-linux-gnu-gcc -o conftest     conftest.c  >&5
configure:5672: $? = 0
configure:5672: result: yes
configure:5672: checking for fileno_unlocked
configure:5672: i686-linux-gnu-gcc -o conftest     conftest.c  >&5
configure:5672: $? = 0
configure:5672: result: yes
configure:5672: checking for fprintf_unlocked
configure:5672: i686-linux-gnu-gcc -o conftest     conftest.c  >&5
conftest.c:70:6: warning: conflicting types for built-in function 'fprintf_unlocked' [enabled by default]
 char fprintf_unlocked ();
      ^
/tmp/ccQdKUUK.o: In function `main':
conftest.c:(.text+0x7): undefined reference to `fprintf_unlocked'
collect2: error: ld returned 1 exit status
configure:5672: $? = 1
configure: failed program was:
| /* confdefs.h */
| #define PACKAGE_NAME "cpplib"
| #define PACKAGE_TARNAME "cpplib"
| #define PACKAGE_VERSION " "
| #define PACKAGE_STRING "cpplib  "
| #define PACKAGE_BUGREPORT "gcc-bugs@gcc.gnu.org"
| #define PACKAGE_URL ""
| #define STDC_HEADERS 1
| #define HAVE_SYS_TYPES_H 1
| #define HAVE_SYS_STAT_H 1
| #define HAVE_STDLIB_H 1
| #define HAVE_STRING_H 1
| #define HAVE_MEMORY_H 1
| #define HAVE_STRINGS_H 1
| #define HAVE_INTTYPES_H 1
| #define HAVE_STDINT_H 1
| #define HAVE_UNISTD_H 1
| #define __EXTENSIONS__ 1
| #define _ALL_SOURCE 1
| #define _GNU_SOURCE 1
| #define _POSIX_PTHREAD_SEMANTICS 1
| #define _TANDEM_SOURCE 1
| #define _FILE_OFFSET_BITS 64
| #define TIME_WITH_SYS_TIME 1
| #define STRING_WITH_STRINGS 1
| #define HAVE_LOCALE_H 1
| #define HAVE_FCNTL_H 1
| #define HAVE_LIMITS_H 1
| #define HAVE_STDDEF_H 1
| #define HAVE_STDLIB_H 1
| #define HAVE_STRINGS_H 1
| #define HAVE_STRING_H 1
| #define HAVE_SYS_FILE_H 1
| #define HAVE_UNISTD_H 1
| #define HAVE_OBSTACK 1
| #define HAVE_UINTPTR_T 1
| #define SIZEOF_INT 4
| #define SIZEOF_LONG 4
| #define HAVE_CLEARERR_UNLOCKED 1
| #define HAVE_FEOF_UNLOCKED 1
| #define HAVE_FERROR_UNLOCKED 1
| #define HAVE_FFLUSH_UNLOCKED 1
| #define HAVE_FGETC_UNLOCKED 1
| #define HAVE_FGETS_UNLOCKED 1
| #define HAVE_FILENO_UNLOCKED 1
| /* end confdefs.h.  */
| /* Define fprintf_unlocked to an innocuous variant, in case <limits.h> declares fprintf_unlocked.
|    For example, HP-UX 11i <limits.h> declares gettimeofday.  */
| #define fprintf_unlocked innocuous_fprintf_unlocked
| 
| /* System header to define __stub macros and hopefully few prototypes,
|     which can conflict with char fprintf_unlocked (); below.
|     Prefer <limits.h> to <assert.h> if __STDC__ is defined, since
|     <limits.h> exists even on freestanding compilers.  */
| 
| #ifdef __STDC__
| # include <limits.h>
| #else
| # include <assert.h>
| #endif
| 
| #undef fprintf_unlocked
| 
| /* Override any GCC internal prototype to avoid an error.
|    Use char because int might match the return type of a GCC
|    builtin and then its argument prototype would still apply.  */
| #ifdef __cplusplus
| extern "C"
| #endif
| char fprintf_unlocked ();
| /* The GNU C library defines this for functions which it implements
|     to always fail with ENOSYS.  Some functions are actually named
|     something starting with __ and the normal name is an alias.  */
| #if defined __stub_fprintf_unlocked || defined __stub___fprintf_unlocked
| choke me
| #endif
| 
| int
| main ()
| {
| return fprintf_unlocked ();
|   ;
|   return 0;
| }
configure:5672: result: no
configure:5672: checking for fputc_unlocked
configure:5672: i686-linux-gnu-gcc -o conftest     conftest.c  >&5
conftest.c:70:6: warning: conflicting types for built-in function 'fputc_unlocked' [enabled by default]
 char fputc_unlocked ();
      ^
configure:5672: $? = 0
configure:5672: result: yes
configure:5672: checking for fputs_unlocked
configure:5672: i686-linux-gnu-gcc -o conftest     conftest.c  >&5
conftest.c:71:6: warning: conflicting types for built-in function 'fputs_unlocked' [enabled by default]
 char fputs_unlocked ();
      ^
configure:5672: $? = 0
configure:5672: result: yes
configure:5672: checking for fread_unlocked
configure:5672: i686-linux-gnu-gcc -o conftest     conftest.c  >&5
configure:5672: $? = 0
configure:5672: result: yes
configure:5672: checking for fwrite_unlocked
configure:5672: i686-linux-gnu-gcc -o conftest     conftest.c  >&5
conftest.c:73:6: warning: conflicting types for built-in function 'fwrite_unlocked' [enabled by default]
 char fwrite_unlocked ();
      ^
configure:5672: $? = 0
configure:5672: result: yes
configure:5672: checking for getchar_unlocked
configure:5672: i686-linux-gnu-gcc -o conftest     conftest.c  >&5
configure:5672: $? = 0
configure:5672: result: yes
configure:5672: checking for getc_unlocked
configure:5672: i686-linux-gnu-gcc -o conftest     conftest.c  >&5
configure:5672: $? = 0
configure:5672: result: yes
configure:5672: checking for putchar_unlocked
configure:5672: i686-linux-gnu-gcc -o conftest     conftest.c  >&5
conftest.c:76:6: warning: conflicting types for built-in function 'putchar_unlocked' [enabled by default]
 char putchar_unlocked ();
      ^
configure:5672: $? = 0
configure:5672: result: yes
configure:5672: checking for putc_unlocked
configure:5672: i686-linux-gnu-gcc -o conftest     conftest.c  >&5
conftest.c:77:6: warning: conflicting types for built-in function 'putc_unlocked' [enabled by default]
 char putc_unlocked ();
      ^
configure:5672: $? = 0
configure:5672: result: yes
configure:5682: checking whether abort is declared
configure:5682: i686-linux-gnu-gcc -c   conftest.c >&5
configure:5682: $? = 0
configure:5682: result: yes
configure:5692: checking whether asprintf is declared
configure:5692: i686-linux-gnu-gcc -c   conftest.c >&5
configure:5692: $? = 0
configure:5692: result: yes
configure:5702: checking whether basename is declared
configure:5702: i686-linux-gnu-gcc -c   conftest.c >&5
configure:5702: $? = 0
configure:5702: result: yes
configure:5712: checking whether errno is declared
configure:5712: i686-linux-gnu-gcc -c   conftest.c >&5
conftest.c: In function 'main':
conftest.c:98:10: error: 'errno' undeclared (first use in this function)
   (void) errno;
          ^
conftest.c:98:10: note: each undeclared identifier is reported only once for each function it appears in
configure:5712: $? = 1
configure: failed program was:
| /* confdefs.h */
| #define PACKAGE_NAME "cpplib"
| #define PACKAGE_TARNAME "cpplib"
| #define PACKAGE_VERSION " "
| #define PACKAGE_STRING "cpplib  "
| #define PACKAGE_BUGREPORT "gcc-bugs@gcc.gnu.org"
| #define PACKAGE_URL ""
| #define STDC_HEADERS 1
| #define HAVE_SYS_TYPES_H 1
| #define HAVE_SYS_STAT_H 1
| #define HAVE_STDLIB_H 1
| #define HAVE_STRING_H 1
| #define HAVE_MEMORY_H 1
| #define HAVE_STRINGS_H 1
| #define HAVE_INTTYPES_H 1
| #define HAVE_STDINT_H 1
| #define HAVE_UNISTD_H 1
| #define __EXTENSIONS__ 1
| #define _ALL_SOURCE 1
| #define _GNU_SOURCE 1
| #define _POSIX_PTHREAD_SEMANTICS 1
| #define _TANDEM_SOURCE 1
| #define _FILE_OFFSET_BITS 64
| #define TIME_WITH_SYS_TIME 1
| #define STRING_WITH_STRINGS 1
| #define HAVE_LOCALE_H 1
| #define HAVE_FCNTL_H 1
| #define HAVE_LIMITS_H 1
| #define HAVE_STDDEF_H 1
| #define HAVE_STDLIB_H 1
| #define HAVE_STRINGS_H 1
| #define HAVE_STRING_H 1
| #define HAVE_SYS_FILE_H 1
| #define HAVE_UNISTD_H 1
| #define HAVE_OBSTACK 1
| #define HAVE_UINTPTR_T 1
| #define SIZEOF_INT 4
| #define SIZEOF_LONG 4
| #define HAVE_CLEARERR_UNLOCKED 1
| #define HAVE_FEOF_UNLOCKED 1
| #define HAVE_FERROR_UNLOCKED 1
| #define HAVE_FFLUSH_UNLOCKED 1
| #define HAVE_FGETC_UNLOCKED 1
| #define HAVE_FGETS_UNLOCKED 1
| #define HAVE_FILENO_UNLOCKED 1
| #define HAVE_FPUTC_UNLOCKED 1
| #define HAVE_FPUTS_UNLOCKED 1
| #define HAVE_FREAD_UNLOCKED 1
| #define HAVE_FWRITE_UNLOCKED 1
| #define HAVE_GETCHAR_UNLOCKED 1
| #define HAVE_GETC_UNLOCKED 1
| #define HAVE_PUTCHAR_UNLOCKED 1
| #define HAVE_PUTC_UNLOCKED 1
| #define HAVE_DECL_ABORT 1
| #define HAVE_DECL_ASPRINTF 1
| #define HAVE_DECL_BASENAME 1
| /* end confdefs.h.  */
| #include <stdio.h>
| #ifdef HAVE_SYS_TYPES_H
| # include <sys/types.h>
| #endif
| #ifdef HAVE_SYS_STAT_H
| # include <sys/stat.h>
| #endif
| #ifdef STDC_HEADERS
| # include <stdlib.h>
| # include <stddef.h>
| #else
| # ifdef HAVE_STDLIB_H
| #  include <stdlib.h>
| # endif
| #endif
| #ifdef HAVE_STRING_H
| # if !defined STDC_HEADERS && defined HAVE_MEMORY_H
| #  include <memory.h>
| # endif
| # include <string.h>
| #endif
| #ifdef HAVE_STRINGS_H
| # include <strings.h>
| #endif
| #ifdef HAVE_INTTYPES_H
| # include <inttypes.h>
| #endif
| #ifdef HAVE_STDINT_H
| # include <stdint.h>
| #endif
| #ifdef HAVE_UNISTD_H
| # include <unistd.h>
| #endif
| int
| main ()
| {
| #ifndef errno
| #ifdef __cplusplus
|   (void) errno;
| #else
|   (void) errno;
| #endif
| #endif
| 
|   ;
|   return 0;
| }
configure:5712: result: no
configure:5722: checking whether getopt is declared
configure:5722: i686-linux-gnu-gcc -c   conftest.c >&5
configure:5722: $? = 0
configure:5722: result: yes
configure:5732: checking whether vasprintf is declared
configure:5732: i686-linux-gnu-gcc -c   conftest.c >&5
configure:5732: $? = 0
configure:5732: result: yes
configure:5743: checking whether clearerr_unlocked is declared
configure:5743: i686-linux-gnu-gcc -c   conftest.c >&5
configure:5743: $? = 0
configure:5743: result: yes
configure:5753: checking whether feof_unlocked is declared
configure:5753: i686-linux-gnu-gcc -c   conftest.c >&5
configure:5753: $? = 0
configure:5753: result: yes
configure:5763: checking whether ferror_unlocked is declared
configure:5763: i686-linux-gnu-gcc -c   conftest.c >&5
configure:5763: $? = 0
configure:5763: result: yes
configure:5773: checking whether fflush_unlocked is declared
configure:5773: i686-linux-gnu-gcc -c   conftest.c >&5
configure:5773: $? = 0
configure:5773: result: yes
configure:5783: checking whether fgetc_unlocked is declared
configure:5783: i686-linux-gnu-gcc -c   conftest.c >&5
configure:5783: $? = 0
configure:5783: result: yes
configure:5793: checking whether fgets_unlocked is declared
configure:5793: i686-linux-gnu-gcc -c   conftest.c >&5
configure:5793: $? = 0
configure:5793: result: yes
configure:5803: checking whether fileno_unlocked is declared
configure:5803: i686-linux-gnu-gcc -c   conftest.c >&5
configure:5803: $? = 0
configure:5803: result: yes
configure:5813: checking whether fprintf_unlocked is declared
configure:5813: i686-linux-gnu-gcc -c   conftest.c >&5
conftest.c: In function 'main':
conftest.c:108:10: error: 'fprintf_unlocked' undeclared (first use in this function)
   (void) fprintf_unlocked;
          ^
conftest.c:108:10: note: each undeclared identifier is reported only once for each function it appears in
configure:5813: $? = 1
configure: failed program was:
| /* confdefs.h */
| #define PACKAGE_NAME "cpplib"
| #define PACKAGE_TARNAME "cpplib"
| #define PACKAGE_VERSION " "
| #define PACKAGE_STRING "cpplib  "
| #define PACKAGE_BUGREPORT "gcc-bugs@gcc.gnu.org"
| #define PACKAGE_URL ""
| #define STDC_HEADERS 1
| #define HAVE_SYS_TYPES_H 1
| #define HAVE_SYS_STAT_H 1
| #define HAVE_STDLIB_H 1
| #define HAVE_STRING_H 1
| #define HAVE_MEMORY_H 1
| #define HAVE_STRINGS_H 1
| #define HAVE_INTTYPES_H 1
| #define HAVE_STDINT_H 1
| #define HAVE_UNISTD_H 1
| #define __EXTENSIONS__ 1
| #define _ALL_SOURCE 1
| #define _GNU_SOURCE 1
| #define _POSIX_PTHREAD_SEMANTICS 1
| #define _TANDEM_SOURCE 1
| #define _FILE_OFFSET_BITS 64
| #define TIME_WITH_SYS_TIME 1
| #define STRING_WITH_STRINGS 1
| #define HAVE_LOCALE_H 1
| #define HAVE_FCNTL_H 1
| #define HAVE_LIMITS_H 1
| #define HAVE_STDDEF_H 1
| #define HAVE_STDLIB_H 1
| #define HAVE_STRINGS_H 1
| #define HAVE_STRING_H 1
| #define HAVE_SYS_FILE_H 1
| #define HAVE_UNISTD_H 1
| #define HAVE_OBSTACK 1
| #define HAVE_UINTPTR_T 1
| #define SIZEOF_INT 4
| #define SIZEOF_LONG 4
| #define HAVE_CLEARERR_UNLOCKED 1
| #define HAVE_FEOF_UNLOCKED 1
| #define HAVE_FERROR_UNLOCKED 1
| #define HAVE_FFLUSH_UNLOCKED 1
| #define HAVE_FGETC_UNLOCKED 1
| #define HAVE_FGETS_UNLOCKED 1
| #define HAVE_FILENO_UNLOCKED 1
| #define HAVE_FPUTC_UNLOCKED 1
| #define HAVE_FPUTS_UNLOCKED 1
| #define HAVE_FREAD_UNLOCKED 1
| #define HAVE_FWRITE_UNLOCKED 1
| #define HAVE_GETCHAR_UNLOCKED 1
| #define HAVE_GETC_UNLOCKED 1
| #define HAVE_PUTCHAR_UNLOCKED 1
| #define HAVE_PUTC_UNLOCKED 1
| #define HAVE_DECL_ABORT 1
| #define HAVE_DECL_ASPRINTF 1
| #define HAVE_DECL_BASENAME 1
| #define HAVE_DECL_ERRNO 0
| #define HAVE_DECL_GETOPT 1
| #define HAVE_DECL_VASPRINTF 1
| #define HAVE_DECL_CLEARERR_UNLOCKED 1
| #define HAVE_DECL_FEOF_UNLOCKED 1
| #define HAVE_DECL_FERROR_UNLOCKED 1
| #define HAVE_DECL_FFLUSH_UNLOCKED 1
| #define HAVE_DECL_FGETC_UNLOCKED 1
| #define HAVE_DECL_FGETS_UNLOCKED 1
| #define HAVE_DECL_FILENO_UNLOCKED 1
| /* end confdefs.h.  */
| #include <stdio.h>
| #ifdef HAVE_SYS_TYPES_H
| # include <sys/types.h>
| #endif
| #ifdef HAVE_SYS_STAT_H
| # include <sys/stat.h>
| #endif
| #ifdef STDC_HEADERS
| # include <stdlib.h>
| # include <stddef.h>
| #else
| # ifdef HAVE_STDLIB_H
| #  include <stdlib.h>
| # endif
| #endif
| #ifdef HAVE_STRING_H
| # if !defined STDC_HEADERS && defined HAVE_MEMORY_H
| #  include <memory.h>
| # endif
| # include <string.h>
| #endif
| #ifdef HAVE_STRINGS_H
| # include <strings.h>
| #endif
| #ifdef HAVE_INTTYPES_H
| # include <inttypes.h>
| #endif
| #ifdef HAVE_STDINT_H
| # include <stdint.h>
| #endif
| #ifdef HAVE_UNISTD_H
| # include <unistd.h>
| #endif
| int
| main ()
| {
| #ifndef fprintf_unlocked
| #ifdef __cplusplus
|   (void) fprintf_unlocked;
| #else
|   (void) fprintf_unlocked;
| #endif
| #endif
| 
|   ;
|   return 0;
| }
configure:5813: result: no
configure:5823: checking whether fputc_unlocked is declared
configure:5823: i686-linux-gnu-gcc -c   conftest.c >&5
configure:5823: $? = 0
configure:5823: result: yes
configure:5833: checking whether fputs_unlocked is declared
configure:5833: i686-linux-gnu-gcc -c   conftest.c >&5
configure:5833: $? = 0
configure:5833: result: yes
configure:5843: checking whether fread_unlocked is declared
configure:5843: i686-linux-gnu-gcc -c   conftest.c >&5
configure:5843: $? = 0
configure:5843: result: yes
configure:5853: checking whether fwrite_unlocked is declared
configure:5853: i686-linux-gnu-gcc -c   conftest.c >&5
configure:5853: $? = 0
configure:5853: result: yes
configure:5863: checking whether getchar_unlocked is declared
configure:5863: i686-linux-gnu-gcc -c   conftest.c >&5
configure:5863: $? = 0
configure:5863: result: yes
configure:5873: checking whether getc_unlocked is declared
configure:5873: i686-linux-gnu-gcc -c   conftest.c >&5
configure:5873: $? = 0
configure:5873: result: yes
configure:5883: checking whether putchar_unlocked is declared
configure:5883: i686-linux-gnu-gcc -c   conftest.c >&5
configure:5883: $? = 0
configure:5883: result: yes
configure:5893: checking whether putc_unlocked is declared
configure:5893: i686-linux-gnu-gcc -c   conftest.c >&5
configure:5893: $? = 0
configure:5893: result: yes
configure:5908: checking for working alloca.h
configure:5925: i686-linux-gnu-gcc -o conftest     conftest.c  >&5
configure:5925: $? = 0
configure:5933: result: yes
configure:5941: checking for alloca
configure:5978: i686-linux-gnu-gcc -o conftest     conftest.c  >&5
configure:5978: $? = 0
configure:5986: result: yes
configure:6096: checking for ANSI C header files
configure:6200: result: yes
configure:6209: checking for nl_langinfo and CODESET
configure:6225: i686-linux-gnu-gcc -o conftest     conftest.c  >&5
configure:6225: $? = 0
configure:6234: result: yes
configure:6255: checking whether NLS is requested
configure:6258: result: no
configure:6313: checking for uchar
configure:6332: i686-linux-gnu-gcc -c   conftest.c >&5
conftest.c: In function 'main':
conftest.c:87:6: error: 'uchar' undeclared (first use in this function)
 if ((uchar *)0) return 0;
      ^
conftest.c:87:6: note: each undeclared identifier is reported only once for each function it appears in
conftest.c:87:13: error: expected expression before ')' token
 if ((uchar *)0) return 0;
             ^
configure:6332: $? = 1
configure: failed program was:
| /* confdefs.h */
| #define PACKAGE_NAME "cpplib"
| #define PACKAGE_TARNAME "cpplib"
| #define PACKAGE_VERSION " "
| #define PACKAGE_STRING "cpplib  "
| #define PACKAGE_BUGREPORT "gcc-bugs@gcc.gnu.org"
| #define PACKAGE_URL ""
| #define STDC_HEADERS 1
| #define HAVE_SYS_TYPES_H 1
| #define HAVE_SYS_STAT_H 1
| #define HAVE_STDLIB_H 1
| #define HAVE_STRING_H 1
| #define HAVE_MEMORY_H 1
| #define HAVE_STRINGS_H 1
| #define HAVE_INTTYPES_H 1
| #define HAVE_STDINT_H 1
| #define HAVE_UNISTD_H 1
| #define __EXTENSIONS__ 1
| #define _ALL_SOURCE 1
| #define _GNU_SOURCE 1
| #define _POSIX_PTHREAD_SEMANTICS 1
| #define _TANDEM_SOURCE 1
| #define _FILE_OFFSET_BITS 64
| #define TIME_WITH_SYS_TIME 1
| #define STRING_WITH_STRINGS 1
| #define HAVE_LOCALE_H 1
| #define HAVE_FCNTL_H 1
| #define HAVE_LIMITS_H 1
| #define HAVE_STDDEF_H 1
| #define HAVE_STDLIB_H 1
| #define HAVE_STRINGS_H 1
| #define HAVE_STRING_H 1
| #define HAVE_SYS_FILE_H 1
| #define HAVE_UNISTD_H 1
| #define HAVE_OBSTACK 1
| #define HAVE_UINTPTR_T 1
| #define SIZEOF_INT 4
| #define SIZEOF_LONG 4
| #define HAVE_CLEARERR_UNLOCKED 1
| #define HAVE_FEOF_UNLOCKED 1
| #define HAVE_FERROR_UNLOCKED 1
| #define HAVE_FFLUSH_UNLOCKED 1
| #define HAVE_FGETC_UNLOCKED 1
| #define HAVE_FGETS_UNLOCKED 1
| #define HAVE_FILENO_UNLOCKED 1
| #define HAVE_FPUTC_UNLOCKED 1
| #define HAVE_FPUTS_UNLOCKED 1
| #define HAVE_FREAD_UNLOCKED 1
| #define HAVE_FWRITE_UNLOCKED 1
| #define HAVE_GETCHAR_UNLOCKED 1
| #define HAVE_GETC_UNLOCKED 1
| #define HAVE_PUTCHAR_UNLOCKED 1
| #define HAVE_PUTC_UNLOCKED 1
| #define HAVE_DECL_ABORT 1
| #define HAVE_DECL_ASPRINTF 1
| #define HAVE_DECL_BASENAME 1
| #define HAVE_DECL_ERRNO 0
| #define HAVE_DECL_GETOPT 1
| #define HAVE_DECL_VASPRINTF 1
| #define HAVE_DECL_CLEARERR_UNLOCKED 1
| #define HAVE_DECL_FEOF_UNLOCKED 1
| #define HAVE_DECL_FERROR_UNLOCKED 1
| #define HAVE_DECL_FFLUSH_UNLOCKED 1
| #define HAVE_DECL_FGETC_UNLOCKED 1
| #define HAVE_DECL_FGETS_UNLOCKED 1
| #define HAVE_DECL_FILENO_UNLOCKED 1
| #define HAVE_DECL_FPRINTF_UNLOCKED 0
| #define HAVE_DECL_FPUTC_UNLOCKED 1
| #define HAVE_DECL_FPUTS_UNLOCKED 1
| #define HAVE_DECL_FREAD_UNLOCKED 1
| #define HAVE_DECL_FWRITE_UNLOCKED 1
| #define HAVE_DECL_GETCHAR_UNLOCKED 1
| #define HAVE_DECL_GETC_UNLOCKED 1
| #define HAVE_DECL_PUTCHAR_UNLOCKED 1
| #define HAVE_DECL_PUTC_UNLOCKED 1
| #define HAVE_ALLOCA_H 1
| #define HAVE_ALLOCA 1
| #define STDC_HEADERS 1
| #define HAVE_LANGINFO_CODESET 1
| /* end confdefs.h.  */
| 
| #include <sys/types.h>
| 
| int
| main ()
| {
| if ((uchar *)0) return 0;
|  if (sizeof(uchar)) return 0;
|   ;
|   return 0;
| }
configure:6339: result: 
configure:6387: checking for ld used by GCC
configure:6450: result: i686-linux-gnu-ld
configure:6457: checking if the linker (i686-linux-gnu-ld) is GNU ld
GNU ld (GNU Binutils for Ubuntu) 2.24
configure:6469: result: yes
configure:6475: checking for shared library run path origin
configure:6488: result: done
configure:6918: checking for iconv
configure:6940: i686-linux-gnu-gcc -o conftest     conftest.c  >&5
configure:6940: $? = 0
configure:6972: result: yes
configure:6993: checking for iconv declaration
configure:7022: i686-linux-gnu-gcc -c   conftest.c >&5
configure:7022: $? = 0
configure:7033: result: install-shextern size_t iconv (iconv_t cd, char * *inbuf, size_t *inbytesleft, char * *outbuf, size_t *outbytesleft);
configure:7224: updating cache ./config.cache
configure:7262: creating ./config.status

## ---------------------- ##
## Running config.status. ##
## ---------------------- ##

This file was extended by cpplib config.status  , which was
generated by GNU Autoconf 2.64.  Invocation command line was

  CONFIG_FILES    = 
  CONFIG_HEADERS  = 
  CONFIG_LINKS    = 
  CONFIG_COMMANDS = 
  $ ./config.status 

on ubuntu

config.status:924: creating Makefile
config.status:924: creating config.h
config.status:1097: executing depdir commands

## ---------------- ##
## Cache variables. ##
## ---------------- ##

ac_cv_build=i686-pc-linux-gnu
ac_cv_c_bigendian=no
ac_cv_c_compiler_gnu=yes
ac_cv_c_const=yes
ac_cv_c_inline=inline
ac_cv_cxx_compiler_gnu=yes
ac_cv_env_CCC_set=
ac_cv_env_CCC_value=
ac_cv_env_CC_set=set
ac_cv_env_CC_value=i686-linux-gnu-gcc
ac_cv_env_CFLAGS_set=set
ac_cv_env_CFLAGS_value=
ac_cv_env_CPPFLAGS_set=
ac_cv_env_CPPFLAGS_value=
ac_cv_env_CPP_set=
ac_cv_env_CPP_value=
ac_cv_env_CXXFLAGS_set=set
ac_cv_env_CXXFLAGS_value='-g -O2'
ac_cv_env_CXX_set=set
ac_cv_env_CXX_value=i686-linux-gnu-g++
ac_cv_env_LDFLAGS_set=set
ac_cv_env_LDFLAGS_value=' '
ac_cv_env_LIBS_set=
ac_cv_env_LIBS_value=
ac_cv_env_build_alias_set=set
ac_cv_env_build_alias_value=i686-linux-gnu
ac_cv_env_host_alias_set=set
ac_cv_env_host_alias_value=i686-linux-gnu
ac_cv_env_target_alias_set=set
ac_cv_env_target_alias_value=mips-openwrt-linux-uclibc
ac_cv_func_alloca_works=yes
ac_cv_func_clearerr_unlocked=yes
ac_cv_func_feof_unlocked=yes
ac_cv_func_ferror_unlocked=yes
ac_cv_func_fflush_unlocked=yes
ac_cv_func_fgetc_unlocked=yes
ac_cv_func_fgets_unlocked=yes
ac_cv_func_fileno_unlocked=yes
ac_cv_func_fprintf_unlocked=no
ac_cv_func_fputc_unlocked=yes
ac_cv_func_fputs_unlocked=yes
ac_cv_func_fread_unlocked=yes
ac_cv_func_fwrite_unlocked=yes
ac_cv_func_getc_unlocked=yes
ac_cv_func_getchar_unlocked=yes
ac_cv_func_obstack=yes
ac_cv_func_putc_unlocked=yes
ac_cv_func_putchar_unlocked=yes
ac_cv_have_decl_abort=yes
ac_cv_have_decl_asprintf=yes
ac_cv_have_decl_basename_char_p_=yes
ac_cv_have_decl_clearerr_unlocked=yes
ac_cv_have_decl_errno=no
ac_cv_have_decl_feof_unlocked=yes
ac_cv_have_decl_ferror_unlocked=yes
ac_cv_have_decl_fflush_unlocked=yes
ac_cv_have_decl_fgetc_unlocked=yes
ac_cv_have_decl_fgets_unlocked=yes
ac_cv_have_decl_fileno_unlocked=yes
ac_cv_have_decl_fprintf_unlocked=no
ac_cv_have_decl_fputc_unlocked=yes
ac_cv_have_decl_fputs_unlocked=yes
ac_cv_have_decl_fread_unlocked=yes
ac_cv_have_decl_fwrite_unlocked=yes
ac_cv_have_decl_getc_unlocked=yes
ac_cv_have_decl_getchar_unlocked=yes
ac_cv_have_decl_getopt=yes
ac_cv_have_decl_putc_unlocked=yes
ac_cv_have_decl_putchar_unlocked=yes
ac_cv_have_decl_vasprintf=yes
ac_cv_header_fcntl_h=yes
ac_cv_header_inttypes_h=yes
ac_cv_header_limits_h=yes
ac_cv_header_locale_h=yes
ac_cv_header_memory_h=yes
ac_cv_header_minix_config_h=no
ac_cv_header_stdc=yes
ac_cv_header_stddef_h=yes
ac_cv_header_stdint_h=yes
ac_cv_header_stdlib_h=yes
ac_cv_header_string_h=yes
ac_cv_header_strings_h=yes
ac_cv_header_sys_file_h=yes
ac_cv_header_sys_stat_h=yes
ac_cv_header_sys_types_h=yes
ac_cv_header_time=yes
ac_cv_header_unistd_h=yes
ac_cv_host=i686-pc-linux-gnu
ac_cv_objext=o
ac_cv_path_EGREP='/bin/grep -E'
ac_cv_path_GREP=/bin/grep
ac_cv_prog_ACLOCAL=aclocal
ac_cv_prog_AUTOCONF=autoconf
ac_cv_prog_AUTOHEADER=autoheader
ac_cv_prog_CC=i686-linux-gnu-gcc
ac_cv_prog_CPP='i686-linux-gnu-gcc -E'
ac_cv_prog_RANLIB=i686-linux-gnu-ranlib
ac_cv_prog_cc_c89=
ac_cv_prog_cc_g=yes
ac_cv_prog_cxx_g=yes
ac_cv_prog_make_make_set=yes
ac_cv_safe_to_define___extensions__=yes
ac_cv_sizeof_int=4
ac_cv_sizeof_long=4
ac_cv_struct_tm=time.h
ac_cv_sys_file_offset_bits=64
ac_cv_sys_largefile_CC=no
ac_cv_target=mips-openwrt-linux-uclibc
ac_cv_type_off_t=yes
ac_cv_type_ptrdiff_t=yes
ac_cv_type_size_t=yes
ac_cv_type_ssize_t=yes
ac_cv_type_uchar=no
ac_cv_type_uintptr_t=yes
ac_cv_working_alloca_h=yes
acl_cv_hardcode_direct=no
acl_cv_hardcode_libdir_flag_spec='${wl}-rpath ${wl}$libdir'
acl_cv_hardcode_libdir_separator=
acl_cv_hardcode_minus_L=no
acl_cv_libext=a
acl_cv_path_LD=i686-linux-gnu-ld
acl_cv_prog_gnu_ld=yes
acl_cv_rpath=done
acl_cv_shlibext=so
acl_cv_wl=-Wl,
acx_cv_prog_cc_pedantic__Wno_long_long=yes
acx_cv_prog_cc_warning__W=yes
acx_cv_prog_cc_warning__Wall=yes
acx_cv_prog_cc_warning__Wcpp_compat=yes
acx_cv_prog_cc_warning__Wmissing_format_attribute=yes
acx_cv_prog_cc_warning__Wmissing_prototypes=yes
acx_cv_prog_cc_warning__Wold_style_definition=yes
acx_cv_prog_cc_warning__Wstrict_prototypes=yes
acx_cv_prog_cc_warning__Wwrite_strings=yes
am_cv_CC_dependencies_compiler_type=gcc3
am_cv_func_iconv=yes
am_cv_langinfo_codeset=yes
am_cv_lib_iconv=no
am_cv_proto_iconv='extern size_t iconv (iconv_t cd, char * *inbuf, size_t *inbytesleft, char * *outbuf, size_t *outbytesleft);'
am_cv_proto_iconv_arg1=
gcc_cv_header_string=yes
glibcxx_cv_c99_math_tr1=no
libgcc_cv_fixed_point=no

## ----------------- ##
## Output variables. ##
## ----------------- ##

ACLOCAL='aclocal'
ALLOCA=''
AUTOCONF='autoconf'
AUTOHEADER='autoheader'
CATALOGS=''
CATOBJEXT=''
CC='i686-linux-gnu-gcc'
CCDEPMODE='depmode=gcc3'
CFLAGS=''
CPP='i686-linux-gnu-gcc -E'
CPPFLAGS=''
CXX='i686-linux-gnu-g++'
CXXDEPMODE=''
CXXFLAGS='-g -O2'
DATADIRNAME=''
DEFS='-DHAVE_CONFIG_H'
DEPDIR='.deps'
ECHO_C=''
ECHO_N='-n'
ECHO_T=''
EGREP='/bin/grep -E'
ENABLE_BUILD_WITH_CXX='no'
EXEEXT=''
GENCAT=''
GMSGFMT='/usr/bin/msgfmt'
GREP='/bin/grep'
INCINTL=''
INSTALL_DATA='/usr/bin/install -c -m 644'
INSTALL_PROGRAM='/usr/bin/install -c'
INSTALL_SCRIPT='/usr/bin/install -c'
INSTOBJEXT=''
LDFLAGS=' '
LIBICONV=''
LIBINTL=''
LIBINTL_DEP=''
LIBOBJS=''
LIBS=''
LTLIBICONV=''
LTLIBOBJS=''
MAINT='#'
OBJEXT='o'
PACKAGE='cpplib'
PACKAGE_BUGREPORT='gcc-bugs@gcc.gnu.org'
PACKAGE_NAME='cpplib'
PACKAGE_STRING='cpplib  '
PACKAGE_TARNAME='cpplib'
PACKAGE_URL=''
PACKAGE_VERSION=' '
PATH_SEPARATOR=':'
POSUB=''
RANLIB='i686-linux-gnu-ranlib'
SET_MAKE=''
SHELL='/bin/bash'
USED_CATALOGS=''
USE_NLS='no'
WARN_PEDANTIC='-pedantic -Wno-long-long'
WERROR=''
XGETTEXT='/usr/bin/xgettext'
ac_ct_CC=''
ac_ct_CXX=''
am__leading_dot='.'
bindir='${exec_prefix}/bin'
build='i686-pc-linux-gnu'
build_alias='i686-linux-gnu'
build_cpu='i686'
build_os='linux-gnu'
build_vendor='pc'
c_warn='-Wstrict-prototypes -Wmissing-prototypes -Wold-style-definition -Wc++-compat'
datadir='${datarootdir}'
datarootdir='${prefix}/share'
docdir='${datarootdir}/doc/${PACKAGE_TARNAME}'
dvidir='${docdir}'
exec_prefix='${prefix}'
host='i686-pc-linux-gnu'
host_alias='i686-linux-gnu'
host_cpu='i686'
host_os='linux-gnu'
host_vendor='pc'
htmldir='${docdir}'
includedir='${prefix}/include'
infodir='${datarootdir}/info'
libdir='${exec_prefix}/lib'
libexecdir='${exec_prefix}/libexec'
localedir='${datarootdir}/locale'
localstatedir='${prefix}/var'
mandir='${datarootdir}/man'
oldincludedir='/usr/include'
pdfdir='${docdir}'
prefix='/home/ubuntu/Archer_C7_V5/openwrt/staging_dir/toolchain-mips_r2_gcc-4.6-linaro_uClibc-0.9.33.2'
program_transform_name='s&^&mips-openwrt-linux-uclibc-&'
psdir='${docdir}'
sbindir='${exec_prefix}/sbin'
sharedstatedir='${prefix}/com'
sysconfdir='${prefix}/etc'
target='mips-openwrt-linux-uclibc'
target_alias='mips-openwrt-linux-uclibc'
target_cpu='mips'
target_os='linux-uclibc'
target_vendor='openwrt'
warn='-W -Wall -Wwrite-strings -Wmissing-format-attribute'

## ----------- ##
## confdefs.h. ##
## ----------- ##

/* confdefs.h */
#define PACKAGE_NAME "cpplib"
#define PACKAGE_TARNAME "cpplib"
#define PACKAGE_VERSION " "
#define PACKAGE_STRING "cpplib  "
#define PACKAGE_BUGREPORT "gcc-bugs@gcc.gnu.org"
#define PACKAGE_URL ""
#define STDC_HEADERS 1
#define HAVE_SYS_TYPES_H 1
#define HAVE_SYS_STAT_H 1
#define HAVE_STDLIB_H 1
#define HAVE_STRING_H 1
#define HAVE_MEMORY_H 1
#define HAVE_STRINGS_H 1
#define HAVE_INTTYPES_H 1
#define HAVE_STDINT_H 1
#define HAVE_UNISTD_H 1
#define __EXTENSIONS__ 1
#define _ALL_SOURCE 1
#define _GNU_SOURCE 1
#define _POSIX_PTHREAD_SEMANTICS 1
#define _TANDEM_SOURCE 1
#define _FILE_OFFSET_BITS 64
#define TIME_WITH_SYS_TIME 1
#define STRING_WITH_STRINGS 1
#define HAVE_LOCALE_H 1
#define HAVE_FCNTL_H 1
#define HAVE_LIMITS_H 1
#define HAVE_STDDEF_H 1
#define HAVE_STDLIB_H 1
#define HAVE_STRINGS_H 1
#define HAVE_STRING_H 1
#define HAVE_SYS_FILE_H 1
#define HAVE_UNISTD_H 1
#define HAVE_OBSTACK 1
#define HAVE_UINTPTR_T 1
#define SIZEOF_INT 4
#define SIZEOF_LONG 4
#define HAVE_CLEARERR_UNLOCKED 1
#define HAVE_FEOF_UNLOCKED 1
#define HAVE_FERROR_UNLOCKED 1
#define HAVE_FFLUSH_UNLOCKED 1
#define HAVE_FGETC_UNLOCKED 1
#define HAVE_FGETS_UNLOCKED 1
#define HAVE_FILENO_UNLOCKED 1
#define HAVE_FPUTC_UNLOCKED 1
#define HAVE_FPUTS_UNLOCKED 1
#define HAVE_FREAD_UNLOCKED 1
#define HAVE_FWRITE_UNLOCKED 1
#define HAVE_GETCHAR_UNLOCKED 1
#define HAVE_GETC_UNLOCKED 1
#define HAVE_PUTCHAR_UNLOCKED 1
#define HAVE_PUTC_UNLOCKED 1
#define HAVE_DECL_ABORT 1
#define HAVE_DECL_ASPRINTF 1
#define HAVE_DECL_BASENAME 1
#define HAVE_DECL_ERRNO 0
#define HAVE_DECL_GETOPT 1
#define HAVE_DECL_VASPRINTF 1
#define HAVE_DECL_CLEARERR_UNLOCKED 1
#define HAVE_DECL_FEOF_UNLOCKED 1
#define HAVE_DECL_FERROR_UNLOCKED 1
#define HAVE_DECL_FFLUSH_UNLOCKED 1
#define HAVE_DECL_FGETC_UNLOCKED 1
#define HAVE_DECL_FGETS_UNLOCKED 1
#define HAVE_DECL_FILENO_UNLOCKED 1
#define HAVE_DECL_FPRINTF_UNLOCKED 0
#define HAVE_DECL_FPUTC_UNLOCKED 1
#define HAVE_DECL_FPUTS_UNLOCKED 1
#define HAVE_DECL_FREAD_UNLOCKED 1
#define HAVE_DECL_FWRITE_UNLOCKED 1
#define HAVE_DECL_GETCHAR_UNLOCKED 1
#define HAVE_DECL_GETC_UNLOCKED 1
#define HAVE_DECL_PUTCHAR_UNLOCKED 1
#define HAVE_DECL_PUTC_UNLOCKED 1
#define HAVE_ALLOCA_H 1
#define HAVE_ALLOCA 1
#define STDC_HEADERS 1
#define HAVE_LANGINFO_CODESET 1
#define HAVE_ICONV 1
#define ICONV_CONST 
#define PACKAGE "cpplib"
#define HOST_WIDE_INT long long

configure: exit 0
