This file contains any messages produced by compilers while
running configure, to aid debugging if configure makes a mistake.

It was created by libnetfilter_conntrack configure 0.9.1, which was
generated by GNU Autoconf 2.68.  Invocation command line was

  $ ./configure --target=arm-openwrt-linux-uclibc --host=arm-openwrt-linux-uclibc --build=x86_64-linux-gnu --program-prefix= --program-suffix= --prefix=/usr --exec-prefix=/usr --bindir=/usr/bin --sbindir=/usr/sbin --libexecdir=/usr/lib --sysconfdir=/etc --datadir=/usr/share --localstatedir=/var --mandir=/usr/man --infodir=/usr/info --disable-nls --enable-static --enable-shared

## --------- ##
## Platform. ##
## --------- ##

hostname = ubuntu
uname -m = x86_64
uname -r = 4.4.0-148-generic
uname -s = Linux
uname -v = #174~14.04.1-Ubuntu SMP Thu May 9 08:17:37 UTC 2019

/usr/bin/uname -p = unknown
/bin/uname -X     = unknown

/bin/arch              = unknown
/usr/bin/arch -k       = unknown
/usr/convex/getsysinfo = unknown
/usr/bin/hostinfo      = unknown
/bin/machine           = unknown
/usr/bin/oslevel       = unknown
/bin/universe          = unknown

PATH: /home/ubuntu/tp-link/GPL_X5700_1/iplatform/staging_dir/target-arm-openwrt-linux-uclibc-/host/bin
PATH: /home/ubuntu/tp-link/GPL_X5700_1/iplatform/staging_dir/toolchain-arm-openwrt-linux-uclibc/bin
PATH: /home/ubuntu/tp-link/GPL_X5700_1/iplatform/staging_dir/host/bin
PATH: /home/ubuntu/tp-link/GPL_X5700_1/iplatform/staging_dir/toolchain-arm-openwrt-linux-uclibc/bin
PATH: /home/ubuntu/tp-link/GPL_X5700_1/iplatform/staging_dir/host/bin
PATH: /home/ubuntu/tp-link/GPL_X5700_1/iplatform/staging_dir/toolchain-arm-openwrt-linux-uclibc/bin
PATH: /home/ubuntu/tp-link/GPL_X5700_1/iplatform/staging_dir/host/bin
PATH: /usr/local/sbin
PATH: /usr/local/bin
PATH: /usr/sbin
PATH: /usr/bin
PATH: /sbin
PATH: /bin
PATH: /usr/games
PATH: /usr/local/games
PATH: /home/ubuntu/tp-link/GPL_X5700_1/iplatform/../bcm675x/toolchain/opt/toolchains/crosstools-arm-gcc-5.5-linux-4.1-glibc-2.26-binutils-2.28.1/usr/bin
PATH: /home/ubuntu/tp-link/GPL_X5700_1/iplatform/../bcm675x/toolchain/opt/toolchains/crosstools-aarch64-gcc-5.5-linux-4.1-glibc-2.26-binutils-2.28.1/usr/bin
PATH: /home/ubuntu/tp-link/GPL_X5700_1/iplatform/../bcm675x/toolchain/opt/toolchains/crosstools-arm-gcc-5.5-linux-4.1-glibc-2.26-binutils-2.28.1/usr/bin
PATH: /home/ubuntu/tp-link/GPL_X5700_1/iplatform/../bcm675x/toolchain/opt/toolchains/crosstools-aarch64-gcc-5.5-linux-4.1-glibc-2.26-binutils-2.28.1/usr/bin
PATH: /home/ubuntu/tp-link/GPL_X5700_1/iplatform/../bcm675x/toolchain/opt/toolchains/crosstools-arm-gcc-5.5-linux-4.1-glibc-2.26-binutils-2.28.1/usr/bin
PATH: /home/ubuntu/tp-link/GPL_X5700_1/iplatform/../bcm675x/toolchain/opt/toolchains/crosstools-aarch64-gcc-5.5-linux-4.1-glibc-2.26-binutils-2.28.1/usr/bin


## ----------- ##
## Core tests. ##
## ----------- ##

configure:2094: loading site script /home/ubuntu/tp-link/GPL_X5700_1/iplatform/include/site/arm-openwrt-linux-uclibc
| #!/bin/sh
| 
| . $TOPDIR/include/site/arm-linux
| . $TOPDIR/include/site/linux-uclibc
| 
configure:2223: checking build system type
configure:2237: result: x86_64-pc-linux-gnu
configure:2257: checking host system type
configure:2270: result: arm-openwrt-linux-uclibc
configure:2308: checking for a BSD-compatible install
configure:2376: result: /usr/bin/install -c
configure:2387: checking whether build environment is sane
configure:2437: result: yes
configure:2486: checking for arm-openwrt-linux-uclibc-strip
configure:2513: result: arm-buildroot-linux-gnueabi-strip
configure:2578: checking for a thread-safe mkdir -p
configure:2617: result: /bin/mkdir -p
configure:2630: checking for gawk
configure:2646: found /usr/bin/gawk
configure:2657: result: gawk
configure:2668: checking whether make sets $(MAKE)
configure:2690: result: yes
configure:2779: checking for arm-openwrt-linux-uclibc-gcc
configure:2806: result: arm-buildroot-linux-gnueabi-gcc
configure:3075: checking for C compiler version
configure:3084: arm-buildroot-linux-gnueabi-gcc --version >&5
arm-buildroot-linux-gnueabi-gcc.br_real (Buildroot 2017.11.1) 5.5.0
Copyright (C) 2015 Free Software Foundation, Inc.
This is free software; see the source for copying conditions.  There is NO
warranty; not even for MERCHANTABILITY or FITNESS FOR A PARTICULAR PURPOSE.

configure:3095: $? = 0
configure:3084: arm-buildroot-linux-gnueabi-gcc -v >&5
Using built-in specs.
COLLECT_GCC=/home/ubuntu/tp-link/GPL_X5700_1/bcm675x/toolchain/opt/toolchains/crosstools-arm-gcc-5.5-linux-4.1-glibc-2.26-binutils-2.28.1/bin/arm-buildroot-linux-gnueabi-gcc.br_real
COLLECT_LTO_WRAPPER=/home/ubuntu/tp-link/GPL_X5700_1/bcm675x/toolchain/opt/toolchains/crosstools-arm-gcc-5.5-linux-4.1-glibc-2.26-binutils-2.28.1/bin/../libexec/gcc/arm-buildroot-linux-gnueabi/5.5.0/lto-wrapper
Target: arm-buildroot-linux-gnueabi
Configured with: ./configure --prefix=/opt/toolchains/crosstools-arm-gcc-5.5-linux-4.1-glibc-2.26-binutils-2.28.1 --sysconfdir=/opt/toolchains/crosstools-arm-gcc-5.5-linux-4.1-glibc-2.26-binutils-2.28.1/etc --enable-static --target=arm-buildroot-linux-gnueabi --with-sysroot=/opt/toolchains/crosstools-arm-gcc-5.5-linux-4.1-glibc-2.26-binutils-2.28.1/arm-buildroot-linux-gnueabi/sysroot --disable-__cxa_atexit --with-gnu-ld --disable-libssp --disable-multilib --with-gmp=/opt/toolchains/crosstools-arm-gcc-5.5-linux-4.1-glibc-2.26-binutils-2.28.1 --with-mpc=/opt/toolchains/crosstools-arm-gcc-5.5-linux-4.1-glibc-2.26-binutils-2.28.1 --with-mpfr=/opt/toolchains/crosstools-arm-gcc-5.5-linux-4.1-glibc-2.26-binutils-2.28.1 --with-pkgversion='Buildroot 2017.11.1' --with-bugurl=http://bugs.buildroot.net/ --disable-libquadmath --enable-tls --disable-libmudflap --enable-threads --without-isl --without-cloog --with-float=soft --disable-decimal-float --with-abi=aapcs-linux --with-cpu=cortex-a9 --with-float=soft --with-mode=arm --enable-languages=c,c++ --with-build-time-tools=/opt/toolchains/crosstools-arm-gcc-5.5-linux-4.1-glibc-2.26-binutils-2.28.1/arm-buildroot-linux-gnueabi/bin --enable-shared --disable-libgomp
Thread model: posix
gcc version 5.5.0 (Buildroot 2017.11.1) 
configure:3095: $? = 0
configure:3084: arm-buildroot-linux-gnueabi-gcc -V >&5
arm-buildroot-linux-gnueabi-gcc.br_real: error: unrecognized command line option '-V'
arm-buildroot-linux-gnueabi-gcc.br_real: fatal error: no input files
compilation terminated.
configure:3095: $? = 1
configure:3084: arm-buildroot-linux-gnueabi-gcc -qversion >&5
arm-buildroot-linux-gnueabi-gcc.br_real: error: unrecognized command line option '-qversion'
arm-buildroot-linux-gnueabi-gcc.br_real: fatal error: no input files
compilation terminated.
configure:3095: $? = 1
configure:3115: checking whether the C compiler works
configure:3137: arm-buildroot-linux-gnueabi-gcc  -fpic  -I/home/ubuntu/tp-link/GPL_X5700_1/iplatform/staging_dir/target-arm-openwrt-linux-uclibc-/usr/include -I/home/ubuntu/tp-link/GPL_X5700_1/iplatform/staging_dir/target-arm-openwrt-linux-uclibc-/include -I/home/ubuntu/tp-link/GPL_X5700_1/iplatform/../bcm675x/toolchain/opt/toolchains/crosstools-arm-gcc-5.5-linux-4.1-glibc-2.26-binutils-2.28.1/usr/include  -L/home/ubuntu/tp-link/GPL_X5700_1/iplatform/staging_dir/target-arm-openwrt-linux-uclibc-/usr/lib -L/home/ubuntu/tp-link/GPL_X5700_1/iplatform/staging_dir/target-arm-openwrt-linux-uclibc-/lib -Wl,-rpath-link,/home/ubuntu/tp-link/GPL_X5700_1/iplatform/staging_dir/target-arm-openwrt-linux-uclibc-/usr/lib -L/home/ubuntu/tp-link/GPL_X5700_1/iplatform/../bcm675x/toolchain/opt/toolchains/crosstools-arm-gcc-5.5-linux-4.1-glibc-2.26-binutils-2.28.1/usr/lib -L/home/ubuntu/tp-link/GPL_X5700_1/iplatform/../bcm675x/toolchain/opt/toolchains/crosstools-arm-gcc-5.5-linux-4.1-glibc-2.26-binutils-2.28.1/lib  conftest.c  >&5
configure:3141: $? = 0
configure:3189: result: yes
configure:3192: checking for C compiler default output file name
configure:3194: result: a.out
configure:3200: checking for suffix of executables
configure:3207: arm-buildroot-linux-gnueabi-gcc -o conftest  -fpic  -I/home/ubuntu/tp-link/GPL_X5700_1/iplatform/staging_dir/target-arm-openwrt-linux-uclibc-/usr/include -I/home/ubuntu/tp-link/GPL_X5700_1/iplatform/staging_dir/target-arm-openwrt-linux-uclibc-/include -I/home/ubuntu/tp-link/GPL_X5700_1/iplatform/../bcm675x/toolchain/opt/toolchains/crosstools-arm-gcc-5.5-linux-4.1-glibc-2.26-binutils-2.28.1/usr/include  -L/home/ubuntu/tp-link/GPL_X5700_1/iplatform/staging_dir/target-arm-openwrt-linux-uclibc-/usr/lib -L/home/ubuntu/tp-link/GPL_X5700_1/iplatform/staging_dir/target-arm-openwrt-linux-uclibc-/lib -Wl,-rpath-link,/home/ubuntu/tp-link/GPL_X5700_1/iplatform/staging_dir/target-arm-openwrt-linux-uclibc-/usr/lib -L/home/ubuntu/tp-link/GPL_X5700_1/iplatform/../bcm675x/toolchain/opt/toolchains/crosstools-arm-gcc-5.5-linux-4.1-glibc-2.26-binutils-2.28.1/usr/lib -L/home/ubuntu/tp-link/GPL_X5700_1/iplatform/../bcm675x/toolchain/opt/toolchains/crosstools-arm-gcc-5.5-linux-4.1-glibc-2.26-binutils-2.28.1/lib  conftest.c  >&5
configure:3211: $? = 0
configure:3233: result: 
configure:3255: checking whether we are cross compiling
configure:3293: result: yes
configure:3298: checking for suffix of object files
configure:3320: arm-buildroot-linux-gnueabi-gcc -c  -fpic  -I/home/ubuntu/tp-link/GPL_X5700_1/iplatform/staging_dir/target-arm-openwrt-linux-uclibc-/usr/include -I/home/ubuntu/tp-link/GPL_X5700_1/iplatform/staging_dir/target-arm-openwrt-linux-uclibc-/include -I/home/ubuntu/tp-link/GPL_X5700_1/iplatform/../bcm675x/toolchain/opt/toolchains/crosstools-arm-gcc-5.5-linux-4.1-glibc-2.26-binutils-2.28.1/usr/include  conftest.c >&5
configure:3324: $? = 0
configure:3345: result: o
configure:3349: checking whether we are using the GNU C compiler
configure:3368: arm-buildroot-linux-gnueabi-gcc -c  -fpic  -I/home/ubuntu/tp-link/GPL_X5700_1/iplatform/staging_dir/target-arm-openwrt-linux-uclibc-/usr/include -I/home/ubuntu/tp-link/GPL_X5700_1/iplatform/staging_dir/target-arm-openwrt-linux-uclibc-/include -I/home/ubuntu/tp-link/GPL_X5700_1/iplatform/../bcm675x/toolchain/opt/toolchains/crosstools-arm-gcc-5.5-linux-4.1-glibc-2.26-binutils-2.28.1/usr/include  conftest.c >&5
configure:3368: $? = 0
configure:3377: result: yes
configure:3386: checking whether arm-buildroot-linux-gnueabi-gcc accepts -g
configure:3406: arm-buildroot-linux-gnueabi-gcc -c -g -I/home/ubuntu/tp-link/GPL_X5700_1/iplatform/staging_dir/target-arm-openwrt-linux-uclibc-/usr/include -I/home/ubuntu/tp-link/GPL_X5700_1/iplatform/staging_dir/target-arm-openwrt-linux-uclibc-/include -I/home/ubuntu/tp-link/GPL_X5700_1/iplatform/../bcm675x/toolchain/opt/toolchains/crosstools-arm-gcc-5.5-linux-4.1-glibc-2.26-binutils-2.28.1/usr/include  conftest.c >&5
configure:3406: $? = 0
configure:3447: result: yes
configure:3464: checking for arm-buildroot-linux-gnueabi-gcc option to accept ISO C89
configure:3528: arm-buildroot-linux-gnueabi-gcc  -c  -fpic  -I/home/ubuntu/tp-link/GPL_X5700_1/iplatform/staging_dir/target-arm-openwrt-linux-uclibc-/usr/include -I/home/ubuntu/tp-link/GPL_X5700_1/iplatform/staging_dir/target-arm-openwrt-linux-uclibc-/include -I/home/ubuntu/tp-link/GPL_X5700_1/iplatform/../bcm675x/toolchain/opt/toolchains/crosstools-arm-gcc-5.5-linux-4.1-glibc-2.26-binutils-2.28.1/usr/include  conftest.c >&5
configure:3528: $? = 0
configure:3541: result: none needed
configure:3572: checking for style of include used by make
configure:3600: result: GNU
configure:3626: checking dependency style of arm-buildroot-linux-gnueabi-gcc
configure:3737: result: gcc3
configure:3829: checking how to print strings
configure:3856: result: printf
configure:3877: checking for a sed that does not truncate output
configure:3941: result: /home/ubuntu/tp-link/GPL_X5700_1/iplatform/staging_dir/host/bin/sed
configure:3958: checking for grep that handles long lines and -e
configure:4016: result: /bin/grep
configure:4021: checking for egrep
configure:4083: result: /bin/grep -E
configure:4088: checking for fgrep
configure:4150: result: /bin/grep -F
configure:4185: checking for ld used by arm-buildroot-linux-gnueabi-gcc
configure:4252: result: arm-buildroot-linux-gnueabi-ld
configure:4259: checking if the linker (arm-buildroot-linux-gnueabi-ld) is GNU ld
configure:4274: result: yes
configure:4286: checking for BSD- or MS-compatible name lister (nm)
configure:4335: result: arm-buildroot-linux-gnueabi-nm
configure:4465: checking the name lister (arm-buildroot-linux-gnueabi-nm) interface
configure:4472: arm-buildroot-linux-gnueabi-gcc -c  -fpic  -I/home/ubuntu/tp-link/GPL_X5700_1/iplatform/staging_dir/target-arm-openwrt-linux-uclibc-/usr/include -I/home/ubuntu/tp-link/GPL_X5700_1/iplatform/staging_dir/target-arm-openwrt-linux-uclibc-/include -I/home/ubuntu/tp-link/GPL_X5700_1/iplatform/../bcm675x/toolchain/opt/toolchains/crosstools-arm-gcc-5.5-linux-4.1-glibc-2.26-binutils-2.28.1/usr/include  conftest.c >&5
configure:4475: arm-buildroot-linux-gnueabi-nm "conftest.o"
configure:4478: output
00000000 B some_variable
configure:4485: result: BSD nm
configure:4488: checking whether ln -s works
configure:4492: result: yes
configure:4500: checking the maximum length of command line arguments
configure:4625: result: 3458764513820540925
configure:4642: checking whether the shell understands some XSI constructs
configure:4652: result: yes
configure:4656: checking whether the shell understands "+="
configure:4662: result: yes
configure:4697: checking how to convert x86_64-pc-linux-gnu file names to arm-openwrt-linux-uclibc format
configure:4737: result: func_convert_file_noop
configure:4744: checking how to convert x86_64-pc-linux-gnu file names to toolchain format
configure:4764: result: func_convert_file_noop
configure:4771: checking for arm-buildroot-linux-gnueabi-ld option to reload object files
configure:4778: result: -r
configure:4812: checking for arm-openwrt-linux-uclibc-objdump
configure:4839: result: arm-buildroot-linux-gnueabi-objdump
configure:4911: checking how to recognize dependent libraries
configure:5113: result: pass_all
configure:5158: checking for arm-openwrt-linux-uclibc-dlltool
configure:5188: result: no
configure:5198: checking for dlltool
configure:5228: result: no
configure:5258: checking how to associate runtime and link libraries
configure:5285: result: printf %s\n
configure:5302: checking for arm-openwrt-linux-uclibc-ar
configure:5329: result: arm-buildroot-linux-gnueabi-ar
configure:5410: checking for archiver @FILE support
configure:5427: arm-buildroot-linux-gnueabi-gcc -c  -fpic  -I/home/ubuntu/tp-link/GPL_X5700_1/iplatform/staging_dir/target-arm-openwrt-linux-uclibc-/usr/include -I/home/ubuntu/tp-link/GPL_X5700_1/iplatform/staging_dir/target-arm-openwrt-linux-uclibc-/include -I/home/ubuntu/tp-link/GPL_X5700_1/iplatform/../bcm675x/toolchain/opt/toolchains/crosstools-arm-gcc-5.5-linux-4.1-glibc-2.26-binutils-2.28.1/usr/include  conftest.c >&5
configure:5427: $? = 0
configure:5430: arm-buildroot-linux-gnueabi-ar cru libconftest.a @conftest.lst >&5
configure:5433: $? = 0
configure:5438: arm-buildroot-linux-gnueabi-ar cru libconftest.a @conftest.lst >&5
arm-buildroot-linux-gnueabi-ar: conftest.o: No such file or directory
configure:5441: $? = 1
configure:5453: result: @
configure:5471: checking for arm-openwrt-linux-uclibc-strip
configure:5498: result: arm-buildroot-linux-gnueabi-strip
configure:5570: checking for arm-openwrt-linux-uclibc-ranlib
configure:5597: result: arm-buildroot-linux-gnueabi-ranlib
configure:5738: checking command to parse arm-buildroot-linux-gnueabi-nm output from arm-buildroot-linux-gnueabi-gcc object
configure:5857: arm-buildroot-linux-gnueabi-gcc -c  -fpic  -I/home/ubuntu/tp-link/GPL_X5700_1/iplatform/staging_dir/target-arm-openwrt-linux-uclibc-/usr/include -I/home/ubuntu/tp-link/GPL_X5700_1/iplatform/staging_dir/target-arm-openwrt-linux-uclibc-/include -I/home/ubuntu/tp-link/GPL_X5700_1/iplatform/../bcm675x/toolchain/opt/toolchains/crosstools-arm-gcc-5.5-linux-4.1-glibc-2.26-binutils-2.28.1/usr/include  conftest.c >&5
configure:5860: $? = 0
configure:5864: arm-buildroot-linux-gnueabi-nm conftest.o \| sed -n -e 's/^.*[ ]\([ABCDGIRSTW][ABCDGIRSTW]*\)[ ][ ]*\([_A-Za-z][_A-Za-z0-9]*\)$/\1 \2 \2/p' | sed '/ __gnu_lto/d' \> conftest.nm
configure:5867: $? = 0
configure:5933: arm-buildroot-linux-gnueabi-gcc -o conftest  -fpic  -I/home/ubuntu/tp-link/GPL_X5700_1/iplatform/staging_dir/target-arm-openwrt-linux-uclibc-/usr/include -I/home/ubuntu/tp-link/GPL_X5700_1/iplatform/staging_dir/target-arm-openwrt-linux-uclibc-/include -I/home/ubuntu/tp-link/GPL_X5700_1/iplatform/../bcm675x/toolchain/opt/toolchains/crosstools-arm-gcc-5.5-linux-4.1-glibc-2.26-binutils-2.28.1/usr/include  -L/home/ubuntu/tp-link/GPL_X5700_1/iplatform/staging_dir/target-arm-openwrt-linux-uclibc-/usr/lib -L/home/ubuntu/tp-link/GPL_X5700_1/iplatform/staging_dir/target-arm-openwrt-linux-uclibc-/lib -Wl,-rpath-link,/home/ubuntu/tp-link/GPL_X5700_1/iplatform/staging_dir/target-arm-openwrt-linux-uclibc-/usr/lib -L/home/ubuntu/tp-link/GPL_X5700_1/iplatform/../bcm675x/toolchain/opt/toolchains/crosstools-arm-gcc-5.5-linux-4.1-glibc-2.26-binutils-2.28.1/usr/lib -L/home/ubuntu/tp-link/GPL_X5700_1/iplatform/../bcm675x/toolchain/opt/toolchains/crosstools-arm-gcc-5.5-linux-4.1-glibc-2.26-binutils-2.28.1/lib  conftest.c conftstm.o >&5
configure:5936: $? = 0
configure:5974: result: ok
configure:6011: checking for sysroot
configure:6041: result: no
configure:6244: checking for arm-openwrt-linux-uclibc-mt
configure:6274: result: no
configure:6284: checking for mt
configure:6300: found /bin/mt
configure:6311: result: mt
configure:6323: WARNING: using cross tools not prefixed with host triplet
configure:6334: checking if mt is a manifest tool
configure:6340: mt '-?'
configure:6348: result: no
configure:6980: checking how to run the C preprocessor
configure:7011: arm-buildroot-linux-gnueabi-gcc -E -I/home/ubuntu/tp-link/GPL_X5700_1/iplatform/staging_dir/target-arm-openwrt-linux-uclibc-/usr/include -I/home/ubuntu/tp-link/GPL_X5700_1/iplatform/staging_dir/target-arm-openwrt-linux-uclibc-/include -I/home/ubuntu/tp-link/GPL_X5700_1/iplatform/../bcm675x/toolchain/opt/toolchains/crosstools-arm-gcc-5.5-linux-4.1-glibc-2.26-binutils-2.28.1/usr/include  conftest.c
configure:7011: $? = 0
configure:7025: arm-buildroot-linux-gnueabi-gcc -E -I/home/ubuntu/tp-link/GPL_X5700_1/iplatform/staging_dir/target-arm-openwrt-linux-uclibc-/usr/include -I/home/ubuntu/tp-link/GPL_X5700_1/iplatform/staging_dir/target-arm-openwrt-linux-uclibc-/include -I/home/ubuntu/tp-link/GPL_X5700_1/iplatform/../bcm675x/toolchain/opt/toolchains/crosstools-arm-gcc-5.5-linux-4.1-glibc-2.26-binutils-2.28.1/usr/include  conftest.c
conftest.c:11:28: fatal error: ac_nonexistent.h: No such file or directory
compilation terminated.
configure:7025: $? = 1
configure: failed program was:
| /* confdefs.h */
| #define PACKAGE_NAME "libnetfilter_conntrack"
| #define PACKAGE_TARNAME "libnetfilter_conntrack"
| #define PACKAGE_VERSION "0.9.1"
| #define PACKAGE_STRING "libnetfilter_conntrack 0.9.1"
| #define PACKAGE_BUGREPORT ""
| #define PACKAGE_URL ""
| #define PACKAGE "libnetfilter_conntrack"
| #define VERSION "0.9.1"
| /* end confdefs.h.  */
| #include <ac_nonexistent.h>
configure:7050: result: arm-buildroot-linux-gnueabi-gcc -E
configure:7070: arm-buildroot-linux-gnueabi-gcc -E -I/home/ubuntu/tp-link/GPL_X5700_1/iplatform/staging_dir/target-arm-openwrt-linux-uclibc-/usr/include -I/home/ubuntu/tp-link/GPL_X5700_1/iplatform/staging_dir/target-arm-openwrt-linux-uclibc-/include -I/home/ubuntu/tp-link/GPL_X5700_1/iplatform/../bcm675x/toolchain/opt/toolchains/crosstools-arm-gcc-5.5-linux-4.1-glibc-2.26-binutils-2.28.1/usr/include  conftest.c
configure:7070: $? = 0
configure:7084: arm-buildroot-linux-gnueabi-gcc -E -I/home/ubuntu/tp-link/GPL_X5700_1/iplatform/staging_dir/target-arm-openwrt-linux-uclibc-/usr/include -I/home/ubuntu/tp-link/GPL_X5700_1/iplatform/staging_dir/target-arm-openwrt-linux-uclibc-/include -I/home/ubuntu/tp-link/GPL_X5700_1/iplatform/../bcm675x/toolchain/opt/toolchains/crosstools-arm-gcc-5.5-linux-4.1-glibc-2.26-binutils-2.28.1/usr/include  conftest.c
conftest.c:11:28: fatal error: ac_nonexistent.h: No such file or directory
compilation terminated.
configure:7084: $? = 1
configure: failed program was:
| /* confdefs.h */
| #define PACKAGE_NAME "libnetfilter_conntrack"
| #define PACKAGE_TARNAME "libnetfilter_conntrack"
| #define PACKAGE_VERSION "0.9.1"
| #define PACKAGE_STRING "libnetfilter_conntrack 0.9.1"
| #define PACKAGE_BUGREPORT ""
| #define PACKAGE_URL ""
| #define PACKAGE "libnetfilter_conntrack"
| #define VERSION "0.9.1"
| /* end confdefs.h.  */
| #include <ac_nonexistent.h>
configure:7113: checking for ANSI C header files
configure:7133: arm-buildroot-linux-gnueabi-gcc -c  -fpic  -I/home/ubuntu/tp-link/GPL_X5700_1/iplatform/staging_dir/target-arm-openwrt-linux-uclibc-/usr/include -I/home/ubuntu/tp-link/GPL_X5700_1/iplatform/staging_dir/target-arm-openwrt-linux-uclibc-/include -I/home/ubuntu/tp-link/GPL_X5700_1/iplatform/../bcm675x/toolchain/opt/toolchains/crosstools-arm-gcc-5.5-linux-4.1-glibc-2.26-binutils-2.28.1/usr/include  conftest.c >&5
configure:7133: $? = 0
configure:7217: result: yes
configure:7230: checking for sys/types.h
configure:7230: arm-buildroot-linux-gnueabi-gcc -c  -fpic  -I/home/ubuntu/tp-link/GPL_X5700_1/iplatform/staging_dir/target-arm-openwrt-linux-uclibc-/usr/include -I/home/ubuntu/tp-link/GPL_X5700_1/iplatform/staging_dir/target-arm-openwrt-linux-uclibc-/include -I/home/ubuntu/tp-link/GPL_X5700_1/iplatform/../bcm675x/toolchain/opt/toolchains/crosstools-arm-gcc-5.5-linux-4.1-glibc-2.26-binutils-2.28.1/usr/include  conftest.c >&5
configure:7230: $? = 0
configure:7230: result: yes
configure:7230: checking for sys/stat.h
configure:7230: arm-buildroot-linux-gnueabi-gcc -c  -fpic  -I/home/ubuntu/tp-link/GPL_X5700_1/iplatform/staging_dir/target-arm-openwrt-linux-uclibc-/usr/include -I/home/ubuntu/tp-link/GPL_X5700_1/iplatform/staging_dir/target-arm-openwrt-linux-uclibc-/include -I/home/ubuntu/tp-link/GPL_X5700_1/iplatform/../bcm675x/toolchain/opt/toolchains/crosstools-arm-gcc-5.5-linux-4.1-glibc-2.26-binutils-2.28.1/usr/include  conftest.c >&5
configure:7230: $? = 0
configure:7230: result: yes
configure:7230: checking for stdlib.h
configure:7230: arm-buildroot-linux-gnueabi-gcc -c  -fpic  -I/home/ubuntu/tp-link/GPL_X5700_1/iplatform/staging_dir/target-arm-openwrt-linux-uclibc-/usr/include -I/home/ubuntu/tp-link/GPL_X5700_1/iplatform/staging_dir/target-arm-openwrt-linux-uclibc-/include -I/home/ubuntu/tp-link/GPL_X5700_1/iplatform/../bcm675x/toolchain/opt/toolchains/crosstools-arm-gcc-5.5-linux-4.1-glibc-2.26-binutils-2.28.1/usr/include  conftest.c >&5
configure:7230: $? = 0
configure:7230: result: yes
configure:7230: checking for string.h
configure:7230: arm-buildroot-linux-gnueabi-gcc -c  -fpic  -I/home/ubuntu/tp-link/GPL_X5700_1/iplatform/staging_dir/target-arm-openwrt-linux-uclibc-/usr/include -I/home/ubuntu/tp-link/GPL_X5700_1/iplatform/staging_dir/target-arm-openwrt-linux-uclibc-/include -I/home/ubuntu/tp-link/GPL_X5700_1/iplatform/../bcm675x/toolchain/opt/toolchains/crosstools-arm-gcc-5.5-linux-4.1-glibc-2.26-binutils-2.28.1/usr/include  conftest.c >&5
configure:7230: $? = 0
configure:7230: result: yes
configure:7230: checking for memory.h
configure:7230: arm-buildroot-linux-gnueabi-gcc -c  -fpic  -I/home/ubuntu/tp-link/GPL_X5700_1/iplatform/staging_dir/target-arm-openwrt-linux-uclibc-/usr/include -I/home/ubuntu/tp-link/GPL_X5700_1/iplatform/staging_dir/target-arm-openwrt-linux-uclibc-/include -I/home/ubuntu/tp-link/GPL_X5700_1/iplatform/../bcm675x/toolchain/opt/toolchains/crosstools-arm-gcc-5.5-linux-4.1-glibc-2.26-binutils-2.28.1/usr/include  conftest.c >&5
configure:7230: $? = 0
configure:7230: result: yes
configure:7230: checking for strings.h
configure:7230: arm-buildroot-linux-gnueabi-gcc -c  -fpic  -I/home/ubuntu/tp-link/GPL_X5700_1/iplatform/staging_dir/target-arm-openwrt-linux-uclibc-/usr/include -I/home/ubuntu/tp-link/GPL_X5700_1/iplatform/staging_dir/target-arm-openwrt-linux-uclibc-/include -I/home/ubuntu/tp-link/GPL_X5700_1/iplatform/../bcm675x/toolchain/opt/toolchains/crosstools-arm-gcc-5.5-linux-4.1-glibc-2.26-binutils-2.28.1/usr/include  conftest.c >&5
configure:7230: $? = 0
configure:7230: result: yes
configure:7230: checking for inttypes.h
configure:7230: arm-buildroot-linux-gnueabi-gcc -c  -fpic  -I/home/ubuntu/tp-link/GPL_X5700_1/iplatform/staging_dir/target-arm-openwrt-linux-uclibc-/usr/include -I/home/ubuntu/tp-link/GPL_X5700_1/iplatform/staging_dir/target-arm-openwrt-linux-uclibc-/include -I/home/ubuntu/tp-link/GPL_X5700_1/iplatform/../bcm675x/toolchain/opt/toolchains/crosstools-arm-gcc-5.5-linux-4.1-glibc-2.26-binutils-2.28.1/usr/include  conftest.c >&5
configure:7230: $? = 0
configure:7230: result: yes
configure:7230: checking for stdint.h
configure:7230: arm-buildroot-linux-gnueabi-gcc -c  -fpic  -I/home/ubuntu/tp-link/GPL_X5700_1/iplatform/staging_dir/target-arm-openwrt-linux-uclibc-/usr/include -I/home/ubuntu/tp-link/GPL_X5700_1/iplatform/staging_dir/target-arm-openwrt-linux-uclibc-/include -I/home/ubuntu/tp-link/GPL_X5700_1/iplatform/../bcm675x/toolchain/opt/toolchains/crosstools-arm-gcc-5.5-linux-4.1-glibc-2.26-binutils-2.28.1/usr/include  conftest.c >&5
configure:7230: $? = 0
configure:7230: result: yes
configure:7230: checking for unistd.h
configure:7230: arm-buildroot-linux-gnueabi-gcc -c  -fpic  -I/home/ubuntu/tp-link/GPL_X5700_1/iplatform/staging_dir/target-arm-openwrt-linux-uclibc-/usr/include -I/home/ubuntu/tp-link/GPL_X5700_1/iplatform/staging_dir/target-arm-openwrt-linux-uclibc-/include -I/home/ubuntu/tp-link/GPL_X5700_1/iplatform/../bcm675x/toolchain/opt/toolchains/crosstools-arm-gcc-5.5-linux-4.1-glibc-2.26-binutils-2.28.1/usr/include  conftest.c >&5
configure:7230: $? = 0
configure:7230: result: yes
configure:7244: checking for dlfcn.h
configure:7244: arm-buildroot-linux-gnueabi-gcc -c  -fpic  -I/home/ubuntu/tp-link/GPL_X5700_1/iplatform/staging_dir/target-arm-openwrt-linux-uclibc-/usr/include -I/home/ubuntu/tp-link/GPL_X5700_1/iplatform/staging_dir/target-arm-openwrt-linux-uclibc-/include -I/home/ubuntu/tp-link/GPL_X5700_1/iplatform/../bcm675x/toolchain/opt/toolchains/crosstools-arm-gcc-5.5-linux-4.1-glibc-2.26-binutils-2.28.1/usr/include  conftest.c >&5
configure:7244: $? = 0
configure:7244: result: yes
configure:7401: checking for objdir
configure:7416: result: .libs
configure:7686: checking if arm-buildroot-linux-gnueabi-gcc supports -fno-rtti -fno-exceptions
configure:7704: arm-buildroot-linux-gnueabi-gcc -c  -fpic  -I/home/ubuntu/tp-link/GPL_X5700_1/iplatform/staging_dir/target-arm-openwrt-linux-uclibc-/usr/include -I/home/ubuntu/tp-link/GPL_X5700_1/iplatform/staging_dir/target-arm-openwrt-linux-uclibc-/include -I/home/ubuntu/tp-link/GPL_X5700_1/iplatform/../bcm675x/toolchain/opt/toolchains/crosstools-arm-gcc-5.5-linux-4.1-glibc-2.26-binutils-2.28.1/usr/include  -fno-rtti -fno-exceptions conftest.c >&5
cc1: warning: command line option '-fno-rtti' is valid for C++/ObjC++ but not for C
configure:7708: $? = 0
configure:7721: result: no
configure:8031: checking for arm-buildroot-linux-gnueabi-gcc option to produce PIC
configure:8038: result: -fPIC -DPIC
configure:8046: checking if arm-buildroot-linux-gnueabi-gcc PIC flag -fPIC -DPIC works
configure:8064: arm-buildroot-linux-gnueabi-gcc -c  -fpic  -I/home/ubuntu/tp-link/GPL_X5700_1/iplatform/staging_dir/target-arm-openwrt-linux-uclibc-/usr/include -I/home/ubuntu/tp-link/GPL_X5700_1/iplatform/staging_dir/target-arm-openwrt-linux-uclibc-/include -I/home/ubuntu/tp-link/GPL_X5700_1/iplatform/../bcm675x/toolchain/opt/toolchains/crosstools-arm-gcc-5.5-linux-4.1-glibc-2.26-binutils-2.28.1/usr/include  -fPIC -DPIC -DPIC conftest.c >&5
configure:8068: $? = 0
configure:8081: result: yes
configure:8110: checking if arm-buildroot-linux-gnueabi-gcc static flag -static works
configure:8138: result: yes
configure:8153: checking if arm-buildroot-linux-gnueabi-gcc supports -c -o file.o
configure:8174: arm-buildroot-linux-gnueabi-gcc -c  -fpic  -I/home/ubuntu/tp-link/GPL_X5700_1/iplatform/staging_dir/target-arm-openwrt-linux-uclibc-/usr/include -I/home/ubuntu/tp-link/GPL_X5700_1/iplatform/staging_dir/target-arm-openwrt-linux-uclibc-/include -I/home/ubuntu/tp-link/GPL_X5700_1/iplatform/../bcm675x/toolchain/opt/toolchains/crosstools-arm-gcc-5.5-linux-4.1-glibc-2.26-binutils-2.28.1/usr/include  -o out/conftest2.o conftest.c >&5
configure:8178: $? = 0
configure:8200: result: yes
configure:8208: checking if arm-buildroot-linux-gnueabi-gcc supports -c -o file.o
configure:8255: result: yes
configure:8288: checking whether the arm-buildroot-linux-gnueabi-gcc linker (arm-buildroot-linux-gnueabi-ld) supports shared libraries
configure:9446: result: yes
configure:9483: checking whether -lc should be explicitly linked in
configure:9491: arm-buildroot-linux-gnueabi-gcc -c  -fpic  -I/home/ubuntu/tp-link/GPL_X5700_1/iplatform/staging_dir/target-arm-openwrt-linux-uclibc-/usr/include -I/home/ubuntu/tp-link/GPL_X5700_1/iplatform/staging_dir/target-arm-openwrt-linux-uclibc-/include -I/home/ubuntu/tp-link/GPL_X5700_1/iplatform/../bcm675x/toolchain/opt/toolchains/crosstools-arm-gcc-5.5-linux-4.1-glibc-2.26-binutils-2.28.1/usr/include  conftest.c >&5
configure:9494: $? = 0
configure:9509: arm-buildroot-linux-gnueabi-gcc -shared  -fPIC -DPIC conftest.o  -v -Wl,-soname -Wl,conftest -o conftest 2\>\&1 \| /bin/grep  -lc  \>/dev/null 2\>\&1
configure:9512: $? = 0
configure:9526: result: no
configure:9691: checking dynamic linker characteristics
configure:10205: arm-buildroot-linux-gnueabi-gcc -o conftest  -fpic  -I/home/ubuntu/tp-link/GPL_X5700_1/iplatform/staging_dir/target-arm-openwrt-linux-uclibc-/usr/include -I/home/ubuntu/tp-link/GPL_X5700_1/iplatform/staging_dir/target-arm-openwrt-linux-uclibc-/include -I/home/ubuntu/tp-link/GPL_X5700_1/iplatform/../bcm675x/toolchain/opt/toolchains/crosstools-arm-gcc-5.5-linux-4.1-glibc-2.26-binutils-2.28.1/usr/include  -L/home/ubuntu/tp-link/GPL_X5700_1/iplatform/staging_dir/target-arm-openwrt-linux-uclibc-/usr/lib -L/home/ubuntu/tp-link/GPL_X5700_1/iplatform/staging_dir/target-arm-openwrt-linux-uclibc-/lib -Wl,-rpath-link,/home/ubuntu/tp-link/GPL_X5700_1/iplatform/staging_dir/target-arm-openwrt-linux-uclibc-/usr/lib -L/home/ubuntu/tp-link/GPL_X5700_1/iplatform/../bcm675x/toolchain/opt/toolchains/crosstools-arm-gcc-5.5-linux-4.1-glibc-2.26-binutils-2.28.1/usr/lib -L/home/ubuntu/tp-link/GPL_X5700_1/iplatform/../bcm675x/toolchain/opt/toolchains/crosstools-arm-gcc-5.5-linux-4.1-glibc-2.26-binutils-2.28.1/lib  -Wl,-rpath -Wl,/foo conftest.c  >&5
configure:10205: $? = 0
configure:10427: result: GNU/Linux ld.so
configure:10534: checking how to hardcode library paths into programs
configure:10559: result: immediate
configure:11099: checking whether stripping libraries is possible
configure:11104: result: yes
configure:11139: checking if libtool supports shared libraries
configure:11141: result: yes
configure:11144: checking whether to build shared libraries
configure:11165: result: yes
configure:11168: checking whether to build static libraries
configure:11172: result: yes
configure:11208: checking whether ln -s works
configure:11212: result: yes
configure:11333: checking pkg-config is at least version 0.9.0
configure:11336: result: yes
configure:11346: checking for LIBNFNETLINK
configure:11353: $PKG_CONFIG --exists --print-errors "libnfnetlink >= 1.0.0"
configure:11356: $? = 0
configure:11369: $PKG_CONFIG --exists --print-errors "libnfnetlink >= 1.0.0"
configure:11372: $? = 0
configure:11429: result: yes
configure:11436: checking arpa/inet.h usability
configure:11436: arm-buildroot-linux-gnueabi-gcc -c  -fpic  -I/home/ubuntu/tp-link/GPL_X5700_1/iplatform/staging_dir/target-arm-openwrt-linux-uclibc-/usr/include -I/home/ubuntu/tp-link/GPL_X5700_1/iplatform/staging_dir/target-arm-openwrt-linux-uclibc-/include -I/home/ubuntu/tp-link/GPL_X5700_1/iplatform/../bcm675x/toolchain/opt/toolchains/crosstools-arm-gcc-5.5-linux-4.1-glibc-2.26-binutils-2.28.1/usr/include  conftest.c >&5
configure:11436: $? = 0
configure:11436: result: yes
configure:11436: checking arpa/inet.h presence
configure:11436: arm-buildroot-linux-gnueabi-gcc -E -I/home/ubuntu/tp-link/GPL_X5700_1/iplatform/staging_dir/target-arm-openwrt-linux-uclibc-/usr/include -I/home/ubuntu/tp-link/GPL_X5700_1/iplatform/staging_dir/target-arm-openwrt-linux-uclibc-/include -I/home/ubuntu/tp-link/GPL_X5700_1/iplatform/../bcm675x/toolchain/opt/toolchains/crosstools-arm-gcc-5.5-linux-4.1-glibc-2.26-binutils-2.28.1/usr/include  conftest.c
configure:11436: $? = 0
configure:11436: result: yes
configure:11436: checking for arpa/inet.h
configure:11436: result: yes
configure:11448: checking for inet_ntop
configure:11448: arm-buildroot-linux-gnueabi-gcc -o conftest  -fpic  -I/home/ubuntu/tp-link/GPL_X5700_1/iplatform/staging_dir/target-arm-openwrt-linux-uclibc-/usr/include -I/home/ubuntu/tp-link/GPL_X5700_1/iplatform/staging_dir/target-arm-openwrt-linux-uclibc-/include -I/home/ubuntu/tp-link/GPL_X5700_1/iplatform/../bcm675x/toolchain/opt/toolchains/crosstools-arm-gcc-5.5-linux-4.1-glibc-2.26-binutils-2.28.1/usr/include  -L/home/ubuntu/tp-link/GPL_X5700_1/iplatform/staging_dir/target-arm-openwrt-linux-uclibc-/usr/lib -L/home/ubuntu/tp-link/GPL_X5700_1/iplatform/staging_dir/target-arm-openwrt-linux-uclibc-/lib -Wl,-rpath-link,/home/ubuntu/tp-link/GPL_X5700_1/iplatform/staging_dir/target-arm-openwrt-linux-uclibc-/usr/lib -L/home/ubuntu/tp-link/GPL_X5700_1/iplatform/../bcm675x/toolchain/opt/toolchains/crosstools-arm-gcc-5.5-linux-4.1-glibc-2.26-binutils-2.28.1/usr/lib -L/home/ubuntu/tp-link/GPL_X5700_1/iplatform/../bcm675x/toolchain/opt/toolchains/crosstools-arm-gcc-5.5-linux-4.1-glibc-2.26-binutils-2.28.1/lib  conftest.c  >&5
configure:11448: $? = 0
configure:11448: result: yes
configure:11458: checking if inet_ntop supports IPv6
configure:11461: result: no
configure:11683: creating ./config.status

## ---------------------- ##
## Running config.status. ##
## ---------------------- ##

This file was extended by libnetfilter_conntrack config.status 0.9.1, which was
generated by GNU Autoconf 2.68.  Invocation command line was

  CONFIG_FILES    = 
  CONFIG_HEADERS  = 
  CONFIG_LINKS    = 
  CONFIG_COMMANDS = 
  $ ./config.status 

on ubuntu

config.status:1034: creating Makefile
config.status:1034: creating src/Makefile
config.status:1034: creating include/Makefile
config.status:1034: creating utils/Makefile
config.status:1034: creating qa/Makefile
config.status:1034: creating include/libnetfilter_conntrack/Makefile
config.status:1034: creating include/internal/Makefile
config.status:1034: creating src/conntrack/Makefile
config.status:1034: creating src/expect/Makefile
config.status:1034: creating libnetfilter_conntrack.pc
config.status:1034: creating doxygen.cfg
config.status:1206: executing depfiles commands
config.status:1206: executing libtool commands
configure:13739: WARNING: unrecognized options: --disable-nls

## ---------------- ##
## Cache variables. ##
## ---------------- ##

ac_cv_build=x86_64-pc-linux-gnu
ac_cv_c_bigendian=no
ac_cv_c_compiler_gnu=yes
ac_cv_c_gettext_without_libintl=yes
ac_cv_c_littleendian=yes
ac_cv_c_long_double=no
ac_cv_conv_longlong_to_float=yes
ac_cv_env_CC_set=set
ac_cv_env_CC_value=arm-buildroot-linux-gnueabi-gcc
ac_cv_env_CFLAGS_set=set
ac_cv_env_CFLAGS_value=' -fpic '
ac_cv_env_CPPFLAGS_set=set
ac_cv_env_CPPFLAGS_value='-I/home/ubuntu/tp-link/GPL_X5700_1/iplatform/staging_dir/target-arm-openwrt-linux-uclibc-/usr/include -I/home/ubuntu/tp-link/GPL_X5700_1/iplatform/staging_dir/target-arm-openwrt-linux-uclibc-/include -I/home/ubuntu/tp-link/GPL_X5700_1/iplatform/../bcm675x/toolchain/opt/toolchains/crosstools-arm-gcc-5.5-linux-4.1-glibc-2.26-binutils-2.28.1/usr/include '
ac_cv_env_CPP_set=
ac_cv_env_CPP_value=
ac_cv_env_LDFLAGS_set=set
ac_cv_env_LDFLAGS_value='-L/home/ubuntu/tp-link/GPL_X5700_1/iplatform/staging_dir/target-arm-openwrt-linux-uclibc-/usr/lib -L/home/ubuntu/tp-link/GPL_X5700_1/iplatform/staging_dir/target-arm-openwrt-linux-uclibc-/lib -Wl,-rpath-link,/home/ubuntu/tp-link/GPL_X5700_1/iplatform/staging_dir/target-arm-openwrt-linux-uclibc-/usr/lib -L/home/ubuntu/tp-link/GPL_X5700_1/iplatform/../bcm675x/toolchain/opt/toolchains/crosstools-arm-gcc-5.5-linux-4.1-glibc-2.26-binutils-2.28.1/usr/lib -L/home/ubuntu/tp-link/GPL_X5700_1/iplatform/../bcm675x/toolchain/opt/toolchains/crosstools-arm-gcc-5.5-linux-4.1-glibc-2.26-binutils-2.28.1/lib '
ac_cv_env_LIBNFNETLINK_CFLAGS_set=
ac_cv_env_LIBNFNETLINK_CFLAGS_value=
ac_cv_env_LIBNFNETLINK_LIBS_set=
ac_cv_env_LIBNFNETLINK_LIBS_value=
ac_cv_env_LIBS_set=
ac_cv_env_LIBS_value=
ac_cv_env_PKG_CONFIG_LIBDIR_set=set
ac_cv_env_PKG_CONFIG_LIBDIR_value=/home/ubuntu/tp-link/GPL_X5700_1/iplatform/staging_dir/target-arm-openwrt-linux-uclibc-/usr/lib/pkgconfig
ac_cv_env_PKG_CONFIG_PATH_set=set
ac_cv_env_PKG_CONFIG_PATH_value=/home/ubuntu/tp-link/GPL_X5700_1/iplatform/staging_dir/target-arm-openwrt-linux-uclibc-/usr/lib/pkgconfig
ac_cv_env_PKG_CONFIG_set=set
ac_cv_env_PKG_CONFIG_value=/home/ubuntu/tp-link/GPL_X5700_1/iplatform/staging_dir/host/bin/pkg-config
ac_cv_env_build_alias_set=set
ac_cv_env_build_alias_value=x86_64-linux-gnu
ac_cv_env_host_alias_set=set
ac_cv_env_host_alias_value=arm-openwrt-linux-uclibc
ac_cv_env_target_alias_set=set
ac_cv_env_target_alias_value=arm-openwrt-linux-uclibc
ac_cv_file__dev_zero=yes
ac_cv_func___adjtimex=yes
ac_cv_func___va_copy=no
ac_cv_func__exit=yes
ac_cv_func_bcmp=yes
ac_cv_func_bcopy=yes
ac_cv_func_bzero=yes
ac_cv_func_cimag=yes
ac_cv_func_creal=yes
ac_cv_func_fchmod=yes
ac_cv_func_getaddrinfo=yes
ac_cv_func_getcwd=yes
ac_cv_func_getdomainname=yes
ac_cv_func_getpgrp_void=yes
ac_cv_func_getpwuid_r=yes
ac_cv_func_gettimeofday=yes
ac_cv_func_index=yes
ac_cv_func_inet_ntop=yes
ac_cv_func_lstat=yes
ac_cv_func_lstat_dereferences_slashed_symlink=yes
ac_cv_func_lstat_empty_string_bug=no
ac_cv_func_malloc_0_nonnull=yes
ac_cv_func_malloc_works=yes
ac_cv_func_memcmp_clean=yes
ac_cv_func_memcmp_working=yes
ac_cv_func_posix_getgrgid_r=yes
ac_cv_func_posix_getpwuid_r=yes
ac_cv_func_psignal=yes
ac_cv_func_pthread_key_delete=yes
ac_cv_func_realloc_0_nonnull=yes
ac_cv_func_realloc_works=yes
ac_cv_func_rename=yes
ac_cv_func_rindex=yes
ac_cv_func_setgrent_void=yes
ac_cv_func_setlocale=yes
ac_cv_func_setpgrp_void=yes
ac_cv_func_setresuid=no
ac_cv_func_setvbuf_reversed=no
ac_cv_func_stat_empty_string_bug=no
ac_cv_func_stat_ignores_trailing_slash=no
ac_cv_func_strerror=yes
ac_cv_func_strftime=yes
ac_cv_func_utimes=yes
ac_cv_func_va_copy=no
ac_cv_func_vsnprintf=yes
ac_cv_have_accrights_in_msghdr=no
ac_cv_have_broken_snprintf=no
ac_cv_have_control_in_msghdr=yes
ac_cv_have_decl_sys_siglist=no
ac_cv_have_openpty_ctty_bug=yes
ac_cv_have_space_d_name_in_struct_dirent=yes
ac_cv_header_arpa_inet_h=yes
ac_cv_header_dlfcn_h=yes
ac_cv_header_inttypes_h=yes
ac_cv_header_memory_h=yes
ac_cv_header_netinet_sctp_h=no
ac_cv_header_netinet_sctp_uio_h=no
ac_cv_header_stdc=yes
ac_cv_header_stdint_h=yes
ac_cv_header_stdlib_h=yes
ac_cv_header_string_h=yes
ac_cv_header_strings_h=yes
ac_cv_header_sys_stat_h=yes
ac_cv_header_sys_types_h=yes
ac_cv_header_unistd_h=yes
ac_cv_host=arm-openwrt-linux-uclibc
ac_cv_int64_t=yes
ac_cv_lbl_unaligned_fail=no
ac_cv_linux_kernel_pppoe=yes
ac_cv_linux_vers=2
ac_cv_objext=o
ac_cv_pack_bitfields_reversed=yes
ac_cv_path_EGREP='/bin/grep -E'
ac_cv_path_FGREP='/bin/grep -F'
ac_cv_path_GREP=/bin/grep
ac_cv_path_LDCONFIG=
ac_cv_path_SED=/home/ubuntu/tp-link/GPL_X5700_1/iplatform/staging_dir/host/bin/sed
ac_cv_path_install='/usr/bin/install -c'
ac_cv_path_mkdir=/bin/mkdir
ac_cv_prog_AR=arm-buildroot-linux-gnueabi-ar
ac_cv_prog_AWK=gawk
ac_cv_prog_CC=arm-buildroot-linux-gnueabi-gcc
ac_cv_prog_CPP='arm-buildroot-linux-gnueabi-gcc -E'
ac_cv_prog_OBJDUMP=arm-buildroot-linux-gnueabi-objdump
ac_cv_prog_RANLIB=arm-buildroot-linux-gnueabi-ranlib
ac_cv_prog_STRIP=arm-buildroot-linux-gnueabi-strip
ac_cv_prog_ac_ct_MANIFEST_TOOL=mt
ac_cv_prog_cc_c89=
ac_cv_prog_cc_g=yes
ac_cv_prog_make_make_set=yes
ac_cv_regexec_segfault_emptystr=no
ac_cv_sctp=no
ac_cv_sizeof___int64=0
ac_cv_sizeof_char=1
ac_cv_sizeof_int16_t=2
ac_cv_sizeof_int32_t=4
ac_cv_sizeof_int64_t=8
ac_cv_sizeof_int=4
ac_cv_sizeof_long=4
ac_cv_sizeof_long_int=4
ac_cv_sizeof_long_long=8
ac_cv_sizeof_off_t=8
ac_cv_sizeof_short=2
ac_cv_sizeof_short_int=2
ac_cv_sizeof_size_t=4
ac_cv_sizeof_ssize_t=4
ac_cv_sizeof_u_int16_t=2
ac_cv_sizeof_u_int32_t=4
ac_cv_sizeof_u_int64_t=8
ac_cv_sizeof_uint16_t=2
ac_cv_sizeof_uint32_t=4
ac_cv_sizeof_uint64_t=8
ac_cv_sizeof_unsigned_int=4
ac_cv_sizeof_unsigned_long=4
ac_cv_sizeof_unsigned_long_long=8
ac_cv_sizeof_unsigned_short=2
ac_cv_sizeof_void_p=4
ac_cv_sys_restartable_syscalls=yes
ac_cv_time_r_type=POSIX
ac_cv_type_suseconds_t=yes
ac_cv_uchar=no
ac_cv_uint64_t=yes
ac_cv_uint=yes
ac_cv_ulong=yes
ac_cv_ushort=yes
ac_cv_va_copy=C99
ac_cv_va_val_copy=yes
am_cv_CC_dependencies_compiler_type=gcc3
as_cv_unaligned_access=yes
lt_cv_ar_at_file=@
lt_cv_archive_cmds_need_lc=no
lt_cv_deplibs_check_method=pass_all
lt_cv_file_magic_cmd='$MAGIC_CMD'
lt_cv_file_magic_test_file=
lt_cv_ld_reload_flag=-r
lt_cv_nm_interface='BSD nm'
lt_cv_objdir=.libs
lt_cv_path_LD=arm-buildroot-linux-gnueabi-ld
lt_cv_path_NM=arm-buildroot-linux-gnueabi-nm
lt_cv_path_mainfest_tool=no
lt_cv_prog_compiler_c_o=yes
lt_cv_prog_compiler_pic='-fPIC -DPIC'
lt_cv_prog_compiler_pic_works=yes
lt_cv_prog_compiler_rtti_exceptions=no
lt_cv_prog_compiler_static_works=yes
lt_cv_prog_gnu_ld=yes
lt_cv_sharedlib_from_linklib_cmd='printf %s\n'
lt_cv_shlibpath_overrides_runpath=no
lt_cv_sys_global_symbol_pipe='sed -n -e '\''s/^.*[	 ]\([ABCDGIRSTW][ABCDGIRSTW]*\)[	 ][	 ]*\([_A-Za-z][_A-Za-z0-9]*\)$/\1 \2 \2/p'\'' | sed '\''/ __gnu_lto/d'\'''
lt_cv_sys_global_symbol_to_c_name_address='sed -n -e '\''s/^: \([^ ]*\)[ ]*$/  {\"\1\", (void *) 0},/p'\'' -e '\''s/^[ABCDGIRSTW]* \([^ ]*\) \([^ ]*\)$/  {"\2", (void *) \&\2},/p'\'''
lt_cv_sys_global_symbol_to_c_name_address_lib_prefix='sed -n -e '\''s/^: \([^ ]*\)[ ]*$/  {\"\1\", (void *) 0},/p'\'' -e '\''s/^[ABCDGIRSTW]* \([^ ]*\) \(lib[^ ]*\)$/  {"\2", (void *) \&\2},/p'\'' -e '\''s/^[ABCDGIRSTW]* \([^ ]*\) \([^ ]*\)$/  {"lib\2", (void *) \&\2},/p'\'''
lt_cv_sys_global_symbol_to_cdecl='sed -n -e '\''s/^T .* \(.*\)$/extern int \1();/p'\'' -e '\''s/^[ABCDGIRSTW]* .* \(.*\)$/extern char \1;/p'\'''
lt_cv_sys_max_cmd_len=3458764513820540925
lt_cv_to_host_file_cmd=func_convert_file_noop
lt_cv_to_tool_file_cmd=func_convert_file_noop
pkg_cv_LIBNFNETLINK_CFLAGS='-I/home/ubuntu/tp-link/GPL_X5700_1/iplatform/staging_dir/target-arm-openwrt-linux-uclibc-/usr/include  '
pkg_cv_LIBNFNETLINK_LIBS='-L/home/ubuntu/tp-link/GPL_X5700_1/iplatform/staging_dir/target-arm-openwrt-linux-uclibc-/usr/lib -lnfnetlink  '

## ----------------- ##
## Output variables. ##
## ----------------- ##

ACLOCAL='${SHELL} /home/ubuntu/tp-link/GPL_X5700_1/iplatform/build_dir/target-arm-openwrt-linux-uclibc-/libnetfilter_conntrack-0.9.1/missing --run aclocal-1.11'
AMDEPBACKSLASH='\'
AMDEP_FALSE='#'
AMDEP_TRUE=''
AMTAR='$${TAR-tar}'
AR='arm-buildroot-linux-gnueabi-ar'
AUTOCONF='${SHELL} /home/ubuntu/tp-link/GPL_X5700_1/iplatform/build_dir/target-arm-openwrt-linux-uclibc-/libnetfilter_conntrack-0.9.1/missing --run autoconf'
AUTOHEADER='${SHELL} /home/ubuntu/tp-link/GPL_X5700_1/iplatform/build_dir/target-arm-openwrt-linux-uclibc-/libnetfilter_conntrack-0.9.1/missing --run autoheader'
AUTOMAKE='${SHELL} /home/ubuntu/tp-link/GPL_X5700_1/iplatform/build_dir/target-arm-openwrt-linux-uclibc-/libnetfilter_conntrack-0.9.1/missing --run automake-1.11'
AWK='gawk'
CC='arm-buildroot-linux-gnueabi-gcc'
CCDEPMODE='depmode=gcc3'
CFLAGS=' -fpic  -DLIBNETFILTER_CONNTRACK_DIR=\"${exec_prefix}/lib/libnetfilter_conntrack/\"'
CPP='arm-buildroot-linux-gnueabi-gcc -E'
CPPFLAGS='-I/home/ubuntu/tp-link/GPL_X5700_1/iplatform/staging_dir/target-arm-openwrt-linux-uclibc-/usr/include -I/home/ubuntu/tp-link/GPL_X5700_1/iplatform/staging_dir/target-arm-openwrt-linux-uclibc-/include -I/home/ubuntu/tp-link/GPL_X5700_1/iplatform/../bcm675x/toolchain/opt/toolchains/crosstools-arm-gcc-5.5-linux-4.1-glibc-2.26-binutils-2.28.1/usr/include '
CYGPATH_W='echo'
DEFS='-DPACKAGE_NAME=\"libnetfilter_conntrack\" -DPACKAGE_TARNAME=\"libnetfilter_conntrack\" -DPACKAGE_VERSION=\"0.9.1\" -DPACKAGE_STRING=\"libnetfilter_conntrack\ 0.9.1\" -DPACKAGE_BUGREPORT=\"\" -DPACKAGE_URL=\"\" -DPACKAGE=\"libnetfilter_conntrack\" -DVERSION=\"0.9.1\" -DSTDC_HEADERS=1 -DHAVE_SYS_TYPES_H=1 -DHAVE_SYS_STAT_H=1 -DHAVE_STDLIB_H=1 -DHAVE_STRING_H=1 -DHAVE_MEMORY_H=1 -DHAVE_STRINGS_H=1 -DHAVE_INTTYPES_H=1 -DHAVE_STDINT_H=1 -DHAVE_UNISTD_H=1 -DHAVE_DLFCN_H=1 -DLT_OBJDIR=\".libs/\" -DHAVE_ARPA_INET_H=1 -DHAVE_INET_NTOP=1'
DEPDIR='.deps'
DLLTOOL='false'
DSYMUTIL=''
DUMPBIN=''
ECHO_C=''
ECHO_N='-n'
ECHO_T=''
EGREP='/bin/grep -E'
EXEEXT=''
FGREP='/bin/grep -F'
GREP='/bin/grep'
INSTALL_DATA='${INSTALL} -m 644'
INSTALL_PROGRAM='${INSTALL}'
INSTALL_SCRIPT='${INSTALL}'
INSTALL_STRIP_PROGRAM='$(install_sh) -c -s'
LD='arm-buildroot-linux-gnueabi-ld'
LDFLAGS='-L/home/ubuntu/tp-link/GPL_X5700_1/iplatform/staging_dir/target-arm-openwrt-linux-uclibc-/usr/lib -L/home/ubuntu/tp-link/GPL_X5700_1/iplatform/staging_dir/target-arm-openwrt-linux-uclibc-/lib -Wl,-rpath-link,/home/ubuntu/tp-link/GPL_X5700_1/iplatform/staging_dir/target-arm-openwrt-linux-uclibc-/usr/lib -L/home/ubuntu/tp-link/GPL_X5700_1/iplatform/../bcm675x/toolchain/opt/toolchains/crosstools-arm-gcc-5.5-linux-4.1-glibc-2.26-binutils-2.28.1/usr/lib -L/home/ubuntu/tp-link/GPL_X5700_1/iplatform/../bcm675x/toolchain/opt/toolchains/crosstools-arm-gcc-5.5-linux-4.1-glibc-2.26-binutils-2.28.1/lib '
LIBNFNETLINK_CFLAGS='-I/home/ubuntu/tp-link/GPL_X5700_1/iplatform/staging_dir/target-arm-openwrt-linux-uclibc-/usr/include  '
LIBNFNETLINK_LIBS='-L/home/ubuntu/tp-link/GPL_X5700_1/iplatform/staging_dir/target-arm-openwrt-linux-uclibc-/usr/lib -lnfnetlink  '
LIBOBJS=''
LIBS=''
LIBTOOL='$(SHELL) $(top_builddir)/libtool'
LIPO=''
LN_S='ln -s'
LTLIBOBJS=''
MAKEINFO='${SHELL} /home/ubuntu/tp-link/GPL_X5700_1/iplatform/build_dir/target-arm-openwrt-linux-uclibc-/libnetfilter_conntrack-0.9.1/missing --run makeinfo'
MANIFEST_TOOL=':'
MKDIR_P='/bin/mkdir -p'
NM='arm-buildroot-linux-gnueabi-nm'
NMEDIT=''
OBJDUMP='arm-buildroot-linux-gnueabi-objdump'
OBJEXT='o'
OTOOL64=''
OTOOL=''
PACKAGE='libnetfilter_conntrack'
PACKAGE_BUGREPORT=''
PACKAGE_NAME='libnetfilter_conntrack'
PACKAGE_STRING='libnetfilter_conntrack 0.9.1'
PACKAGE_TARNAME='libnetfilter_conntrack'
PACKAGE_URL=''
PACKAGE_VERSION='0.9.1'
PATH_SEPARATOR=':'
PKG_CONFIG='/home/ubuntu/tp-link/GPL_X5700_1/iplatform/staging_dir/host/bin/pkg-config'
PKG_CONFIG_LIBDIR='/home/ubuntu/tp-link/GPL_X5700_1/iplatform/staging_dir/target-arm-openwrt-linux-uclibc-/usr/lib/pkgconfig'
PKG_CONFIG_PATH='/home/ubuntu/tp-link/GPL_X5700_1/iplatform/staging_dir/target-arm-openwrt-linux-uclibc-/usr/lib/pkgconfig'
RANLIB='arm-buildroot-linux-gnueabi-ranlib'
SED='/home/ubuntu/tp-link/GPL_X5700_1/iplatform/staging_dir/host/bin/sed'
SET_MAKE=''
SHELL='/bin/sh'
STRIP='arm-buildroot-linux-gnueabi-strip'
VERSION='0.9.1'
ac_ct_AR=''
ac_ct_CC=''
ac_ct_DUMPBIN=''
am__EXEEXT_FALSE=''
am__EXEEXT_TRUE='#'
am__fastdepCC_FALSE='#'
am__fastdepCC_TRUE=''
am__include='include'
am__isrc=''
am__leading_dot='.'
am__nodep='_no'
am__quote=''
am__tar='$${TAR-tar} chof - "$$tardir"'
am__untar='$${TAR-tar} xf -'
bindir='/usr/bin'
build='x86_64-pc-linux-gnu'
build_alias='x86_64-linux-gnu'
build_cpu='x86_64'
build_os='linux-gnu'
build_vendor='pc'
datadir='/usr/share'
datarootdir='${prefix}/share'
docdir='${datarootdir}/doc/${PACKAGE_TARNAME}'
dvidir='${docdir}'
exec_prefix='/usr'
host='arm-openwrt-linux-uclibc'
host_alias='arm-openwrt-linux-uclibc'
host_cpu='arm'
host_os='linux-uclibc'
host_vendor='openwrt'
htmldir='${docdir}'
includedir='${prefix}/include'
infodir='/usr/info'
install_sh='${SHELL} /home/ubuntu/tp-link/GPL_X5700_1/iplatform/build_dir/target-arm-openwrt-linux-uclibc-/libnetfilter_conntrack-0.9.1/install-sh'
libdir='${exec_prefix}/lib'
libexecdir='/usr/lib'
localedir='${datarootdir}/locale'
localstatedir='/var'
mandir='/usr/man'
mkdir_p='/bin/mkdir -p'
oldincludedir='/usr/include'
pdfdir='${docdir}'
prefix='/usr'
program_transform_name='s&$$&&;s&^&&'
psdir='${docdir}'
sbindir='/usr/sbin'
sharedstatedir='${prefix}/com'
sysconfdir='/etc'
target_alias='arm-openwrt-linux-uclibc'

## ----------- ##
## confdefs.h. ##
## ----------- ##

/* confdefs.h */
#define PACKAGE_NAME "libnetfilter_conntrack"
#define PACKAGE_TARNAME "libnetfilter_conntrack"
#define PACKAGE_VERSION "0.9.1"
#define PACKAGE_STRING "libnetfilter_conntrack 0.9.1"
#define PACKAGE_BUGREPORT ""
#define PACKAGE_URL ""
#define PACKAGE "libnetfilter_conntrack"
#define VERSION "0.9.1"
#define STDC_HEADERS 1
#define HAVE_SYS_TYPES_H 1
#define HAVE_SYS_STAT_H 1
#define HAVE_STDLIB_H 1
#define HAVE_STRING_H 1
#define HAVE_MEMORY_H 1
#define HAVE_STRINGS_H 1
#define HAVE_INTTYPES_H 1
#define HAVE_STDINT_H 1
#define HAVE_UNISTD_H 1
#define HAVE_DLFCN_H 1
#define LT_OBJDIR ".libs/"
#define HAVE_ARPA_INET_H 1
#define HAVE_INET_NTOP 1

configure: exit 0
