This file contains any messages produced by compilers while
running configure, to aid debugging if configure makes a mistake.

It was created by configure, which was
generated by GNU Autoconf 2.64.  Invocation command line was

  $ /home/ubuntu/Archer_C7_V5/openwrt/build_dir/toolchain-mips_r2_gcc-4.6-linaro_uClibc-0.9.33.2/gdb-linaro-7.2-2011.03-0/configure --prefix=/home/ubuntu/Archer_C7_V5/openwrt/staging_dir/toolchain-mips_r2_gcc-4.6-linaro_uClibc-0.9.33.2 --build=i686-linux-gnu --host=i686-linux-gnu --target=mips-openwrt-linux-uclibc --disable-werror --disable-nls --without-uiout --disable-tui --disable-gdbtk --without-x --without-included-gettext --enable-threads

## --------- ##
## Platform. ##
## --------- ##

hostname = ubuntu
uname -m = i686
uname -r = 4.4.0-142-generic
uname -s = Linux
uname -v = #168~14.04.1-Ubuntu SMP Sat Jan 19 11:28:33 UTC 2019

/usr/bin/uname -p = unknown
/bin/uname -X     = unknown

/bin/arch              = unknown
/usr/bin/arch -k       = unknown
/usr/convex/getsysinfo = unknown
/usr/bin/hostinfo      = unknown
/bin/machine           = unknown
/usr/bin/oslevel       = unknown
/bin/universe          = unknown

PATH: /home/ubuntu/Archer_C7_V5/openwrt/staging_dir/toolchain-mips_r2_gcc-4.6-linaro_uClibc-0.9.33.2/bin
PATH: /home/ubuntu/Archer_C7_V5/openwrt/staging_dir/host/bin
PATH: /home/ubuntu/Archer_C7_V5/openwrt/staging_dir/toolchain-mips_r2_gcc-4.6-linaro_uClibc-0.9.33.2/bin
PATH: /home/ubuntu/Archer_C7_V5/openwrt/staging_dir/host/bin
PATH: /home/ubuntu/Archer_C7_V5/openwrt/staging_dir/toolchain-mips_r2_gcc-4.6-linaro_uClibc-0.9.33.2/bin
PATH: /home/ubuntu/Archer_C7_V5/openwrt/staging_dir/host/bin
PATH: /usr/local/sbin
PATH: /usr/local/bin
PATH: /usr/sbin
PATH: /usr/bin
PATH: /sbin
PATH: /bin
PATH: /usr/games
PATH: /usr/local/games


## ----------- ##
## Core tests. ##
## ----------- ##

configure:2429: checking build system type
configure:2443: result: i686-pc-linux-gnu
configure:2490: checking host system type
configure:2503: result: i686-pc-linux-gnu
configure:2523: checking target system type
configure:2536: result: mips-openwrt-linux-uclibc
configure:2590: checking for a BSD-compatible install
configure:2658: result: /usr/bin/install -c
configure:2669: checking whether ln works
configure:2691: result: yes
configure:2695: checking whether ln -s works
configure:2699: result: yes
configure:2706: checking for a sed that does not truncate output
configure:2770: result: /home/ubuntu/Archer_C7_V5/openwrt/staging_dir/host/bin/sed
configure:2779: checking for gawk
configure:2809: result: no
configure:2779: checking for mawk
configure:2795: found /usr/bin/mawk
configure:2806: result: mawk
configure:4020: checking for i686-linux-gnu-gcc
configure:4036: found /usr/bin/i686-linux-gnu-gcc
configure:4047: result: i686-linux-gnu-gcc
configure:4316: checking for C compiler version
configure:4325: i686-linux-gnu-gcc --version >&5
i686-linux-gnu-gcc (Ubuntu 4.8.4-2ubuntu1~14.04.4) 4.8.4
Copyright (C) 2013 Free Software Foundation, Inc.
This is free software; see the source for copying conditions.  There is NO
warranty; not even for MERCHANTABILITY or FITNESS FOR A PARTICULAR PURPOSE.

configure:4336: $? = 0
configure:4325: i686-linux-gnu-gcc -v >&5
Using built-in specs.
COLLECT_GCC=i686-linux-gnu-gcc
COLLECT_LTO_WRAPPER=/usr/lib/gcc/i686-linux-gnu/4.8/lto-wrapper
Target: i686-linux-gnu
Configured with: ../src/configure -v --with-pkgversion='Ubuntu 4.8.4-2ubuntu1~14.04.4' --with-bugurl=file:///usr/share/doc/gcc-4.8/README.Bugs --enable-languages=c,c++,java,go,d,fortran,objc,obj-c++ --prefix=/usr --program-suffix=-4.8 --enable-shared --enable-linker-build-id --libexecdir=/usr/lib --without-included-gettext --enable-threads=posix --with-gxx-include-dir=/usr/include/c++/4.8 --libdir=/usr/lib --enable-nls --with-sysroot=/ --enable-clocale=gnu --enable-libstdcxx-debug --enable-libstdcxx-time=yes --enable-gnu-unique-object --disable-libmudflap --enable-plugin --with-system-zlib --disable-browser-plugin --enable-java-awt=gtk --enable-gtk-cairo --with-java-home=/usr/lib/jvm/java-1.5.0-gcj-4.8-i386/jre --enable-java-home --with-jvm-root-dir=/usr/lib/jvm/java-1.5.0-gcj-4.8-i386 --with-jvm-jar-dir=/usr/lib/jvm-exports/java-1.5.0-gcj-4.8-i386 --with-arch-directory=i386 --with-ecj-jar=/usr/share/java/eclipse-ecj.jar --enable-objc-gc --enable-targets=all --enable-multiarch --disable-werror --with-arch-32=i686 --with-multilib-list=m32,m64,mx32 --with-tune=generic --enable-checking=release --build=i686-linux-gnu --host=i686-linux-gnu --target=i686-linux-gnu
Thread model: posix
gcc version 4.8.4 (Ubuntu 4.8.4-2ubuntu1~14.04.4) 
configure:4336: $? = 0
configure:4325: i686-linux-gnu-gcc -V >&5
i686-linux-gnu-gcc: error: unrecognized command line option '-V'
i686-linux-gnu-gcc: fatal error: no input files
compilation terminated.
configure:4336: $? = 4
configure:4325: i686-linux-gnu-gcc -qversion >&5
i686-linux-gnu-gcc: error: unrecognized command line option '-qversion'
i686-linux-gnu-gcc: fatal error: no input files
compilation terminated.
configure:4336: $? = 4
configure:4356: checking for C compiler default output file name
configure:4378: i686-linux-gnu-gcc -O2   conftest.c  >&5
configure:4382: $? = 0
configure:4419: result: a.out
configure:4435: checking whether the C compiler works
configure:4444: ./a.out
configure:4448: $? = 0
configure:4463: result: yes
configure:4470: checking whether we are cross compiling
configure:4472: result: no
configure:4475: checking for suffix of executables
configure:4482: i686-linux-gnu-gcc -o conftest -O2   conftest.c  >&5
configure:4486: $? = 0
configure:4508: result: 
configure:4514: checking for suffix of object files
configure:4536: i686-linux-gnu-gcc -c -O2  conftest.c >&5
configure:4540: $? = 0
configure:4561: result: o
configure:4565: checking whether we are using the GNU C compiler
configure:4584: i686-linux-gnu-gcc -c -O2  conftest.c >&5
configure:4584: $? = 0
configure:4593: result: yes
configure:4602: checking whether i686-linux-gnu-gcc accepts -g
configure:4622: i686-linux-gnu-gcc -c -g  conftest.c >&5
configure:4622: $? = 0
configure:4663: result: yes
configure:4680: checking for i686-linux-gnu-gcc option to accept ISO C89
configure:4744: i686-linux-gnu-gcc  -c -O2  conftest.c >&5
configure:4744: $? = 0
configure:4757: result: none needed
configure:4791: checking for i686-linux-gnu-g++
configure:4807: found /usr/bin/i686-linux-gnu-g++
configure:4818: result: i686-linux-gnu-g++
configure:4889: checking for C++ compiler version
configure:4898: i686-linux-gnu-g++ --version >&5
i686-linux-gnu-g++ (Ubuntu 4.8.4-2ubuntu1~14.04.4) 4.8.4
Copyright (C) 2013 Free Software Foundation, Inc.
This is free software; see the source for copying conditions.  There is NO
warranty; not even for MERCHANTABILITY or FITNESS FOR A PARTICULAR PURPOSE.

configure:4909: $? = 0
configure:4898: i686-linux-gnu-g++ -v >&5
Using built-in specs.
COLLECT_GCC=i686-linux-gnu-g++
COLLECT_LTO_WRAPPER=/usr/lib/gcc/i686-linux-gnu/4.8/lto-wrapper
Target: i686-linux-gnu
Configured with: ../src/configure -v --with-pkgversion='Ubuntu 4.8.4-2ubuntu1~14.04.4' --with-bugurl=file:///usr/share/doc/gcc-4.8/README.Bugs --enable-languages=c,c++,java,go,d,fortran,objc,obj-c++ --prefix=/usr --program-suffix=-4.8 --enable-shared --enable-linker-build-id --libexecdir=/usr/lib --without-included-gettext --enable-threads=posix --with-gxx-include-dir=/usr/include/c++/4.8 --libdir=/usr/lib --enable-nls --with-sysroot=/ --enable-clocale=gnu --enable-libstdcxx-debug --enable-libstdcxx-time=yes --enable-gnu-unique-object --disable-libmudflap --enable-plugin --with-system-zlib --disable-browser-plugin --enable-java-awt=gtk --enable-gtk-cairo --with-java-home=/usr/lib/jvm/java-1.5.0-gcj-4.8-i386/jre --enable-java-home --with-jvm-root-dir=/usr/lib/jvm/java-1.5.0-gcj-4.8-i386 --with-jvm-jar-dir=/usr/lib/jvm-exports/java-1.5.0-gcj-4.8-i386 --with-arch-directory=i386 --with-ecj-jar=/usr/share/java/eclipse-ecj.jar --enable-objc-gc --enable-targets=all --enable-multiarch --disable-werror --with-arch-32=i686 --with-multilib-list=m32,m64,mx32 --with-tune=generic --enable-checking=release --build=i686-linux-gnu --host=i686-linux-gnu --target=i686-linux-gnu
Thread model: posix
gcc version 4.8.4 (Ubuntu 4.8.4-2ubuntu1~14.04.4) 
configure:4909: $? = 0
configure:4898: i686-linux-gnu-g++ -V >&5
i686-linux-gnu-g++: error: unrecognized command line option '-V'
i686-linux-gnu-g++: fatal error: no input files
compilation terminated.
configure:4909: $? = 4
configure:4898: i686-linux-gnu-g++ -qversion >&5
i686-linux-gnu-g++: error: unrecognized command line option '-qversion'
i686-linux-gnu-g++: fatal error: no input files
compilation terminated.
configure:4909: $? = 4
configure:4913: checking whether we are using the GNU C++ compiler
configure:4932: i686-linux-gnu-g++ -c   conftest.cpp >&5
configure:4932: $? = 0
configure:4941: result: yes
configure:4950: checking whether i686-linux-gnu-g++ accepts -g
configure:4970: i686-linux-gnu-g++ -c -g  conftest.cpp >&5
configure:4970: $? = 0
configure:5011: result: yes
configure:5060: checking for i686-linux-gnu-gnatbind
configure:5090: result: no
configure:5100: checking for gnatbind
configure:5130: result: no
configure:5152: checking for i686-linux-gnu-gnatmake
configure:5182: result: no
configure:5192: checking for gnatmake
configure:5222: result: no
configure:5241: checking whether compiler driver understands Ada
configure:5264: result: no
configure:5273: checking how to compare bootstrapped objects
configure:5298: result: cmp --ignore-initial=16 $$f1 $$f2
configure:5314: checking for objdir
configure:5329: result: .libs
configure:5860: checking for version 0.10 (or later revision) of PPL
configure:5877: i686-linux-gnu-gcc -c -O2    conftest.c >&5
conftest.c:10:19: fatal error: ppl_c.h: No such file or directory
 #include "ppl_c.h"
                   ^
compilation terminated.
configure:5877: $? = 1
configure: failed program was:
| /* confdefs.h */
| #define PACKAGE_NAME ""
| #define PACKAGE_TARNAME ""
| #define PACKAGE_VERSION ""
| #define PACKAGE_STRING ""
| #define PACKAGE_BUGREPORT ""
| #define PACKAGE_URL ""
| #define LT_OBJDIR ".libs/"
| /* end confdefs.h.  */
| #include "ppl_c.h"
| int
| main ()
| {
| 
|   #if PPL_VERSION_MAJOR != 0 || PPL_VERSION_MINOR < 10
|   choke me
|   #endif
| 
|   ;
|   return 0;
| }
configure:5881: result: no
configure:6023: checking how to run the C preprocessor
configure:6054: i686-linux-gnu-gcc -E  conftest.c
configure:6054: $? = 0
configure:6068: i686-linux-gnu-gcc -E  conftest.c
conftest.c:10:28: fatal error: ac_nonexistent.h: No such file or directory
 #include <ac_nonexistent.h>
                            ^
compilation terminated.
configure:6068: $? = 1
configure: failed program was:
| /* confdefs.h */
| #define PACKAGE_NAME ""
| #define PACKAGE_TARNAME ""
| #define PACKAGE_VERSION ""
| #define PACKAGE_STRING ""
| #define PACKAGE_BUGREPORT ""
| #define PACKAGE_URL ""
| #define LT_OBJDIR ".libs/"
| /* end confdefs.h.  */
| #include <ac_nonexistent.h>
configure:6093: result: i686-linux-gnu-gcc -E
configure:6113: i686-linux-gnu-gcc -E  conftest.c
configure:6113: $? = 0
configure:6127: i686-linux-gnu-gcc -E  conftest.c
conftest.c:10:28: fatal error: ac_nonexistent.h: No such file or directory
 #include <ac_nonexistent.h>
                            ^
compilation terminated.
configure:6127: $? = 1
configure: failed program was:
| /* confdefs.h */
| #define PACKAGE_NAME ""
| #define PACKAGE_TARNAME ""
| #define PACKAGE_VERSION ""
| #define PACKAGE_STRING ""
| #define PACKAGE_BUGREPORT ""
| #define PACKAGE_URL ""
| #define LT_OBJDIR ".libs/"
| /* end confdefs.h.  */
| #include <ac_nonexistent.h>
configure:6156: checking for grep that handles long lines and -e
configure:6214: result: /bin/grep
configure:6219: checking for egrep
configure:6281: result: /bin/grep -E
configure:6286: checking for ANSI C header files
configure:6306: i686-linux-gnu-gcc -c -O2  conftest.c >&5
configure:6306: $? = 0
configure:6379: i686-linux-gnu-gcc -o conftest -O2   conftest.c  >&5
configure:6379: $? = 0
configure:6379: ./conftest
configure:6379: $? = 0
configure:6390: result: yes
configure:6403: checking for sys/types.h
configure:6403: i686-linux-gnu-gcc -c -O2  conftest.c >&5
configure:6403: $? = 0
configure:6403: result: yes
configure:6403: checking for sys/stat.h
configure:6403: i686-linux-gnu-gcc -c -O2  conftest.c >&5
configure:6403: $? = 0
configure:6403: result: yes
configure:6403: checking for stdlib.h
configure:6403: i686-linux-gnu-gcc -c -O2  conftest.c >&5
configure:6403: $? = 0
configure:6403: result: yes
configure:6403: checking for string.h
configure:6403: i686-linux-gnu-gcc -c -O2  conftest.c >&5
configure:6403: $? = 0
configure:6403: result: yes
configure:6403: checking for memory.h
configure:6403: i686-linux-gnu-gcc -c -O2  conftest.c >&5
configure:6403: $? = 0
configure:6403: result: yes
configure:6403: checking for strings.h
configure:6403: i686-linux-gnu-gcc -c -O2  conftest.c >&5
configure:6403: $? = 0
configure:6403: result: yes
configure:6403: checking for inttypes.h
configure:6403: i686-linux-gnu-gcc -c -O2  conftest.c >&5
configure:6403: $? = 0
configure:6403: result: yes
configure:6403: checking for stdint.h
configure:6403: i686-linux-gnu-gcc -c -O2  conftest.c >&5
configure:6403: $? = 0
configure:6403: result: yes
configure:6403: checking for unistd.h
configure:6403: i686-linux-gnu-gcc -c -O2  conftest.c >&5
configure:6403: $? = 0
configure:6403: result: yes
configure:6494: checking libelf.h usability
configure:6494: i686-linux-gnu-gcc -c -O2 -I/usr/include/libelf  -I/usr/include/libelf conftest.c >&5
conftest.c:53:20: fatal error: libelf.h: No such file or directory
 #include <libelf.h>
                    ^
compilation terminated.
configure:6494: $? = 1
configure: failed program was:
| /* confdefs.h */
| #define PACKAGE_NAME ""
| #define PACKAGE_TARNAME ""
| #define PACKAGE_VERSION ""
| #define PACKAGE_STRING ""
| #define PACKAGE_BUGREPORT ""
| #define PACKAGE_URL ""
| #define LT_OBJDIR ".libs/"
| #define STDC_HEADERS 1
| #define HAVE_SYS_TYPES_H 1
| #define HAVE_SYS_STAT_H 1
| #define HAVE_STDLIB_H 1
| #define HAVE_STRING_H 1
| #define HAVE_MEMORY_H 1
| #define HAVE_STRINGS_H 1
| #define HAVE_INTTYPES_H 1
| #define HAVE_STDINT_H 1
| #define HAVE_UNISTD_H 1
| /* end confdefs.h.  */
| #include <stdio.h>
| #ifdef HAVE_SYS_TYPES_H
| # include <sys/types.h>
| #endif
| #ifdef HAVE_SYS_STAT_H
| # include <sys/stat.h>
| #endif
| #ifdef STDC_HEADERS
| # include <stdlib.h>
| # include <stddef.h>
| #else
| # ifdef HAVE_STDLIB_H
| #  include <stdlib.h>
| # endif
| #endif
| #ifdef HAVE_STRING_H
| # if !defined STDC_HEADERS && defined HAVE_MEMORY_H
| #  include <memory.h>
| # endif
| # include <string.h>
| #endif
| #ifdef HAVE_STRINGS_H
| # include <strings.h>
| #endif
| #ifdef HAVE_INTTYPES_H
| # include <inttypes.h>
| #endif
| #ifdef HAVE_STDINT_H
| # include <stdint.h>
| #endif
| #ifdef HAVE_UNISTD_H
| # include <unistd.h>
| #endif
| #include <libelf.h>
configure:6494: result: no
configure:6494: checking libelf.h presence
configure:6494: i686-linux-gnu-gcc -E  -I/usr/include/libelf conftest.c
conftest.c:20:20: fatal error: libelf.h: No such file or directory
 #include <libelf.h>
                    ^
compilation terminated.
configure:6494: $? = 1
configure: failed program was:
| /* confdefs.h */
| #define PACKAGE_NAME ""
| #define PACKAGE_TARNAME ""
| #define PACKAGE_VERSION ""
| #define PACKAGE_STRING ""
| #define PACKAGE_BUGREPORT ""
| #define PACKAGE_URL ""
| #define LT_OBJDIR ".libs/"
| #define STDC_HEADERS 1
| #define HAVE_SYS_TYPES_H 1
| #define HAVE_SYS_STAT_H 1
| #define HAVE_STDLIB_H 1
| #define HAVE_STRING_H 1
| #define HAVE_MEMORY_H 1
| #define HAVE_STRINGS_H 1
| #define HAVE_INTTYPES_H 1
| #define HAVE_STDINT_H 1
| #define HAVE_UNISTD_H 1
| /* end confdefs.h.  */
| #include <libelf.h>
configure:6494: result: no
configure:6494: checking for libelf.h
configure:6494: result: no
configure:6506: checking gelf.h usability
configure:6506: i686-linux-gnu-gcc -c -O2 -I/usr/include/libelf  -I/usr/include/libelf conftest.c >&5
conftest.c:53:18: fatal error: gelf.h: No such file or directory
 #include <gelf.h>
                  ^
compilation terminated.
configure:6506: $? = 1
configure: failed program was:
| /* confdefs.h */
| #define PACKAGE_NAME ""
| #define PACKAGE_TARNAME ""
| #define PACKAGE_VERSION ""
| #define PACKAGE_STRING ""
| #define PACKAGE_BUGREPORT ""
| #define PACKAGE_URL ""
| #define LT_OBJDIR ".libs/"
| #define STDC_HEADERS 1
| #define HAVE_SYS_TYPES_H 1
| #define HAVE_SYS_STAT_H 1
| #define HAVE_STDLIB_H 1
| #define HAVE_STRING_H 1
| #define HAVE_MEMORY_H 1
| #define HAVE_STRINGS_H 1
| #define HAVE_INTTYPES_H 1
| #define HAVE_STDINT_H 1
| #define HAVE_UNISTD_H 1
| /* end confdefs.h.  */
| #include <stdio.h>
| #ifdef HAVE_SYS_TYPES_H
| # include <sys/types.h>
| #endif
| #ifdef HAVE_SYS_STAT_H
| # include <sys/stat.h>
| #endif
| #ifdef STDC_HEADERS
| # include <stdlib.h>
| # include <stddef.h>
| #else
| # ifdef HAVE_STDLIB_H
| #  include <stdlib.h>
| # endif
| #endif
| #ifdef HAVE_STRING_H
| # if !defined STDC_HEADERS && defined HAVE_MEMORY_H
| #  include <memory.h>
| # endif
| # include <string.h>
| #endif
| #ifdef HAVE_STRINGS_H
| # include <strings.h>
| #endif
| #ifdef HAVE_INTTYPES_H
| # include <inttypes.h>
| #endif
| #ifdef HAVE_STDINT_H
| # include <stdint.h>
| #endif
| #ifdef HAVE_UNISTD_H
| # include <unistd.h>
| #endif
| #include <gelf.h>
configure:6506: result: no
configure:6506: checking gelf.h presence
configure:6506: i686-linux-gnu-gcc -E  -I/usr/include/libelf conftest.c
conftest.c:20:18: fatal error: gelf.h: No such file or directory
 #include <gelf.h>
                  ^
compilation terminated.
configure:6506: $? = 1
configure: failed program was:
| /* confdefs.h */
| #define PACKAGE_NAME ""
| #define PACKAGE_TARNAME ""
| #define PACKAGE_VERSION ""
| #define PACKAGE_STRING ""
| #define PACKAGE_BUGREPORT ""
| #define PACKAGE_URL ""
| #define LT_OBJDIR ".libs/"
| #define STDC_HEADERS 1
| #define HAVE_SYS_TYPES_H 1
| #define HAVE_SYS_STAT_H 1
| #define HAVE_STDLIB_H 1
| #define HAVE_STRING_H 1
| #define HAVE_MEMORY_H 1
| #define HAVE_STRINGS_H 1
| #define HAVE_INTTYPES_H 1
| #define HAVE_STDINT_H 1
| #define HAVE_UNISTD_H 1
| /* end confdefs.h.  */
| #include <gelf.h>
configure:6506: result: no
configure:6506: checking for gelf.h
configure:6506: result: no
configure:6519: checking libelf/libelf.h usability
configure:6519: i686-linux-gnu-gcc -c -O2 -I/usr/include/libelf  -I/usr/include/libelf conftest.c >&5
conftest.c:53:27: fatal error: libelf/libelf.h: No such file or directory
 #include <libelf/libelf.h>
                           ^
compilation terminated.
configure:6519: $? = 1
configure: failed program was:
| /* confdefs.h */
| #define PACKAGE_NAME ""
| #define PACKAGE_TARNAME ""
| #define PACKAGE_VERSION ""
| #define PACKAGE_STRING ""
| #define PACKAGE_BUGREPORT ""
| #define PACKAGE_URL ""
| #define LT_OBJDIR ".libs/"
| #define STDC_HEADERS 1
| #define HAVE_SYS_TYPES_H 1
| #define HAVE_SYS_STAT_H 1
| #define HAVE_STDLIB_H 1
| #define HAVE_STRING_H 1
| #define HAVE_MEMORY_H 1
| #define HAVE_STRINGS_H 1
| #define HAVE_INTTYPES_H 1
| #define HAVE_STDINT_H 1
| #define HAVE_UNISTD_H 1
| /* end confdefs.h.  */
| #include <stdio.h>
| #ifdef HAVE_SYS_TYPES_H
| # include <sys/types.h>
| #endif
| #ifdef HAVE_SYS_STAT_H
| # include <sys/stat.h>
| #endif
| #ifdef STDC_HEADERS
| # include <stdlib.h>
| # include <stddef.h>
| #else
| # ifdef HAVE_STDLIB_H
| #  include <stdlib.h>
| # endif
| #endif
| #ifdef HAVE_STRING_H
| # if !defined STDC_HEADERS && defined HAVE_MEMORY_H
| #  include <memory.h>
| # endif
| # include <string.h>
| #endif
| #ifdef HAVE_STRINGS_H
| # include <strings.h>
| #endif
| #ifdef HAVE_INTTYPES_H
| # include <inttypes.h>
| #endif
| #ifdef HAVE_STDINT_H
| # include <stdint.h>
| #endif
| #ifdef HAVE_UNISTD_H
| # include <unistd.h>
| #endif
| #include <libelf/libelf.h>
configure:6519: result: no
configure:6519: checking libelf/libelf.h presence
configure:6519: i686-linux-gnu-gcc -E  -I/usr/include/libelf conftest.c
conftest.c:20:27: fatal error: libelf/libelf.h: No such file or directory
 #include <libelf/libelf.h>
                           ^
compilation terminated.
configure:6519: $? = 1
configure: failed program was:
| /* confdefs.h */
| #define PACKAGE_NAME ""
| #define PACKAGE_TARNAME ""
| #define PACKAGE_VERSION ""
| #define PACKAGE_STRING ""
| #define PACKAGE_BUGREPORT ""
| #define PACKAGE_URL ""
| #define LT_OBJDIR ".libs/"
| #define STDC_HEADERS 1
| #define HAVE_SYS_TYPES_H 1
| #define HAVE_SYS_STAT_H 1
| #define HAVE_STDLIB_H 1
| #define HAVE_STRING_H 1
| #define HAVE_MEMORY_H 1
| #define HAVE_STRINGS_H 1
| #define HAVE_INTTYPES_H 1
| #define HAVE_STDINT_H 1
| #define HAVE_UNISTD_H 1
| /* end confdefs.h.  */
| #include <libelf/libelf.h>
configure:6519: result: no
configure:6519: checking for libelf/libelf.h
configure:6519: result: no
configure:6531: checking libelf/gelf.h usability
configure:6531: i686-linux-gnu-gcc -c -O2 -I/usr/include/libelf  -I/usr/include/libelf conftest.c >&5
conftest.c:53:25: fatal error: libelf/gelf.h: No such file or directory
 #include <libelf/gelf.h>
                         ^
compilation terminated.
configure:6531: $? = 1
configure: failed program was:
| /* confdefs.h */
| #define PACKAGE_NAME ""
| #define PACKAGE_TARNAME ""
| #define PACKAGE_VERSION ""
| #define PACKAGE_STRING ""
| #define PACKAGE_BUGREPORT ""
| #define PACKAGE_URL ""
| #define LT_OBJDIR ".libs/"
| #define STDC_HEADERS 1
| #define HAVE_SYS_TYPES_H 1
| #define HAVE_SYS_STAT_H 1
| #define HAVE_STDLIB_H 1
| #define HAVE_STRING_H 1
| #define HAVE_MEMORY_H 1
| #define HAVE_STRINGS_H 1
| #define HAVE_INTTYPES_H 1
| #define HAVE_STDINT_H 1
| #define HAVE_UNISTD_H 1
| /* end confdefs.h.  */
| #include <stdio.h>
| #ifdef HAVE_SYS_TYPES_H
| # include <sys/types.h>
| #endif
| #ifdef HAVE_SYS_STAT_H
| # include <sys/stat.h>
| #endif
| #ifdef STDC_HEADERS
| # include <stdlib.h>
| # include <stddef.h>
| #else
| # ifdef HAVE_STDLIB_H
| #  include <stdlib.h>
| # endif
| #endif
| #ifdef HAVE_STRING_H
| # if !defined STDC_HEADERS && defined HAVE_MEMORY_H
| #  include <memory.h>
| # endif
| # include <string.h>
| #endif
| #ifdef HAVE_STRINGS_H
| # include <strings.h>
| #endif
| #ifdef HAVE_INTTYPES_H
| # include <inttypes.h>
| #endif
| #ifdef HAVE_STDINT_H
| # include <stdint.h>
| #endif
| #ifdef HAVE_UNISTD_H
| # include <unistd.h>
| #endif
| #include <libelf/gelf.h>
configure:6531: result: no
configure:6531: checking libelf/gelf.h presence
configure:6531: i686-linux-gnu-gcc -E  -I/usr/include/libelf conftest.c
conftest.c:20:25: fatal error: libelf/gelf.h: No such file or directory
 #include <libelf/gelf.h>
                         ^
compilation terminated.
configure:6531: $? = 1
configure: failed program was:
| /* confdefs.h */
| #define PACKAGE_NAME ""
| #define PACKAGE_TARNAME ""
| #define PACKAGE_VERSION ""
| #define PACKAGE_STRING ""
| #define PACKAGE_BUGREPORT ""
| #define PACKAGE_URL ""
| #define LT_OBJDIR ".libs/"
| #define STDC_HEADERS 1
| #define HAVE_SYS_TYPES_H 1
| #define HAVE_SYS_STAT_H 1
| #define HAVE_STDLIB_H 1
| #define HAVE_STRING_H 1
| #define HAVE_MEMORY_H 1
| #define HAVE_STRINGS_H 1
| #define HAVE_INTTYPES_H 1
| #define HAVE_STDINT_H 1
| #define HAVE_UNISTD_H 1
| /* end confdefs.h.  */
| #include <libelf/gelf.h>
configure:6531: result: no
configure:6531: checking for libelf/gelf.h
configure:6531: result: no
configure:7673: checking for default BUILD_CONFIG
configure:7705: result: 
configure:8147: checking for bison
configure:8163: found /home/ubuntu/Archer_C7_V5/openwrt/staging_dir/host/bin/bison
configure:8174: result: bison -y
configure:8195: checking for bison
configure:8211: found /home/ubuntu/Archer_C7_V5/openwrt/staging_dir/host/bin/bison
configure:8222: result: bison
configure:8242: checking for gm4
configure:8272: result: no
configure:8242: checking for gnum4
configure:8272: result: no
configure:8242: checking for m4
configure:8258: found /home/ubuntu/Archer_C7_V5/openwrt/staging_dir/host/bin/m4
configure:8269: result: m4
configure:8289: checking for flex
configure:8305: found /home/ubuntu/Archer_C7_V5/openwrt/staging_dir/host/bin/flex
configure:8316: result: flex
configure:8337: checking for flex
configure:8353: found /home/ubuntu/Archer_C7_V5/openwrt/staging_dir/host/bin/flex
configure:8364: result: flex
configure:8384: checking for makeinfo
configure:8414: result: no
configure:8445: checking for expect
configure:8475: result: no
configure:8494: checking for runtest
configure:8524: result: no
configure:8600: checking for i686-linux-gnu-ar
configure:8616: found /usr/bin/i686-linux-gnu-ar
configure:8627: result: i686-linux-gnu-ar
configure:8741: checking for i686-linux-gnu-as
configure:8757: found /usr/bin/i686-linux-gnu-as
configure:8768: result: i686-linux-gnu-as
configure:8882: checking for i686-linux-gnu-dlltool
configure:8912: result: no
configure:8921: checking for dlltool
configure:8951: result: no
configure:9023: checking for i686-linux-gnu-ld
configure:9039: found /usr/bin/i686-linux-gnu-ld
configure:9050: result: i686-linux-gnu-ld
configure:9164: checking for i686-linux-gnu-lipo
configure:9194: result: no
configure:9203: checking for lipo
configure:9233: result: no
configure:9305: checking for i686-linux-gnu-nm
configure:9321: found /usr/bin/i686-linux-gnu-nm
configure:9332: result: i686-linux-gnu-nm
configure:9446: checking for i686-linux-gnu-ranlib
configure:9462: found /usr/bin/i686-linux-gnu-ranlib
configure:9473: result: i686-linux-gnu-ranlib
configure:9582: checking for i686-linux-gnu-strip
configure:9598: found /usr/bin/i686-linux-gnu-strip
configure:9609: result: i686-linux-gnu-strip
configure:9718: checking for i686-linux-gnu-windres
configure:9748: result: no
configure:9757: checking for windres
configure:9787: result: no
configure:9859: checking for i686-linux-gnu-windmc
configure:9889: result: no
configure:9898: checking for windmc
configure:9928: result: no
configure:10000: checking for i686-linux-gnu-objcopy
configure:10016: found /usr/bin/i686-linux-gnu-objcopy
configure:10027: result: i686-linux-gnu-objcopy
configure:10141: checking for i686-linux-gnu-objdump
configure:10157: found /usr/bin/i686-linux-gnu-objdump
configure:10168: result: i686-linux-gnu-objdump
configure:10321: checking for mips-openwrt-linux-uclibc-cc
configure:10351: result: no
configure:10321: checking for mips-openwrt-linux-uclibc-gcc
configure:10351: result: no
configure:10482: checking for mips-openwrt-linux-uclibc-c++
configure:10512: result: no
configure:10482: checking for mips-openwrt-linux-uclibc-g++
configure:10512: result: no
configure:10482: checking for mips-openwrt-linux-uclibc-cxx
configure:10512: result: no
configure:10482: checking for mips-openwrt-linux-uclibc-gxx
configure:10512: result: no
configure:10643: checking for mips-openwrt-linux-uclibc-gcc
configure:10673: result: no
configure:10799: checking for mips-openwrt-linux-uclibc-gcj
configure:10829: result: no
configure:10960: checking for mips-openwrt-linux-uclibc-gfortran
configure:10990: result: no
configure:11201: checking for mips-openwrt-linux-uclibc-ar
configure:11231: result: no
configure:11431: checking for mips-openwrt-linux-uclibc-as
configure:11461: result: no
configure:11661: checking for mips-openwrt-linux-uclibc-dlltool
configure:11691: result: no
configure:11891: checking for mips-openwrt-linux-uclibc-ld
configure:11921: result: no
configure:12121: checking for mips-openwrt-linux-uclibc-lipo
configure:12151: result: no
configure:12351: checking for mips-openwrt-linux-uclibc-nm
configure:12381: result: no
configure:12581: checking for mips-openwrt-linux-uclibc-objdump
configure:12611: result: no
configure:12811: checking for mips-openwrt-linux-uclibc-ranlib
configure:12841: result: no
configure:13041: checking for mips-openwrt-linux-uclibc-strip
configure:13071: result: no
configure:13271: checking for mips-openwrt-linux-uclibc-windres
configure:13301: result: no
configure:13501: checking for mips-openwrt-linux-uclibc-windmc
configure:13531: result: no
configure:13598: checking where to find the target ar
configure:13635: result: pre-installed
configure:13640: checking where to find the target as
configure:13677: result: pre-installed
configure:13682: checking where to find the target cc
configure:13719: result: pre-installed
configure:13724: checking where to find the target c++
configure:13764: result: pre-installed
configure:13769: checking where to find the target c++ for libstdc++
configure:13809: result: pre-installed
configure:13814: checking where to find the target dlltool
configure:13851: result: pre-installed
configure:13856: checking where to find the target gcc
configure:13893: result: pre-installed
configure:13898: checking where to find the target gcj
configure:13938: result: pre-installed
configure:13943: checking where to find the target gfortran
configure:13983: result: pre-installed
configure:13988: checking where to find the target ld
configure:14025: result: pre-installed
configure:14030: checking where to find the target lipo
configure:14056: result: pre-installed
configure:14061: checking where to find the target nm
configure:14098: result: pre-installed
configure:14103: checking where to find the target objdump
configure:14140: result: pre-installed
configure:14145: checking where to find the target ranlib
configure:14182: result: pre-installed
configure:14187: checking where to find the target strip
configure:14224: result: pre-installed
configure:14229: checking where to find the target windres
configure:14266: result: pre-installed
configure:14271: checking where to find the target windmc
configure:14308: result: pre-installed
configure:14341: checking whether to enable maintainer-specific portions of Makefiles
configure:14350: result: no
configure:14383: checking whether -fkeep-inline-functions is supported
configure:14402: i686-linux-gnu-gcc -c -O2 -fkeep-inline-functions  conftest.c >&5
configure:14402: $? = 0
configure:14403: result: yes
configure:14600: creating ./config.status

## ---------------------- ##
## Running config.status. ##
## ---------------------- ##

This file was extended by config.status, which was
generated by GNU Autoconf 2.64.  Invocation command line was

  CONFIG_FILES    = 
  CONFIG_HEADERS  = 
  CONFIG_LINKS    = 
  CONFIG_COMMANDS = 
  $ ./config.status 

on ubuntu

config.status:943: creating Makefile

## ---------------- ##
## Cache variables. ##
## ---------------- ##

ac_cv_build=i686-pc-linux-gnu
ac_cv_c_compiler_gnu=yes
ac_cv_cxx_compiler_gnu=yes
ac_cv_env_AR_FOR_TARGET_set=
ac_cv_env_AR_FOR_TARGET_value=
ac_cv_env_AR_set=
ac_cv_env_AR_value=
ac_cv_env_AS_FOR_TARGET_set=
ac_cv_env_AS_FOR_TARGET_value=
ac_cv_env_AS_set=
ac_cv_env_AS_value=
ac_cv_env_CCC_set=
ac_cv_env_CCC_value=
ac_cv_env_CC_FOR_TARGET_set=
ac_cv_env_CC_FOR_TARGET_value=
ac_cv_env_CC_set=
ac_cv_env_CC_value=
ac_cv_env_CFLAGS_set=set
ac_cv_env_CFLAGS_value=-O2
ac_cv_env_CPPFLAGS_set=
ac_cv_env_CPPFLAGS_value=
ac_cv_env_CPP_set=
ac_cv_env_CPP_value=
ac_cv_env_CXXFLAGS_set=
ac_cv_env_CXXFLAGS_value=
ac_cv_env_CXX_FOR_TARGET_set=
ac_cv_env_CXX_FOR_TARGET_value=
ac_cv_env_CXX_set=
ac_cv_env_CXX_value=
ac_cv_env_DLLTOOL_FOR_TARGET_set=
ac_cv_env_DLLTOOL_FOR_TARGET_value=
ac_cv_env_DLLTOOL_set=
ac_cv_env_DLLTOOL_value=
ac_cv_env_GCC_FOR_TARGET_set=
ac_cv_env_GCC_FOR_TARGET_value=
ac_cv_env_GCJ_FOR_TARGET_set=
ac_cv_env_GCJ_FOR_TARGET_value=
ac_cv_env_GFORTRAN_FOR_TARGET_set=
ac_cv_env_GFORTRAN_FOR_TARGET_value=
ac_cv_env_LDFLAGS_set=
ac_cv_env_LDFLAGS_value=
ac_cv_env_LD_FOR_TARGET_set=
ac_cv_env_LD_FOR_TARGET_value=
ac_cv_env_LD_set=
ac_cv_env_LD_value=
ac_cv_env_LIBS_set=
ac_cv_env_LIBS_value=
ac_cv_env_LIPO_FOR_TARGET_set=
ac_cv_env_LIPO_FOR_TARGET_value=
ac_cv_env_LIPO_set=
ac_cv_env_LIPO_value=
ac_cv_env_NM_FOR_TARGET_set=
ac_cv_env_NM_FOR_TARGET_value=
ac_cv_env_NM_set=
ac_cv_env_NM_value=
ac_cv_env_OBJCOPY_set=
ac_cv_env_OBJCOPY_value=
ac_cv_env_OBJDUMP_FOR_TARGET_set=
ac_cv_env_OBJDUMP_FOR_TARGET_value=
ac_cv_env_OBJDUMP_set=
ac_cv_env_OBJDUMP_value=
ac_cv_env_RANLIB_FOR_TARGET_set=
ac_cv_env_RANLIB_FOR_TARGET_value=
ac_cv_env_RANLIB_set=
ac_cv_env_RANLIB_value=
ac_cv_env_STRIP_FOR_TARGET_set=
ac_cv_env_STRIP_FOR_TARGET_value=
ac_cv_env_STRIP_set=
ac_cv_env_STRIP_value=
ac_cv_env_WINDMC_FOR_TARGET_set=
ac_cv_env_WINDMC_FOR_TARGET_value=
ac_cv_env_WINDMC_set=
ac_cv_env_WINDMC_value=
ac_cv_env_WINDRES_FOR_TARGET_set=
ac_cv_env_WINDRES_FOR_TARGET_value=
ac_cv_env_WINDRES_set=
ac_cv_env_WINDRES_value=
ac_cv_env_build_alias_set=set
ac_cv_env_build_alias_value=i686-linux-gnu
ac_cv_env_host_alias_set=set
ac_cv_env_host_alias_value=i686-linux-gnu
ac_cv_env_target_alias_set=set
ac_cv_env_target_alias_value=mips-openwrt-linux-uclibc
ac_cv_header_gelf_h=no
ac_cv_header_inttypes_h=yes
ac_cv_header_libelf_gelf_h=no
ac_cv_header_libelf_h=no
ac_cv_header_libelf_libelf_h=no
ac_cv_header_memory_h=yes
ac_cv_header_stdc=yes
ac_cv_header_stdint_h=yes
ac_cv_header_stdlib_h=yes
ac_cv_header_string_h=yes
ac_cv_header_strings_h=yes
ac_cv_header_sys_stat_h=yes
ac_cv_header_sys_types_h=yes
ac_cv_header_unistd_h=yes
ac_cv_host=i686-pc-linux-gnu
ac_cv_objext=o
ac_cv_path_EGREP='/bin/grep -E'
ac_cv_path_GREP=/bin/grep
ac_cv_path_SED=/home/ubuntu/Archer_C7_V5/openwrt/staging_dir/host/bin/sed
ac_cv_path_install='/usr/bin/install -c'
ac_cv_prog_AR=i686-linux-gnu-ar
ac_cv_prog_AS=i686-linux-gnu-as
ac_cv_prog_AWK=mawk
ac_cv_prog_BISON=bison
ac_cv_prog_CC=i686-linux-gnu-gcc
ac_cv_prog_CPP='i686-linux-gnu-gcc -E'
ac_cv_prog_CXX=i686-linux-gnu-g++
ac_cv_prog_FLEX=flex
ac_cv_prog_LD=i686-linux-gnu-ld
ac_cv_prog_LEX=flex
ac_cv_prog_M4=m4
ac_cv_prog_NM=i686-linux-gnu-nm
ac_cv_prog_OBJCOPY=i686-linux-gnu-objcopy
ac_cv_prog_OBJDUMP=i686-linux-gnu-objdump
ac_cv_prog_RANLIB=i686-linux-gnu-ranlib
ac_cv_prog_STRIP=i686-linux-gnu-strip
ac_cv_prog_YACC='bison -y'
ac_cv_prog_cc_c89=
ac_cv_prog_cc_g=yes
ac_cv_prog_cxx_g=yes
ac_cv_target=mips-openwrt-linux-uclibc
acx_cv_cc_gcc_supports_ada=no
acx_cv_prog_LN=ln
gcc_cv_prog_cmp_skip='cmp --ignore-initial=16 $$f1 $$f2'
gcc_cv_tool_dirs=
gcc_cv_tool_prefix=/home/ubuntu/Archer_C7_V5/openwrt/staging_dir/toolchain-mips_r2_gcc-4.6-linaro_uClibc-0.9.33.2
gdb_cv_func_sigsetjmp=yes
lt_cv_objdir=.libs

## ----------------- ##
## Output variables. ##
## ----------------- ##

AR='i686-linux-gnu-ar'
AR_FOR_BUILD='$(AR)'
AR_FOR_TARGET='mips-openwrt-linux-uclibc-ar'
AS='i686-linux-gnu-as'
AS_FOR_BUILD='$(AS)'
AS_FOR_TARGET='mips-openwrt-linux-uclibc-as'
AWK='mawk'
BISON='bison'
BUILD_CONFIG=''
CC='i686-linux-gnu-gcc'
CC_FOR_BUILD='$(CC)'
CC_FOR_TARGET='mips-openwrt-linux-uclibc-cc'
CFLAGS='-O2'
CFLAGS_FOR_BUILD='-O2'
CFLAGS_FOR_TARGET='-g -O2'
COMPILER_AS_FOR_TARGET='$(AS_FOR_TARGET)'
COMPILER_LD_FOR_TARGET='$(LD_FOR_TARGET)'
COMPILER_NM_FOR_TARGET='$(NM_FOR_TARGET)'
CONFIGURE_GDB_TK=''
CPP='i686-linux-gnu-gcc -E'
CPPFLAGS=''
CXX='i686-linux-gnu-g++'
CXXFLAGS='-g -O2'
CXXFLAGS_FOR_BUILD='-g -O2'
CXXFLAGS_FOR_TARGET='-g -O2'
CXX_FOR_BUILD='$(CXX)'
CXX_FOR_TARGET='mips-openwrt-linux-uclibc-c++'
DEBUG_PREFIX_CFLAGS_FOR_TARGET=''
DEFS='-DPACKAGE_NAME=\"\" -DPACKAGE_TARNAME=\"\" -DPACKAGE_VERSION=\"\" -DPACKAGE_STRING=\"\" -DPACKAGE_BUGREPORT=\"\" -DPACKAGE_URL=\"\" -DLT_OBJDIR=\".libs/\" -DSTDC_HEADERS=1 -DHAVE_SYS_TYPES_H=1 -DHAVE_SYS_STAT_H=1 -DHAVE_STDLIB_H=1 -DHAVE_STRING_H=1 -DHAVE_MEMORY_H=1 -DHAVE_STRINGS_H=1 -DHAVE_INTTYPES_H=1 -DHAVE_STDINT_H=1 -DHAVE_UNISTD_H=1'
DLLTOOL='dlltool'
DLLTOOL_FOR_BUILD='$(DLLTOOL)'
DLLTOOL_FOR_TARGET='mips-openwrt-linux-uclibc-dlltool'
ECHO_C=''
ECHO_N='-n'
ECHO_T=''
EGREP='/bin/grep -E'
EXEEXT=''
EXPECT='expect'
FLAGS_FOR_TARGET=''
FLEX='flex'
GCC_FOR_TARGET='mips-openwrt-linux-uclibc-gcc'
GCC_SHLIB_SUBDIR=''
GCJ_FOR_BUILD='$(GCJ)'
GCJ_FOR_TARGET='mips-openwrt-linux-uclibc-gcj'
GDB_TK=''
GFORTRAN_FOR_BUILD='$(GFORTRAN)'
GFORTRAN_FOR_TARGET='mips-openwrt-linux-uclibc-gfortran'
GNATBIND='no'
GNATMAKE='no'
GREP='/bin/grep'
INSTALL_DATA='${INSTALL} -m 644'
INSTALL_GDB_TK=''
INSTALL_PROGRAM='${INSTALL}'
INSTALL_SCRIPT='${INSTALL}'
LD='i686-linux-gnu-ld'
LDFLAGS=''
LDFLAGS_FOR_BUILD=''
LD_FOR_BUILD='$(LD)'
LD_FOR_TARGET='mips-openwrt-linux-uclibc-ld'
LEX='flex'
LIBOBJS=''
LIBS=''
LIPO='lipo'
LIPO_FOR_TARGET='mips-openwrt-linux-uclibc-lipo'
LN='ln'
LN_S='ln -s'
LTLIBOBJS=''
M4='m4'
MAINT='#'
MAINTAINER_MODE_FALSE=''
MAINTAINER_MODE_TRUE='#'
MAKEINFO='/home/ubuntu/Archer_C7_V5/openwrt/build_dir/toolchain-mips_r2_gcc-4.6-linaro_uClibc-0.9.33.2/gdb-linaro-7.2-2011.03-0/missing makeinfo'
NM='i686-linux-gnu-nm'
NM_FOR_BUILD='$(NM)'
NM_FOR_TARGET='mips-openwrt-linux-uclibc-nm'
OBJCOPY='i686-linux-gnu-objcopy'
OBJDUMP='i686-linux-gnu-objdump'
OBJDUMP_FOR_TARGET='mips-openwrt-linux-uclibc-objdump'
OBJEXT='o'
PACKAGE_BUGREPORT=''
PACKAGE_NAME=''
PACKAGE_STRING=''
PACKAGE_TARNAME=''
PACKAGE_URL=''
PACKAGE_VERSION=''
PATH_SEPARATOR=':'
RANLIB='i686-linux-gnu-ranlib'
RANLIB_FOR_BUILD='$(RANLIB)'
RANLIB_FOR_TARGET='mips-openwrt-linux-uclibc-ranlib'
RAW_CXX_FOR_TARGET='mips-openwrt-linux-uclibc-c++'
RPATH_ENVVAR='LD_LIBRARY_PATH'
RUNTEST='runtest'
SED='/home/ubuntu/Archer_C7_V5/openwrt/staging_dir/host/bin/sed'
SHELL='/bin/bash'
STRIP='i686-linux-gnu-strip'
STRIP_FOR_TARGET='mips-openwrt-linux-uclibc-strip'
SYSROOT_CFLAGS_FOR_TARGET=''
TOPLEVEL_CONFIGURE_ARGUMENTS='/home/ubuntu/Archer_C7_V5/openwrt/build_dir/toolchain-mips_r2_gcc-4.6-linaro_uClibc-0.9.33.2/gdb-linaro-7.2-2011.03-0/configure --prefix=/home/ubuntu/Archer_C7_V5/openwrt/staging_dir/toolchain-mips_r2_gcc-4.6-linaro_uClibc-0.9.33.2 --build=i686-linux-gnu --host=i686-linux-gnu --target=mips-openwrt-linux-uclibc --disable-werror --disable-nls --without-uiout --disable-tui --disable-gdbtk --without-x --without-included-gettext --enable-threads'
WINDMC='windmc'
WINDMC_FOR_BUILD='$(WINDMC)'
WINDMC_FOR_TARGET='mips-openwrt-linux-uclibc-windmc'
WINDRES='windres'
WINDRES_FOR_BUILD='$(WINDRES)'
WINDRES_FOR_TARGET='mips-openwrt-linux-uclibc-windres'
YACC='bison -y'
ac_ct_CC=''
ac_ct_CXX=''
bindir='${exec_prefix}/bin'
build='i686-pc-linux-gnu'
build_alias='i686-linux-gnu'
build_configargs='--cache-file=../config.cache '\''--prefix=/home/ubuntu/Archer_C7_V5/openwrt/staging_dir/toolchain-mips_r2_gcc-4.6-linaro_uClibc-0.9.33.2'\'' '\''--disable-werror'\'' '\''--disable-nls'\'' '\''--without-uiout'\'' '\''--disable-tui'\'' '\''--disable-gdbtk'\'' '\''--without-x'\'' '\''--without-included-gettext'\'' '\''--enable-threads'\'' --program-transform-name='\''s&^&mips-openwrt-linux-uclibc-&'\'' --disable-option-checking'
build_configdirs=' libiberty'
build_cpu='i686'
build_libsubdir='build-i686-linux-gnu'
build_noncanonical='i686-linux-gnu'
build_os='linux-gnu'
build_subdir='build-i686-linux-gnu'
build_tooldir='${exec_prefix}/mips-openwrt-linux-uclibc'
build_vendor='pc'
clooginc=''
clooglibs=''
compare_exclusions='gcc/cc*-checksum$(objext) | gcc/ada/*tools/*'
config_shell='/bin/bash'
configdirs=' intl libiberty opcodes bfd readline libdecnumber sim gdb etc'
datadir='${datarootdir}'
datarootdir='${prefix}/share'
do_compare='cmp --ignore-initial=16 $$f1 $$f2'
docdir='${datarootdir}/doc/${PACKAGE}'
dvidir='${docdir}'
exec_prefix='${prefix}'
extra_host_libiberty_configure_flags=''
extra_mpc_gmp_configure_flags=''
extra_mpc_mpfr_configure_flags=''
extra_mpfr_configure_flags=''
gmpinc=''
gmplibs='-lmpc -lmpfr -lgmp'
host='i686-pc-linux-gnu'
host_alias='i686-linux-gnu'
host_configargs='--cache-file=./config.cache  --with-system-zlib --with-stabs '\''--prefix=/home/ubuntu/Archer_C7_V5/openwrt/staging_dir/toolchain-mips_r2_gcc-4.6-linaro_uClibc-0.9.33.2'\'' '\''--disable-werror'\'' '\''--disable-nls'\'' '\''--without-uiout'\'' '\''--disable-tui'\'' '\''--disable-gdbtk'\'' '\''--without-x'\'' '\''--without-included-gettext'\'' '\''--enable-threads'\'' --program-transform-name='\''s&^&mips-openwrt-linux-uclibc-&'\'' --disable-option-checking'
host_cpu='i686'
host_noncanonical='i686-linux-gnu'
host_os='linux-gnu'
host_subdir='.'
host_vendor='pc'
htmldir='${docdir}'
includedir='${prefix}/include'
infodir='${datarootdir}/info'
libdir='${exec_prefix}/lib'
libelfinc=''
libelflibs=''
libexecdir='${exec_prefix}/libexec'
localedir='${datarootdir}/locale'
localstatedir='${prefix}/var'
mandir='${datarootdir}/man'
oldincludedir='/usr/include'
pdfdir='${docdir}'
poststage1_ldflags=''
poststage1_libs=''
pplinc=''
ppllibs=''
prefix='/home/ubuntu/Archer_C7_V5/openwrt/staging_dir/toolchain-mips_r2_gcc-4.6-linaro_uClibc-0.9.33.2'
program_transform_name='s&^&mips-openwrt-linux-uclibc-&'
psdir='${docdir}'
sbindir='${exec_prefix}/sbin'
sharedstatedir='${prefix}/com'
stage1_cflags='-g -fkeep-inline-functions'
stage1_checking='--enable-checking=yes,types'
stage1_languages=',c,'
stage1_ldflags=''
stage1_libs=''
stage2_werror_flag=''
sysconfdir='${prefix}/etc'
target='mips-openwrt-linux-uclibc'
target_alias='mips-openwrt-linux-uclibc'
target_configargs='--cache-file=./config.cache --enable-multilib --with-cross-host=i686-linux-gnu '\''--prefix=/home/ubuntu/Archer_C7_V5/openwrt/staging_dir/toolchain-mips_r2_gcc-4.6-linaro_uClibc-0.9.33.2'\'' '\''--disable-werror'\'' '\''--disable-nls'\'' '\''--without-uiout'\'' '\''--disable-tui'\'' '\''--disable-gdbtk'\'' '\''--without-x'\'' '\''--without-included-gettext'\'' '\''--enable-threads'\'' --program-transform-name='\''s&^&mips-openwrt-linux-uclibc-&'\'' --disable-option-checking'
target_configdirs=''
target_cpu='mips'
target_noncanonical='mips-openwrt-linux-uclibc'
target_os='linux-uclibc'
target_subdir='mips-openwrt-linux-uclibc'
target_vendor='openwrt'
tooldir='${exec_prefix}/mips-openwrt-linux-uclibc'

## ------------------- ##
## File substitutions. ##
## ------------------- ##

alphaieee_frag='/dev/null'
host_makefile_frag='./config/mh-x86omitfp'
ospace_frag='/dev/null'
serialization_dependencies='serdep.tmp'
target_makefile_frag='./config/mt-mips-gnu'

## ----------- ##
## confdefs.h. ##
## ----------- ##

/* confdefs.h */
#define PACKAGE_NAME ""
#define PACKAGE_TARNAME ""
#define PACKAGE_VERSION ""
#define PACKAGE_STRING ""
#define PACKAGE_BUGREPORT ""
#define PACKAGE_URL ""
#define LT_OBJDIR ".libs/"
#define STDC_HEADERS 1
#define HAVE_SYS_TYPES_H 1
#define HAVE_SYS_STAT_H 1
#define HAVE_STDLIB_H 1
#define HAVE_STRING_H 1
#define HAVE_MEMORY_H 1
#define HAVE_STRINGS_H 1
#define HAVE_INTTYPES_H 1
#define HAVE_STDINT_H 1
#define HAVE_UNISTD_H 1

configure: exit 0
