The target system is: Linux - 1 - arm
The host system is: Linux - 4.4.0-148-generic - x86_64
Compiling the C compiler identification source file "CMakeCCompilerId.c" succeeded.
Compiler: /home/ubuntu/tp-link/GPL_X5700_1/iplatform/../bcm675x/toolchain/opt/toolchains/crosstools-arm-gcc-5.5-linux-4.1-glibc-2.26-binutils-2.28.1/usr/bin/arm-buildroot-linux-gnueabi-gcc 
Build flags: ;-I/home/ubuntu/tp-link/GPL_X5700_1/iplatform/staging_dir/target-arm-openwrt-linux-uclibc-/usr/include;;-I/home/ubuntu/tp-link/GPL_X5700_1/iplatform/staging_dir/target-arm-openwrt-linux-uclibc-/usr/include;-I/home/ubuntu/tp-link/GPL_X5700_1/iplatform/staging_dir/target-arm-openwrt-linux-uclibc-/include;-I/home/ubuntu/tp-link/GPL_X5700_1/iplatform/../bcm675x/toolchain/opt/toolchains/crosstools-arm-gcc-5.5-linux-4.1-glibc-2.26-binutils-2.28.1/usr/include
Id flags:  

The output was:
0


Compilation of the C compiler identification source "CMakeCCompilerId.c" produced "a.out"

The C compiler identification is GNU, found in "/home/ubuntu/tp-link/GPL_X5700_1/iplatform/build_dir/target-arm-openwrt-linux-uclibc-/libubox-2015-11-08/CMakeFiles/3.13.2/CompilerIdC/a.out"

Determining if the C compiler works passed with the following output:
Change Dir: /home/ubuntu/tp-link/GPL_X5700_1/iplatform/build_dir/target-arm-openwrt-linux-uclibc-/libubox-2015-11-08/CMakeFiles/CMakeTmp

Run Build Command:"/usr/bin/make" "cmTC_a826a/fast"
make[4]: Entering directory `/home/ubuntu/tp-link/GPL_X5700_1/iplatform/build_dir/target-arm-openwrt-linux-uclibc-/libubox-2015-11-08/CMakeFiles/CMakeTmp'
/usr/bin/make -f CMakeFiles/cmTC_a826a.dir/build.make CMakeFiles/cmTC_a826a.dir/build
make[5]: Entering directory `/home/ubuntu/tp-link/GPL_X5700_1/iplatform/build_dir/target-arm-openwrt-linux-uclibc-/libubox-2015-11-08/CMakeFiles/CMakeTmp'
Building C object CMakeFiles/cmTC_a826a.dir/testCCompiler.c.o
/home/ubuntu/tp-link/GPL_X5700_1/iplatform/../bcm675x/toolchain/opt/toolchains/crosstools-arm-gcc-5.5-linux-4.1-glibc-2.26-binutils-2.28.1/usr/bin/arm-buildroot-linux-gnueabi-gcc   -I/home/ubuntu/tp-link/GPL_X5700_1/iplatform/staging_dir/target-arm-openwrt-linux-uclibc-/usr/include  -I/home/ubuntu/tp-link/GPL_X5700_1/iplatform/staging_dir/target-arm-openwrt-linux-uclibc-/usr/include -I/home/ubuntu/tp-link/GPL_X5700_1/iplatform/staging_dir/target-arm-openwrt-linux-uclibc-/include -I/home/ubuntu/tp-link/GPL_X5700_1/iplatform/../bcm675x/toolchain/opt/toolchains/crosstools-arm-gcc-5.5-linux-4.1-glibc-2.26-binutils-2.28.1/usr/include    -o CMakeFiles/cmTC_a826a.dir/testCCompiler.c.o   -c /home/ubuntu/tp-link/GPL_X5700_1/iplatform/build_dir/target-arm-openwrt-linux-uclibc-/libubox-2015-11-08/CMakeFiles/CMakeTmp/testCCompiler.c
Linking C executable cmTC_a826a
/home/ubuntu/tp-link/GPL_X5700_1/iplatform/staging_dir/host/bin/cmake -E cmake_link_script CMakeFiles/cmTC_a826a.dir/link.txt --verbose=1
/home/ubuntu/tp-link/GPL_X5700_1/iplatform/../bcm675x/toolchain/opt/toolchains/crosstools-arm-gcc-5.5-linux-4.1-glibc-2.26-binutils-2.28.1/usr/bin/arm-buildroot-linux-gnueabi-gcc -I/home/ubuntu/tp-link/GPL_X5700_1/iplatform/staging_dir/target-arm-openwrt-linux-uclibc-/usr/include  -I/home/ubuntu/tp-link/GPL_X5700_1/iplatform/staging_dir/target-arm-openwrt-linux-uclibc-/usr/include -I/home/ubuntu/tp-link/GPL_X5700_1/iplatform/staging_dir/target-arm-openwrt-linux-uclibc-/include -I/home/ubuntu/tp-link/GPL_X5700_1/iplatform/../bcm675x/toolchain/opt/toolchains/crosstools-arm-gcc-5.5-linux-4.1-glibc-2.26-binutils-2.28.1/usr/include   -L/home/ubuntu/tp-link/GPL_X5700_1/iplatform/staging_dir/target-arm-openwrt-linux-uclibc-/usr/lib -L/home/ubuntu/tp-link/GPL_X5700_1/iplatform/staging_dir/target-arm-openwrt-linux-uclibc-/lib -Wl,-rpath-link,/home/ubuntu/tp-link/GPL_X5700_1/iplatform/staging_dir/target-arm-openwrt-linux-uclibc-/usr/lib -L/home/ubuntu/tp-link/GPL_X5700_1/iplatform/../bcm675x/toolchain/opt/toolchains/crosstools-arm-gcc-5.5-linux-4.1-glibc-2.26-binutils-2.28.1/usr/lib -L/home/ubuntu/tp-link/GPL_X5700_1/iplatform/../bcm675x/toolchain/opt/toolchains/crosstools-arm-gcc-5.5-linux-4.1-glibc-2.26-binutils-2.28.1/lib  -rdynamic CMakeFiles/cmTC_a826a.dir/testCCompiler.c.o  -o cmTC_a826a 
make[5]: Leaving directory `/home/ubuntu/tp-link/GPL_X5700_1/iplatform/build_dir/target-arm-openwrt-linux-uclibc-/libubox-2015-11-08/CMakeFiles/CMakeTmp'
make[4]: Leaving directory `/home/ubuntu/tp-link/GPL_X5700_1/iplatform/build_dir/target-arm-openwrt-linux-uclibc-/libubox-2015-11-08/CMakeFiles/CMakeTmp'


Detecting C compiler ABI info compiled with the following output:
Change Dir: /home/ubuntu/tp-link/GPL_X5700_1/iplatform/build_dir/target-arm-openwrt-linux-uclibc-/libubox-2015-11-08/CMakeFiles/CMakeTmp

Run Build Command:"/usr/bin/make" "cmTC_f86a0/fast"
make[4]: Entering directory `/home/ubuntu/tp-link/GPL_X5700_1/iplatform/build_dir/target-arm-openwrt-linux-uclibc-/libubox-2015-11-08/CMakeFiles/CMakeTmp'
/usr/bin/make -f CMakeFiles/cmTC_f86a0.dir/build.make CMakeFiles/cmTC_f86a0.dir/build
make[5]: Entering directory `/home/ubuntu/tp-link/GPL_X5700_1/iplatform/build_dir/target-arm-openwrt-linux-uclibc-/libubox-2015-11-08/CMakeFiles/CMakeTmp'
Building C object CMakeFiles/cmTC_f86a0.dir/CMakeCCompilerABI.c.o
/home/ubuntu/tp-link/GPL_X5700_1/iplatform/../bcm675x/toolchain/opt/toolchains/crosstools-arm-gcc-5.5-linux-4.1-glibc-2.26-binutils-2.28.1/usr/bin/arm-buildroot-linux-gnueabi-gcc   -I/home/ubuntu/tp-link/GPL_X5700_1/iplatform/staging_dir/target-arm-openwrt-linux-uclibc-/usr/include  -I/home/ubuntu/tp-link/GPL_X5700_1/iplatform/staging_dir/target-arm-openwrt-linux-uclibc-/usr/include -I/home/ubuntu/tp-link/GPL_X5700_1/iplatform/staging_dir/target-arm-openwrt-linux-uclibc-/include -I/home/ubuntu/tp-link/GPL_X5700_1/iplatform/../bcm675x/toolchain/opt/toolchains/crosstools-arm-gcc-5.5-linux-4.1-glibc-2.26-binutils-2.28.1/usr/include    -o CMakeFiles/cmTC_f86a0.dir/CMakeCCompilerABI.c.o   -c /home/ubuntu/tp-link/GPL_X5700_1/iplatform/staging_dir/host/share/cmake-3.13/Modules/CMakeCCompilerABI.c
Linking C executable cmTC_f86a0
/home/ubuntu/tp-link/GPL_X5700_1/iplatform/staging_dir/host/bin/cmake -E cmake_link_script CMakeFiles/cmTC_f86a0.dir/link.txt --verbose=1
/home/ubuntu/tp-link/GPL_X5700_1/iplatform/../bcm675x/toolchain/opt/toolchains/crosstools-arm-gcc-5.5-linux-4.1-glibc-2.26-binutils-2.28.1/usr/bin/arm-buildroot-linux-gnueabi-gcc -I/home/ubuntu/tp-link/GPL_X5700_1/iplatform/staging_dir/target-arm-openwrt-linux-uclibc-/usr/include  -I/home/ubuntu/tp-link/GPL_X5700_1/iplatform/staging_dir/target-arm-openwrt-linux-uclibc-/usr/include -I/home/ubuntu/tp-link/GPL_X5700_1/iplatform/staging_dir/target-arm-openwrt-linux-uclibc-/include -I/home/ubuntu/tp-link/GPL_X5700_1/iplatform/../bcm675x/toolchain/opt/toolchains/crosstools-arm-gcc-5.5-linux-4.1-glibc-2.26-binutils-2.28.1/usr/include   -L/home/ubuntu/tp-link/GPL_X5700_1/iplatform/staging_dir/target-arm-openwrt-linux-uclibc-/usr/lib -L/home/ubuntu/tp-link/GPL_X5700_1/iplatform/staging_dir/target-arm-openwrt-linux-uclibc-/lib -Wl,-rpath-link,/home/ubuntu/tp-link/GPL_X5700_1/iplatform/staging_dir/target-arm-openwrt-linux-uclibc-/usr/lib -L/home/ubuntu/tp-link/GPL_X5700_1/iplatform/../bcm675x/toolchain/opt/toolchains/crosstools-arm-gcc-5.5-linux-4.1-glibc-2.26-binutils-2.28.1/usr/lib -L/home/ubuntu/tp-link/GPL_X5700_1/iplatform/../bcm675x/toolchain/opt/toolchains/crosstools-arm-gcc-5.5-linux-4.1-glibc-2.26-binutils-2.28.1/lib -v -rdynamic CMakeFiles/cmTC_f86a0.dir/CMakeCCompilerABI.c.o  -o cmTC_f86a0 
Using built-in specs.
COLLECT_GCC=/home/ubuntu/tp-link/GPL_X5700_1/bcm675x/toolchain/opt/toolchains/crosstools-arm-gcc-5.5-linux-4.1-glibc-2.26-binutils-2.28.1/bin/arm-buildroot-linux-gnueabi-gcc.br_real
COLLECT_LTO_WRAPPER=/home/ubuntu/tp-link/GPL_X5700_1/bcm675x/toolchain/opt/toolchains/crosstools-arm-gcc-5.5-linux-4.1-glibc-2.26-binutils-2.28.1/bin/../libexec/gcc/arm-buildroot-linux-gnueabi/5.5.0/lto-wrapper
Target: arm-buildroot-linux-gnueabi
Configured with: ./configure --prefix=/opt/toolchains/crosstools-arm-gcc-5.5-linux-4.1-glibc-2.26-binutils-2.28.1 --sysconfdir=/opt/toolchains/crosstools-arm-gcc-5.5-linux-4.1-glibc-2.26-binutils-2.28.1/etc --enable-static --target=arm-buildroot-linux-gnueabi --with-sysroot=/opt/toolchains/crosstools-arm-gcc-5.5-linux-4.1-glibc-2.26-binutils-2.28.1/arm-buildroot-linux-gnueabi/sysroot --disable-__cxa_atexit --with-gnu-ld --disable-libssp --disable-multilib --with-gmp=/opt/toolchains/crosstools-arm-gcc-5.5-linux-4.1-glibc-2.26-binutils-2.28.1 --with-mpc=/opt/toolchains/crosstools-arm-gcc-5.5-linux-4.1-glibc-2.26-binutils-2.28.1 --with-mpfr=/opt/toolchains/crosstools-arm-gcc-5.5-linux-4.1-glibc-2.26-binutils-2.28.1 --with-pkgversion='Buildroot 2017.11.1' --with-bugurl=http://bugs.buildroot.net/ --disable-libquadmath --enable-tls --disable-libmudflap --enable-threads --without-isl --without-cloog --with-float=soft --disable-decimal-float --with-abi=aapcs-linux --with-cpu=cortex-a9 --with-float=soft --with-mode=arm --enable-languages=c,c++ --with-build-time-tools=/opt/toolchains/crosstools-arm-gcc-5.5-linux-4.1-glibc-2.26-binutils-2.28.1/arm-buildroot-linux-gnueabi/bin --enable-shared --disable-libgomp
Thread model: posix
gcc version 5.5.0 (Buildroot 2017.11.1) 
COMPILER_PATH=/home/ubuntu/tp-link/GPL_X5700_1/bcm675x/toolchain/opt/toolchains/crosstools-arm-gcc-5.5-linux-4.1-glibc-2.26-binutils-2.28.1/bin/../libexec/gcc/arm-buildroot-linux-gnueabi/5.5.0/:/home/ubuntu/tp-link/GPL_X5700_1/bcm675x/toolchain/opt/toolchains/crosstools-arm-gcc-5.5-linux-4.1-glibc-2.26-binutils-2.28.1/bin/../libexec/gcc/:/home/ubuntu/tp-link/GPL_X5700_1/bcm675x/toolchain/opt/toolchains/crosstools-arm-gcc-5.5-linux-4.1-glibc-2.26-binutils-2.28.1/bin/../lib/gcc/arm-buildroot-linux-gnueabi/5.5.0/../../../../arm-buildroot-linux-gnueabi/bin/
LIBRARY_PATH=/home/ubuntu/tp-link/GPL_X5700_1/bcm675x/toolchain/opt/toolchains/crosstools-arm-gcc-5.5-linux-4.1-glibc-2.26-binutils-2.28.1/bin/../lib/gcc/arm-buildroot-linux-gnueabi/5.5.0/:/home/ubuntu/tp-link/GPL_X5700_1/bcm675x/toolchain/opt/toolchains/crosstools-arm-gcc-5.5-linux-4.1-glibc-2.26-binutils-2.28.1/bin/../lib/gcc/:/home/ubuntu/tp-link/GPL_X5700_1/bcm675x/toolchain/opt/toolchains/crosstools-arm-gcc-5.5-linux-4.1-glibc-2.26-binutils-2.28.1/bin/../lib/gcc/arm-buildroot-linux-gnueabi/5.5.0/../../../../arm-buildroot-linux-gnueabi/lib/:/home/ubuntu/tp-link/GPL_X5700_1/bcm675x/toolchain/opt/toolchains/crosstools-arm-gcc-5.5-linux-4.1-glibc-2.26-binutils-2.28.1/arm-buildroot-linux-gnueabi/sysroot/lib/:/home/ubuntu/tp-link/GPL_X5700_1/bcm675x/toolchain/opt/toolchains/crosstools-arm-gcc-5.5-linux-4.1-glibc-2.26-binutils-2.28.1/arm-buildroot-linux-gnueabi/sysroot/usr/lib/
COLLECT_GCC_OPTIONS='-Os' '-pipe' '-I' '/home/ubuntu/tp-link/GPL_X5700_1/iplatform/staging_dir/target-arm-openwrt-linux-uclibc-/usr/include' '-I' '/home/ubuntu/tp-link/GPL_X5700_1/iplatform/staging_dir/target-arm-openwrt-linux-uclibc-/usr/include' '-I' '/home/ubuntu/tp-link/GPL_X5700_1/iplatform/staging_dir/target-arm-openwrt-linux-uclibc-/include' '-I' '/home/ubuntu/tp-link/GPL_X5700_1/iplatform/../bcm675x/toolchain/opt/toolchains/crosstools-arm-gcc-5.5-linux-4.1-glibc-2.26-binutils-2.28.1/usr/include' '-L/home/ubuntu/tp-link/GPL_X5700_1/iplatform/staging_dir/target-arm-openwrt-linux-uclibc-/usr/lib' '-L/home/ubuntu/tp-link/GPL_X5700_1/iplatform/staging_dir/target-arm-openwrt-linux-uclibc-/lib' '-L/home/ubuntu/tp-link/GPL_X5700_1/iplatform/../bcm675x/toolchain/opt/toolchains/crosstools-arm-gcc-5.5-linux-4.1-glibc-2.26-binutils-2.28.1/usr/lib' '-L/home/ubuntu/tp-link/GPL_X5700_1/iplatform/../bcm675x/toolchain/opt/toolchains/crosstools-arm-gcc-5.5-linux-4.1-glibc-2.26-binutils-2.28.1/lib' '-v' '-rdynamic' '-o' 'cmTC_f86a0' '-mcpu=cortex-a9' '-mfloat-abi=soft' '-mabi=aapcs-linux' '-marm' '-mtls-dialect=gnu'
 /home/ubuntu/tp-link/GPL_X5700_1/bcm675x/toolchain/opt/toolchains/crosstools-arm-gcc-5.5-linux-4.1-glibc-2.26-binutils-2.28.1/bin/../libexec/gcc/arm-buildroot-linux-gnueabi/5.5.0/collect2 -plugin /home/ubuntu/tp-link/GPL_X5700_1/bcm675x/toolchain/opt/toolchains/crosstools-arm-gcc-5.5-linux-4.1-glibc-2.26-binutils-2.28.1/bin/../libexec/gcc/arm-buildroot-linux-gnueabi/5.5.0/liblto_plugin.so -plugin-opt=/home/ubuntu/tp-link/GPL_X5700_1/bcm675x/toolchain/opt/toolchains/crosstools-arm-gcc-5.5-linux-4.1-glibc-2.26-binutils-2.28.1/bin/../libexec/gcc/arm-buildroot-linux-gnueabi/5.5.0/lto-wrapper -plugin-opt=-fresolution=/tmp/ccAZu6Nj.res -plugin-opt=-pass-through=-lgcc -plugin-opt=-pass-through=-lgcc_s -plugin-opt=-pass-through=-lc -plugin-opt=-pass-through=-lgcc -plugin-opt=-pass-through=-lgcc_s --sysroot=/home/ubuntu/tp-link/GPL_X5700_1/bcm675x/toolchain/opt/toolchains/crosstools-arm-gcc-5.5-linux-4.1-glibc-2.26-binutils-2.28.1/arm-buildroot-linux-gnueabi/sysroot --eh-frame-hdr -export-dynamic -dynamic-linker /lib/ld-linux.so.3 -X -m armelf_linux_eabi -o cmTC_f86a0 /home/ubuntu/tp-link/GPL_X5700_1/bcm675x/toolchain/opt/toolchains/crosstools-arm-gcc-5.5-linux-4.1-glibc-2.26-binutils-2.28.1/arm-buildroot-linux-gnueabi/sysroot/usr/lib/crt1.o /home/ubuntu/tp-link/GPL_X5700_1/bcm675x/toolchain/opt/toolchains/crosstools-arm-gcc-5.5-linux-4.1-glibc-2.26-binutils-2.28.1/arm-buildroot-linux-gnueabi/sysroot/usr/lib/crti.o /home/ubuntu/tp-link/GPL_X5700_1/bcm675x/toolchain/opt/toolchains/crosstools-arm-gcc-5.5-linux-4.1-glibc-2.26-binutils-2.28.1/bin/../lib/gcc/arm-buildroot-linux-gnueabi/5.5.0/crtbegin.o -L/home/ubuntu/tp-link/GPL_X5700_1/iplatform/staging_dir/target-arm-openwrt-linux-uclibc-/usr/lib -L/home/ubuntu/tp-link/GPL_X5700_1/iplatform/staging_dir/target-arm-openwrt-linux-uclibc-/lib -L/home/ubuntu/tp-link/GPL_X5700_1/iplatform/../bcm675x/toolchain/opt/toolchains/crosstools-arm-gcc-5.5-linux-4.1-glibc-2.26-binutils-2.28.1/usr/lib -L/home/ubuntu/tp-link/GPL_X5700_1/iplatform/../bcm675x/toolchain/opt/toolchains/crosstools-arm-gcc-5.5-linux-4.1-glibc-2.26-binutils-2.28.1/lib -L/home/ubuntu/tp-link/GPL_X5700_1/bcm675x/toolchain/opt/toolchains/crosstools-arm-gcc-5.5-linux-4.1-glibc-2.26-binutils-2.28.1/bin/../lib/gcc/arm-buildroot-linux-gnueabi/5.5.0 -L/home/ubuntu/tp-link/GPL_X5700_1/bcm675x/toolchain/opt/toolchains/crosstools-arm-gcc-5.5-linux-4.1-glibc-2.26-binutils-2.28.1/bin/../lib/gcc -L/home/ubuntu/tp-link/GPL_X5700_1/bcm675x/toolchain/opt/toolchains/crosstools-arm-gcc-5.5-linux-4.1-glibc-2.26-binutils-2.28.1/bin/../lib/gcc/arm-buildroot-linux-gnueabi/5.5.0/../../../../arm-buildroot-linux-gnueabi/lib -L/home/ubuntu/tp-link/GPL_X5700_1/bcm675x/toolchain/opt/toolchains/crosstools-arm-gcc-5.5-linux-4.1-glibc-2.26-binutils-2.28.1/arm-buildroot-linux-gnueabi/sysroot/lib -L/home/ubuntu/tp-link/GPL_X5700_1/bcm675x/toolchain/opt/toolchains/crosstools-arm-gcc-5.5-linux-4.1-glibc-2.26-binutils-2.28.1/arm-buildroot-linux-gnueabi/sysroot/usr/lib -rpath-link /home/ubuntu/tp-link/GPL_X5700_1/iplatform/staging_dir/target-arm-openwrt-linux-uclibc-/usr/lib CMakeFiles/cmTC_f86a0.dir/CMakeCCompilerABI.c.o -lgcc --as-needed -lgcc_s --no-as-needed -lc -lgcc --as-needed -lgcc_s --no-as-needed /home/ubuntu/tp-link/GPL_X5700_1/bcm675x/toolchain/opt/toolchains/crosstools-arm-gcc-5.5-linux-4.1-glibc-2.26-binutils-2.28.1/bin/../lib/gcc/arm-buildroot-linux-gnueabi/5.5.0/crtend.o /home/ubuntu/tp-link/GPL_X5700_1/bcm675x/toolchain/opt/toolchains/crosstools-arm-gcc-5.5-linux-4.1-glibc-2.26-binutils-2.28.1/arm-buildroot-linux-gnueabi/sysroot/usr/lib/crtn.o
make[5]: Leaving directory `/home/ubuntu/tp-link/GPL_X5700_1/iplatform/build_dir/target-arm-openwrt-linux-uclibc-/libubox-2015-11-08/CMakeFiles/CMakeTmp'
make[4]: Leaving directory `/home/ubuntu/tp-link/GPL_X5700_1/iplatform/build_dir/target-arm-openwrt-linux-uclibc-/libubox-2015-11-08/CMakeFiles/CMakeTmp'


Parsed C implicit link information from above output:
  link line regex: [^( *|.*[/\])(arm-buildroot-linux-gnueabi-ld|CMAKE_LINK_STARTFILE-NOTFOUND|([^/\]+-)?ld|collect2)[^/\]*( |$)]
  ignore line: [Change Dir: /home/ubuntu/tp-link/GPL_X5700_1/iplatform/build_dir/target-arm-openwrt-linux-uclibc-/libubox-2015-11-08/CMakeFiles/CMakeTmp]
  ignore line: []
  ignore line: [Run Build Command:"/usr/bin/make" "cmTC_f86a0/fast"]
  ignore line: [make[4]: Entering directory `/home/ubuntu/tp-link/GPL_X5700_1/iplatform/build_dir/target-arm-openwrt-linux-uclibc-/libubox-2015-11-08/CMakeFiles/CMakeTmp']
  ignore line: [/usr/bin/make -f CMakeFiles/cmTC_f86a0.dir/build.make CMakeFiles/cmTC_f86a0.dir/build]
  ignore line: [make[5]: Entering directory `/home/ubuntu/tp-link/GPL_X5700_1/iplatform/build_dir/target-arm-openwrt-linux-uclibc-/libubox-2015-11-08/CMakeFiles/CMakeTmp']
  ignore line: [Building C object CMakeFiles/cmTC_f86a0.dir/CMakeCCompilerABI.c.o]
  ignore line: [/home/ubuntu/tp-link/GPL_X5700_1/iplatform/../bcm675x/toolchain/opt/toolchains/crosstools-arm-gcc-5.5-linux-4.1-glibc-2.26-binutils-2.28.1/usr/bin/arm-buildroot-linux-gnueabi-gcc   -I/home/ubuntu/tp-link/GPL_X5700_1/iplatform/staging_dir/target-arm-openwrt-linux-uclibc-/usr/include  -I/home/ubuntu/tp-link/GPL_X5700_1/iplatform/staging_dir/target-arm-openwrt-linux-uclibc-/usr/include -I/home/ubuntu/tp-link/GPL_X5700_1/iplatform/staging_dir/target-arm-openwrt-linux-uclibc-/include -I/home/ubuntu/tp-link/GPL_X5700_1/iplatform/../bcm675x/toolchain/opt/toolchains/crosstools-arm-gcc-5.5-linux-4.1-glibc-2.26-binutils-2.28.1/usr/include    -o CMakeFiles/cmTC_f86a0.dir/CMakeCCompilerABI.c.o   -c /home/ubuntu/tp-link/GPL_X5700_1/iplatform/staging_dir/host/share/cmake-3.13/Modules/CMakeCCompilerABI.c]
  ignore line: [Linking C executable cmTC_f86a0]
  ignore line: [/home/ubuntu/tp-link/GPL_X5700_1/iplatform/staging_dir/host/bin/cmake -E cmake_link_script CMakeFiles/cmTC_f86a0.dir/link.txt --verbose=1]
  ignore line: [/home/ubuntu/tp-link/GPL_X5700_1/iplatform/../bcm675x/toolchain/opt/toolchains/crosstools-arm-gcc-5.5-linux-4.1-glibc-2.26-binutils-2.28.1/usr/bin/arm-buildroot-linux-gnueabi-gcc -I/home/ubuntu/tp-link/GPL_X5700_1/iplatform/staging_dir/target-arm-openwrt-linux-uclibc-/usr/include  -I/home/ubuntu/tp-link/GPL_X5700_1/iplatform/staging_dir/target-arm-openwrt-linux-uclibc-/usr/include -I/home/ubuntu/tp-link/GPL_X5700_1/iplatform/staging_dir/target-arm-openwrt-linux-uclibc-/include -I/home/ubuntu/tp-link/GPL_X5700_1/iplatform/../bcm675x/toolchain/opt/toolchains/crosstools-arm-gcc-5.5-linux-4.1-glibc-2.26-binutils-2.28.1/usr/include   -L/home/ubuntu/tp-link/GPL_X5700_1/iplatform/staging_dir/target-arm-openwrt-linux-uclibc-/usr/lib -L/home/ubuntu/tp-link/GPL_X5700_1/iplatform/staging_dir/target-arm-openwrt-linux-uclibc-/lib -Wl,-rpath-link,/home/ubuntu/tp-link/GPL_X5700_1/iplatform/staging_dir/target-arm-openwrt-linux-uclibc-/usr/lib -L/home/ubuntu/tp-link/GPL_X5700_1/iplatform/../bcm675x/toolchain/opt/toolchains/crosstools-arm-gcc-5.5-linux-4.1-glibc-2.26-binutils-2.28.1/usr/lib -L/home/ubuntu/tp-link/GPL_X5700_1/iplatform/../bcm675x/toolchain/opt/toolchains/crosstools-arm-gcc-5.5-linux-4.1-glibc-2.26-binutils-2.28.1/lib -v -rdynamic CMakeFiles/cmTC_f86a0.dir/CMakeCCompilerABI.c.o  -o cmTC_f86a0 ]
  ignore line: [Using built-in specs.]
  ignore line: [COLLECT_GCC=/home/ubuntu/tp-link/GPL_X5700_1/bcm675x/toolchain/opt/toolchains/crosstools-arm-gcc-5.5-linux-4.1-glibc-2.26-binutils-2.28.1/bin/arm-buildroot-linux-gnueabi-gcc.br_real]
  ignore line: [COLLECT_LTO_WRAPPER=/home/ubuntu/tp-link/GPL_X5700_1/bcm675x/toolchain/opt/toolchains/crosstools-arm-gcc-5.5-linux-4.1-glibc-2.26-binutils-2.28.1/bin/../libexec/gcc/arm-buildroot-linux-gnueabi/5.5.0/lto-wrapper]
  ignore line: [Target: arm-buildroot-linux-gnueabi]
  ignore line: [Configured with: ./configure --prefix=/opt/toolchains/crosstools-arm-gcc-5.5-linux-4.1-glibc-2.26-binutils-2.28.1 --sysconfdir=/opt/toolchains/crosstools-arm-gcc-5.5-linux-4.1-glibc-2.26-binutils-2.28.1/etc --enable-static --target=arm-buildroot-linux-gnueabi --with-sysroot=/opt/toolchains/crosstools-arm-gcc-5.5-linux-4.1-glibc-2.26-binutils-2.28.1/arm-buildroot-linux-gnueabi/sysroot --disable-__cxa_atexit --with-gnu-ld --disable-libssp --disable-multilib --with-gmp=/opt/toolchains/crosstools-arm-gcc-5.5-linux-4.1-glibc-2.26-binutils-2.28.1 --with-mpc=/opt/toolchains/crosstools-arm-gcc-5.5-linux-4.1-glibc-2.26-binutils-2.28.1 --with-mpfr=/opt/toolchains/crosstools-arm-gcc-5.5-linux-4.1-glibc-2.26-binutils-2.28.1 --with-pkgversion='Buildroot 2017.11.1' --with-bugurl=http://bugs.buildroot.net/ --disable-libquadmath --enable-tls --disable-libmudflap --enable-threads --without-isl --without-cloog --with-float=soft --disable-decimal-float --with-abi=aapcs-linux --with-cpu=cortex-a9 --with-float=soft --with-mode=arm --enable-languages=c,c++ --with-build-time-tools=/opt/toolchains/crosstools-arm-gcc-5.5-linux-4.1-glibc-2.26-binutils-2.28.1/arm-buildroot-linux-gnueabi/bin --enable-shared --disable-libgomp]
  ignore line: [Thread model: posix]
  ignore line: [gcc version 5.5.0 (Buildroot 2017.11.1) ]
  ignore line: [COMPILER_PATH=/home/ubuntu/tp-link/GPL_X5700_1/bcm675x/toolchain/opt/toolchains/crosstools-arm-gcc-5.5-linux-4.1-glibc-2.26-binutils-2.28.1/bin/../libexec/gcc/arm-buildroot-linux-gnueabi/5.5.0/:/home/ubuntu/tp-link/GPL_X5700_1/bcm675x/toolchain/opt/toolchains/crosstools-arm-gcc-5.5-linux-4.1-glibc-2.26-binutils-2.28.1/bin/../libexec/gcc/:/home/ubuntu/tp-link/GPL_X5700_1/bcm675x/toolchain/opt/toolchains/crosstools-arm-gcc-5.5-linux-4.1-glibc-2.26-binutils-2.28.1/bin/../lib/gcc/arm-buildroot-linux-gnueabi/5.5.0/../../../../arm-buildroot-linux-gnueabi/bin/]
  ignore line: [LIBRARY_PATH=/home/ubuntu/tp-link/GPL_X5700_1/bcm675x/toolchain/opt/toolchains/crosstools-arm-gcc-5.5-linux-4.1-glibc-2.26-binutils-2.28.1/bin/../lib/gcc/arm-buildroot-linux-gnueabi/5.5.0/:/home/ubuntu/tp-link/GPL_X5700_1/bcm675x/toolchain/opt/toolchains/crosstools-arm-gcc-5.5-linux-4.1-glibc-2.26-binutils-2.28.1/bin/../lib/gcc/:/home/ubuntu/tp-link/GPL_X5700_1/bcm675x/toolchain/opt/toolchains/crosstools-arm-gcc-5.5-linux-4.1-glibc-2.26-binutils-2.28.1/bin/../lib/gcc/arm-buildroot-linux-gnueabi/5.5.0/../../../../arm-buildroot-linux-gnueabi/lib/:/home/ubuntu/tp-link/GPL_X5700_1/bcm675x/toolchain/opt/toolchains/crosstools-arm-gcc-5.5-linux-4.1-glibc-2.26-binutils-2.28.1/arm-buildroot-linux-gnueabi/sysroot/lib/:/home/ubuntu/tp-link/GPL_X5700_1/bcm675x/toolchain/opt/toolchains/crosstools-arm-gcc-5.5-linux-4.1-glibc-2.26-binutils-2.28.1/arm-buildroot-linux-gnueabi/sysroot/usr/lib/]
  ignore line: [COLLECT_GCC_OPTIONS='-Os' '-pipe' '-I' '/home/ubuntu/tp-link/GPL_X5700_1/iplatform/staging_dir/target-arm-openwrt-linux-uclibc-/usr/include' '-I' '/home/ubuntu/tp-link/GPL_X5700_1/iplatform/staging_dir/target-arm-openwrt-linux-uclibc-/usr/include' '-I' '/home/ubuntu/tp-link/GPL_X5700_1/iplatform/staging_dir/target-arm-openwrt-linux-uclibc-/include' '-I' '/home/ubuntu/tp-link/GPL_X5700_1/iplatform/../bcm675x/toolchain/opt/toolchains/crosstools-arm-gcc-5.5-linux-4.1-glibc-2.26-binutils-2.28.1/usr/include' '-L/home/ubuntu/tp-link/GPL_X5700_1/iplatform/staging_dir/target-arm-openwrt-linux-uclibc-/usr/lib' '-L/home/ubuntu/tp-link/GPL_X5700_1/iplatform/staging_dir/target-arm-openwrt-linux-uclibc-/lib' '-L/home/ubuntu/tp-link/GPL_X5700_1/iplatform/../bcm675x/toolchain/opt/toolchains/crosstools-arm-gcc-5.5-linux-4.1-glibc-2.26-binutils-2.28.1/usr/lib' '-L/home/ubuntu/tp-link/GPL_X5700_1/iplatform/../bcm675x/toolchain/opt/toolchains/crosstools-arm-gcc-5.5-linux-4.1-glibc-2.26-binutils-2.28.1/lib' '-v' '-rdynamic' '-o' 'cmTC_f86a0' '-mcpu=cortex-a9' '-mfloat-abi=soft' '-mabi=aapcs-linux' '-marm' '-mtls-dialect=gnu']
  link line: [ /home/ubuntu/tp-link/GPL_X5700_1/bcm675x/toolchain/opt/toolchains/crosstools-arm-gcc-5.5-linux-4.1-glibc-2.26-binutils-2.28.1/bin/../libexec/gcc/arm-buildroot-linux-gnueabi/5.5.0/collect2 -plugin /home/ubuntu/tp-link/GPL_X5700_1/bcm675x/toolchain/opt/toolchains/crosstools-arm-gcc-5.5-linux-4.1-glibc-2.26-binutils-2.28.1/bin/../libexec/gcc/arm-buildroot-linux-gnueabi/5.5.0/liblto_plugin.so -plugin-opt=/home/ubuntu/tp-link/GPL_X5700_1/bcm675x/toolchain/opt/toolchains/crosstools-arm-gcc-5.5-linux-4.1-glibc-2.26-binutils-2.28.1/bin/../libexec/gcc/arm-buildroot-linux-gnueabi/5.5.0/lto-wrapper -plugin-opt=-fresolution=/tmp/ccAZu6Nj.res -plugin-opt=-pass-through=-lgcc -plugin-opt=-pass-through=-lgcc_s -plugin-opt=-pass-through=-lc -plugin-opt=-pass-through=-lgcc -plugin-opt=-pass-through=-lgcc_s --sysroot=/home/ubuntu/tp-link/GPL_X5700_1/bcm675x/toolchain/opt/toolchains/crosstools-arm-gcc-5.5-linux-4.1-glibc-2.26-binutils-2.28.1/arm-buildroot-linux-gnueabi/sysroot --eh-frame-hdr -export-dynamic -dynamic-linker /lib/ld-linux.so.3 -X -m armelf_linux_eabi -o cmTC_f86a0 /home/ubuntu/tp-link/GPL_X5700_1/bcm675x/toolchain/opt/toolchains/crosstools-arm-gcc-5.5-linux-4.1-glibc-2.26-binutils-2.28.1/arm-buildroot-linux-gnueabi/sysroot/usr/lib/crt1.o /home/ubuntu/tp-link/GPL_X5700_1/bcm675x/toolchain/opt/toolchains/crosstools-arm-gcc-5.5-linux-4.1-glibc-2.26-binutils-2.28.1/arm-buildroot-linux-gnueabi/sysroot/usr/lib/crti.o /home/ubuntu/tp-link/GPL_X5700_1/bcm675x/toolchain/opt/toolchains/crosstools-arm-gcc-5.5-linux-4.1-glibc-2.26-binutils-2.28.1/bin/../lib/gcc/arm-buildroot-linux-gnueabi/5.5.0/crtbegin.o -L/home/ubuntu/tp-link/GPL_X5700_1/iplatform/staging_dir/target-arm-openwrt-linux-uclibc-/usr/lib -L/home/ubuntu/tp-link/GPL_X5700_1/iplatform/staging_dir/target-arm-openwrt-linux-uclibc-/lib -L/home/ubuntu/tp-link/GPL_X5700_1/iplatform/../bcm675x/toolchain/opt/toolchains/crosstools-arm-gcc-5.5-linux-4.1-glibc-2.26-binutils-2.28.1/usr/lib -L/home/ubuntu/tp-link/GPL_X5700_1/iplatform/../bcm675x/toolchain/opt/toolchains/crosstools-arm-gcc-5.5-linux-4.1-glibc-2.26-binutils-2.28.1/lib -L/home/ubuntu/tp-link/GPL_X5700_1/bcm675x/toolchain/opt/toolchains/crosstools-arm-gcc-5.5-linux-4.1-glibc-2.26-binutils-2.28.1/bin/../lib/gcc/arm-buildroot-linux-gnueabi/5.5.0 -L/home/ubuntu/tp-link/GPL_X5700_1/bcm675x/toolchain/opt/toolchains/crosstools-arm-gcc-5.5-linux-4.1-glibc-2.26-binutils-2.28.1/bin/../lib/gcc -L/home/ubuntu/tp-link/GPL_X5700_1/bcm675x/toolchain/opt/toolchains/crosstools-arm-gcc-5.5-linux-4.1-glibc-2.26-binutils-2.28.1/bin/../lib/gcc/arm-buildroot-linux-gnueabi/5.5.0/../../../../arm-buildroot-linux-gnueabi/lib -L/home/ubuntu/tp-link/GPL_X5700_1/bcm675x/toolchain/opt/toolchains/crosstools-arm-gcc-5.5-linux-4.1-glibc-2.26-binutils-2.28.1/arm-buildroot-linux-gnueabi/sysroot/lib -L/home/ubuntu/tp-link/GPL_X5700_1/bcm675x/toolchain/opt/toolchains/crosstools-arm-gcc-5.5-linux-4.1-glibc-2.26-binutils-2.28.1/arm-buildroot-linux-gnueabi/sysroot/usr/lib -rpath-link /home/ubuntu/tp-link/GPL_X5700_1/iplatform/staging_dir/target-arm-openwrt-linux-uclibc-/usr/lib CMakeFiles/cmTC_f86a0.dir/CMakeCCompilerABI.c.o -lgcc --as-needed -lgcc_s --no-as-needed -lc -lgcc --as-needed -lgcc_s --no-as-needed /home/ubuntu/tp-link/GPL_X5700_1/bcm675x/toolchain/opt/toolchains/crosstools-arm-gcc-5.5-linux-4.1-glibc-2.26-binutils-2.28.1/bin/../lib/gcc/arm-buildroot-linux-gnueabi/5.5.0/crtend.o /home/ubuntu/tp-link/GPL_X5700_1/bcm675x/toolchain/opt/toolchains/crosstools-arm-gcc-5.5-linux-4.1-glibc-2.26-binutils-2.28.1/arm-buildroot-linux-gnueabi/sysroot/usr/lib/crtn.o]
    arg [/home/ubuntu/tp-link/GPL_X5700_1/bcm675x/toolchain/opt/toolchains/crosstools-arm-gcc-5.5-linux-4.1-glibc-2.26-binutils-2.28.1/bin/../libexec/gcc/arm-buildroot-linux-gnueabi/5.5.0/collect2] ==> ignore
    arg [-plugin] ==> ignore
    arg [/home/ubuntu/tp-link/GPL_X5700_1/bcm675x/toolchain/opt/toolchains/crosstools-arm-gcc-5.5-linux-4.1-glibc-2.26-binutils-2.28.1/bin/../libexec/gcc/arm-buildroot-linux-gnueabi/5.5.0/liblto_plugin.so] ==> ignore
    arg [-plugin-opt=/home/ubuntu/tp-link/GPL_X5700_1/bcm675x/toolchain/opt/toolchains/crosstools-arm-gcc-5.5-linux-4.1-glibc-2.26-binutils-2.28.1/bin/../libexec/gcc/arm-buildroot-linux-gnueabi/5.5.0/lto-wrapper] ==> ignore
    arg [-plugin-opt=-fresolution=/tmp/ccAZu6Nj.res] ==> ignore
    arg [-plugin-opt=-pass-through=-lgcc] ==> ignore
    arg [-plugin-opt=-pass-through=-lgcc_s] ==> ignore
    arg [-plugin-opt=-pass-through=-lc] ==> ignore
    arg [-plugin-opt=-pass-through=-lgcc] ==> ignore
    arg [-plugin-opt=-pass-through=-lgcc_s] ==> ignore
    arg [--sysroot=/home/ubuntu/tp-link/GPL_X5700_1/bcm675x/toolchain/opt/toolchains/crosstools-arm-gcc-5.5-linux-4.1-glibc-2.26-binutils-2.28.1/arm-buildroot-linux-gnueabi/sysroot] ==> ignore
    arg [--eh-frame-hdr] ==> ignore
    arg [-export-dynamic] ==> ignore
    arg [-dynamic-linker] ==> ignore
    arg [/lib/ld-linux.so.3] ==> ignore
    arg [-X] ==> ignore
    arg [-m] ==> ignore
    arg [armelf_linux_eabi] ==> ignore
    arg [-o] ==> ignore
    arg [cmTC_f86a0] ==> ignore
    arg [/home/ubuntu/tp-link/GPL_X5700_1/bcm675x/toolchain/opt/toolchains/crosstools-arm-gcc-5.5-linux-4.1-glibc-2.26-binutils-2.28.1/arm-buildroot-linux-gnueabi/sysroot/usr/lib/crt1.o] ==> ignore
    arg [/home/ubuntu/tp-link/GPL_X5700_1/bcm675x/toolchain/opt/toolchains/crosstools-arm-gcc-5.5-linux-4.1-glibc-2.26-binutils-2.28.1/arm-buildroot-linux-gnueabi/sysroot/usr/lib/crti.o] ==> ignore
    arg [/home/ubuntu/tp-link/GPL_X5700_1/bcm675x/toolchain/opt/toolchains/crosstools-arm-gcc-5.5-linux-4.1-glibc-2.26-binutils-2.28.1/bin/../lib/gcc/arm-buildroot-linux-gnueabi/5.5.0/crtbegin.o] ==> ignore
    arg [-L/home/ubuntu/tp-link/GPL_X5700_1/iplatform/staging_dir/target-arm-openwrt-linux-uclibc-/usr/lib] ==> dir [/home/ubuntu/tp-link/GPL_X5700_1/iplatform/staging_dir/target-arm-openwrt-linux-uclibc-/usr/lib]
    arg [-L/home/ubuntu/tp-link/GPL_X5700_1/iplatform/staging_dir/target-arm-openwrt-linux-uclibc-/lib] ==> dir [/home/ubuntu/tp-link/GPL_X5700_1/iplatform/staging_dir/target-arm-openwrt-linux-uclibc-/lib]
    arg [-L/home/ubuntu/tp-link/GPL_X5700_1/iplatform/../bcm675x/toolchain/opt/toolchains/crosstools-arm-gcc-5.5-linux-4.1-glibc-2.26-binutils-2.28.1/usr/lib] ==> dir [/home/ubuntu/tp-link/GPL_X5700_1/iplatform/../bcm675x/toolchain/opt/toolchains/crosstools-arm-gcc-5.5-linux-4.1-glibc-2.26-binutils-2.28.1/usr/lib]
    arg [-L/home/ubuntu/tp-link/GPL_X5700_1/iplatform/../bcm675x/toolchain/opt/toolchains/crosstools-arm-gcc-5.5-linux-4.1-glibc-2.26-binutils-2.28.1/lib] ==> dir [/home/ubuntu/tp-link/GPL_X5700_1/iplatform/../bcm675x/toolchain/opt/toolchains/crosstools-arm-gcc-5.5-linux-4.1-glibc-2.26-binutils-2.28.1/lib]
    arg [-L/home/ubuntu/tp-link/GPL_X5700_1/bcm675x/toolchain/opt/toolchains/crosstools-arm-gcc-5.5-linux-4.1-glibc-2.26-binutils-2.28.1/bin/../lib/gcc/arm-buildroot-linux-gnueabi/5.5.0] ==> dir [/home/ubuntu/tp-link/GPL_X5700_1/bcm675x/toolchain/opt/toolchains/crosstools-arm-gcc-5.5-linux-4.1-glibc-2.26-binutils-2.28.1/bin/../lib/gcc/arm-buildroot-linux-gnueabi/5.5.0]
    arg [-L/home/ubuntu/tp-link/GPL_X5700_1/bcm675x/toolchain/opt/toolchains/crosstools-arm-gcc-5.5-linux-4.1-glibc-2.26-binutils-2.28.1/bin/../lib/gcc] ==> dir [/home/ubuntu/tp-link/GPL_X5700_1/bcm675x/toolchain/opt/toolchains/crosstools-arm-gcc-5.5-linux-4.1-glibc-2.26-binutils-2.28.1/bin/../lib/gcc]
    arg [-L/home/ubuntu/tp-link/GPL_X5700_1/bcm675x/toolchain/opt/toolchains/crosstools-arm-gcc-5.5-linux-4.1-glibc-2.26-binutils-2.28.1/bin/../lib/gcc/arm-buildroot-linux-gnueabi/5.5.0/../../../../arm-buildroot-linux-gnueabi/lib] ==> dir [/home/ubuntu/tp-link/GPL_X5700_1/bcm675x/toolchain/opt/toolchains/crosstools-arm-gcc-5.5-linux-4.1-glibc-2.26-binutils-2.28.1/bin/../lib/gcc/arm-buildroot-linux-gnueabi/5.5.0/../../../../arm-buildroot-linux-gnueabi/lib]
    arg [-L/home/ubuntu/tp-link/GPL_X5700_1/bcm675x/toolchain/opt/toolchains/crosstools-arm-gcc-5.5-linux-4.1-glibc-2.26-binutils-2.28.1/arm-buildroot-linux-gnueabi/sysroot/lib] ==> dir [/home/ubuntu/tp-link/GPL_X5700_1/bcm675x/toolchain/opt/toolchains/crosstools-arm-gcc-5.5-linux-4.1-glibc-2.26-binutils-2.28.1/arm-buildroot-linux-gnueabi/sysroot/lib]
    arg [-L/home/ubuntu/tp-link/GPL_X5700_1/bcm675x/toolchain/opt/toolchains/crosstools-arm-gcc-5.5-linux-4.1-glibc-2.26-binutils-2.28.1/arm-buildroot-linux-gnueabi/sysroot/usr/lib] ==> dir [/home/ubuntu/tp-link/GPL_X5700_1/bcm675x/toolchain/opt/toolchains/crosstools-arm-gcc-5.5-linux-4.1-glibc-2.26-binutils-2.28.1/arm-buildroot-linux-gnueabi/sysroot/usr/lib]
    arg [-rpath-link] ==> ignore
    arg [/home/ubuntu/tp-link/GPL_X5700_1/iplatform/staging_dir/target-arm-openwrt-linux-uclibc-/usr/lib] ==> ignore
    arg [CMakeFiles/cmTC_f86a0.dir/CMakeCCompilerABI.c.o] ==> ignore
    arg [-lgcc] ==> lib [gcc]
    arg [--as-needed] ==> ignore
    arg [-lgcc_s] ==> lib [gcc_s]
    arg [--no-as-needed] ==> ignore
    arg [-lc] ==> lib [c]
    arg [-lgcc] ==> lib [gcc]
    arg [--as-needed] ==> ignore
    arg [-lgcc_s] ==> lib [gcc_s]
    arg [--no-as-needed] ==> ignore
    arg [/home/ubuntu/tp-link/GPL_X5700_1/bcm675x/toolchain/opt/toolchains/crosstools-arm-gcc-5.5-linux-4.1-glibc-2.26-binutils-2.28.1/bin/../lib/gcc/arm-buildroot-linux-gnueabi/5.5.0/crtend.o] ==> ignore
    arg [/home/ubuntu/tp-link/GPL_X5700_1/bcm675x/toolchain/opt/toolchains/crosstools-arm-gcc-5.5-linux-4.1-glibc-2.26-binutils-2.28.1/arm-buildroot-linux-gnueabi/sysroot/usr/lib/crtn.o] ==> ignore
  collapse library dir [/home/ubuntu/tp-link/GPL_X5700_1/iplatform/staging_dir/target-arm-openwrt-linux-uclibc-/usr/lib] ==> [/home/ubuntu/tp-link/GPL_X5700_1/iplatform/staging_dir/target-arm-openwrt-linux-uclibc-/usr/lib]
  collapse library dir [/home/ubuntu/tp-link/GPL_X5700_1/iplatform/staging_dir/target-arm-openwrt-linux-uclibc-/lib] ==> [/home/ubuntu/tp-link/GPL_X5700_1/iplatform/staging_dir/target-arm-openwrt-linux-uclibc-/lib]
  collapse library dir [/home/ubuntu/tp-link/GPL_X5700_1/iplatform/../bcm675x/toolchain/opt/toolchains/crosstools-arm-gcc-5.5-linux-4.1-glibc-2.26-binutils-2.28.1/usr/lib] ==> [/home/ubuntu/tp-link/GPL_X5700_1/bcm675x/toolchain/opt/toolchains/crosstools-arm-gcc-5.5-linux-4.1-glibc-2.26-binutils-2.28.1/usr/lib]
  collapse library dir [/home/ubuntu/tp-link/GPL_X5700_1/iplatform/../bcm675x/toolchain/opt/toolchains/crosstools-arm-gcc-5.5-linux-4.1-glibc-2.26-binutils-2.28.1/lib] ==> [/home/ubuntu/tp-link/GPL_X5700_1/bcm675x/toolchain/opt/toolchains/crosstools-arm-gcc-5.5-linux-4.1-glibc-2.26-binutils-2.28.1/lib]
  collapse library dir [/home/ubuntu/tp-link/GPL_X5700_1/bcm675x/toolchain/opt/toolchains/crosstools-arm-gcc-5.5-linux-4.1-glibc-2.26-binutils-2.28.1/bin/../lib/gcc/arm-buildroot-linux-gnueabi/5.5.0] ==> [/home/ubuntu/tp-link/GPL_X5700_1/bcm675x/toolchain/opt/toolchains/crosstools-arm-gcc-5.5-linux-4.1-glibc-2.26-binutils-2.28.1/lib/gcc/arm-buildroot-linux-gnueabi/5.5.0]
  collapse library dir [/home/ubuntu/tp-link/GPL_X5700_1/bcm675x/toolchain/opt/toolchains/crosstools-arm-gcc-5.5-linux-4.1-glibc-2.26-binutils-2.28.1/bin/../lib/gcc] ==> [/home/ubuntu/tp-link/GPL_X5700_1/bcm675x/toolchain/opt/toolchains/crosstools-arm-gcc-5.5-linux-4.1-glibc-2.26-binutils-2.28.1/lib/gcc]
  collapse library dir [/home/ubuntu/tp-link/GPL_X5700_1/bcm675x/toolchain/opt/toolchains/crosstools-arm-gcc-5.5-linux-4.1-glibc-2.26-binutils-2.28.1/bin/../lib/gcc/arm-buildroot-linux-gnueabi/5.5.0/../../../../arm-buildroot-linux-gnueabi/lib] ==> [/home/ubuntu/tp-link/GPL_X5700_1/bcm675x/toolchain/opt/toolchains/crosstools-arm-gcc-5.5-linux-4.1-glibc-2.26-binutils-2.28.1/arm-buildroot-linux-gnueabi/lib]
  collapse library dir [/home/ubuntu/tp-link/GPL_X5700_1/bcm675x/toolchain/opt/toolchains/crosstools-arm-gcc-5.5-linux-4.1-glibc-2.26-binutils-2.28.1/arm-buildroot-linux-gnueabi/sysroot/lib] ==> [/home/ubuntu/tp-link/GPL_X5700_1/bcm675x/toolchain/opt/toolchains/crosstools-arm-gcc-5.5-linux-4.1-glibc-2.26-binutils-2.28.1/arm-buildroot-linux-gnueabi/sysroot/lib]
  collapse library dir [/home/ubuntu/tp-link/GPL_X5700_1/bcm675x/toolchain/opt/toolchains/crosstools-arm-gcc-5.5-linux-4.1-glibc-2.26-binutils-2.28.1/arm-buildroot-linux-gnueabi/sysroot/usr/lib] ==> [/home/ubuntu/tp-link/GPL_X5700_1/bcm675x/toolchain/opt/toolchains/crosstools-arm-gcc-5.5-linux-4.1-glibc-2.26-binutils-2.28.1/arm-buildroot-linux-gnueabi/sysroot/usr/lib]
  implicit libs: [gcc;gcc_s;c;gcc;gcc_s]
  implicit dirs: [/home/ubuntu/tp-link/GPL_X5700_1/iplatform/staging_dir/target-arm-openwrt-linux-uclibc-/usr/lib;/home/ubuntu/tp-link/GPL_X5700_1/iplatform/staging_dir/target-arm-openwrt-linux-uclibc-/lib;/home/ubuntu/tp-link/GPL_X5700_1/bcm675x/toolchain/opt/toolchains/crosstools-arm-gcc-5.5-linux-4.1-glibc-2.26-binutils-2.28.1/usr/lib;/home/ubuntu/tp-link/GPL_X5700_1/bcm675x/toolchain/opt/toolchains/crosstools-arm-gcc-5.5-linux-4.1-glibc-2.26-binutils-2.28.1/lib;/home/ubuntu/tp-link/GPL_X5700_1/bcm675x/toolchain/opt/toolchains/crosstools-arm-gcc-5.5-linux-4.1-glibc-2.26-binutils-2.28.1/lib/gcc/arm-buildroot-linux-gnueabi/5.5.0;/home/ubuntu/tp-link/GPL_X5700_1/bcm675x/toolchain/opt/toolchains/crosstools-arm-gcc-5.5-linux-4.1-glibc-2.26-binutils-2.28.1/lib/gcc;/home/ubuntu/tp-link/GPL_X5700_1/bcm675x/toolchain/opt/toolchains/crosstools-arm-gcc-5.5-linux-4.1-glibc-2.26-binutils-2.28.1/arm-buildroot-linux-gnueabi/lib;/home/ubuntu/tp-link/GPL_X5700_1/bcm675x/toolchain/opt/toolchains/crosstools-arm-gcc-5.5-linux-4.1-glibc-2.26-binutils-2.28.1/arm-buildroot-linux-gnueabi/sysroot/lib;/home/ubuntu/tp-link/GPL_X5700_1/bcm675x/toolchain/opt/toolchains/crosstools-arm-gcc-5.5-linux-4.1-glibc-2.26-binutils-2.28.1/arm-buildroot-linux-gnueabi/sysroot/usr/lib]
  implicit fwks: []




Detecting C [-std=c11] compiler features compiled with the following output:
Change Dir: /home/ubuntu/tp-link/GPL_X5700_1/iplatform/build_dir/target-arm-openwrt-linux-uclibc-/libubox-2015-11-08/CMakeFiles/CMakeTmp

Run Build Command:"/usr/bin/make" "cmTC_8ded3/fast"
make[4]: Entering directory `/home/ubuntu/tp-link/GPL_X5700_1/iplatform/build_dir/target-arm-openwrt-linux-uclibc-/libubox-2015-11-08/CMakeFiles/CMakeTmp'
/usr/bin/make -f CMakeFiles/cmTC_8ded3.dir/build.make CMakeFiles/cmTC_8ded3.dir/build
make[5]: Entering directory `/home/ubuntu/tp-link/GPL_X5700_1/iplatform/build_dir/target-arm-openwrt-linux-uclibc-/libubox-2015-11-08/CMakeFiles/CMakeTmp'
Building C object CMakeFiles/cmTC_8ded3.dir/feature_tests.c.o
/home/ubuntu/tp-link/GPL_X5700_1/iplatform/../bcm675x/toolchain/opt/toolchains/crosstools-arm-gcc-5.5-linux-4.1-glibc-2.26-binutils-2.28.1/usr/bin/arm-buildroot-linux-gnueabi-gcc   -I/home/ubuntu/tp-link/GPL_X5700_1/iplatform/staging_dir/target-arm-openwrt-linux-uclibc-/usr/include  -I/home/ubuntu/tp-link/GPL_X5700_1/iplatform/staging_dir/target-arm-openwrt-linux-uclibc-/usr/include -I/home/ubuntu/tp-link/GPL_X5700_1/iplatform/staging_dir/target-arm-openwrt-linux-uclibc-/include -I/home/ubuntu/tp-link/GPL_X5700_1/iplatform/../bcm675x/toolchain/opt/toolchains/crosstools-arm-gcc-5.5-linux-4.1-glibc-2.26-binutils-2.28.1/usr/include    -std=c11 -o CMakeFiles/cmTC_8ded3.dir/feature_tests.c.o   -c /home/ubuntu/tp-link/GPL_X5700_1/iplatform/build_dir/target-arm-openwrt-linux-uclibc-/libubox-2015-11-08/CMakeFiles/feature_tests.c
Linking C executable cmTC_8ded3
/home/ubuntu/tp-link/GPL_X5700_1/iplatform/staging_dir/host/bin/cmake -E cmake_link_script CMakeFiles/cmTC_8ded3.dir/link.txt --verbose=1
/home/ubuntu/tp-link/GPL_X5700_1/iplatform/../bcm675x/toolchain/opt/toolchains/crosstools-arm-gcc-5.5-linux-4.1-glibc-2.26-binutils-2.28.1/usr/bin/arm-buildroot-linux-gnueabi-gcc -I/home/ubuntu/tp-link/GPL_X5700_1/iplatform/staging_dir/target-arm-openwrt-linux-uclibc-/usr/include  -I/home/ubuntu/tp-link/GPL_X5700_1/iplatform/staging_dir/target-arm-openwrt-linux-uclibc-/usr/include -I/home/ubuntu/tp-link/GPL_X5700_1/iplatform/staging_dir/target-arm-openwrt-linux-uclibc-/include -I/home/ubuntu/tp-link/GPL_X5700_1/iplatform/../bcm675x/toolchain/opt/toolchains/crosstools-arm-gcc-5.5-linux-4.1-glibc-2.26-binutils-2.28.1/usr/include   -L/home/ubuntu/tp-link/GPL_X5700_1/iplatform/staging_dir/target-arm-openwrt-linux-uclibc-/usr/lib -L/home/ubuntu/tp-link/GPL_X5700_1/iplatform/staging_dir/target-arm-openwrt-linux-uclibc-/lib -Wl,-rpath-link,/home/ubuntu/tp-link/GPL_X5700_1/iplatform/staging_dir/target-arm-openwrt-linux-uclibc-/usr/lib -L/home/ubuntu/tp-link/GPL_X5700_1/iplatform/../bcm675x/toolchain/opt/toolchains/crosstools-arm-gcc-5.5-linux-4.1-glibc-2.26-binutils-2.28.1/usr/lib -L/home/ubuntu/tp-link/GPL_X5700_1/iplatform/../bcm675x/toolchain/opt/toolchains/crosstools-arm-gcc-5.5-linux-4.1-glibc-2.26-binutils-2.28.1/lib  -rdynamic CMakeFiles/cmTC_8ded3.dir/feature_tests.c.o  -o cmTC_8ded3 
make[5]: Leaving directory `/home/ubuntu/tp-link/GPL_X5700_1/iplatform/build_dir/target-arm-openwrt-linux-uclibc-/libubox-2015-11-08/CMakeFiles/CMakeTmp'
make[4]: Leaving directory `/home/ubuntu/tp-link/GPL_X5700_1/iplatform/build_dir/target-arm-openwrt-linux-uclibc-/libubox-2015-11-08/CMakeFiles/CMakeTmp'


    Feature record: C_FEATURE:1c_function_prototypes
    Feature record: C_FEATURE:1c_restrict
    Feature record: C_FEATURE:1c_static_assert
    Feature record: C_FEATURE:1c_variadic_macros


Detecting C [-std=c99] compiler features compiled with the following output:
Change Dir: /home/ubuntu/tp-link/GPL_X5700_1/iplatform/build_dir/target-arm-openwrt-linux-uclibc-/libubox-2015-11-08/CMakeFiles/CMakeTmp

Run Build Command:"/usr/bin/make" "cmTC_be1a6/fast"
make[4]: Entering directory `/home/ubuntu/tp-link/GPL_X5700_1/iplatform/build_dir/target-arm-openwrt-linux-uclibc-/libubox-2015-11-08/CMakeFiles/CMakeTmp'
/usr/bin/make -f CMakeFiles/cmTC_be1a6.dir/build.make CMakeFiles/cmTC_be1a6.dir/build
make[5]: Entering directory `/home/ubuntu/tp-link/GPL_X5700_1/iplatform/build_dir/target-arm-openwrt-linux-uclibc-/libubox-2015-11-08/CMakeFiles/CMakeTmp'
Building C object CMakeFiles/cmTC_be1a6.dir/feature_tests.c.o
/home/ubuntu/tp-link/GPL_X5700_1/iplatform/../bcm675x/toolchain/opt/toolchains/crosstools-arm-gcc-5.5-linux-4.1-glibc-2.26-binutils-2.28.1/usr/bin/arm-buildroot-linux-gnueabi-gcc   -I/home/ubuntu/tp-link/GPL_X5700_1/iplatform/staging_dir/target-arm-openwrt-linux-uclibc-/usr/include  -I/home/ubuntu/tp-link/GPL_X5700_1/iplatform/staging_dir/target-arm-openwrt-linux-uclibc-/usr/include -I/home/ubuntu/tp-link/GPL_X5700_1/iplatform/staging_dir/target-arm-openwrt-linux-uclibc-/include -I/home/ubuntu/tp-link/GPL_X5700_1/iplatform/../bcm675x/toolchain/opt/toolchains/crosstools-arm-gcc-5.5-linux-4.1-glibc-2.26-binutils-2.28.1/usr/include    -std=c99 -o CMakeFiles/cmTC_be1a6.dir/feature_tests.c.o   -c /home/ubuntu/tp-link/GPL_X5700_1/iplatform/build_dir/target-arm-openwrt-linux-uclibc-/libubox-2015-11-08/CMakeFiles/feature_tests.c
Linking C executable cmTC_be1a6
/home/ubuntu/tp-link/GPL_X5700_1/iplatform/staging_dir/host/bin/cmake -E cmake_link_script CMakeFiles/cmTC_be1a6.dir/link.txt --verbose=1
/home/ubuntu/tp-link/GPL_X5700_1/iplatform/../bcm675x/toolchain/opt/toolchains/crosstools-arm-gcc-5.5-linux-4.1-glibc-2.26-binutils-2.28.1/usr/bin/arm-buildroot-linux-gnueabi-gcc -I/home/ubuntu/tp-link/GPL_X5700_1/iplatform/staging_dir/target-arm-openwrt-linux-uclibc-/usr/include  -I/home/ubuntu/tp-link/GPL_X5700_1/iplatform/staging_dir/target-arm-openwrt-linux-uclibc-/usr/include -I/home/ubuntu/tp-link/GPL_X5700_1/iplatform/staging_dir/target-arm-openwrt-linux-uclibc-/include -I/home/ubuntu/tp-link/GPL_X5700_1/iplatform/../bcm675x/toolchain/opt/toolchains/crosstools-arm-gcc-5.5-linux-4.1-glibc-2.26-binutils-2.28.1/usr/include   -L/home/ubuntu/tp-link/GPL_X5700_1/iplatform/staging_dir/target-arm-openwrt-linux-uclibc-/usr/lib -L/home/ubuntu/tp-link/GPL_X5700_1/iplatform/staging_dir/target-arm-openwrt-linux-uclibc-/lib -Wl,-rpath-link,/home/ubuntu/tp-link/GPL_X5700_1/iplatform/staging_dir/target-arm-openwrt-linux-uclibc-/usr/lib -L/home/ubuntu/tp-link/GPL_X5700_1/iplatform/../bcm675x/toolchain/opt/toolchains/crosstools-arm-gcc-5.5-linux-4.1-glibc-2.26-binutils-2.28.1/usr/lib -L/home/ubuntu/tp-link/GPL_X5700_1/iplatform/../bcm675x/toolchain/opt/toolchains/crosstools-arm-gcc-5.5-linux-4.1-glibc-2.26-binutils-2.28.1/lib  -rdynamic CMakeFiles/cmTC_be1a6.dir/feature_tests.c.o  -o cmTC_be1a6 
make[5]: Leaving directory `/home/ubuntu/tp-link/GPL_X5700_1/iplatform/build_dir/target-arm-openwrt-linux-uclibc-/libubox-2015-11-08/CMakeFiles/CMakeTmp'
make[4]: Leaving directory `/home/ubuntu/tp-link/GPL_X5700_1/iplatform/build_dir/target-arm-openwrt-linux-uclibc-/libubox-2015-11-08/CMakeFiles/CMakeTmp'


    Feature record: C_FEATURE:1c_function_prototypes
    Feature record: C_FEATURE:1c_restrict
    Feature record: C_FEATURE:0c_static_assert
    Feature record: C_FEATURE:1c_variadic_macros


Detecting C [-std=c90] compiler features compiled with the following output:
Change Dir: /home/ubuntu/tp-link/GPL_X5700_1/iplatform/build_dir/target-arm-openwrt-linux-uclibc-/libubox-2015-11-08/CMakeFiles/CMakeTmp

Run Build Command:"/usr/bin/make" "cmTC_6e476/fast"
make[4]: Entering directory `/home/ubuntu/tp-link/GPL_X5700_1/iplatform/build_dir/target-arm-openwrt-linux-uclibc-/libubox-2015-11-08/CMakeFiles/CMakeTmp'
/usr/bin/make -f CMakeFiles/cmTC_6e476.dir/build.make CMakeFiles/cmTC_6e476.dir/build
make[5]: Entering directory `/home/ubuntu/tp-link/GPL_X5700_1/iplatform/build_dir/target-arm-openwrt-linux-uclibc-/libubox-2015-11-08/CMakeFiles/CMakeTmp'
Building C object CMakeFiles/cmTC_6e476.dir/feature_tests.c.o
/home/ubuntu/tp-link/GPL_X5700_1/iplatform/../bcm675x/toolchain/opt/toolchains/crosstools-arm-gcc-5.5-linux-4.1-glibc-2.26-binutils-2.28.1/usr/bin/arm-buildroot-linux-gnueabi-gcc   -I/home/ubuntu/tp-link/GPL_X5700_1/iplatform/staging_dir/target-arm-openwrt-linux-uclibc-/usr/include  -I/home/ubuntu/tp-link/GPL_X5700_1/iplatform/staging_dir/target-arm-openwrt-linux-uclibc-/usr/include -I/home/ubuntu/tp-link/GPL_X5700_1/iplatform/staging_dir/target-arm-openwrt-linux-uclibc-/include -I/home/ubuntu/tp-link/GPL_X5700_1/iplatform/../bcm675x/toolchain/opt/toolchains/crosstools-arm-gcc-5.5-linux-4.1-glibc-2.26-binutils-2.28.1/usr/include    -std=c90 -o CMakeFiles/cmTC_6e476.dir/feature_tests.c.o   -c /home/ubuntu/tp-link/GPL_X5700_1/iplatform/build_dir/target-arm-openwrt-linux-uclibc-/libubox-2015-11-08/CMakeFiles/feature_tests.c
Linking C executable cmTC_6e476
/home/ubuntu/tp-link/GPL_X5700_1/iplatform/staging_dir/host/bin/cmake -E cmake_link_script CMakeFiles/cmTC_6e476.dir/link.txt --verbose=1
/home/ubuntu/tp-link/GPL_X5700_1/iplatform/../bcm675x/toolchain/opt/toolchains/crosstools-arm-gcc-5.5-linux-4.1-glibc-2.26-binutils-2.28.1/usr/bin/arm-buildroot-linux-gnueabi-gcc -I/home/ubuntu/tp-link/GPL_X5700_1/iplatform/staging_dir/target-arm-openwrt-linux-uclibc-/usr/include  -I/home/ubuntu/tp-link/GPL_X5700_1/iplatform/staging_dir/target-arm-openwrt-linux-uclibc-/usr/include -I/home/ubuntu/tp-link/GPL_X5700_1/iplatform/staging_dir/target-arm-openwrt-linux-uclibc-/include -I/home/ubuntu/tp-link/GPL_X5700_1/iplatform/../bcm675x/toolchain/opt/toolchains/crosstools-arm-gcc-5.5-linux-4.1-glibc-2.26-binutils-2.28.1/usr/include   -L/home/ubuntu/tp-link/GPL_X5700_1/iplatform/staging_dir/target-arm-openwrt-linux-uclibc-/usr/lib -L/home/ubuntu/tp-link/GPL_X5700_1/iplatform/staging_dir/target-arm-openwrt-linux-uclibc-/lib -Wl,-rpath-link,/home/ubuntu/tp-link/GPL_X5700_1/iplatform/staging_dir/target-arm-openwrt-linux-uclibc-/usr/lib -L/home/ubuntu/tp-link/GPL_X5700_1/iplatform/../bcm675x/toolchain/opt/toolchains/crosstools-arm-gcc-5.5-linux-4.1-glibc-2.26-binutils-2.28.1/usr/lib -L/home/ubuntu/tp-link/GPL_X5700_1/iplatform/../bcm675x/toolchain/opt/toolchains/crosstools-arm-gcc-5.5-linux-4.1-glibc-2.26-binutils-2.28.1/lib  -rdynamic CMakeFiles/cmTC_6e476.dir/feature_tests.c.o  -o cmTC_6e476 
make[5]: Leaving directory `/home/ubuntu/tp-link/GPL_X5700_1/iplatform/build_dir/target-arm-openwrt-linux-uclibc-/libubox-2015-11-08/CMakeFiles/CMakeTmp'
make[4]: Leaving directory `/home/ubuntu/tp-link/GPL_X5700_1/iplatform/build_dir/target-arm-openwrt-linux-uclibc-/libubox-2015-11-08/CMakeFiles/CMakeTmp'


    Feature record: C_FEATURE:1c_function_prototypes
    Feature record: C_FEATURE:0c_restrict
    Feature record: C_FEATURE:0c_static_assert
    Feature record: C_FEATURE:0c_variadic_macros
Determining if the function clock_gettime exists passed with the following output:
Change Dir: /home/ubuntu/tp-link/GPL_X5700_1/iplatform/build_dir/target-arm-openwrt-linux-uclibc-/libubox-2015-11-08/CMakeFiles/CMakeTmp

Run Build Command:"/usr/bin/make" "cmTC_4493c/fast"
make[4]: Entering directory `/home/ubuntu/tp-link/GPL_X5700_1/iplatform/build_dir/target-arm-openwrt-linux-uclibc-/libubox-2015-11-08/CMakeFiles/CMakeTmp'
/usr/bin/make -f CMakeFiles/cmTC_4493c.dir/build.make CMakeFiles/cmTC_4493c.dir/build
make[5]: Entering directory `/home/ubuntu/tp-link/GPL_X5700_1/iplatform/build_dir/target-arm-openwrt-linux-uclibc-/libubox-2015-11-08/CMakeFiles/CMakeTmp'
Building C object CMakeFiles/cmTC_4493c.dir/CheckFunctionExists.c.o
/home/ubuntu/tp-link/GPL_X5700_1/iplatform/../bcm675x/toolchain/opt/toolchains/crosstools-arm-gcc-5.5-linux-4.1-glibc-2.26-binutils-2.28.1/usr/bin/arm-buildroot-linux-gnueabi-gcc   -I/home/ubuntu/tp-link/GPL_X5700_1/iplatform/staging_dir/target-arm-openwrt-linux-uclibc-/usr/include  -I/home/ubuntu/tp-link/GPL_X5700_1/iplatform/staging_dir/target-arm-openwrt-linux-uclibc-/usr/include -I/home/ubuntu/tp-link/GPL_X5700_1/iplatform/staging_dir/target-arm-openwrt-linux-uclibc-/include -I/home/ubuntu/tp-link/GPL_X5700_1/iplatform/../bcm675x/toolchain/opt/toolchains/crosstools-arm-gcc-5.5-linux-4.1-glibc-2.26-binutils-2.28.1/usr/include -DCHECK_FUNCTION_EXISTS=clock_gettime   -o CMakeFiles/cmTC_4493c.dir/CheckFunctionExists.c.o   -c /home/ubuntu/tp-link/GPL_X5700_1/iplatform/staging_dir/host/share/cmake-3.13/Modules/CheckFunctionExists.c
Linking C executable cmTC_4493c
/home/ubuntu/tp-link/GPL_X5700_1/iplatform/staging_dir/host/bin/cmake -E cmake_link_script CMakeFiles/cmTC_4493c.dir/link.txt --verbose=1
/home/ubuntu/tp-link/GPL_X5700_1/iplatform/../bcm675x/toolchain/opt/toolchains/crosstools-arm-gcc-5.5-linux-4.1-glibc-2.26-binutils-2.28.1/usr/bin/arm-buildroot-linux-gnueabi-gcc -I/home/ubuntu/tp-link/GPL_X5700_1/iplatform/staging_dir/target-arm-openwrt-linux-uclibc-/usr/include  -I/home/ubuntu/tp-link/GPL_X5700_1/iplatform/staging_dir/target-arm-openwrt-linux-uclibc-/usr/include -I/home/ubuntu/tp-link/GPL_X5700_1/iplatform/staging_dir/target-arm-openwrt-linux-uclibc-/include -I/home/ubuntu/tp-link/GPL_X5700_1/iplatform/../bcm675x/toolchain/opt/toolchains/crosstools-arm-gcc-5.5-linux-4.1-glibc-2.26-binutils-2.28.1/usr/include -DCHECK_FUNCTION_EXISTS=clock_gettime  -L/home/ubuntu/tp-link/GPL_X5700_1/iplatform/staging_dir/target-arm-openwrt-linux-uclibc-/usr/lib -L/home/ubuntu/tp-link/GPL_X5700_1/iplatform/staging_dir/target-arm-openwrt-linux-uclibc-/lib -Wl,-rpath-link,/home/ubuntu/tp-link/GPL_X5700_1/iplatform/staging_dir/target-arm-openwrt-linux-uclibc-/usr/lib -L/home/ubuntu/tp-link/GPL_X5700_1/iplatform/../bcm675x/toolchain/opt/toolchains/crosstools-arm-gcc-5.5-linux-4.1-glibc-2.26-binutils-2.28.1/usr/lib -L/home/ubuntu/tp-link/GPL_X5700_1/iplatform/../bcm675x/toolchain/opt/toolchains/crosstools-arm-gcc-5.5-linux-4.1-glibc-2.26-binutils-2.28.1/lib  -rdynamic CMakeFiles/cmTC_4493c.dir/CheckFunctionExists.c.o  -o cmTC_4493c 
make[5]: Leaving directory `/home/ubuntu/tp-link/GPL_X5700_1/iplatform/build_dir/target-arm-openwrt-linux-uclibc-/libubox-2015-11-08/CMakeFiles/CMakeTmp'
make[4]: Leaving directory `/home/ubuntu/tp-link/GPL_X5700_1/iplatform/build_dir/target-arm-openwrt-linux-uclibc-/libubox-2015-11-08/CMakeFiles/CMakeTmp'


