1645406868:start:extract             : skeleton
1645406868:start:extract             : skeleton
1645406868:end  :extract             : skeleton
1645406868:end  :extract             : skeleton
1645406868:start:patch               : skeleton
1645406868:start:patch               : skeleton
1645406868:end  :patch               : skeleton
1645406868:end  :patch               : skeleton
1645406868:start:configure           : skeleton
1645406868:start:configure           : skeleton
1645406868:end  :configure           : skeleton
1645406868:end  :configure           : skeleton
1645406868:start:build               : skeleton
1645406868:start:build               : skeleton
1645406868:end  :build               : skeleton
1645406868:end  :build               : skeleton
1645406868:start:install-staging     : skeleton
1645406868:start:install-staging     : skeleton
1645406868:end  :install-staging     : skeleton
1645406868:end  :install-staging     : skeleton
1645406868:start:install-target      : skeleton
1645406868:start:install-target      : skeleton
1645406868:end  :install-target      : skeleton
1645406868:end  :install-target      : skeleton
1645406868:start:extract             : toolchain-external
1645406868:start:extract             : toolchain-external
1645406868:end  :extract             : toolchain-external
1645406868:end  :extract             : toolchain-external
1645406868:start:patch               : toolchain-external
1645406868:start:patch               : toolchain-external
1645406868:end  :patch               : toolchain-external
1645406868:end  :patch               : toolchain-external
1645406868:start:configure           : toolchain-external
1645406868:start:configure           : toolchain-external
1645406868:end  :configure           : toolchain-external
1645406868:end  :configure           : toolchain-external
1645406868:start:build               : toolchain-external
1645406868:start:build               : toolchain-external
1645406868:end  :build               : toolchain-external
1645406868:end  :build               : toolchain-external
1645406868:start:install-staging     : toolchain-external
1645406868:start:install-staging     : toolchain-external
1645406869:end  :install-staging     : toolchain-external
1645406869:end  :install-staging     : toolchain-external
1645406869:start:install-target      : toolchain-external
1645406869:start:install-target      : toolchain-external
1645406870:end  :install-target      : toolchain-external
1645406870:end  :install-target      : toolchain-external
1645406870:start:extract             : toolchain
1645406870:start:extract             : toolchain
1645406870:end  :extract             : toolchain
1645406870:end  :extract             : toolchain
1645406870:start:patch               : toolchain
1645406870:start:patch               : toolchain
1645406870:end  :patch               : toolchain
1645406870:end  :patch               : toolchain
1645406870:start:configure           : toolchain
1645406870:start:configure           : toolchain
1645406870:end  :configure           : toolchain
1645406870:end  :configure           : toolchain
1645406870:start:build               : toolchain
1645406870:start:build               : toolchain
1645406870:end  :build               : toolchain
1645406870:end  :build               : toolchain
1645406870:start:install-target      : toolchain
1645406870:start:install-target      : toolchain
1645406870:end  :install-target      : toolchain
1645406870:end  :install-target      : toolchain
1645406870:start:extract             : bzip2
1645406870:start:extract             : bzip2
1645406870:end  :extract             : bzip2
1645406870:end  :extract             : bzip2
1645406870:start:patch               : bzip2
1645406870:start:patch               : bzip2
1645406870:end  :patch               : bzip2
1645406870:end  :patch               : bzip2
1645406870:start:configure           : bzip2
1645406870:start:configure           : bzip2
1645406870:end  :configure           : bzip2
1645406870:end  :configure           : bzip2
1645406870:start:build               : bzip2
1645406870:start:build               : bzip2
1645406872:end  :build               : bzip2
1645406872:end  :build               : bzip2
1645406872:start:install-staging     : bzip2
1645406872:start:install-staging     : bzip2
1645406872:end  :install-staging     : bzip2
1645406872:end  :install-staging     : bzip2
1645406872:start:install-target      : bzip2
1645406872:start:install-target      : bzip2
1645406872:end  :install-target      : bzip2
1645406872:end  :install-target      : bzip2
1645406872:start:extract             : host-gettext
1645406872:start:extract             : host-gettext
1645406873:end  :extract             : host-gettext
1645406873:end  :extract             : host-gettext
1645406873:start:patch               : host-gettext
1645406873:start:patch               : host-gettext
1645406873:end  :patch               : host-gettext
1645406873:end  :patch               : host-gettext
1645406873:start:configure           : host-gettext
1645406873:start:configure           : host-gettext
1645406896:end  :configure           : host-gettext
1645406896:end  :configure           : host-gettext
1645406896:start:build               : host-gettext
1645406896:start:build               : host-gettext
1645406944:end  :build               : host-gettext
1645406944:end  :build               : host-gettext
1645406944:start:install-host        : host-gettext
1645406944:start:install-host        : host-gettext
1645406945:end  :install-host        : host-gettext
1645406945:end  :install-host        : host-gettext
1645406945:start:extract             : dos2unix
1645406945:start:extract             : dos2unix
1645406945:end  :extract             : dos2unix
1645406945:end  :extract             : dos2unix
1645406945:start:patch               : dos2unix
1645406945:start:patch               : dos2unix
1645406945:end  :patch               : dos2unix
1645406945:end  :patch               : dos2unix
1645406945:start:configure           : dos2unix
1645406945:start:configure           : dos2unix
1645406945:end  :configure           : dos2unix
1645406945:end  :configure           : dos2unix
1645406945:start:build               : dos2unix
1645406945:start:build               : dos2unix
1645406946:end  :build               : dos2unix
1645406946:end  :build               : dos2unix
1645406946:start:install-target      : dos2unix
1645406946:start:install-target      : dos2unix
1645406946:end  :install-target      : dos2unix
1645406946:end  :install-target      : dos2unix
1645406946:start:extract             : gettext
1645406946:start:extract             : gettext
1645406947:end  :extract             : gettext
1645406947:end  :extract             : gettext
1645406947:start:patch               : gettext
1645406947:start:patch               : gettext
1645406947:end  :patch               : gettext
1645406947:end  :patch               : gettext
1645406947:start:configure           : gettext
1645406947:start:configure           : gettext
1645406958:end  :configure           : gettext
1645406958:end  :configure           : gettext
1645406958:start:build               : gettext
1645406958:start:build               : gettext
1645406961:end  :build               : gettext
1645406961:end  :build               : gettext
1645406961:start:install-staging     : gettext
1645406961:start:install-staging     : gettext
1645406962:end  :install-staging     : gettext
1645406962:end  :install-staging     : gettext
1645406962:start:install-target      : gettext
1645406962:start:install-target      : gettext
1645406962:end  :install-target      : gettext
1645406962:end  :install-target      : gettext
1645406962:start:extract             : gzip
1645406962:start:extract             : gzip
1645406962:end  :extract             : gzip
1645406962:end  :extract             : gzip
1645406962:start:patch               : gzip
1645406962:start:patch               : gzip
1645406962:end  :patch               : gzip
1645406962:end  :patch               : gzip
1645406962:start:configure           : gzip
1645406962:start:configure           : gzip
1645406967:end  :configure           : gzip
1645406967:end  :configure           : gzip
1645406967:start:build               : gzip
1645406967:start:build               : gzip
1645406968:end  :build               : gzip
1645406968:end  :build               : gzip
1645406968:start:install-target      : gzip
1645406968:start:install-target      : gzip
1645406969:end  :install-target      : gzip
1645406969:end  :install-target      : gzip
1645406969:start:extract             : host-m4
1645406969:start:extract             : host-m4
1645406969:end  :extract             : host-m4
1645406969:end  :extract             : host-m4
1645406969:start:patch               : host-m4
1645406969:start:patch               : host-m4
1645406969:end  :patch               : host-m4
1645406969:end  :patch               : host-m4
1645406969:start:configure           : host-m4
1645406969:start:configure           : host-m4
1645406981:end  :configure           : host-m4
1645406981:end  :configure           : host-m4
1645406981:start:build               : host-m4
1645406981:start:build               : host-m4
1645406983:end  :build               : host-m4
1645406983:end  :build               : host-m4
1645406983:start:install-host        : host-m4
1645406983:start:install-host        : host-m4
1645406983:end  :install-host        : host-m4
1645406983:end  :install-host        : host-m4
1645406984:start:extract             : host-libtool
1645406984:start:extract             : host-libtool
1645406984:end  :extract             : host-libtool
1645406984:end  :extract             : host-libtool
1645406984:start:patch               : host-libtool
1645406984:start:patch               : host-libtool
1645406984:end  :patch               : host-libtool
1645406984:end  :patch               : host-libtool
1645406984:start:configure           : host-libtool
1645406984:start:configure           : host-libtool
1645406987:end  :configure           : host-libtool
1645406987:end  :configure           : host-libtool
1645406987:start:build               : host-libtool
1645406987:start:build               : host-libtool
1645406988:end  :build               : host-libtool
1645406988:end  :build               : host-libtool
1645406988:start:install-host        : host-libtool
1645406988:start:install-host        : host-libtool
1645406988:end  :install-host        : host-libtool
1645406989:end  :install-host        : host-libtool
1645406989:start:extract             : host-autoconf
1645406989:start:extract             : host-autoconf
1645406989:end  :extract             : host-autoconf
1645406989:end  :extract             : host-autoconf
1645406989:start:patch               : host-autoconf
1645406989:start:patch               : host-autoconf
1645406989:end  :patch               : host-autoconf
1645406989:end  :patch               : host-autoconf
1645406989:start:configure           : host-autoconf
1645406989:start:configure           : host-autoconf
1645406990:end  :configure           : host-autoconf
1645406990:end  :configure           : host-autoconf
1645406990:start:build               : host-autoconf
1645406990:start:build               : host-autoconf
1645406991:end  :build               : host-autoconf
1645406991:end  :build               : host-autoconf
1645406991:start:install-host        : host-autoconf
1645406991:start:install-host        : host-autoconf
1645406991:end  :install-host        : host-autoconf
1645406991:end  :install-host        : host-autoconf
1645406991:start:extract             : host-automake
1645406991:start:extract             : host-automake
1645406991:end  :extract             : host-automake
1645406991:end  :extract             : host-automake
1645406991:start:patch               : host-automake
1645406991:start:patch               : host-automake
1645406991:end  :patch               : host-automake
1645406991:end  :patch               : host-automake
1645406991:start:configure           : host-automake
1645406991:start:configure           : host-automake
1645406993:end  :configure           : host-automake
1645406993:end  :configure           : host-automake
1645406993:start:build               : host-automake
1645406993:start:build               : host-automake
1645406993:end  :build               : host-automake
1645406993:end  :build               : host-automake
1645406993:start:install-host        : host-automake
1645406993:start:install-host        : host-automake
1645406993:end  :install-host        : host-automake
1645406993:end  :install-host        : host-automake
1645406993:start:extract             : host-pkgconf
1645406993:start:extract             : host-pkgconf
1645406993:end  :extract             : host-pkgconf
1645406993:end  :extract             : host-pkgconf
1645406993:start:patch               : host-pkgconf
1645406993:start:patch               : host-pkgconf
1645406993:end  :patch               : host-pkgconf
1645406993:end  :patch               : host-pkgconf
1645406993:start:configure           : host-pkgconf
1645406993:start:configure           : host-pkgconf
1645406994:end  :configure           : host-pkgconf
1645406994:end  :configure           : host-pkgconf
1645406994:start:build               : host-pkgconf
1645406994:start:build               : host-pkgconf
1645406994:end  :build               : host-pkgconf
1645406994:end  :build               : host-pkgconf
1645406994:start:install-host        : host-pkgconf
1645406994:start:install-host        : host-pkgconf
1645406994:end  :install-host        : host-pkgconf
1645406994:end  :install-host        : host-pkgconf
1645406994:start:extract             : iptables
1645406994:start:extract             : iptables
1645406994:end  :extract             : iptables
1645406994:end  :extract             : iptables
1645406994:start:patch               : iptables
1645406994:start:patch               : iptables
1645406994:end  :patch               : iptables
1645406994:end  :patch               : iptables
1645406994:start:configure           : iptables
1645406994:start:configure           : iptables
1645407000:end  :configure           : iptables
1645407000:end  :configure           : iptables
1645407000:start:build               : iptables
1645407000:start:build               : iptables
1645407004:end  :build               : iptables
1645407004:end  :build               : iptables
1645407004:start:install-staging     : iptables
1645407004:start:install-staging     : iptables
1645407004:end  :install-staging     : iptables
1645407004:end  :install-staging     : iptables
1645407004:start:install-target      : iptables
1645407005:start:install-target      : iptables
1645407005:end  :install-target      : iptables
1645407005:end  :install-target      : iptables
1645407005:start:extract             : zlib
1645407005:start:extract             : zlib
1645407005:end  :extract             : zlib
1645407005:end  :extract             : zlib
1645407005:start:patch               : zlib
1645407005:start:patch               : zlib
1645407005:end  :patch               : zlib
1645407005:end  :patch               : zlib
1645407005:start:configure           : zlib
1645407005:start:configure           : zlib
1645407005:end  :configure           : zlib
1645407005:end  :configure           : zlib
1645407005:start:build               : zlib
1645407005:start:build               : zlib
1645407008:end  :build               : zlib
1645407008:end  :build               : zlib
1645407008:start:install-staging     : zlib
1645407008:start:install-staging     : zlib
1645407008:end  :install-staging     : zlib
1645407008:end  :install-staging     : zlib
1645407008:start:install-target      : zlib
1645407008:start:install-target      : zlib
1645407008:end  :install-target      : zlib
1645407008:end  :install-target      : zlib
1645407008:start:extract             : kmod
1645407008:start:extract             : kmod
1645407008:end  :extract             : kmod
1645407008:end  :extract             : kmod
1645407008:start:patch               : kmod
1645407008:start:patch               : kmod
1645407008:end  :patch               : kmod
1645407008:end  :patch               : kmod
1645407008:start:configure           : kmod
1645407008:start:configure           : kmod
1645407011:end  :configure           : kmod
1645407011:end  :configure           : kmod
1645407011:start:build               : kmod
1645407011:start:build               : kmod
1645407013:end  :build               : kmod
1645407013:end  :build               : kmod
1645407013:start:install-staging     : kmod
1645407013:start:install-staging     : kmod
1645407013:end  :install-staging     : kmod
1645407013:end  :install-staging     : kmod
1645407013:start:install-target      : kmod
1645407013:start:install-target      : kmod
1645407013:end  :install-target      : kmod
1645407013:end  :install-target      : kmod
1645407014:start:extract             : lzo
1645407014:start:extract             : lzo
1645407014:end  :extract             : lzo
1645407014:end  :extract             : lzo
1645407014:start:patch               : lzo
1645407014:start:patch               : lzo
1645407014:end  :patch               : lzo
1645407014:end  :patch               : lzo
1645407014:start:configure           : lzo
1645407014:start:configure           : lzo
1645407023:end  :configure           : lzo
1645407023:end  :configure           : lzo
1645407023:start:build               : lzo
1645407023:start:build               : lzo
1645407027:end  :build               : lzo
1645407027:end  :build               : lzo
1645407027:start:install-staging     : lzo
1645407027:start:install-staging     : lzo
1645407027:end  :install-staging     : lzo
1645407027:end  :install-staging     : lzo
1645407027:start:install-target      : lzo
1645407027:start:install-target      : lzo
1645407027:end  :install-target      : lzo
1645407027:end  :install-target      : lzo
1645407028:start:extract             : mtd
1645407028:start:extract             : mtd
1645407028:end  :extract             : mtd
1645407028:end  :extract             : mtd
1645407028:start:patch               : mtd
1645407028:start:patch               : mtd
1645407028:end  :patch               : mtd
1645407028:end  :patch               : mtd
1645407028:start:configure           : mtd
1645407028:start:configure           : mtd
1645407028:end  :configure           : mtd
1645407028:end  :configure           : mtd
1645407028:start:build               : mtd
1645407028:start:build               : mtd
1645407029:end  :build               : mtd
1645407029:end  :build               : mtd
1645407029:start:install-staging     : mtd
1645407029:start:install-staging     : mtd
1645407029:end  :install-staging     : mtd
1645407029:end  :install-staging     : mtd
1645407029:start:install-target      : mtd
1645407029:start:install-target      : mtd
1645407029:end  :install-target      : mtd
1645407029:end  :install-target      : mtd
1645407029:start:extract             : openssl
1645407029:start:extract             : openssl
1645407029:end  :extract             : openssl
1645407029:end  :extract             : openssl
1645407029:start:patch               : openssl
1645407029:start:patch               : openssl
1645407029:end  :patch               : openssl
1645407029:end  :patch               : openssl
1645407029:start:configure           : openssl
1645407029:start:configure           : openssl
1645407030:end  :configure           : openssl
1645407030:end  :configure           : openssl
1645407030:start:build               : openssl
1645407030:start:build               : openssl
1645407065:end  :build               : openssl
1645407065:end  :build               : openssl
1645407065:start:install-staging     : openssl
1645407065:start:install-staging     : openssl
1645407066:end  :install-staging     : openssl
1645407066:end  :install-staging     : openssl
1645407066:start:install-target      : openssl
1645407066:start:install-target      : openssl
1645407067:end  :install-target      : openssl
1645407067:end  :install-target      : openssl
1645407067:start:extract             : openssh
1645407067:start:extract             : openssh
1645407067:end  :extract             : openssh
1645407067:end  :extract             : openssh
1645407067:start:patch               : openssh
1645407067:start:patch               : openssh
1645407067:end  :patch               : openssh
1645407067:end  :patch               : openssh
1645407067:start:configure           : openssh
1645407067:start:configure           : openssh
1645407080:end  :configure           : openssh
1645407080:end  :configure           : openssh
1645407080:start:build               : openssh
1645407080:start:build               : openssh
1645407091:end  :build               : openssh
1645407091:end  :build               : openssh
1645407091:start:install-target      : openssh
1645407091:start:install-target      : openssh
1645407091:end  :install-target      : openssh
1645407091:end  :install-target      : openssh
1645407091:start:extract             : sed
1645407091:start:extract             : sed
1645407091:end  :extract             : sed
1645407091:end  :extract             : sed
1645407091:start:patch               : sed
1645407091:start:patch               : sed
1645407091:end  :patch               : sed
1645407091:end  :patch               : sed
1645407091:start:configure           : sed
1645407091:start:configure           : sed
1645407098:end  :configure           : sed
1645407098:end  :configure           : sed
1645407098:start:build               : sed
1645407098:start:build               : sed
1645407100:end  :build               : sed
1645407100:end  :build               : sed
1645407100:start:install-target      : sed
1645407100:start:install-target      : sed
1645407100:end  :install-target      : sed
1645407100:end  :install-target      : sed
1645407100:start:extract             : util-linux
1645407100:start:extract             : util-linux
1645407101:end  :extract             : util-linux
1645407101:end  :extract             : util-linux
1645407101:start:patch               : util-linux
1645407101:start:patch               : util-linux
1645407101:end  :patch               : util-linux
1645407101:end  :patch               : util-linux
1645407101:start:configure           : util-linux
1645407101:start:configure           : util-linux
1645407113:end  :configure           : util-linux
1645407113:end  :configure           : util-linux
1645407113:start:build               : util-linux
1645407113:start:build               : util-linux
1645407126:end  :build               : util-linux
1645407126:end  :build               : util-linux
1645407126:start:install-staging     : util-linux
1645407126:start:install-staging     : util-linux
1645407127:end  :install-staging     : util-linux
1645407127:end  :install-staging     : util-linux
1645407127:start:install-target      : util-linux
1645407127:start:install-target      : util-linux
1645407127:end  :install-target      : util-linux
1645407127:end  :install-target      : util-linux
1645407127:start:extract             : host-kmod
1645407127:start:extract             : host-kmod
1645407127:end  :extract             : host-kmod
1645407127:end  :extract             : host-kmod
1645407127:start:patch               : host-kmod
1645407127:start:patch               : host-kmod
1645407127:end  :patch               : host-kmod
1645407127:end  :patch               : host-kmod
1645407127:start:configure           : host-kmod
1645407127:start:configure           : host-kmod
1645407131:end  :configure           : host-kmod
1645407131:end  :configure           : host-kmod
1645407131:start:build               : host-kmod
1645407131:start:build               : host-kmod
1645407133:end  :build               : host-kmod
1645407133:end  :build               : host-kmod
1645407133:start:install-host        : host-kmod
1645407133:start:install-host        : host-kmod
1645407134:end  :install-host        : host-kmod
1645407134:end  :install-host        : host-kmod
1645407134:start:extract             : host-lzo
1645407134:start:extract             : host-lzo
1645407134:end  :extract             : host-lzo
1645407134:end  :extract             : host-lzo
1645407134:start:patch               : host-lzo
1645407134:start:patch               : host-lzo
1645407134:end  :patch               : host-lzo
1645407134:end  :patch               : host-lzo
1645407134:start:configure           : host-lzo
1645407134:start:configure           : host-lzo
1645407142:end  :configure           : host-lzo
1645407142:end  :configure           : host-lzo
1645407142:start:build               : host-lzo
1645407142:start:build               : host-lzo
1645407146:end  :build               : host-lzo
1645407146:end  :build               : host-lzo
1645407146:start:install-host        : host-lzo
1645407146:start:install-host        : host-lzo
1645407146:end  :install-host        : host-lzo
1645407146:end  :install-host        : host-lzo
1645407146:start:extract             : host-lzop
1645407146:start:extract             : host-lzop
1645407146:end  :extract             : host-lzop
1645407146:end  :extract             : host-lzop
1645407146:start:patch               : host-lzop
1645407146:start:patch               : host-lzop
1645407146:end  :patch               : host-lzop
1645407146:end  :patch               : host-lzop
1645407146:start:configure           : host-lzop
1645407146:start:configure           : host-lzop
1645407152:end  :configure           : host-lzop
1645407152:end  :configure           : host-lzop
1645407152:start:build               : host-lzop
1645407152:start:build               : host-lzop
1645407152:end  :build               : host-lzop
1645407152:end  :build               : host-lzop
1645407152:start:install-host        : host-lzop
1645407152:start:install-host        : host-lzop
1645407152:end  :install-host        : host-lzop
1645407152:end  :install-host        : host-lzop
1645407162:start:configure           : linux
1645407162:start:configure           : linux
1645407162:end  :configure           : linux
1645407162:end  :configure           : linux
1645407162:start:build               : linux
1645407162:start:build               : linux
1645407317:end  :build               : linux
1645407317:end  :build               : linux
1645407317:start:install-staging     : linux
1645407317:start:install-staging     : linux
1645407317:end  :install-staging     : linux
1645407317:end  :install-staging     : linux
1645407317:start:install-target      : linux
1645407317:start:install-target      : linux
1645407318:end  :install-target      : linux
1645407318:end  :install-target      : linux
1645407318:start:install-image       : linux
1645407318:start:install-image       : linux
1645407318:end  :install-image       : linux
1645407318:end  :install-image       : linux
1645407318:start:extract             : host-fakeroot
1645407318:start:extract             : host-fakeroot
1645407318:end  :extract             : host-fakeroot
1645407318:end  :extract             : host-fakeroot
1645407318:start:patch               : host-fakeroot
1645407318:start:patch               : host-fakeroot
1645407319:end  :patch               : host-fakeroot
1645407319:end  :patch               : host-fakeroot
1645407319:start:configure           : host-fakeroot
1645407319:start:configure           : host-fakeroot
1645407323:end  :configure           : host-fakeroot
1645407323:end  :configure           : host-fakeroot
1645407323:start:build               : host-fakeroot
1645407323:start:build               : host-fakeroot
1645407323:end  :build               : host-fakeroot
1645407323:end  :build               : host-fakeroot
1645407323:start:install-host        : host-fakeroot
1645407323:start:install-host        : host-fakeroot
1645407323:end  :install-host        : host-fakeroot
1645407323:end  :install-host        : host-fakeroot
1645407323:start:extract             : host-makedevs
1645407323:start:extract             : host-makedevs
1645407323:end  :extract             : host-makedevs
1645407323:end  :extract             : host-makedevs
1645407323:start:patch               : host-makedevs
1645407323:start:patch               : host-makedevs
1645407323:end  :patch               : host-makedevs
1645407323:end  :patch               : host-makedevs
1645407323:start:configure           : host-makedevs
1645407323:start:configure           : host-makedevs
1645407323:end  :configure           : host-makedevs
1645407323:end  :configure           : host-makedevs
1645407323:start:build               : host-makedevs
1645407323:start:build               : host-makedevs
1645407323:end  :build               : host-makedevs
1645407323:end  :build               : host-makedevs
1645407323:start:install-host        : host-makedevs
1645407323:start:install-host        : host-makedevs
1645407323:end  :install-host        : host-makedevs
1645407324:end  :install-host        : host-makedevs
1645407324:start:extract             : host-mkpasswd
1645407324:start:extract             : host-mkpasswd
1645407324:end  :extract             : host-mkpasswd
1645407324:end  :extract             : host-mkpasswd
1645407324:start:patch               : host-mkpasswd
1645407324:start:patch               : host-mkpasswd
1645407324:end  :patch               : host-mkpasswd
1645407324:end  :patch               : host-mkpasswd
1645407324:start:configure           : host-mkpasswd
1645407324:start:configure           : host-mkpasswd
1645407324:end  :configure           : host-mkpasswd
1645407324:end  :configure           : host-mkpasswd
1645407324:start:build               : host-mkpasswd
1645407324:start:build               : host-mkpasswd
1645407324:end  :build               : host-mkpasswd
1645407324:end  :build               : host-mkpasswd
1645407324:start:install-host        : host-mkpasswd
1645407324:start:install-host        : host-mkpasswd
1645407324:end  :install-host        : host-mkpasswd
1645407324:end  :install-host        : host-mkpasswd
1645407324:start:extract             : host-lzma
1645407324:start:extract             : host-lzma
1645407324:end  :extract             : host-lzma
1645407324:end  :extract             : host-lzma
1645407324:start:patch               : host-lzma
1645407324:start:patch               : host-lzma
1645407324:end  :patch               : host-lzma
1645407324:end  :patch               : host-lzma
1645407324:start:configure           : host-lzma
1645407324:start:configure           : host-lzma
1645407328:end  :configure           : host-lzma
1645407328:end  :configure           : host-lzma
1645407328:start:build               : host-lzma
1645407328:start:build               : host-lzma
1645407330:end  :build               : host-lzma
1645407330:end  :build               : host-lzma
1645407330:start:install-host        : host-lzma
1645407330:start:install-host        : host-lzma
1645407330:end  :install-host        : host-lzma
1645407331:end  :install-host        : host-lzma
1645407331:start:extract             : host-lz4
1645407331:start:extract             : host-lz4
1645407331:end  :extract             : host-lz4
1645407331:end  :extract             : host-lz4
1645407331:start:patch               : host-lz4
1645407331:start:patch               : host-lz4
1645407331:end  :patch               : host-lz4
1645407331:end  :patch               : host-lz4
1645407331:start:configure           : host-lz4
1645407331:start:configure           : host-lz4
1645407331:end  :configure           : host-lz4
1645407331:end  :configure           : host-lz4
1645407331:start:build               : host-lz4
1645407331:start:build               : host-lz4
1645407333:end  :build               : host-lz4
1645407333:end  :build               : host-lz4
1645407333:start:install-host        : host-lz4
1645407333:start:install-host        : host-lz4
1645407334:end  :install-host        : host-lz4
1645407334:end  :install-host        : host-lz4
1645407334:start:extract             : host-xz
1645407334:start:extract             : host-xz
1645407334:end  :extract             : host-xz
1645407334:end  :extract             : host-xz
1645407334:start:patch               : host-xz
1645407334:start:patch               : host-xz
1645407334:end  :patch               : host-xz
1645407334:end  :patch               : host-xz
1645407334:start:configure           : host-xz
1645407334:start:configure           : host-xz
1645407338:end  :configure           : host-xz
1645407338:end  :configure           : host-xz
1645407338:start:build               : host-xz
1645407338:start:build               : host-xz
1645407343:end  :build               : host-xz
1645407343:end  :build               : host-xz
1645407343:start:install-host        : host-xz
1645407343:start:install-host        : host-xz
1645407344:end  :install-host        : host-xz
1645407344:end  :install-host        : host-xz
1645407344:start:extract             : host-zlib
1645407344:start:extract             : host-zlib
1645407344:end  :extract             : host-zlib
1645407344:end  :extract             : host-zlib
1645407344:start:patch               : host-zlib
1645407344:start:patch               : host-zlib
1645407344:end  :patch               : host-zlib
1645407344:end  :patch               : host-zlib
1645407344:start:configure           : host-zlib
1645407344:start:configure           : host-zlib
1645407344:end  :configure           : host-zlib
1645407344:end  :configure           : host-zlib
1645407344:start:build               : host-zlib
1645407344:start:build               : host-zlib
1645407347:end  :build               : host-zlib
1645407347:end  :build               : host-zlib
1645407347:start:install-host        : host-zlib
1645407347:start:install-host        : host-zlib
1645407347:end  :install-host        : host-zlib
1645407347:end  :install-host        : host-zlib
1645407347:start:extract             : host-squashfs
1645407347:start:extract             : host-squashfs
1645407347:end  :extract             : host-squashfs
1645407347:end  :extract             : host-squashfs
1645407347:start:patch               : host-squashfs
1645407347:start:patch               : host-squashfs
1645407347:end  :patch               : host-squashfs
1645407347:end  :patch               : host-squashfs
1645407347:start:configure           : host-squashfs
1645407347:start:configure           : host-squashfs
1645407347:end  :configure           : host-squashfs
1645407347:end  :configure           : host-squashfs
1645407347:start:build               : host-squashfs
1645407347:start:build               : host-squashfs
1645407349:end  :build               : host-squashfs
1645407349:end  :build               : host-squashfs
1645407349:start:install-host        : host-squashfs
1645407349:start:install-host        : host-squashfs
1645407349:end  :install-host        : host-squashfs
1645407349:end  :install-host        : host-squashfs
1645407349:start:extract             : host-e2fsprogs
1645407349:start:extract             : host-e2fsprogs
1645407349:end  :extract             : host-e2fsprogs
1645407349:end  :extract             : host-e2fsprogs
1645407349:start:patch               : host-e2fsprogs
1645407349:start:patch               : host-e2fsprogs
1645407349:end  :patch               : host-e2fsprogs
1645407349:end  :patch               : host-e2fsprogs
1645407349:start:configure           : host-e2fsprogs
1645407349:start:configure           : host-e2fsprogs
1645407357:end  :configure           : host-e2fsprogs
1645407357:end  :configure           : host-e2fsprogs
1645407357:start:build               : host-e2fsprogs
1645407357:start:build               : host-e2fsprogs
1645407366:end  :build               : host-e2fsprogs
1645407366:end  :build               : host-e2fsprogs
1645407366:start:install-host        : host-e2fsprogs
1645407366:start:install-host        : host-e2fsprogs
1645407366:end  :install-host        : host-e2fsprogs
1645407367:end  :install-host        : host-e2fsprogs
1645407367:start:extract             : host-mtd
1645407367:start:extract             : host-mtd
1645407367:end  :extract             : host-mtd
1645407367:end  :extract             : host-mtd
1645407367:start:patch               : host-mtd
1645407367:start:patch               : host-mtd
1645407367:end  :patch               : host-mtd
1645407367:end  :patch               : host-mtd
1645407367:start:configure           : host-mtd
1645407367:start:configure           : host-mtd
1645407367:end  :configure           : host-mtd
1645407367:end  :configure           : host-mtd
1645407367:start:build               : host-mtd
1645407367:start:build               : host-mtd
1645407372:end  :build               : host-mtd
1645407372:end  :build               : host-mtd
1645407372:start:install-host        : host-mtd
1645407372:start:install-host        : host-mtd
1645407373:end  :install-host        : host-mtd
1645407373:end  :install-host        : host-mtd
1645407373:start:configure           : sdk
1645407373:start:configure           : sdk
1645407376:end  :configure           : sdk
1645407376:end  :configure           : sdk
1645407376:start:build               : sdk
1645407376:start:build               : sdk
1645407376:end  :build               : sdk
1645407376:end  :build               : sdk
1645407376:start:install-target      : sdk
1645407376:start:install-target      : sdk
1645407376:end  :install-target      : sdk
1645407376:end  :install-target      : sdk
