This file contains any messages produced by compilers while
running configure, to aid debugging if configure makes a mistake.

It was created by MPFR configure 3.0.0, which was
generated by GNU Autoconf 2.68.  Invocation command line was

  $ ./configure CC=gcc CFLAGS=-O2 -I/home/ubuntu/Archer_C7_V5/openwrt/staging_dir/host/include CPPFLAGS=-I/home/ubuntu/Archer_C7_V5/openwrt/staging_dir/host/include LDFLAGS=-L/home/ubuntu/Archer_C7_V5/openwrt/staging_dir/host/lib SHELL=/bin/bash --target=i686-linux-gnu --host=i686-linux-gnu --build=i686-linux-gnu --program-prefix= --program-suffix= --prefix=/home/ubuntu/Archer_C7_V5/openwrt/staging_dir/host --exec-prefix=/home/ubuntu/Archer_C7_V5/openwrt/staging_dir/host --sysconfdir=/home/ubuntu/Archer_C7_V5/openwrt/staging_dir/host/etc --localstatedir=/home/ubuntu/Archer_C7_V5/openwrt/staging_dir/host/var --sbindir=/home/ubuntu/Archer_C7_V5/openwrt/staging_dir/host/bin --enable-static --disable-shared --with-gmp=/home/ubuntu/Archer_C7_V5/openwrt/staging_dir/host

## --------- ##
## Platform. ##
## --------- ##

hostname = ubuntu
uname -m = i686
uname -r = 4.4.0-142-generic
uname -s = Linux
uname -v = #168~14.04.1-Ubuntu SMP Sat Jan 19 11:28:33 UTC 2019

/usr/bin/uname -p = unknown
/bin/uname -X     = unknown

/bin/arch              = unknown
/usr/bin/arch -k       = unknown
/usr/convex/getsysinfo = unknown
/usr/bin/hostinfo      = unknown
/bin/machine           = unknown
/usr/bin/oslevel       = unknown
/bin/universe          = unknown

PATH: /home/ubuntu/Archer_C7_V5/openwrt/staging_dir/toolchain-mips_r2_gcc-4.6-linaro_uClibc-0.9.33.2/bin
PATH: /home/ubuntu/Archer_C7_V5/openwrt/staging_dir/host/bin
PATH: /home/ubuntu/Archer_C7_V5/openwrt/staging_dir/toolchain-mips_r2_gcc-4.6-linaro_uClibc-0.9.33.2/bin
PATH: /home/ubuntu/Archer_C7_V5/openwrt/staging_dir/host/bin
PATH: /home/ubuntu/Archer_C7_V5/openwrt/staging_dir/toolchain-mips_r2_gcc-4.6-linaro_uClibc-0.9.33.2/bin
PATH: /home/ubuntu/Archer_C7_V5/openwrt/staging_dir/host/bin
PATH: /usr/local/sbin
PATH: /usr/local/bin
PATH: /usr/sbin
PATH: /usr/bin
PATH: /sbin
PATH: /bin
PATH: /usr/games
PATH: /usr/local/games


## ----------- ##
## Core tests. ##
## ----------- ##

configure:2530: checking for a BSD-compatible install
configure:2598: result: /usr/bin/install -c
configure:2609: checking whether build environment is sane
configure:2659: result: yes
configure:2800: checking for a thread-safe mkdir -p
configure:2839: result: /bin/mkdir -p
configure:2852: checking for gawk
configure:2882: result: no
configure:2852: checking for mawk
configure:2868: found /usr/bin/mawk
configure:2879: result: mawk
configure:2890: checking whether make sets $(MAKE)
configure:2912: result: yes
configure:2984: checking whether to enable maintainer-specific portions of Makefiles
configure:2993: result: yes
configure:3016: checking build system type
configure:3030: result: i686-pc-linux-gnu
configure:3050: checking host system type
configure:3063: result: i686-pc-linux-gnu
configure:3225: checking for grep that handles long lines and -e
configure:3283: result: /bin/grep
configure:3288: checking for egrep
configure:3350: result: /bin/grep -E
configure:3355: checking for a sed that does not truncate output
configure:3419: result: /home/ubuntu/Archer_C7_V5/openwrt/staging_dir/host/bin/sed
configure:3488: checking for i686-linux-gnu-gcc
configure:3515: result: gcc
configure:3784: checking for C compiler version
configure:3793: gcc --version >&5
gcc (Ubuntu 4.8.4-2ubuntu1~14.04.4) 4.8.4
Copyright (C) 2013 Free Software Foundation, Inc.
This is free software; see the source for copying conditions.  There is NO
warranty; not even for MERCHANTABILITY or FITNESS FOR A PARTICULAR PURPOSE.

configure:3804: $? = 0
configure:3793: gcc -v >&5
Using built-in specs.
COLLECT_GCC=gcc
COLLECT_LTO_WRAPPER=/usr/lib/gcc/i686-linux-gnu/4.8/lto-wrapper
Target: i686-linux-gnu
Configured with: ../src/configure -v --with-pkgversion='Ubuntu 4.8.4-2ubuntu1~14.04.4' --with-bugurl=file:///usr/share/doc/gcc-4.8/README.Bugs --enable-languages=c,c++,java,go,d,fortran,objc,obj-c++ --prefix=/usr --program-suffix=-4.8 --enable-shared --enable-linker-build-id --libexecdir=/usr/lib --without-included-gettext --enable-threads=posix --with-gxx-include-dir=/usr/include/c++/4.8 --libdir=/usr/lib --enable-nls --with-sysroot=/ --enable-clocale=gnu --enable-libstdcxx-debug --enable-libstdcxx-time=yes --enable-gnu-unique-object --disable-libmudflap --enable-plugin --with-system-zlib --disable-browser-plugin --enable-java-awt=gtk --enable-gtk-cairo --with-java-home=/usr/lib/jvm/java-1.5.0-gcj-4.8-i386/jre --enable-java-home --with-jvm-root-dir=/usr/lib/jvm/java-1.5.0-gcj-4.8-i386 --with-jvm-jar-dir=/usr/lib/jvm-exports/java-1.5.0-gcj-4.8-i386 --with-arch-directory=i386 --with-ecj-jar=/usr/share/java/eclipse-ecj.jar --enable-objc-gc --enable-targets=all --enable-multiarch --disable-werror --with-arch-32=i686 --with-multilib-list=m32,m64,mx32 --with-tune=generic --enable-checking=release --build=i686-linux-gnu --host=i686-linux-gnu --target=i686-linux-gnu
Thread model: posix
gcc version 4.8.4 (Ubuntu 4.8.4-2ubuntu1~14.04.4) 
configure:3804: $? = 0
configure:3793: gcc -V >&5
gcc: error: unrecognized command line option '-V'
gcc: fatal error: no input files
compilation terminated.
configure:3804: $? = 4
configure:3793: gcc -qversion >&5
gcc: error: unrecognized command line option '-qversion'
gcc: fatal error: no input files
compilation terminated.
configure:3804: $? = 4
configure:3824: checking whether the C compiler works
configure:3846: gcc -O2 -I/home/ubuntu/Archer_C7_V5/openwrt/staging_dir/host/include -I/home/ubuntu/Archer_C7_V5/openwrt/staging_dir/host/include -I/home/ubuntu/Archer_C7_V5/openwrt/staging_dir/host/include -L/home/ubuntu/Archer_C7_V5/openwrt/staging_dir/host/lib -L/home/ubuntu/Archer_C7_V5/openwrt/staging_dir/host/lib conftest.c  >&5
configure:3850: $? = 0
configure:3898: result: yes
configure:3901: checking for C compiler default output file name
configure:3903: result: a.out
configure:3909: checking for suffix of executables
configure:3916: gcc -o conftest -O2 -I/home/ubuntu/Archer_C7_V5/openwrt/staging_dir/host/include -I/home/ubuntu/Archer_C7_V5/openwrt/staging_dir/host/include -I/home/ubuntu/Archer_C7_V5/openwrt/staging_dir/host/include -L/home/ubuntu/Archer_C7_V5/openwrt/staging_dir/host/lib -L/home/ubuntu/Archer_C7_V5/openwrt/staging_dir/host/lib conftest.c  >&5
configure:3920: $? = 0
configure:3942: result: 
configure:3964: checking whether we are cross compiling
configure:3972: gcc -o conftest -O2 -I/home/ubuntu/Archer_C7_V5/openwrt/staging_dir/host/include -I/home/ubuntu/Archer_C7_V5/openwrt/staging_dir/host/include -I/home/ubuntu/Archer_C7_V5/openwrt/staging_dir/host/include -L/home/ubuntu/Archer_C7_V5/openwrt/staging_dir/host/lib -L/home/ubuntu/Archer_C7_V5/openwrt/staging_dir/host/lib conftest.c  >&5
configure:3976: $? = 0
configure:3983: ./conftest
configure:3987: $? = 0
configure:4002: result: no
configure:4007: checking for suffix of object files
configure:4029: gcc -c -O2 -I/home/ubuntu/Archer_C7_V5/openwrt/staging_dir/host/include -I/home/ubuntu/Archer_C7_V5/openwrt/staging_dir/host/include -I/home/ubuntu/Archer_C7_V5/openwrt/staging_dir/host/include conftest.c >&5
configure:4033: $? = 0
configure:4054: result: o
configure:4058: checking whether we are using the GNU C compiler
configure:4077: gcc -c -O2 -I/home/ubuntu/Archer_C7_V5/openwrt/staging_dir/host/include -I/home/ubuntu/Archer_C7_V5/openwrt/staging_dir/host/include -I/home/ubuntu/Archer_C7_V5/openwrt/staging_dir/host/include conftest.c >&5
configure:4077: $? = 0
configure:4086: result: yes
configure:4095: checking whether gcc accepts -g
configure:4115: gcc -c -g -I/home/ubuntu/Archer_C7_V5/openwrt/staging_dir/host/include -I/home/ubuntu/Archer_C7_V5/openwrt/staging_dir/host/include conftest.c >&5
configure:4115: $? = 0
configure:4156: result: yes
configure:4173: checking for gcc option to accept ISO C89
configure:4237: gcc  -c -O2 -I/home/ubuntu/Archer_C7_V5/openwrt/staging_dir/host/include -I/home/ubuntu/Archer_C7_V5/openwrt/staging_dir/host/include -I/home/ubuntu/Archer_C7_V5/openwrt/staging_dir/host/include conftest.c >&5
configure:4237: $? = 0
configure:4250: result: none needed
configure:4281: checking for style of include used by make
configure:4309: result: GNU
configure:4335: checking dependency style of gcc
configure:4446: result: gcc3
configure:4466: checking how to run the C preprocessor
configure:4497: gcc -E -I/home/ubuntu/Archer_C7_V5/openwrt/staging_dir/host/include -I/home/ubuntu/Archer_C7_V5/openwrt/staging_dir/host/include conftest.c
configure:4497: $? = 0
configure:4511: gcc -E -I/home/ubuntu/Archer_C7_V5/openwrt/staging_dir/host/include -I/home/ubuntu/Archer_C7_V5/openwrt/staging_dir/host/include conftest.c
conftest.c:9:28: fatal error: ac_nonexistent.h: No such file or directory
 #include <ac_nonexistent.h>
                            ^
compilation terminated.
configure:4511: $? = 1
configure: failed program was:
| /* confdefs.h */
| #define PACKAGE_NAME "MPFR"
| #define PACKAGE_TARNAME "mpfr"
| #define PACKAGE_VERSION "3.0.0"
| #define PACKAGE_STRING "MPFR 3.0.0"
| #define PACKAGE_BUGREPORT ""
| #define PACKAGE_URL ""
| /* end confdefs.h.  */
| #include <ac_nonexistent.h>
configure:4536: result: gcc -E
configure:4556: gcc -E -I/home/ubuntu/Archer_C7_V5/openwrt/staging_dir/host/include -I/home/ubuntu/Archer_C7_V5/openwrt/staging_dir/host/include conftest.c
configure:4556: $? = 0
configure:4570: gcc -E -I/home/ubuntu/Archer_C7_V5/openwrt/staging_dir/host/include -I/home/ubuntu/Archer_C7_V5/openwrt/staging_dir/host/include conftest.c
conftest.c:9:28: fatal error: ac_nonexistent.h: No such file or directory
 #include <ac_nonexistent.h>
                            ^
compilation terminated.
configure:4570: $? = 1
configure: failed program was:
| /* confdefs.h */
| #define PACKAGE_NAME "MPFR"
| #define PACKAGE_TARNAME "mpfr"
| #define PACKAGE_VERSION "3.0.0"
| #define PACKAGE_STRING "MPFR 3.0.0"
| #define PACKAGE_BUGREPORT ""
| #define PACKAGE_URL ""
| /* end confdefs.h.  */
| #include <ac_nonexistent.h>
configure:4709: checking for ICC
configure:4727: gcc -c -O2 -I/home/ubuntu/Archer_C7_V5/openwrt/staging_dir/host/include -I/home/ubuntu/Archer_C7_V5/openwrt/staging_dir/host/include -I/home/ubuntu/Archer_C7_V5/openwrt/staging_dir/host/include conftest.c >&5
conftest.c:11:3: error: #error "ICC Not Found"
 # error "ICC Not Found"
   ^
conftest.c:15:1: error: expected '=', ',', ';', 'asm' or '__attribute__' before 'int'
 int
 ^
configure:4727: $? = 1
configure: failed program was:
| /* confdefs.h */
| #define PACKAGE_NAME "MPFR"
| #define PACKAGE_TARNAME "mpfr"
| #define PACKAGE_VERSION "3.0.0"
| #define PACKAGE_STRING "MPFR 3.0.0"
| #define PACKAGE_BUGREPORT ""
| #define PACKAGE_URL ""
| /* end confdefs.h.  */
| 
| #if !defined(__ICC)
| # error "ICC Not Found"
| error
| #endif
| 
| int
| main ()
| {
| 
|   ;
|   return 0;
| }
configure:4734: result: no
configure:4747: checking whether gcc and cc understand -c and -o together
configure:4778: gcc -c conftest.c -o conftest2.o >&5
configure:4782: $? = 0
configure:4788: gcc -c conftest.c -o conftest2.o >&5
configure:4792: $? = 0
configure:4803: cc -c conftest.c >&5
configure:4807: $? = 0
configure:4815: cc -c conftest.c -o conftest2.o >&5
configure:4819: $? = 0
configure:4825: cc -c conftest.c -o conftest2.o >&5
configure:4829: $? = 0
configure:4847: result: yes
configure:4872: checking for function prototypes
configure:4875: result: yes
configure:4889: checking for ANSI C header files
configure:4909: gcc -c -O2 -I/home/ubuntu/Archer_C7_V5/openwrt/staging_dir/host/include -I/home/ubuntu/Archer_C7_V5/openwrt/staging_dir/host/include -I/home/ubuntu/Archer_C7_V5/openwrt/staging_dir/host/include conftest.c >&5
configure:4909: $? = 0
configure:4982: gcc -o conftest -O2 -I/home/ubuntu/Archer_C7_V5/openwrt/staging_dir/host/include -I/home/ubuntu/Archer_C7_V5/openwrt/staging_dir/host/include -I/home/ubuntu/Archer_C7_V5/openwrt/staging_dir/host/include -L/home/ubuntu/Archer_C7_V5/openwrt/staging_dir/host/lib -L/home/ubuntu/Archer_C7_V5/openwrt/staging_dir/host/lib conftest.c  >&5
configure:4982: $? = 0
configure:4982: ./conftest
configure:4982: $? = 0
configure:4993: result: yes
configure:5006: checking for sys/types.h
configure:5006: gcc -c -O2 -I/home/ubuntu/Archer_C7_V5/openwrt/staging_dir/host/include -I/home/ubuntu/Archer_C7_V5/openwrt/staging_dir/host/include -I/home/ubuntu/Archer_C7_V5/openwrt/staging_dir/host/include conftest.c >&5
configure:5006: $? = 0
configure:5006: result: yes
configure:5006: checking for sys/stat.h
configure:5006: gcc -c -O2 -I/home/ubuntu/Archer_C7_V5/openwrt/staging_dir/host/include -I/home/ubuntu/Archer_C7_V5/openwrt/staging_dir/host/include -I/home/ubuntu/Archer_C7_V5/openwrt/staging_dir/host/include conftest.c >&5
configure:5006: $? = 0
configure:5006: result: yes
configure:5006: checking for stdlib.h
configure:5006: gcc -c -O2 -I/home/ubuntu/Archer_C7_V5/openwrt/staging_dir/host/include -I/home/ubuntu/Archer_C7_V5/openwrt/staging_dir/host/include -I/home/ubuntu/Archer_C7_V5/openwrt/staging_dir/host/include conftest.c >&5
configure:5006: $? = 0
configure:5006: result: yes
configure:5006: checking for string.h
configure:5006: gcc -c -O2 -I/home/ubuntu/Archer_C7_V5/openwrt/staging_dir/host/include -I/home/ubuntu/Archer_C7_V5/openwrt/staging_dir/host/include -I/home/ubuntu/Archer_C7_V5/openwrt/staging_dir/host/include conftest.c >&5
configure:5006: $? = 0
configure:5006: result: yes
configure:5006: checking for memory.h
configure:5006: gcc -c -O2 -I/home/ubuntu/Archer_C7_V5/openwrt/staging_dir/host/include -I/home/ubuntu/Archer_C7_V5/openwrt/staging_dir/host/include -I/home/ubuntu/Archer_C7_V5/openwrt/staging_dir/host/include conftest.c >&5
configure:5006: $? = 0
configure:5006: result: yes
configure:5006: checking for strings.h
configure:5006: gcc -c -O2 -I/home/ubuntu/Archer_C7_V5/openwrt/staging_dir/host/include -I/home/ubuntu/Archer_C7_V5/openwrt/staging_dir/host/include -I/home/ubuntu/Archer_C7_V5/openwrt/staging_dir/host/include conftest.c >&5
configure:5006: $? = 0
configure:5006: result: yes
configure:5006: checking for inttypes.h
configure:5006: gcc -c -O2 -I/home/ubuntu/Archer_C7_V5/openwrt/staging_dir/host/include -I/home/ubuntu/Archer_C7_V5/openwrt/staging_dir/host/include -I/home/ubuntu/Archer_C7_V5/openwrt/staging_dir/host/include conftest.c >&5
configure:5006: $? = 0
configure:5006: result: yes
configure:5006: checking for stdint.h
configure:5006: gcc -c -O2 -I/home/ubuntu/Archer_C7_V5/openwrt/staging_dir/host/include -I/home/ubuntu/Archer_C7_V5/openwrt/staging_dir/host/include -I/home/ubuntu/Archer_C7_V5/openwrt/staging_dir/host/include conftest.c >&5
configure:5006: $? = 0
configure:5006: result: yes
configure:5006: checking for unistd.h
configure:5006: gcc -c -O2 -I/home/ubuntu/Archer_C7_V5/openwrt/staging_dir/host/include -I/home/ubuntu/Archer_C7_V5/openwrt/staging_dir/host/include -I/home/ubuntu/Archer_C7_V5/openwrt/staging_dir/host/include conftest.c >&5
configure:5006: $? = 0
configure:5006: result: yes
configure:5029: checking for string.h
configure:5029: result: yes
configure:5075: checking for an ANSI C-conforming const
configure:5140: gcc -c -O2 -I/home/ubuntu/Archer_C7_V5/openwrt/staging_dir/host/include -I/home/ubuntu/Archer_C7_V5/openwrt/staging_dir/host/include -I/home/ubuntu/Archer_C7_V5/openwrt/staging_dir/host/include conftest.c >&5
configure:5140: $? = 0
configure:5147: result: yes
configure:5155: checking for working volatile
configure:5174: gcc -c -O2 -I/home/ubuntu/Archer_C7_V5/openwrt/staging_dir/host/include -I/home/ubuntu/Archer_C7_V5/openwrt/staging_dir/host/include -I/home/ubuntu/Archer_C7_V5/openwrt/staging_dir/host/include conftest.c >&5
configure:5174: $? = 0
configure:5181: result: yes
configure:5347: checking for main in -lm
configure:5366: gcc -o conftest -O2 -I/home/ubuntu/Archer_C7_V5/openwrt/staging_dir/host/include -I/home/ubuntu/Archer_C7_V5/openwrt/staging_dir/host/include -I/home/ubuntu/Archer_C7_V5/openwrt/staging_dir/host/include -L/home/ubuntu/Archer_C7_V5/openwrt/staging_dir/host/lib -L/home/ubuntu/Archer_C7_V5/openwrt/staging_dir/host/lib conftest.c -lm   >&5
configure:5366: $? = 0
configure:5375: result: yes
configure:5384: checking whether time.h and sys/time.h may both be included
configure:5404: gcc -c -O2 -I/home/ubuntu/Archer_C7_V5/openwrt/staging_dir/host/include -I/home/ubuntu/Archer_C7_V5/openwrt/staging_dir/host/include -I/home/ubuntu/Archer_C7_V5/openwrt/staging_dir/host/include conftest.c >&5
configure:5404: $? = 0
configure:5411: result: yes
configure:5419: checking for size_t
configure:5419: gcc -c -O2 -I/home/ubuntu/Archer_C7_V5/openwrt/staging_dir/host/include -I/home/ubuntu/Archer_C7_V5/openwrt/staging_dir/host/include -I/home/ubuntu/Archer_C7_V5/openwrt/staging_dir/host/include conftest.c >&5
configure:5419: $? = 0
configure:5419: gcc -c -O2 -I/home/ubuntu/Archer_C7_V5/openwrt/staging_dir/host/include -I/home/ubuntu/Archer_C7_V5/openwrt/staging_dir/host/include -I/home/ubuntu/Archer_C7_V5/openwrt/staging_dir/host/include conftest.c >&5
conftest.c: In function 'main':
conftest.c:59:21: error: expected expression before ')' token
 if (sizeof ((size_t)))
                     ^
configure:5419: $? = 1
configure: failed program was:
| /* confdefs.h */
| #define PACKAGE_NAME "MPFR"
| #define PACKAGE_TARNAME "mpfr"
| #define PACKAGE_VERSION "3.0.0"
| #define PACKAGE_STRING "MPFR 3.0.0"
| #define PACKAGE_BUGREPORT ""
| #define PACKAGE_URL ""
| #define PROTOTYPES 1
| #define __PROTOTYPES 1
| #define STDC_HEADERS 1
| #define HAVE_SYS_TYPES_H 1
| #define HAVE_SYS_STAT_H 1
| #define HAVE_STDLIB_H 1
| #define HAVE_STRING_H 1
| #define HAVE_MEMORY_H 1
| #define HAVE_STRINGS_H 1
| #define HAVE_INTTYPES_H 1
| #define HAVE_STDINT_H 1
| #define HAVE_UNISTD_H 1
| #define HAVE_STRING_H 1
| #define TIME_WITH_SYS_TIME 1
| /* end confdefs.h.  */
| #include <stdio.h>
| #ifdef HAVE_SYS_TYPES_H
| # include <sys/types.h>
| #endif
| #ifdef HAVE_SYS_STAT_H
| # include <sys/stat.h>
| #endif
| #ifdef STDC_HEADERS
| # include <stdlib.h>
| # include <stddef.h>
| #else
| # ifdef HAVE_STDLIB_H
| #  include <stdlib.h>
| # endif
| #endif
| #ifdef HAVE_STRING_H
| # if !defined STDC_HEADERS && defined HAVE_MEMORY_H
| #  include <memory.h>
| # endif
| # include <string.h>
| #endif
| #ifdef HAVE_STRINGS_H
| # include <strings.h>
| #endif
| #ifdef HAVE_INTTYPES_H
| # include <inttypes.h>
| #endif
| #ifdef HAVE_STDINT_H
| # include <stdint.h>
| #endif
| #ifdef HAVE_UNISTD_H
| # include <unistd.h>
| #endif
| int
| main ()
| {
| if (sizeof ((size_t)))
| 	    return 0;
|   ;
|   return 0;
| }
configure:5419: result: yes
configure:5436: checking limits.h usability
configure:5436: gcc -c -O2 -I/home/ubuntu/Archer_C7_V5/openwrt/staging_dir/host/include -I/home/ubuntu/Archer_C7_V5/openwrt/staging_dir/host/include -I/home/ubuntu/Archer_C7_V5/openwrt/staging_dir/host/include conftest.c >&5
configure:5436: $? = 0
configure:5436: result: yes
configure:5436: checking limits.h presence
configure:5436: gcc -E -I/home/ubuntu/Archer_C7_V5/openwrt/staging_dir/host/include -I/home/ubuntu/Archer_C7_V5/openwrt/staging_dir/host/include conftest.c
configure:5436: $? = 0
configure:5436: result: yes
configure:5436: checking for limits.h
configure:5436: result: yes
configure:5444: checking float.h usability
configure:5444: gcc -c -O2 -I/home/ubuntu/Archer_C7_V5/openwrt/staging_dir/host/include -I/home/ubuntu/Archer_C7_V5/openwrt/staging_dir/host/include -I/home/ubuntu/Archer_C7_V5/openwrt/staging_dir/host/include conftest.c >&5
configure:5444: $? = 0
configure:5444: result: yes
configure:5444: checking float.h presence
configure:5444: gcc -E -I/home/ubuntu/Archer_C7_V5/openwrt/staging_dir/host/include -I/home/ubuntu/Archer_C7_V5/openwrt/staging_dir/host/include conftest.c
configure:5444: $? = 0
configure:5444: result: yes
configure:5444: checking for float.h
configure:5444: result: yes
configure:5452: checking for string.h
configure:5452: result: yes
configure:5463: checking locale.h usability
configure:5463: gcc -c -O2 -I/home/ubuntu/Archer_C7_V5/openwrt/staging_dir/host/include -I/home/ubuntu/Archer_C7_V5/openwrt/staging_dir/host/include -I/home/ubuntu/Archer_C7_V5/openwrt/staging_dir/host/include conftest.c >&5
configure:5463: $? = 0
configure:5463: result: yes
configure:5463: checking locale.h presence
configure:5463: gcc -E -I/home/ubuntu/Archer_C7_V5/openwrt/staging_dir/host/include -I/home/ubuntu/Archer_C7_V5/openwrt/staging_dir/host/include conftest.c
configure:5463: $? = 0
configure:5463: result: yes
configure:5463: checking for locale.h
configure:5463: result: yes
configure:5476: checking wchar.h usability
configure:5476: gcc -c -O2 -I/home/ubuntu/Archer_C7_V5/openwrt/staging_dir/host/include -I/home/ubuntu/Archer_C7_V5/openwrt/staging_dir/host/include -I/home/ubuntu/Archer_C7_V5/openwrt/staging_dir/host/include conftest.c >&5
configure:5476: $? = 0
configure:5476: result: yes
configure:5476: checking wchar.h presence
configure:5476: gcc -E -I/home/ubuntu/Archer_C7_V5/openwrt/staging_dir/host/include -I/home/ubuntu/Archer_C7_V5/openwrt/staging_dir/host/include conftest.c
configure:5476: $? = 0
configure:5476: result: yes
configure:5476: checking for wchar.h
configure:5476: result: yes
configure:5487: checking stdarg.h usability
configure:5487: gcc -c -O2 -I/home/ubuntu/Archer_C7_V5/openwrt/staging_dir/host/include -I/home/ubuntu/Archer_C7_V5/openwrt/staging_dir/host/include -I/home/ubuntu/Archer_C7_V5/openwrt/staging_dir/host/include conftest.c >&5
configure:5487: $? = 0
configure:5487: result: yes
configure:5487: checking stdarg.h presence
configure:5487: gcc -E -I/home/ubuntu/Archer_C7_V5/openwrt/staging_dir/host/include -I/home/ubuntu/Archer_C7_V5/openwrt/staging_dir/host/include conftest.c
configure:5487: $? = 0
configure:5487: result: yes
configure:5487: checking for stdarg.h
configure:5487: result: yes
configure:5508: checking sys/time.h usability
configure:5508: gcc -c -O2 -I/home/ubuntu/Archer_C7_V5/openwrt/staging_dir/host/include -I/home/ubuntu/Archer_C7_V5/openwrt/staging_dir/host/include -I/home/ubuntu/Archer_C7_V5/openwrt/staging_dir/host/include conftest.c >&5
configure:5508: $? = 0
configure:5508: result: yes
configure:5508: checking sys/time.h presence
configure:5508: gcc -E -I/home/ubuntu/Archer_C7_V5/openwrt/staging_dir/host/include -I/home/ubuntu/Archer_C7_V5/openwrt/staging_dir/host/include conftest.c
configure:5508: $? = 0
configure:5508: result: yes
configure:5508: checking for sys/time.h
configure:5508: result: yes
configure:5508: checking sys/fpu.h usability
configure:5508: gcc -c -O2 -I/home/ubuntu/Archer_C7_V5/openwrt/staging_dir/host/include -I/home/ubuntu/Archer_C7_V5/openwrt/staging_dir/host/include -I/home/ubuntu/Archer_C7_V5/openwrt/staging_dir/host/include conftest.c >&5
conftest.c:60:21: fatal error: sys/fpu.h: No such file or directory
 #include <sys/fpu.h>
                     ^
compilation terminated.
configure:5508: $? = 1
configure: failed program was:
| /* confdefs.h */
| #define PACKAGE_NAME "MPFR"
| #define PACKAGE_TARNAME "mpfr"
| #define PACKAGE_VERSION "3.0.0"
| #define PACKAGE_STRING "MPFR 3.0.0"
| #define PACKAGE_BUGREPORT ""
| #define PACKAGE_URL ""
| #define PROTOTYPES 1
| #define __PROTOTYPES 1
| #define STDC_HEADERS 1
| #define HAVE_SYS_TYPES_H 1
| #define HAVE_SYS_STAT_H 1
| #define HAVE_STDLIB_H 1
| #define HAVE_STRING_H 1
| #define HAVE_MEMORY_H 1
| #define HAVE_STRINGS_H 1
| #define HAVE_INTTYPES_H 1
| #define HAVE_STDINT_H 1
| #define HAVE_UNISTD_H 1
| #define HAVE_STRING_H 1
| #define TIME_WITH_SYS_TIME 1
| #define HAVE_LOCALE_H 1
| #define HAVE_WCHAR_H 1
| #define HAVE_STDARG 1
| #define HAVE_SYS_TIME_H 1
| /* end confdefs.h.  */
| #include <stdio.h>
| #ifdef HAVE_SYS_TYPES_H
| # include <sys/types.h>
| #endif
| #ifdef HAVE_SYS_STAT_H
| # include <sys/stat.h>
| #endif
| #ifdef STDC_HEADERS
| # include <stdlib.h>
| # include <stddef.h>
| #else
| # ifdef HAVE_STDLIB_H
| #  include <stdlib.h>
| # endif
| #endif
| #ifdef HAVE_STRING_H
| # if !defined STDC_HEADERS && defined HAVE_MEMORY_H
| #  include <memory.h>
| # endif
| # include <string.h>
| #endif
| #ifdef HAVE_STRINGS_H
| # include <strings.h>
| #endif
| #ifdef HAVE_INTTYPES_H
| # include <inttypes.h>
| #endif
| #ifdef HAVE_STDINT_H
| # include <stdint.h>
| #endif
| #ifdef HAVE_UNISTD_H
| # include <unistd.h>
| #endif
| #include <sys/fpu.h>
configure:5508: result: no
configure:5508: checking sys/fpu.h presence
configure:5508: gcc -E -I/home/ubuntu/Archer_C7_V5/openwrt/staging_dir/host/include -I/home/ubuntu/Archer_C7_V5/openwrt/staging_dir/host/include conftest.c
conftest.c:27:21: fatal error: sys/fpu.h: No such file or directory
 #include <sys/fpu.h>
                     ^
compilation terminated.
configure:5508: $? = 1
configure: failed program was:
| /* confdefs.h */
| #define PACKAGE_NAME "MPFR"
| #define PACKAGE_TARNAME "mpfr"
| #define PACKAGE_VERSION "3.0.0"
| #define PACKAGE_STRING "MPFR 3.0.0"
| #define PACKAGE_BUGREPORT ""
| #define PACKAGE_URL ""
| #define PROTOTYPES 1
| #define __PROTOTYPES 1
| #define STDC_HEADERS 1
| #define HAVE_SYS_TYPES_H 1
| #define HAVE_SYS_STAT_H 1
| #define HAVE_STDLIB_H 1
| #define HAVE_STRING_H 1
| #define HAVE_MEMORY_H 1
| #define HAVE_STRINGS_H 1
| #define HAVE_INTTYPES_H 1
| #define HAVE_STDINT_H 1
| #define HAVE_UNISTD_H 1
| #define HAVE_STRING_H 1
| #define TIME_WITH_SYS_TIME 1
| #define HAVE_LOCALE_H 1
| #define HAVE_WCHAR_H 1
| #define HAVE_STDARG 1
| #define HAVE_SYS_TIME_H 1
| /* end confdefs.h.  */
| #include <sys/fpu.h>
configure:5508: result: no
configure:5508: checking for sys/fpu.h
configure:5508: result: no
configure:5521: checking for working alloca.h
configure:5538: gcc -o conftest -O2 -I/home/ubuntu/Archer_C7_V5/openwrt/staging_dir/host/include -I/home/ubuntu/Archer_C7_V5/openwrt/staging_dir/host/include -I/home/ubuntu/Archer_C7_V5/openwrt/staging_dir/host/include -L/home/ubuntu/Archer_C7_V5/openwrt/staging_dir/host/lib -L/home/ubuntu/Archer_C7_V5/openwrt/staging_dir/host/lib conftest.c  >&5
configure:5538: $? = 0
configure:5546: result: yes
configure:5554: checking for alloca
configure:5591: gcc -o conftest -O2 -I/home/ubuntu/Archer_C7_V5/openwrt/staging_dir/host/include -I/home/ubuntu/Archer_C7_V5/openwrt/staging_dir/host/include -I/home/ubuntu/Archer_C7_V5/openwrt/staging_dir/host/include -L/home/ubuntu/Archer_C7_V5/openwrt/staging_dir/host/lib -L/home/ubuntu/Archer_C7_V5/openwrt/staging_dir/host/lib conftest.c  >&5
configure:5591: $? = 0
configure:5599: result: yes
configure:5712: checking for stdint.h
configure:5712: result: yes
configure:5722: checking for SIZE_MAX
configure:5794: result: yes
configure:5805: checking how to copy va_list
configure:5823: gcc -o conftest -O2 -I/home/ubuntu/Archer_C7_V5/openwrt/staging_dir/host/include -I/home/ubuntu/Archer_C7_V5/openwrt/staging_dir/host/include -I/home/ubuntu/Archer_C7_V5/openwrt/staging_dir/host/include -L/home/ubuntu/Archer_C7_V5/openwrt/staging_dir/host/lib -L/home/ubuntu/Archer_C7_V5/openwrt/staging_dir/host/lib conftest.c  >&5
configure:5823: $? = 0
configure:5825: result: va_copy
configure:5864: checking for memmove
configure:5864: gcc -o conftest -O2 -I/home/ubuntu/Archer_C7_V5/openwrt/staging_dir/host/include -I/home/ubuntu/Archer_C7_V5/openwrt/staging_dir/host/include -I/home/ubuntu/Archer_C7_V5/openwrt/staging_dir/host/include -L/home/ubuntu/Archer_C7_V5/openwrt/staging_dir/host/lib -L/home/ubuntu/Archer_C7_V5/openwrt/staging_dir/host/lib conftest.c  >&5
conftest.c:54:6: warning: conflicting types for built-in function 'memmove' [enabled by default]
 char memmove ();
      ^
configure:5864: $? = 0
configure:5864: result: yes
configure:5864: checking for memset
configure:5864: gcc -o conftest -O2 -I/home/ubuntu/Archer_C7_V5/openwrt/staging_dir/host/include -I/home/ubuntu/Archer_C7_V5/openwrt/staging_dir/host/include -I/home/ubuntu/Archer_C7_V5/openwrt/staging_dir/host/include -L/home/ubuntu/Archer_C7_V5/openwrt/staging_dir/host/lib -L/home/ubuntu/Archer_C7_V5/openwrt/staging_dir/host/lib conftest.c  >&5
conftest.c:55:6: warning: conflicting types for built-in function 'memset' [enabled by default]
 char memset ();
      ^
configure:5864: $? = 0
configure:5864: result: yes
configure:5864: checking for setlocale
configure:5864: gcc -o conftest -O2 -I/home/ubuntu/Archer_C7_V5/openwrt/staging_dir/host/include -I/home/ubuntu/Archer_C7_V5/openwrt/staging_dir/host/include -I/home/ubuntu/Archer_C7_V5/openwrt/staging_dir/host/include -L/home/ubuntu/Archer_C7_V5/openwrt/staging_dir/host/lib -L/home/ubuntu/Archer_C7_V5/openwrt/staging_dir/host/lib conftest.c  >&5
configure:5864: $? = 0
configure:5864: result: yes
configure:5864: checking for strtol
configure:5864: gcc -o conftest -O2 -I/home/ubuntu/Archer_C7_V5/openwrt/staging_dir/host/include -I/home/ubuntu/Archer_C7_V5/openwrt/staging_dir/host/include -I/home/ubuntu/Archer_C7_V5/openwrt/staging_dir/host/include -L/home/ubuntu/Archer_C7_V5/openwrt/staging_dir/host/lib -L/home/ubuntu/Archer_C7_V5/openwrt/staging_dir/host/lib conftest.c  >&5
configure:5864: $? = 0
configure:5864: result: yes
configure:5864: checking for gettimeofday
configure:5864: gcc -o conftest -O2 -I/home/ubuntu/Archer_C7_V5/openwrt/staging_dir/host/include -I/home/ubuntu/Archer_C7_V5/openwrt/staging_dir/host/include -I/home/ubuntu/Archer_C7_V5/openwrt/staging_dir/host/include -L/home/ubuntu/Archer_C7_V5/openwrt/staging_dir/host/lib -L/home/ubuntu/Archer_C7_V5/openwrt/staging_dir/host/lib conftest.c  >&5
configure:5864: $? = 0
configure:5864: result: yes
configure:5917: checking for long long int
configure:5917: gcc -c -O2 -I/home/ubuntu/Archer_C7_V5/openwrt/staging_dir/host/include -I/home/ubuntu/Archer_C7_V5/openwrt/staging_dir/host/include -I/home/ubuntu/Archer_C7_V5/openwrt/staging_dir/host/include conftest.c >&5
configure:5917: $? = 0
configure:5917: gcc -c -O2 -I/home/ubuntu/Archer_C7_V5/openwrt/staging_dir/host/include -I/home/ubuntu/Archer_C7_V5/openwrt/staging_dir/host/include -I/home/ubuntu/Archer_C7_V5/openwrt/staging_dir/host/include conftest.c >&5
conftest.c: In function 'main':
conftest.c:72:28: error: expected expression before ')' token
 if (sizeof ((long long int)))
                            ^
configure:5917: $? = 1
configure: failed program was:
| /* confdefs.h */
| #define PACKAGE_NAME "MPFR"
| #define PACKAGE_TARNAME "mpfr"
| #define PACKAGE_VERSION "3.0.0"
| #define PACKAGE_STRING "MPFR 3.0.0"
| #define PACKAGE_BUGREPORT ""
| #define PACKAGE_URL ""
| #define PROTOTYPES 1
| #define __PROTOTYPES 1
| #define STDC_HEADERS 1
| #define HAVE_SYS_TYPES_H 1
| #define HAVE_SYS_STAT_H 1
| #define HAVE_STDLIB_H 1
| #define HAVE_STRING_H 1
| #define HAVE_MEMORY_H 1
| #define HAVE_STRINGS_H 1
| #define HAVE_INTTYPES_H 1
| #define HAVE_STDINT_H 1
| #define HAVE_UNISTD_H 1
| #define HAVE_STRING_H 1
| #define TIME_WITH_SYS_TIME 1
| #define HAVE_LOCALE_H 1
| #define HAVE_WCHAR_H 1
| #define HAVE_STDARG 1
| #define HAVE_SYS_TIME_H 1
| #define HAVE_ALLOCA_H 1
| #define HAVE_ALLOCA 1
| #define HAVE_STDINT_H 1
| #define HAVE_VA_COPY 1
| #define HAVE_MEMMOVE 1
| #define HAVE_MEMSET 1
| #define HAVE_SETLOCALE 1
| #define HAVE_STRTOL 1
| #define HAVE_GETTIMEOFDAY 1
| /* end confdefs.h.  */
| #include <stdio.h>
| #ifdef HAVE_SYS_TYPES_H
| # include <sys/types.h>
| #endif
| #ifdef HAVE_SYS_STAT_H
| # include <sys/stat.h>
| #endif
| #ifdef STDC_HEADERS
| # include <stdlib.h>
| # include <stddef.h>
| #else
| # ifdef HAVE_STDLIB_H
| #  include <stdlib.h>
| # endif
| #endif
| #ifdef HAVE_STRING_H
| # if !defined STDC_HEADERS && defined HAVE_MEMORY_H
| #  include <memory.h>
| # endif
| # include <string.h>
| #endif
| #ifdef HAVE_STRINGS_H
| # include <strings.h>
| #endif
| #ifdef HAVE_INTTYPES_H
| # include <inttypes.h>
| #endif
| #ifdef HAVE_STDINT_H
| # include <stdint.h>
| #endif
| #ifdef HAVE_UNISTD_H
| # include <unistd.h>
| #endif
| int
| main ()
| {
| if (sizeof ((long long int)))
| 	    return 0;
|   ;
|   return 0;
| }
configure:5917: result: yes
configure:5925: checking for intmax_t
configure:5925: gcc -c -O2 -I/home/ubuntu/Archer_C7_V5/openwrt/staging_dir/host/include -I/home/ubuntu/Archer_C7_V5/openwrt/staging_dir/host/include -I/home/ubuntu/Archer_C7_V5/openwrt/staging_dir/host/include conftest.c >&5
configure:5925: $? = 0
configure:5925: gcc -c -O2 -I/home/ubuntu/Archer_C7_V5/openwrt/staging_dir/host/include -I/home/ubuntu/Archer_C7_V5/openwrt/staging_dir/host/include -I/home/ubuntu/Archer_C7_V5/openwrt/staging_dir/host/include conftest.c >&5
conftest.c: In function 'main':
conftest.c:73:23: error: expected expression before ')' token
 if (sizeof ((intmax_t)))
                       ^
configure:5925: $? = 1
configure: failed program was:
| /* confdefs.h */
| #define PACKAGE_NAME "MPFR"
| #define PACKAGE_TARNAME "mpfr"
| #define PACKAGE_VERSION "3.0.0"
| #define PACKAGE_STRING "MPFR 3.0.0"
| #define PACKAGE_BUGREPORT ""
| #define PACKAGE_URL ""
| #define PROTOTYPES 1
| #define __PROTOTYPES 1
| #define STDC_HEADERS 1
| #define HAVE_SYS_TYPES_H 1
| #define HAVE_SYS_STAT_H 1
| #define HAVE_STDLIB_H 1
| #define HAVE_STRING_H 1
| #define HAVE_MEMORY_H 1
| #define HAVE_STRINGS_H 1
| #define HAVE_INTTYPES_H 1
| #define HAVE_STDINT_H 1
| #define HAVE_UNISTD_H 1
| #define HAVE_STRING_H 1
| #define TIME_WITH_SYS_TIME 1
| #define HAVE_LOCALE_H 1
| #define HAVE_WCHAR_H 1
| #define HAVE_STDARG 1
| #define HAVE_SYS_TIME_H 1
| #define HAVE_ALLOCA_H 1
| #define HAVE_ALLOCA 1
| #define HAVE_STDINT_H 1
| #define HAVE_VA_COPY 1
| #define HAVE_MEMMOVE 1
| #define HAVE_MEMSET 1
| #define HAVE_SETLOCALE 1
| #define HAVE_STRTOL 1
| #define HAVE_GETTIMEOFDAY 1
| #define HAVE_LONG_LONG 1
| /* end confdefs.h.  */
| #include <stdio.h>
| #ifdef HAVE_SYS_TYPES_H
| # include <sys/types.h>
| #endif
| #ifdef HAVE_SYS_STAT_H
| # include <sys/stat.h>
| #endif
| #ifdef STDC_HEADERS
| # include <stdlib.h>
| # include <stddef.h>
| #else
| # ifdef HAVE_STDLIB_H
| #  include <stdlib.h>
| # endif
| #endif
| #ifdef HAVE_STRING_H
| # if !defined STDC_HEADERS && defined HAVE_MEMORY_H
| #  include <memory.h>
| # endif
| # include <string.h>
| #endif
| #ifdef HAVE_STRINGS_H
| # include <strings.h>
| #endif
| #ifdef HAVE_INTTYPES_H
| # include <inttypes.h>
| #endif
| #ifdef HAVE_STDINT_H
| # include <stdint.h>
| #endif
| #ifdef HAVE_UNISTD_H
| # include <unistd.h>
| #endif
| int
| main ()
| {
| if (sizeof ((intmax_t)))
| 	    return 0;
|   ;
|   return 0;
| }
configure:5925: result: yes
configure:5936: checking for working INTMAX_MAX
configure:5953: gcc -c -O2 -I/home/ubuntu/Archer_C7_V5/openwrt/staging_dir/host/include -I/home/ubuntu/Archer_C7_V5/openwrt/staging_dir/host/include -I/home/ubuntu/Archer_C7_V5/openwrt/staging_dir/host/include conftest.c >&5
configure:5953: $? = 0
configure:5961: result: yes
configure:5970: checking for union fpc_csr
configure:5970: gcc -c -O2 -I/home/ubuntu/Archer_C7_V5/openwrt/staging_dir/host/include -I/home/ubuntu/Archer_C7_V5/openwrt/staging_dir/host/include -I/home/ubuntu/Archer_C7_V5/openwrt/staging_dir/host/include conftest.c >&5
conftest.c: In function 'main':
conftest.c:48:13: error: invalid application of 'sizeof' to incomplete type 'union fpc_csr'
 if (sizeof (union fpc_csr))
             ^
configure:5970: $? = 1
configure: failed program was:
| /* confdefs.h */
| #define PACKAGE_NAME "MPFR"
| #define PACKAGE_TARNAME "mpfr"
| #define PACKAGE_VERSION "3.0.0"
| #define PACKAGE_STRING "MPFR 3.0.0"
| #define PACKAGE_BUGREPORT ""
| #define PACKAGE_URL ""
| #define PROTOTYPES 1
| #define __PROTOTYPES 1
| #define STDC_HEADERS 1
| #define HAVE_SYS_TYPES_H 1
| #define HAVE_SYS_STAT_H 1
| #define HAVE_STDLIB_H 1
| #define HAVE_STRING_H 1
| #define HAVE_MEMORY_H 1
| #define HAVE_STRINGS_H 1
| #define HAVE_INTTYPES_H 1
| #define HAVE_STDINT_H 1
| #define HAVE_UNISTD_H 1
| #define HAVE_STRING_H 1
| #define TIME_WITH_SYS_TIME 1
| #define HAVE_LOCALE_H 1
| #define HAVE_WCHAR_H 1
| #define HAVE_STDARG 1
| #define HAVE_SYS_TIME_H 1
| #define HAVE_ALLOCA_H 1
| #define HAVE_ALLOCA 1
| #define HAVE_STDINT_H 1
| #define HAVE_VA_COPY 1
| #define HAVE_MEMMOVE 1
| #define HAVE_MEMSET 1
| #define HAVE_SETLOCALE 1
| #define HAVE_STRTOL 1
| #define HAVE_GETTIMEOFDAY 1
| #define HAVE_LONG_LONG 1
| #define HAVE_INTMAX_T 1
| #define MPFR_HAVE_INTMAX_MAX 1
| /* end confdefs.h.  */
| 
| #if HAVE_SYS_FPU_H
| #  include <sys/fpu.h>
| #endif
| 
| 
| int
| main ()
| {
| if (sizeof (union fpc_csr))
| 	 return 0;
|   ;
|   return 0;
| }
configure:5970: result: no
configure:5983: checking for fesetround
configure:6002: gcc -o conftest -O2 -I/home/ubuntu/Archer_C7_V5/openwrt/staging_dir/host/include -I/home/ubuntu/Archer_C7_V5/openwrt/staging_dir/host/include -I/home/ubuntu/Archer_C7_V5/openwrt/staging_dir/host/include -L/home/ubuntu/Archer_C7_V5/openwrt/staging_dir/host/lib -L/home/ubuntu/Archer_C7_V5/openwrt/staging_dir/host/lib conftest.c  -lm >&5
configure:6002: $? = 0
configure:6012: result: yes
configure:6021: checking for gcc float-conversion bug
configure:6061: gcc -o conftest -O2 -I/home/ubuntu/Archer_C7_V5/openwrt/staging_dir/host/include -I/home/ubuntu/Archer_C7_V5/openwrt/staging_dir/host/include -I/home/ubuntu/Archer_C7_V5/openwrt/staging_dir/host/include -L/home/ubuntu/Archer_C7_V5/openwrt/staging_dir/host/lib -L/home/ubuntu/Archer_C7_V5/openwrt/staging_dir/host/lib conftest.c  -lm >&5
configure:6061: $? = 0
configure:6061: ./conftest
configure:6061: $? = 1
configure: program exited with status 1
configure: failed program was:
| /* confdefs.h */
| #define PACKAGE_NAME "MPFR"
| #define PACKAGE_TARNAME "mpfr"
| #define PACKAGE_VERSION "3.0.0"
| #define PACKAGE_STRING "MPFR 3.0.0"
| #define PACKAGE_BUGREPORT ""
| #define PACKAGE_URL ""
| #define PROTOTYPES 1
| #define __PROTOTYPES 1
| #define STDC_HEADERS 1
| #define HAVE_SYS_TYPES_H 1
| #define HAVE_SYS_STAT_H 1
| #define HAVE_STDLIB_H 1
| #define HAVE_STRING_H 1
| #define HAVE_MEMORY_H 1
| #define HAVE_STRINGS_H 1
| #define HAVE_INTTYPES_H 1
| #define HAVE_STDINT_H 1
| #define HAVE_UNISTD_H 1
| #define HAVE_STRING_H 1
| #define TIME_WITH_SYS_TIME 1
| #define HAVE_LOCALE_H 1
| #define HAVE_WCHAR_H 1
| #define HAVE_STDARG 1
| #define HAVE_SYS_TIME_H 1
| #define HAVE_ALLOCA_H 1
| #define HAVE_ALLOCA 1
| #define HAVE_STDINT_H 1
| #define HAVE_VA_COPY 1
| #define HAVE_MEMMOVE 1
| #define HAVE_MEMSET 1
| #define HAVE_SETLOCALE 1
| #define HAVE_STRTOL 1
| #define HAVE_GETTIMEOFDAY 1
| #define HAVE_LONG_LONG 1
| #define HAVE_INTMAX_T 1
| #define MPFR_HAVE_INTMAX_MAX 1
| #define MPFR_HAVE_FESETROUND 1
| /* end confdefs.h.  */
| 
| #include <float.h>
| #ifdef MPFR_HAVE_FESETROUND
| #include <fenv.h>
| #endif
| static double get_max (void);
| int main() {
|   double x = 0.5;
|   double y;
|   int i;
|   for (i = 1; i <= 11; i++)
|     x *= x;
|   if (x != 0)
|     return 1;
| #ifdef MPFR_HAVE_FESETROUND
|   /* Useful test for the G4 PowerPC */
|   fesetround(FE_TOWARDZERO);
|   x = y = get_max ();
|   x *= 2.0;
|   if (x != y)
|     return 1;
| #endif
|   return 0;
| }
| static double get_max (void) { static volatile double d = DBL_MAX; return d; }
| 
configure:6073: result: yes, use -ffloat-store
configure:6080: checking for denormalized numbers
configure:6101: gcc -o conftest -O2 -I/home/ubuntu/Archer_C7_V5/openwrt/staging_dir/host/include -ffloat-store -I/home/ubuntu/Archer_C7_V5/openwrt/staging_dir/host/include -I/home/ubuntu/Archer_C7_V5/openwrt/staging_dir/host/include -L/home/ubuntu/Archer_C7_V5/openwrt/staging_dir/host/lib -L/home/ubuntu/Archer_C7_V5/openwrt/staging_dir/host/lib conftest.c  >&5
configure:6101: $? = 0
configure:6101: ./conftest
1.112537e-308
configure:6101: $? = 0
configure:6112: result: yes
configure:6120: checking if NAN == NAN
configure:6144: gcc -o conftest -O2 -I/home/ubuntu/Archer_C7_V5/openwrt/staging_dir/host/include -ffloat-store -I/home/ubuntu/Archer_C7_V5/openwrt/staging_dir/host/include -I/home/ubuntu/Archer_C7_V5/openwrt/staging_dir/host/include -L/home/ubuntu/Archer_C7_V5/openwrt/staging_dir/host/lib -L/home/ubuntu/Archer_C7_V5/openwrt/staging_dir/host/lib conftest.c  >&5
configure:6144: $? = 0
configure:6144: ./conftest
configure:6144: $? = 1
configure: program exited with status 1
configure: failed program was:
| /* confdefs.h */
| #define PACKAGE_NAME "MPFR"
| #define PACKAGE_TARNAME "mpfr"
| #define PACKAGE_VERSION "3.0.0"
| #define PACKAGE_STRING "MPFR 3.0.0"
| #define PACKAGE_BUGREPORT ""
| #define PACKAGE_URL ""
| #define PROTOTYPES 1
| #define __PROTOTYPES 1
| #define STDC_HEADERS 1
| #define HAVE_SYS_TYPES_H 1
| #define HAVE_SYS_STAT_H 1
| #define HAVE_STDLIB_H 1
| #define HAVE_STRING_H 1
| #define HAVE_MEMORY_H 1
| #define HAVE_STRINGS_H 1
| #define HAVE_INTTYPES_H 1
| #define HAVE_STDINT_H 1
| #define HAVE_UNISTD_H 1
| #define HAVE_STRING_H 1
| #define TIME_WITH_SYS_TIME 1
| #define HAVE_LOCALE_H 1
| #define HAVE_WCHAR_H 1
| #define HAVE_STDARG 1
| #define HAVE_SYS_TIME_H 1
| #define HAVE_ALLOCA_H 1
| #define HAVE_ALLOCA 1
| #define HAVE_STDINT_H 1
| #define HAVE_VA_COPY 1
| #define HAVE_MEMMOVE 1
| #define HAVE_MEMSET 1
| #define HAVE_SETLOCALE 1
| #define HAVE_STRTOL 1
| #define HAVE_GETTIMEOFDAY 1
| #define HAVE_LONG_LONG 1
| #define HAVE_INTMAX_T 1
| #define MPFR_HAVE_INTMAX_MAX 1
| #define MPFR_HAVE_FESETROUND 1
| #define HAVE_DENORMS 1
| /* end confdefs.h.  */
| 
| #include <stdio.h>
| #include <math.h>
| #ifndef NAN
| # define NAN (0.0/0.0)
| #endif
| int main() {
|   double d;
|   d = NAN;
|   return d != d;
| }
| 
configure:6155: result: no
configure:6183: checking if charset has consecutive values
configure:6213: gcc -o conftest -O2 -I/home/ubuntu/Archer_C7_V5/openwrt/staging_dir/host/include -ffloat-store -I/home/ubuntu/Archer_C7_V5/openwrt/staging_dir/host/include -I/home/ubuntu/Archer_C7_V5/openwrt/staging_dir/host/include -L/home/ubuntu/Archer_C7_V5/openwrt/staging_dir/host/lib -L/home/ubuntu/Archer_C7_V5/openwrt/staging_dir/host/lib conftest.c  >&5
configure:6213: $? = 0
configure:6213: ./conftest
configure:6213: $? = 0
configure:6214: result: yes
configure:6232: checking for math/round
configure:6252: gcc -o conftest -O2 -I/home/ubuntu/Archer_C7_V5/openwrt/staging_dir/host/include -ffloat-store -I/home/ubuntu/Archer_C7_V5/openwrt/staging_dir/host/include -I/home/ubuntu/Archer_C7_V5/openwrt/staging_dir/host/include -L/home/ubuntu/Archer_C7_V5/openwrt/staging_dir/host/lib -L/home/ubuntu/Archer_C7_V5/openwrt/staging_dir/host/lib conftest.c  -lm >&5
configure:6252: $? = 0
configure:6254: result: yes
configure:6267: checking for math/trunc
configure:6287: gcc -o conftest -O2 -I/home/ubuntu/Archer_C7_V5/openwrt/staging_dir/host/include -ffloat-store -I/home/ubuntu/Archer_C7_V5/openwrt/staging_dir/host/include -I/home/ubuntu/Archer_C7_V5/openwrt/staging_dir/host/include -L/home/ubuntu/Archer_C7_V5/openwrt/staging_dir/host/lib -L/home/ubuntu/Archer_C7_V5/openwrt/staging_dir/host/lib conftest.c  -lm >&5
configure:6287: $? = 0
configure:6289: result: yes
configure:6302: checking for math/floor
configure:6322: gcc -o conftest -O2 -I/home/ubuntu/Archer_C7_V5/openwrt/staging_dir/host/include -ffloat-store -I/home/ubuntu/Archer_C7_V5/openwrt/staging_dir/host/include -I/home/ubuntu/Archer_C7_V5/openwrt/staging_dir/host/include -L/home/ubuntu/Archer_C7_V5/openwrt/staging_dir/host/lib -L/home/ubuntu/Archer_C7_V5/openwrt/staging_dir/host/lib conftest.c  -lm >&5
configure:6322: $? = 0
configure:6324: result: yes
configure:6337: checking for math/ceil
configure:6357: gcc -o conftest -O2 -I/home/ubuntu/Archer_C7_V5/openwrt/staging_dir/host/include -ffloat-store -I/home/ubuntu/Archer_C7_V5/openwrt/staging_dir/host/include -I/home/ubuntu/Archer_C7_V5/openwrt/staging_dir/host/include -L/home/ubuntu/Archer_C7_V5/openwrt/staging_dir/host/lib -L/home/ubuntu/Archer_C7_V5/openwrt/staging_dir/host/lib conftest.c  -lm >&5
configure:6357: $? = 0
configure:6359: result: yes
configure:6372: checking for math/rint
configure:6392: gcc -o conftest -O2 -I/home/ubuntu/Archer_C7_V5/openwrt/staging_dir/host/include -ffloat-store -I/home/ubuntu/Archer_C7_V5/openwrt/staging_dir/host/include -I/home/ubuntu/Archer_C7_V5/openwrt/staging_dir/host/include -L/home/ubuntu/Archer_C7_V5/openwrt/staging_dir/host/lib -L/home/ubuntu/Archer_C7_V5/openwrt/staging_dir/host/lib conftest.c  -lm >&5
configure:6392: $? = 0
configure:6394: result: yes
configure:6412: checking for long double
configure:6412: gcc -c -O2 -I/home/ubuntu/Archer_C7_V5/openwrt/staging_dir/host/include -ffloat-store -I/home/ubuntu/Archer_C7_V5/openwrt/staging_dir/host/include -I/home/ubuntu/Archer_C7_V5/openwrt/staging_dir/host/include conftest.c >&5
configure:6412: $? = 0
configure:6412: gcc -c -O2 -I/home/ubuntu/Archer_C7_V5/openwrt/staging_dir/host/include -ffloat-store -I/home/ubuntu/Archer_C7_V5/openwrt/staging_dir/host/include -I/home/ubuntu/Archer_C7_V5/openwrt/staging_dir/host/include conftest.c >&5
conftest.c: In function 'main':
conftest.c:82:26: error: expected expression before ')' token
 if (sizeof ((long double)))
                          ^
configure:6412: $? = 1
configure: failed program was:
| /* confdefs.h */
| #define PACKAGE_NAME "MPFR"
| #define PACKAGE_TARNAME "mpfr"
| #define PACKAGE_VERSION "3.0.0"
| #define PACKAGE_STRING "MPFR 3.0.0"
| #define PACKAGE_BUGREPORT ""
| #define PACKAGE_URL ""
| #define PROTOTYPES 1
| #define __PROTOTYPES 1
| #define STDC_HEADERS 1
| #define HAVE_SYS_TYPES_H 1
| #define HAVE_SYS_STAT_H 1
| #define HAVE_STDLIB_H 1
| #define HAVE_STRING_H 1
| #define HAVE_MEMORY_H 1
| #define HAVE_STRINGS_H 1
| #define HAVE_INTTYPES_H 1
| #define HAVE_STDINT_H 1
| #define HAVE_UNISTD_H 1
| #define HAVE_STRING_H 1
| #define TIME_WITH_SYS_TIME 1
| #define HAVE_LOCALE_H 1
| #define HAVE_WCHAR_H 1
| #define HAVE_STDARG 1
| #define HAVE_SYS_TIME_H 1
| #define HAVE_ALLOCA_H 1
| #define HAVE_ALLOCA 1
| #define HAVE_STDINT_H 1
| #define HAVE_VA_COPY 1
| #define HAVE_MEMMOVE 1
| #define HAVE_MEMSET 1
| #define HAVE_SETLOCALE 1
| #define HAVE_STRTOL 1
| #define HAVE_GETTIMEOFDAY 1
| #define HAVE_LONG_LONG 1
| #define HAVE_INTMAX_T 1
| #define MPFR_HAVE_INTMAX_MAX 1
| #define MPFR_HAVE_FESETROUND 1
| #define HAVE_DENORMS 1
| #define HAVE_ROUND 1
| #define HAVE_TRUNC 1
| #define HAVE_FLOOR 1
| #define HAVE_CEIL 1
| #define HAVE_NEARBYINT 1
| /* end confdefs.h.  */
| #include <stdio.h>
| #ifdef HAVE_SYS_TYPES_H
| # include <sys/types.h>
| #endif
| #ifdef HAVE_SYS_STAT_H
| # include <sys/stat.h>
| #endif
| #ifdef STDC_HEADERS
| # include <stdlib.h>
| # include <stddef.h>
| #else
| # ifdef HAVE_STDLIB_H
| #  include <stdlib.h>
| # endif
| #endif
| #ifdef HAVE_STRING_H
| # if !defined STDC_HEADERS && defined HAVE_MEMORY_H
| #  include <memory.h>
| # endif
| # include <string.h>
| #endif
| #ifdef HAVE_STRINGS_H
| # include <strings.h>
| #endif
| #ifdef HAVE_INTTYPES_H
| # include <inttypes.h>
| #endif
| #ifdef HAVE_STDINT_H
| # include <stdint.h>
| #endif
| #ifdef HAVE_UNISTD_H
| # include <unistd.h>
| #endif
| int
| main ()
| {
| if (sizeof ((long double)))
| 	    return 0;
|   ;
|   return 0;
| }
configure:6412: result: yes
configure:6422: checking format of `long double' floating point
configure:6449: gcc -O2 -I/home/ubuntu/Archer_C7_V5/openwrt/staging_dir/host/include -ffloat-store -I/home/ubuntu/Archer_C7_V5/openwrt/staging_dir/host/include -I/home/ubuntu/Archer_C7_V5/openwrt/staging_dir/host/include -c conftest.c >&5 2>&1
configure:6452: $? = 0
configure:6703: result: IEEE extended, little endian
configure:6783: checking for gmp.h
configure:6791: gcc -c -O2 -I/home/ubuntu/Archer_C7_V5/openwrt/staging_dir/host/include -ffloat-store -I/home/ubuntu/Archer_C7_V5/openwrt/staging_dir/host/include -I/home/ubuntu/Archer_C7_V5/openwrt/staging_dir/host/include conftest.c >&5
configure:6791: $? = 0
configure:6792: result: yes
configure:7217: checking how to print strings
configure:7244: result: printf
configure:7265: checking for a sed that does not truncate output
configure:7329: result: /home/ubuntu/Archer_C7_V5/openwrt/staging_dir/host/bin/sed
configure:7346: checking for fgrep
configure:7408: result: /bin/grep -F
configure:7443: checking for ld used by gcc
configure:7510: result: /usr/bin/ld
configure:7517: checking if the linker (/usr/bin/ld) is GNU ld
configure:7532: result: yes
configure:7544: checking for BSD- or MS-compatible name lister (nm)
configure:7593: result: /usr/bin/nm -B
configure:7723: checking the name lister (/usr/bin/nm -B) interface
configure:7730: gcc -c -O2 -I/home/ubuntu/Archer_C7_V5/openwrt/staging_dir/host/include -ffloat-store -I/home/ubuntu/Archer_C7_V5/openwrt/staging_dir/host/include -I/home/ubuntu/Archer_C7_V5/openwrt/staging_dir/host/include conftest.c >&5
configure:7733: /usr/bin/nm -B "conftest.o"
configure:7736: output
00000000 B some_variable
configure:7743: result: BSD nm
configure:7746: checking whether ln -s works
configure:7750: result: yes
configure:7758: checking the maximum length of command line arguments
configure:7883: result: 805306365
configure:7900: checking whether the shell understands some XSI constructs
configure:7910: result: yes
configure:7914: checking whether the shell understands "+="
configure:7920: result: yes
configure:7955: checking how to convert i686-pc-linux-gnu file names to i686-pc-linux-gnu format
configure:7995: result: func_convert_file_noop
configure:8002: checking how to convert i686-pc-linux-gnu file names to toolchain format
configure:8022: result: func_convert_file_noop
configure:8029: checking for /usr/bin/ld option to reload object files
configure:8036: result: -r
configure:8070: checking for i686-linux-gnu-objdump
configure:8097: result: objdump
configure:8166: checking how to recognize dependent libraries
configure:8368: result: pass_all
configure:8413: checking for i686-linux-gnu-dlltool
configure:8440: result: dlltool
configure:8510: checking how to associate runtime and link libraries
configure:8537: result: printf %s\n
configure:8553: checking for i686-linux-gnu-ar
configure:8569: found /usr/bin/i686-linux-gnu-ar
configure:8580: result: i686-linux-gnu-ar
configure:8661: checking for archiver @FILE support
configure:8678: gcc -c -O2 -I/home/ubuntu/Archer_C7_V5/openwrt/staging_dir/host/include -ffloat-store -I/home/ubuntu/Archer_C7_V5/openwrt/staging_dir/host/include -I/home/ubuntu/Archer_C7_V5/openwrt/staging_dir/host/include conftest.c >&5
configure:8678: $? = 0
configure:8681: i686-linux-gnu-ar cru libconftest.a @conftest.lst >&5
configure:8684: $? = 0
configure:8689: i686-linux-gnu-ar cru libconftest.a @conftest.lst >&5
i686-linux-gnu-ar: conftest.o: No such file or directory
configure:8692: $? = 1
configure:8704: result: @
configure:8722: checking for i686-linux-gnu-strip
configure:8738: found /usr/bin/i686-linux-gnu-strip
configure:8749: result: i686-linux-gnu-strip
configure:8821: checking for i686-linux-gnu-ranlib
configure:8837: found /usr/bin/i686-linux-gnu-ranlib
configure:8848: result: i686-linux-gnu-ranlib
configure:8989: checking command to parse /usr/bin/nm -B output from gcc object
configure:9108: gcc -c -O2 -I/home/ubuntu/Archer_C7_V5/openwrt/staging_dir/host/include -ffloat-store -I/home/ubuntu/Archer_C7_V5/openwrt/staging_dir/host/include -I/home/ubuntu/Archer_C7_V5/openwrt/staging_dir/host/include conftest.c >&5
configure:9111: $? = 0
configure:9115: /usr/bin/nm -B conftest.o \| sed -n -e 's/^.*[ ]\([ABCDGIRSTW][ABCDGIRSTW]*\)[ ][ ]*\([_A-Za-z][_A-Za-z0-9]*\)$/\1 \2 \2/p' | sed '/ __gnu_lto/d' \> conftest.nm
configure:9118: $? = 0
configure:9184: gcc -o conftest -O2 -I/home/ubuntu/Archer_C7_V5/openwrt/staging_dir/host/include -ffloat-store -I/home/ubuntu/Archer_C7_V5/openwrt/staging_dir/host/include -I/home/ubuntu/Archer_C7_V5/openwrt/staging_dir/host/include -L/home/ubuntu/Archer_C7_V5/openwrt/staging_dir/host/lib -L/home/ubuntu/Archer_C7_V5/openwrt/staging_dir/host/lib conftest.c conftstm.o >&5
configure:9187: $? = 0
configure:9225: result: ok
configure:9262: checking for sysroot
configure:9292: result: no
configure:9495: checking for i686-linux-gnu-mt
configure:9525: result: no
configure:9535: checking for mt
configure:9551: found /bin/mt
configure:9562: result: mt
configure:9585: checking if mt is a manifest tool
configure:9591: mt '-?'
configure:9599: result: no
configure:10228: checking for dlfcn.h
configure:10228: gcc -c -O2 -I/home/ubuntu/Archer_C7_V5/openwrt/staging_dir/host/include -ffloat-store -I/home/ubuntu/Archer_C7_V5/openwrt/staging_dir/host/include -I/home/ubuntu/Archer_C7_V5/openwrt/staging_dir/host/include conftest.c >&5
configure:10228: $? = 0
configure:10228: result: yes
configure:10413: checking for objdir
configure:10428: result: .libs
configure:10694: checking if gcc supports -fno-rtti -fno-exceptions
configure:10712: gcc -c -O2 -I/home/ubuntu/Archer_C7_V5/openwrt/staging_dir/host/include -ffloat-store -I/home/ubuntu/Archer_C7_V5/openwrt/staging_dir/host/include -I/home/ubuntu/Archer_C7_V5/openwrt/staging_dir/host/include -fno-rtti -fno-exceptions conftest.c >&5
cc1: warning: command line option '-fno-rtti' is valid for C++/ObjC++ but not for C [enabled by default]
configure:10716: $? = 0
configure:10729: result: no
configure:11039: checking for gcc option to produce PIC
configure:11046: result: -fPIC -DPIC
configure:11054: checking if gcc PIC flag -fPIC -DPIC works
configure:11072: gcc -c -O2 -I/home/ubuntu/Archer_C7_V5/openwrt/staging_dir/host/include -ffloat-store -I/home/ubuntu/Archer_C7_V5/openwrt/staging_dir/host/include -I/home/ubuntu/Archer_C7_V5/openwrt/staging_dir/host/include -fPIC -DPIC -DPIC conftest.c >&5
configure:11076: $? = 0
configure:11089: result: yes
configure:11118: checking if gcc static flag -static works
configure:11146: result: yes
configure:11161: checking if gcc supports -c -o file.o
configure:11182: gcc -c -O2 -I/home/ubuntu/Archer_C7_V5/openwrt/staging_dir/host/include -ffloat-store -I/home/ubuntu/Archer_C7_V5/openwrt/staging_dir/host/include -I/home/ubuntu/Archer_C7_V5/openwrt/staging_dir/host/include -o out/conftest2.o conftest.c >&5
configure:11186: $? = 0
configure:11208: result: yes
configure:11216: checking if gcc supports -c -o file.o
configure:11263: result: yes
configure:11296: checking whether the gcc linker (/usr/bin/ld) supports shared libraries
configure:12454: result: yes
configure:12699: checking dynamic linker characteristics
configure:13213: gcc -o conftest -O2 -I/home/ubuntu/Archer_C7_V5/openwrt/staging_dir/host/include -ffloat-store -I/home/ubuntu/Archer_C7_V5/openwrt/staging_dir/host/include -I/home/ubuntu/Archer_C7_V5/openwrt/staging_dir/host/include -L/home/ubuntu/Archer_C7_V5/openwrt/staging_dir/host/lib -L/home/ubuntu/Archer_C7_V5/openwrt/staging_dir/host/lib -Wl,-rpath -Wl,/foo conftest.c  >&5
configure:13213: $? = 0
configure:13435: result: GNU/Linux ld.so
configure:13542: checking how to hardcode library paths into programs
configure:13567: result: immediate
configure:14107: checking whether stripping libraries is possible
configure:14112: result: yes
configure:14147: checking if libtool supports shared libraries
configure:14149: result: yes
configure:14152: checking whether to build shared libraries
configure:14173: result: no
configure:14176: checking whether to build static libraries
configure:14180: result: yes
configure:14218: checking whether gcc __attribute__ ((mode (XX))) works
configure:14234: gcc -c -O2 -I/home/ubuntu/Archer_C7_V5/openwrt/staging_dir/host/include -ffloat-store -I/home/ubuntu/Archer_C7_V5/openwrt/staging_dir/host/include -I/home/ubuntu/Archer_C7_V5/openwrt/staging_dir/host/include conftest.c >&5
configure:14234: $? = 0
configure:14242: result: yes
configure:14253: checking for recent GMP
configure:14265: gcc -c -O2 -I/home/ubuntu/Archer_C7_V5/openwrt/staging_dir/host/include -ffloat-store -I/home/ubuntu/Archer_C7_V5/openwrt/staging_dir/host/include -I/home/ubuntu/Archer_C7_V5/openwrt/staging_dir/host/include conftest.c >&5
configure:14265: $? = 0
configure:14266: result: yes
configure:14350: checking for __gmpz_init in -lgmp
configure:14375: gcc -o conftest -O2 -I/home/ubuntu/Archer_C7_V5/openwrt/staging_dir/host/include -ffloat-store -I/home/ubuntu/Archer_C7_V5/openwrt/staging_dir/host/include -I/home/ubuntu/Archer_C7_V5/openwrt/staging_dir/host/include -L/home/ubuntu/Archer_C7_V5/openwrt/staging_dir/host/lib -L/home/ubuntu/Archer_C7_V5/openwrt/staging_dir/host/lib conftest.c -lgmp   >&5
configure:14375: $? = 0
configure:14384: result: yes
configure:14394: checking if gmp.h version and libgmp version are the same
configure:14430: gcc -o conftest -O2 -I/home/ubuntu/Archer_C7_V5/openwrt/staging_dir/host/include -ffloat-store -I/home/ubuntu/Archer_C7_V5/openwrt/staging_dir/host/include -I/home/ubuntu/Archer_C7_V5/openwrt/staging_dir/host/include -L/home/ubuntu/Archer_C7_V5/openwrt/staging_dir/host/lib -L/home/ubuntu/Archer_C7_V5/openwrt/staging_dir/host/lib conftest.c -lgmp  >&5
configure:14430: $? = 0
configure:14430: ./conftest
configure:14430: $? = 0
configure:14431: result: yes
configure:14436: checking if gmp_printf supports "%jd"
configure:14472: gcc -o conftest -O2 -I/home/ubuntu/Archer_C7_V5/openwrt/staging_dir/host/include -ffloat-store -I/home/ubuntu/Archer_C7_V5/openwrt/staging_dir/host/include -I/home/ubuntu/Archer_C7_V5/openwrt/staging_dir/host/include -L/home/ubuntu/Archer_C7_V5/openwrt/staging_dir/host/lib -L/home/ubuntu/Archer_C7_V5/openwrt/staging_dir/host/lib conftest.c -lgmp  >&5
configure:14472: $? = 0
configure:14472: ./conftest
configure:14472: $? = 0
configure:14473: result: yes
configure:14491: checking if gmp_printf supports "%hhd"
configure:14522: gcc -o conftest -O2 -I/home/ubuntu/Archer_C7_V5/openwrt/staging_dir/host/include -ffloat-store -I/home/ubuntu/Archer_C7_V5/openwrt/staging_dir/host/include -I/home/ubuntu/Archer_C7_V5/openwrt/staging_dir/host/include -L/home/ubuntu/Archer_C7_V5/openwrt/staging_dir/host/lib -L/home/ubuntu/Archer_C7_V5/openwrt/staging_dir/host/lib conftest.c -lgmp  >&5
configure:14522: $? = 0
configure:14522: ./conftest
configure:14522: $? = 0
configure:14523: result: yes
configure:14540: checking if gmp_printf supports "%lld"
configure:14571: gcc -o conftest -O2 -I/home/ubuntu/Archer_C7_V5/openwrt/staging_dir/host/include -ffloat-store -I/home/ubuntu/Archer_C7_V5/openwrt/staging_dir/host/include -I/home/ubuntu/Archer_C7_V5/openwrt/staging_dir/host/include -L/home/ubuntu/Archer_C7_V5/openwrt/staging_dir/host/lib -L/home/ubuntu/Archer_C7_V5/openwrt/staging_dir/host/lib conftest.c -lgmp  >&5
configure:14571: $? = 0
configure:14571: ./conftest
configure:14571: $? = 0
configure:14572: result: yes
configure:14589: checking if gmp_printf supports "%Lf"
configure:14620: gcc -o conftest -O2 -I/home/ubuntu/Archer_C7_V5/openwrt/staging_dir/host/include -ffloat-store -I/home/ubuntu/Archer_C7_V5/openwrt/staging_dir/host/include -I/home/ubuntu/Archer_C7_V5/openwrt/staging_dir/host/include -L/home/ubuntu/Archer_C7_V5/openwrt/staging_dir/host/lib -L/home/ubuntu/Archer_C7_V5/openwrt/staging_dir/host/lib conftest.c -lgmp  >&5
configure:14620: $? = 0
configure:14620: ./conftest
configure:14620: $? = 0
configure:14621: result: yes
configure:14638: checking if gmp_printf supports "%td"
configure:14674: gcc -o conftest -O2 -I/home/ubuntu/Archer_C7_V5/openwrt/staging_dir/host/include -ffloat-store -I/home/ubuntu/Archer_C7_V5/openwrt/staging_dir/host/include -I/home/ubuntu/Archer_C7_V5/openwrt/staging_dir/host/include -L/home/ubuntu/Archer_C7_V5/openwrt/staging_dir/host/lib -L/home/ubuntu/Archer_C7_V5/openwrt/staging_dir/host/lib conftest.c -lgmp  >&5
configure:14674: $? = 0
configure:14674: ./conftest
configure:14674: $? = 0
configure:14675: result: yes
configure:14907: creating ./config.status

## ---------------------- ##
## Running config.status. ##
## ---------------------- ##

This file was extended by MPFR config.status 3.0.0, which was
generated by GNU Autoconf 2.68.  Invocation command line was

  CONFIG_FILES    = 
  CONFIG_HEADERS  = 
  CONFIG_LINKS    = 
  CONFIG_COMMANDS = 
  $ ./config.status 

on ubuntu

config.status:1022: creating Makefile
config.status:1022: creating tests/Makefile
config.status:1022: creating mparam.h
config.status:1194: executing depfiles commands
config.status:1194: executing libtool commands

## ---------------- ##
## Cache variables. ##
## ---------------- ##

ac_cv_build=i686-pc-linux-gnu
ac_cv_c_compiler_gnu=yes
ac_cv_c_const=yes
ac_cv_c_volatile=yes
ac_cv_env_CC_set=set
ac_cv_env_CC_value=gcc
ac_cv_env_CFLAGS_set=set
ac_cv_env_CFLAGS_value='-O2 -I/home/ubuntu/Archer_C7_V5/openwrt/staging_dir/host/include'
ac_cv_env_CPPFLAGS_set=set
ac_cv_env_CPPFLAGS_value=-I/home/ubuntu/Archer_C7_V5/openwrt/staging_dir/host/include
ac_cv_env_CPP_set=
ac_cv_env_CPP_value=
ac_cv_env_LDFLAGS_set=set
ac_cv_env_LDFLAGS_value=-L/home/ubuntu/Archer_C7_V5/openwrt/staging_dir/host/lib
ac_cv_env_LIBS_set=
ac_cv_env_LIBS_value=
ac_cv_env_build_alias_set=set
ac_cv_env_build_alias_value=i686-linux-gnu
ac_cv_env_host_alias_set=set
ac_cv_env_host_alias_value=i686-linux-gnu
ac_cv_env_target_alias_set=set
ac_cv_env_target_alias_value=i686-linux-gnu
ac_cv_func_alloca_works=yes
ac_cv_func_gettimeofday=yes
ac_cv_func_memmove=yes
ac_cv_func_memset=yes
ac_cv_func_setlocale=yes
ac_cv_func_strtol=yes
ac_cv_header_dlfcn_h=yes
ac_cv_header_float_h=yes
ac_cv_header_inttypes_h=yes
ac_cv_header_limits_h=yes
ac_cv_header_locale_h=yes
ac_cv_header_memory_h=yes
ac_cv_header_stdarg_h=yes
ac_cv_header_stdc=yes
ac_cv_header_stdint_h=yes
ac_cv_header_stdlib_h=yes
ac_cv_header_string_h=yes
ac_cv_header_strings_h=yes
ac_cv_header_sys_fpu_h=no
ac_cv_header_sys_stat_h=yes
ac_cv_header_sys_time_h=yes
ac_cv_header_sys_types_h=yes
ac_cv_header_time=yes
ac_cv_header_unistd_h=yes
ac_cv_header_wchar_h=yes
ac_cv_host=i686-pc-linux-gnu
ac_cv_lib_gmp___gmpz_init=yes
ac_cv_lib_m_main=yes
ac_cv_objext=o
ac_cv_path_EGREP='/bin/grep -E'
ac_cv_path_FGREP='/bin/grep -F'
ac_cv_path_GREP=/bin/grep
ac_cv_path_SED=/home/ubuntu/Archer_C7_V5/openwrt/staging_dir/host/bin/sed
ac_cv_path_install='/usr/bin/install -c'
ac_cv_path_mkdir=/bin/mkdir
ac_cv_prog_AR=i686-linux-gnu-ar
ac_cv_prog_AWK=mawk
ac_cv_prog_CC=gcc
ac_cv_prog_CPP='gcc -E'
ac_cv_prog_DLLTOOL=dlltool
ac_cv_prog_OBJDUMP=objdump
ac_cv_prog_RANLIB=i686-linux-gnu-ranlib
ac_cv_prog_STRIP=i686-linux-gnu-strip
ac_cv_prog_ac_ct_MANIFEST_TOOL=mt
ac_cv_prog_cc_c89=
ac_cv_prog_cc_g=yes
ac_cv_prog_cc_gcc_c_o=yes
ac_cv_prog_make_make_set=yes
ac_cv_type_intmax_t=yes
ac_cv_type_long_double=yes
ac_cv_type_long_long_int=yes
ac_cv_type_size_t=yes
ac_cv_type_union_fpc_csr=no
ac_cv_working_alloca_h=yes
am_cv_CC_dependencies_compiler_type=gcc3
gl_cv_size_max=yes
gmp_cv_c_attribute_mode=yes
lt_cv_ar_at_file=@
lt_cv_deplibs_check_method=pass_all
lt_cv_file_magic_cmd='$MAGIC_CMD'
lt_cv_file_magic_test_file=
lt_cv_ld_reload_flag=-r
lt_cv_nm_interface='BSD nm'
lt_cv_objdir=.libs
lt_cv_path_LD=/usr/bin/ld
lt_cv_path_NM='/usr/bin/nm -B'
lt_cv_path_mainfest_tool=no
lt_cv_prog_compiler_c_o=yes
lt_cv_prog_compiler_pic='-fPIC -DPIC'
lt_cv_prog_compiler_pic_works=yes
lt_cv_prog_compiler_rtti_exceptions=no
lt_cv_prog_compiler_static_works=yes
lt_cv_prog_gnu_ld=yes
lt_cv_sharedlib_from_linklib_cmd='printf %s\n'
lt_cv_shlibpath_overrides_runpath=no
lt_cv_sys_global_symbol_pipe='sed -n -e '\''s/^.*[	 ]\([ABCDGIRSTW][ABCDGIRSTW]*\)[	 ][	 ]*\([_A-Za-z][_A-Za-z0-9]*\)$/\1 \2 \2/p'\'' | sed '\''/ __gnu_lto/d'\'''
lt_cv_sys_global_symbol_to_c_name_address='sed -n -e '\''s/^: \([^ ]*\)[ ]*$/  {\"\1\", (void *) 0},/p'\'' -e '\''s/^[ABCDGIRSTW]* \([^ ]*\) \([^ ]*\)$/  {"\2", (void *) \&\2},/p'\'''
lt_cv_sys_global_symbol_to_c_name_address_lib_prefix='sed -n -e '\''s/^: \([^ ]*\)[ ]*$/  {\"\1\", (void *) 0},/p'\'' -e '\''s/^[ABCDGIRSTW]* \([^ ]*\) \(lib[^ ]*\)$/  {"\2", (void *) \&\2},/p'\'' -e '\''s/^[ABCDGIRSTW]* \([^ ]*\) \([^ ]*\)$/  {"lib\2", (void *) \&\2},/p'\'''
lt_cv_sys_global_symbol_to_cdecl='sed -n -e '\''s/^T .* \(.*\)$/extern int \1();/p'\'' -e '\''s/^[ABCDGIRSTW]* .* \(.*\)$/extern char \1;/p'\'''
lt_cv_sys_max_cmd_len=805306365
lt_cv_to_host_file_cmd=func_convert_file_noop
lt_cv_to_tool_file_cmd=func_convert_file_noop
mpfr_cv_c_long_double_format='IEEE extended, little endian'
mpfr_cv_gcc_floatconv_bug='yes, use -ffloat-store'
mpfr_cv_have_denorms=yes
mpfr_cv_have_fesetround=yes
mpfr_cv_have_intmax_max=yes
mpfr_cv_nanisnan=no

## ----------------- ##
## Output variables. ##
## ----------------- ##

ACLOCAL='${SHELL} /home/ubuntu/Archer_C7_V5/openwrt/build_dir/host/mpfr-3.0.0/missing --run aclocal-1.11'
ALLOCA=''
AMDEPBACKSLASH='\'
AMDEP_FALSE='#'
AMDEP_TRUE=''
AMTAR='$${TAR-tar}'
ANSI2KNR=''
AR='i686-linux-gnu-ar'
AS='as'
AUTOCONF='${SHELL} /home/ubuntu/Archer_C7_V5/openwrt/build_dir/host/mpfr-3.0.0/missing --run autoconf'
AUTOHEADER='${SHELL} /home/ubuntu/Archer_C7_V5/openwrt/build_dir/host/mpfr-3.0.0/missing --run autoheader'
AUTOMAKE='${SHELL} /home/ubuntu/Archer_C7_V5/openwrt/build_dir/host/mpfr-3.0.0/missing --run automake-1.11'
AWK='mawk'
CC='gcc'
CCDEPMODE='depmode=gcc3'
CFLAGS='-O2 -I/home/ubuntu/Archer_C7_V5/openwrt/staging_dir/host/include -ffloat-store'
CPP='gcc -E'
CPPFLAGS='-I/home/ubuntu/Archer_C7_V5/openwrt/staging_dir/host/include -I/home/ubuntu/Archer_C7_V5/openwrt/staging_dir/host/include'
CYGPATH_W='echo'
DEFS='-DHAVE_INTTYPES_H=1 -DHAVE_STDINT_H=1 -DTIME_WITH_SYS_TIME=1 -DHAVE_LOCALE_H=1 -DHAVE_WCHAR_H=1 -DHAVE_STDARG=1 -DHAVE_SYS_TIME_H=1 -DHAVE_ALLOCA_H=1 -DHAVE_STDINT_H=1 -DHAVE_VA_COPY=1 -DHAVE_SETLOCALE=1 -DHAVE_GETTIMEOFDAY=1 -DHAVE_LONG_LONG=1 -DHAVE_INTMAX_T=1 -DMPFR_HAVE_INTMAX_MAX=1 -DMPFR_HAVE_FESETROUND=1 -DHAVE_DENORMS=1 -DHAVE_ROUND=1 -DHAVE_TRUNC=1 -DHAVE_FLOOR=1 -DHAVE_CEIL=1 -DHAVE_NEARBYINT=1 -DHAVE_LDOUBLE_IEEE_EXT_LITTLE=1 -DLT_OBJDIR=\".libs/\" -DHAVE_ATTRIBUTE_MODE=1'
DEPDIR='.deps'
DLLTOOL='dlltool'
DSYMUTIL=''
DUMPBIN=''
ECHO_C=''
ECHO_N='-n'
ECHO_T=''
EGREP='/bin/grep -E'
EXEEXT=''
FGREP='/bin/grep -F'
GREP='/bin/grep'
INSTALL_DATA='${INSTALL} -m 644'
INSTALL_PROGRAM='${INSTALL}'
INSTALL_SCRIPT='${INSTALL}'
INSTALL_STRIP_PROGRAM='$(install_sh) -c -s'
LD='/usr/bin/ld'
LDFLAGS='-L/home/ubuntu/Archer_C7_V5/openwrt/staging_dir/host/lib -L/home/ubuntu/Archer_C7_V5/openwrt/staging_dir/host/lib'
LIBOBJS=''
LIBS='-lgmp '
LIBTOOL='$(SHELL) $(top_builddir)/libtool'
LIPO=''
LN_S='ln -s'
LTLIBOBJS=''
MAINT=''
MAINTAINER_MODE_FALSE='#'
MAINTAINER_MODE_TRUE=''
MAKEINFO='${SHELL} /home/ubuntu/Archer_C7_V5/openwrt/build_dir/host/mpfr-3.0.0/missing --run makeinfo'
MANIFEST_TOOL=':'
MKDIR_P='/bin/mkdir -p'
MPFR_LIBM='-lm'
NM='/usr/bin/nm -B'
NMEDIT=''
OBJDUMP='objdump'
OBJEXT='o'
OTOOL64=''
OTOOL=''
PACKAGE='mpfr'
PACKAGE_BUGREPORT=''
PACKAGE_NAME='MPFR'
PACKAGE_STRING='MPFR 3.0.0'
PACKAGE_TARNAME='mpfr'
PACKAGE_URL=''
PACKAGE_VERSION='3.0.0'
PATH_SEPARATOR=':'
RANLIB='i686-linux-gnu-ranlib'
SED='/home/ubuntu/Archer_C7_V5/openwrt/staging_dir/host/bin/sed'
SET_MAKE=''
SHELL='/bin/bash'
STRIP='i686-linux-gnu-strip'
U=''
VERSION='3.0.0'
ac_ct_AR=''
ac_ct_CC=''
ac_ct_DUMPBIN=''
am__EXEEXT_FALSE=''
am__EXEEXT_TRUE='#'
am__fastdepCC_FALSE='#'
am__fastdepCC_TRUE=''
am__include='include'
am__isrc=''
am__leading_dot='.'
am__nodep='_no'
am__quote=''
am__tar='$${TAR-tar} chof - "$$tardir"'
am__untar='$${TAR-tar} xf -'
bindir='${exec_prefix}/bin'
build='i686-pc-linux-gnu'
build_alias='i686-linux-gnu'
build_cpu='i686'
build_os='linux-gnu'
build_vendor='pc'
datadir='${datarootdir}'
datarootdir='${prefix}/share'
docdir='${datarootdir}/doc/${PACKAGE_TARNAME}'
dvidir='${docdir}'
exec_prefix='/home/ubuntu/Archer_C7_V5/openwrt/staging_dir/host'
host='i686-pc-linux-gnu'
host_alias='i686-linux-gnu'
host_cpu='i686'
host_os='linux-gnu'
host_vendor='pc'
htmldir='${docdir}'
includedir='${prefix}/include'
infodir='${datarootdir}/info'
install_sh='${SHELL} /home/ubuntu/Archer_C7_V5/openwrt/build_dir/host/mpfr-3.0.0/install-sh'
libdir='${exec_prefix}/lib'
libexecdir='${exec_prefix}/libexec'
localedir='${datarootdir}/locale'
localstatedir='/home/ubuntu/Archer_C7_V5/openwrt/staging_dir/host/var'
mandir='${datarootdir}/man'
mkdir_p='/bin/mkdir -p'
oldincludedir='/usr/include'
pdfdir='${docdir}'
prefix='/home/ubuntu/Archer_C7_V5/openwrt/staging_dir/host'
program_transform_name='s&$$&&;s&^&&'
psdir='${docdir}'
sbindir='/home/ubuntu/Archer_C7_V5/openwrt/staging_dir/host/bin'
sharedstatedir='${prefix}/com'
sysconfdir='/home/ubuntu/Archer_C7_V5/openwrt/staging_dir/host/etc'
target_alias='i686-linux-gnu'

## ----------- ##
## confdefs.h. ##
## ----------- ##

/* confdefs.h */
#define HAVE_INTTYPES_H 1
#define HAVE_STDINT_H 1
#define TIME_WITH_SYS_TIME 1
#define HAVE_LOCALE_H 1
#define HAVE_WCHAR_H 1
#define HAVE_STDARG 1
#define HAVE_SYS_TIME_H 1
#define HAVE_ALLOCA_H 1
#define HAVE_STDINT_H 1
#define HAVE_VA_COPY 1
#define HAVE_SETLOCALE 1
#define HAVE_GETTIMEOFDAY 1
#define HAVE_LONG_LONG 1
#define HAVE_INTMAX_T 1
#define MPFR_HAVE_INTMAX_MAX 1
#define MPFR_HAVE_FESETROUND 1
#define HAVE_DENORMS 1
#define HAVE_ROUND 1
#define HAVE_TRUNC 1
#define HAVE_FLOOR 1
#define HAVE_CEIL 1
#define HAVE_NEARBYINT 1
#define HAVE_LDOUBLE_IEEE_EXT_LITTLE 1
#define LT_OBJDIR ".libs/"
#define HAVE_ATTRIBUTE_MODE 1

configure: exit 0
