This file contains any messages produced by compilers while
running configure, to aid debugging if configure makes a mistake.

It was created by libmnl configure 1.0.3, which was
generated by GNU Autoconf 2.68.  Invocation command line was

  $ ./configure --target=mips64-octeon-linux-gnu --host=mips64-octeon-linux-gnu --build=x86_64-linux-gnu --program-prefix= --program-suffix= --prefix=/usr --exec-prefix=/usr --bindir=/usr/bin --sbindir=/usr/sbin --libexecdir=/usr/lib --sysconfdir=/etc --datadir=/usr/share --localstatedir=/var --mandir=/usr/man --infodir=/usr/info --disable-nls --enable-shared --enable-static

## --------- ##
## Platform. ##
## --------- ##

hostname = ubuntu
uname -m = x86_64
uname -r = 4.4.0-148-generic
uname -s = Linux
uname -v = #174~14.04.1-Ubuntu SMP Thu May 9 08:17:37 UTC 2019

/usr/bin/uname -p = unknown
/bin/uname -X     = unknown

/bin/arch              = unknown
/usr/bin/arch -k       = unknown
/usr/convex/getsysinfo = unknown
/usr/bin/hostinfo      = unknown
/bin/machine           = unknown
/usr/bin/oslevel       = unknown
/bin/universe          = unknown

PATH: /home/ubuntu/tp-link/ER7206_trunk/staging_dir/target-mips64-octeon-linux-gnu-osg_pro_un_v1/host/bin
PATH: /home/ubuntu/tp-link/ER7206_trunk/staging_dir/toolchain-mips64-octeon-linux-gnu/bin
PATH: /home/ubuntu/tp-link/ER7206_trunk/staging_dir/toolchain-cavium-sdk-3.x/usr/bin
PATH: /home/ubuntu/tp-link/ER7206_trunk/staging_dir/toolchain-cavium-sdk-3.x/bin
PATH: /home/ubuntu/tp-link/ER7206_trunk/staging_dir/host/bin
PATH: /home/ubuntu/tp-link/ER7206_trunk/staging_dir/toolchain-mips64-octeon-linux-gnu/bin
PATH: /home/ubuntu/tp-link/ER7206_trunk/staging_dir/toolchain-cavium-sdk-3.x/usr/bin
PATH: /home/ubuntu/tp-link/ER7206_trunk/staging_dir/toolchain-cavium-sdk-3.x/bin
PATH: /home/ubuntu/tp-link/ER7206_trunk/staging_dir/host/bin
PATH: /home/ubuntu/tp-link/ER7206_trunk/staging_dir/toolchain-mips64-octeon-linux-gnu/bin
PATH: /home/ubuntu/tp-link/ER7206_trunk/staging_dir/toolchain-cavium-sdk-3.x/usr/bin
PATH: /home/ubuntu/tp-link/ER7206_trunk/staging_dir/toolchain-cavium-sdk-3.x/bin
PATH: /home/ubuntu/tp-link/ER7206_trunk/staging_dir/host/bin
PATH: /usr/local/sbin
PATH: /usr/local/bin
PATH: /usr/sbin
PATH: /usr/bin
PATH: /sbin
PATH: /bin
PATH: /usr/games
PATH: /usr/local/games


## ----------- ##
## Core tests. ##
## ----------- ##

configure:1997: loading site script /home/ubuntu/tp-link/ER7206_trunk/include/site/mips64-octeon-linux-gnu
| #!/bin/sh
| 
| . $TOPDIR/include/site/mips64-linux
| . $TOPDIR/include/site/linux-gnu
| 
configure:2126: checking build system type
configure:2140: result: x86_64-pc-linux-gnu
configure:2160: checking host system type
configure:2173: result: mips64-octeon-linux-gnu
configure:2212: checking for a BSD-compatible install
configure:2280: result: /usr/bin/install -c
configure:2291: checking whether build environment is sane
configure:2341: result: yes
configure:2390: checking for mips64-octeon-linux-gnu-strip
configure:2417: result: mips64-octeon-linux-gnu-strip
configure:2482: checking for a thread-safe mkdir -p
configure:2521: result: /bin/mkdir -p
configure:2534: checking for gawk
configure:2550: found /usr/bin/gawk
configure:2561: result: gawk
configure:2572: checking whether make sets $(MAKE)
configure:2594: result: yes
configure:2669: checking how to create a pax tar archive
configure:2682: tar --version
tar (GNU tar) 1.27.1
Copyright (C) 2013 Free Software Foundation, Inc.
License GPLv3+: GNU GPL version 3 or later <http://gnu.org/licenses/gpl.html>.
This is free software: you are free to change and redistribute it.
There is NO WARRANTY, to the extent permitted by law.

Written by John Gilmore and Jay Fenlason.
configure:2685: $? = 0
configure:2725: tardir=conftest.dir && eval tar --format=posix -chf - "$tardir" >conftest.tar
configure:2728: $? = 0
configure:2732: tar -xf - <conftest.tar
configure:2735: $? = 0
configure:2748: result: gnutar
configure:2767: checking whether make supports nested variables
configure:2784: result: yes
configure:2804: checking for mips64-octeon-linux-gnu-gcc
configure:2831: result: mips64-octeon-linux-gnu-gcc
configure:3100: checking for C compiler version
configure:3109: mips64-octeon-linux-gnu-gcc --version >&5
mips64-octeon-linux-gnu-gcc (Cavium Inc. Version: SDK_3_1_0_p2 build 34) 4.7.0
Copyright (C) 2012 Free Software Foundation, Inc.
This is free software; see the source for copying conditions.  There is NO
warranty; not even for MERCHANTABILITY or FITNESS FOR A PARTICULAR PURPOSE.

configure:3120: $? = 0
configure:3109: mips64-octeon-linux-gnu-gcc -v >&5
Using built-in specs.
COLLECT_GCC=mips64-octeon-linux-gnu-gcc
COLLECT_LTO_WRAPPER=/home/ubuntu/tp-link/ER7206_trunk/staging_dir/toolchain-cavium-sdk-3.x/bin/../libexec/gcc/mips64-octeon-linux-gnu/4.7.0/lto-wrapper
Target: mips64-octeon-linux-gnu
Configured with: /usr/local/Cavium_Networks/octsw/toolchain/scripts/../src/configure --disable-fixed-point --without-ppl --without-python --disable-werror --with-lto-plugin-source=/usr/local/Cavium_Networks/octsw/toolchain/scripts/../gits/gcc/lto-plugin --enable-plugins --with-sysroot --with-local-prefix=/usr/local/Cavium_Networks/octsw/toolchain/scripts/../tools/mips64-octeon-linux-gnu/sys-root --disable-sim --enable-symvers=gnu --enable-__cxa_atexit --enable-symvers=gnu --enable-__cxa_atexit --with-mips-plt --disable-sim --target=mips64-octeon-linux-gnu --enable-languages=c,c++ --prefix=/usr/local/Cavium_Networks/octsw/toolchain/scripts/../tools --with-pkgversion='Cavium Inc. Version: SDK_3_1_0_p2 build 34' --with-bugurl=http://www.cavium.com/support.html --with-libexpat-prefix=/usr/local/Cavium_Networks/octsw/toolchain/scripts/../libs
Thread model: posix
gcc version 4.7.0 (Cavium Inc. Version: SDK_3_1_0_p2 build 34) 
configure:3120: $? = 0
configure:3109: mips64-octeon-linux-gnu-gcc -V >&5
mips64-octeon-linux-gnu-gcc: error: unrecognized command line option '-V'
mips64-octeon-linux-gnu-gcc: fatal error: no input files
compilation terminated.
configure:3120: $? = 1
configure:3109: mips64-octeon-linux-gnu-gcc -qversion >&5
mips64-octeon-linux-gnu-gcc: error: unrecognized command line option '-qversion'
mips64-octeon-linux-gnu-gcc: fatal error: no input files
compilation terminated.
configure:3120: $? = 1
configure:3140: checking whether the C compiler works
configure:3162: mips64-octeon-linux-gnu-gcc -Os -pipe -mno-branch-likely -march=octeon -mabi=64 -fno-caller-saves -Wl,--rpath=/home/ubuntu/tp-link/ER7206_trunk/staging_dir/target-mips64-octeon-linux-gnu-osg_pro_un_v1/usr/lib -msoft-float  -I/home/ubuntu/tp-link/ER7206_trunk/staging_dir/target-mips64-octeon-linux-gnu-osg_pro_un_v1/usr/include -I/home/ubuntu/tp-link/ER7206_trunk/staging_dir/target-mips64-octeon-linux-gnu-osg_pro_un_v1/include -I/home/ubuntu/tp-link/ER7206_trunk/staging_dir/toolchain-cavium-sdk-3.x/usr/include -I/home/ubuntu/tp-link/ER7206_trunk/staging_dir/toolchain-cavium-sdk-3.x/include  -L/home/ubuntu/tp-link/ER7206_trunk/staging_dir/target-mips64-octeon-linux-gnu-osg_pro_un_v1/usr/lib -L/home/ubuntu/tp-link/ER7206_trunk/staging_dir/target-mips64-octeon-linux-gnu-osg_pro_un_v1/lib -L/home/ubuntu/tp-link/ER7206_trunk/staging_dir/toolchain-cavium-sdk-3.x/usr/lib -L/home/ubuntu/tp-link/ER7206_trunk/staging_dir/toolchain-cavium-sdk-3.x/lib  conftest.c  >&5
configure:3166: $? = 0
configure:3214: result: yes
configure:3217: checking for C compiler default output file name
configure:3219: result: a.out
configure:3225: checking for suffix of executables
configure:3232: mips64-octeon-linux-gnu-gcc -o conftest -Os -pipe -mno-branch-likely -march=octeon -mabi=64 -fno-caller-saves -Wl,--rpath=/home/ubuntu/tp-link/ER7206_trunk/staging_dir/target-mips64-octeon-linux-gnu-osg_pro_un_v1/usr/lib -msoft-float  -I/home/ubuntu/tp-link/ER7206_trunk/staging_dir/target-mips64-octeon-linux-gnu-osg_pro_un_v1/usr/include -I/home/ubuntu/tp-link/ER7206_trunk/staging_dir/target-mips64-octeon-linux-gnu-osg_pro_un_v1/include -I/home/ubuntu/tp-link/ER7206_trunk/staging_dir/toolchain-cavium-sdk-3.x/usr/include -I/home/ubuntu/tp-link/ER7206_trunk/staging_dir/toolchain-cavium-sdk-3.x/include  -L/home/ubuntu/tp-link/ER7206_trunk/staging_dir/target-mips64-octeon-linux-gnu-osg_pro_un_v1/usr/lib -L/home/ubuntu/tp-link/ER7206_trunk/staging_dir/target-mips64-octeon-linux-gnu-osg_pro_un_v1/lib -L/home/ubuntu/tp-link/ER7206_trunk/staging_dir/toolchain-cavium-sdk-3.x/usr/lib -L/home/ubuntu/tp-link/ER7206_trunk/staging_dir/toolchain-cavium-sdk-3.x/lib  conftest.c  >&5
configure:3236: $? = 0
configure:3258: result: 
configure:3280: checking whether we are cross compiling
configure:3318: result: yes
configure:3323: checking for suffix of object files
configure:3345: mips64-octeon-linux-gnu-gcc -c -Os -pipe -mno-branch-likely -march=octeon -mabi=64 -fno-caller-saves -Wl,--rpath=/home/ubuntu/tp-link/ER7206_trunk/staging_dir/target-mips64-octeon-linux-gnu-osg_pro_un_v1/usr/lib -msoft-float  -I/home/ubuntu/tp-link/ER7206_trunk/staging_dir/target-mips64-octeon-linux-gnu-osg_pro_un_v1/usr/include -I/home/ubuntu/tp-link/ER7206_trunk/staging_dir/target-mips64-octeon-linux-gnu-osg_pro_un_v1/include -I/home/ubuntu/tp-link/ER7206_trunk/staging_dir/toolchain-cavium-sdk-3.x/usr/include -I/home/ubuntu/tp-link/ER7206_trunk/staging_dir/toolchain-cavium-sdk-3.x/include  conftest.c >&5
configure:3349: $? = 0
configure:3370: result: o
configure:3374: checking whether we are using the GNU C compiler
configure:3393: mips64-octeon-linux-gnu-gcc -c -Os -pipe -mno-branch-likely -march=octeon -mabi=64 -fno-caller-saves -Wl,--rpath=/home/ubuntu/tp-link/ER7206_trunk/staging_dir/target-mips64-octeon-linux-gnu-osg_pro_un_v1/usr/lib -msoft-float  -I/home/ubuntu/tp-link/ER7206_trunk/staging_dir/target-mips64-octeon-linux-gnu-osg_pro_un_v1/usr/include -I/home/ubuntu/tp-link/ER7206_trunk/staging_dir/target-mips64-octeon-linux-gnu-osg_pro_un_v1/include -I/home/ubuntu/tp-link/ER7206_trunk/staging_dir/toolchain-cavium-sdk-3.x/usr/include -I/home/ubuntu/tp-link/ER7206_trunk/staging_dir/toolchain-cavium-sdk-3.x/include  conftest.c >&5
configure:3393: $? = 0
configure:3402: result: yes
configure:3411: checking whether mips64-octeon-linux-gnu-gcc accepts -g
configure:3431: mips64-octeon-linux-gnu-gcc -c -g -I/home/ubuntu/tp-link/ER7206_trunk/staging_dir/target-mips64-octeon-linux-gnu-osg_pro_un_v1/usr/include -I/home/ubuntu/tp-link/ER7206_trunk/staging_dir/target-mips64-octeon-linux-gnu-osg_pro_un_v1/include -I/home/ubuntu/tp-link/ER7206_trunk/staging_dir/toolchain-cavium-sdk-3.x/usr/include -I/home/ubuntu/tp-link/ER7206_trunk/staging_dir/toolchain-cavium-sdk-3.x/include  conftest.c >&5
configure:3431: $? = 0
configure:3472: result: yes
configure:3489: checking for mips64-octeon-linux-gnu-gcc option to accept ISO C89
configure:3553: mips64-octeon-linux-gnu-gcc  -c -Os -pipe -mno-branch-likely -march=octeon -mabi=64 -fno-caller-saves -Wl,--rpath=/home/ubuntu/tp-link/ER7206_trunk/staging_dir/target-mips64-octeon-linux-gnu-osg_pro_un_v1/usr/lib -msoft-float  -I/home/ubuntu/tp-link/ER7206_trunk/staging_dir/target-mips64-octeon-linux-gnu-osg_pro_un_v1/usr/include -I/home/ubuntu/tp-link/ER7206_trunk/staging_dir/target-mips64-octeon-linux-gnu-osg_pro_un_v1/include -I/home/ubuntu/tp-link/ER7206_trunk/staging_dir/toolchain-cavium-sdk-3.x/usr/include -I/home/ubuntu/tp-link/ER7206_trunk/staging_dir/toolchain-cavium-sdk-3.x/include  conftest.c >&5
configure:3553: $? = 0
configure:3566: result: none needed
configure:3597: checking for style of include used by make
configure:3625: result: GNU
configure:3651: checking dependency style of mips64-octeon-linux-gnu-gcc
configure:3762: result: gcc3
configure:3778: checking whether mips64-octeon-linux-gnu-gcc and cc understand -c and -o together
configure:3809: mips64-octeon-linux-gnu-gcc -c conftest.c -o conftest2.o >&5
configure:3813: $? = 0
configure:3819: mips64-octeon-linux-gnu-gcc -c conftest.c -o conftest2.o >&5
configure:3823: $? = 0
configure:3834: cc -c conftest.c >&5
configure:3838: $? = 0
configure:3846: cc -c conftest.c -o conftest2.o >&5
configure:3850: $? = 0
configure:3856: cc -c conftest.c -o conftest2.o >&5
configure:3860: $? = 0
configure:3878: result: yes
configure:3981: checking how to print strings
configure:4008: result: printf
configure:4029: checking for a sed that does not truncate output
configure:4093: result: /home/ubuntu/tp-link/ER7206_trunk/staging_dir/host/bin/sed
configure:4111: checking for grep that handles long lines and -e
configure:4169: result: /home/ubuntu/tp-link/ER7206_trunk/staging_dir/host/bin/grep
configure:4174: checking for egrep
configure:4236: result: /home/ubuntu/tp-link/ER7206_trunk/staging_dir/host/bin/grep -E
configure:4241: checking for fgrep
configure:4303: result: /home/ubuntu/tp-link/ER7206_trunk/staging_dir/host/bin/grep -F
configure:4338: checking for ld used by mips64-octeon-linux-gnu-gcc
configure:4405: result: mips64-octeon-linux-gnu-ld
configure:4412: checking if the linker (mips64-octeon-linux-gnu-ld) is GNU ld
configure:4427: result: yes
configure:4439: checking for BSD- or MS-compatible name lister (nm)
configure:4488: result: mips64-octeon-linux-gnu-nm
configure:4618: checking the name lister (mips64-octeon-linux-gnu-nm) interface
configure:4625: mips64-octeon-linux-gnu-gcc -c -Os -pipe -mno-branch-likely -march=octeon -mabi=64 -fno-caller-saves -Wl,--rpath=/home/ubuntu/tp-link/ER7206_trunk/staging_dir/target-mips64-octeon-linux-gnu-osg_pro_un_v1/usr/lib -msoft-float  -I/home/ubuntu/tp-link/ER7206_trunk/staging_dir/target-mips64-octeon-linux-gnu-osg_pro_un_v1/usr/include -I/home/ubuntu/tp-link/ER7206_trunk/staging_dir/target-mips64-octeon-linux-gnu-osg_pro_un_v1/include -I/home/ubuntu/tp-link/ER7206_trunk/staging_dir/toolchain-cavium-sdk-3.x/usr/include -I/home/ubuntu/tp-link/ER7206_trunk/staging_dir/toolchain-cavium-sdk-3.x/include  conftest.c >&5
configure:4628: mips64-octeon-linux-gnu-nm "conftest.o"
configure:4631: output
0000000000000000 B some_variable
configure:4638: result: BSD nm
configure:4641: checking whether ln -s works
configure:4645: result: yes
configure:4653: checking the maximum length of command line arguments
configure:4778: result: 3458764513820540925
configure:4795: checking whether the shell understands some XSI constructs
configure:4805: result: yes
configure:4809: checking whether the shell understands "+="
configure:4815: result: yes
configure:4850: checking how to convert x86_64-pc-linux-gnu file names to mips64-octeon-linux-gnu format
configure:4890: result: func_convert_file_noop
configure:4897: checking how to convert x86_64-pc-linux-gnu file names to toolchain format
configure:4917: result: func_convert_file_noop
configure:4924: checking for mips64-octeon-linux-gnu-ld option to reload object files
configure:4931: result: -r
configure:4965: checking for mips64-octeon-linux-gnu-objdump
configure:4992: result: mips64-octeon-linux-gnu-objdump
configure:5064: checking how to recognize dependent libraries
configure:5266: result: pass_all
configure:5311: checking for mips64-octeon-linux-gnu-dlltool
configure:5341: result: no
configure:5351: checking for dlltool
configure:5381: result: no
configure:5411: checking how to associate runtime and link libraries
configure:5438: result: printf %s\n
configure:5455: checking for mips64-octeon-linux-gnu-ar
configure:5482: result: mips64-octeon-linux-gnu-ar
configure:5563: checking for archiver @FILE support
configure:5580: mips64-octeon-linux-gnu-gcc -c -Os -pipe -mno-branch-likely -march=octeon -mabi=64 -fno-caller-saves -Wl,--rpath=/home/ubuntu/tp-link/ER7206_trunk/staging_dir/target-mips64-octeon-linux-gnu-osg_pro_un_v1/usr/lib -msoft-float  -I/home/ubuntu/tp-link/ER7206_trunk/staging_dir/target-mips64-octeon-linux-gnu-osg_pro_un_v1/usr/include -I/home/ubuntu/tp-link/ER7206_trunk/staging_dir/target-mips64-octeon-linux-gnu-osg_pro_un_v1/include -I/home/ubuntu/tp-link/ER7206_trunk/staging_dir/toolchain-cavium-sdk-3.x/usr/include -I/home/ubuntu/tp-link/ER7206_trunk/staging_dir/toolchain-cavium-sdk-3.x/include  conftest.c >&5
configure:5580: $? = 0
configure:5583: mips64-octeon-linux-gnu-ar cru libconftest.a @conftest.lst >&5
configure:5586: $? = 0
configure:5591: mips64-octeon-linux-gnu-ar cru libconftest.a @conftest.lst >&5
mips64-octeon-linux-gnu-ar: conftest.o: No such file or directory
configure:5594: $? = 1
configure:5606: result: @
configure:5624: checking for mips64-octeon-linux-gnu-strip
configure:5651: result: mips64-octeon-linux-gnu-strip
configure:5723: checking for mips64-octeon-linux-gnu-ranlib
configure:5750: result: mips64-octeon-linux-gnu-ranlib
configure:5892: checking command to parse mips64-octeon-linux-gnu-nm output from mips64-octeon-linux-gnu-gcc object
configure:6011: mips64-octeon-linux-gnu-gcc -c -Os -pipe -mno-branch-likely -march=octeon -mabi=64 -fno-caller-saves -Wl,--rpath=/home/ubuntu/tp-link/ER7206_trunk/staging_dir/target-mips64-octeon-linux-gnu-osg_pro_un_v1/usr/lib -msoft-float  -I/home/ubuntu/tp-link/ER7206_trunk/staging_dir/target-mips64-octeon-linux-gnu-osg_pro_un_v1/usr/include -I/home/ubuntu/tp-link/ER7206_trunk/staging_dir/target-mips64-octeon-linux-gnu-osg_pro_un_v1/include -I/home/ubuntu/tp-link/ER7206_trunk/staging_dir/toolchain-cavium-sdk-3.x/usr/include -I/home/ubuntu/tp-link/ER7206_trunk/staging_dir/toolchain-cavium-sdk-3.x/include  conftest.c >&5
configure:6014: $? = 0
configure:6018: mips64-octeon-linux-gnu-nm conftest.o \| sed -n -e 's/^.*[ ]\([ABCDGIRSTW][ABCDGIRSTW]*\)[ ][ ]*\([_A-Za-z][_A-Za-z0-9]*\)$/\1 \2 \2/p' | sed '/ __gnu_lto/d' \> conftest.nm
configure:6021: $? = 0
configure:6087: mips64-octeon-linux-gnu-gcc -o conftest -Os -pipe -mno-branch-likely -march=octeon -mabi=64 -fno-caller-saves -Wl,--rpath=/home/ubuntu/tp-link/ER7206_trunk/staging_dir/target-mips64-octeon-linux-gnu-osg_pro_un_v1/usr/lib -msoft-float  -I/home/ubuntu/tp-link/ER7206_trunk/staging_dir/target-mips64-octeon-linux-gnu-osg_pro_un_v1/usr/include -I/home/ubuntu/tp-link/ER7206_trunk/staging_dir/target-mips64-octeon-linux-gnu-osg_pro_un_v1/include -I/home/ubuntu/tp-link/ER7206_trunk/staging_dir/toolchain-cavium-sdk-3.x/usr/include -I/home/ubuntu/tp-link/ER7206_trunk/staging_dir/toolchain-cavium-sdk-3.x/include  -L/home/ubuntu/tp-link/ER7206_trunk/staging_dir/target-mips64-octeon-linux-gnu-osg_pro_un_v1/usr/lib -L/home/ubuntu/tp-link/ER7206_trunk/staging_dir/target-mips64-octeon-linux-gnu-osg_pro_un_v1/lib -L/home/ubuntu/tp-link/ER7206_trunk/staging_dir/toolchain-cavium-sdk-3.x/usr/lib -L/home/ubuntu/tp-link/ER7206_trunk/staging_dir/toolchain-cavium-sdk-3.x/lib  conftest.c conftstm.o >&5
configure:6090: $? = 0
configure:6128: result: ok
configure:6165: checking for sysroot
configure:6195: result: no
configure:6398: checking for mips64-octeon-linux-gnu-mt
configure:6428: result: no
configure:6438: checking for mt
configure:6454: found /bin/mt
configure:6465: result: mt
configure:6477: WARNING: using cross tools not prefixed with host triplet
configure:6488: checking if mt is a manifest tool
configure:6494: mt '-?'
configure:6502: result: no
configure:7134: checking how to run the C preprocessor
configure:7165: mips64-octeon-linux-gnu-gcc -E -I/home/ubuntu/tp-link/ER7206_trunk/staging_dir/target-mips64-octeon-linux-gnu-osg_pro_un_v1/usr/include -I/home/ubuntu/tp-link/ER7206_trunk/staging_dir/target-mips64-octeon-linux-gnu-osg_pro_un_v1/include -I/home/ubuntu/tp-link/ER7206_trunk/staging_dir/toolchain-cavium-sdk-3.x/usr/include -I/home/ubuntu/tp-link/ER7206_trunk/staging_dir/toolchain-cavium-sdk-3.x/include  conftest.c
configure:7165: $? = 0
configure:7179: mips64-octeon-linux-gnu-gcc -E -I/home/ubuntu/tp-link/ER7206_trunk/staging_dir/target-mips64-octeon-linux-gnu-osg_pro_un_v1/usr/include -I/home/ubuntu/tp-link/ER7206_trunk/staging_dir/target-mips64-octeon-linux-gnu-osg_pro_un_v1/include -I/home/ubuntu/tp-link/ER7206_trunk/staging_dir/toolchain-cavium-sdk-3.x/usr/include -I/home/ubuntu/tp-link/ER7206_trunk/staging_dir/toolchain-cavium-sdk-3.x/include  conftest.c
conftest.c:11:28: fatal error: ac_nonexistent.h: No such file or directory
compilation terminated.
configure:7179: $? = 1
configure: failed program was:
| /* confdefs.h */
| #define PACKAGE_NAME "libmnl"
| #define PACKAGE_TARNAME "libmnl"
| #define PACKAGE_VERSION "1.0.3"
| #define PACKAGE_STRING "libmnl 1.0.3"
| #define PACKAGE_BUGREPORT ""
| #define PACKAGE_URL ""
| #define PACKAGE "libmnl"
| #define VERSION "1.0.3"
| /* end confdefs.h.  */
| #include <ac_nonexistent.h>
configure:7204: result: mips64-octeon-linux-gnu-gcc -E
configure:7224: mips64-octeon-linux-gnu-gcc -E -I/home/ubuntu/tp-link/ER7206_trunk/staging_dir/target-mips64-octeon-linux-gnu-osg_pro_un_v1/usr/include -I/home/ubuntu/tp-link/ER7206_trunk/staging_dir/target-mips64-octeon-linux-gnu-osg_pro_un_v1/include -I/home/ubuntu/tp-link/ER7206_trunk/staging_dir/toolchain-cavium-sdk-3.x/usr/include -I/home/ubuntu/tp-link/ER7206_trunk/staging_dir/toolchain-cavium-sdk-3.x/include  conftest.c
configure:7224: $? = 0
configure:7238: mips64-octeon-linux-gnu-gcc -E -I/home/ubuntu/tp-link/ER7206_trunk/staging_dir/target-mips64-octeon-linux-gnu-osg_pro_un_v1/usr/include -I/home/ubuntu/tp-link/ER7206_trunk/staging_dir/target-mips64-octeon-linux-gnu-osg_pro_un_v1/include -I/home/ubuntu/tp-link/ER7206_trunk/staging_dir/toolchain-cavium-sdk-3.x/usr/include -I/home/ubuntu/tp-link/ER7206_trunk/staging_dir/toolchain-cavium-sdk-3.x/include  conftest.c
conftest.c:11:28: fatal error: ac_nonexistent.h: No such file or directory
compilation terminated.
configure:7238: $? = 1
configure: failed program was:
| /* confdefs.h */
| #define PACKAGE_NAME "libmnl"
| #define PACKAGE_TARNAME "libmnl"
| #define PACKAGE_VERSION "1.0.3"
| #define PACKAGE_STRING "libmnl 1.0.3"
| #define PACKAGE_BUGREPORT ""
| #define PACKAGE_URL ""
| #define PACKAGE "libmnl"
| #define VERSION "1.0.3"
| /* end confdefs.h.  */
| #include <ac_nonexistent.h>
configure:7267: checking for ANSI C header files
configure:7287: mips64-octeon-linux-gnu-gcc -c -Os -pipe -mno-branch-likely -march=octeon -mabi=64 -fno-caller-saves -Wl,--rpath=/home/ubuntu/tp-link/ER7206_trunk/staging_dir/target-mips64-octeon-linux-gnu-osg_pro_un_v1/usr/lib -msoft-float  -I/home/ubuntu/tp-link/ER7206_trunk/staging_dir/target-mips64-octeon-linux-gnu-osg_pro_un_v1/usr/include -I/home/ubuntu/tp-link/ER7206_trunk/staging_dir/target-mips64-octeon-linux-gnu-osg_pro_un_v1/include -I/home/ubuntu/tp-link/ER7206_trunk/staging_dir/toolchain-cavium-sdk-3.x/usr/include -I/home/ubuntu/tp-link/ER7206_trunk/staging_dir/toolchain-cavium-sdk-3.x/include  conftest.c >&5
configure:7287: $? = 0
configure:7371: result: yes
configure:7384: checking for sys/types.h
configure:7384: mips64-octeon-linux-gnu-gcc -c -Os -pipe -mno-branch-likely -march=octeon -mabi=64 -fno-caller-saves -Wl,--rpath=/home/ubuntu/tp-link/ER7206_trunk/staging_dir/target-mips64-octeon-linux-gnu-osg_pro_un_v1/usr/lib -msoft-float  -I/home/ubuntu/tp-link/ER7206_trunk/staging_dir/target-mips64-octeon-linux-gnu-osg_pro_un_v1/usr/include -I/home/ubuntu/tp-link/ER7206_trunk/staging_dir/target-mips64-octeon-linux-gnu-osg_pro_un_v1/include -I/home/ubuntu/tp-link/ER7206_trunk/staging_dir/toolchain-cavium-sdk-3.x/usr/include -I/home/ubuntu/tp-link/ER7206_trunk/staging_dir/toolchain-cavium-sdk-3.x/include  conftest.c >&5
configure:7384: $? = 0
configure:7384: result: yes
configure:7384: checking for sys/stat.h
configure:7384: mips64-octeon-linux-gnu-gcc -c -Os -pipe -mno-branch-likely -march=octeon -mabi=64 -fno-caller-saves -Wl,--rpath=/home/ubuntu/tp-link/ER7206_trunk/staging_dir/target-mips64-octeon-linux-gnu-osg_pro_un_v1/usr/lib -msoft-float  -I/home/ubuntu/tp-link/ER7206_trunk/staging_dir/target-mips64-octeon-linux-gnu-osg_pro_un_v1/usr/include -I/home/ubuntu/tp-link/ER7206_trunk/staging_dir/target-mips64-octeon-linux-gnu-osg_pro_un_v1/include -I/home/ubuntu/tp-link/ER7206_trunk/staging_dir/toolchain-cavium-sdk-3.x/usr/include -I/home/ubuntu/tp-link/ER7206_trunk/staging_dir/toolchain-cavium-sdk-3.x/include  conftest.c >&5
configure:7384: $? = 0
configure:7384: result: yes
configure:7384: checking for stdlib.h
configure:7384: mips64-octeon-linux-gnu-gcc -c -Os -pipe -mno-branch-likely -march=octeon -mabi=64 -fno-caller-saves -Wl,--rpath=/home/ubuntu/tp-link/ER7206_trunk/staging_dir/target-mips64-octeon-linux-gnu-osg_pro_un_v1/usr/lib -msoft-float  -I/home/ubuntu/tp-link/ER7206_trunk/staging_dir/target-mips64-octeon-linux-gnu-osg_pro_un_v1/usr/include -I/home/ubuntu/tp-link/ER7206_trunk/staging_dir/target-mips64-octeon-linux-gnu-osg_pro_un_v1/include -I/home/ubuntu/tp-link/ER7206_trunk/staging_dir/toolchain-cavium-sdk-3.x/usr/include -I/home/ubuntu/tp-link/ER7206_trunk/staging_dir/toolchain-cavium-sdk-3.x/include  conftest.c >&5
configure:7384: $? = 0
configure:7384: result: yes
configure:7384: checking for string.h
configure:7384: mips64-octeon-linux-gnu-gcc -c -Os -pipe -mno-branch-likely -march=octeon -mabi=64 -fno-caller-saves -Wl,--rpath=/home/ubuntu/tp-link/ER7206_trunk/staging_dir/target-mips64-octeon-linux-gnu-osg_pro_un_v1/usr/lib -msoft-float  -I/home/ubuntu/tp-link/ER7206_trunk/staging_dir/target-mips64-octeon-linux-gnu-osg_pro_un_v1/usr/include -I/home/ubuntu/tp-link/ER7206_trunk/staging_dir/target-mips64-octeon-linux-gnu-osg_pro_un_v1/include -I/home/ubuntu/tp-link/ER7206_trunk/staging_dir/toolchain-cavium-sdk-3.x/usr/include -I/home/ubuntu/tp-link/ER7206_trunk/staging_dir/toolchain-cavium-sdk-3.x/include  conftest.c >&5
configure:7384: $? = 0
configure:7384: result: yes
configure:7384: checking for memory.h
configure:7384: mips64-octeon-linux-gnu-gcc -c -Os -pipe -mno-branch-likely -march=octeon -mabi=64 -fno-caller-saves -Wl,--rpath=/home/ubuntu/tp-link/ER7206_trunk/staging_dir/target-mips64-octeon-linux-gnu-osg_pro_un_v1/usr/lib -msoft-float  -I/home/ubuntu/tp-link/ER7206_trunk/staging_dir/target-mips64-octeon-linux-gnu-osg_pro_un_v1/usr/include -I/home/ubuntu/tp-link/ER7206_trunk/staging_dir/target-mips64-octeon-linux-gnu-osg_pro_un_v1/include -I/home/ubuntu/tp-link/ER7206_trunk/staging_dir/toolchain-cavium-sdk-3.x/usr/include -I/home/ubuntu/tp-link/ER7206_trunk/staging_dir/toolchain-cavium-sdk-3.x/include  conftest.c >&5
configure:7384: $? = 0
configure:7384: result: yes
configure:7384: checking for strings.h
configure:7384: mips64-octeon-linux-gnu-gcc -c -Os -pipe -mno-branch-likely -march=octeon -mabi=64 -fno-caller-saves -Wl,--rpath=/home/ubuntu/tp-link/ER7206_trunk/staging_dir/target-mips64-octeon-linux-gnu-osg_pro_un_v1/usr/lib -msoft-float  -I/home/ubuntu/tp-link/ER7206_trunk/staging_dir/target-mips64-octeon-linux-gnu-osg_pro_un_v1/usr/include -I/home/ubuntu/tp-link/ER7206_trunk/staging_dir/target-mips64-octeon-linux-gnu-osg_pro_un_v1/include -I/home/ubuntu/tp-link/ER7206_trunk/staging_dir/toolchain-cavium-sdk-3.x/usr/include -I/home/ubuntu/tp-link/ER7206_trunk/staging_dir/toolchain-cavium-sdk-3.x/include  conftest.c >&5
configure:7384: $? = 0
configure:7384: result: yes
configure:7384: checking for inttypes.h
configure:7384: mips64-octeon-linux-gnu-gcc -c -Os -pipe -mno-branch-likely -march=octeon -mabi=64 -fno-caller-saves -Wl,--rpath=/home/ubuntu/tp-link/ER7206_trunk/staging_dir/target-mips64-octeon-linux-gnu-osg_pro_un_v1/usr/lib -msoft-float  -I/home/ubuntu/tp-link/ER7206_trunk/staging_dir/target-mips64-octeon-linux-gnu-osg_pro_un_v1/usr/include -I/home/ubuntu/tp-link/ER7206_trunk/staging_dir/target-mips64-octeon-linux-gnu-osg_pro_un_v1/include -I/home/ubuntu/tp-link/ER7206_trunk/staging_dir/toolchain-cavium-sdk-3.x/usr/include -I/home/ubuntu/tp-link/ER7206_trunk/staging_dir/toolchain-cavium-sdk-3.x/include  conftest.c >&5
configure:7384: $? = 0
configure:7384: result: yes
configure:7384: checking for stdint.h
configure:7384: mips64-octeon-linux-gnu-gcc -c -Os -pipe -mno-branch-likely -march=octeon -mabi=64 -fno-caller-saves -Wl,--rpath=/home/ubuntu/tp-link/ER7206_trunk/staging_dir/target-mips64-octeon-linux-gnu-osg_pro_un_v1/usr/lib -msoft-float  -I/home/ubuntu/tp-link/ER7206_trunk/staging_dir/target-mips64-octeon-linux-gnu-osg_pro_un_v1/usr/include -I/home/ubuntu/tp-link/ER7206_trunk/staging_dir/target-mips64-octeon-linux-gnu-osg_pro_un_v1/include -I/home/ubuntu/tp-link/ER7206_trunk/staging_dir/toolchain-cavium-sdk-3.x/usr/include -I/home/ubuntu/tp-link/ER7206_trunk/staging_dir/toolchain-cavium-sdk-3.x/include  conftest.c >&5
configure:7384: $? = 0
configure:7384: result: yes
configure:7384: checking for unistd.h
configure:7384: mips64-octeon-linux-gnu-gcc -c -Os -pipe -mno-branch-likely -march=octeon -mabi=64 -fno-caller-saves -Wl,--rpath=/home/ubuntu/tp-link/ER7206_trunk/staging_dir/target-mips64-octeon-linux-gnu-osg_pro_un_v1/usr/lib -msoft-float  -I/home/ubuntu/tp-link/ER7206_trunk/staging_dir/target-mips64-octeon-linux-gnu-osg_pro_un_v1/usr/include -I/home/ubuntu/tp-link/ER7206_trunk/staging_dir/target-mips64-octeon-linux-gnu-osg_pro_un_v1/include -I/home/ubuntu/tp-link/ER7206_trunk/staging_dir/toolchain-cavium-sdk-3.x/usr/include -I/home/ubuntu/tp-link/ER7206_trunk/staging_dir/toolchain-cavium-sdk-3.x/include  conftest.c >&5
configure:7384: $? = 0
configure:7384: result: yes
configure:7398: checking for dlfcn.h
configure:7398: mips64-octeon-linux-gnu-gcc -c -Os -pipe -mno-branch-likely -march=octeon -mabi=64 -fno-caller-saves -Wl,--rpath=/home/ubuntu/tp-link/ER7206_trunk/staging_dir/target-mips64-octeon-linux-gnu-osg_pro_un_v1/usr/lib -msoft-float  -I/home/ubuntu/tp-link/ER7206_trunk/staging_dir/target-mips64-octeon-linux-gnu-osg_pro_un_v1/usr/include -I/home/ubuntu/tp-link/ER7206_trunk/staging_dir/target-mips64-octeon-linux-gnu-osg_pro_un_v1/include -I/home/ubuntu/tp-link/ER7206_trunk/staging_dir/toolchain-cavium-sdk-3.x/usr/include -I/home/ubuntu/tp-link/ER7206_trunk/staging_dir/toolchain-cavium-sdk-3.x/include  conftest.c >&5
configure:7398: $? = 0
configure:7398: result: yes
configure:7555: checking for objdir
configure:7570: result: .libs
configure:7837: checking if mips64-octeon-linux-gnu-gcc supports -fno-rtti -fno-exceptions
configure:7855: mips64-octeon-linux-gnu-gcc -c -Os -pipe -mno-branch-likely -march=octeon -mabi=64 -fno-caller-saves -Wl,--rpath=/home/ubuntu/tp-link/ER7206_trunk/staging_dir/target-mips64-octeon-linux-gnu-osg_pro_un_v1/usr/lib -msoft-float  -I/home/ubuntu/tp-link/ER7206_trunk/staging_dir/target-mips64-octeon-linux-gnu-osg_pro_un_v1/usr/include -I/home/ubuntu/tp-link/ER7206_trunk/staging_dir/target-mips64-octeon-linux-gnu-osg_pro_un_v1/include -I/home/ubuntu/tp-link/ER7206_trunk/staging_dir/toolchain-cavium-sdk-3.x/usr/include -I/home/ubuntu/tp-link/ER7206_trunk/staging_dir/toolchain-cavium-sdk-3.x/include  -fno-rtti -fno-exceptions conftest.c >&5
cc1: warning: command line option '-fno-rtti' is valid for C++/ObjC++ but not for C [enabled by default]
configure:7859: $? = 0
configure:7872: result: no
configure:8182: checking for mips64-octeon-linux-gnu-gcc option to produce PIC
configure:8189: result: -fPIC -DPIC
configure:8197: checking if mips64-octeon-linux-gnu-gcc PIC flag -fPIC -DPIC works
configure:8215: mips64-octeon-linux-gnu-gcc -c -Os -pipe -mno-branch-likely -march=octeon -mabi=64 -fno-caller-saves -Wl,--rpath=/home/ubuntu/tp-link/ER7206_trunk/staging_dir/target-mips64-octeon-linux-gnu-osg_pro_un_v1/usr/lib -msoft-float  -I/home/ubuntu/tp-link/ER7206_trunk/staging_dir/target-mips64-octeon-linux-gnu-osg_pro_un_v1/usr/include -I/home/ubuntu/tp-link/ER7206_trunk/staging_dir/target-mips64-octeon-linux-gnu-osg_pro_un_v1/include -I/home/ubuntu/tp-link/ER7206_trunk/staging_dir/toolchain-cavium-sdk-3.x/usr/include -I/home/ubuntu/tp-link/ER7206_trunk/staging_dir/toolchain-cavium-sdk-3.x/include  -fPIC -DPIC -DPIC conftest.c >&5
configure:8219: $? = 0
configure:8232: result: yes
configure:8261: checking if mips64-octeon-linux-gnu-gcc static flag -static works
configure:8289: result: yes
configure:8304: checking if mips64-octeon-linux-gnu-gcc supports -c -o file.o
configure:8325: mips64-octeon-linux-gnu-gcc -c -Os -pipe -mno-branch-likely -march=octeon -mabi=64 -fno-caller-saves -Wl,--rpath=/home/ubuntu/tp-link/ER7206_trunk/staging_dir/target-mips64-octeon-linux-gnu-osg_pro_un_v1/usr/lib -msoft-float  -I/home/ubuntu/tp-link/ER7206_trunk/staging_dir/target-mips64-octeon-linux-gnu-osg_pro_un_v1/usr/include -I/home/ubuntu/tp-link/ER7206_trunk/staging_dir/target-mips64-octeon-linux-gnu-osg_pro_un_v1/include -I/home/ubuntu/tp-link/ER7206_trunk/staging_dir/toolchain-cavium-sdk-3.x/usr/include -I/home/ubuntu/tp-link/ER7206_trunk/staging_dir/toolchain-cavium-sdk-3.x/include  -o out/conftest2.o conftest.c >&5
configure:8329: $? = 0
configure:8351: result: yes
configure:8359: checking if mips64-octeon-linux-gnu-gcc supports -c -o file.o
configure:8406: result: yes
configure:8439: checking whether the mips64-octeon-linux-gnu-gcc linker (mips64-octeon-linux-gnu-ld) supports shared libraries
configure:9597: result: yes
configure:9634: checking whether -lc should be explicitly linked in
configure:9642: mips64-octeon-linux-gnu-gcc -c -Os -pipe -mno-branch-likely -march=octeon -mabi=64 -fno-caller-saves -Wl,--rpath=/home/ubuntu/tp-link/ER7206_trunk/staging_dir/target-mips64-octeon-linux-gnu-osg_pro_un_v1/usr/lib -msoft-float  -I/home/ubuntu/tp-link/ER7206_trunk/staging_dir/target-mips64-octeon-linux-gnu-osg_pro_un_v1/usr/include -I/home/ubuntu/tp-link/ER7206_trunk/staging_dir/target-mips64-octeon-linux-gnu-osg_pro_un_v1/include -I/home/ubuntu/tp-link/ER7206_trunk/staging_dir/toolchain-cavium-sdk-3.x/usr/include -I/home/ubuntu/tp-link/ER7206_trunk/staging_dir/toolchain-cavium-sdk-3.x/include  conftest.c >&5
configure:9645: $? = 0
configure:9660: mips64-octeon-linux-gnu-gcc -shared  -fPIC -DPIC conftest.o  -v -Wl,-soname -Wl,conftest -o conftest 2\>\&1 \| /home/ubuntu/tp-link/ER7206_trunk/staging_dir/host/bin/grep  -lc  \>/dev/null 2\>\&1
configure:9663: $? = 0
configure:9677: result: no
configure:9842: checking dynamic linker characteristics
configure:10356: mips64-octeon-linux-gnu-gcc -o conftest -Os -pipe -mno-branch-likely -march=octeon -mabi=64 -fno-caller-saves -Wl,--rpath=/home/ubuntu/tp-link/ER7206_trunk/staging_dir/target-mips64-octeon-linux-gnu-osg_pro_un_v1/usr/lib -msoft-float  -I/home/ubuntu/tp-link/ER7206_trunk/staging_dir/target-mips64-octeon-linux-gnu-osg_pro_un_v1/usr/include -I/home/ubuntu/tp-link/ER7206_trunk/staging_dir/target-mips64-octeon-linux-gnu-osg_pro_un_v1/include -I/home/ubuntu/tp-link/ER7206_trunk/staging_dir/toolchain-cavium-sdk-3.x/usr/include -I/home/ubuntu/tp-link/ER7206_trunk/staging_dir/toolchain-cavium-sdk-3.x/include  -L/home/ubuntu/tp-link/ER7206_trunk/staging_dir/target-mips64-octeon-linux-gnu-osg_pro_un_v1/usr/lib -L/home/ubuntu/tp-link/ER7206_trunk/staging_dir/target-mips64-octeon-linux-gnu-osg_pro_un_v1/lib -L/home/ubuntu/tp-link/ER7206_trunk/staging_dir/toolchain-cavium-sdk-3.x/usr/lib -L/home/ubuntu/tp-link/ER7206_trunk/staging_dir/toolchain-cavium-sdk-3.x/lib  -Wl,-rpath -Wl,/foo conftest.c  >&5
configure:10356: $? = 0
configure:10578: result: GNU/Linux ld.so
configure:10685: checking how to hardcode library paths into programs
configure:10710: result: immediate
configure:11250: checking whether stripping libraries is possible
configure:11255: result: yes
configure:11290: checking if libtool supports shared libraries
configure:11292: result: yes
configure:11295: checking whether to build shared libraries
configure:11316: result: yes
configure:11319: checking whether to build static libraries
configure:11323: result: yes
configure:11367: checking whether compiler accepts -fvisibility=hidden
configure:11376: mips64-octeon-linux-gnu-gcc -c -Os -pipe -mno-branch-likely -march=octeon -mabi=64 -fno-caller-saves -Wl,--rpath=/home/ubuntu/tp-link/ER7206_trunk/staging_dir/target-mips64-octeon-linux-gnu-osg_pro_un_v1/usr/lib -msoft-float  -fvisibility=hidden -I/home/ubuntu/tp-link/ER7206_trunk/staging_dir/target-mips64-octeon-linux-gnu-osg_pro_un_v1/usr/include -I/home/ubuntu/tp-link/ER7206_trunk/staging_dir/target-mips64-octeon-linux-gnu-osg_pro_un_v1/include -I/home/ubuntu/tp-link/ER7206_trunk/staging_dir/toolchain-cavium-sdk-3.x/usr/include -I/home/ubuntu/tp-link/ER7206_trunk/staging_dir/toolchain-cavium-sdk-3.x/include  conftest.c >&5
configure:11376: $? = 0
configure:11384: result: yes
configure:11544: creating ./config.status

## ---------------------- ##
## Running config.status. ##
## ---------------------- ##

This file was extended by libmnl config.status 1.0.3, which was
generated by GNU Autoconf 2.68.  Invocation command line was

  CONFIG_FILES    = 
  CONFIG_HEADERS  = 
  CONFIG_LINKS    = 
  CONFIG_COMMANDS = 
  $ ./config.status 

on ubuntu

config.status:1111: creating Makefile
config.status:1111: creating src/Makefile
config.status:1111: creating include/Makefile
config.status:1111: creating include/libmnl/Makefile
config.status:1111: creating include/linux/Makefile
config.status:1111: creating examples/Makefile
config.status:1111: creating examples/genl/Makefile
config.status:1111: creating examples/netfilter/Makefile
config.status:1111: creating examples/rtnl/Makefile
config.status:1111: creating libmnl.pc
config.status:1111: creating doxygen.cfg
config.status:1111: creating config.h
config.status:1340: executing depfiles commands
config.status:1340: executing libtool commands
configure:13789: WARNING: unrecognized options: --disable-nls

## ---------------- ##
## Cache variables. ##
## ---------------- ##

ac_cv_build=x86_64-pc-linux-gnu
ac_cv_c_bigendian=yes
ac_cv_c_compiler_gnu=yes
ac_cv_c_gettext_without_libintl=yes
ac_cv_c_littleendian=no
ac_cv_c_long_double=no
ac_cv_conv_longlong_to_float=yes
ac_cv_env_CC_set=set
ac_cv_env_CC_value=mips64-octeon-linux-gnu-gcc
ac_cv_env_CFLAGS_set=set
ac_cv_env_CFLAGS_value='-Os -pipe -mno-branch-likely -march=octeon -mabi=64 -fno-caller-saves -Wl,--rpath=/home/ubuntu/tp-link/ER7206_trunk/staging_dir/target-mips64-octeon-linux-gnu-osg_pro_un_v1/usr/lib -msoft-float '
ac_cv_env_CPPFLAGS_set=set
ac_cv_env_CPPFLAGS_value='-I/home/ubuntu/tp-link/ER7206_trunk/staging_dir/target-mips64-octeon-linux-gnu-osg_pro_un_v1/usr/include -I/home/ubuntu/tp-link/ER7206_trunk/staging_dir/target-mips64-octeon-linux-gnu-osg_pro_un_v1/include -I/home/ubuntu/tp-link/ER7206_trunk/staging_dir/toolchain-cavium-sdk-3.x/usr/include -I/home/ubuntu/tp-link/ER7206_trunk/staging_dir/toolchain-cavium-sdk-3.x/include '
ac_cv_env_CPP_set=
ac_cv_env_CPP_value=
ac_cv_env_LDFLAGS_set=set
ac_cv_env_LDFLAGS_value='-L/home/ubuntu/tp-link/ER7206_trunk/staging_dir/target-mips64-octeon-linux-gnu-osg_pro_un_v1/usr/lib -L/home/ubuntu/tp-link/ER7206_trunk/staging_dir/target-mips64-octeon-linux-gnu-osg_pro_un_v1/lib -L/home/ubuntu/tp-link/ER7206_trunk/staging_dir/toolchain-cavium-sdk-3.x/usr/lib -L/home/ubuntu/tp-link/ER7206_trunk/staging_dir/toolchain-cavium-sdk-3.x/lib '
ac_cv_env_LIBS_set=
ac_cv_env_LIBS_value=
ac_cv_env_build_alias_set=set
ac_cv_env_build_alias_value=x86_64-linux-gnu
ac_cv_env_host_alias_set=set
ac_cv_env_host_alias_value=mips64-octeon-linux-gnu
ac_cv_env_target_alias_set=set
ac_cv_env_target_alias_value=mips64-octeon-linux-gnu
ac_cv_file__dev_zero=yes
ac_cv_func___adjtimex=yes
ac_cv_func___va_copy=no
ac_cv_func__exit=yes
ac_cv_func_bcmp=yes
ac_cv_func_bcopy=yes
ac_cv_func_bzero=yes
ac_cv_func_cimag=yes
ac_cv_func_creal=yes
ac_cv_func_fchmod=yes
ac_cv_func_getaddrinfo=yes
ac_cv_func_getcwd=yes
ac_cv_func_getdomainname=yes
ac_cv_func_getpgrp_void=yes
ac_cv_func_getpwuid_r=yes
ac_cv_func_gettimeofday=yes
ac_cv_func_index=yes
ac_cv_func_lstat=yes
ac_cv_func_lstat_dereferences_slashed_symlink=yes
ac_cv_func_lstat_empty_string_bug=no
ac_cv_func_malloc_0_nonnull=yes
ac_cv_func_malloc_works=yes
ac_cv_func_memcmp_clean=yes
ac_cv_func_memcmp_working=yes
ac_cv_func_posix_getgrgid_r=yes
ac_cv_func_posix_getpwuid_r=yes
ac_cv_func_psignal=yes
ac_cv_func_pthread_key_delete=yes
ac_cv_func_realloc_0_nonnull=yes
ac_cv_func_realloc_works=yes
ac_cv_func_rename=yes
ac_cv_func_rindex=yes
ac_cv_func_setgrent_void=yes
ac_cv_func_setlocale=yes
ac_cv_func_setpgrp_void=yes
ac_cv_func_setresuid=no
ac_cv_func_setvbuf_reversed=no
ac_cv_func_stat_empty_string_bug=no
ac_cv_func_stat_ignores_trailing_slash=no
ac_cv_func_strerror=yes
ac_cv_func_strftime=yes
ac_cv_func_utimes=yes
ac_cv_func_va_copy=no
ac_cv_func_vsnprintf=yes
ac_cv_fvisibility_hidden=yes
ac_cv_have_accrights_in_msghdr=no
ac_cv_have_broken_snprintf=no
ac_cv_have_control_in_msghdr=yes
ac_cv_have_decl_sys_siglist=no
ac_cv_have_openpty_ctty_bug=yes
ac_cv_have_space_d_name_in_struct_dirent=yes
ac_cv_header_dlfcn_h=yes
ac_cv_header_inttypes_h=yes
ac_cv_header_memory_h=yes
ac_cv_header_netinet_sctp_h=no
ac_cv_header_netinet_sctp_uio_h=no
ac_cv_header_stdc=yes
ac_cv_header_stdint_h=yes
ac_cv_header_stdlib_h=yes
ac_cv_header_string_h=yes
ac_cv_header_strings_h=yes
ac_cv_header_sys_stat_h=yes
ac_cv_header_sys_types_h=yes
ac_cv_header_unistd_h=yes
ac_cv_host=mips64-octeon-linux-gnu
ac_cv_int64_t=yes
ac_cv_lbl_unaligned_fail=no
ac_cv_linux_kernel_pppoe=yes
ac_cv_linux_vers=2
ac_cv_objext=o
ac_cv_pack_bitfields_reversed=yes
ac_cv_path_EGREP='/home/ubuntu/tp-link/ER7206_trunk/staging_dir/host/bin/grep -E'
ac_cv_path_FGREP='/home/ubuntu/tp-link/ER7206_trunk/staging_dir/host/bin/grep -F'
ac_cv_path_GREP=/home/ubuntu/tp-link/ER7206_trunk/staging_dir/host/bin/grep
ac_cv_path_LDCONFIG=
ac_cv_path_SED=/home/ubuntu/tp-link/ER7206_trunk/staging_dir/host/bin/sed
ac_cv_path_install='/usr/bin/install -c'
ac_cv_path_mkdir=/bin/mkdir
ac_cv_prog_AR=mips64-octeon-linux-gnu-ar
ac_cv_prog_AWK=gawk
ac_cv_prog_CC=mips64-octeon-linux-gnu-gcc
ac_cv_prog_CPP='mips64-octeon-linux-gnu-gcc -E'
ac_cv_prog_OBJDUMP=mips64-octeon-linux-gnu-objdump
ac_cv_prog_RANLIB=mips64-octeon-linux-gnu-ranlib
ac_cv_prog_STRIP=mips64-octeon-linux-gnu-strip
ac_cv_prog_ac_ct_MANIFEST_TOOL=mt
ac_cv_prog_cc_c89=
ac_cv_prog_cc_g=yes
ac_cv_prog_cc_mips64_octeon_linux_gnu_gcc_c_o=yes
ac_cv_prog_make_make_set=yes
ac_cv_regexec_segfault_emptystr=no
ac_cv_sctp=no
ac_cv_sizeof___int64=8
ac_cv_sizeof_char=1
ac_cv_sizeof_int16_t=2
ac_cv_sizeof_int32_t=4
ac_cv_sizeof_int64_t=8
ac_cv_sizeof_int=4
ac_cv_sizeof_long=8
ac_cv_sizeof_long_int=8
ac_cv_sizeof_long_long=8
ac_cv_sizeof_off_t=8
ac_cv_sizeof_short=2
ac_cv_sizeof_short_int=2
ac_cv_sizeof_size_t=8
ac_cv_sizeof_ssize_t=8
ac_cv_sizeof_u_int16_t=2
ac_cv_sizeof_u_int32_t=4
ac_cv_sizeof_u_int64_t=8
ac_cv_sizeof_uint16_t=2
ac_cv_sizeof_uint32_t=4
ac_cv_sizeof_uint64_t=8
ac_cv_sizeof_unsigned_int=4
ac_cv_sizeof_unsigned_long=8
ac_cv_sizeof_unsigned_long_long=8
ac_cv_sizeof_unsigned_short=2
ac_cv_sizeof_void_p=8
ac_cv_sys_restartable_syscalls=yes
ac_cv_time_r_type=POSIX
ac_cv_type_suseconds_t=yes
ac_cv_uchar=no
ac_cv_uint64_t=yes
ac_cv_uint=yes
ac_cv_ulong=yes
ac_cv_ushort=yes
ac_cv_va_copy=C99
ac_cv_va_val_copy=yes
am_cv_CC_dependencies_compiler_type=gcc3
am_cv_make_support_nested_variables=yes
am_cv_prog_tar_pax=gnutar
as_cv_unaligned_access=yes
lt_cv_ar_at_file=@
lt_cv_archive_cmds_need_lc=no
lt_cv_deplibs_check_method=pass_all
lt_cv_file_magic_cmd='$MAGIC_CMD'
lt_cv_file_magic_test_file=
lt_cv_ld_reload_flag=-r
lt_cv_nm_interface='BSD nm'
lt_cv_objdir=.libs
lt_cv_path_LD=mips64-octeon-linux-gnu-ld
lt_cv_path_NM=mips64-octeon-linux-gnu-nm
lt_cv_path_mainfest_tool=no
lt_cv_prog_compiler_c_o=yes
lt_cv_prog_compiler_pic='-fPIC -DPIC'
lt_cv_prog_compiler_pic_works=yes
lt_cv_prog_compiler_rtti_exceptions=no
lt_cv_prog_compiler_static_works=yes
lt_cv_prog_gnu_ld=yes
lt_cv_sharedlib_from_linklib_cmd='printf %s\n'
lt_cv_shlibpath_overrides_runpath=no
lt_cv_sys_global_symbol_pipe='sed -n -e '\''s/^.*[	 ]\([ABCDGIRSTW][ABCDGIRSTW]*\)[	 ][	 ]*\([_A-Za-z][_A-Za-z0-9]*\)$/\1 \2 \2/p'\'' | sed '\''/ __gnu_lto/d'\'''
lt_cv_sys_global_symbol_to_c_name_address='sed -n -e '\''s/^: \([^ ]*\)[ ]*$/  {\"\1\", (void *) 0},/p'\'' -e '\''s/^[ABCDGIRSTW]* \([^ ]*\) \([^ ]*\)$/  {"\2", (void *) \&\2},/p'\'''
lt_cv_sys_global_symbol_to_c_name_address_lib_prefix='sed -n -e '\''s/^: \([^ ]*\)[ ]*$/  {\"\1\", (void *) 0},/p'\'' -e '\''s/^[ABCDGIRSTW]* \([^ ]*\) \(lib[^ ]*\)$/  {"\2", (void *) \&\2},/p'\'' -e '\''s/^[ABCDGIRSTW]* \([^ ]*\) \([^ ]*\)$/  {"lib\2", (void *) \&\2},/p'\'''
lt_cv_sys_global_symbol_to_cdecl='sed -n -e '\''s/^T .* \(.*\)$/extern int \1();/p'\'' -e '\''s/^[ABCDGIRSTW]* .* \(.*\)$/extern char \1;/p'\'''
lt_cv_sys_max_cmd_len=3458764513820540925
lt_cv_to_host_file_cmd=func_convert_file_noop
lt_cv_to_tool_file_cmd=func_convert_file_noop

## ----------------- ##
## Output variables. ##
## ----------------- ##

ACLOCAL='${SHELL} /home/ubuntu/tp-link/ER7206_trunk/build_dir/target-mips64-octeon-linux-gnu-osg_pro_un_v1/libmnl-1.0.3/build-aux/missing --run aclocal-1.11'
AMDEPBACKSLASH='\'
AMDEP_FALSE='#'
AMDEP_TRUE=''
AMTAR='$${TAR-tar}'
AM_BACKSLASH='\'
AM_DEFAULT_V='$(AM_DEFAULT_VERBOSITY)'
AM_DEFAULT_VERBOSITY='0'
AM_V='$(V)'
AR='mips64-octeon-linux-gnu-ar'
AUTOCONF='${SHELL} /home/ubuntu/tp-link/ER7206_trunk/build_dir/target-mips64-octeon-linux-gnu-osg_pro_un_v1/libmnl-1.0.3/build-aux/missing --run autoconf'
AUTOHEADER='${SHELL} /home/ubuntu/tp-link/ER7206_trunk/build_dir/target-mips64-octeon-linux-gnu-osg_pro_un_v1/libmnl-1.0.3/build-aux/missing --run autoheader'
AUTOMAKE='${SHELL} /home/ubuntu/tp-link/ER7206_trunk/build_dir/target-mips64-octeon-linux-gnu-osg_pro_un_v1/libmnl-1.0.3/build-aux/missing --run automake-1.11'
AWK='gawk'
CC='mips64-octeon-linux-gnu-gcc'
CCDEPMODE='depmode=gcc3'
CFLAGS='-Os -pipe -mno-branch-likely -march=octeon -mabi=64 -fno-caller-saves -Wl,--rpath=/home/ubuntu/tp-link/ER7206_trunk/staging_dir/target-mips64-octeon-linux-gnu-osg_pro_un_v1/usr/lib -msoft-float '
CPP='mips64-octeon-linux-gnu-gcc -E'
CPPFLAGS='-I/home/ubuntu/tp-link/ER7206_trunk/staging_dir/target-mips64-octeon-linux-gnu-osg_pro_un_v1/usr/include -I/home/ubuntu/tp-link/ER7206_trunk/staging_dir/target-mips64-octeon-linux-gnu-osg_pro_un_v1/include -I/home/ubuntu/tp-link/ER7206_trunk/staging_dir/toolchain-cavium-sdk-3.x/usr/include -I/home/ubuntu/tp-link/ER7206_trunk/staging_dir/toolchain-cavium-sdk-3.x/include '
CYGPATH_W='echo'
DEFS='-DHAVE_CONFIG_H'
DEPDIR='.deps'
DLLTOOL='false'
DSYMUTIL=''
DUMPBIN=''
ECHO_C=''
ECHO_N='-n'
ECHO_T=''
EGREP='/home/ubuntu/tp-link/ER7206_trunk/staging_dir/host/bin/grep -E'
EXEEXT=''
FGREP='/home/ubuntu/tp-link/ER7206_trunk/staging_dir/host/bin/grep -F'
GCC_FVISIBILITY_HIDDEN='-fvisibility=hidden'
GREP='/home/ubuntu/tp-link/ER7206_trunk/staging_dir/host/bin/grep'
INSTALL_DATA='${INSTALL} -m 644'
INSTALL_PROGRAM='${INSTALL}'
INSTALL_SCRIPT='${INSTALL}'
INSTALL_STRIP_PROGRAM='$(install_sh) -c -s'
LD='mips64-octeon-linux-gnu-ld'
LDFLAGS='-L/home/ubuntu/tp-link/ER7206_trunk/staging_dir/target-mips64-octeon-linux-gnu-osg_pro_un_v1/usr/lib -L/home/ubuntu/tp-link/ER7206_trunk/staging_dir/target-mips64-octeon-linux-gnu-osg_pro_un_v1/lib -L/home/ubuntu/tp-link/ER7206_trunk/staging_dir/toolchain-cavium-sdk-3.x/usr/lib -L/home/ubuntu/tp-link/ER7206_trunk/staging_dir/toolchain-cavium-sdk-3.x/lib '
LIBOBJS=''
LIBS=''
LIBTOOL='$(SHELL) $(top_builddir)/libtool'
LIPO=''
LN_S='ln -s'
LTLIBOBJS=''
MAKEINFO='${SHELL} /home/ubuntu/tp-link/ER7206_trunk/build_dir/target-mips64-octeon-linux-gnu-osg_pro_un_v1/libmnl-1.0.3/build-aux/missing --run makeinfo'
MANIFEST_TOOL=':'
MKDIR_P='/bin/mkdir -p'
NM='mips64-octeon-linux-gnu-nm'
NMEDIT=''
OBJDUMP='mips64-octeon-linux-gnu-objdump'
OBJEXT='o'
OTOOL64=''
OTOOL=''
PACKAGE='libmnl'
PACKAGE_BUGREPORT=''
PACKAGE_NAME='libmnl'
PACKAGE_STRING='libmnl 1.0.3'
PACKAGE_TARNAME='libmnl'
PACKAGE_URL=''
PACKAGE_VERSION='1.0.3'
PATH_SEPARATOR=':'
RANLIB='mips64-octeon-linux-gnu-ranlib'
SED='/home/ubuntu/tp-link/ER7206_trunk/staging_dir/host/bin/sed'
SET_MAKE=''
SHELL='/bin/sh'
STRIP='mips64-octeon-linux-gnu-strip'
VERSION='1.0.3'
ac_ct_AR=''
ac_ct_CC=''
ac_ct_DUMPBIN=''
am__EXEEXT_FALSE=''
am__EXEEXT_TRUE='#'
am__fastdepCC_FALSE='#'
am__fastdepCC_TRUE=''
am__include='include'
am__isrc=''
am__leading_dot='.'
am__nodep='_no'
am__quote=''
am__tar='tar --format=posix -chf - "$$tardir"'
am__untar='tar -xf -'
bindir='/usr/bin'
build='x86_64-pc-linux-gnu'
build_alias='x86_64-linux-gnu'
build_cpu='x86_64'
build_os='linux-gnu'
build_vendor='pc'
datadir='/usr/share'
datarootdir='${prefix}/share'
docdir='${datarootdir}/doc/${PACKAGE_TARNAME}'
dvidir='${docdir}'
exec_prefix='/usr'
host='mips64-octeon-linux-gnu'
host_alias='mips64-octeon-linux-gnu'
host_cpu='mips64'
host_os='linux-gnu'
host_vendor='octeon'
htmldir='${docdir}'
includedir='${prefix}/include'
infodir='/usr/info'
install_sh='${SHELL} /home/ubuntu/tp-link/ER7206_trunk/build_dir/target-mips64-octeon-linux-gnu-osg_pro_un_v1/libmnl-1.0.3/build-aux/install-sh'
libdir='${exec_prefix}/lib'
libexecdir='/usr/lib'
localedir='${datarootdir}/locale'
localstatedir='/var'
mandir='/usr/man'
mkdir_p='/bin/mkdir -p'
oldincludedir='/usr/include'
pdfdir='${docdir}'
prefix='/usr'
program_transform_name='s&$$&&;s&^&&'
psdir='${docdir}'
regular_CFLAGS='-Wall -Waggregate-return -Wmissing-declarations 	-Wmissing-prototypes -Wshadow -Wstrict-prototypes 	-Wformat=2 -pipe'
regular_CPPFLAGS='-D_FILE_OFFSET_BITS=64 -D_REENTRANT'
sbindir='/usr/sbin'
sharedstatedir='${prefix}/com'
sysconfdir='/etc'
target_alias='mips64-octeon-linux-gnu'

## ----------- ##
## confdefs.h. ##
## ----------- ##

/* confdefs.h */
#define PACKAGE_NAME "libmnl"
#define PACKAGE_TARNAME "libmnl"
#define PACKAGE_VERSION "1.0.3"
#define PACKAGE_STRING "libmnl 1.0.3"
#define PACKAGE_BUGREPORT ""
#define PACKAGE_URL ""
#define PACKAGE "libmnl"
#define VERSION "1.0.3"
#define STDC_HEADERS 1
#define HAVE_SYS_TYPES_H 1
#define HAVE_SYS_STAT_H 1
#define HAVE_STDLIB_H 1
#define HAVE_STRING_H 1
#define HAVE_MEMORY_H 1
#define HAVE_STRINGS_H 1
#define HAVE_INTTYPES_H 1
#define HAVE_STDINT_H 1
#define HAVE_UNISTD_H 1
#define HAVE_DLFCN_H 1
#define LT_OBJDIR ".libs/"
#define HAVE_VISIBILITY_HIDDEN 1

configure: exit 0
