This file contains any messages produced by compilers while
running configure, to aid debugging if configure makes a mistake.

It was created by dummy configure 1.0, which was
generated by GNU Autoconf 2.69.  Invocation command line was

  $ ./configure --target=arm-buildroot-linux-gnueabi --host=arm-buildroot-linux-gnueabi --build=i686-pc-linux-gnu --prefix=/usr --exec-prefix=/usr --sysconfdir=/etc --localstatedir=/var --program-prefix= --disable-gtk-doc --disable-gtk-doc-html --disable-doc --disable-docs --disable-documentation --with-xmlto=no --with-fop=no --disable-dependency-tracking --enable-ipv6 --enable-static --enable-shared

## --------- ##
## Platform. ##
## --------- ##

hostname = ubuntu
uname -m = i686
uname -r = 4.4.0-148-generic
uname -s = Linux
uname -v = #174~14.04.1-Ubuntu SMP Thu May 9 08:18:11 UTC 2019

/usr/bin/uname -p = unknown
/bin/uname -X     = unknown

/bin/arch              = unknown
/usr/bin/arch -k       = unknown
/usr/convex/getsysinfo = unknown
/usr/bin/hostinfo      = unknown
/bin/machine           = unknown
/usr/bin/oslevel       = unknown
/bin/universe          = unknown

PATH: /home/ubuntu/tp-link/TL-SX3016F_trunk/tplink/buildroot-marvell/build/tl-sx3016f/host/bin
PATH: /home/ubuntu/tp-link/TL-SX3016F_trunk/tplink/buildroot-marvell/build/tl-sx3016f/host/sbin
PATH: /home/ubuntu/tp-link/TL-SX3016F_trunk/tplink/buildroot-marvell/build/tl-sx3016f/host/usr/bin
PATH: /home/ubuntu/tp-link/TL-SX3016F_trunk/tplink/buildroot-marvell/build/tl-sx3016f/host/usr/sbin
PATH: /usr/local/sbin
PATH: /usr/local/bin
PATH: /usr/sbin
PATH: /usr/bin
PATH: /sbin
PATH: /bin
PATH: /usr/games
PATH: /usr/local/games


## ----------- ##
## Core tests. ##
## ----------- ##

configure:1835: checking for a BSD-compatible install
configure:1903: result: /usr/bin/install -c
configure:1914: checking whether build environment is sane
configure:1969: result: yes
configure:2028: checking for arm-buildroot-linux-gnueabi-strip
configure:2055: result: /home/ubuntu/tp-link/TL-SX3016F_trunk/tplink/buildroot-marvell/build/tl-sx3016f/host/usr/bin/arm-marvell-linux-gnueabi-strip
configure:2120: checking for a thread-safe mkdir -p
configure:2159: result: /bin/mkdir -p
configure:2166: checking for gawk
configure:2182: found /usr/bin/gawk
configure:2193: result: gawk
configure:2204: checking whether make sets $(MAKE)
configure:2226: result: yes
configure:2255: checking whether make supports nested variables
configure:2272: result: yes
configure:2408: checking for arm-buildroot-linux-gnueabi-gcc
configure:2435: result: /home/ubuntu/tp-link/TL-SX3016F_trunk/tplink/buildroot-marvell/build/tl-sx3016f/host/usr/bin/arm-marvell-linux-gnueabi-gcc
configure:2704: checking for C compiler version
configure:2713: /home/ubuntu/tp-link/TL-SX3016F_trunk/tplink/buildroot-marvell/build/tl-sx3016f/host/usr/bin/arm-marvell-linux-gnueabi-gcc --version >&5
arm-marvell-linux-gnueabi-gcc (Marvell GCC release 20160226-c4af733b 64K MAXPAGESIZE ALIGN) 4.6.4
Copyright (C) 2011 Free Software Foundation, Inc.
This is free software; see the source for copying conditions.  There is NO
warranty; not even for MERCHANTABILITY or FITNESS FOR A PARTICULAR PURPOSE.

configure:2724: $? = 0
configure:2713: /home/ubuntu/tp-link/TL-SX3016F_trunk/tplink/buildroot-marvell/build/tl-sx3016f/host/usr/bin/arm-marvell-linux-gnueabi-gcc -v >&5
Using built-in specs.
COLLECT_GCC=/home/ubuntu/tp-link/TL-SX3016F_trunk/tplink/buildroot-marvell/host/usr/bin/arm-marvell-linux-gnueabi-gcc
COLLECT_LTO_WRAPPER=/home/ubuntu/tp-link/TL-SX3016F_trunk/tplink/buildroot-marvell/host/usr/bin/../libexec/gcc/arm-marvell-linux-gnueabi/4.6.4/lto-wrapper
Target: arm-marvell-linux-gnueabi
Configured with: /home/gccbuilder-i386/work/mgcc4.6/src/gcc-src/configure --host=i686-linux-gnu --build=i686-linux-gnu --target=arm-marvell-linux-gnueabi --prefix=/home/gccbuilder-i386/work/mgcc4.6/Release_64K/install/armv7-marvell-linux-gnueabi-softfp-4.6.4_64K_i686 --with-gnu-as --with-gnu-ld --enable-symvers=gnu --enable-__cxa_atexit --with-pkgversion='Marvell GCC release 20160226-c4af733b 64K MAXPAGESIZE ALIGN' --with-bugurl=mailto:mrvlgccbug@gmail.com --disable-nls --disable-libmudflap --disable-libstdcxx-pch --disable-libssp --enable-shared --enable-threads --enable-languages=c,c++ --with-sysroot=/home/gccbuilder-i386/work/mgcc4.6/Release_64K/install/armv7-marvell-linux-gnueabi-softfp-4.6.4_64K_i686/arm-marvell-linux-gnueabi/libc --with-build-sysroot=/home/gccbuilder-i386/work/mgcc4.6/Release_64K/install/armv7-marvell-linux-gnueabi-softfp-4.6.4_64K_i686/arm-marvell-linux-gnueabi/libc --with-gmp=/home/gccbuilder-i386/work/mgcc4.6/host_libs_marvell/i686/install --with-mpfr=/home/gccbuilder-i386/work/mgcc4.6/host_libs_marvell/i686/install --with-ppl=/home/gccbuilder-i386/work/mgcc4.6/host_libs_marvell/i686/install --with-host-libstdcxx='-static-libgcc -Wl,-Bstatic,-lstdc++,-Bdynamic -lm' --with-cloog=/home/gccbuilder-i386/work/mgcc4.6/host_libs_marvell/i686/install --enable-cloog-backend=isl --with-mpc=/home/gccbuilder-i386/work/mgcc4.6/host_libs_marvell/i686/install --enable-poison-system-directories --enable-lto --enable-libgomp --with-build-time-tools=/home/gccbuilder-i386/work/mgcc4.6/Release_64K/install/armv7-marvell-linux-gnueabi-softfp-4.6.4_64K_i686/arm-marvell-linux-gnueabi/bin --enable-multiarch --enable-linker-build-id --with-specs='%{funwind-tables|fno-unwind-tables|mabi=*|ffreestanding|nostdlib:;:-funwind-tables}' --with-cpu=marvell-pj4 --with-float=softfp --with-fpu=vfpv3-d16 --enable-mvl-thumb2-multilibs
Thread model: posix
gcc version 4.6.4 (Marvell GCC release 20160226-c4af733b 64K MAXPAGESIZE ALIGN) 
configure:2724: $? = 0
configure:2713: /home/ubuntu/tp-link/TL-SX3016F_trunk/tplink/buildroot-marvell/build/tl-sx3016f/host/usr/bin/arm-marvell-linux-gnueabi-gcc -V >&5
arm-marvell-linux-gnueabi-gcc: fatal error: no input files
compilation terminated.
configure:2724: $? = 1
configure:2713: /home/ubuntu/tp-link/TL-SX3016F_trunk/tplink/buildroot-marvell/build/tl-sx3016f/host/usr/bin/arm-marvell-linux-gnueabi-gcc -qversion >&5
arm-marvell-linux-gnueabi-gcc: fatal error: no input files
compilation terminated.
configure:2724: $? = 1
configure:2744: checking whether the C compiler works
configure:2766: /home/ubuntu/tp-link/TL-SX3016F_trunk/tplink/buildroot-marvell/build/tl-sx3016f/host/usr/bin/arm-marvell-linux-gnueabi-gcc -D_LARGEFILE_SOURCE -D_LARGEFILE64_SOURCE -D_FILE_OFFSET_BITS=64  -Os  -D_LARGEFILE_SOURCE -D_LARGEFILE64_SOURCE -D_FILE_OFFSET_BITS=64  conftest.c  >&5
configure:2770: $? = 0
configure:2818: result: yes
configure:2821: checking for C compiler default output file name
configure:2823: result: a.out
configure:2829: checking for suffix of executables
configure:2836: /home/ubuntu/tp-link/TL-SX3016F_trunk/tplink/buildroot-marvell/build/tl-sx3016f/host/usr/bin/arm-marvell-linux-gnueabi-gcc -o conftest -D_LARGEFILE_SOURCE -D_LARGEFILE64_SOURCE -D_FILE_OFFSET_BITS=64  -Os  -D_LARGEFILE_SOURCE -D_LARGEFILE64_SOURCE -D_FILE_OFFSET_BITS=64  conftest.c  >&5
configure:2840: $? = 0
configure:2862: result: 
configure:2884: checking whether we are cross compiling
configure:2922: result: yes
configure:2927: checking for suffix of object files
configure:2949: /home/ubuntu/tp-link/TL-SX3016F_trunk/tplink/buildroot-marvell/build/tl-sx3016f/host/usr/bin/arm-marvell-linux-gnueabi-gcc -c -D_LARGEFILE_SOURCE -D_LARGEFILE64_SOURCE -D_FILE_OFFSET_BITS=64  -Os  -D_LARGEFILE_SOURCE -D_LARGEFILE64_SOURCE -D_FILE_OFFSET_BITS=64 conftest.c >&5
configure:2953: $? = 0
configure:2974: result: o
configure:2978: checking whether we are using the GNU C compiler
configure:2997: /home/ubuntu/tp-link/TL-SX3016F_trunk/tplink/buildroot-marvell/build/tl-sx3016f/host/usr/bin/arm-marvell-linux-gnueabi-gcc -c -D_LARGEFILE_SOURCE -D_LARGEFILE64_SOURCE -D_FILE_OFFSET_BITS=64  -Os  -D_LARGEFILE_SOURCE -D_LARGEFILE64_SOURCE -D_FILE_OFFSET_BITS=64 conftest.c >&5
configure:2997: $? = 0
configure:3006: result: yes
configure:3015: checking whether /home/ubuntu/tp-link/TL-SX3016F_trunk/tplink/buildroot-marvell/build/tl-sx3016f/host/usr/bin/arm-marvell-linux-gnueabi-gcc accepts -g
configure:3035: /home/ubuntu/tp-link/TL-SX3016F_trunk/tplink/buildroot-marvell/build/tl-sx3016f/host/usr/bin/arm-marvell-linux-gnueabi-gcc -c -g -D_LARGEFILE_SOURCE -D_LARGEFILE64_SOURCE -D_FILE_OFFSET_BITS=64 conftest.c >&5
configure:3035: $? = 0
configure:3076: result: yes
configure:3093: checking for /home/ubuntu/tp-link/TL-SX3016F_trunk/tplink/buildroot-marvell/build/tl-sx3016f/host/usr/bin/arm-marvell-linux-gnueabi-gcc option to accept ISO C89
configure:3156: /home/ubuntu/tp-link/TL-SX3016F_trunk/tplink/buildroot-marvell/build/tl-sx3016f/host/usr/bin/arm-marvell-linux-gnueabi-gcc  -c -D_LARGEFILE_SOURCE -D_LARGEFILE64_SOURCE -D_FILE_OFFSET_BITS=64  -Os  -D_LARGEFILE_SOURCE -D_LARGEFILE64_SOURCE -D_FILE_OFFSET_BITS=64 conftest.c >&5
configure:3156: $? = 0
configure:3169: result: none needed
configure:3194: checking whether /home/ubuntu/tp-link/TL-SX3016F_trunk/tplink/buildroot-marvell/build/tl-sx3016f/host/usr/bin/arm-marvell-linux-gnueabi-gcc understands -c and -o together
configure:3216: /home/ubuntu/tp-link/TL-SX3016F_trunk/tplink/buildroot-marvell/build/tl-sx3016f/host/usr/bin/arm-marvell-linux-gnueabi-gcc -c conftest.c -o conftest2.o
configure:3219: $? = 0
configure:3216: /home/ubuntu/tp-link/TL-SX3016F_trunk/tplink/buildroot-marvell/build/tl-sx3016f/host/usr/bin/arm-marvell-linux-gnueabi-gcc -c conftest.c -o conftest2.o
configure:3219: $? = 0
configure:3231: result: yes
configure:3259: checking for style of include used by make
configure:3287: result: GNU
configure:3313: checking dependency style of /home/ubuntu/tp-link/TL-SX3016F_trunk/tplink/buildroot-marvell/build/tl-sx3016f/host/usr/bin/arm-marvell-linux-gnueabi-gcc
configure:3424: result: none
configure:3559: checking that generated files are newer than configure
configure:3565: result: done
configure:3588: creating ./config.status

## ---------------------- ##
## Running config.status. ##
## ---------------------- ##

This file was extended by dummy config.status 1.0, which was
generated by GNU Autoconf 2.69.  Invocation command line was

  CONFIG_FILES    = 
  CONFIG_HEADERS  = 
  CONFIG_LINKS    = 
  CONFIG_COMMANDS = 
  $ ./config.status 

on ubuntu

config.status:839: creating Makefile
config.status:839: creating config.h
config.status:1068: executing depfiles commands
configure:4900: WARNING: unrecognized options: --disable-gtk-doc, --disable-gtk-doc-html, --disable-doc, --disable-docs, --disable-documentation, --with-xmlto, --with-fop, --enable-ipv6, --enable-static, --enable-shared

## ---------------- ##
## Cache variables. ##
## ---------------- ##

ac_cv_c_bigendian=no
ac_cv_c_compiler_gnu=yes
ac_cv_env_CC_set=set
ac_cv_env_CC_value=/home/ubuntu/tp-link/TL-SX3016F_trunk/tplink/buildroot-marvell/build/tl-sx3016f/host/usr/bin/arm-marvell-linux-gnueabi-gcc
ac_cv_env_CFLAGS_set=set
ac_cv_env_CFLAGS_value='-D_LARGEFILE_SOURCE -D_LARGEFILE64_SOURCE -D_FILE_OFFSET_BITS=64  -Os '
ac_cv_env_CPPFLAGS_set=set
ac_cv_env_CPPFLAGS_value='-D_LARGEFILE_SOURCE -D_LARGEFILE64_SOURCE -D_FILE_OFFSET_BITS=64'
ac_cv_env_LDFLAGS_set=set
ac_cv_env_LDFLAGS_value=
ac_cv_env_LIBS_set=
ac_cv_env_LIBS_value=
ac_cv_env_build_alias_set=set
ac_cv_env_build_alias_value=i686-pc-linux-gnu
ac_cv_env_host_alias_set=set
ac_cv_env_host_alias_value=arm-buildroot-linux-gnueabi
ac_cv_env_target_alias_set=set
ac_cv_env_target_alias_value=arm-buildroot-linux-gnueabi
ac_cv_func_calloc_0_nonnull=yes
ac_cv_func_malloc_0_nonnull=yes
ac_cv_func_memcmp_working=yes
ac_cv_func_mmap_fixed_mapped=yes
ac_cv_func_realloc_0_nonnull=yes
ac_cv_have_decl_malloc=yes
ac_cv_lbl_unaligned_fail=yes
ac_cv_objext=o
ac_cv_path_install='/usr/bin/install -c'
ac_cv_path_mkdir=/bin/mkdir
ac_cv_prog_AWK=gawk
ac_cv_prog_CC=/home/ubuntu/tp-link/TL-SX3016F_trunk/tplink/buildroot-marvell/build/tl-sx3016f/host/usr/bin/arm-marvell-linux-gnueabi-gcc
ac_cv_prog_STRIP=/home/ubuntu/tp-link/TL-SX3016F_trunk/tplink/buildroot-marvell/build/tl-sx3016f/host/usr/bin/arm-marvell-linux-gnueabi-strip
ac_cv_prog_cc_c89=
ac_cv_prog_cc_g=yes
ac_cv_prog_make_make_set=yes
am_cv_CC_dependencies_compiler_type=none
am_cv_make_support_nested_variables=yes
am_cv_prog_cc_c_o=yes
gl_cv_func_malloc_0_nonnull=yes
lt_cv_sys_lib_search_path_spec=

## ----------------- ##
## Output variables. ##
## ----------------- ##

ACLOCAL='${SHELL} /home/ubuntu/tp-link/TL-SX3016F_trunk/tplink/buildroot-marvell/build/tl-sx3016f/build/tplink/sdk-1.0/missing aclocal-1.15'
AMDEPBACKSLASH=''
AMDEP_FALSE=''
AMDEP_TRUE='#'
AMTAR='$${TAR-tar}'
AM_BACKSLASH='\'
AM_DEFAULT_V='$(AM_DEFAULT_VERBOSITY)'
AM_DEFAULT_VERBOSITY='1'
AM_V='$(V)'
AUTOCONF='${SHELL} /home/ubuntu/tp-link/TL-SX3016F_trunk/tplink/buildroot-marvell/build/tl-sx3016f/build/tplink/sdk-1.0/missing autoconf'
AUTOHEADER='${SHELL} /home/ubuntu/tp-link/TL-SX3016F_trunk/tplink/buildroot-marvell/build/tl-sx3016f/build/tplink/sdk-1.0/missing autoheader'
AUTOMAKE='${SHELL} /home/ubuntu/tp-link/TL-SX3016F_trunk/tplink/buildroot-marvell/build/tl-sx3016f/build/tplink/sdk-1.0/missing automake-1.15'
AWK='gawk'
CC='/home/ubuntu/tp-link/TL-SX3016F_trunk/tplink/buildroot-marvell/build/tl-sx3016f/host/usr/bin/arm-marvell-linux-gnueabi-gcc'
CCDEPMODE='depmode=none'
CFLAGS='-D_LARGEFILE_SOURCE -D_LARGEFILE64_SOURCE -D_FILE_OFFSET_BITS=64  -Os '
CPPFLAGS='-D_LARGEFILE_SOURCE -D_LARGEFILE64_SOURCE -D_FILE_OFFSET_BITS=64'
CYGPATH_W='echo'
DEFS='-DHAVE_CONFIG_H'
DEPDIR='.deps'
ECHO_C=''
ECHO_N='-n'
ECHO_T=''
EXEEXT=''
INSTALL_DATA='${INSTALL} -m 644'
INSTALL_PROGRAM='${INSTALL}'
INSTALL_SCRIPT='${INSTALL}'
INSTALL_STRIP_PROGRAM='$(install_sh) -c -s'
LDFLAGS=''
LIBOBJS=''
LIBS=''
LTLIBOBJS=''
MAKEINFO='${SHELL} /home/ubuntu/tp-link/TL-SX3016F_trunk/tplink/buildroot-marvell/build/tl-sx3016f/build/tplink/sdk-1.0/missing makeinfo'
MKDIR_P='/bin/mkdir -p'
OBJEXT='o'
PACKAGE='dummy'
PACKAGE_BUGREPORT='test@tp-link.net'
PACKAGE_NAME='dummy'
PACKAGE_STRING='dummy 1.0'
PACKAGE_TARNAME='dummy'
PACKAGE_URL=''
PACKAGE_VERSION='1.0'
PATH_SEPARATOR=':'
SET_MAKE=''
SHELL='/bin/sh'
STRIP='/home/ubuntu/tp-link/TL-SX3016F_trunk/tplink/buildroot-marvell/build/tl-sx3016f/host/usr/bin/arm-marvell-linux-gnueabi-strip'
VERSION='1.0'
ac_ct_CC=''
am__EXEEXT_FALSE=''
am__EXEEXT_TRUE='#'
am__fastdepCC_FALSE=''
am__fastdepCC_TRUE='#'
am__include='include'
am__isrc=''
am__leading_dot='.'
am__nodep=''
am__quote=''
am__tar='$${TAR-tar} chof - "$$tardir"'
am__untar='$${TAR-tar} xf -'
bindir='${exec_prefix}/bin'
build_alias='i686-pc-linux-gnu'
datadir='${datarootdir}'
datarootdir='${prefix}/share'
docdir='${datarootdir}/doc/${PACKAGE_TARNAME}'
dvidir='${docdir}'
exec_prefix='/usr'
host_alias='arm-buildroot-linux-gnueabi'
htmldir='${docdir}'
includedir='${prefix}/include'
infodir='${datarootdir}/info'
install_sh='${SHELL} /home/ubuntu/tp-link/TL-SX3016F_trunk/tplink/buildroot-marvell/build/tl-sx3016f/build/tplink/sdk-1.0/install-sh'
libdir='${exec_prefix}/lib'
libexecdir='${exec_prefix}/libexec'
localedir='${datarootdir}/locale'
localstatedir='/var'
mandir='${datarootdir}/man'
mkdir_p='$(MKDIR_P)'
oldincludedir='/usr/include'
pdfdir='${docdir}'
prefix='/usr'
program_transform_name='s&^&&'
psdir='${docdir}'
sbindir='${exec_prefix}/sbin'
sharedstatedir='${prefix}/com'
sysconfdir='/etc'
target_alias='arm-buildroot-linux-gnueabi'

## ----------- ##
## confdefs.h. ##
## ----------- ##

/* confdefs.h */
#define PACKAGE_NAME "dummy"
#define PACKAGE_TARNAME "dummy"
#define PACKAGE_VERSION "1.0"
#define PACKAGE_STRING "dummy 1.0"
#define PACKAGE_BUGREPORT "test@tp-link.net"
#define PACKAGE_URL ""
#define PACKAGE "dummy"
#define VERSION "1.0"

configure: exit 0
