The target system is: Linux - 1 - mips64
The host system is: Linux - 4.4.0-148-generic - x86_64
Compiling the C compiler identification source file "CMakeCCompilerId.c" succeeded.
Compiler: /home/ubuntu/tp-link/ER7206_trunk/staging_dir/toolchain-cavium-sdk-3.x/bin/mips64-octeon-linux-gnu-gcc 
Build flags: -Os;-pipe;-mno-branch-likely;-march=octeon;-mabi=64;-fno-caller-saves;-Wl,--rpath=/home/ubuntu/tp-link/ER7206_trunk/staging_dir/target-mips64-octeon-linux-gnu-osg_pro_un_v1/usr/lib;-msoft-float;
Id flags: 

The output was:
0


Compilation of the C compiler identification source "CMakeCCompilerId.c" produced "a.out"

The C compiler identification is GNU, found in "/home/ubuntu/tp-link/ER7206_trunk/build_dir/target-mips64-octeon-linux-gnu-osg_pro_un_v1/logger-1.0/CMakeFiles/2.8.12.2/CompilerIdC/a.out"

Determining if the C compiler works passed with the following output:
Change Dir: /home/ubuntu/tp-link/ER7206_trunk/build_dir/target-mips64-octeon-linux-gnu-osg_pro_un_v1/logger-1.0/CMakeFiles/CMakeTmp

Run Build Command:/usr/bin/make "cmTryCompileExec3261030703/fast"
make[4]: Entering directory `/home/ubuntu/tp-link/ER7206_trunk/build_dir/target-mips64-octeon-linux-gnu-osg_pro_un_v1/logger-1.0/CMakeFiles/CMakeTmp'
/usr/bin/make -f CMakeFiles/cmTryCompileExec3261030703.dir/build.make CMakeFiles/cmTryCompileExec3261030703.dir/build
make[5]: Entering directory `/home/ubuntu/tp-link/ER7206_trunk/build_dir/target-mips64-octeon-linux-gnu-osg_pro_un_v1/logger-1.0/CMakeFiles/CMakeTmp'
/home/ubuntu/tp-link/ER7206_trunk/staging_dir/host/bin/cmake -E cmake_progress_report /home/ubuntu/tp-link/ER7206_trunk/build_dir/target-mips64-octeon-linux-gnu-osg_pro_un_v1/logger-1.0/CMakeFiles/CMakeTmp/CMakeFiles 1
Building C object CMakeFiles/cmTryCompileExec3261030703.dir/testCCompiler.c.o
/home/ubuntu/tp-link/ER7206_trunk/staging_dir/toolchain-cavium-sdk-3.x/bin/mips64-octeon-linux-gnu-gcc   -Os -pipe -mno-branch-likely -march=octeon -mabi=64 -fno-caller-saves -Wl,--rpath=/home/ubuntu/tp-link/ER7206_trunk/staging_dir/target-mips64-octeon-linux-gnu-osg_pro_un_v1/usr/lib -msoft-float      -o CMakeFiles/cmTryCompileExec3261030703.dir/testCCompiler.c.o   -c /home/ubuntu/tp-link/ER7206_trunk/build_dir/target-mips64-octeon-linux-gnu-osg_pro_un_v1/logger-1.0/CMakeFiles/CMakeTmp/testCCompiler.c
Linking C executable cmTryCompileExec3261030703
/home/ubuntu/tp-link/ER7206_trunk/staging_dir/host/bin/cmake -E cmake_link_script CMakeFiles/cmTryCompileExec3261030703.dir/link.txt --verbose=1
/home/ubuntu/tp-link/ER7206_trunk/staging_dir/toolchain-cavium-sdk-3.x/bin/mips64-octeon-linux-gnu-gcc  -Os -pipe -mno-branch-likely -march=octeon -mabi=64 -fno-caller-saves -Wl,--rpath=/home/ubuntu/tp-link/ER7206_trunk/staging_dir/target-mips64-octeon-linux-gnu-osg_pro_un_v1/usr/lib -msoft-float      -L/home/ubuntu/tp-link/ER7206_trunk/staging_dir/target-mips64-octeon-linux-gnu-osg_pro_un_v1/usr/lib -L/home/ubuntu/tp-link/ER7206_trunk/staging_dir/target-mips64-octeon-linux-gnu-osg_pro_un_v1/lib -L/home/ubuntu/tp-link/ER7206_trunk/staging_dir/toolchain-cavium-sdk-3.x/usr/lib -L/home/ubuntu/tp-link/ER7206_trunk/staging_dir/toolchain-cavium-sdk-3.x/lib  CMakeFiles/cmTryCompileExec3261030703.dir/testCCompiler.c.o  -o cmTryCompileExec3261030703 -rdynamic 
make[5]: Leaving directory `/home/ubuntu/tp-link/ER7206_trunk/build_dir/target-mips64-octeon-linux-gnu-osg_pro_un_v1/logger-1.0/CMakeFiles/CMakeTmp'
make[4]: Leaving directory `/home/ubuntu/tp-link/ER7206_trunk/build_dir/target-mips64-octeon-linux-gnu-osg_pro_un_v1/logger-1.0/CMakeFiles/CMakeTmp'


Detecting C compiler ABI info compiled with the following output:
Change Dir: /home/ubuntu/tp-link/ER7206_trunk/build_dir/target-mips64-octeon-linux-gnu-osg_pro_un_v1/logger-1.0/CMakeFiles/CMakeTmp

Run Build Command:/usr/bin/make "cmTryCompileExec3254620450/fast"
make[4]: Entering directory `/home/ubuntu/tp-link/ER7206_trunk/build_dir/target-mips64-octeon-linux-gnu-osg_pro_un_v1/logger-1.0/CMakeFiles/CMakeTmp'
/usr/bin/make -f CMakeFiles/cmTryCompileExec3254620450.dir/build.make CMakeFiles/cmTryCompileExec3254620450.dir/build
make[5]: Entering directory `/home/ubuntu/tp-link/ER7206_trunk/build_dir/target-mips64-octeon-linux-gnu-osg_pro_un_v1/logger-1.0/CMakeFiles/CMakeTmp'
/home/ubuntu/tp-link/ER7206_trunk/staging_dir/host/bin/cmake -E cmake_progress_report /home/ubuntu/tp-link/ER7206_trunk/build_dir/target-mips64-octeon-linux-gnu-osg_pro_un_v1/logger-1.0/CMakeFiles/CMakeTmp/CMakeFiles 1
Building C object CMakeFiles/cmTryCompileExec3254620450.dir/CMakeCCompilerABI.c.o
/home/ubuntu/tp-link/ER7206_trunk/staging_dir/toolchain-cavium-sdk-3.x/bin/mips64-octeon-linux-gnu-gcc   -Os -pipe -mno-branch-likely -march=octeon -mabi=64 -fno-caller-saves -Wl,--rpath=/home/ubuntu/tp-link/ER7206_trunk/staging_dir/target-mips64-octeon-linux-gnu-osg_pro_un_v1/usr/lib -msoft-float      -o CMakeFiles/cmTryCompileExec3254620450.dir/CMakeCCompilerABI.c.o   -c /home/ubuntu/tp-link/ER7206_trunk/staging_dir/host/share/cmake-2.8/Modules/CMakeCCompilerABI.c
Linking C executable cmTryCompileExec3254620450
/home/ubuntu/tp-link/ER7206_trunk/staging_dir/host/bin/cmake -E cmake_link_script CMakeFiles/cmTryCompileExec3254620450.dir/link.txt --verbose=1
/home/ubuntu/tp-link/ER7206_trunk/staging_dir/toolchain-cavium-sdk-3.x/bin/mips64-octeon-linux-gnu-gcc  -Os -pipe -mno-branch-likely -march=octeon -mabi=64 -fno-caller-saves -Wl,--rpath=/home/ubuntu/tp-link/ER7206_trunk/staging_dir/target-mips64-octeon-linux-gnu-osg_pro_un_v1/usr/lib -msoft-float     -v CMakeFiles/cmTryCompileExec3254620450.dir/CMakeCCompilerABI.c.o  -o cmTryCompileExec3254620450 -rdynamic  
Using built-in specs.
COLLECT_GCC=/home/ubuntu/tp-link/ER7206_trunk/staging_dir/toolchain-cavium-sdk-3.x/bin/mips64-octeon-linux-gnu-gcc
COLLECT_LTO_WRAPPER=/home/ubuntu/tp-link/ER7206_trunk/staging_dir/toolchain-cavium-sdk-3.x/bin/../libexec/gcc/mips64-octeon-linux-gnu/4.7.0/lto-wrapper
Target: mips64-octeon-linux-gnu
Configured with: /usr/local/Cavium_Networks/octsw/toolchain/scripts/../src/configure --disable-fixed-point --without-ppl --without-python --disable-werror --with-lto-plugin-source=/usr/local/Cavium_Networks/octsw/toolchain/scripts/../gits/gcc/lto-plugin --enable-plugins --with-sysroot --with-local-prefix=/usr/local/Cavium_Networks/octsw/toolchain/scripts/../tools/mips64-octeon-linux-gnu/sys-root --disable-sim --enable-symvers=gnu --enable-__cxa_atexit --enable-symvers=gnu --enable-__cxa_atexit --with-mips-plt --disable-sim --target=mips64-octeon-linux-gnu --enable-languages=c,c++ --prefix=/usr/local/Cavium_Networks/octsw/toolchain/scripts/../tools --with-pkgversion='Cavium Inc. Version: SDK_3_1_0_p2 build 34' --with-bugurl=http://www.cavium.com/support.html --with-libexpat-prefix=/usr/local/Cavium_Networks/octsw/toolchain/scripts/../libs
Thread model: posix
gcc version 4.7.0 (Cavium Inc. Version: SDK_3_1_0_p2 build 34) 
COMPILER_PATH=/home/ubuntu/tp-link/ER7206_trunk/staging_dir/toolchain-cavium-sdk-3.x/bin/../libexec/gcc/mips64-octeon-linux-gnu/4.7.0/:/home/ubuntu/tp-link/ER7206_trunk/staging_dir/toolchain-cavium-sdk-3.x/bin/../libexec/gcc/:/home/ubuntu/tp-link/ER7206_trunk/staging_dir/toolchain-cavium-sdk-3.x/bin/../lib/gcc/mips64-octeon-linux-gnu/4.7.0/../../../../mips64-octeon-linux-gnu/bin/
LIBRARY_PATH=/home/ubuntu/tp-link/ER7206_trunk/staging_dir/toolchain-cavium-sdk-3.x/bin/../lib/gcc/mips64-octeon-linux-gnu/4.7.0/:/home/ubuntu/tp-link/ER7206_trunk/staging_dir/toolchain-cavium-sdk-3.x/bin/../lib/gcc/:/home/ubuntu/tp-link/ER7206_trunk/staging_dir/toolchain-cavium-sdk-3.x/bin/../mips64-octeon-linux-gnu/sys-root/lib/../lib64/:/home/ubuntu/tp-link/ER7206_trunk/staging_dir/toolchain-cavium-sdk-3.x/bin/../mips64-octeon-linux-gnu/sys-root/usr/lib/../lib64/:/home/ubuntu/tp-link/ER7206_trunk/staging_dir/toolchain-cavium-sdk-3.x/bin/../lib/gcc/mips64-octeon-linux-gnu/4.7.0/../../../../mips64-octeon-linux-gnu/lib/:/home/ubuntu/tp-link/ER7206_trunk/staging_dir/toolchain-cavium-sdk-3.x/bin/../mips64-octeon-linux-gnu/sys-root/lib/:/home/ubuntu/tp-link/ER7206_trunk/staging_dir/toolchain-cavium-sdk-3.x/bin/../mips64-octeon-linux-gnu/sys-root/usr/lib/
COLLECT_GCC_OPTIONS='-Os' '-pipe' '-mno-branch-likely' '-march=octeon' '-mabi=64' '-fno-caller-saves' '-msoft-float' '-v' '-o' 'cmTryCompileExec3254620450' '-rdynamic' '-mllsc'  '-mno-synci' '-mno-shared' '-EB'
 /home/ubuntu/tp-link/ER7206_trunk/staging_dir/toolchain-cavium-sdk-3.x/bin/../libexec/gcc/mips64-octeon-linux-gnu/4.7.0/collect2 --sysroot=/home/ubuntu/tp-link/ER7206_trunk/staging_dir/toolchain-cavium-sdk-3.x/bin/../mips64-octeon-linux-gnu/sys-root --eh-frame-hdr -EB -EB -export-dynamic -dynamic-linker /lib64/ld.so.1 -melf64btsmip -o cmTryCompileExec3254620450 /home/ubuntu/tp-link/ER7206_trunk/staging_dir/toolchain-cavium-sdk-3.x/bin/../mips64-octeon-linux-gnu/sys-root/usr/lib/../lib64/crt1.o /home/ubuntu/tp-link/ER7206_trunk/staging_dir/toolchain-cavium-sdk-3.x/bin/../mips64-octeon-linux-gnu/sys-root/usr/lib/../lib64/crti.o /home/ubuntu/tp-link/ER7206_trunk/staging_dir/toolchain-cavium-sdk-3.x/bin/../lib/gcc/mips64-octeon-linux-gnu/4.7.0/crtbegin.o -L/home/ubuntu/tp-link/ER7206_trunk/staging_dir/toolchain-cavium-sdk-3.x/bin/../lib/gcc/mips64-octeon-linux-gnu/4.7.0 -L/home/ubuntu/tp-link/ER7206_trunk/staging_dir/toolchain-cavium-sdk-3.x/bin/../lib/gcc -L/home/ubuntu/tp-link/ER7206_trunk/staging_dir/toolchain-cavium-sdk-3.x/bin/../mips64-octeon-linux-gnu/sys-root/lib/../lib64 -L/home/ubuntu/tp-link/ER7206_trunk/staging_dir/toolchain-cavium-sdk-3.x/bin/../mips64-octeon-linux-gnu/sys-root/usr/lib/../lib64 -L/home/ubuntu/tp-link/ER7206_trunk/staging_dir/toolchain-cavium-sdk-3.x/bin/../lib/gcc/mips64-octeon-linux-gnu/4.7.0/../../../../mips64-octeon-linux-gnu/lib -L/home/ubuntu/tp-link/ER7206_trunk/staging_dir/toolchain-cavium-sdk-3.x/bin/../mips64-octeon-linux-gnu/sys-root/lib -L/home/ubuntu/tp-link/ER7206_trunk/staging_dir/toolchain-cavium-sdk-3.x/bin/../mips64-octeon-linux-gnu/sys-root/usr/lib --rpath=/home/ubuntu/tp-link/ER7206_trunk/staging_dir/target-mips64-octeon-linux-gnu-osg_pro_un_v1/usr/lib CMakeFiles/cmTryCompileExec3254620450.dir/CMakeCCompilerABI.c.o -lgcc --as-needed -lgcc_s --no-as-needed -lc -lgcc --as-needed -lgcc_s --no-as-needed /home/ubuntu/tp-link/ER7206_trunk/staging_dir/toolchain-cavium-sdk-3.x/bin/../lib/gcc/mips64-octeon-linux-gnu/4.7.0/crtend.o /home/ubuntu/tp-link/ER7206_trunk/staging_dir/toolchain-cavium-sdk-3.x/bin/../mips64-octeon-linux-gnu/sys-root/usr/lib/../lib64/crtn.o
make[5]: Leaving directory `/home/ubuntu/tp-link/ER7206_trunk/build_dir/target-mips64-octeon-linux-gnu-osg_pro_un_v1/logger-1.0/CMakeFiles/CMakeTmp'
make[4]: Leaving directory `/home/ubuntu/tp-link/ER7206_trunk/build_dir/target-mips64-octeon-linux-gnu-osg_pro_un_v1/logger-1.0/CMakeFiles/CMakeTmp'


Parsed C implicit link information from above output:
  link line regex: [^( *|.*[/\])(mips64-octeon-linux-gnu-ld|([^/\]+-)?ld|collect2)[^/\]*( |$)]
  ignore line: [Change Dir: /home/ubuntu/tp-link/ER7206_trunk/build_dir/target-mips64-octeon-linux-gnu-osg_pro_un_v1/logger-1.0/CMakeFiles/CMakeTmp]
  ignore line: []
  ignore line: [Run Build Command:/usr/bin/make "cmTryCompileExec3254620450/fast"]
  ignore line: [make[4]: Entering directory `/home/ubuntu/tp-link/ER7206_trunk/build_dir/target-mips64-octeon-linux-gnu-osg_pro_un_v1/logger-1.0/CMakeFiles/CMakeTmp']
  ignore line: [/usr/bin/make -f CMakeFiles/cmTryCompileExec3254620450.dir/build.make CMakeFiles/cmTryCompileExec3254620450.dir/build]
  ignore line: [make[5]: Entering directory `/home/ubuntu/tp-link/ER7206_trunk/build_dir/target-mips64-octeon-linux-gnu-osg_pro_un_v1/logger-1.0/CMakeFiles/CMakeTmp']
  ignore line: [/home/ubuntu/tp-link/ER7206_trunk/staging_dir/host/bin/cmake -E cmake_progress_report /home/ubuntu/tp-link/ER7206_trunk/build_dir/target-mips64-octeon-linux-gnu-osg_pro_un_v1/logger-1.0/CMakeFiles/CMakeTmp/CMakeFiles 1]
  ignore line: [Building C object CMakeFiles/cmTryCompileExec3254620450.dir/CMakeCCompilerABI.c.o]
  ignore line: [/home/ubuntu/tp-link/ER7206_trunk/staging_dir/toolchain-cavium-sdk-3.x/bin/mips64-octeon-linux-gnu-gcc   -Os -pipe -mno-branch-likely -march=octeon -mabi=64 -fno-caller-saves -Wl,--rpath=/home/ubuntu/tp-link/ER7206_trunk/staging_dir/target-mips64-octeon-linux-gnu-osg_pro_un_v1/usr/lib -msoft-float      -o CMakeFiles/cmTryCompileExec3254620450.dir/CMakeCCompilerABI.c.o   -c /home/ubuntu/tp-link/ER7206_trunk/staging_dir/host/share/cmake-2.8/Modules/CMakeCCompilerABI.c]
  ignore line: [Linking C executable cmTryCompileExec3254620450]
  ignore line: [/home/ubuntu/tp-link/ER7206_trunk/staging_dir/host/bin/cmake -E cmake_link_script CMakeFiles/cmTryCompileExec3254620450.dir/link.txt --verbose=1]
  ignore line: [/home/ubuntu/tp-link/ER7206_trunk/staging_dir/toolchain-cavium-sdk-3.x/bin/mips64-octeon-linux-gnu-gcc  -Os -pipe -mno-branch-likely -march=octeon -mabi=64 -fno-caller-saves -Wl,--rpath=/home/ubuntu/tp-link/ER7206_trunk/staging_dir/target-mips64-octeon-linux-gnu-osg_pro_un_v1/usr/lib -msoft-float     -v CMakeFiles/cmTryCompileExec3254620450.dir/CMakeCCompilerABI.c.o  -o cmTryCompileExec3254620450 -rdynamic  ]
  ignore line: [Using built-in specs.]
  ignore line: [COLLECT_GCC=/home/ubuntu/tp-link/ER7206_trunk/staging_dir/toolchain-cavium-sdk-3.x/bin/mips64-octeon-linux-gnu-gcc]
  ignore line: [COLLECT_LTO_WRAPPER=/home/ubuntu/tp-link/ER7206_trunk/staging_dir/toolchain-cavium-sdk-3.x/bin/../libexec/gcc/mips64-octeon-linux-gnu/4.7.0/lto-wrapper]
  ignore line: [Target: mips64-octeon-linux-gnu]
  ignore line: [Configured with: /usr/local/Cavium_Networks/octsw/toolchain/scripts/../src/configure --disable-fixed-point --without-ppl --without-python --disable-werror --with-lto-plugin-source=/usr/local/Cavium_Networks/octsw/toolchain/scripts/../gits/gcc/lto-plugin --enable-plugins --with-sysroot --with-local-prefix=/usr/local/Cavium_Networks/octsw/toolchain/scripts/../tools/mips64-octeon-linux-gnu/sys-root --disable-sim --enable-symvers=gnu --enable-__cxa_atexit --enable-symvers=gnu --enable-__cxa_atexit --with-mips-plt --disable-sim --target=mips64-octeon-linux-gnu --enable-languages=c,c++ --prefix=/usr/local/Cavium_Networks/octsw/toolchain/scripts/../tools --with-pkgversion='Cavium Inc. Version: SDK_3_1_0_p2 build 34' --with-bugurl=http://www.cavium.com/support.html --with-libexpat-prefix=/usr/local/Cavium_Networks/octsw/toolchain/scripts/../libs]
  ignore line: [Thread model: posix]
  ignore line: [gcc version 4.7.0 (Cavium Inc. Version: SDK_3_1_0_p2 build 34) ]
  ignore line: [COMPILER_PATH=/home/ubuntu/tp-link/ER7206_trunk/staging_dir/toolchain-cavium-sdk-3.x/bin/../libexec/gcc/mips64-octeon-linux-gnu/4.7.0/:/home/ubuntu/tp-link/ER7206_trunk/staging_dir/toolchain-cavium-sdk-3.x/bin/../libexec/gcc/:/home/ubuntu/tp-link/ER7206_trunk/staging_dir/toolchain-cavium-sdk-3.x/bin/../lib/gcc/mips64-octeon-linux-gnu/4.7.0/../../../../mips64-octeon-linux-gnu/bin/]
  ignore line: [LIBRARY_PATH=/home/ubuntu/tp-link/ER7206_trunk/staging_dir/toolchain-cavium-sdk-3.x/bin/../lib/gcc/mips64-octeon-linux-gnu/4.7.0/:/home/ubuntu/tp-link/ER7206_trunk/staging_dir/toolchain-cavium-sdk-3.x/bin/../lib/gcc/:/home/ubuntu/tp-link/ER7206_trunk/staging_dir/toolchain-cavium-sdk-3.x/bin/../mips64-octeon-linux-gnu/sys-root/lib/../lib64/:/home/ubuntu/tp-link/ER7206_trunk/staging_dir/toolchain-cavium-sdk-3.x/bin/../mips64-octeon-linux-gnu/sys-root/usr/lib/../lib64/:/home/ubuntu/tp-link/ER7206_trunk/staging_dir/toolchain-cavium-sdk-3.x/bin/../lib/gcc/mips64-octeon-linux-gnu/4.7.0/../../../../mips64-octeon-linux-gnu/lib/:/home/ubuntu/tp-link/ER7206_trunk/staging_dir/toolchain-cavium-sdk-3.x/bin/../mips64-octeon-linux-gnu/sys-root/lib/:/home/ubuntu/tp-link/ER7206_trunk/staging_dir/toolchain-cavium-sdk-3.x/bin/../mips64-octeon-linux-gnu/sys-root/usr/lib/]
  ignore line: [COLLECT_GCC_OPTIONS='-Os' '-pipe' '-mno-branch-likely' '-march=octeon' '-mabi=64' '-fno-caller-saves' '-msoft-float' '-v' '-o' 'cmTryCompileExec3254620450' '-rdynamic' '-mllsc'  '-mno-synci' '-mno-shared' '-EB']
  link line: [ /home/ubuntu/tp-link/ER7206_trunk/staging_dir/toolchain-cavium-sdk-3.x/bin/../libexec/gcc/mips64-octeon-linux-gnu/4.7.0/collect2 --sysroot=/home/ubuntu/tp-link/ER7206_trunk/staging_dir/toolchain-cavium-sdk-3.x/bin/../mips64-octeon-linux-gnu/sys-root --eh-frame-hdr -EB -EB -export-dynamic -dynamic-linker /lib64/ld.so.1 -melf64btsmip -o cmTryCompileExec3254620450 /home/ubuntu/tp-link/ER7206_trunk/staging_dir/toolchain-cavium-sdk-3.x/bin/../mips64-octeon-linux-gnu/sys-root/usr/lib/../lib64/crt1.o /home/ubuntu/tp-link/ER7206_trunk/staging_dir/toolchain-cavium-sdk-3.x/bin/../mips64-octeon-linux-gnu/sys-root/usr/lib/../lib64/crti.o /home/ubuntu/tp-link/ER7206_trunk/staging_dir/toolchain-cavium-sdk-3.x/bin/../lib/gcc/mips64-octeon-linux-gnu/4.7.0/crtbegin.o -L/home/ubuntu/tp-link/ER7206_trunk/staging_dir/toolchain-cavium-sdk-3.x/bin/../lib/gcc/mips64-octeon-linux-gnu/4.7.0 -L/home/ubuntu/tp-link/ER7206_trunk/staging_dir/toolchain-cavium-sdk-3.x/bin/../lib/gcc -L/home/ubuntu/tp-link/ER7206_trunk/staging_dir/toolchain-cavium-sdk-3.x/bin/../mips64-octeon-linux-gnu/sys-root/lib/../lib64 -L/home/ubuntu/tp-link/ER7206_trunk/staging_dir/toolchain-cavium-sdk-3.x/bin/../mips64-octeon-linux-gnu/sys-root/usr/lib/../lib64 -L/home/ubuntu/tp-link/ER7206_trunk/staging_dir/toolchain-cavium-sdk-3.x/bin/../lib/gcc/mips64-octeon-linux-gnu/4.7.0/../../../../mips64-octeon-linux-gnu/lib -L/home/ubuntu/tp-link/ER7206_trunk/staging_dir/toolchain-cavium-sdk-3.x/bin/../mips64-octeon-linux-gnu/sys-root/lib -L/home/ubuntu/tp-link/ER7206_trunk/staging_dir/toolchain-cavium-sdk-3.x/bin/../mips64-octeon-linux-gnu/sys-root/usr/lib --rpath=/home/ubuntu/tp-link/ER7206_trunk/staging_dir/target-mips64-octeon-linux-gnu-osg_pro_un_v1/usr/lib CMakeFiles/cmTryCompileExec3254620450.dir/CMakeCCompilerABI.c.o -lgcc --as-needed -lgcc_s --no-as-needed -lc -lgcc --as-needed -lgcc_s --no-as-needed /home/ubuntu/tp-link/ER7206_trunk/staging_dir/toolchain-cavium-sdk-3.x/bin/../lib/gcc/mips64-octeon-linux-gnu/4.7.0/crtend.o /home/ubuntu/tp-link/ER7206_trunk/staging_dir/toolchain-cavium-sdk-3.x/bin/../mips64-octeon-linux-gnu/sys-root/usr/lib/../lib64/crtn.o]
    arg [/home/ubuntu/tp-link/ER7206_trunk/staging_dir/toolchain-cavium-sdk-3.x/bin/../libexec/gcc/mips64-octeon-linux-gnu/4.7.0/collect2] ==> ignore
    arg [--sysroot=/home/ubuntu/tp-link/ER7206_trunk/staging_dir/toolchain-cavium-sdk-3.x/bin/../mips64-octeon-linux-gnu/sys-root] ==> ignore
    arg [--eh-frame-hdr] ==> ignore
    arg [-EB] ==> ignore
    arg [-EB] ==> ignore
    arg [-export-dynamic] ==> ignore
    arg [-dynamic-linker] ==> ignore
    arg [/lib64/ld.so.1] ==> ignore
    arg [-melf64btsmip] ==> ignore
    arg [-o] ==> ignore
    arg [cmTryCompileExec3254620450] ==> ignore
    arg [/home/ubuntu/tp-link/ER7206_trunk/staging_dir/toolchain-cavium-sdk-3.x/bin/../mips64-octeon-linux-gnu/sys-root/usr/lib/../lib64/crt1.o] ==> ignore
    arg [/home/ubuntu/tp-link/ER7206_trunk/staging_dir/toolchain-cavium-sdk-3.x/bin/../mips64-octeon-linux-gnu/sys-root/usr/lib/../lib64/crti.o] ==> ignore
    arg [/home/ubuntu/tp-link/ER7206_trunk/staging_dir/toolchain-cavium-sdk-3.x/bin/../lib/gcc/mips64-octeon-linux-gnu/4.7.0/crtbegin.o] ==> ignore
    arg [-L/home/ubuntu/tp-link/ER7206_trunk/staging_dir/toolchain-cavium-sdk-3.x/bin/../lib/gcc/mips64-octeon-linux-gnu/4.7.0] ==> dir [/home/ubuntu/tp-link/ER7206_trunk/staging_dir/toolchain-cavium-sdk-3.x/bin/../lib/gcc/mips64-octeon-linux-gnu/4.7.0]
    arg [-L/home/ubuntu/tp-link/ER7206_trunk/staging_dir/toolchain-cavium-sdk-3.x/bin/../lib/gcc] ==> dir [/home/ubuntu/tp-link/ER7206_trunk/staging_dir/toolchain-cavium-sdk-3.x/bin/../lib/gcc]
    arg [-L/home/ubuntu/tp-link/ER7206_trunk/staging_dir/toolchain-cavium-sdk-3.x/bin/../mips64-octeon-linux-gnu/sys-root/lib/../lib64] ==> dir [/home/ubuntu/tp-link/ER7206_trunk/staging_dir/toolchain-cavium-sdk-3.x/bin/../mips64-octeon-linux-gnu/sys-root/lib/../lib64]
    arg [-L/home/ubuntu/tp-link/ER7206_trunk/staging_dir/toolchain-cavium-sdk-3.x/bin/../mips64-octeon-linux-gnu/sys-root/usr/lib/../lib64] ==> dir [/home/ubuntu/tp-link/ER7206_trunk/staging_dir/toolchain-cavium-sdk-3.x/bin/../mips64-octeon-linux-gnu/sys-root/usr/lib/../lib64]
    arg [-L/home/ubuntu/tp-link/ER7206_trunk/staging_dir/toolchain-cavium-sdk-3.x/bin/../lib/gcc/mips64-octeon-linux-gnu/4.7.0/../../../../mips64-octeon-linux-gnu/lib] ==> dir [/home/ubuntu/tp-link/ER7206_trunk/staging_dir/toolchain-cavium-sdk-3.x/bin/../lib/gcc/mips64-octeon-linux-gnu/4.7.0/../../../../mips64-octeon-linux-gnu/lib]
    arg [-L/home/ubuntu/tp-link/ER7206_trunk/staging_dir/toolchain-cavium-sdk-3.x/bin/../mips64-octeon-linux-gnu/sys-root/lib] ==> dir [/home/ubuntu/tp-link/ER7206_trunk/staging_dir/toolchain-cavium-sdk-3.x/bin/../mips64-octeon-linux-gnu/sys-root/lib]
    arg [-L/home/ubuntu/tp-link/ER7206_trunk/staging_dir/toolchain-cavium-sdk-3.x/bin/../mips64-octeon-linux-gnu/sys-root/usr/lib] ==> dir [/home/ubuntu/tp-link/ER7206_trunk/staging_dir/toolchain-cavium-sdk-3.x/bin/../mips64-octeon-linux-gnu/sys-root/usr/lib]
    arg [--rpath=/home/ubuntu/tp-link/ER7206_trunk/staging_dir/target-mips64-octeon-linux-gnu-osg_pro_un_v1/usr/lib] ==> ignore
    arg [CMakeFiles/cmTryCompileExec3254620450.dir/CMakeCCompilerABI.c.o] ==> ignore
    arg [-lgcc] ==> lib [gcc]
    arg [--as-needed] ==> ignore
    arg [-lgcc_s] ==> lib [gcc_s]
    arg [--no-as-needed] ==> ignore
    arg [-lc] ==> lib [c]
    arg [-lgcc] ==> lib [gcc]
    arg [--as-needed] ==> ignore
    arg [-lgcc_s] ==> lib [gcc_s]
    arg [--no-as-needed] ==> ignore
    arg [/home/ubuntu/tp-link/ER7206_trunk/staging_dir/toolchain-cavium-sdk-3.x/bin/../lib/gcc/mips64-octeon-linux-gnu/4.7.0/crtend.o] ==> ignore
    arg [/home/ubuntu/tp-link/ER7206_trunk/staging_dir/toolchain-cavium-sdk-3.x/bin/../mips64-octeon-linux-gnu/sys-root/usr/lib/../lib64/crtn.o] ==> ignore
  remove lib [gcc]
  remove lib [gcc_s]
  remove lib [gcc]
  remove lib [gcc_s]
  collapse library dir [/home/ubuntu/tp-link/ER7206_trunk/staging_dir/toolchain-cavium-sdk-3.x/bin/../lib/gcc/mips64-octeon-linux-gnu/4.7.0] ==> [/home/ubuntu/tp-link/ER7206_trunk/staging_dir/toolchain-cavium-sdk-3.x/lib/gcc/mips64-octeon-linux-gnu/4.7.0]
  collapse library dir [/home/ubuntu/tp-link/ER7206_trunk/staging_dir/toolchain-cavium-sdk-3.x/bin/../lib/gcc] ==> [/home/ubuntu/tp-link/ER7206_trunk/staging_dir/toolchain-cavium-sdk-3.x/lib/gcc]
  collapse library dir [/home/ubuntu/tp-link/ER7206_trunk/staging_dir/toolchain-cavium-sdk-3.x/bin/../mips64-octeon-linux-gnu/sys-root/lib/../lib64] ==> [/home/ubuntu/tp-link/ER7206_trunk/staging_dir/toolchain-cavium-sdk-3.x/mips64-octeon-linux-gnu/sys-root/lib64]
  collapse library dir [/home/ubuntu/tp-link/ER7206_trunk/staging_dir/toolchain-cavium-sdk-3.x/bin/../mips64-octeon-linux-gnu/sys-root/usr/lib/../lib64] ==> [/home/ubuntu/tp-link/ER7206_trunk/staging_dir/toolchain-cavium-sdk-3.x/mips64-octeon-linux-gnu/sys-root/usr/lib64]
  collapse library dir [/home/ubuntu/tp-link/ER7206_trunk/staging_dir/toolchain-cavium-sdk-3.x/bin/../lib/gcc/mips64-octeon-linux-gnu/4.7.0/../../../../mips64-octeon-linux-gnu/lib] ==> [/home/ubuntu/tp-link/ER7206_trunk/staging_dir/toolchain-cavium-sdk-3.x/mips64-octeon-linux-gnu/lib]
  collapse library dir [/home/ubuntu/tp-link/ER7206_trunk/staging_dir/toolchain-cavium-sdk-3.x/bin/../mips64-octeon-linux-gnu/sys-root/lib] ==> [/home/ubuntu/tp-link/ER7206_trunk/staging_dir/toolchain-cavium-sdk-3.x/mips64-octeon-linux-gnu/sys-root/lib]
  collapse library dir [/home/ubuntu/tp-link/ER7206_trunk/staging_dir/toolchain-cavium-sdk-3.x/bin/../mips64-octeon-linux-gnu/sys-root/usr/lib] ==> [/home/ubuntu/tp-link/ER7206_trunk/staging_dir/toolchain-cavium-sdk-3.x/mips64-octeon-linux-gnu/sys-root/usr/lib]
  implicit libs: [c]
  implicit dirs: [/home/ubuntu/tp-link/ER7206_trunk/staging_dir/toolchain-cavium-sdk-3.x/lib/gcc/mips64-octeon-linux-gnu/4.7.0;/home/ubuntu/tp-link/ER7206_trunk/staging_dir/toolchain-cavium-sdk-3.x/lib/gcc;/home/ubuntu/tp-link/ER7206_trunk/staging_dir/toolchain-cavium-sdk-3.x/mips64-octeon-linux-gnu/sys-root/lib64;/home/ubuntu/tp-link/ER7206_trunk/staging_dir/toolchain-cavium-sdk-3.x/mips64-octeon-linux-gnu/sys-root/usr/lib64;/home/ubuntu/tp-link/ER7206_trunk/staging_dir/toolchain-cavium-sdk-3.x/mips64-octeon-linux-gnu/lib;/home/ubuntu/tp-link/ER7206_trunk/staging_dir/toolchain-cavium-sdk-3.x/mips64-octeon-linux-gnu/sys-root/lib;/home/ubuntu/tp-link/ER7206_trunk/staging_dir/toolchain-cavium-sdk-3.x/mips64-octeon-linux-gnu/sys-root/usr/lib]
  implicit fwks: []


