This file contains any messages produced by compilers while
running configure, to aid debugging if configure makes a mistake.

It was created by configure, which was
generated by GNU Autoconf 2.64.  Invocation command line was

  $ /home/ubuntu/Archer_C7_V5/openwrt/build_dir/toolchain-mips_r2_gcc-4.6-linaro_uClibc-0.9.33.2/binutils-2.22/gprof/configure --cache-file=./config.cache --with-gnu-as --with-gnu-ld --with-system-zlib --with-stabs --prefix=/home/ubuntu/Archer_C7_V5/openwrt/staging_dir/toolchain-mips_r2_gcc-4.6-linaro_uClibc-0.9.33.2 --with-sysroot=/home/ubuntu/Archer_C7_V5/openwrt/staging_dir/toolchain-mips_r2_gcc-4.6-linaro_uClibc-0.9.33.2 --disable-multilib --disable-werror --disable-nls --with-float=soft --disable-libssp --program-transform-name=s&^&mips-openwrt-linux-uclibc-& --disable-option-checking --build=i686-linux-gnu --host=i686-linux-gnu --target=mips-openwrt-linux-uclibc --srcdir=.././gprof

## --------- ##
## Platform. ##
## --------- ##

hostname = ubuntu
uname -m = i686
uname -r = 4.4.0-142-generic
uname -s = Linux
uname -v = #168~14.04.1-Ubuntu SMP Sat Jan 19 11:28:33 UTC 2019

/usr/bin/uname -p = unknown
/bin/uname -X     = unknown

/bin/arch              = unknown
/usr/bin/arch -k       = unknown
/usr/convex/getsysinfo = unknown
/usr/bin/hostinfo      = unknown
/bin/machine           = unknown
/usr/bin/oslevel       = unknown
/bin/universe          = unknown

PATH: /home/ubuntu/Archer_C7_V5/openwrt/staging_dir/toolchain-mips_r2_gcc-4.6-linaro_uClibc-0.9.33.2/bin
PATH: /home/ubuntu/Archer_C7_V5/openwrt/staging_dir/host/bin
PATH: /home/ubuntu/Archer_C7_V5/openwrt/staging_dir/toolchain-mips_r2_gcc-4.6-linaro_uClibc-0.9.33.2/bin
PATH: /home/ubuntu/Archer_C7_V5/openwrt/staging_dir/host/bin
PATH: /home/ubuntu/Archer_C7_V5/openwrt/staging_dir/toolchain-mips_r2_gcc-4.6-linaro_uClibc-0.9.33.2/bin
PATH: /home/ubuntu/Archer_C7_V5/openwrt/staging_dir/host/bin
PATH: /usr/local/sbin
PATH: /usr/local/bin
PATH: /usr/sbin
PATH: /usr/bin
PATH: /sbin
PATH: /bin
PATH: /usr/games
PATH: /usr/local/games


## ----------- ##
## Core tests. ##
## ----------- ##

configure:2116: creating cache ./config.cache
configure:2221: checking build system type
configure:2235: result: i686-pc-linux-gnu
configure:2255: checking host system type
configure:2268: result: i686-pc-linux-gnu
configure:2288: checking target system type
configure:2301: result: mips-openwrt-linux-uclibc
configure:2335: checking for i686-linux-gnu-gcc
configure:2362: result: i686-linux-gnu-gcc
configure:2631: checking for C compiler version
configure:2640: i686-linux-gnu-gcc --version >&5
i686-linux-gnu-gcc (Ubuntu 4.8.4-2ubuntu1~14.04.4) 4.8.4
Copyright (C) 2013 Free Software Foundation, Inc.
This is free software; see the source for copying conditions.  There is NO
warranty; not even for MERCHANTABILITY or FITNESS FOR A PARTICULAR PURPOSE.

configure:2651: $? = 0
configure:2640: i686-linux-gnu-gcc -v >&5
Using built-in specs.
COLLECT_GCC=i686-linux-gnu-gcc
COLLECT_LTO_WRAPPER=/usr/lib/gcc/i686-linux-gnu/4.8/lto-wrapper
Target: i686-linux-gnu
Configured with: ../src/configure -v --with-pkgversion='Ubuntu 4.8.4-2ubuntu1~14.04.4' --with-bugurl=file:///usr/share/doc/gcc-4.8/README.Bugs --enable-languages=c,c++,java,go,d,fortran,objc,obj-c++ --prefix=/usr --program-suffix=-4.8 --enable-shared --enable-linker-build-id --libexecdir=/usr/lib --without-included-gettext --enable-threads=posix --with-gxx-include-dir=/usr/include/c++/4.8 --libdir=/usr/lib --enable-nls --with-sysroot=/ --enable-clocale=gnu --enable-libstdcxx-debug --enable-libstdcxx-time=yes --enable-gnu-unique-object --disable-libmudflap --enable-plugin --with-system-zlib --disable-browser-plugin --enable-java-awt=gtk --enable-gtk-cairo --with-java-home=/usr/lib/jvm/java-1.5.0-gcj-4.8-i386/jre --enable-java-home --with-jvm-root-dir=/usr/lib/jvm/java-1.5.0-gcj-4.8-i386 --with-jvm-jar-dir=/usr/lib/jvm-exports/java-1.5.0-gcj-4.8-i386 --with-arch-directory=i386 --with-ecj-jar=/usr/share/java/eclipse-ecj.jar --enable-objc-gc --enable-targets=all --enable-multiarch --disable-werror --with-arch-32=i686 --with-multilib-list=m32,m64,mx32 --with-tune=generic --enable-checking=release --build=i686-linux-gnu --host=i686-linux-gnu --target=i686-linux-gnu
Thread model: posix
gcc version 4.8.4 (Ubuntu 4.8.4-2ubuntu1~14.04.4) 
configure:2651: $? = 0
configure:2640: i686-linux-gnu-gcc -V >&5
i686-linux-gnu-gcc: error: unrecognized command line option '-V'
i686-linux-gnu-gcc: fatal error: no input files
compilation terminated.
configure:2651: $? = 4
configure:2640: i686-linux-gnu-gcc -qversion >&5
i686-linux-gnu-gcc: error: unrecognized command line option '-qversion'
i686-linux-gnu-gcc: fatal error: no input files
compilation terminated.
configure:2651: $? = 4
configure:2671: checking for C compiler default output file name
configure:2693: i686-linux-gnu-gcc     conftest.c  >&5
configure:2697: $? = 0
configure:2734: result: a.out
configure:2750: checking whether the C compiler works
configure:2759: ./a.out
configure:2763: $? = 0
configure:2778: result: yes
configure:2785: checking whether we are cross compiling
configure:2787: result: no
configure:2790: checking for suffix of executables
configure:2797: i686-linux-gnu-gcc -o conftest     conftest.c  >&5
configure:2801: $? = 0
configure:2823: result: 
configure:2829: checking for suffix of object files
configure:2851: i686-linux-gnu-gcc -c   conftest.c >&5
configure:2855: $? = 0
configure:2876: result: o
configure:2880: checking whether we are using the GNU C compiler
configure:2899: i686-linux-gnu-gcc -c   conftest.c >&5
configure:2899: $? = 0
configure:2908: result: yes
configure:2917: checking whether i686-linux-gnu-gcc accepts -g
configure:2937: i686-linux-gnu-gcc -c -g  conftest.c >&5
configure:2937: $? = 0
configure:2978: result: yes
configure:2995: checking for i686-linux-gnu-gcc option to accept ISO C89
configure:3059: i686-linux-gnu-gcc  -c   conftest.c >&5
configure:3059: $? = 0
configure:3072: result: none needed
configure:3093: checking for library containing strerror
configure:3124: i686-linux-gnu-gcc -o conftest     conftest.c  >&5
configure:3124: $? = 0
configure:3141: result: none required
configure:3167: checking for a BSD-compatible install
configure:3235: result: /usr/bin/install -c
configure:3246: checking whether build environment is sane
configure:3296: result: yes
configure:3437: checking for a thread-safe mkdir -p
configure:3476: result: /bin/mkdir -p
configure:3489: checking for gawk
configure:3516: result: mawk
configure:3527: checking whether make sets $(MAKE)
configure:3549: result: yes
configure:3579: checking for style of include used by make
configure:3607: result: GNU
configure:3692: checking dependency style of i686-linux-gnu-gcc
configure:3802: result: gcc3
configure:3830: checking for i686-linux-gnu-gcc
configure:3857: result: i686-linux-gnu-gcc
configure:4126: checking for C compiler version
configure:4135: i686-linux-gnu-gcc --version >&5
i686-linux-gnu-gcc (Ubuntu 4.8.4-2ubuntu1~14.04.4) 4.8.4
Copyright (C) 2013 Free Software Foundation, Inc.
This is free software; see the source for copying conditions.  There is NO
warranty; not even for MERCHANTABILITY or FITNESS FOR A PARTICULAR PURPOSE.

configure:4146: $? = 0
configure:4135: i686-linux-gnu-gcc -v >&5
Using built-in specs.
COLLECT_GCC=i686-linux-gnu-gcc
COLLECT_LTO_WRAPPER=/usr/lib/gcc/i686-linux-gnu/4.8/lto-wrapper
Target: i686-linux-gnu
Configured with: ../src/configure -v --with-pkgversion='Ubuntu 4.8.4-2ubuntu1~14.04.4' --with-bugurl=file:///usr/share/doc/gcc-4.8/README.Bugs --enable-languages=c,c++,java,go,d,fortran,objc,obj-c++ --prefix=/usr --program-suffix=-4.8 --enable-shared --enable-linker-build-id --libexecdir=/usr/lib --without-included-gettext --enable-threads=posix --with-gxx-include-dir=/usr/include/c++/4.8 --libdir=/usr/lib --enable-nls --with-sysroot=/ --enable-clocale=gnu --enable-libstdcxx-debug --enable-libstdcxx-time=yes --enable-gnu-unique-object --disable-libmudflap --enable-plugin --with-system-zlib --disable-browser-plugin --enable-java-awt=gtk --enable-gtk-cairo --with-java-home=/usr/lib/jvm/java-1.5.0-gcj-4.8-i386/jre --enable-java-home --with-jvm-root-dir=/usr/lib/jvm/java-1.5.0-gcj-4.8-i386 --with-jvm-jar-dir=/usr/lib/jvm-exports/java-1.5.0-gcj-4.8-i386 --with-arch-directory=i386 --with-ecj-jar=/usr/share/java/eclipse-ecj.jar --enable-objc-gc --enable-targets=all --enable-multiarch --disable-werror --with-arch-32=i686 --with-multilib-list=m32,m64,mx32 --with-tune=generic --enable-checking=release --build=i686-linux-gnu --host=i686-linux-gnu --target=i686-linux-gnu
Thread model: posix
gcc version 4.8.4 (Ubuntu 4.8.4-2ubuntu1~14.04.4) 
configure:4146: $? = 0
configure:4135: i686-linux-gnu-gcc -V >&5
i686-linux-gnu-gcc: error: unrecognized command line option '-V'
i686-linux-gnu-gcc: fatal error: no input files
compilation terminated.
configure:4146: $? = 4
configure:4135: i686-linux-gnu-gcc -qversion >&5
i686-linux-gnu-gcc: error: unrecognized command line option '-qversion'
i686-linux-gnu-gcc: fatal error: no input files
compilation terminated.
configure:4146: $? = 4
configure:4150: checking whether we are using the GNU C compiler
configure:4178: result: yes
configure:4187: checking whether i686-linux-gnu-gcc accepts -g
configure:4248: result: yes
configure:4265: checking for i686-linux-gnu-gcc option to accept ISO C89
configure:4342: result: none needed
configure:4367: checking how to run the C preprocessor
configure:4398: i686-linux-gnu-gcc -E  conftest.c
configure:4398: $? = 0
configure:4412: i686-linux-gnu-gcc -E  conftest.c
conftest.c:11:28: fatal error: ac_nonexistent.h: No such file or directory
 #include <ac_nonexistent.h>
                            ^
compilation terminated.
configure:4412: $? = 1
configure: failed program was:
| /* confdefs.h */
| #define PACKAGE_NAME ""
| #define PACKAGE_TARNAME ""
| #define PACKAGE_VERSION ""
| #define PACKAGE_STRING ""
| #define PACKAGE_BUGREPORT ""
| #define PACKAGE_URL ""
| #define PACKAGE "gprof"
| #define VERSION "2.22"
| /* end confdefs.h.  */
| #include <ac_nonexistent.h>
configure:4437: result: i686-linux-gnu-gcc -E
configure:4457: i686-linux-gnu-gcc -E  conftest.c
configure:4457: $? = 0
configure:4471: i686-linux-gnu-gcc -E  conftest.c
conftest.c:11:28: fatal error: ac_nonexistent.h: No such file or directory
 #include <ac_nonexistent.h>
                            ^
compilation terminated.
configure:4471: $? = 1
configure: failed program was:
| /* confdefs.h */
| #define PACKAGE_NAME ""
| #define PACKAGE_TARNAME ""
| #define PACKAGE_VERSION ""
| #define PACKAGE_STRING ""
| #define PACKAGE_BUGREPORT ""
| #define PACKAGE_URL ""
| #define PACKAGE "gprof"
| #define VERSION "2.22"
| /* end confdefs.h.  */
| #include <ac_nonexistent.h>
configure:4500: checking for grep that handles long lines and -e
configure:4558: result: /bin/grep
configure:4563: checking for egrep
configure:4625: result: /bin/grep -E
configure:4630: checking for ANSI C header files
configure:4650: i686-linux-gnu-gcc -c   conftest.c >&5
configure:4650: $? = 0
configure:4723: i686-linux-gnu-gcc -o conftest     conftest.c  >&5
configure:4723: $? = 0
configure:4723: ./conftest
configure:4723: $? = 0
configure:4734: result: yes
configure:4747: checking for sys/types.h
configure:4747: i686-linux-gnu-gcc -c   conftest.c >&5
configure:4747: $? = 0
configure:4747: result: yes
configure:4747: checking for sys/stat.h
configure:4747: i686-linux-gnu-gcc -c   conftest.c >&5
configure:4747: $? = 0
configure:4747: result: yes
configure:4747: checking for stdlib.h
configure:4747: i686-linux-gnu-gcc -c   conftest.c >&5
configure:4747: $? = 0
configure:4747: result: yes
configure:4747: checking for string.h
configure:4747: i686-linux-gnu-gcc -c   conftest.c >&5
configure:4747: $? = 0
configure:4747: result: yes
configure:4747: checking for memory.h
configure:4747: i686-linux-gnu-gcc -c   conftest.c >&5
configure:4747: $? = 0
configure:4747: result: yes
configure:4747: checking for strings.h
configure:4747: i686-linux-gnu-gcc -c   conftest.c >&5
configure:4747: $? = 0
configure:4747: result: yes
configure:4747: checking for inttypes.h
configure:4747: i686-linux-gnu-gcc -c   conftest.c >&5
configure:4747: $? = 0
configure:4747: result: yes
configure:4747: checking for stdint.h
configure:4747: i686-linux-gnu-gcc -c   conftest.c >&5
configure:4747: $? = 0
configure:4747: result: yes
configure:4747: checking for unistd.h
configure:4747: i686-linux-gnu-gcc -c   conftest.c >&5
configure:4747: $? = 0
configure:4747: result: yes
configure:4761: checking minix/config.h usability
configure:4761: i686-linux-gnu-gcc -c   conftest.c >&5
conftest.c:54:26: fatal error: minix/config.h: No such file or directory
 #include <minix/config.h>
                          ^
compilation terminated.
configure:4761: $? = 1
configure: failed program was:
| /* confdefs.h */
| #define PACKAGE_NAME ""
| #define PACKAGE_TARNAME ""
| #define PACKAGE_VERSION ""
| #define PACKAGE_STRING ""
| #define PACKAGE_BUGREPORT ""
| #define PACKAGE_URL ""
| #define PACKAGE "gprof"
| #define VERSION "2.22"
| #define STDC_HEADERS 1
| #define HAVE_SYS_TYPES_H 1
| #define HAVE_SYS_STAT_H 1
| #define HAVE_STDLIB_H 1
| #define HAVE_STRING_H 1
| #define HAVE_MEMORY_H 1
| #define HAVE_STRINGS_H 1
| #define HAVE_INTTYPES_H 1
| #define HAVE_STDINT_H 1
| #define HAVE_UNISTD_H 1
| /* end confdefs.h.  */
| #include <stdio.h>
| #ifdef HAVE_SYS_TYPES_H
| # include <sys/types.h>
| #endif
| #ifdef HAVE_SYS_STAT_H
| # include <sys/stat.h>
| #endif
| #ifdef STDC_HEADERS
| # include <stdlib.h>
| # include <stddef.h>
| #else
| # ifdef HAVE_STDLIB_H
| #  include <stdlib.h>
| # endif
| #endif
| #ifdef HAVE_STRING_H
| # if !defined STDC_HEADERS && defined HAVE_MEMORY_H
| #  include <memory.h>
| # endif
| # include <string.h>
| #endif
| #ifdef HAVE_STRINGS_H
| # include <strings.h>
| #endif
| #ifdef HAVE_INTTYPES_H
| # include <inttypes.h>
| #endif
| #ifdef HAVE_STDINT_H
| # include <stdint.h>
| #endif
| #ifdef HAVE_UNISTD_H
| # include <unistd.h>
| #endif
| #include <minix/config.h>
configure:4761: result: no
configure:4761: checking minix/config.h presence
configure:4761: i686-linux-gnu-gcc -E  conftest.c
conftest.c:21:26: fatal error: minix/config.h: No such file or directory
 #include <minix/config.h>
                          ^
compilation terminated.
configure:4761: $? = 1
configure: failed program was:
| /* confdefs.h */
| #define PACKAGE_NAME ""
| #define PACKAGE_TARNAME ""
| #define PACKAGE_VERSION ""
| #define PACKAGE_STRING ""
| #define PACKAGE_BUGREPORT ""
| #define PACKAGE_URL ""
| #define PACKAGE "gprof"
| #define VERSION "2.22"
| #define STDC_HEADERS 1
| #define HAVE_SYS_TYPES_H 1
| #define HAVE_SYS_STAT_H 1
| #define HAVE_STDLIB_H 1
| #define HAVE_STRING_H 1
| #define HAVE_MEMORY_H 1
| #define HAVE_STRINGS_H 1
| #define HAVE_INTTYPES_H 1
| #define HAVE_STDINT_H 1
| #define HAVE_UNISTD_H 1
| /* end confdefs.h.  */
| #include <minix/config.h>
configure:4761: result: no
configure:4761: checking for minix/config.h
configure:4761: result: no
configure:4782: checking whether it is safe to define __EXTENSIONS__
configure:4800: i686-linux-gnu-gcc -c   conftest.c >&5
configure:4800: $? = 0
configure:4807: result: yes
configure:4866: checking for special C compiler options needed for large files
configure:4911: result: no
configure:4917: checking for _FILE_OFFSET_BITS value needed for large files
configure:4942: i686-linux-gnu-gcc -c   conftest.c >&5
conftest.c:32:3: warning: left shift count >= width of type [enabled by default]
   int off_t_is_large[(LARGE_OFF_T % 2147483629 == 721
   ^
conftest.c:32:3: warning: left shift count >= width of type [enabled by default]
conftest.c:33:10: warning: left shift count >= width of type [enabled by default]
          && LARGE_OFF_T % 2147483647 == 1)
          ^
conftest.c:33:10: warning: left shift count >= width of type [enabled by default]
conftest.c:32:7: error: variably modified 'off_t_is_large' at file scope
   int off_t_is_large[(LARGE_OFF_T % 2147483629 == 721
       ^
configure:4942: $? = 1
configure: failed program was:
| /* confdefs.h */
| #define PACKAGE_NAME ""
| #define PACKAGE_TARNAME ""
| #define PACKAGE_VERSION ""
| #define PACKAGE_STRING ""
| #define PACKAGE_BUGREPORT ""
| #define PACKAGE_URL ""
| #define PACKAGE "gprof"
| #define VERSION "2.22"
| #define STDC_HEADERS 1
| #define HAVE_SYS_TYPES_H 1
| #define HAVE_SYS_STAT_H 1
| #define HAVE_STDLIB_H 1
| #define HAVE_STRING_H 1
| #define HAVE_MEMORY_H 1
| #define HAVE_STRINGS_H 1
| #define HAVE_INTTYPES_H 1
| #define HAVE_STDINT_H 1
| #define HAVE_UNISTD_H 1
| #define __EXTENSIONS__ 1
| #define _ALL_SOURCE 1
| #define _GNU_SOURCE 1
| #define _POSIX_PTHREAD_SEMANTICS 1
| #define _TANDEM_SOURCE 1
| /* end confdefs.h.  */
| #include <sys/types.h>
|  /* Check that off_t can represent 2**63 - 1 correctly.
|     We can't simply define LARGE_OFF_T to be 9223372036854775807,
|     since some C++ compilers masquerading as C compilers
|     incorrectly reject 9223372036854775807.  */
| #define LARGE_OFF_T (((off_t) 1 << 62) - 1 + ((off_t) 1 << 62))
|   int off_t_is_large[(LARGE_OFF_T % 2147483629 == 721
| 		       && LARGE_OFF_T % 2147483647 == 1)
| 		      ? 1 : -1];
| int
| main ()
| {
| 
|   ;
|   return 0;
| }
configure:4966: i686-linux-gnu-gcc -c   conftest.c >&5
configure:4966: $? = 0
configure:4974: result: 64
configure:5106: checking how to print strings
configure:5133: result: printf
configure:5154: checking for a sed that does not truncate output
configure:5218: result: /home/ubuntu/Archer_C7_V5/openwrt/staging_dir/host/bin/sed
configure:5236: checking for fgrep
configure:5298: result: /bin/grep -F
configure:5333: checking for ld used by i686-linux-gnu-gcc
configure:5400: result: i686-linux-gnu-ld
configure:5407: checking if the linker (i686-linux-gnu-ld) is GNU ld
configure:5422: result: yes
configure:5434: checking for BSD- or MS-compatible name lister (nm)
configure:5483: result: i686-linux-gnu-nm
configure:5613: checking the name lister (i686-linux-gnu-nm) interface
configure:5620: i686-linux-gnu-gcc -c   conftest.c >&5
configure:5623: i686-linux-gnu-nm "conftest.o"
configure:5626: output
00000000 B some_variable
configure:5633: result: BSD nm
configure:5636: checking whether ln -s works
configure:5640: result: yes
configure:5648: checking the maximum length of command line arguments
configure:5773: result: 805306365
configure:5790: checking whether the shell understands some XSI constructs
configure:5800: result: yes
configure:5804: checking whether the shell understands "+="
configure:5810: result: yes
configure:5845: checking for i686-linux-gnu-ld option to reload object files
configure:5852: result: -r
configure:5881: checking for i686-linux-gnu-objdump
configure:5908: result: i686-linux-gnu-objdump
configure:5980: checking how to recognize dependent libraries
configure:6181: result: pass_all
configure:6201: checking for i686-linux-gnu-ar
configure:6228: result: i686-linux-gnu-ar
configure:6306: checking for i686-linux-gnu-strip
configure:6322: found /usr/bin/i686-linux-gnu-strip
configure:6333: result: i686-linux-gnu-strip
configure:6405: checking for i686-linux-gnu-ranlib
configure:6432: result: i686-linux-gnu-ranlib
configure:6574: checking command to parse i686-linux-gnu-nm output from i686-linux-gnu-gcc object
configure:6692: i686-linux-gnu-gcc -c   conftest.c >&5
configure:6695: $? = 0
configure:6699: i686-linux-gnu-nm conftest.o \| sed -n -e 's/^.*[ ]\([ABCDGIRSTW][ABCDGIRSTW]*\)[ ][ ]*\([_A-Za-z][_A-Za-z0-9]*\)$/\1 \2 \2/p' \> conftest.nm
configure:6702: $? = 0
configure:6756: i686-linux-gnu-gcc -o conftest     conftest.c conftstm.o >&5
configure:6759: $? = 0
configure:6797: result: ok
configure:7632: checking for dlfcn.h
configure:7632: i686-linux-gnu-gcc -c   conftest.c >&5
configure:7632: $? = 0
configure:7632: result: yes
configure:7819: checking for objdir
configure:7834: result: .libs
configure:8105: checking if i686-linux-gnu-gcc supports -fno-rtti -fno-exceptions
configure:8123: i686-linux-gnu-gcc -c   -fno-rtti -fno-exceptions conftest.c >&5
cc1: warning: command line option '-fno-rtti' is valid for C++/ObjC++ but not for C [enabled by default]
configure:8127: $? = 0
configure:8140: result: no
configure:8160: checking for i686-linux-gnu-gcc option to produce PIC
configure:8445: result: -fPIC -DPIC
configure:8457: checking if i686-linux-gnu-gcc PIC flag -fPIC -DPIC works
configure:8475: i686-linux-gnu-gcc -c   -fPIC -DPIC -DPIC conftest.c >&5
configure:8479: $? = 0
configure:8492: result: yes
configure:8516: checking if i686-linux-gnu-gcc static flag -static works
configure:8544: result: yes
configure:8559: checking if i686-linux-gnu-gcc supports -c -o file.o
configure:8580: i686-linux-gnu-gcc -c   -o out/conftest2.o conftest.c >&5
configure:8584: $? = 0
configure:8606: result: yes
configure:8614: checking if i686-linux-gnu-gcc supports -c -o file.o
configure:8661: result: yes
configure:8694: checking whether the i686-linux-gnu-gcc linker (i686-linux-gnu-ld) supports shared libraries
configure:9765: result: yes
configure:9802: checking whether -lc should be explicitly linked in
configure:9810: i686-linux-gnu-gcc -c   conftest.c >&5
configure:9813: $? = 0
configure:9828: i686-linux-gnu-gcc -shared conftest.o  -v -Wl,-soname -Wl,conftest -o conftest 2\>\&1 \| /bin/grep  -lc  \>/dev/null 2\>\&1
configure:9831: $? = 0
configure:9845: result: no
configure:10010: checking dynamic linker characteristics
configure:10461: i686-linux-gnu-gcc -o conftest     -Wl,-rpath -Wl,/foo conftest.c  >&5
configure:10461: $? = 0
configure:10683: result: GNU/Linux ld.so
configure:10790: checking how to hardcode library paths into programs
configure:10815: result: immediate
configure:11355: checking whether stripping libraries is possible
configure:11360: result: yes
configure:11395: checking if libtool supports shared libraries
configure:11397: result: yes
configure:11400: checking whether to build shared libraries
configure:11421: result: yes
configure:11424: checking whether to build static libraries
configure:11428: result: yes
configure:11466: checking for setmode
configure:11466: i686-linux-gnu-gcc -o conftest     conftest.c  >&5
/tmp/ccvtRlzU.o: In function `main':
conftest.c:(.text+0x7): undefined reference to `setmode'
collect2: error: ld returned 1 exit status
configure:11466: $? = 1
configure: failed program was:
| /* confdefs.h */
| #define PACKAGE_NAME ""
| #define PACKAGE_TARNAME ""
| #define PACKAGE_VERSION ""
| #define PACKAGE_STRING ""
| #define PACKAGE_BUGREPORT ""
| #define PACKAGE_URL ""
| #define PACKAGE "gprof"
| #define VERSION "2.22"
| #define STDC_HEADERS 1
| #define HAVE_SYS_TYPES_H 1
| #define HAVE_SYS_STAT_H 1
| #define HAVE_STDLIB_H 1
| #define HAVE_STRING_H 1
| #define HAVE_MEMORY_H 1
| #define HAVE_STRINGS_H 1
| #define HAVE_INTTYPES_H 1
| #define HAVE_STDINT_H 1
| #define HAVE_UNISTD_H 1
| #define __EXTENSIONS__ 1
| #define _ALL_SOURCE 1
| #define _GNU_SOURCE 1
| #define _POSIX_PTHREAD_SEMANTICS 1
| #define _TANDEM_SOURCE 1
| #define _FILE_OFFSET_BITS 64
| #define HAVE_DLFCN_H 1
| #define LT_OBJDIR ".libs/"
| /* end confdefs.h.  */
| /* Define setmode to an innocuous variant, in case <limits.h> declares setmode.
|    For example, HP-UX 11i <limits.h> declares gettimeofday.  */
| #define setmode innocuous_setmode
| 
| /* System header to define __stub macros and hopefully few prototypes,
|     which can conflict with char setmode (); below.
|     Prefer <limits.h> to <assert.h> if __STDC__ is defined, since
|     <limits.h> exists even on freestanding compilers.  */
| 
| #ifdef __STDC__
| # include <limits.h>
| #else
| # include <assert.h>
| #endif
| 
| #undef setmode
| 
| /* Override any GCC internal prototype to avoid an error.
|    Use char because int might match the return type of a GCC
|    builtin and then its argument prototype would still apply.  */
| #ifdef __cplusplus
| extern "C"
| #endif
| char setmode ();
| /* The GNU C library defines this for functions which it implements
|     to always fail with ENOSYS.  Some functions are actually named
|     something starting with __ and the normal name is an alias.  */
| #if defined __stub_setmode || defined __stub___setmode
| choke me
| #endif
| 
| int
| main ()
| {
| return setmode ();
|   ;
|   return 0;
| }
configure:11466: result: no
configure:11490: checking whether NLS is requested
configure:11493: result: no
configure:11561: checking whether NLS is requested
configure:11570: result: no
configure:11608: checking for msgfmt
configure:11639: result: /usr/bin/msgfmt
configure:11648: checking for gmsgfmt
configure:11679: result: /usr/bin/msgfmt
configure:11719: checking for xgettext
configure:11750: result: /usr/bin/xgettext
configure:11790: checking for msgmerge
configure:11820: result: /usr/bin/msgmerge
configure:11857: checking whether to enable maintainer-specific portions of Makefiles
configure:11866: result: no
configure:11891: checking sys/gmon_out.h usability
configure:11891: i686-linux-gnu-gcc -c   conftest.c >&5
configure:11891: $? = 0
configure:11891: result: yes
configure:11891: checking sys/gmon_out.h presence
configure:11891: i686-linux-gnu-gcc -E  conftest.c
configure:11891: $? = 0
configure:11891: result: yes
configure:11891: checking for sys/gmon_out.h
configure:11891: result: yes
configure:11902: checking for a known getopt prototype in unistd.h
configure:11918: i686-linux-gnu-gcc -c   conftest.c >&5
configure:11918: $? = 0
configure:11926: result: yes
configure:11935: checking for library containing fabs
configure:11966: i686-linux-gnu-gcc -o conftest     conftest.c  >&5
conftest.c:38:6: warning: conflicting types for built-in function 'fabs' [enabled by default]
 char fabs ();
      ^
/tmp/ccnIO070.o: In function `main':
conftest.c:(.text+0x7): undefined reference to `fabs'
collect2: error: ld returned 1 exit status
configure:11966: $? = 1
configure: failed program was:
| /* confdefs.h */
| #define PACKAGE_NAME ""
| #define PACKAGE_TARNAME ""
| #define PACKAGE_VERSION ""
| #define PACKAGE_STRING ""
| #define PACKAGE_BUGREPORT ""
| #define PACKAGE_URL ""
| #define PACKAGE "gprof"
| #define VERSION "2.22"
| #define STDC_HEADERS 1
| #define HAVE_SYS_TYPES_H 1
| #define HAVE_SYS_STAT_H 1
| #define HAVE_STDLIB_H 1
| #define HAVE_STRING_H 1
| #define HAVE_MEMORY_H 1
| #define HAVE_STRINGS_H 1
| #define HAVE_INTTYPES_H 1
| #define HAVE_STDINT_H 1
| #define HAVE_UNISTD_H 1
| #define __EXTENSIONS__ 1
| #define _ALL_SOURCE 1
| #define _GNU_SOURCE 1
| #define _POSIX_PTHREAD_SEMANTICS 1
| #define _TANDEM_SOURCE 1
| #define _FILE_OFFSET_BITS 64
| #define HAVE_DLFCN_H 1
| #define LT_OBJDIR ".libs/"
| #define HAVE_SYS_GMON_OUT_H 1
| #define HAVE_DECL_GETOPT 1
| /* end confdefs.h.  */
| 
| /* Override any GCC internal prototype to avoid an error.
|    Use char because int might match the return type of a GCC
|    builtin and then its argument prototype would still apply.  */
| #ifdef __cplusplus
| extern "C"
| #endif
| char fabs ();
| int
| main ()
| {
| return fabs ();
|   ;
|   return 0;
| }
configure:11966: i686-linux-gnu-gcc -o conftest     conftest.c -lm   >&5
conftest.c:38:6: warning: conflicting types for built-in function 'fabs' [enabled by default]
 char fabs ();
      ^
configure:11966: $? = 0
configure:11983: result: -lm
configure:12138: updating cache ./config.cache
configure:12199: creating ./config.status

## ---------------------- ##
## Running config.status. ##
## ---------------------- ##

This file was extended by config.status, which was
generated by GNU Autoconf 2.64.  Invocation command line was

  CONFIG_FILES    = 
  CONFIG_HEADERS  = 
  CONFIG_LINKS    = 
  CONFIG_COMMANDS = 
  $ ./config.status 

on ubuntu

config.status:1104: creating Makefile
config.status:1104: creating po/Makefile.in
config.status:1104: creating gconfig.h
config.status:1324: executing depfiles commands
config.status:1324: executing libtool commands
config.status:1324: executing default-1 commands

## ---------------- ##
## Cache variables. ##
## ---------------- ##

ac_cv_build=i686-pc-linux-gnu
ac_cv_c_compiler_gnu=yes
ac_cv_env_CC_set=set
ac_cv_env_CC_value=i686-linux-gnu-gcc
ac_cv_env_CFLAGS_set=set
ac_cv_env_CFLAGS_value=
ac_cv_env_CPPFLAGS_set=
ac_cv_env_CPPFLAGS_value=
ac_cv_env_CPP_set=
ac_cv_env_CPP_value=
ac_cv_env_LDFLAGS_set=set
ac_cv_env_LDFLAGS_value=' '
ac_cv_env_LIBS_set=
ac_cv_env_LIBS_value=
ac_cv_env_build_alias_set=set
ac_cv_env_build_alias_value=i686-linux-gnu
ac_cv_env_host_alias_set=set
ac_cv_env_host_alias_value=i686-linux-gnu
ac_cv_env_target_alias_set=set
ac_cv_env_target_alias_value=mips-openwrt-linux-uclibc
ac_cv_func_setmode=no
ac_cv_header_dlfcn_h=yes
ac_cv_header_inttypes_h=yes
ac_cv_header_memory_h=yes
ac_cv_header_minix_config_h=no
ac_cv_header_stdc=yes
ac_cv_header_stdint_h=yes
ac_cv_header_stdlib_h=yes
ac_cv_header_string_h=yes
ac_cv_header_strings_h=yes
ac_cv_header_sys_gmon_out_h=yes
ac_cv_header_sys_stat_h=yes
ac_cv_header_sys_types_h=yes
ac_cv_header_unistd_h=yes
ac_cv_host=i686-pc-linux-gnu
ac_cv_objext=o
ac_cv_path_EGREP='/bin/grep -E'
ac_cv_path_FGREP='/bin/grep -F'
ac_cv_path_GMSGFMT=/usr/bin/msgfmt
ac_cv_path_GREP=/bin/grep
ac_cv_path_MSGFMT=/usr/bin/msgfmt
ac_cv_path_MSGMERGE=/usr/bin/msgmerge
ac_cv_path_SED=/home/ubuntu/Archer_C7_V5/openwrt/staging_dir/host/bin/sed
ac_cv_path_XGETTEXT=/usr/bin/xgettext
ac_cv_path_mkdir=/bin/mkdir
ac_cv_prog_AR=i686-linux-gnu-ar
ac_cv_prog_AWK=mawk
ac_cv_prog_CC=i686-linux-gnu-gcc
ac_cv_prog_CPP='i686-linux-gnu-gcc -E'
ac_cv_prog_OBJDUMP=i686-linux-gnu-objdump
ac_cv_prog_RANLIB=i686-linux-gnu-ranlib
ac_cv_prog_STRIP=i686-linux-gnu-strip
ac_cv_prog_cc_c89=
ac_cv_prog_cc_g=yes
ac_cv_prog_make_make_set=yes
ac_cv_safe_to_define___extensions__=yes
ac_cv_search_fabs=-lm
ac_cv_search_strerror='none required'
ac_cv_sys_file_offset_bits=64
ac_cv_sys_largefile_CC=no
ac_cv_target=mips-openwrt-linux-uclibc
am_cv_CC_dependencies_compiler_type=gcc3
gprof_cv_decl_getopt_unistd_h=yes
lt_cv_archive_cmds_need_lc=no
lt_cv_deplibs_check_method=pass_all
lt_cv_file_magic_cmd='$MAGIC_CMD'
lt_cv_file_magic_test_file=
lt_cv_ld_reload_flag=-r
lt_cv_nm_interface='BSD nm'
lt_cv_objdir=.libs
lt_cv_path_LD=i686-linux-gnu-ld
lt_cv_path_NM=i686-linux-gnu-nm
lt_cv_prog_compiler_c_o=yes
lt_cv_prog_compiler_pic_works=yes
lt_cv_prog_compiler_rtti_exceptions=no
lt_cv_prog_compiler_static_works=yes
lt_cv_prog_gnu_ld=yes
lt_cv_shlibpath_overrides_runpath=no
lt_cv_sys_global_symbol_pipe='sed -n -e '\''s/^.*[	 ]\([ABCDGIRSTW][ABCDGIRSTW]*\)[	 ][	 ]*\([_A-Za-z][_A-Za-z0-9]*\)$/\1 \2 \2/p'\'''
lt_cv_sys_global_symbol_to_c_name_address='sed -n -e '\''s/^: \([^ ]*\) $/  {\"\1\", (void *) 0},/p'\'' -e '\''s/^[ABCDGIRSTW]* \([^ ]*\) \([^ ]*\)$/  {"\2", (void *) \&\2},/p'\'''
lt_cv_sys_global_symbol_to_c_name_address_lib_prefix='sed -n -e '\''s/^: \([^ ]*\) $/  {\"\1\", (void *) 0},/p'\'' -e '\''s/^[ABCDGIRSTW]* \([^ ]*\) \(lib[^ ]*\)$/  {"\2", (void *) \&\2},/p'\'' -e '\''s/^[ABCDGIRSTW]* \([^ ]*\) \([^ ]*\)$/  {"lib\2", (void *) \&\2},/p'\'''
lt_cv_sys_global_symbol_to_cdecl='sed -n -e '\''s/^T .* \(.*\)$/extern int \1();/p'\'' -e '\''s/^[ABCDGIRSTW]* .* \(.*\)$/extern char \1;/p'\'''
lt_cv_sys_max_cmd_len=805306365

## ----------------- ##
## Output variables. ##
## ----------------- ##

ACLOCAL='${SHELL} /home/ubuntu/Archer_C7_V5/openwrt/build_dir/toolchain-mips_r2_gcc-4.6-linaro_uClibc-0.9.33.2/binutils-2.22/missing --run aclocal-1.11'
AMDEPBACKSLASH='\'
AMDEP_FALSE='#'
AMDEP_TRUE=''
AMTAR='${SHELL} /home/ubuntu/Archer_C7_V5/openwrt/build_dir/toolchain-mips_r2_gcc-4.6-linaro_uClibc-0.9.33.2/binutils-2.22/missing --run tar'
AR='i686-linux-gnu-ar'
AUTOCONF='${SHELL} /home/ubuntu/Archer_C7_V5/openwrt/build_dir/toolchain-mips_r2_gcc-4.6-linaro_uClibc-0.9.33.2/binutils-2.22/missing --run autoconf'
AUTOHEADER='${SHELL} /home/ubuntu/Archer_C7_V5/openwrt/build_dir/toolchain-mips_r2_gcc-4.6-linaro_uClibc-0.9.33.2/binutils-2.22/missing --run autoheader'
AUTOMAKE='${SHELL} /home/ubuntu/Archer_C7_V5/openwrt/build_dir/toolchain-mips_r2_gcc-4.6-linaro_uClibc-0.9.33.2/binutils-2.22/missing --run automake-1.11'
AWK='mawk'
CATALOGS=''
CATOBJEXT=''
CC='i686-linux-gnu-gcc'
CCDEPMODE='depmode=gcc3'
CFLAGS=''
CPP='i686-linux-gnu-gcc -E'
CPPFLAGS=''
CYGPATH_W='echo'
DATADIRNAME=''
DEFS='-DHAVE_CONFIG_H'
DEPDIR='.deps'
DSYMUTIL=''
DUMPBIN=''
ECHO_C=''
ECHO_N='-n'
ECHO_T=''
EGREP='/bin/grep -E'
EXEEXT=''
FGREP='/bin/grep -F'
GENCAT=''
GENINSRC_NEVER_FALSE=''
GENINSRC_NEVER_TRUE='#'
GMSGFMT='/usr/bin/msgfmt'
GREP='/bin/grep'
INCINTL=''
INSTALL_DATA='/usr/bin/install -c -m 644'
INSTALL_PROGRAM='/usr/bin/install -c'
INSTALL_SCRIPT='/usr/bin/install -c'
INSTALL_STRIP_PROGRAM='$(install_sh) -c -s'
INSTOBJEXT=''
LD='i686-linux-gnu-ld'
LDFLAGS=' '
LIBINTL=''
LIBINTL_DEP=''
LIBOBJS=''
LIBS='-lm '
LIBTOOL='$(SHELL) $(top_builddir)/libtool'
LIPO=''
LN_S='ln -s'
LTLIBOBJS=''
MAINT='#'
MAINTAINER_MODE_FALSE=''
MAINTAINER_MODE_TRUE='#'
MAKEINFO='/home/ubuntu/Archer_C7_V5/openwrt/build_dir/toolchain-mips_r2_gcc-4.6-linaro_uClibc-0.9.33.2/binutils-2.22/missing makeinfo --split-size=5000000'
MKDIR_P='/bin/mkdir -p'
MKINSTALLDIRS='$(top_builddir)/./../mkinstalldirs'
MSGFMT='/usr/bin/msgfmt'
MSGMERGE='/usr/bin/msgmerge'
NM='i686-linux-gnu-nm'
NMEDIT=''
NO_WERROR=''
OBJDUMP='i686-linux-gnu-objdump'
OBJEXT='o'
OTOOL64=''
OTOOL=''
PACKAGE='gprof'
PACKAGE_BUGREPORT=''
PACKAGE_NAME=''
PACKAGE_STRING=''
PACKAGE_TARNAME=''
PACKAGE_URL=''
PACKAGE_VERSION=''
PATH_SEPARATOR=':'
POSUB=''
RANLIB='i686-linux-gnu-ranlib'
SED='/home/ubuntu/Archer_C7_V5/openwrt/staging_dir/host/bin/sed'
SET_MAKE=''
SHELL='/bin/bash'
STRIP='i686-linux-gnu-strip'
USE_NLS='no'
VERSION='2.22'
WARN_CFLAGS='-W -Wall -Wstrict-prototypes -Wmissing-prototypes -Wshadow'
XGETTEXT='/usr/bin/xgettext'
ac_ct_CC=''
ac_ct_DUMPBIN=''
am__EXEEXT_FALSE=''
am__EXEEXT_TRUE='#'
am__fastdepCC_FALSE='#'
am__fastdepCC_TRUE=''
am__include='include'
am__isrc=''
am__leading_dot='.'
am__quote=''
am__tar='${AMTAR} chof - "$$tardir"'
am__untar='${AMTAR} xf -'
bindir='${exec_prefix}/bin'
build='i686-pc-linux-gnu'
build_alias='i686-linux-gnu'
build_cpu='i686'
build_os='linux-gnu'
build_vendor='pc'
datadir='${datarootdir}'
datarootdir='${prefix}/share'
docdir='${datarootdir}/doc/${PACKAGE}'
dvidir='${docdir}'
exec_prefix='${prefix}'
host='i686-pc-linux-gnu'
host_alias='i686-linux-gnu'
host_cpu='i686'
host_os='linux-gnu'
host_vendor='pc'
htmldir='${docdir}'
includedir='${prefix}/include'
infodir='${datarootdir}/info'
install_sh='${SHELL} /home/ubuntu/Archer_C7_V5/openwrt/build_dir/toolchain-mips_r2_gcc-4.6-linaro_uClibc-0.9.33.2/binutils-2.22/install-sh'
libdir='${exec_prefix}/lib'
libexecdir='${exec_prefix}/libexec'
localedir='${datarootdir}/locale'
localstatedir='${prefix}/var'
mandir='${datarootdir}/man'
mkdir_p='/bin/mkdir -p'
oldincludedir='/usr/include'
pdfdir='${docdir}'
prefix='/home/ubuntu/Archer_C7_V5/openwrt/staging_dir/toolchain-mips_r2_gcc-4.6-linaro_uClibc-0.9.33.2'
program_transform_name='s&^&mips-openwrt-linux-uclibc-&'
psdir='${docdir}'
sbindir='${exec_prefix}/sbin'
sharedstatedir='${prefix}/com'
sysconfdir='${prefix}/etc'
target='mips-openwrt-linux-uclibc'
target_alias='mips-openwrt-linux-uclibc'
target_cpu='mips'
target_os='linux-uclibc'
target_vendor='openwrt'

## ----------- ##
## confdefs.h. ##
## ----------- ##

/* confdefs.h */
#define PACKAGE_NAME ""
#define PACKAGE_TARNAME ""
#define PACKAGE_VERSION ""
#define PACKAGE_STRING ""
#define PACKAGE_BUGREPORT ""
#define PACKAGE_URL ""
#define PACKAGE "gprof"
#define VERSION "2.22"
#define STDC_HEADERS 1
#define HAVE_SYS_TYPES_H 1
#define HAVE_SYS_STAT_H 1
#define HAVE_STDLIB_H 1
#define HAVE_STRING_H 1
#define HAVE_MEMORY_H 1
#define HAVE_STRINGS_H 1
#define HAVE_INTTYPES_H 1
#define HAVE_STDINT_H 1
#define HAVE_UNISTD_H 1
#define __EXTENSIONS__ 1
#define _ALL_SOURCE 1
#define _GNU_SOURCE 1
#define _POSIX_PTHREAD_SEMANTICS 1
#define _TANDEM_SOURCE 1
#define _FILE_OFFSET_BITS 64
#define HAVE_DLFCN_H 1
#define LT_OBJDIR ".libs/"
#define HAVE_SYS_GMON_OUT_H 1
#define HAVE_DECL_GETOPT 1

configure: exit 0
