This file contains any messages produced by compilers while
running configure, to aid debugging if configure makes a mistake.

It was created by coccinelle configure 1.0.0-rc21, which was
generated by GNU Autoconf 2.69.  Invocation command line was

  $ ./configure CC=gcc CFLAGS=-O2 -I/home/ubuntu/Archer_C7_V5/openwrt/staging_dir/host/include CPPFLAGS=-I/home/ubuntu/Archer_C7_V5/openwrt/staging_dir/host/include LDFLAGS=-L/home/ubuntu/Archer_C7_V5/openwrt/staging_dir/host/lib SHELL=/bin/bash --target=i686-linux-gnu --host=i686-linux-gnu --build=i686-linux-gnu --program-prefix= --program-suffix= --prefix=/home/ubuntu/Archer_C7_V5/openwrt/staging_dir/host --exec-prefix=/home/ubuntu/Archer_C7_V5/openwrt/staging_dir/host --sysconfdir=/home/ubuntu/Archer_C7_V5/openwrt/staging_dir/host/etc --localstatedir=/home/ubuntu/Archer_C7_V5/openwrt/staging_dir/host/var --sbindir=/home/ubuntu/Archer_C7_V5/openwrt/staging_dir/host/bin --with-pdflatex=no --disable-pcre-syntax

## --------- ##
## Platform. ##
## --------- ##

hostname = ubuntu
uname -m = i686
uname -r = 4.4.0-142-generic
uname -s = Linux
uname -v = #168~14.04.1-Ubuntu SMP Sat Jan 19 11:28:33 UTC 2019

/usr/bin/uname -p = unknown
/bin/uname -X     = unknown

/bin/arch              = unknown
/usr/bin/arch -k       = unknown
/usr/convex/getsysinfo = unknown
/usr/bin/hostinfo      = unknown
/bin/machine           = unknown
/usr/bin/oslevel       = unknown
/bin/universe          = unknown

PATH: /home/ubuntu/Archer_C7_V5/openwrt/staging_dir/toolchain-mips_r2_gcc-4.6-linaro_uClibc-0.9.33.2/bin
PATH: /home/ubuntu/Archer_C7_V5/openwrt/staging_dir/host/bin
PATH: /home/ubuntu/Archer_C7_V5/openwrt/staging_dir/toolchain-mips_r2_gcc-4.6-linaro_uClibc-0.9.33.2/bin
PATH: /home/ubuntu/Archer_C7_V5/openwrt/staging_dir/host/bin
PATH: /home/ubuntu/Archer_C7_V5/openwrt/staging_dir/toolchain-mips_r2_gcc-4.6-linaro_uClibc-0.9.33.2/bin
PATH: /home/ubuntu/Archer_C7_V5/openwrt/staging_dir/host/bin
PATH: /usr/local/sbin
PATH: /usr/local/bin
PATH: /usr/sbin
PATH: /usr/bin
PATH: /sbin
PATH: /bin
PATH: /usr/games
PATH: /usr/local/games


## ----------- ##
## Core tests. ##
## ----------- ##

configure:2203: configuring coccinelle 1.0.0-rc21 in /home/ubuntu/Archer_C7_V5/openwrt/build_dir/host/coccinelle-coccinelle-1.0.0-rc21
configure:2221: checking for a BSD-compatible install
configure:2289: result: /usr/bin/install -c
configure:2300: checking whether build environment is sane
configure:2355: result: yes
configure:2393: WARNING: 'missing' script is too old or missing
configure:2506: checking for a thread-safe mkdir -p
configure:2545: result: /bin/mkdir -p
configure:2552: checking for gawk
configure:2582: result: no
configure:2552: checking for mawk
configure:2568: found /usr/bin/mawk
configure:2579: result: mawk
configure:2590: checking whether make sets $(MAKE)
configure:2612: result: yes
configure:2641: checking whether make supports nested variables
configure:2658: result: yes
configure:2744: determining version suffix
configure:2859: checking for i686-linux-gnu-date
configure:2892: result: no
configure:2902: checking for date
configure:2920: found /bin/date
configure:2932: result: /bin/date
configure:2966: version suffix set to Thu, 09 Dec 2021 03:50:28 -0800
configure:2970: this configure program uses pkg-config m4 macros
configure:2972: this configure program uses ocaml m4 macros (see setup/ocaml.m4)
configure:2974: this configure program uses custom m4 macros (see setup/cocci.m4)
configure:2976: some fake substitutions for required but unavailable programs may be used (see setup/fake*)
configure:2983: verifying basic tools
configure:3000: checking for style of include used by make
configure:3028: result: GNU
configure:3059: checking for i686-linux-gnu-gcc
configure:3086: result: gcc
configure:3355: checking for C compiler version
configure:3364: gcc --version >&5
gcc (Ubuntu 4.8.4-2ubuntu1~14.04.4) 4.8.4
Copyright (C) 2013 Free Software Foundation, Inc.
This is free software; see the source for copying conditions.  There is NO
warranty; not even for MERCHANTABILITY or FITNESS FOR A PARTICULAR PURPOSE.

configure:3375: $? = 0
configure:3364: gcc -v >&5
Using built-in specs.
COLLECT_GCC=gcc
COLLECT_LTO_WRAPPER=/usr/lib/gcc/i686-linux-gnu/4.8/lto-wrapper
Target: i686-linux-gnu
Configured with: ../src/configure -v --with-pkgversion='Ubuntu 4.8.4-2ubuntu1~14.04.4' --with-bugurl=file:///usr/share/doc/gcc-4.8/README.Bugs --enable-languages=c,c++,java,go,d,fortran,objc,obj-c++ --prefix=/usr --program-suffix=-4.8 --enable-shared --enable-linker-build-id --libexecdir=/usr/lib --without-included-gettext --enable-threads=posix --with-gxx-include-dir=/usr/include/c++/4.8 --libdir=/usr/lib --enable-nls --with-sysroot=/ --enable-clocale=gnu --enable-libstdcxx-debug --enable-libstdcxx-time=yes --enable-gnu-unique-object --disable-libmudflap --enable-plugin --with-system-zlib --disable-browser-plugin --enable-java-awt=gtk --enable-gtk-cairo --with-java-home=/usr/lib/jvm/java-1.5.0-gcj-4.8-i386/jre --enable-java-home --with-jvm-root-dir=/usr/lib/jvm/java-1.5.0-gcj-4.8-i386 --with-jvm-jar-dir=/usr/lib/jvm-exports/java-1.5.0-gcj-4.8-i386 --with-arch-directory=i386 --with-ecj-jar=/usr/share/java/eclipse-ecj.jar --enable-objc-gc --enable-targets=all --enable-multiarch --disable-werror --with-arch-32=i686 --with-multilib-list=m32,m64,mx32 --with-tune=generic --enable-checking=release --build=i686-linux-gnu --host=i686-linux-gnu --target=i686-linux-gnu
Thread model: posix
gcc version 4.8.4 (Ubuntu 4.8.4-2ubuntu1~14.04.4) 
configure:3375: $? = 0
configure:3364: gcc -V >&5
gcc: error: unrecognized command line option '-V'
gcc: fatal error: no input files
compilation terminated.
configure:3375: $? = 4
configure:3364: gcc -qversion >&5
gcc: error: unrecognized command line option '-qversion'
gcc: fatal error: no input files
compilation terminated.
configure:3375: $? = 4
configure:3395: checking whether the C compiler works
configure:3417: gcc -O2 -I/home/ubuntu/Archer_C7_V5/openwrt/staging_dir/host/include -I/home/ubuntu/Archer_C7_V5/openwrt/staging_dir/host/include -L/home/ubuntu/Archer_C7_V5/openwrt/staging_dir/host/lib conftest.c  >&5
configure:3421: $? = 0
configure:3469: result: yes
configure:3472: checking for C compiler default output file name
configure:3474: result: a.out
configure:3480: checking for suffix of executables
configure:3487: gcc -o conftest -O2 -I/home/ubuntu/Archer_C7_V5/openwrt/staging_dir/host/include -I/home/ubuntu/Archer_C7_V5/openwrt/staging_dir/host/include -L/home/ubuntu/Archer_C7_V5/openwrt/staging_dir/host/lib conftest.c  >&5
configure:3491: $? = 0
configure:3513: result: 
configure:3535: checking whether we are cross compiling
configure:3543: gcc -o conftest -O2 -I/home/ubuntu/Archer_C7_V5/openwrt/staging_dir/host/include -I/home/ubuntu/Archer_C7_V5/openwrt/staging_dir/host/include -L/home/ubuntu/Archer_C7_V5/openwrt/staging_dir/host/lib conftest.c  >&5
configure:3547: $? = 0
configure:3554: ./conftest
configure:3558: $? = 0
configure:3573: result: no
configure:3578: checking for suffix of object files
configure:3600: gcc -c -O2 -I/home/ubuntu/Archer_C7_V5/openwrt/staging_dir/host/include -I/home/ubuntu/Archer_C7_V5/openwrt/staging_dir/host/include conftest.c >&5
configure:3604: $? = 0
configure:3625: result: o
configure:3629: checking whether we are using the GNU C compiler
configure:3648: gcc -c -O2 -I/home/ubuntu/Archer_C7_V5/openwrt/staging_dir/host/include -I/home/ubuntu/Archer_C7_V5/openwrt/staging_dir/host/include conftest.c >&5
configure:3648: $? = 0
configure:3657: result: yes
configure:3666: checking whether gcc accepts -g
configure:3686: gcc -c -g -I/home/ubuntu/Archer_C7_V5/openwrt/staging_dir/host/include conftest.c >&5
configure:3686: $? = 0
configure:3727: result: yes
configure:3744: checking for gcc option to accept ISO C89
configure:3807: gcc  -c -O2 -I/home/ubuntu/Archer_C7_V5/openwrt/staging_dir/host/include -I/home/ubuntu/Archer_C7_V5/openwrt/staging_dir/host/include conftest.c >&5
configure:3807: $? = 0
configure:3820: result: none needed
configure:3842: checking dependency style of gcc
configure:3953: result: none
configure:3973: checking how to run the C preprocessor
configure:4004: gcc -E -I/home/ubuntu/Archer_C7_V5/openwrt/staging_dir/host/include conftest.c
configure:4004: $? = 0
configure:4018: gcc -E -I/home/ubuntu/Archer_C7_V5/openwrt/staging_dir/host/include conftest.c
conftest.c:11:28: fatal error: ac_nonexistent.h: No such file or directory
 #include <ac_nonexistent.h>
                            ^
compilation terminated.
configure:4018: $? = 1
configure: failed program was:
| /* confdefs.h */
| #define PACKAGE_NAME "coccinelle"
| #define PACKAGE_TARNAME "coccinelle"
| #define PACKAGE_VERSION "1.0.0-rc21"
| #define PACKAGE_STRING "coccinelle 1.0.0-rc21"
| #define PACKAGE_BUGREPORT "cocci@systeme.lip6.fr"
| #define PACKAGE_URL "http://coccinelle.lip6.fr/"
| #define PACKAGE "coccinelle"
| #define VERSION "1.0.0-rc21"
| /* end confdefs.h.  */
| #include <ac_nonexistent.h>
configure:4043: result: gcc -E
configure:4063: gcc -E -I/home/ubuntu/Archer_C7_V5/openwrt/staging_dir/host/include conftest.c
configure:4063: $? = 0
configure:4077: gcc -E -I/home/ubuntu/Archer_C7_V5/openwrt/staging_dir/host/include conftest.c
conftest.c:11:28: fatal error: ac_nonexistent.h: No such file or directory
 #include <ac_nonexistent.h>
                            ^
compilation terminated.
configure:4077: $? = 1
configure: failed program was:
| /* confdefs.h */
| #define PACKAGE_NAME "coccinelle"
| #define PACKAGE_TARNAME "coccinelle"
| #define PACKAGE_VERSION "1.0.0-rc21"
| #define PACKAGE_STRING "coccinelle 1.0.0-rc21"
| #define PACKAGE_BUGREPORT "cocci@systeme.lip6.fr"
| #define PACKAGE_URL "http://coccinelle.lip6.fr/"
| #define PACKAGE "coccinelle"
| #define VERSION "1.0.0-rc21"
| /* end confdefs.h.  */
| #include <ac_nonexistent.h>
configure:4107: checking for bash
configure:4137: result: /bin/bash
configure:4147: checking for tar
configure:4177: result: /bin/tar
configure:4187: checking for patch
configure:4205: found /usr/bin/patch
configure:4217: result: /usr/bin/patch
configure:4227: checking for echo
configure:4245: found /bin/echo
configure:4257: result: /bin/echo
configure:4286: checking for patchelf
configure:4319: result: no
configure:4461: checking pkg-config is at least version 0.9.0
configure:4464: result: yes
configure:5459: checking for i686-linux-gnu-ocamlc
configure:5492: result: no
configure:5502: checking for ocamlc
configure:5520: found /usr/bin/ocamlc
configure:5532: result: /usr/bin/ocamlc
configure:5557: result: OCaml version is 4.01.0
configure:5566: result: OCaml library path is /usr/lib/ocaml
configure:5576: checking for i686-linux-gnu-ocamlopt
configure:5609: result: no
configure:5619: checking for ocamlopt
configure:5637: found /usr/bin/ocamlopt
configure:5649: result: /usr/bin/ocamlopt
configure:5692: checking for i686-linux-gnu-ocamlc.opt
configure:5725: result: no
configure:5735: checking for ocamlc.opt
configure:5768: result: no
configure:5802: checking for i686-linux-gnu-ocamlopt.opt
configure:5835: result: no
configure:5845: checking for ocamlopt.opt
configure:5878: result: no
configure:5917: checking for i686-linux-gnu-ocaml
configure:5950: result: no
configure:5960: checking for ocaml
configure:5978: found /usr/bin/ocaml
configure:5990: result: /usr/bin/ocaml
configure:6017: checking for i686-linux-gnu-ocamldep
configure:6050: result: no
configure:6060: checking for ocamldep
configure:6078: found /usr/bin/ocamldep
configure:6090: result: /usr/bin/ocamldep
configure:6117: checking for i686-linux-gnu-ocamlmktop
configure:6150: result: no
configure:6160: checking for ocamlmktop
configure:6178: found /usr/bin/ocamlmktop
configure:6190: result: /usr/bin/ocamlmktop
configure:6217: checking for i686-linux-gnu-ocamlmklib
configure:6250: result: no
configure:6260: checking for ocamlmklib
configure:6278: found /usr/bin/ocamlmklib
configure:6290: result: /usr/bin/ocamlmklib
configure:6317: checking for i686-linux-gnu-ocamldoc
configure:6350: result: no
configure:6360: checking for ocamldoc
configure:6378: found /usr/bin/ocamldoc
configure:6390: result: /usr/bin/ocamldoc
configure:6417: checking for i686-linux-gnu-ocamlbuild
configure:6450: result: no
configure:6460: checking for ocamlbuild
configure:6478: found /usr/bin/ocamlbuild
configure:6490: result: /usr/bin/ocamlbuild
configure:6514: checking that the OCaml version is at least 3.10
configure:6529: result: yes
configure:6535: checking that the OCaml version is at least 3.11
configure:6550: result: yes
configure:6572: checking for i686-linux-gnu-camlp4
configure:6605: result: no
configure:6615: checking for camlp4
configure:6633: found /usr/bin/camlp4
configure:6645: result: /usr/bin/camlp4
configure:6681: checking for i686-linux-gnu-camlp4boot
configure:6714: result: no
configure:6724: checking for camlp4boot
configure:6757: result: no
configure:6779: checking for i686-linux-gnu-camlp4o
configure:6812: result: no
configure:6822: checking for camlp4o
configure:6840: found /usr/bin/camlp4o
configure:6852: result: /usr/bin/camlp4o
configure:6877: checking for i686-linux-gnu-camlp4of
configure:6910: result: no
configure:6920: checking for camlp4of
configure:6953: result: no
configure:6975: checking for i686-linux-gnu-camlp4oof
configure:7008: result: no
configure:7018: checking for camlp4oof
configure:7051: result: no
configure:7073: checking for i686-linux-gnu-camlp4orf
configure:7106: result: no
configure:7116: checking for camlp4orf
configure:7149: result: no
configure:7171: checking for i686-linux-gnu-camlp4prof
configure:7204: result: no
configure:7214: checking for camlp4prof
configure:7247: result: no
configure:7269: checking for i686-linux-gnu-camlp4r
configure:7302: result: no
configure:7312: checking for camlp4r
configure:7330: found /usr/bin/camlp4r
configure:7342: result: /usr/bin/camlp4r
configure:7367: checking for i686-linux-gnu-camlp4rf
configure:7400: result: no
configure:7410: checking for camlp4rf
configure:7443: result: no
configure:7624: checking for i686-linux-gnu-ocamllex
configure:7657: result: no
configure:7667: checking for ocamllex
configure:7685: found /usr/bin/ocamllex
configure:7697: result: /usr/bin/ocamllex
configure:7723: checking for i686-linux-gnu-ocamllex.opt
configure:7756: result: no
configure:7766: checking for ocamllex.opt
configure:7799: result: no
configure:8945: checking for i686-linux-gnu-ocamlyacc
configure:8978: result: no
configure:8988: checking for ocamlyacc
configure:9006: found /usr/bin/ocamlyacc
configure:9018: result: /usr/bin/ocamlyacc
configure:10163: checking for i686-linux-gnu-ocamlfind
configure:10196: result: no
configure:10206: checking for 
configure:10239: result: no
configure:10271: ocamlfind not found. Trying substitute /home/ubuntu/Archer_C7_V5/openwrt/build_dir/host/coccinelle-coccinelle-1.0.0-rc21/setup/fake-subst.sh ocamlfind.
configure:10709: checking for i686-linux-gnu-ocamlfind
configure:10739: result: /home/ubuntu/Archer_C7_V5/openwrt/build_dir/host/coccinelle-coccinelle-1.0.0-rc21/setup/fake-subst.sh ocamlfind
configure:11279: checking for i686-linux-gnu-ocamlprof
configure:11312: result: no
configure:11322: checking for 
configure:11355: result: no
configure:12105: verifying basic ocaml modules
configure:12111: coccinelle may use external ocaml libraries in /home/ubuntu/Archer_C7_V5/openwrt/build_dir/host/coccinelle-coccinelle-1.0.0-rc21/bundles
configure:12181: the following OCaml packages should be provided by your ocaml installation
configure:12184: checking for OCaml findlib package unix
configure:12192: result: found
configure:12219: checking for OCaml findlib package bigarray
configure:12227: result: found
configure:12254: checking for OCaml findlib package num
configure:12262: result: found
configure:12289: checking for OCaml findlib package str
configure:12297: result: found
configure:12324: configuring package dynlink
configure:12334: checking for OCaml findlib package dynlink
configure:12342: result: found
configure:12447: configuring package camlp4
configure:12457: checking for OCaml findlib package camlp4
configure:12465: result: found
configure:12570: configuring package menhirLib
configure:12580: checking for OCaml findlib package menhirLib
configure:12596: result: not found
configure:12621: OCaml package menhirLib is not available
configure:12633: checking for a bundled substitute of menhirLib
configure:12636: result: yes
configure:12638: using bundled substitute for menhirLib in /home/ubuntu/Archer_C7_V5/openwrt/build_dir/host/coccinelle-coccinelle-1.0.0-rc21/bundles/menhirLib/
configure:12698: verifying optional features
configure:13172: checking for i686-linux-gnu-menhir
configure:13205: result: no
configure:13215: checking for 
configure:13248: result: no
configure:13280: menhir not found. Trying substitute /home/ubuntu/Archer_C7_V5/openwrt/build_dir/host/coccinelle-coccinelle-1.0.0-rc21/setup/fake-menhir.sh menhir.
configure:13718: checking for i686-linux-gnu-menhir
configure:13748: result: /home/ubuntu/Archer_C7_V5/openwrt/build_dir/host/coccinelle-coccinelle-1.0.0-rc21/setup/fake-menhir.sh menhir
configure:13829: pregenerated parsers will be required as substitute for Menhir
configure:13888: ocaml scripting is disabled because it depends on ocamlfind
configure:14420: checking for i686-linux-gnu-python
configure:14453: result: no
configure:14463: checking for 
configure:14496: result: no
configure:15082: checking for python
configure:15100: found /home/ubuntu/Archer_C7_V5/openwrt/staging_dir/host/bin/python
configure:15112: result: /home/ubuntu/Archer_C7_V5/openwrt/staging_dir/host/bin/python
configure:15139: checking python version
configure:15143: result: 2.7 found
configure:15161: python major version: 2
configure:15172: looking for the corresponding python library
configure:15176: checking for PYTHON
configure:15183: $PKG_CONFIG --exists --print-errors "python-$PYVER"
Package python-2.7 was not found in the pkg-config search path.
Perhaps you should add the directory containing `python-2.7.pc'
to the PKG_CONFIG_PATH environment variable
No package 'python-2.7' found
error: /usr/include/python2.7/Python.h not found (a development version of python is not installed?)
configure:15186: $? = 1
configure:15200: $PKG_CONFIG --exists --print-errors "python-$PYVER"
Package python-2.7 was not found in the pkg-config search path.
Perhaps you should add the directory containing `python-2.7.pc'
to the PKG_CONFIG_PATH environment variable
No package 'python-2.7' found
error: /usr/include/python2.7/Python.h not found (a development version of python is not installed?)
configure:15203: $? = 1
configure:15217: result: no
No package 'python-2.7' found
fake-subst.sh: no substitution for: pkg-config --short-errors --print-errors --cflags --libs python-2.7. Running the 
original.
No package 'python-2.7' found
configure:15250: trying the default python library as fallback
configure:15254: checking for PYTHON
configure:15261: $PKG_CONFIG --exists --print-errors "python"
Package python was not found in the pkg-config search path.
Perhaps you should add the directory containing `python.pc'
to the PKG_CONFIG_PATH environment variable
No package 'python' found
error: /usr/include/python2.7/Python.h not found (a development version of python is not installed?)
configure:15264: $? = 1
configure:15278: $PKG_CONFIG --exists --print-errors "python"
Package python was not found in the pkg-config search path.
Perhaps you should add the directory containing `python.pc'
to the PKG_CONFIG_PATH environment variable
No package 'python' found
error: /usr/include/python2.7/Python.h not found (a development version of python is not installed?)
configure:15281: $? = 1
configure:15295: result: no
No package 'python' found
fake-subst.sh: no substitution for: pkg-config --short-errors --print-errors --cflags --libs python. Running the 
original.
No package 'python' found
configure:15812: pdflatex is disabled explicitly
configure:16360: pdflatex not found. Trying substitute /home/ubuntu/Archer_C7_V5/openwrt/build_dir/host/coccinelle-coccinelle-1.0.0-rc21/setup/fake-pdflatex.sh pdflatex.
configure:16798: checking for i686-linux-gnu-pdflatex
configure:16828: result: /home/ubuntu/Archer_C7_V5/openwrt/build_dir/host/coccinelle-coccinelle-1.0.0-rc21/setup/fake-pdflatex.sh pdflatex
configure:16916: choosing the development Makefile configuration because the release configuration is not explicitly requested.
configure:17192: checking that generated files are newer than configure
configure:17198: result: done
configure:17221: creating ./config.status

## ---------------------- ##
## Running config.status. ##
## ---------------------- ##

This file was extended by coccinelle config.status 1.0.0-rc21, which was
generated by GNU Autoconf 2.69.  Invocation command line was

  CONFIG_FILES    = 
  CONFIG_HEADERS  = 
  CONFIG_LINKS    = 
  CONFIG_COMMANDS = 
  $ ./config.status 

on ubuntu

config.status:952: creating Makefile.config
config.status:952: creating version.ml
config.status:952: creating commons/commands.ml
config.status:952: creating globals/config.ml
config.status:952: creating globals/regexp.ml
config.status:952: creating python/pycocci.ml
config.status:952: creating ocaml/prepare_ocamlcocci.ml
config.status:952: creating scripts/spatch.sh
config.status:952: creating docs/spatch.1
config.status:952: creating myocamlbuild.ml
config.status:952: creating setup/Makefile
config.status:1124: executing depfiles commands
configure:18362: configuration completed

## ---------------- ##
## Cache variables. ##
## ---------------- ##

ac_cv_c_compiler_gnu=yes
ac_cv_env_CC_set=set
ac_cv_env_CC_value=gcc
ac_cv_env_CFLAGS_set=set
ac_cv_env_CFLAGS_value='-O2 -I/home/ubuntu/Archer_C7_V5/openwrt/staging_dir/host/include'
ac_cv_env_COCCI_OCAML_EXTERNAL_set=
ac_cv_env_COCCI_OCAML_EXTERNAL_value=
ac_cv_env_CPPFLAGS_set=set
ac_cv_env_CPPFLAGS_value=-I/home/ubuntu/Archer_C7_V5/openwrt/staging_dir/host/include
ac_cv_env_CPP_set=
ac_cv_env_CPP_value=
ac_cv_env_LDFLAGS_set=set
ac_cv_env_LDFLAGS_value=-L/home/ubuntu/Archer_C7_V5/openwrt/staging_dir/host/lib
ac_cv_env_LIBS_set=
ac_cv_env_LIBS_value=
ac_cv_env_MENHIR_set=
ac_cv_env_MENHIR_value=
ac_cv_env_OCAMLFIND_set=
ac_cv_env_OCAMLFIND_value=
ac_cv_env_OCAMLLEX_set=
ac_cv_env_OCAMLLEX_value=
ac_cv_env_OCAMLPROF_set=
ac_cv_env_OCAMLPROF_value=
ac_cv_env_OCAMLYACC_set=
ac_cv_env_OCAMLYACC_value=
ac_cv_env_PCRE_CFLAGS_set=
ac_cv_env_PCRE_CFLAGS_value=
ac_cv_env_PCRE_LIBS_set=
ac_cv_env_PCRE_LIBS_value=
ac_cv_env_PDFLATEX_set=
ac_cv_env_PDFLATEX_value=
ac_cv_env_PKG_CONFIG_LIBDIR_set=set
ac_cv_env_PKG_CONFIG_LIBDIR_value=/home/ubuntu/Archer_C7_V5/openwrt/staging_dir/host/lib/pkgconfig
ac_cv_env_PKG_CONFIG_PATH_set=set
ac_cv_env_PKG_CONFIG_PATH_value=/home/ubuntu/Archer_C7_V5/openwrt/staging_dir/host/lib/pkgconfig
ac_cv_env_PKG_CONFIG_set=set
ac_cv_env_PKG_CONFIG_value=/home/ubuntu/Archer_C7_V5/openwrt/staging_dir/host/bin/pkg-config
ac_cv_env_PYTHON_CFLAGS_set=
ac_cv_env_PYTHON_CFLAGS_value=
ac_cv_env_PYTHON_LIBS_set=
ac_cv_env_PYTHON_LIBS_value=
ac_cv_env_PYTHON_set=
ac_cv_env_PYTHON_value=
ac_cv_env_PYVER_set=
ac_cv_env_PYVER_value=
ac_cv_env_RUNTIME_CAMLP4O_CMD_set=
ac_cv_env_RUNTIME_CAMLP4O_CMD_value=
ac_cv_env_RUNTIME_CAMLP4_CMD_set=
ac_cv_env_RUNTIME_CAMLP4_CMD_value=
ac_cv_env_RUNTIME_OCAMLC_CMD_set=
ac_cv_env_RUNTIME_OCAMLC_CMD_value=
ac_cv_env_RUNTIME_OCAMLDEP_CMD_set=
ac_cv_env_RUNTIME_OCAMLDEP_CMD_value=
ac_cv_env_RUNTIME_OCAMLFIND_CMD_set=
ac_cv_env_RUNTIME_OCAMLFIND_CMD_value=
ac_cv_env_RUNTIME_OCAMLOPT_CMD_set=
ac_cv_env_RUNTIME_OCAMLOPT_CMD_value=
ac_cv_env_build_alias_set=set
ac_cv_env_build_alias_value=i686-linux-gnu
ac_cv_env_host_alias_set=set
ac_cv_env_host_alias_value=i686-linux-gnu
ac_cv_env_target_alias_set=set
ac_cv_env_target_alias_value=i686-linux-gnu
ac_cv_objext=o
ac_cv_path_BASH=/bin/bash
ac_cv_path_ECHO=/bin/echo
ac_cv_path_MENHIR='/home/ubuntu/Archer_C7_V5/openwrt/build_dir/host/coccinelle-coccinelle-1.0.0-rc21/setup/fake-menhir.sh menhir'
ac_cv_path_OCAMLFIND='/home/ubuntu/Archer_C7_V5/openwrt/build_dir/host/coccinelle-coccinelle-1.0.0-rc21/setup/fake-subst.sh ocamlfind'
ac_cv_path_PATCH=/usr/bin/patch
ac_cv_path_PDFLATEX='/home/ubuntu/Archer_C7_V5/openwrt/build_dir/host/coccinelle-coccinelle-1.0.0-rc21/setup/fake-pdflatex.sh pdflatex'
ac_cv_path_PYTHON=/home/ubuntu/Archer_C7_V5/openwrt/staging_dir/host/bin/python
ac_cv_path_TAR=/bin/tar
ac_cv_path_ac_pt_CAMLP4=/usr/bin/camlp4
ac_cv_path_ac_pt_CAMLP4O=/usr/bin/camlp4o
ac_cv_path_ac_pt_CAMLP4R=/usr/bin/camlp4r
ac_cv_path_ac_pt_DATE=/bin/date
ac_cv_path_ac_pt_OCAML=/usr/bin/ocaml
ac_cv_path_ac_pt_OCAMLBUILD=/usr/bin/ocamlbuild
ac_cv_path_ac_pt_OCAMLC=/usr/bin/ocamlc
ac_cv_path_ac_pt_OCAMLDEP=/usr/bin/ocamldep
ac_cv_path_ac_pt_OCAMLDOC=/usr/bin/ocamldoc
ac_cv_path_ac_pt_OCAMLLEX=/usr/bin/ocamllex
ac_cv_path_ac_pt_OCAMLMKLIB=/usr/bin/ocamlmklib
ac_cv_path_ac_pt_OCAMLMKTOP=/usr/bin/ocamlmktop
ac_cv_path_ac_pt_OCAMLOPT=/usr/bin/ocamlopt
ac_cv_path_ac_pt_OCAMLYACC=/usr/bin/ocamlyacc
ac_cv_path_install='/usr/bin/install -c'
ac_cv_path_mkdir=/bin/mkdir
ac_cv_prog_AWK=mawk
ac_cv_prog_CC=gcc
ac_cv_prog_CPP='gcc -E'
ac_cv_prog_cc_c89=
ac_cv_prog_cc_g=yes
ac_cv_prog_make_make_set=yes
am_cv_CC_dependencies_compiler_type=none
am_cv_make_support_nested_variables=yes

## ----------------- ##
## Output variables. ##
## ----------------- ##

ACLOCAL='aclocal-1.13'
AMDEPBACKSLASH='\'
AMDEP_FALSE='#'
AMDEP_TRUE=''
AMTAR='$${TAR-tar}'
AM_BACKSLASH='\'
AM_DEFAULT_V='$(AM_DEFAULT_VERBOSITY)'
AM_DEFAULT_VERBOSITY='1'
AM_V='$(V)'
AUTOCONF='autoconf'
AUTOHEADER='autoheader'
AUTOMAKE='automake-1.13'
AWK='mawk'
BASH='/bin/bash'
CAMLP4='/usr/bin/camlp4'
CAMLP4BOOT='no'
CAMLP4O='/usr/bin/camlp4o'
CAMLP4OF='no'
CAMLP4OOF='no'
CAMLP4ORF='no'
CAMLP4PROF='no'
CAMLP4R='/usr/bin/camlp4r'
CAMLP4RF='no'
CC='gcc'
CCDEPMODE='depmode=none'
CFLAGS='-O2 -I/home/ubuntu/Archer_C7_V5/openwrt/staging_dir/host/include'
COCCI_OCAML_EXTERNAL='/home/ubuntu/Archer_C7_V5/openwrt/build_dir/host/coccinelle-coccinelle-1.0.0-rc21/bundles'
COCCI_SRCDIR='/home/ubuntu/Archer_C7_V5/openwrt/build_dir/host/coccinelle-coccinelle-1.0.0-rc21'
COCCI_VERSION='1.0.0-rc21'
CONFIGURE_FLAGS='CC=gcc CFLAGS=-O2 -I/home/ubuntu/Archer_C7_V5/openwrt/staging_dir/host/include CPPFLAGS=-I/home/ubuntu/Archer_C7_V5/openwrt/staging_dir/host/include LDFLAGS=-L/home/ubuntu/Archer_C7_V5/openwrt/staging_dir/host/lib SHELL=/bin/bash --target=i686-linux-gnu --host=i686-linux-gnu --build=i686-linux-gnu --program-prefix= --program-suffix= --prefix=/home/ubuntu/Archer_C7_V5/openwrt/staging_dir/host --exec-prefix=/home/ubuntu/Archer_C7_V5/openwrt/staging_dir/host --sysconfdir=/home/ubuntu/Archer_C7_V5/openwrt/staging_dir/host/etc --localstatedir=/home/ubuntu/Archer_C7_V5/openwrt/staging_dir/host/var --sbindir=/home/ubuntu/Archer_C7_V5/openwrt/staging_dir/host/bin --with-pdflatex=no --disable-pcre-syntax'
CONFVERSION='Thu, 09 Dec 2021 03:50:28 -0800'
CPP='gcc -E'
CPPFLAGS='-I/home/ubuntu/Archer_C7_V5/openwrt/staging_dir/host/include'
CYGPATH_W='echo'
DATE='/bin/date'
DEFS='-DPACKAGE_NAME=\"coccinelle\" -DPACKAGE_TARNAME=\"coccinelle\" -DPACKAGE_VERSION=\"1.0.0-rc21\" -DPACKAGE_STRING=\"coccinelle\ 1.0.0-rc21\" -DPACKAGE_BUGREPORT=\"cocci@systeme.lip6.fr\" -DPACKAGE_URL=\"http://coccinelle.lip6.fr/\" -DPACKAGE=\"coccinelle\" -DVERSION=\"1.0.0-rc21\"'
DEPDIR='.deps'
DYNLINK_IS_NATIVE='false'
ECHO='/bin/echo'
ECHO_C=''
ECHO_N='-n'
ECHO_T=''
EXEEXT=''
FEATURE_OCAML='0'
FEATURE_OCAMLBUILD=''
FEATURE_PYTHON='0'
FEATURE_camlp4='1'
FEATURE_dynlink='0'
FEATURE_menhirLib='1'
FEATURE_pcre='0'
FEATURE_pycaml='0'
FLAGS_camlp4='$(FLAGS_camlp4)'
FLAGS_dynlink=''
FLAGS_menhirLib='$(FLAGS_menhirLib)'
FLAGS_pcre=''
FLAGS_pycaml=''
GIT=''
GLOBAL_camlp4='camlp4'
GLOBAL_dynlink='dynlink'
GLOBAL_menhirLib='no'
GLOBAL_pcre=''
GLOBAL_pycaml=''
HAVE_PCRE=''
HAVE_PYTHON='no'
INSTALL='/usr/bin/install -c'
INSTALL_DATA='${INSTALL} -m 644'
INSTALL_PROGRAM='${INSTALL}'
INSTALL_SCRIPT='${INSTALL}'
INSTALL_STRIP_PROGRAM='$(install_sh) -c -s'
LDFLAGS='-L/home/ubuntu/Archer_C7_V5/openwrt/staging_dir/host/lib'
LIBOBJS=''
LIBS=''
LOCALLIB_camlp4='0'
LOCALLIB_dynlink='0'
LOCALLIB_menhirLib='1'
LOCALLIB_pcre='0'
LOCALLIB_pycaml='0'
LTLIBOBJS=''
MAKEINFO='makeinfo'
MAKETARGET_ALL='all-dev'
MAKETARGET_SPATCH='byte-only'
MAKE_camlp4=''
MAKE_dynlink=''
MAKE_menhirLib='/home/ubuntu/Archer_C7_V5/openwrt/build_dir/host/coccinelle-coccinelle-1.0.0-rc21/bundles/menhirLib/'
MAKE_pcre=''
MAKE_pycaml=''
MENHIR='/home/ubuntu/Archer_C7_V5/openwrt/build_dir/host/coccinelle-coccinelle-1.0.0-rc21/setup/fake-menhir.sh menhir'
MKDIR_P='/bin/mkdir -p'
MODULESOPT_camlp4='$(GLOBALOPT_camlp4)'
MODULESOPT_dynlink=''
MODULESOPT_menhirLib='$(LOCALOPT_menhirLib)'
MODULESOPT_pcre=''
MODULESOPT_pycaml=''
MODULES_camlp4='$(GLOBAL_camlp4)'
MODULES_dynlink=''
MODULES_menhirLib='$(LOCAL_menhirLib)'
MODULES_pcre=''
MODULES_profiling=''
MODULES_pycaml=''
OBJEXT='o'
OCAML='/usr/bin/ocaml'
OCAMLATLEAST310='yes'
OCAMLATLEAST311='yes'
OCAMLBEST='opt'
OCAMLBUILD='/usr/bin/ocamlbuild'
OCAMLC='/usr/bin/ocamlc'
OCAMLCDOTOPT='no'
OCAMLCOCCI_FILE='no_prepare_ocamlcocci.ml'
OCAMLCOCCI_MODULE='No_prepare_ocamlcocci'
OCAMLCORIG='/usr/bin/ocamlc'
OCAMLDEP='/usr/bin/ocamldep'
OCAMLDOC='/usr/bin/ocamldoc'
OCAMLFIND='/home/ubuntu/Archer_C7_V5/openwrt/build_dir/host/coccinelle-coccinelle-1.0.0-rc21/setup/fake-subst.sh ocamlfind'
OCAMLLEX='/usr/bin/ocamllex'
OCAMLLEXDOTOPT='no'
OCAMLLIB='/usr/lib/ocaml'
OCAMLMKLIB='/usr/bin/ocamlmklib'
OCAMLMKTOP='/usr/bin/ocamlmktop'
OCAMLOPT='/usr/bin/ocamlopt'
OCAMLOPTDOTOPT='no'
OCAMLPROF='no'
OCAMLVERSION='4.01.0'
OCAMLYACC='/usr/bin/ocamlyacc'
OCAML_PKG_bigarray='bigarray'
OCAML_PKG_camlp4='camlp4'
OCAML_PKG_dynlink='dynlink'
OCAML_PKG_menhirLib='no'
OCAML_PKG_num='num'
OCAML_PKG_pcre=''
OCAML_PKG_pycaml=''
OCAML_PKG_str='str'
OCAML_PKG_unix='unix'
OPTFLAGS_camlp4='$(OPTFLAGS_camlp4)'
OPTFLAGS_dynlink='$(OPTFLAGS_dynlink)'
OPTFLAGS_menhirLib='$(OPTFLAGS_menhirLib)'
OPTFLAGS_pcre=''
OPTFLAGS_pycaml=''
OPTIMIZED_dynlink='yes'
PACKAGE='coccinelle'
PACKAGE_BUGREPORT='cocci@systeme.lip6.fr'
PACKAGE_NAME='coccinelle'
PACKAGE_STRING='coccinelle 1.0.0-rc21'
PACKAGE_TARNAME='coccinelle'
PACKAGE_URL='http://coccinelle.lip6.fr/'
PACKAGE_VERSION='1.0.0-rc21'
PATCH='/usr/bin/patch'
PATCHELF=''
PATH_SEPARATOR=':'
PATH_bigarray='/usr/lib/ocaml'
PATH_camlp4='/usr/lib/ocaml/camlp4'
PATH_dynlink=''
PATH_menhirLib='/home/ubuntu/Archer_C7_V5/openwrt/build_dir/host/coccinelle-coccinelle-1.0.0-rc21/bundles/menhirLib/'
PATH_num='/usr/lib/ocaml'
PATH_pcre=''
PATH_pycaml=''
PATH_str='/usr/lib/ocaml'
PATH_unix='/usr/lib/ocaml'
PCRE_CFLAGS=''
PCRE_LIBS=''
PDFLATEX='/home/ubuntu/Archer_C7_V5/openwrt/build_dir/host/coccinelle-coccinelle-1.0.0-rc21/setup/fake-pdflatex.sh pdflatex'
PKG_CONFIG='/home/ubuntu/Archer_C7_V5/openwrt/build_dir/host/coccinelle-coccinelle-1.0.0-rc21/setup/fake-subst.sh pkg-config'
PKG_CONFIG_LIBDIR='/home/ubuntu/Archer_C7_V5/openwrt/staging_dir/host/lib/pkgconfig'
PKG_CONFIG_ORIG='pkg-config'
PKG_CONFIG_PATH='/home/ubuntu/Archer_C7_V5/openwrt/staging_dir/host/lib/pkgconfig'
PYCOCCI_FILE='no_pycocci.ml'
PYCOCCI_MODULE='No_pycocci'
PYTHON='/home/ubuntu/Archer_C7_V5/openwrt/staging_dir/host/bin/python'
PYTHON_CFLAGS=''
PYTHON_LIBS=''
PYVER='2.7'
PYVER_MAJOR='2'
REGEXP_FILE='regexp_str.ml'
REGEXP_MODULE='Regexp_str'
RUNTIME_CAMLP4O_CMD='camlp4o'
RUNTIME_CAMLP4_CMD='camlp4'
RUNTIME_OCAMLC_CMD='ocamlc'
RUNTIME_OCAMLDEP_CMD='ocamldep'
RUNTIME_OCAMLFIND_CMD='ocamlfind'
RUNTIME_OCAMLOPT_CMD='ocamlopt'
SET_MAKE=''
SHAREDIR='/home/ubuntu/Archer_C7_V5/openwrt/staging_dir/host/share/coccinelle'
SHELL='/bin/bash'
SPATCHNAME='spatch'
STRIP=''
SUBSTITUTED_MENHIR='yes'
SUBSTITUTED_OCAMLFIND='yes'
SUBSTITUTED_OCAMLLEX=''
SUBSTITUTED_OCAMLPROF=''
SUBSTITUTED_OCAMLYACC=''
SUBSTITUTED_PDFLATEX='yes'
SUBSTITUTED_PKG_CONFIG=''
SUBSTITUTED_PYTHON=''
TAR='/bin/tar'
VERSION='1.0.0-rc21'
ac_ct_CC=''
am__EXEEXT_FALSE=''
am__EXEEXT_TRUE='#'
am__fastdepCC_FALSE=''
am__fastdepCC_TRUE='#'
am__include='include'
am__isrc=''
am__leading_dot='.'
am__nodep='_no'
am__quote=''
am__tar='$${TAR-tar} chof - "$$tardir"'
am__untar='$${TAR-tar} xf -'
bindir='${exec_prefix}/bin'
build_alias='i686-linux-gnu'
datadir='${datarootdir}'
datarootdir='${prefix}/share'
docdir='${datarootdir}/doc/${PACKAGE_TARNAME}'
dvidir='${docdir}'
enable_camlp4='yes'
enable_dynlink='yes'
enable_menhirLib='local'
enable_ocaml='no'
enable_opt='no'
enable_pcre=''
enable_pcre_syntax='no'
enable_pycaml=''
enable_python='no'
enable_release='no'
exec_prefix='/home/ubuntu/Archer_C7_V5/openwrt/staging_dir/host'
host_alias='i686-linux-gnu'
htmldir='${docdir}'
includedir='${prefix}/include'
infodir='${datarootdir}/info'
install_sh='${SHELL} /home/ubuntu/Archer_C7_V5/openwrt/build_dir/host/coccinelle-coccinelle-1.0.0-rc21/setup/install-sh'
libdir='${exec_prefix}/lib'
libexecdir='${exec_prefix}/libexec'
localedir='${datarootdir}/locale'
localstatedir='/home/ubuntu/Archer_C7_V5/openwrt/staging_dir/host/var'
mandir='${datarootdir}/man'
mkdir_p='$(MKDIR_P)'
oldincludedir='/usr/include'
pdfdir='${docdir}'
prefix='/home/ubuntu/Archer_C7_V5/openwrt/staging_dir/host'
program_transform_name='s&$$&&;s&^&&'
psdir='${docdir}'
sbindir='/home/ubuntu/Archer_C7_V5/openwrt/staging_dir/host/bin'
sharedstatedir='${prefix}/com'
sysconfdir='/home/ubuntu/Archer_C7_V5/openwrt/staging_dir/host/etc'
target_alias='i686-linux-gnu'
with_MENHIR=''
with_OCAMLFIND=''
with_OCAMLLEX=''
with_OCAMLPROF=''
with_OCAMLYACC=''
with_PDFLATEX='no'
with_PKG_CONFIG=''
with_PYTHON=''

## ----------- ##
## confdefs.h. ##
## ----------- ##

/* confdefs.h */
#define PACKAGE_NAME "coccinelle"
#define PACKAGE_TARNAME "coccinelle"
#define PACKAGE_VERSION "1.0.0-rc21"
#define PACKAGE_STRING "coccinelle 1.0.0-rc21"
#define PACKAGE_BUGREPORT "cocci@systeme.lip6.fr"
#define PACKAGE_URL "http://coccinelle.lip6.fr/"
#define PACKAGE "coccinelle"
#define VERSION "1.0.0-rc21"

configure: exit 0
