This file contains any messages produced by compilers while
running configure, to aid debugging if configure makes a mistake.

It was created by libasprintf configure 1.0, which was
generated by GNU Autoconf 2.69.  Invocation command line was

  $ ./configure --disable-option-checking --prefix=/usr --target=arm-buildroot-linux-gnueabi --host=arm-buildroot-linux-gnueabi --build=i686-pc-linux-gnu --exec-prefix=/usr --sysconfdir=/etc --localstatedir=/var --program-prefix= --disable-gtk-doc --disable-gtk-doc-html --disable-doc --disable-docs --disable-documentation --with-xmlto=no --with-fop=no --disable-dependency-tracking --enable-ipv6 --enable-static --enable-shared --disable-libasprintf --disable-acl --disable-openmp --disable-rpath --disable-java --disable-native-java --disable-csharp --disable-relocatable --without-emacs build_alias=i686-pc-linux-gnu host_alias=arm-buildroot-linux-gnueabi target_alias=arm-buildroot-linux-gnueabi CC=/project/trunk/MV-AC3_GPL/tplink/buildroot-marvell/build/mv-ac3/host/usr/bin/arm-marvell-linux-gnueabi-gcc CFLAGS=-D_LARGEFILE_SOURCE -D_LARGEFILE64_SOURCE -D_FILE_OFFSET_BITS=64  -Os  LDFLAGS= CPPFLAGS=-D_LARGEFILE_SOURCE -D_LARGEFILE64_SOURCE -D_FILE_OFFSET_BITS=64 CPP=/project/trunk/MV-AC3_GPL/tplink/buildroot-marvell/build/mv-ac3/host/usr/bin/arm-marvell-linux-gnueabi-cpp CXX=/project/trunk/MV-AC3_GPL/tplink/buildroot-marvell/build/mv-ac3/host/usr/bin/arm-marvell-linux-gnueabi-g++ CXXFLAGS=-D_LARGEFILE_SOURCE -D_LARGEFILE64_SOURCE -D_FILE_OFFSET_BITS=64  -Os  --cache-file=/dev/null --srcdir=.

## --------- ##
## Platform. ##
## --------- ##

hostname = ubuntu
uname -m = i686
uname -r = 4.4.0-148-generic
uname -s = Linux
uname -v = #174~14.04.1-Ubuntu SMP Thu May 9 08:18:11 UTC 2019

/usr/bin/uname -p = unknown
/bin/uname -X     = unknown

/bin/arch              = unknown
/usr/bin/arch -k       = unknown
/usr/convex/getsysinfo = unknown
/usr/bin/hostinfo      = unknown
/bin/machine           = unknown
/usr/bin/oslevel       = unknown
/bin/universe          = unknown

PATH: /project/trunk/MV-AC3_GPL/tplink/buildroot-marvell/build/mv-ac3/host/bin
PATH: /project/trunk/MV-AC3_GPL/tplink/buildroot-marvell/build/mv-ac3/host/sbin
PATH: /project/trunk/MV-AC3_GPL/tplink/buildroot-marvell/build/mv-ac3/host/usr/bin
PATH: /project/trunk/MV-AC3_GPL/tplink/buildroot-marvell/build/mv-ac3/host/usr/sbin
PATH: /usr/local/sbin
PATH: /usr/local/bin
PATH: /usr/sbin
PATH: /usr/bin
PATH: /sbin
PATH: /bin
PATH: /snap/bin


## ----------- ##
## Core tests. ##
## ----------- ##

configure:2706: checking for a BSD-compatible install
configure:2774: result: /usr/bin/install -c
configure:2785: checking whether build environment is sane
configure:2840: result: yes
configure:2899: checking for arm-buildroot-linux-gnueabi-strip
configure:2926: result: /project/trunk/MV-AC3_GPL/tplink/buildroot-marvell/build/mv-ac3/host/usr/bin/arm-marvell-linux-gnueabi-strip
configure:2991: checking for a thread-safe mkdir -p
configure:3030: result: /bin/mkdir -p
configure:3037: checking for gawk
configure:3053: found /usr/bin/gawk
configure:3064: result: gawk
configure:3075: checking whether make sets $(MAKE)
configure:3097: result: yes
configure:3126: checking whether make supports nested variables
configure:3143: result: yes
configure:3280: checking for arm-buildroot-linux-gnueabi-gcc
configure:3307: result: /project/trunk/MV-AC3_GPL/tplink/buildroot-marvell/build/mv-ac3/host/usr/bin/arm-marvell-linux-gnueabi-gcc
configure:3576: checking for C compiler version
configure:3585: /project/trunk/MV-AC3_GPL/tplink/buildroot-marvell/build/mv-ac3/host/usr/bin/arm-marvell-linux-gnueabi-gcc --version >&5
arm-marvell-linux-gnueabi-gcc (Marvell GCC release 20160226-c4af733b 64K MAXPAGESIZE ALIGN) 4.6.4
Copyright (C) 2011 Free Software Foundation, Inc.
This is free software; see the source for copying conditions.  There is NO
warranty; not even for MERCHANTABILITY or FITNESS FOR A PARTICULAR PURPOSE.

configure:3596: $? = 0
configure:3585: /project/trunk/MV-AC3_GPL/tplink/buildroot-marvell/build/mv-ac3/host/usr/bin/arm-marvell-linux-gnueabi-gcc -v >&5
Using built-in specs.
COLLECT_GCC=/project/trunk/MV-AC3_GPL/tplink/buildroot-marvell/host/usr/bin/arm-marvell-linux-gnueabi-gcc
COLLECT_LTO_WRAPPER=/project/trunk/MV-AC3_GPL/tplink/buildroot-marvell/host/usr/bin/../libexec/gcc/arm-marvell-linux-gnueabi/4.6.4/lto-wrapper
Target: arm-marvell-linux-gnueabi
Configured with: /home/gccbuilder-i386/work/mgcc4.6/src/gcc-src/configure --host=i686-linux-gnu --build=i686-linux-gnu --target=arm-marvell-linux-gnueabi --prefix=/home/gccbuilder-i386/work/mgcc4.6/Release_64K/install/armv7-marvell-linux-gnueabi-softfp-4.6.4_64K_i686 --with-gnu-as --with-gnu-ld --enable-symvers=gnu --enable-__cxa_atexit --with-pkgversion='Marvell GCC release 20160226-c4af733b 64K MAXPAGESIZE ALIGN' --with-bugurl=mailto:mrvlgccbug@gmail.com --disable-nls --disable-libmudflap --disable-libstdcxx-pch --disable-libssp --enable-shared --enable-threads --enable-languages=c,c++ --with-sysroot=/home/gccbuilder-i386/work/mgcc4.6/Release_64K/install/armv7-marvell-linux-gnueabi-softfp-4.6.4_64K_i686/arm-marvell-linux-gnueabi/libc --with-build-sysroot=/home/gccbuilder-i386/work/mgcc4.6/Release_64K/install/armv7-marvell-linux-gnueabi-softfp-4.6.4_64K_i686/arm-marvell-linux-gnueabi/libc --with-gmp=/home/gccbuilder-i386/work/mgcc4.6/host_libs_marvell/i686/install --with-mpfr=/home/gccbuilder-i386/work/mgcc4.6/host_libs_marvell/i686/install --with-ppl=/home/gccbuilder-i386/work/mgcc4.6/host_libs_marvell/i686/install --with-host-libstdcxx='-static-libgcc -Wl,-Bstatic,-lstdc++,-Bdynamic -lm' --with-cloog=/home/gccbuilder-i386/work/mgcc4.6/host_libs_marvell/i686/install --enable-cloog-backend=isl --with-mpc=/home/gccbuilder-i386/work/mgcc4.6/host_libs_marvell/i686/install --enable-poison-system-directories --enable-lto --enable-libgomp --with-build-time-tools=/home/gccbuilder-i386/work/mgcc4.6/Release_64K/install/armv7-marvell-linux-gnueabi-softfp-4.6.4_64K_i686/arm-marvell-linux-gnueabi/bin --enable-multiarch --enable-linker-build-id --with-specs='%{funwind-tables|fno-unwind-tables|mabi=*|ffreestanding|nostdlib:;:-funwind-tables}' --with-cpu=marvell-pj4 --with-float=softfp --with-fpu=vfpv3-d16 --enable-mvl-thumb2-multilibs
Thread model: posix
gcc version 4.6.4 (Marvell GCC release 20160226-c4af733b 64K MAXPAGESIZE ALIGN) 
configure:3596: $? = 0
configure:3585: /project/trunk/MV-AC3_GPL/tplink/buildroot-marvell/build/mv-ac3/host/usr/bin/arm-marvell-linux-gnueabi-gcc -V >&5
arm-marvell-linux-gnueabi-gcc: fatal error: no input files
compilation terminated.
configure:3596: $? = 1
configure:3585: /project/trunk/MV-AC3_GPL/tplink/buildroot-marvell/build/mv-ac3/host/usr/bin/arm-marvell-linux-gnueabi-gcc -qversion >&5
arm-marvell-linux-gnueabi-gcc: fatal error: no input files
compilation terminated.
configure:3596: $? = 1
configure:3616: checking whether the C compiler works
configure:3638: /project/trunk/MV-AC3_GPL/tplink/buildroot-marvell/build/mv-ac3/host/usr/bin/arm-marvell-linux-gnueabi-gcc -D_LARGEFILE_SOURCE -D_LARGEFILE64_SOURCE -D_FILE_OFFSET_BITS=64  -Os  -D_LARGEFILE_SOURCE -D_LARGEFILE64_SOURCE -D_FILE_OFFSET_BITS=64  conftest.c  >&5
configure:3642: $? = 0
configure:3690: result: yes
configure:3693: checking for C compiler default output file name
configure:3695: result: a.out
configure:3701: checking for suffix of executables
configure:3708: /project/trunk/MV-AC3_GPL/tplink/buildroot-marvell/build/mv-ac3/host/usr/bin/arm-marvell-linux-gnueabi-gcc -o conftest -D_LARGEFILE_SOURCE -D_LARGEFILE64_SOURCE -D_FILE_OFFSET_BITS=64  -Os  -D_LARGEFILE_SOURCE -D_LARGEFILE64_SOURCE -D_FILE_OFFSET_BITS=64  conftest.c  >&5
configure:3712: $? = 0
configure:3734: result: 
configure:3756: checking whether we are cross compiling
configure:3794: result: yes
configure:3799: checking for suffix of object files
configure:3821: /project/trunk/MV-AC3_GPL/tplink/buildroot-marvell/build/mv-ac3/host/usr/bin/arm-marvell-linux-gnueabi-gcc -c -D_LARGEFILE_SOURCE -D_LARGEFILE64_SOURCE -D_FILE_OFFSET_BITS=64  -Os  -D_LARGEFILE_SOURCE -D_LARGEFILE64_SOURCE -D_FILE_OFFSET_BITS=64 conftest.c >&5
configure:3825: $? = 0
configure:3846: result: o
configure:3850: checking whether we are using the GNU C compiler
configure:3869: /project/trunk/MV-AC3_GPL/tplink/buildroot-marvell/build/mv-ac3/host/usr/bin/arm-marvell-linux-gnueabi-gcc -c -D_LARGEFILE_SOURCE -D_LARGEFILE64_SOURCE -D_FILE_OFFSET_BITS=64  -Os  -D_LARGEFILE_SOURCE -D_LARGEFILE64_SOURCE -D_FILE_OFFSET_BITS=64 conftest.c >&5
configure:3869: $? = 0
configure:3878: result: yes
configure:3887: checking whether /project/trunk/MV-AC3_GPL/tplink/buildroot-marvell/build/mv-ac3/host/usr/bin/arm-marvell-linux-gnueabi-gcc accepts -g
configure:3907: /project/trunk/MV-AC3_GPL/tplink/buildroot-marvell/build/mv-ac3/host/usr/bin/arm-marvell-linux-gnueabi-gcc -c -g -D_LARGEFILE_SOURCE -D_LARGEFILE64_SOURCE -D_FILE_OFFSET_BITS=64 conftest.c >&5
configure:3907: $? = 0
configure:3948: result: yes
configure:3965: checking for /project/trunk/MV-AC3_GPL/tplink/buildroot-marvell/build/mv-ac3/host/usr/bin/arm-marvell-linux-gnueabi-gcc option to accept ISO C89
configure:4028: /project/trunk/MV-AC3_GPL/tplink/buildroot-marvell/build/mv-ac3/host/usr/bin/arm-marvell-linux-gnueabi-gcc  -c -D_LARGEFILE_SOURCE -D_LARGEFILE64_SOURCE -D_FILE_OFFSET_BITS=64  -Os  -D_LARGEFILE_SOURCE -D_LARGEFILE64_SOURCE -D_FILE_OFFSET_BITS=64 conftest.c >&5
configure:4028: $? = 0
configure:4041: result: none needed
configure:4066: checking whether /project/trunk/MV-AC3_GPL/tplink/buildroot-marvell/build/mv-ac3/host/usr/bin/arm-marvell-linux-gnueabi-gcc understands -c and -o together
configure:4088: /project/trunk/MV-AC3_GPL/tplink/buildroot-marvell/build/mv-ac3/host/usr/bin/arm-marvell-linux-gnueabi-gcc -c conftest.c -o conftest2.o
configure:4091: $? = 0
configure:4088: /project/trunk/MV-AC3_GPL/tplink/buildroot-marvell/build/mv-ac3/host/usr/bin/arm-marvell-linux-gnueabi-gcc -c conftest.c -o conftest2.o
configure:4091: $? = 0
configure:4103: result: yes
configure:4131: checking for style of include used by make
configure:4159: result: GNU
configure:4185: checking dependency style of /project/trunk/MV-AC3_GPL/tplink/buildroot-marvell/build/mv-ac3/host/usr/bin/arm-marvell-linux-gnueabi-gcc
configure:4296: result: none
configure:4423: checking for C++ compiler version
configure:4432: /project/trunk/MV-AC3_GPL/tplink/buildroot-marvell/build/mv-ac3/host/usr/bin/arm-marvell-linux-gnueabi-g++ --version >&5
arm-marvell-linux-gnueabi-g++ (Marvell GCC release 20160226-c4af733b 64K MAXPAGESIZE ALIGN) 4.6.4
Copyright (C) 2011 Free Software Foundation, Inc.
This is free software; see the source for copying conditions.  There is NO
warranty; not even for MERCHANTABILITY or FITNESS FOR A PARTICULAR PURPOSE.

configure:4443: $? = 0
configure:4432: /project/trunk/MV-AC3_GPL/tplink/buildroot-marvell/build/mv-ac3/host/usr/bin/arm-marvell-linux-gnueabi-g++ -v >&5
Using built-in specs.
COLLECT_GCC=/project/trunk/MV-AC3_GPL/tplink/buildroot-marvell/host/usr/bin/arm-marvell-linux-gnueabi-g++
COLLECT_LTO_WRAPPER=/project/trunk/MV-AC3_GPL/tplink/buildroot-marvell/host/usr/bin/../libexec/gcc/arm-marvell-linux-gnueabi/4.6.4/lto-wrapper
Target: arm-marvell-linux-gnueabi
Configured with: /home/gccbuilder-i386/work/mgcc4.6/src/gcc-src/configure --host=i686-linux-gnu --build=i686-linux-gnu --target=arm-marvell-linux-gnueabi --prefix=/home/gccbuilder-i386/work/mgcc4.6/Release_64K/install/armv7-marvell-linux-gnueabi-softfp-4.6.4_64K_i686 --with-gnu-as --with-gnu-ld --enable-symvers=gnu --enable-__cxa_atexit --with-pkgversion='Marvell GCC release 20160226-c4af733b 64K MAXPAGESIZE ALIGN' --with-bugurl=mailto:mrvlgccbug@gmail.com --disable-nls --disable-libmudflap --disable-libstdcxx-pch --disable-libssp --enable-shared --enable-threads --enable-languages=c,c++ --with-sysroot=/home/gccbuilder-i386/work/mgcc4.6/Release_64K/install/armv7-marvell-linux-gnueabi-softfp-4.6.4_64K_i686/arm-marvell-linux-gnueabi/libc --with-build-sysroot=/home/gccbuilder-i386/work/mgcc4.6/Release_64K/install/armv7-marvell-linux-gnueabi-softfp-4.6.4_64K_i686/arm-marvell-linux-gnueabi/libc --with-gmp=/home/gccbuilder-i386/work/mgcc4.6/host_libs_marvell/i686/install --with-mpfr=/home/gccbuilder-i386/work/mgcc4.6/host_libs_marvell/i686/install --with-ppl=/home/gccbuilder-i386/work/mgcc4.6/host_libs_marvell/i686/install --with-host-libstdcxx='-static-libgcc -Wl,-Bstatic,-lstdc++,-Bdynamic -lm' --with-cloog=/home/gccbuilder-i386/work/mgcc4.6/host_libs_marvell/i686/install --enable-cloog-backend=isl --with-mpc=/home/gccbuilder-i386/work/mgcc4.6/host_libs_marvell/i686/install --enable-poison-system-directories --enable-lto --enable-libgomp --with-build-time-tools=/home/gccbuilder-i386/work/mgcc4.6/Release_64K/install/armv7-marvell-linux-gnueabi-softfp-4.6.4_64K_i686/arm-marvell-linux-gnueabi/bin --enable-multiarch --enable-linker-build-id --with-specs='%{funwind-tables|fno-unwind-tables|mabi=*|ffreestanding|nostdlib:;:-funwind-tables}' --with-cpu=marvell-pj4 --with-float=softfp --with-fpu=vfpv3-d16 --enable-mvl-thumb2-multilibs
Thread model: posix
gcc version 4.6.4 (Marvell GCC release 20160226-c4af733b 64K MAXPAGESIZE ALIGN) 
configure:4443: $? = 0
configure:4432: /project/trunk/MV-AC3_GPL/tplink/buildroot-marvell/build/mv-ac3/host/usr/bin/arm-marvell-linux-gnueabi-g++ -V >&5
arm-marvell-linux-gnueabi-g++: fatal error: no input files
compilation terminated.
configure:4443: $? = 1
configure:4432: /project/trunk/MV-AC3_GPL/tplink/buildroot-marvell/build/mv-ac3/host/usr/bin/arm-marvell-linux-gnueabi-g++ -qversion >&5
arm-marvell-linux-gnueabi-g++: fatal error: no input files
compilation terminated.
configure:4443: $? = 1
configure:4447: checking whether we are using the GNU C++ compiler
configure:4466: /project/trunk/MV-AC3_GPL/tplink/buildroot-marvell/build/mv-ac3/host/usr/bin/arm-marvell-linux-gnueabi-g++ -c -D_LARGEFILE_SOURCE -D_LARGEFILE64_SOURCE -D_FILE_OFFSET_BITS=64  -Os  -D_LARGEFILE_SOURCE -D_LARGEFILE64_SOURCE -D_FILE_OFFSET_BITS=64 conftest.cpp >&5
configure:4466: $? = 0
configure:4475: result: yes
configure:4484: checking whether /project/trunk/MV-AC3_GPL/tplink/buildroot-marvell/build/mv-ac3/host/usr/bin/arm-marvell-linux-gnueabi-g++ accepts -g
configure:4504: /project/trunk/MV-AC3_GPL/tplink/buildroot-marvell/build/mv-ac3/host/usr/bin/arm-marvell-linux-gnueabi-g++ -c -g -D_LARGEFILE_SOURCE -D_LARGEFILE64_SOURCE -D_FILE_OFFSET_BITS=64 conftest.cpp >&5
configure:4504: $? = 0
configure:4545: result: yes
configure:4570: checking dependency style of /project/trunk/MV-AC3_GPL/tplink/buildroot-marvell/build/mv-ac3/host/usr/bin/arm-marvell-linux-gnueabi-g++
configure:4681: result: none
configure:4702: checking build system type
configure:4716: result: i686-pc-linux-gnu
configure:4736: checking host system type
configure:4749: result: arm-buildroot-linux-gnueabi
configure:4779: checking how to run the C preprocessor
configure:4849: result: /project/trunk/MV-AC3_GPL/tplink/buildroot-marvell/build/mv-ac3/host/usr/bin/arm-marvell-linux-gnueabi-cpp
configure:4869: /project/trunk/MV-AC3_GPL/tplink/buildroot-marvell/build/mv-ac3/host/usr/bin/arm-marvell-linux-gnueabi-cpp -D_LARGEFILE_SOURCE -D_LARGEFILE64_SOURCE -D_FILE_OFFSET_BITS=64 conftest.c
configure:4869: $? = 0
configure:4883: /project/trunk/MV-AC3_GPL/tplink/buildroot-marvell/build/mv-ac3/host/usr/bin/arm-marvell-linux-gnueabi-cpp -D_LARGEFILE_SOURCE -D_LARGEFILE64_SOURCE -D_FILE_OFFSET_BITS=64 conftest.c
conftest.c:11:28: fatal error: ac_nonexistent.h: No such file or directory
compilation terminated.
configure:4883: $? = 1
configure: failed program was:
| /* confdefs.h */
| #define PACKAGE_NAME "libasprintf"
| #define PACKAGE_TARNAME "libasprintf"
| #define PACKAGE_VERSION "1.0"
| #define PACKAGE_STRING "libasprintf 1.0"
| #define PACKAGE_BUGREPORT ""
| #define PACKAGE_URL ""
| #define PACKAGE "libasprintf"
| #define VERSION "1.0"
| /* end confdefs.h.  */
| #include <ac_nonexistent.h>
configure:4912: checking for grep that handles long lines and -e
configure:4970: result: /bin/grep
configure:4975: checking for egrep
configure:5037: result: /bin/grep -E
configure:5044: checking for Minix Amsterdam compiler
configure:5068: result: no
configure:5380: checking how to print strings
configure:5407: result: printf
configure:5428: checking for a sed that does not truncate output
configure:5492: result: /bin/sed
configure:5510: checking for fgrep
configure:5572: result: /bin/grep -F
configure:5607: checking for ld used by /project/trunk/MV-AC3_GPL/tplink/buildroot-marvell/build/mv-ac3/host/usr/bin/arm-marvell-linux-gnueabi-gcc
configure:5674: result: /project/trunk/MV-AC3_GPL/tplink/buildroot-marvell/build/mv-ac3/host/usr/bin/arm-marvell-linux-gnueabi-ld
configure:5681: checking if the linker (/project/trunk/MV-AC3_GPL/tplink/buildroot-marvell/build/mv-ac3/host/usr/bin/arm-marvell-linux-gnueabi-ld) is GNU ld
configure:5696: result: yes
configure:5708: checking for BSD- or MS-compatible name lister (nm)
configure:5762: result: /project/trunk/MV-AC3_GPL/tplink/buildroot-marvell/build/mv-ac3/host/usr/bin/arm-marvell-linux-gnueabi-nm
configure:5892: checking the name lister (/project/trunk/MV-AC3_GPL/tplink/buildroot-marvell/build/mv-ac3/host/usr/bin/arm-marvell-linux-gnueabi-nm) interface
configure:5899: /project/trunk/MV-AC3_GPL/tplink/buildroot-marvell/build/mv-ac3/host/usr/bin/arm-marvell-linux-gnueabi-gcc -c -D_LARGEFILE_SOURCE -D_LARGEFILE64_SOURCE -D_FILE_OFFSET_BITS=64  -Os  -D_LARGEFILE_SOURCE -D_LARGEFILE64_SOURCE -D_FILE_OFFSET_BITS=64 conftest.c >&5
configure:5902: /project/trunk/MV-AC3_GPL/tplink/buildroot-marvell/build/mv-ac3/host/usr/bin/arm-marvell-linux-gnueabi-nm "conftest.o"
configure:5905: output
00000000 B some_variable
configure:5912: result: BSD nm
configure:5915: checking whether ln -s works
configure:5919: result: yes
configure:5927: checking the maximum length of command line arguments
configure:6058: result: 1572864
configure:6106: checking how to convert i686-pc-linux-gnu file names to arm-buildroot-linux-gnueabi format
configure:6146: result: func_convert_file_noop
configure:6153: checking how to convert i686-pc-linux-gnu file names to toolchain format
configure:6173: result: func_convert_file_noop
configure:6180: checking for /project/trunk/MV-AC3_GPL/tplink/buildroot-marvell/build/mv-ac3/host/usr/bin/arm-marvell-linux-gnueabi-ld option to reload object files
configure:6187: result: -r
configure:6221: checking for arm-buildroot-linux-gnueabi-objdump
configure:6248: result: /project/trunk/MV-AC3_GPL/tplink/buildroot-marvell/build/mv-ac3/host/usr/bin/arm-marvell-linux-gnueabi-objdump
configure:6317: checking how to recognize dependent libraries
configure:6517: result: pass_all
configure:6562: checking for arm-buildroot-linux-gnueabi-dlltool
configure:6592: result: no
configure:6602: checking for dlltool
configure:6632: result: no
configure:6659: checking how to associate runtime and link libraries
configure:6686: result: printf %s\n
configure:6702: checking for arm-buildroot-linux-gnueabi-ar
configure:6729: result: /project/trunk/MV-AC3_GPL/tplink/buildroot-marvell/build/mv-ac3/host/usr/bin/arm-marvell-linux-gnueabi-ar
configure:6810: checking for archiver @FILE support
configure:6827: /project/trunk/MV-AC3_GPL/tplink/buildroot-marvell/build/mv-ac3/host/usr/bin/arm-marvell-linux-gnueabi-gcc -c -D_LARGEFILE_SOURCE -D_LARGEFILE64_SOURCE -D_FILE_OFFSET_BITS=64  -Os  -D_LARGEFILE_SOURCE -D_LARGEFILE64_SOURCE -D_FILE_OFFSET_BITS=64 conftest.c >&5
configure:6827: $? = 0
configure:6830: /project/trunk/MV-AC3_GPL/tplink/buildroot-marvell/build/mv-ac3/host/usr/bin/arm-marvell-linux-gnueabi-ar cru libconftest.a @conftest.lst >&5
configure:6833: $? = 0
configure:6838: /project/trunk/MV-AC3_GPL/tplink/buildroot-marvell/build/mv-ac3/host/usr/bin/arm-marvell-linux-gnueabi-ar cru libconftest.a @conftest.lst >&5
/project/trunk/MV-AC3_GPL/tplink/buildroot-marvell/build/mv-ac3/host/usr/bin/arm-marvell-linux-gnueabi-ar: conftest.o: No such file or directory
configure:6841: $? = 1
configure:6853: result: @
configure:6871: checking for arm-buildroot-linux-gnueabi-strip
configure:6898: result: /project/trunk/MV-AC3_GPL/tplink/buildroot-marvell/build/mv-ac3/host/usr/bin/arm-marvell-linux-gnueabi-strip
configure:6970: checking for arm-buildroot-linux-gnueabi-ranlib
configure:6997: result: /project/trunk/MV-AC3_GPL/tplink/buildroot-marvell/build/mv-ac3/host/usr/bin/arm-marvell-linux-gnueabi-ranlib
configure:7139: checking command to parse /project/trunk/MV-AC3_GPL/tplink/buildroot-marvell/build/mv-ac3/host/usr/bin/arm-marvell-linux-gnueabi-nm output from /project/trunk/MV-AC3_GPL/tplink/buildroot-marvell/build/mv-ac3/host/usr/bin/arm-marvell-linux-gnueabi-gcc object
configure:7292: /project/trunk/MV-AC3_GPL/tplink/buildroot-marvell/build/mv-ac3/host/usr/bin/arm-marvell-linux-gnueabi-gcc -c -D_LARGEFILE_SOURCE -D_LARGEFILE64_SOURCE -D_FILE_OFFSET_BITS=64  -Os  -D_LARGEFILE_SOURCE -D_LARGEFILE64_SOURCE -D_FILE_OFFSET_BITS=64 conftest.c >&5
configure:7295: $? = 0
configure:7299: /project/trunk/MV-AC3_GPL/tplink/buildroot-marvell/build/mv-ac3/host/usr/bin/arm-marvell-linux-gnueabi-nm conftest.o \| sed -n -e 's/^.*[ ]\([ABCDGIRSTW][ABCDGIRSTW]*\)[ ][ ]*\([_A-Za-z][_A-Za-z0-9]*\)$/\1 \2 \2/p' | sed '/ __gnu_lto/d' \> conftest.nm
configure:7302: $? = 0
configure:7368: /project/trunk/MV-AC3_GPL/tplink/buildroot-marvell/build/mv-ac3/host/usr/bin/arm-marvell-linux-gnueabi-gcc -o conftest -D_LARGEFILE_SOURCE -D_LARGEFILE64_SOURCE -D_FILE_OFFSET_BITS=64  -Os  -D_LARGEFILE_SOURCE -D_LARGEFILE64_SOURCE -D_FILE_OFFSET_BITS=64  conftest.c conftstm.o >&5
configure:7371: $? = 0
configure:7409: result: ok
configure:7456: checking for sysroot
configure:7486: result: no
configure:7493: checking for a working dd
configure:7531: result: /bin/dd
configure:7535: checking how to truncate binary pipes
configure:7550: result: /bin/dd bs=4096 count=1
configure:7839: checking for arm-buildroot-linux-gnueabi-mt
configure:7869: result: no
configure:7879: checking for mt
configure:7895: found /bin/mt
configure:7906: result: mt
configure:7918: WARNING: using cross tools not prefixed with host triplet
configure:7929: checking if mt is a manifest tool
configure:7935: mt '-?'
configure:7943: result: no
configure:8615: checking for ANSI C header files
configure:8635: /project/trunk/MV-AC3_GPL/tplink/buildroot-marvell/build/mv-ac3/host/usr/bin/arm-marvell-linux-gnueabi-gcc -c -D_LARGEFILE_SOURCE -D_LARGEFILE64_SOURCE -D_FILE_OFFSET_BITS=64  -Os  -D_LARGEFILE_SOURCE -D_LARGEFILE64_SOURCE -D_FILE_OFFSET_BITS=64 conftest.c >&5
configure:8635: $? = 0
configure:8719: result: yes
configure:8732: checking for sys/types.h
configure:8732: /project/trunk/MV-AC3_GPL/tplink/buildroot-marvell/build/mv-ac3/host/usr/bin/arm-marvell-linux-gnueabi-gcc -c -D_LARGEFILE_SOURCE -D_LARGEFILE64_SOURCE -D_FILE_OFFSET_BITS=64  -Os  -D_LARGEFILE_SOURCE -D_LARGEFILE64_SOURCE -D_FILE_OFFSET_BITS=64 conftest.c >&5
configure:8732: $? = 0
configure:8732: result: yes
configure:8732: checking for sys/stat.h
configure:8732: /project/trunk/MV-AC3_GPL/tplink/buildroot-marvell/build/mv-ac3/host/usr/bin/arm-marvell-linux-gnueabi-gcc -c -D_LARGEFILE_SOURCE -D_LARGEFILE64_SOURCE -D_FILE_OFFSET_BITS=64  -Os  -D_LARGEFILE_SOURCE -D_LARGEFILE64_SOURCE -D_FILE_OFFSET_BITS=64 conftest.c >&5
configure:8732: $? = 0
configure:8732: result: yes
configure:8732: checking for stdlib.h
configure:8732: /project/trunk/MV-AC3_GPL/tplink/buildroot-marvell/build/mv-ac3/host/usr/bin/arm-marvell-linux-gnueabi-gcc -c -D_LARGEFILE_SOURCE -D_LARGEFILE64_SOURCE -D_FILE_OFFSET_BITS=64  -Os  -D_LARGEFILE_SOURCE -D_LARGEFILE64_SOURCE -D_FILE_OFFSET_BITS=64 conftest.c >&5
configure:8732: $? = 0
configure:8732: result: yes
configure:8732: checking for string.h
configure:8732: /project/trunk/MV-AC3_GPL/tplink/buildroot-marvell/build/mv-ac3/host/usr/bin/arm-marvell-linux-gnueabi-gcc -c -D_LARGEFILE_SOURCE -D_LARGEFILE64_SOURCE -D_FILE_OFFSET_BITS=64  -Os  -D_LARGEFILE_SOURCE -D_LARGEFILE64_SOURCE -D_FILE_OFFSET_BITS=64 conftest.c >&5
configure:8732: $? = 0
configure:8732: result: yes
configure:8732: checking for memory.h
configure:8732: /project/trunk/MV-AC3_GPL/tplink/buildroot-marvell/build/mv-ac3/host/usr/bin/arm-marvell-linux-gnueabi-gcc -c -D_LARGEFILE_SOURCE -D_LARGEFILE64_SOURCE -D_FILE_OFFSET_BITS=64  -Os  -D_LARGEFILE_SOURCE -D_LARGEFILE64_SOURCE -D_FILE_OFFSET_BITS=64 conftest.c >&5
configure:8732: $? = 0
configure:8732: result: yes
configure:8732: checking for strings.h
configure:8732: /project/trunk/MV-AC3_GPL/tplink/buildroot-marvell/build/mv-ac3/host/usr/bin/arm-marvell-linux-gnueabi-gcc -c -D_LARGEFILE_SOURCE -D_LARGEFILE64_SOURCE -D_FILE_OFFSET_BITS=64  -Os  -D_LARGEFILE_SOURCE -D_LARGEFILE64_SOURCE -D_FILE_OFFSET_BITS=64 conftest.c >&5
configure:8732: $? = 0
configure:8732: result: yes
configure:8732: checking for inttypes.h
configure:8732: /project/trunk/MV-AC3_GPL/tplink/buildroot-marvell/build/mv-ac3/host/usr/bin/arm-marvell-linux-gnueabi-gcc -c -D_LARGEFILE_SOURCE -D_LARGEFILE64_SOURCE -D_FILE_OFFSET_BITS=64  -Os  -D_LARGEFILE_SOURCE -D_LARGEFILE64_SOURCE -D_FILE_OFFSET_BITS=64 conftest.c >&5
configure:8732: $? = 0
configure:8732: result: yes
configure:8732: checking for stdint.h
configure:8732: /project/trunk/MV-AC3_GPL/tplink/buildroot-marvell/build/mv-ac3/host/usr/bin/arm-marvell-linux-gnueabi-gcc -c -D_LARGEFILE_SOURCE -D_LARGEFILE64_SOURCE -D_FILE_OFFSET_BITS=64  -Os  -D_LARGEFILE_SOURCE -D_LARGEFILE64_SOURCE -D_FILE_OFFSET_BITS=64 conftest.c >&5
configure:8732: $? = 0
configure:8732: result: yes
configure:8732: checking for unistd.h
configure:8732: /project/trunk/MV-AC3_GPL/tplink/buildroot-marvell/build/mv-ac3/host/usr/bin/arm-marvell-linux-gnueabi-gcc -c -D_LARGEFILE_SOURCE -D_LARGEFILE64_SOURCE -D_FILE_OFFSET_BITS=64  -Os  -D_LARGEFILE_SOURCE -D_LARGEFILE64_SOURCE -D_FILE_OFFSET_BITS=64 conftest.c >&5
configure:8732: $? = 0
configure:8732: result: yes
configure:8746: checking for dlfcn.h
configure:8746: /project/trunk/MV-AC3_GPL/tplink/buildroot-marvell/build/mv-ac3/host/usr/bin/arm-marvell-linux-gnueabi-gcc -c -D_LARGEFILE_SOURCE -D_LARGEFILE64_SOURCE -D_FILE_OFFSET_BITS=64  -Os  -D_LARGEFILE_SOURCE -D_LARGEFILE64_SOURCE -D_FILE_OFFSET_BITS=64 conftest.c >&5
configure:8746: $? = 0
configure:8746: result: yes
configure:9311: checking for objdir
configure:9326: result: .libs
configure:9590: checking if /project/trunk/MV-AC3_GPL/tplink/buildroot-marvell/build/mv-ac3/host/usr/bin/arm-marvell-linux-gnueabi-gcc supports -fno-rtti -fno-exceptions
configure:9608: /project/trunk/MV-AC3_GPL/tplink/buildroot-marvell/build/mv-ac3/host/usr/bin/arm-marvell-linux-gnueabi-gcc -c -D_LARGEFILE_SOURCE -D_LARGEFILE64_SOURCE -D_FILE_OFFSET_BITS=64  -Os  -D_LARGEFILE_SOURCE -D_LARGEFILE64_SOURCE -D_FILE_OFFSET_BITS=64 -fno-rtti -fno-exceptions conftest.c >&5
cc1: warning: command line option '-fno-rtti' is valid for C++/ObjC++ but not for C [enabled by default]
configure:9612: $? = 0
configure:9625: result: no
configure:9983: checking for /project/trunk/MV-AC3_GPL/tplink/buildroot-marvell/build/mv-ac3/host/usr/bin/arm-marvell-linux-gnueabi-gcc option to produce PIC
configure:9990: result: -fPIC -DPIC
configure:9998: checking if /project/trunk/MV-AC3_GPL/tplink/buildroot-marvell/build/mv-ac3/host/usr/bin/arm-marvell-linux-gnueabi-gcc PIC flag -fPIC -DPIC works
configure:10016: /project/trunk/MV-AC3_GPL/tplink/buildroot-marvell/build/mv-ac3/host/usr/bin/arm-marvell-linux-gnueabi-gcc -c -D_LARGEFILE_SOURCE -D_LARGEFILE64_SOURCE -D_FILE_OFFSET_BITS=64  -Os  -D_LARGEFILE_SOURCE -D_LARGEFILE64_SOURCE -D_FILE_OFFSET_BITS=64 -fPIC -DPIC -DPIC conftest.c >&5
configure:10020: $? = 0
configure:10033: result: yes
configure:10062: checking if /project/trunk/MV-AC3_GPL/tplink/buildroot-marvell/build/mv-ac3/host/usr/bin/arm-marvell-linux-gnueabi-gcc static flag -static works
configure:10090: result: yes
configure:10105: checking if /project/trunk/MV-AC3_GPL/tplink/buildroot-marvell/build/mv-ac3/host/usr/bin/arm-marvell-linux-gnueabi-gcc supports -c -o file.o
configure:10126: /project/trunk/MV-AC3_GPL/tplink/buildroot-marvell/build/mv-ac3/host/usr/bin/arm-marvell-linux-gnueabi-gcc -c -D_LARGEFILE_SOURCE -D_LARGEFILE64_SOURCE -D_FILE_OFFSET_BITS=64  -Os  -D_LARGEFILE_SOURCE -D_LARGEFILE64_SOURCE -D_FILE_OFFSET_BITS=64 -o out/conftest2.o conftest.c >&5
configure:10130: $? = 0
configure:10152: result: yes
configure:10160: checking if /project/trunk/MV-AC3_GPL/tplink/buildroot-marvell/build/mv-ac3/host/usr/bin/arm-marvell-linux-gnueabi-gcc supports -c -o file.o
configure:10207: result: yes
configure:10240: checking whether the /project/trunk/MV-AC3_GPL/tplink/buildroot-marvell/build/mv-ac3/host/usr/bin/arm-marvell-linux-gnueabi-gcc linker (/project/trunk/MV-AC3_GPL/tplink/buildroot-marvell/build/mv-ac3/host/usr/bin/arm-marvell-linux-gnueabi-ld) supports shared libraries
configure:11499: result: yes
configure:11536: checking whether -lc should be explicitly linked in
configure:11544: /project/trunk/MV-AC3_GPL/tplink/buildroot-marvell/build/mv-ac3/host/usr/bin/arm-marvell-linux-gnueabi-gcc -c -D_LARGEFILE_SOURCE -D_LARGEFILE64_SOURCE -D_FILE_OFFSET_BITS=64  -Os  -D_LARGEFILE_SOURCE -D_LARGEFILE64_SOURCE -D_FILE_OFFSET_BITS=64 conftest.c >&5
configure:11547: $? = 0
configure:11562: /project/trunk/MV-AC3_GPL/tplink/buildroot-marvell/build/mv-ac3/host/usr/bin/arm-marvell-linux-gnueabi-gcc -shared  -fPIC -DPIC conftest.o  -v -Wl,-soname -Wl,conftest -o conftest 2\>\&1 \| /bin/grep  -lc  \>/dev/null 2\>\&1
configure:11565: $? = 0
configure:11579: result: no
configure:11739: checking dynamic linker characteristics
configure:12320: /project/trunk/MV-AC3_GPL/tplink/buildroot-marvell/build/mv-ac3/host/usr/bin/arm-marvell-linux-gnueabi-gcc -o conftest -D_LARGEFILE_SOURCE -D_LARGEFILE64_SOURCE -D_FILE_OFFSET_BITS=64  -Os  -D_LARGEFILE_SOURCE -D_LARGEFILE64_SOURCE -D_FILE_OFFSET_BITS=64  -Wl,-rpath -Wl,/foo conftest.c  >&5
configure:12320: $? = 0
configure:12557: result: GNU/Linux ld.so
configure:12679: checking how to hardcode library paths into programs
configure:12704: result: immediate
configure:13252: checking whether stripping libraries is possible
configure:13257: result: yes
configure:13292: checking if libtool supports shared libraries
configure:13294: result: yes
configure:13297: checking whether to build shared libraries
configure:13322: result: yes
configure:13325: checking whether to build static libraries
configure:13329: result: yes
configure:13352: checking how to run the C++ preprocessor
configure:13379: /project/trunk/MV-AC3_GPL/tplink/buildroot-marvell/build/mv-ac3/host/usr/bin/arm-marvell-linux-gnueabi-g++ -E -D_LARGEFILE_SOURCE -D_LARGEFILE64_SOURCE -D_FILE_OFFSET_BITS=64 conftest.cpp
configure:13379: $? = 0
configure:13393: /project/trunk/MV-AC3_GPL/tplink/buildroot-marvell/build/mv-ac3/host/usr/bin/arm-marvell-linux-gnueabi-g++ -E -D_LARGEFILE_SOURCE -D_LARGEFILE64_SOURCE -D_FILE_OFFSET_BITS=64 conftest.cpp
conftest.cpp:23:28: fatal error: ac_nonexistent.h: No such file or directory
compilation terminated.
configure:13393: $? = 1
configure: failed program was:
| /* confdefs.h */
| #define PACKAGE_NAME "libasprintf"
| #define PACKAGE_TARNAME "libasprintf"
| #define PACKAGE_VERSION "1.0"
| #define PACKAGE_STRING "libasprintf 1.0"
| #define PACKAGE_BUGREPORT ""
| #define PACKAGE_URL ""
| #define PACKAGE "libasprintf"
| #define VERSION "1.0"
| #define STDC_HEADERS 1
| #define HAVE_SYS_TYPES_H 1
| #define HAVE_SYS_STAT_H 1
| #define HAVE_STDLIB_H 1
| #define HAVE_STRING_H 1
| #define HAVE_MEMORY_H 1
| #define HAVE_STRINGS_H 1
| #define HAVE_INTTYPES_H 1
| #define HAVE_STDINT_H 1
| #define HAVE_UNISTD_H 1
| #define HAVE_DLFCN_H 1
| #define LT_OBJDIR ".libs/"
| /* end confdefs.h.  */
| #include <ac_nonexistent.h>
configure:13418: result: /project/trunk/MV-AC3_GPL/tplink/buildroot-marvell/build/mv-ac3/host/usr/bin/arm-marvell-linux-gnueabi-g++ -E
configure:13438: /project/trunk/MV-AC3_GPL/tplink/buildroot-marvell/build/mv-ac3/host/usr/bin/arm-marvell-linux-gnueabi-g++ -E -D_LARGEFILE_SOURCE -D_LARGEFILE64_SOURCE -D_FILE_OFFSET_BITS=64 conftest.cpp
configure:13438: $? = 0
configure:13452: /project/trunk/MV-AC3_GPL/tplink/buildroot-marvell/build/mv-ac3/host/usr/bin/arm-marvell-linux-gnueabi-g++ -E -D_LARGEFILE_SOURCE -D_LARGEFILE64_SOURCE -D_FILE_OFFSET_BITS=64 conftest.cpp
conftest.cpp:23:28: fatal error: ac_nonexistent.h: No such file or directory
compilation terminated.
configure:13452: $? = 1
configure: failed program was:
| /* confdefs.h */
| #define PACKAGE_NAME "libasprintf"
| #define PACKAGE_TARNAME "libasprintf"
| #define PACKAGE_VERSION "1.0"
| #define PACKAGE_STRING "libasprintf 1.0"
| #define PACKAGE_BUGREPORT ""
| #define PACKAGE_URL ""
| #define PACKAGE "libasprintf"
| #define VERSION "1.0"
| #define STDC_HEADERS 1
| #define HAVE_SYS_TYPES_H 1
| #define HAVE_SYS_STAT_H 1
| #define HAVE_STDLIB_H 1
| #define HAVE_STRING_H 1
| #define HAVE_MEMORY_H 1
| #define HAVE_STRINGS_H 1
| #define HAVE_INTTYPES_H 1
| #define HAVE_STDINT_H 1
| #define HAVE_UNISTD_H 1
| #define HAVE_DLFCN_H 1
| #define LT_OBJDIR ".libs/"
| /* end confdefs.h.  */
| #include <ac_nonexistent.h>
configure:13614: checking for ld used by /project/trunk/MV-AC3_GPL/tplink/buildroot-marvell/build/mv-ac3/host/usr/bin/arm-marvell-linux-gnueabi-g++
configure:13681: result: /project/trunk/MV-AC3_GPL/tplink/buildroot-marvell/build/mv-ac3/host/usr/bin/arm-marvell-linux-gnueabi-ld
configure:13688: checking if the linker (/project/trunk/MV-AC3_GPL/tplink/buildroot-marvell/build/mv-ac3/host/usr/bin/arm-marvell-linux-gnueabi-ld) is GNU ld
configure:13703: result: yes
configure:13758: checking whether the /project/trunk/MV-AC3_GPL/tplink/buildroot-marvell/build/mv-ac3/host/usr/bin/arm-marvell-linux-gnueabi-g++ linker (/project/trunk/MV-AC3_GPL/tplink/buildroot-marvell/build/mv-ac3/host/usr/bin/arm-marvell-linux-gnueabi-ld) supports shared libraries
configure:14831: result: yes
configure:14867: /project/trunk/MV-AC3_GPL/tplink/buildroot-marvell/build/mv-ac3/host/usr/bin/arm-marvell-linux-gnueabi-g++ -c -D_LARGEFILE_SOURCE -D_LARGEFILE64_SOURCE -D_FILE_OFFSET_BITS=64  -Os  -D_LARGEFILE_SOURCE -D_LARGEFILE64_SOURCE -D_FILE_OFFSET_BITS=64 conftest.cpp >&5
configure:14870: $? = 0
configure:15351: checking for /project/trunk/MV-AC3_GPL/tplink/buildroot-marvell/build/mv-ac3/host/usr/bin/arm-marvell-linux-gnueabi-g++ option to produce PIC
configure:15358: result: -fPIC -DPIC
configure:15366: checking if /project/trunk/MV-AC3_GPL/tplink/buildroot-marvell/build/mv-ac3/host/usr/bin/arm-marvell-linux-gnueabi-g++ PIC flag -fPIC -DPIC works
configure:15384: /project/trunk/MV-AC3_GPL/tplink/buildroot-marvell/build/mv-ac3/host/usr/bin/arm-marvell-linux-gnueabi-g++ -c -D_LARGEFILE_SOURCE -D_LARGEFILE64_SOURCE -D_FILE_OFFSET_BITS=64  -Os  -D_LARGEFILE_SOURCE -D_LARGEFILE64_SOURCE -D_FILE_OFFSET_BITS=64 -fPIC -DPIC -DPIC conftest.cpp >&5
configure:15388: $? = 0
configure:15401: result: yes
configure:15424: checking if /project/trunk/MV-AC3_GPL/tplink/buildroot-marvell/build/mv-ac3/host/usr/bin/arm-marvell-linux-gnueabi-g++ static flag -static works
configure:15452: result: yes
configure:15464: checking if /project/trunk/MV-AC3_GPL/tplink/buildroot-marvell/build/mv-ac3/host/usr/bin/arm-marvell-linux-gnueabi-g++ supports -c -o file.o
configure:15485: /project/trunk/MV-AC3_GPL/tplink/buildroot-marvell/build/mv-ac3/host/usr/bin/arm-marvell-linux-gnueabi-g++ -c -D_LARGEFILE_SOURCE -D_LARGEFILE64_SOURCE -D_FILE_OFFSET_BITS=64  -Os  -D_LARGEFILE_SOURCE -D_LARGEFILE64_SOURCE -D_FILE_OFFSET_BITS=64 -o out/conftest2.o conftest.cpp >&5
configure:15489: $? = 0
configure:15511: result: yes
configure:15516: checking if /project/trunk/MV-AC3_GPL/tplink/buildroot-marvell/build/mv-ac3/host/usr/bin/arm-marvell-linux-gnueabi-g++ supports -c -o file.o
configure:15563: result: yes
configure:15593: checking whether the /project/trunk/MV-AC3_GPL/tplink/buildroot-marvell/build/mv-ac3/host/usr/bin/arm-marvell-linux-gnueabi-g++ linker (/project/trunk/MV-AC3_GPL/tplink/buildroot-marvell/build/mv-ac3/host/usr/bin/arm-marvell-linux-gnueabi-ld) supports shared libraries
configure:15633: result: yes
configure:15774: checking dynamic linker characteristics
configure:16519: result: GNU/Linux ld.so
configure:16584: checking how to hardcode library paths into programs
configure:16609: result: immediate
configure:16681: checking features.h usability
configure:16681: /project/trunk/MV-AC3_GPL/tplink/buildroot-marvell/build/mv-ac3/host/usr/bin/arm-marvell-linux-gnueabi-gcc -c -D_LARGEFILE_SOURCE -D_LARGEFILE64_SOURCE -D_FILE_OFFSET_BITS=64  -Os  -D_LARGEFILE_SOURCE -D_LARGEFILE64_SOURCE -D_FILE_OFFSET_BITS=64 conftest.c >&5
configure:16681: $? = 0
configure:16681: result: yes
configure:16681: checking features.h presence
configure:16681: /project/trunk/MV-AC3_GPL/tplink/buildroot-marvell/build/mv-ac3/host/usr/bin/arm-marvell-linux-gnueabi-cpp -D_LARGEFILE_SOURCE -D_LARGEFILE64_SOURCE -D_FILE_OFFSET_BITS=64 conftest.c
configure:16681: $? = 0
configure:16681: result: yes
configure:16681: checking for features.h
configure:16681: result: yes
configure:16692: checking for inline
configure:16708: /project/trunk/MV-AC3_GPL/tplink/buildroot-marvell/build/mv-ac3/host/usr/bin/arm-marvell-linux-gnueabi-gcc -c -D_LARGEFILE_SOURCE -D_LARGEFILE64_SOURCE -D_FILE_OFFSET_BITS=64  -Os  -D_LARGEFILE_SOURCE -D_LARGEFILE64_SOURCE -D_FILE_OFFSET_BITS=64 conftest.c >&5
configure:16708: $? = 0
configure:16716: result: inline
configure:16734: checking for size_t
configure:16734: /project/trunk/MV-AC3_GPL/tplink/buildroot-marvell/build/mv-ac3/host/usr/bin/arm-marvell-linux-gnueabi-gcc -c -D_LARGEFILE_SOURCE -D_LARGEFILE64_SOURCE -D_FILE_OFFSET_BITS=64  -Os  -D_LARGEFILE_SOURCE -D_LARGEFILE64_SOURCE -D_FILE_OFFSET_BITS=64 conftest.c >&5
configure:16734: $? = 0
configure:16734: /project/trunk/MV-AC3_GPL/tplink/buildroot-marvell/build/mv-ac3/host/usr/bin/arm-marvell-linux-gnueabi-gcc -c -D_LARGEFILE_SOURCE -D_LARGEFILE64_SOURCE -D_FILE_OFFSET_BITS=64  -Os  -D_LARGEFILE_SOURCE -D_LARGEFILE64_SOURCE -D_FILE_OFFSET_BITS=64 conftest.c >&5
conftest.c: In function 'main':
conftest.c:60:21: error: expected expression before ')' token
configure:16734: $? = 1
configure: failed program was:
| /* confdefs.h */
| #define PACKAGE_NAME "libasprintf"
| #define PACKAGE_TARNAME "libasprintf"
| #define PACKAGE_VERSION "1.0"
| #define PACKAGE_STRING "libasprintf 1.0"
| #define PACKAGE_BUGREPORT ""
| #define PACKAGE_URL ""
| #define PACKAGE "libasprintf"
| #define VERSION "1.0"
| #define STDC_HEADERS 1
| #define HAVE_SYS_TYPES_H 1
| #define HAVE_SYS_STAT_H 1
| #define HAVE_STDLIB_H 1
| #define HAVE_STRING_H 1
| #define HAVE_MEMORY_H 1
| #define HAVE_STRINGS_H 1
| #define HAVE_INTTYPES_H 1
| #define HAVE_STDINT_H 1
| #define HAVE_UNISTD_H 1
| #define HAVE_DLFCN_H 1
| #define LT_OBJDIR ".libs/"
| #define HAVE_FEATURES_H 1
| /* end confdefs.h.  */
| #include <stdio.h>
| #ifdef HAVE_SYS_TYPES_H
| # include <sys/types.h>
| #endif
| #ifdef HAVE_SYS_STAT_H
| # include <sys/stat.h>
| #endif
| #ifdef STDC_HEADERS
| # include <stdlib.h>
| # include <stddef.h>
| #else
| # ifdef HAVE_STDLIB_H
| #  include <stdlib.h>
| # endif
| #endif
| #ifdef HAVE_STRING_H
| # if !defined STDC_HEADERS && defined HAVE_MEMORY_H
| #  include <memory.h>
| # endif
| # include <string.h>
| #endif
| #ifdef HAVE_STRINGS_H
| # include <strings.h>
| #endif
| #ifdef HAVE_INTTYPES_H
| # include <inttypes.h>
| #endif
| #ifdef HAVE_STDINT_H
| # include <stdint.h>
| #endif
| #ifdef HAVE_UNISTD_H
| # include <unistd.h>
| #endif
| int
| main ()
| {
| if (sizeof ((size_t)))
| 	    return 0;
|   ;
|   return 0;
| }
configure:16734: result: yes
configure:16746: checking for unsigned long long int
configure:16785: /project/trunk/MV-AC3_GPL/tplink/buildroot-marvell/build/mv-ac3/host/usr/bin/arm-marvell-linux-gnueabi-gcc -o conftest -D_LARGEFILE_SOURCE -D_LARGEFILE64_SOURCE -D_FILE_OFFSET_BITS=64  -Os  -D_LARGEFILE_SOURCE -D_LARGEFILE64_SOURCE -D_FILE_OFFSET_BITS=64  conftest.c  >&5
configure:16785: $? = 0
configure:16794: result: yes
configure:16804: checking for long long int
configure:16854: result: yes
configure:16863: checking for wchar_t
configure:16880: /project/trunk/MV-AC3_GPL/tplink/buildroot-marvell/build/mv-ac3/host/usr/bin/arm-marvell-linux-gnueabi-gcc -c -D_LARGEFILE_SOURCE -D_LARGEFILE64_SOURCE -D_FILE_OFFSET_BITS=64  -Os  -D_LARGEFILE_SOURCE -D_LARGEFILE64_SOURCE -D_FILE_OFFSET_BITS=64 conftest.c >&5
configure:16880: $? = 0
configure:16887: result: yes
configure:16896: checking for wint_t
configure:16921: /project/trunk/MV-AC3_GPL/tplink/buildroot-marvell/build/mv-ac3/host/usr/bin/arm-marvell-linux-gnueabi-gcc -c -D_LARGEFILE_SOURCE -D_LARGEFILE64_SOURCE -D_FILE_OFFSET_BITS=64  -Os  -D_LARGEFILE_SOURCE -D_LARGEFILE64_SOURCE -D_FILE_OFFSET_BITS=64 conftest.c >&5
configure:16921: $? = 0
configure:16928: result: yes
configure:16936: checking for mbstate_t
configure:16953: /project/trunk/MV-AC3_GPL/tplink/buildroot-marvell/build/mv-ac3/host/usr/bin/arm-marvell-linux-gnueabi-gcc -c -D_LARGEFILE_SOURCE -D_LARGEFILE64_SOURCE -D_FILE_OFFSET_BITS=64  -Os  -D_LARGEFILE_SOURCE -D_LARGEFILE64_SOURCE -D_FILE_OFFSET_BITS=64 conftest.c >&5
configure:16953: $? = 0
configure:16960: result: yes
configure:16971: checking for ptrdiff_t
configure:16971: /project/trunk/MV-AC3_GPL/tplink/buildroot-marvell/build/mv-ac3/host/usr/bin/arm-marvell-linux-gnueabi-gcc -c -D_LARGEFILE_SOURCE -D_LARGEFILE64_SOURCE -D_FILE_OFFSET_BITS=64  -Os  -D_LARGEFILE_SOURCE -D_LARGEFILE64_SOURCE -D_FILE_OFFSET_BITS=64 conftest.c >&5
configure:16971: $? = 0
configure:16971: /project/trunk/MV-AC3_GPL/tplink/buildroot-marvell/build/mv-ac3/host/usr/bin/arm-marvell-linux-gnueabi-gcc -c -D_LARGEFILE_SOURCE -D_LARGEFILE64_SOURCE -D_FILE_OFFSET_BITS=64  -Os  -D_LARGEFILE_SOURCE -D_LARGEFILE64_SOURCE -D_FILE_OFFSET_BITS=64 conftest.c >&5
conftest.c: In function 'main':
conftest.c:65:24: error: expected expression before ')' token
configure:16971: $? = 1
configure: failed program was:
| /* confdefs.h */
| #define PACKAGE_NAME "libasprintf"
| #define PACKAGE_TARNAME "libasprintf"
| #define PACKAGE_VERSION "1.0"
| #define PACKAGE_STRING "libasprintf 1.0"
| #define PACKAGE_BUGREPORT ""
| #define PACKAGE_URL ""
| #define PACKAGE "libasprintf"
| #define VERSION "1.0"
| #define STDC_HEADERS 1
| #define HAVE_SYS_TYPES_H 1
| #define HAVE_SYS_STAT_H 1
| #define HAVE_STDLIB_H 1
| #define HAVE_STRING_H 1
| #define HAVE_MEMORY_H 1
| #define HAVE_STRINGS_H 1
| #define HAVE_INTTYPES_H 1
| #define HAVE_STDINT_H 1
| #define HAVE_UNISTD_H 1
| #define HAVE_DLFCN_H 1
| #define LT_OBJDIR ".libs/"
| #define HAVE_FEATURES_H 1
| #define HAVE_UNSIGNED_LONG_LONG_INT 1
| #define HAVE_LONG_LONG_INT 1
| #define HAVE_WCHAR_T 1
| #define HAVE_WINT_T 1
| #define HAVE_MBSTATE_T 1
| /* end confdefs.h.  */
| #include <stdio.h>
| #ifdef HAVE_SYS_TYPES_H
| # include <sys/types.h>
| #endif
| #ifdef HAVE_SYS_STAT_H
| # include <sys/stat.h>
| #endif
| #ifdef STDC_HEADERS
| # include <stdlib.h>
| # include <stddef.h>
| #else
| # ifdef HAVE_STDLIB_H
| #  include <stdlib.h>
| # endif
| #endif
| #ifdef HAVE_STRING_H
| # if !defined STDC_HEADERS && defined HAVE_MEMORY_H
| #  include <memory.h>
| # endif
| # include <string.h>
| #endif
| #ifdef HAVE_STRINGS_H
| # include <strings.h>
| #endif
| #ifdef HAVE_INTTYPES_H
| # include <inttypes.h>
| #endif
| #ifdef HAVE_STDINT_H
| # include <stdint.h>
| #endif
| #ifdef HAVE_UNISTD_H
| # include <unistd.h>
| #endif
| int
| main ()
| {
| if (sizeof ((ptrdiff_t)))
| 	    return 0;
|   ;
|   return 0;
| }
configure:16971: result: yes
configure:16982: checking for inttypes.h
configure:17001: /project/trunk/MV-AC3_GPL/tplink/buildroot-marvell/build/mv-ac3/host/usr/bin/arm-marvell-linux-gnueabi-gcc -c -D_LARGEFILE_SOURCE -D_LARGEFILE64_SOURCE -D_FILE_OFFSET_BITS=64  -Os  -D_LARGEFILE_SOURCE -D_LARGEFILE64_SOURCE -D_FILE_OFFSET_BITS=64 conftest.c >&5
configure:17001: $? = 0
configure:17008: result: yes
configure:17019: checking for stdint.h
configure:17036: /project/trunk/MV-AC3_GPL/tplink/buildroot-marvell/build/mv-ac3/host/usr/bin/arm-marvell-linux-gnueabi-gcc -c -D_LARGEFILE_SOURCE -D_LARGEFILE64_SOURCE -D_FILE_OFFSET_BITS=64  -Os  -D_LARGEFILE_SOURCE -D_LARGEFILE64_SOURCE -D_FILE_OFFSET_BITS=64 conftest.c >&5
configure:17036: $? = 0
configure:17043: result: yes
configure:17075: checking for stdint.h
configure:17075: result: yes
configure:17085: checking for SIZE_MAX
configure:17156: result: yes
configure:17171: checking for stdint.h
configure:17171: result: yes
configure:17194: checking for working alloca.h
configure:17211: /project/trunk/MV-AC3_GPL/tplink/buildroot-marvell/build/mv-ac3/host/usr/bin/arm-marvell-linux-gnueabi-gcc -o conftest -D_LARGEFILE_SOURCE -D_LARGEFILE64_SOURCE -D_FILE_OFFSET_BITS=64  -Os  -D_LARGEFILE_SOURCE -D_LARGEFILE64_SOURCE -D_FILE_OFFSET_BITS=64  conftest.c  >&5
configure:17211: $? = 0
configure:17219: result: yes
configure:17227: checking for alloca
configure:17264: /project/trunk/MV-AC3_GPL/tplink/buildroot-marvell/build/mv-ac3/host/usr/bin/arm-marvell-linux-gnueabi-gcc -o conftest -D_LARGEFILE_SOURCE -D_LARGEFILE64_SOURCE -D_FILE_OFFSET_BITS=64  -Os  -D_LARGEFILE_SOURCE -D_LARGEFILE64_SOURCE -D_FILE_OFFSET_BITS=64  conftest.c  >&5
configure:17264: $? = 0
configure:17272: result: yes
configure:17389: checking for stdlib.h
configure:17389: result: yes
configure:17389: checking for string.h
configure:17389: result: yes
configure:17410: checking whether the preprocessor supports include_next
configure:17448: /project/trunk/MV-AC3_GPL/tplink/buildroot-marvell/build/mv-ac3/host/usr/bin/arm-marvell-linux-gnueabi-gcc -c -D_LARGEFILE_SOURCE -D_LARGEFILE64_SOURCE -D_FILE_OFFSET_BITS=64  -Os  -D_LARGEFILE_SOURCE -D_LARGEFILE64_SOURCE -D_FILE_OFFSET_BITS=64 -Iconftestd1b -Iconftestd2 conftest.c >&5
configure:17448: $? = 0
configure:17469: result: yes
configure:17490: checking whether system header files limit the line length
configure:17513: result: no
configure:17524: checking for complete errno.h
configure:17597: result: yes
configure:17978: checking for stdint.h
configure:17978: result: yes
configure:17988: checking for SIZE_MAX
configure:18059: result: yes
configure:18074: checking for stdint.h
configure:18074: result: yes
configure:18121: checking for snprintf
configure:18121: /project/trunk/MV-AC3_GPL/tplink/buildroot-marvell/build/mv-ac3/host/usr/bin/arm-marvell-linux-gnueabi-gcc -o conftest -D_LARGEFILE_SOURCE -D_LARGEFILE64_SOURCE -D_FILE_OFFSET_BITS=64  -Os  -D_LARGEFILE_SOURCE -D_LARGEFILE64_SOURCE -D_FILE_OFFSET_BITS=64  conftest.c  >&5
conftest.c:63:6: warning: conflicting types for built-in function 'snprintf' [enabled by default]
configure:18121: $? = 0
configure:18121: result: yes
configure:18121: checking for vasprintf
configure:18121: /project/trunk/MV-AC3_GPL/tplink/buildroot-marvell/build/mv-ac3/host/usr/bin/arm-marvell-linux-gnueabi-gcc -o conftest -D_LARGEFILE_SOURCE -D_LARGEFILE64_SOURCE -D_FILE_OFFSET_BITS=64  -Os  -D_LARGEFILE_SOURCE -D_LARGEFILE64_SOURCE -D_FILE_OFFSET_BITS=64  conftest.c  >&5
configure:18121: $? = 0
configure:18121: result: yes
configure:18121: checking for strnlen
configure:18121: /project/trunk/MV-AC3_GPL/tplink/buildroot-marvell/build/mv-ac3/host/usr/bin/arm-marvell-linux-gnueabi-gcc -o conftest -D_LARGEFILE_SOURCE -D_LARGEFILE64_SOURCE -D_FILE_OFFSET_BITS=64  -Os  -D_LARGEFILE_SOURCE -D_LARGEFILE64_SOURCE -D_FILE_OFFSET_BITS=64  conftest.c  >&5
configure:18121: $? = 0
configure:18121: result: yes
configure:18121: checking for wcslen
configure:18121: /project/trunk/MV-AC3_GPL/tplink/buildroot-marvell/build/mv-ac3/host/usr/bin/arm-marvell-linux-gnueabi-gcc -o conftest -D_LARGEFILE_SOURCE -D_LARGEFILE64_SOURCE -D_FILE_OFFSET_BITS=64  -Os  -D_LARGEFILE_SOURCE -D_LARGEFILE64_SOURCE -D_FILE_OFFSET_BITS=64  conftest.c  >&5
configure:18121: $? = 0
configure:18121: result: yes
configure:18121: checking for wcsnlen
configure:18121: /project/trunk/MV-AC3_GPL/tplink/buildroot-marvell/build/mv-ac3/host/usr/bin/arm-marvell-linux-gnueabi-gcc -o conftest -D_LARGEFILE_SOURCE -D_LARGEFILE64_SOURCE -D_FILE_OFFSET_BITS=64  -Os  -D_LARGEFILE_SOURCE -D_LARGEFILE64_SOURCE -D_FILE_OFFSET_BITS=64  conftest.c  >&5
configure:18121: $? = 0
configure:18121: result: yes
configure:18121: checking for mbrtowc
configure:18121: /project/trunk/MV-AC3_GPL/tplink/buildroot-marvell/build/mv-ac3/host/usr/bin/arm-marvell-linux-gnueabi-gcc -o conftest -D_LARGEFILE_SOURCE -D_LARGEFILE64_SOURCE -D_FILE_OFFSET_BITS=64  -Os  -D_LARGEFILE_SOURCE -D_LARGEFILE64_SOURCE -D_FILE_OFFSET_BITS=64  conftest.c  >&5
configure:18121: $? = 0
configure:18121: result: yes
configure:18121: checking for wcrtomb
configure:18121: /project/trunk/MV-AC3_GPL/tplink/buildroot-marvell/build/mv-ac3/host/usr/bin/arm-marvell-linux-gnueabi-gcc -o conftest -D_LARGEFILE_SOURCE -D_LARGEFILE64_SOURCE -D_FILE_OFFSET_BITS=64  -Os  -D_LARGEFILE_SOURCE -D_LARGEFILE64_SOURCE -D_FILE_OFFSET_BITS=64  conftest.c  >&5
configure:18121: $? = 0
configure:18121: result: yes
configure:18130: checking whether _snprintf is declared
configure:18130: /project/trunk/MV-AC3_GPL/tplink/buildroot-marvell/build/mv-ac3/host/usr/bin/arm-marvell-linux-gnueabi-gcc -c -D_LARGEFILE_SOURCE -D_LARGEFILE64_SOURCE -D_FILE_OFFSET_BITS=64  -Os  -D_LARGEFILE_SOURCE -D_LARGEFILE64_SOURCE -D_FILE_OFFSET_BITS=64 conftest.c >&5
conftest.c: In function 'main':
conftest.c:56:10: error: '_snprintf' undeclared (first use in this function)
conftest.c:56:10: note: each undeclared identifier is reported only once for each function it appears in
configure:18130: $? = 1
configure: failed program was:
| /* confdefs.h */
| #define PACKAGE_NAME "libasprintf"
| #define PACKAGE_TARNAME "libasprintf"
| #define PACKAGE_VERSION "1.0"
| #define PACKAGE_STRING "libasprintf 1.0"
| #define PACKAGE_BUGREPORT ""
| #define PACKAGE_URL ""
| #define PACKAGE "libasprintf"
| #define VERSION "1.0"
| #define STDC_HEADERS 1
| #define HAVE_SYS_TYPES_H 1
| #define HAVE_SYS_STAT_H 1
| #define HAVE_STDLIB_H 1
| #define HAVE_STRING_H 1
| #define HAVE_MEMORY_H 1
| #define HAVE_STRINGS_H 1
| #define HAVE_INTTYPES_H 1
| #define HAVE_STDINT_H 1
| #define HAVE_UNISTD_H 1
| #define HAVE_DLFCN_H 1
| #define LT_OBJDIR ".libs/"
| #define HAVE_FEATURES_H 1
| #define HAVE_UNSIGNED_LONG_LONG_INT 1
| #define HAVE_LONG_LONG_INT 1
| #define HAVE_WCHAR_T 1
| #define HAVE_WINT_T 1
| #define HAVE_MBSTATE_T 1
| #define HAVE_INTTYPES_H_WITH_UINTMAX 1
| #define HAVE_STDINT_H_WITH_UINTMAX 1
| #define HAVE_INTMAX_T 1
| #define HAVE_STDINT_H 1
| #define HAVE_STDINT_H 1
| #define HAVE_ALLOCA_H 1
| #define HAVE_ALLOCA 1
| #define HAVE_STDLIB_H 1
| #define HAVE_STRING_H 1
| #define HAVE_STDINT_H 1
| #define HAVE_STDINT_H 1
| #define HAVE_SNPRINTF 1
| #define HAVE_VASPRINTF 1
| #define HAVE_STRNLEN 1
| #define HAVE_WCSLEN 1
| #define HAVE_WCSNLEN 1
| #define HAVE_MBRTOWC 1
| #define HAVE_WCRTOMB 1
| /* end confdefs.h.  */
| #include <stdio.h>
| 
| int
| main ()
| {
| #ifndef _snprintf
| #ifdef __cplusplus
|   (void) _snprintf;
| #else
|   (void) _snprintf;
| #endif
| #endif
| 
|   ;
|   return 0;
| }
configure:18130: result: no
configure:18144: checking whether printf() supports POSIX/XSI format strings
configure:18196: result: guessing yes
configure:18210: checking for dvips
configure:18228: found /usr/bin/dvips
configure:18241: result: /usr/bin/dvips
configure:18251: checking for texi2pdf
configure:18269: found /usr/bin/texi2pdf
configure:18282: result: /usr/bin/texi2pdf
configure:18292: checking for perl
configure:18323: result: /usr/bin/perl
configure:18444: checking that generated files are newer than configure
configure:18450: result: done
configure:18521: creating ./config.status

## ---------------------- ##
## Running config.status. ##
## ---------------------- ##

This file was extended by libasprintf config.status 1.0, which was
generated by GNU Autoconf 2.69.  Invocation command line was

  CONFIG_FILES    = 
  CONFIG_HEADERS  = 
  CONFIG_LINKS    = 
  CONFIG_COMMANDS = 
  $ ./config.status 

on ubuntu

config.status:1206: creating Makefile
config.status:1206: creating config.h
config.status:1435: executing depfiles commands
config.status:1435: executing libtool commands

## ---------------- ##
## Cache variables. ##
## ---------------- ##

ac_cv_build=i686-pc-linux-gnu
ac_cv_c_bigendian=no
ac_cv_c_compiler_gnu=yes
ac_cv_c_inline=inline
ac_cv_cxx_compiler_gnu=yes
ac_cv_env_CCC_set=
ac_cv_env_CCC_value=
ac_cv_env_CC_set=set
ac_cv_env_CC_value=/project/trunk/MV-AC3_GPL/tplink/buildroot-marvell/build/mv-ac3/host/usr/bin/arm-marvell-linux-gnueabi-gcc
ac_cv_env_CFLAGS_set=set
ac_cv_env_CFLAGS_value='-D_LARGEFILE_SOURCE -D_LARGEFILE64_SOURCE -D_FILE_OFFSET_BITS=64  -Os '
ac_cv_env_CPPFLAGS_set=set
ac_cv_env_CPPFLAGS_value='-D_LARGEFILE_SOURCE -D_LARGEFILE64_SOURCE -D_FILE_OFFSET_BITS=64'
ac_cv_env_CPP_set=set
ac_cv_env_CPP_value=/project/trunk/MV-AC3_GPL/tplink/buildroot-marvell/build/mv-ac3/host/usr/bin/arm-marvell-linux-gnueabi-cpp
ac_cv_env_CXXCPP_set=
ac_cv_env_CXXCPP_value=
ac_cv_env_CXXFLAGS_set=set
ac_cv_env_CXXFLAGS_value='-D_LARGEFILE_SOURCE -D_LARGEFILE64_SOURCE -D_FILE_OFFSET_BITS=64  -Os '
ac_cv_env_CXX_set=set
ac_cv_env_CXX_value=/project/trunk/MV-AC3_GPL/tplink/buildroot-marvell/build/mv-ac3/host/usr/bin/arm-marvell-linux-gnueabi-g++
ac_cv_env_LDFLAGS_set=set
ac_cv_env_LDFLAGS_value=
ac_cv_env_LIBS_set=
ac_cv_env_LIBS_value=
ac_cv_env_LT_SYS_LIBRARY_PATH_set=
ac_cv_env_LT_SYS_LIBRARY_PATH_value=
ac_cv_env_build_alias_set=set
ac_cv_env_build_alias_value=i686-pc-linux-gnu
ac_cv_env_host_alias_set=set
ac_cv_env_host_alias_value=arm-buildroot-linux-gnueabi
ac_cv_env_target_alias_set=set
ac_cv_env_target_alias_value=arm-buildroot-linux-gnueabi
ac_cv_func_alloca_works=yes
ac_cv_func_calloc_0_nonnull=yes
ac_cv_func_malloc_0_nonnull=yes
ac_cv_func_mbrtowc=yes
ac_cv_func_memcmp_working=yes
ac_cv_func_mmap_fixed_mapped=yes
ac_cv_func_realloc_0_nonnull=yes
ac_cv_func_snprintf=yes
ac_cv_func_strnlen=yes
ac_cv_func_vasprintf=yes
ac_cv_func_wcrtomb=yes
ac_cv_func_wcslen=yes
ac_cv_func_wcsnlen=yes
ac_cv_have_decl__snprintf=no
ac_cv_have_decl_malloc=yes
ac_cv_header_dlfcn_h=yes
ac_cv_header_features_h=yes
ac_cv_header_inttypes_h=yes
ac_cv_header_memory_h=yes
ac_cv_header_stdc=yes
ac_cv_header_stdint_h=yes
ac_cv_header_stdlib_h=yes
ac_cv_header_string_h=yes
ac_cv_header_strings_h=yes
ac_cv_header_sys_stat_h=yes
ac_cv_header_sys_types_h=yes
ac_cv_header_unistd_h=yes
ac_cv_host=arm-buildroot-linux-gnueabi
ac_cv_lbl_unaligned_fail=yes
ac_cv_objext=o
ac_cv_path_DVIPS=/usr/bin/dvips
ac_cv_path_EGREP='/bin/grep -E'
ac_cv_path_FGREP='/bin/grep -F'
ac_cv_path_GREP=/bin/grep
ac_cv_path_PERL=/usr/bin/perl
ac_cv_path_SED=/bin/sed
ac_cv_path_TEXI2PDF=/usr/bin/texi2pdf
ac_cv_path_install='/usr/bin/install -c'
ac_cv_path_lt_DD=/bin/dd
ac_cv_path_mkdir=/bin/mkdir
ac_cv_prog_AR=/project/trunk/MV-AC3_GPL/tplink/buildroot-marvell/build/mv-ac3/host/usr/bin/arm-marvell-linux-gnueabi-ar
ac_cv_prog_AWK=gawk
ac_cv_prog_CC=/project/trunk/MV-AC3_GPL/tplink/buildroot-marvell/build/mv-ac3/host/usr/bin/arm-marvell-linux-gnueabi-gcc
ac_cv_prog_CPP=/project/trunk/MV-AC3_GPL/tplink/buildroot-marvell/build/mv-ac3/host/usr/bin/arm-marvell-linux-gnueabi-cpp
ac_cv_prog_CXXCPP='/project/trunk/MV-AC3_GPL/tplink/buildroot-marvell/build/mv-ac3/host/usr/bin/arm-marvell-linux-gnueabi-g++ -E'
ac_cv_prog_OBJDUMP=/project/trunk/MV-AC3_GPL/tplink/buildroot-marvell/build/mv-ac3/host/usr/bin/arm-marvell-linux-gnueabi-objdump
ac_cv_prog_RANLIB=/project/trunk/MV-AC3_GPL/tplink/buildroot-marvell/build/mv-ac3/host/usr/bin/arm-marvell-linux-gnueabi-ranlib
ac_cv_prog_STRIP=/project/trunk/MV-AC3_GPL/tplink/buildroot-marvell/build/mv-ac3/host/usr/bin/arm-marvell-linux-gnueabi-strip
ac_cv_prog_ac_ct_MANIFEST_TOOL=mt
ac_cv_prog_cc_c89=
ac_cv_prog_cc_g=yes
ac_cv_prog_cxx_g=yes
ac_cv_prog_make_make_set=yes
ac_cv_type_long_long_int=yes
ac_cv_type_mbstate_t=yes
ac_cv_type_ptrdiff_t=yes
ac_cv_type_size_t=yes
ac_cv_type_unsigned_long_long_int=yes
ac_cv_working_alloca_h=yes
am_cv_CC_dependencies_compiler_type=none
am_cv_CXX_dependencies_compiler_type=none
am_cv_make_support_nested_variables=yes
am_cv_prog_cc_c_o=yes
gl_cv_c_amsterdam_compiler=no
gl_cv_func_malloc_0_nonnull=1
gl_cv_have_include_next=yes
gl_cv_header_errno_h_complete=yes
gl_cv_header_inttypes_h=yes
gl_cv_header_stdint_h=yes
gl_cv_pragma_columns=no
gl_cv_size_max=yes
gt_cv_c_wchar_t=yes
gt_cv_c_wint_t=yes
gt_cv_func_printf_posix='guessing yes'
lt_cv_ar_at_file=@
lt_cv_archive_cmds_need_lc=no
lt_cv_deplibs_check_method=pass_all
lt_cv_file_magic_cmd='$MAGIC_CMD'
lt_cv_file_magic_test_file=
lt_cv_ld_reload_flag=-r
lt_cv_nm_interface='BSD nm'
lt_cv_objdir=.libs
lt_cv_path_LD=/project/trunk/MV-AC3_GPL/tplink/buildroot-marvell/build/mv-ac3/host/usr/bin/arm-marvell-linux-gnueabi-ld
lt_cv_path_LDCXX=/project/trunk/MV-AC3_GPL/tplink/buildroot-marvell/build/mv-ac3/host/usr/bin/arm-marvell-linux-gnueabi-ld
lt_cv_path_NM=/project/trunk/MV-AC3_GPL/tplink/buildroot-marvell/build/mv-ac3/host/usr/bin/arm-marvell-linux-gnueabi-nm
lt_cv_path_mainfest_tool=no
lt_cv_prog_compiler_c_o=yes
lt_cv_prog_compiler_c_o_CXX=yes
lt_cv_prog_compiler_pic='-fPIC -DPIC'
lt_cv_prog_compiler_pic_CXX='-fPIC -DPIC'
lt_cv_prog_compiler_pic_works=yes
lt_cv_prog_compiler_pic_works_CXX=yes
lt_cv_prog_compiler_rtti_exceptions=no
lt_cv_prog_compiler_static_works=yes
lt_cv_prog_compiler_static_works_CXX=yes
lt_cv_prog_gnu_ld=yes
lt_cv_prog_gnu_ldcxx=yes
lt_cv_sharedlib_from_linklib_cmd='printf %s\n'
lt_cv_shlibpath_overrides_runpath=no
lt_cv_sys_global_symbol_pipe='sed -n -e '\''s/^.*[	 ]\([ABCDGIRSTW][ABCDGIRSTW]*\)[	 ][	 ]*\([_A-Za-z][_A-Za-z0-9]*\)$/\1 \2 \2/p'\'' | sed '\''/ __gnu_lto/d'\'''
lt_cv_sys_global_symbol_to_c_name_address='sed -n -e '\''s/^: \(.*\) .*$/  {"\1", (void *) 0},/p'\'' -e '\''s/^[ABCDGIRSTW][ABCDGIRSTW]* .* \(.*\)$/  {"\1", (void *) \&\1},/p'\'''
lt_cv_sys_global_symbol_to_c_name_address_lib_prefix='sed -n -e '\''s/^: \(.*\) .*$/  {"\1", (void *) 0},/p'\'' -e '\''s/^[ABCDGIRSTW][ABCDGIRSTW]* .* \(lib.*\)$/  {"\1", (void *) \&\1},/p'\'' -e '\''s/^[ABCDGIRSTW][ABCDGIRSTW]* .* \(.*\)$/  {"lib\1", (void *) \&\1},/p'\'''
lt_cv_sys_global_symbol_to_cdecl='sed -n -e '\''s/^T .* \(.*\)$/extern int \1();/p'\'' -e '\''s/^[ABCDGIRSTW][ABCDGIRSTW]* .* \(.*\)$/extern char \1;/p'\'''
lt_cv_sys_global_symbol_to_import=
lt_cv_sys_lib_search_path_spec=
lt_cv_sys_max_cmd_len=1572864
lt_cv_to_host_file_cmd=func_convert_file_noop
lt_cv_to_tool_file_cmd=func_convert_file_noop
lt_cv_truncate_bin='/bin/dd bs=4096 count=1'

## ----------------- ##
## Output variables. ##
## ----------------- ##

ACLOCAL='${SHELL} /project/trunk/MV-AC3_GPL/tplink/buildroot-marvell/build/mv-ac3/build/gettext-0.19.6/build-aux/missing aclocal-1.15'
ALLOCA=''
ALLOCA_H='alloca.h'
AMDEPBACKSLASH=''
AMDEP_FALSE=''
AMDEP_TRUE='#'
AMTAR='$${TAR-tar}'
AM_BACKSLASH='\'
AM_DEFAULT_V='$(AM_DEFAULT_VERBOSITY)'
AM_DEFAULT_VERBOSITY='1'
AM_V='$(V)'
AR='/project/trunk/MV-AC3_GPL/tplink/buildroot-marvell/build/mv-ac3/host/usr/bin/arm-marvell-linux-gnueabi-ar'
ARFLAGS='cr'
AS='/project/trunk/MV-AC3_GPL/tplink/buildroot-marvell/build/mv-ac3/host/usr/bin/arm-marvell-linux-gnueabi-as'
AUTOCONF='${SHELL} /project/trunk/MV-AC3_GPL/tplink/buildroot-marvell/build/mv-ac3/build/gettext-0.19.6/build-aux/missing autoconf'
AUTOHEADER='${SHELL} /project/trunk/MV-AC3_GPL/tplink/buildroot-marvell/build/mv-ac3/build/gettext-0.19.6/build-aux/missing autoheader'
AUTOMAKE='${SHELL} /project/trunk/MV-AC3_GPL/tplink/buildroot-marvell/build/mv-ac3/build/gettext-0.19.6/build-aux/missing automake-1.15'
AWK='gawk'
CC='/project/trunk/MV-AC3_GPL/tplink/buildroot-marvell/build/mv-ac3/host/usr/bin/arm-marvell-linux-gnueabi-gcc'
CCDEPMODE='depmode=none'
CFLAGS='-D_LARGEFILE_SOURCE -D_LARGEFILE64_SOURCE -D_FILE_OFFSET_BITS=64  -Os '
CPP='/project/trunk/MV-AC3_GPL/tplink/buildroot-marvell/build/mv-ac3/host/usr/bin/arm-marvell-linux-gnueabi-cpp'
CPPFLAGS='-D_LARGEFILE_SOURCE -D_LARGEFILE64_SOURCE -D_FILE_OFFSET_BITS=64'
CXX='/project/trunk/MV-AC3_GPL/tplink/buildroot-marvell/build/mv-ac3/host/usr/bin/arm-marvell-linux-gnueabi-g++'
CXXCPP='/project/trunk/MV-AC3_GPL/tplink/buildroot-marvell/build/mv-ac3/host/usr/bin/arm-marvell-linux-gnueabi-g++ -E'
CXXDEPMODE='depmode=none'
CXXFLAGS='-D_LARGEFILE_SOURCE -D_LARGEFILE64_SOURCE -D_FILE_OFFSET_BITS=64  -Os '
CYGPATH_W='echo'
DEFS='-DHAVE_CONFIG_H'
DEPDIR='.deps'
DLLTOOL='false'
DSYMUTIL=''
DUMPBIN=''
DVIPS='/usr/bin/dvips'
ECHO_C=''
ECHO_N='-n'
ECHO_T=''
EGREP='/bin/grep -E'
EMULTIHOP_HIDDEN=''
EMULTIHOP_VALUE=''
ENOLINK_HIDDEN=''
ENOLINK_VALUE=''
EOVERFLOW_HIDDEN=''
EOVERFLOW_VALUE=''
ERRNO_H=''
EXEEXT=''
FGREP='/bin/grep -F'
GL_COND_LIBTOOL_FALSE='#'
GL_COND_LIBTOOL_TRUE=''
GL_GENERATE_ALLOCA_H_FALSE='#'
GL_GENERATE_ALLOCA_H_TRUE=''
GL_GENERATE_ERRNO_H_FALSE=''
GL_GENERATE_ERRNO_H_TRUE='#'
GREP='/bin/grep'
INCLUDE_NEXT='include_next'
INCLUDE_NEXT_AS_FIRST_DIRECTIVE='include_next'
INSTALL_DATA='${INSTALL} -m 644'
INSTALL_PROGRAM='${INSTALL}'
INSTALL_SCRIPT='${INSTALL}'
INSTALL_STRIP_PROGRAM='$(install_sh) -c -s'
LD='/project/trunk/MV-AC3_GPL/tplink/buildroot-marvell/build/mv-ac3/host/usr/bin/arm-marvell-linux-gnueabi-ld'
LDFLAGS=''
LIBOBJS=''
LIBS=''
LIBTOOL='/bin/sh $(top_builddir)/libtool'
LIPO=''
LN_S='ln -s'
LTALLOCA=''
LTLIBOBJS=''
LTNOUNDEF=''
LT_SYS_LIBRARY_PATH=''
MAKEINFO='${SHELL} /project/trunk/MV-AC3_GPL/tplink/buildroot-marvell/build/mv-ac3/build/gettext-0.19.6/build-aux/missing makeinfo'
MANIFEST_TOOL=':'
MKDIR_P='/bin/mkdir -p'
NEXT_AS_FIRST_DIRECTIVE_ERRNO_H=''
NEXT_ERRNO_H=''
NM='/project/trunk/MV-AC3_GPL/tplink/buildroot-marvell/build/mv-ac3/host/usr/bin/arm-marvell-linux-gnueabi-nm'
NMEDIT=''
OBJDUMP='/project/trunk/MV-AC3_GPL/tplink/buildroot-marvell/build/mv-ac3/host/usr/bin/arm-marvell-linux-gnueabi-objdump'
OBJEXT='o'
OTOOL64=''
OTOOL=''
PACKAGE='libasprintf'
PACKAGE_BUGREPORT=''
PACKAGE_NAME='libasprintf'
PACKAGE_STRING='libasprintf 1.0'
PACKAGE_TARNAME='libasprintf'
PACKAGE_URL=''
PACKAGE_VERSION='1.0'
PATH_SEPARATOR=':'
PERL='/usr/bin/perl'
PRAGMA_COLUMNS=''
PRAGMA_SYSTEM_HEADER='#pragma GCC system_header'
RANLIB='/project/trunk/MV-AC3_GPL/tplink/buildroot-marvell/build/mv-ac3/host/usr/bin/arm-marvell-linux-gnueabi-ranlib'
SED='/bin/sed'
SET_MAKE=''
SHELL='/bin/sh'
STRIP='/project/trunk/MV-AC3_GPL/tplink/buildroot-marvell/build/mv-ac3/host/usr/bin/arm-marvell-linux-gnueabi-strip'
TEXI2PDF='/usr/bin/texi2pdf'
VERSION='1.0'
ac_ct_AR=''
ac_ct_CC=''
ac_ct_CXX=''
ac_ct_DUMPBIN=''
am__EXEEXT_FALSE=''
am__EXEEXT_TRUE='#'
am__fastdepCC_FALSE=''
am__fastdepCC_TRUE='#'
am__fastdepCXX_FALSE=''
am__fastdepCXX_TRUE='#'
am__include='include'
am__isrc=''
am__leading_dot='.'
am__nodep=''
am__quote=''
am__tar='$${TAR-tar} chof - "$$tardir"'
am__untar='$${TAR-tar} xf -'
bindir='${exec_prefix}/bin'
build='i686-pc-linux-gnu'
build_alias='i686-pc-linux-gnu'
build_cpu='i686'
build_os='linux-gnu'
build_vendor='pc'
datadir='${datarootdir}'
datarootdir='${prefix}/share'
docdir='${datarootdir}/doc/${PACKAGE_TARNAME}'
dvidir='${docdir}'
exec_prefix='/usr'
gl_LIBOBJS=''
gl_LTLIBOBJS=''
gltests_LIBOBJS=''
gltests_LTLIBOBJS=''
gltests_WITNESS='IN_LIBASPRINTF_GNULIB_TESTS'
host='arm-buildroot-linux-gnueabi'
host_alias='arm-buildroot-linux-gnueabi'
host_cpu='arm'
host_os='linux-gnueabi'
host_vendor='buildroot'
htmldir='${docdir}'
includedir='${prefix}/include'
infodir='${datarootdir}/info'
install_sh='${SHELL} /project/trunk/MV-AC3_GPL/tplink/buildroot-marvell/build/mv-ac3/build/gettext-0.19.6/build-aux/install-sh'
libdir='${exec_prefix}/lib'
libexecdir='${exec_prefix}/libexec'
localedir='${datarootdir}/locale'
localstatedir='/var'
mandir='${datarootdir}/man'
mkdir_p='$(MKDIR_P)'
oldincludedir='/usr/include'
pdfdir='${docdir}'
prefix='/usr'
program_transform_name='s&^&&'
psdir='${docdir}'
sbindir='${exec_prefix}/sbin'
sharedstatedir='${prefix}/com'
sysconfdir='/etc'
target_alias='arm-buildroot-linux-gnueabi'

## ----------- ##
## confdefs.h. ##
## ----------- ##

/* confdefs.h */
#define PACKAGE_NAME "libasprintf"
#define PACKAGE_TARNAME "libasprintf"
#define PACKAGE_VERSION "1.0"
#define PACKAGE_STRING "libasprintf 1.0"
#define PACKAGE_BUGREPORT ""
#define PACKAGE_URL ""
#define PACKAGE "libasprintf"
#define VERSION "1.0"
#define STDC_HEADERS 1
#define HAVE_SYS_TYPES_H 1
#define HAVE_SYS_STAT_H 1
#define HAVE_STDLIB_H 1
#define HAVE_STRING_H 1
#define HAVE_MEMORY_H 1
#define HAVE_STRINGS_H 1
#define HAVE_INTTYPES_H 1
#define HAVE_STDINT_H 1
#define HAVE_UNISTD_H 1
#define HAVE_DLFCN_H 1
#define LT_OBJDIR ".libs/"
#define HAVE_FEATURES_H 1
#define HAVE_UNSIGNED_LONG_LONG_INT 1
#define HAVE_LONG_LONG_INT 1
#define HAVE_WCHAR_T 1
#define HAVE_WINT_T 1
#define HAVE_MBSTATE_T 1
#define HAVE_INTTYPES_H_WITH_UINTMAX 1
#define HAVE_STDINT_H_WITH_UINTMAX 1
#define HAVE_INTMAX_T 1
#define HAVE_STDINT_H 1
#define HAVE_STDINT_H 1
#define HAVE_ALLOCA_H 1
#define HAVE_ALLOCA 1
#define HAVE_STDLIB_H 1
#define HAVE_STRING_H 1
#define HAVE_STDINT_H 1
#define HAVE_STDINT_H 1
#define HAVE_SNPRINTF 1
#define HAVE_VASPRINTF 1
#define HAVE_STRNLEN 1
#define HAVE_WCSLEN 1
#define HAVE_WCSNLEN 1
#define HAVE_MBRTOWC 1
#define HAVE_WCRTOMB 1
#define HAVE_DECL__SNPRINTF 0
#define HAVE_POSIX_PRINTF 1

configure: exit 0
