1645759048:start:extract             : skeleton
1645759048:start:extract             : skeleton
1645759048:end  :extract             : skeleton
1645759048:end  :extract             : skeleton
1645759048:start:patch               : skeleton
1645759048:start:patch               : skeleton
1645759048:end  :patch               : skeleton
1645759048:end  :patch               : skeleton
1645759048:start:configure           : skeleton
1645759048:start:configure           : skeleton
1645759048:end  :configure           : skeleton
1645759048:end  :configure           : skeleton
1645759048:start:build               : skeleton
1645759048:start:build               : skeleton
1645759048:end  :build               : skeleton
1645759048:end  :build               : skeleton
1645759048:start:install-staging     : skeleton
1645759048:start:install-staging     : skeleton
1645759048:end  :install-staging     : skeleton
1645759048:end  :install-staging     : skeleton
1645759048:start:install-target      : skeleton
1645759048:start:install-target      : skeleton
1645759049:end  :install-target      : skeleton
1645759049:end  :install-target      : skeleton
1645759049:start:extract             : toolchain-external
1645759049:start:extract             : toolchain-external
1645759049:end  :extract             : toolchain-external
1645759049:end  :extract             : toolchain-external
1645759049:start:patch               : toolchain-external
1645759049:start:patch               : toolchain-external
1645759049:end  :patch               : toolchain-external
1645759049:end  :patch               : toolchain-external
1645759049:start:configure           : toolchain-external
1645759049:start:configure           : toolchain-external
1645759049:end  :configure           : toolchain-external
1645759049:end  :configure           : toolchain-external
1645759049:start:build               : toolchain-external
1645759049:start:build               : toolchain-external
1645759049:end  :build               : toolchain-external
1645759049:end  :build               : toolchain-external
1645759049:start:install-staging     : toolchain-external
1645759049:start:install-staging     : toolchain-external
1645759050:end  :install-staging     : toolchain-external
1645759050:end  :install-staging     : toolchain-external
1645759050:start:install-target      : toolchain-external
1645759050:start:install-target      : toolchain-external
1645759050:end  :install-target      : toolchain-external
1645759051:end  :install-target      : toolchain-external
1645759051:start:extract             : toolchain
1645759051:start:extract             : toolchain
1645759051:end  :extract             : toolchain
1645759051:end  :extract             : toolchain
1645759051:start:patch               : toolchain
1645759051:start:patch               : toolchain
1645759051:end  :patch               : toolchain
1645759051:end  :patch               : toolchain
1645759051:start:configure           : toolchain
1645759051:start:configure           : toolchain
1645759051:end  :configure           : toolchain
1645759051:end  :configure           : toolchain
1645759051:start:build               : toolchain
1645759051:start:build               : toolchain
1645759051:end  :build               : toolchain
1645759051:end  :build               : toolchain
1645759051:start:install-target      : toolchain
1645759051:start:install-target      : toolchain
1645759051:end  :install-target      : toolchain
1645759051:end  :install-target      : toolchain
1645759051:start:extract             : bzip2
1645759051:start:extract             : bzip2
1645759051:end  :extract             : bzip2
1645759051:end  :extract             : bzip2
1645759051:start:patch               : bzip2
1645759051:start:patch               : bzip2
1645759051:end  :patch               : bzip2
1645759051:end  :patch               : bzip2
1645759051:start:configure           : bzip2
1645759051:start:configure           : bzip2
1645759051:end  :configure           : bzip2
1645759051:end  :configure           : bzip2
1645759051:start:build               : bzip2
1645759051:start:build               : bzip2
1645759053:end  :build               : bzip2
1645759053:end  :build               : bzip2
1645759053:start:install-staging     : bzip2
1645759053:start:install-staging     : bzip2
1645759053:end  :install-staging     : bzip2
1645759053:end  :install-staging     : bzip2
1645759053:start:install-target      : bzip2
1645759053:start:install-target      : bzip2
1645759053:end  :install-target      : bzip2
1645759053:end  :install-target      : bzip2
1645759053:start:extract             : host-gettext
1645759053:start:extract             : host-gettext
1645759054:end  :extract             : host-gettext
1645759054:end  :extract             : host-gettext
1645759054:start:patch               : host-gettext
1645759054:start:patch               : host-gettext
1645759054:end  :patch               : host-gettext
1645759054:end  :patch               : host-gettext
1645759054:start:configure           : host-gettext
1645759054:start:configure           : host-gettext
1645759078:end  :configure           : host-gettext
1645759078:end  :configure           : host-gettext
1645759078:start:build               : host-gettext
1645759078:start:build               : host-gettext
1645759127:end  :build               : host-gettext
1645759127:end  :build               : host-gettext
1645759127:start:install-host        : host-gettext
1645759127:start:install-host        : host-gettext
1645759128:end  :install-host        : host-gettext
1645759129:end  :install-host        : host-gettext
1645759129:start:extract             : dos2unix
1645759129:start:extract             : dos2unix
1645759129:end  :extract             : dos2unix
1645759129:end  :extract             : dos2unix
1645759129:start:patch               : dos2unix
1645759129:start:patch               : dos2unix
1645759129:end  :patch               : dos2unix
1645759129:end  :patch               : dos2unix
1645759129:start:configure           : dos2unix
1645759129:start:configure           : dos2unix
1645759129:end  :configure           : dos2unix
1645759129:end  :configure           : dos2unix
1645759129:start:build               : dos2unix
1645759129:start:build               : dos2unix
1645759129:end  :build               : dos2unix
1645759129:end  :build               : dos2unix
1645759129:start:install-target      : dos2unix
1645759129:start:install-target      : dos2unix
1645759130:end  :install-target      : dos2unix
1645759130:end  :install-target      : dos2unix
1645759130:start:extract             : gettext
1645759130:start:extract             : gettext
1645759130:end  :extract             : gettext
1645759130:end  :extract             : gettext
1645759130:start:patch               : gettext
1645759130:start:patch               : gettext
1645759131:end  :patch               : gettext
1645759131:end  :patch               : gettext
1645759131:start:configure           : gettext
1645759131:start:configure           : gettext
1645759142:end  :configure           : gettext
1645759142:end  :configure           : gettext
1645759142:start:build               : gettext
1645759142:start:build               : gettext
1645759146:end  :build               : gettext
1645759146:end  :build               : gettext
1645759146:start:install-staging     : gettext
1645759146:start:install-staging     : gettext
1645759147:end  :install-staging     : gettext
1645759147:end  :install-staging     : gettext
1645759147:start:install-target      : gettext
1645759147:start:install-target      : gettext
1645759147:end  :install-target      : gettext
1645759147:end  :install-target      : gettext
1645759147:start:extract             : gzip
1645759147:start:extract             : gzip
1645759147:end  :extract             : gzip
1645759147:end  :extract             : gzip
1645759147:start:patch               : gzip
1645759147:start:patch               : gzip
1645759147:end  :patch               : gzip
1645759147:end  :patch               : gzip
1645759147:start:configure           : gzip
1645759147:start:configure           : gzip
1645759152:end  :configure           : gzip
1645759152:end  :configure           : gzip
1645759152:start:build               : gzip
1645759152:start:build               : gzip
1645759154:end  :build               : gzip
1645759154:end  :build               : gzip
1645759154:start:install-target      : gzip
1645759154:start:install-target      : gzip
1645759154:end  :install-target      : gzip
1645759154:end  :install-target      : gzip
1645759154:start:extract             : host-m4
1645759154:start:extract             : host-m4
1645759154:end  :extract             : host-m4
1645759154:end  :extract             : host-m4
1645759154:start:patch               : host-m4
1645759154:start:patch               : host-m4
1645759154:end  :patch               : host-m4
1645759154:end  :patch               : host-m4
1645759155:start:configure           : host-m4
1645759155:start:configure           : host-m4
1645759167:end  :configure           : host-m4
1645759167:end  :configure           : host-m4
1645759167:start:build               : host-m4
1645759167:start:build               : host-m4
1645759169:end  :build               : host-m4
1645759169:end  :build               : host-m4
1645759169:start:install-host        : host-m4
1645759169:start:install-host        : host-m4
1645759170:end  :install-host        : host-m4
1645759170:end  :install-host        : host-m4
1645759170:start:extract             : host-libtool
1645759170:start:extract             : host-libtool
1645759170:end  :extract             : host-libtool
1645759170:end  :extract             : host-libtool
1645759170:start:patch               : host-libtool
1645759170:start:patch               : host-libtool
1645759170:end  :patch               : host-libtool
1645759170:end  :patch               : host-libtool
1645759170:start:configure           : host-libtool
1645759170:start:configure           : host-libtool
1645759173:end  :configure           : host-libtool
1645759173:end  :configure           : host-libtool
1645759173:start:build               : host-libtool
1645759173:start:build               : host-libtool
1645759175:end  :build               : host-libtool
1645759175:end  :build               : host-libtool
1645759175:start:install-host        : host-libtool
1645759175:start:install-host        : host-libtool
1645759175:end  :install-host        : host-libtool
1645759175:end  :install-host        : host-libtool
1645759175:start:extract             : host-autoconf
1645759175:start:extract             : host-autoconf
1645759175:end  :extract             : host-autoconf
1645759175:end  :extract             : host-autoconf
1645759175:start:patch               : host-autoconf
1645759175:start:patch               : host-autoconf
1645759175:end  :patch               : host-autoconf
1645759175:end  :patch               : host-autoconf
1645759175:start:configure           : host-autoconf
1645759175:start:configure           : host-autoconf
1645759177:end  :configure           : host-autoconf
1645759177:end  :configure           : host-autoconf
1645759177:start:build               : host-autoconf
1645759177:start:build               : host-autoconf
1645759178:end  :build               : host-autoconf
1645759178:end  :build               : host-autoconf
1645759178:start:install-host        : host-autoconf
1645759178:start:install-host        : host-autoconf
1645759178:end  :install-host        : host-autoconf
1645759178:end  :install-host        : host-autoconf
1645759178:start:extract             : host-automake
1645759178:start:extract             : host-automake
1645759178:end  :extract             : host-automake
1645759178:end  :extract             : host-automake
1645759178:start:patch               : host-automake
1645759178:start:patch               : host-automake
1645759178:end  :patch               : host-automake
1645759178:end  :patch               : host-automake
1645759178:start:configure           : host-automake
1645759178:start:configure           : host-automake
1645759180:end  :configure           : host-automake
1645759180:end  :configure           : host-automake
1645759180:start:build               : host-automake
1645759180:start:build               : host-automake
1645759180:end  :build               : host-automake
1645759180:end  :build               : host-automake
1645759180:start:install-host        : host-automake
1645759180:start:install-host        : host-automake
1645759180:end  :install-host        : host-automake
1645759180:end  :install-host        : host-automake
1645759180:start:extract             : host-pkgconf
1645759180:start:extract             : host-pkgconf
1645759180:end  :extract             : host-pkgconf
1645759180:end  :extract             : host-pkgconf
1645759180:start:patch               : host-pkgconf
1645759180:start:patch               : host-pkgconf
1645759180:end  :patch               : host-pkgconf
1645759180:end  :patch               : host-pkgconf
1645759180:start:configure           : host-pkgconf
1645759180:start:configure           : host-pkgconf
1645759181:end  :configure           : host-pkgconf
1645759181:end  :configure           : host-pkgconf
1645759181:start:build               : host-pkgconf
1645759181:start:build               : host-pkgconf
1645759181:end  :build               : host-pkgconf
1645759181:end  :build               : host-pkgconf
1645759181:start:install-host        : host-pkgconf
1645759181:start:install-host        : host-pkgconf
1645759181:end  :install-host        : host-pkgconf
1645759181:end  :install-host        : host-pkgconf
1645759181:start:extract             : iptables
1645759182:start:extract             : iptables
1645759182:end  :extract             : iptables
1645759182:end  :extract             : iptables
1645759182:start:patch               : iptables
1645759182:start:patch               : iptables
1645759182:end  :patch               : iptables
1645759182:end  :patch               : iptables
1645759182:start:configure           : iptables
1645759182:start:configure           : iptables
1645759188:end  :configure           : iptables
1645759188:end  :configure           : iptables
1645759188:start:build               : iptables
1645759188:start:build               : iptables
1645759192:end  :build               : iptables
1645759192:end  :build               : iptables
1645759192:start:install-staging     : iptables
1645759192:start:install-staging     : iptables
1645759192:end  :install-staging     : iptables
1645759192:end  :install-staging     : iptables
1645759192:start:install-target      : iptables
1645759192:start:install-target      : iptables
1645759193:end  :install-target      : iptables
1645759193:end  :install-target      : iptables
1645759193:start:extract             : zlib
1645759193:start:extract             : zlib
1645759193:end  :extract             : zlib
1645759193:end  :extract             : zlib
1645759193:start:patch               : zlib
1645759193:start:patch               : zlib
1645759193:end  :patch               : zlib
1645759193:end  :patch               : zlib
1645759193:start:configure           : zlib
1645759193:start:configure           : zlib
1645759193:end  :configure           : zlib
1645759193:end  :configure           : zlib
1645759193:start:build               : zlib
1645759193:start:build               : zlib
1645759195:end  :build               : zlib
1645759195:end  :build               : zlib
1645759196:start:install-staging     : zlib
1645759196:start:install-staging     : zlib
1645759196:end  :install-staging     : zlib
1645759196:end  :install-staging     : zlib
1645759196:start:install-target      : zlib
1645759196:start:install-target      : zlib
1645759196:end  :install-target      : zlib
1645759196:end  :install-target      : zlib
1645759196:start:extract             : kmod
1645759196:start:extract             : kmod
1645759196:end  :extract             : kmod
1645759196:end  :extract             : kmod
1645759196:start:patch               : kmod
1645759196:start:patch               : kmod
1645759196:end  :patch               : kmod
1645759196:end  :patch               : kmod
1645759196:start:configure           : kmod
1645759196:start:configure           : kmod
1645759199:end  :configure           : kmod
1645759199:end  :configure           : kmod
1645759199:start:build               : kmod
1645759199:start:build               : kmod
1645759201:end  :build               : kmod
1645759201:end  :build               : kmod
1645759201:start:install-staging     : kmod
1645759201:start:install-staging     : kmod
1645759201:end  :install-staging     : kmod
1645759201:end  :install-staging     : kmod
1645759201:start:install-target      : kmod
1645759201:start:install-target      : kmod
1645759202:end  :install-target      : kmod
1645759202:end  :install-target      : kmod
1645759202:start:extract             : lzo
1645759202:start:extract             : lzo
1645759202:end  :extract             : lzo
1645759202:end  :extract             : lzo
1645759202:start:patch               : lzo
1645759202:start:patch               : lzo
1645759202:end  :patch               : lzo
1645759202:end  :patch               : lzo
1645759202:start:configure           : lzo
1645759202:start:configure           : lzo
1645759211:end  :configure           : lzo
1645759211:end  :configure           : lzo
1645759211:start:build               : lzo
1645759211:start:build               : lzo
1645759216:end  :build               : lzo
1645759216:end  :build               : lzo
1645759216:start:install-staging     : lzo
1645759216:start:install-staging     : lzo
1645759216:end  :install-staging     : lzo
1645759216:end  :install-staging     : lzo
1645759216:start:install-target      : lzo
1645759216:start:install-target      : lzo
1645759216:end  :install-target      : lzo
1645759217:end  :install-target      : lzo
1645759217:start:extract             : mtd
1645759217:start:extract             : mtd
1645759217:end  :extract             : mtd
1645759217:end  :extract             : mtd
1645759217:start:patch               : mtd
1645759217:start:patch               : mtd
1645759217:end  :patch               : mtd
1645759217:end  :patch               : mtd
1645759217:start:configure           : mtd
1645759217:start:configure           : mtd
1645759217:end  :configure           : mtd
1645759217:end  :configure           : mtd
1645759217:start:build               : mtd
1645759217:start:build               : mtd
1645759218:end  :build               : mtd
1645759218:end  :build               : mtd
1645759218:start:install-staging     : mtd
1645759218:start:install-staging     : mtd
1645759218:end  :install-staging     : mtd
1645759218:end  :install-staging     : mtd
1645759218:start:install-target      : mtd
1645759218:start:install-target      : mtd
1645759218:end  :install-target      : mtd
1645759218:end  :install-target      : mtd
1645759218:start:extract             : openssl
1645759218:start:extract             : openssl
1645759218:end  :extract             : openssl
1645759218:end  :extract             : openssl
1645759218:start:patch               : openssl
1645759218:start:patch               : openssl
1645759218:end  :patch               : openssl
1645759218:end  :patch               : openssl
1645759218:start:configure           : openssl
1645759218:start:configure           : openssl
1645759220:end  :configure           : openssl
1645759220:end  :configure           : openssl
1645759220:start:build               : openssl
1645759220:start:build               : openssl
1645759254:end  :build               : openssl
1645759254:end  :build               : openssl
1645759254:start:install-staging     : openssl
1645759254:start:install-staging     : openssl
1645759255:end  :install-staging     : openssl
1645759255:end  :install-staging     : openssl
1645759255:start:install-target      : openssl
1645759255:start:install-target      : openssl
1645759256:end  :install-target      : openssl
1645759256:end  :install-target      : openssl
1645759256:start:extract             : openssh
1645759256:start:extract             : openssh
1645759256:end  :extract             : openssh
1645759256:end  :extract             : openssh
1645759256:start:patch               : openssh
1645759256:start:patch               : openssh
1645759256:end  :patch               : openssh
1645759256:end  :patch               : openssh
1645759256:start:configure           : openssh
1645759256:start:configure           : openssh
1645759270:end  :configure           : openssh
1645759270:end  :configure           : openssh
1645759270:start:build               : openssh
1645759270:start:build               : openssh
1645759281:end  :build               : openssh
1645759281:end  :build               : openssh
1645759281:start:install-target      : openssh
1645759281:start:install-target      : openssh
1645759281:end  :install-target      : openssh
1645759281:end  :install-target      : openssh
1645759281:start:extract             : sed
1645759281:start:extract             : sed
1645759281:end  :extract             : sed
1645759281:end  :extract             : sed
1645759281:start:patch               : sed
1645759281:start:patch               : sed
1645759281:end  :patch               : sed
1645759281:end  :patch               : sed
1645759281:start:configure           : sed
1645759281:start:configure           : sed
1645759288:end  :configure           : sed
1645759288:end  :configure           : sed
1645759288:start:build               : sed
1645759288:start:build               : sed
1645759290:end  :build               : sed
1645759290:end  :build               : sed
1645759290:start:install-target      : sed
1645759290:start:install-target      : sed
1645759290:end  :install-target      : sed
1645759290:end  :install-target      : sed
1645759290:start:extract             : util-linux
1645759290:start:extract             : util-linux
1645759291:end  :extract             : util-linux
1645759291:end  :extract             : util-linux
1645759291:start:patch               : util-linux
1645759291:start:patch               : util-linux
1645759291:end  :patch               : util-linux
1645759291:end  :patch               : util-linux
1645759291:start:configure           : util-linux
1645759291:start:configure           : util-linux
1645759303:end  :configure           : util-linux
1645759303:end  :configure           : util-linux
1645759303:start:build               : util-linux
1645759303:start:build               : util-linux
1645759317:end  :build               : util-linux
1645759317:end  :build               : util-linux
1645759317:start:install-staging     : util-linux
1645759317:start:install-staging     : util-linux
1645759317:end  :install-staging     : util-linux
1645759317:end  :install-staging     : util-linux
1645759317:start:install-target      : util-linux
1645759318:start:install-target      : util-linux
1645759318:end  :install-target      : util-linux
1645759318:end  :install-target      : util-linux
1645759318:start:extract             : host-kmod
1645759318:start:extract             : host-kmod
1645759318:end  :extract             : host-kmod
1645759318:end  :extract             : host-kmod
1645759318:start:patch               : host-kmod
1645759318:start:patch               : host-kmod
1645759318:end  :patch               : host-kmod
1645759318:end  :patch               : host-kmod
1645759318:start:configure           : host-kmod
1645759318:start:configure           : host-kmod
1645759322:end  :configure           : host-kmod
1645759322:end  :configure           : host-kmod
1645759322:start:build               : host-kmod
1645759322:start:build               : host-kmod
1645759324:end  :build               : host-kmod
1645759324:end  :build               : host-kmod
1645759324:start:install-host        : host-kmod
1645759324:start:install-host        : host-kmod
1645759325:end  :install-host        : host-kmod
1645759325:end  :install-host        : host-kmod
1645759325:start:extract             : host-lzma
1645759325:start:extract             : host-lzma
1645759325:end  :extract             : host-lzma
1645759325:end  :extract             : host-lzma
1645759325:start:patch               : host-lzma
1645759325:start:patch               : host-lzma
1645759325:end  :patch               : host-lzma
1645759325:end  :patch               : host-lzma
1645759325:start:configure           : host-lzma
1645759325:start:configure           : host-lzma
1645759329:end  :configure           : host-lzma
1645759329:end  :configure           : host-lzma
1645759329:start:build               : host-lzma
1645759329:start:build               : host-lzma
1645759332:end  :build               : host-lzma
1645759332:end  :build               : host-lzma
1645759332:start:install-host        : host-lzma
1645759332:start:install-host        : host-lzma
1645759332:end  :install-host        : host-lzma
1645759332:end  :install-host        : host-lzma
1645759332:start:extract             : host-lzo
1645759332:start:extract             : host-lzo
1645759333:end  :extract             : host-lzo
1645759333:end  :extract             : host-lzo
1645759333:start:patch               : host-lzo
1645759333:start:patch               : host-lzo
1645759333:end  :patch               : host-lzo
1645759333:end  :patch               : host-lzo
1645759333:start:configure           : host-lzo
1645759333:start:configure           : host-lzo
1645759341:end  :configure           : host-lzo
1645759341:end  :configure           : host-lzo
1645759341:start:build               : host-lzo
1645759341:start:build               : host-lzo
1645759345:end  :build               : host-lzo
1645759345:end  :build               : host-lzo
1645759345:start:install-host        : host-lzo
1645759345:start:install-host        : host-lzo
1645759345:end  :install-host        : host-lzo
1645759345:end  :install-host        : host-lzo
1645759345:start:extract             : host-lzop
1645759345:start:extract             : host-lzop
1645759345:end  :extract             : host-lzop
1645759345:end  :extract             : host-lzop
1645759345:start:patch               : host-lzop
1645759345:start:patch               : host-lzop
1645759345:end  :patch               : host-lzop
1645759345:end  :patch               : host-lzop
1645759345:start:configure           : host-lzop
1645759345:start:configure           : host-lzop
1645759351:end  :configure           : host-lzop
1645759351:end  :configure           : host-lzop
1645759351:start:build               : host-lzop
1645759351:start:build               : host-lzop
1645759352:end  :build               : host-lzop
1645759352:end  :build               : host-lzop
1645759352:start:install-host        : host-lzop
1645759352:start:install-host        : host-lzop
1645759352:end  :install-host        : host-lzop
1645759352:end  :install-host        : host-lzop
1645759364:start:configure           : linux
1645759364:start:configure           : linux
1645759364:end  :configure           : linux
1645759364:end  :configure           : linux
1645759364:start:build               : linux
1645759364:start:build               : linux
1645759506:end  :build               : linux
1645759506:end  :build               : linux
1645759506:start:install-staging     : linux
1645759506:start:install-staging     : linux
1645759506:end  :install-staging     : linux
1645759506:end  :install-staging     : linux
1645759506:start:install-target      : linux
1645759506:start:install-target      : linux
1645759507:end  :install-target      : linux
1645759507:end  :install-target      : linux
1645759507:start:install-image       : linux
1645759507:start:install-image       : linux
1645759507:end  :install-image       : linux
1645759507:end  :install-image       : linux
1645759507:start:extract             : host-fakeroot
1645759507:start:extract             : host-fakeroot
1645759508:end  :extract             : host-fakeroot
1645759508:end  :extract             : host-fakeroot
1645759508:start:patch               : host-fakeroot
1645759508:start:patch               : host-fakeroot
1645759508:end  :patch               : host-fakeroot
1645759508:end  :patch               : host-fakeroot
1645759508:start:configure           : host-fakeroot
1645759508:start:configure           : host-fakeroot
1645759512:end  :configure           : host-fakeroot
1645759512:end  :configure           : host-fakeroot
1645759512:start:build               : host-fakeroot
1645759512:start:build               : host-fakeroot
1645759513:end  :build               : host-fakeroot
1645759513:end  :build               : host-fakeroot
1645759513:start:install-host        : host-fakeroot
1645759513:start:install-host        : host-fakeroot
1645759513:end  :install-host        : host-fakeroot
1645759513:end  :install-host        : host-fakeroot
1645759513:start:extract             : host-makedevs
1645759513:start:extract             : host-makedevs
1645759513:end  :extract             : host-makedevs
1645759513:end  :extract             : host-makedevs
1645759513:start:patch               : host-makedevs
1645759513:start:patch               : host-makedevs
1645759513:end  :patch               : host-makedevs
1645759513:end  :patch               : host-makedevs
1645759513:start:configure           : host-makedevs
1645759513:start:configure           : host-makedevs
1645759513:end  :configure           : host-makedevs
1645759513:end  :configure           : host-makedevs
1645759513:start:build               : host-makedevs
1645759513:start:build               : host-makedevs
1645759513:end  :build               : host-makedevs
1645759513:end  :build               : host-makedevs
1645759513:start:install-host        : host-makedevs
1645759513:start:install-host        : host-makedevs
1645759513:end  :install-host        : host-makedevs
1645759513:end  :install-host        : host-makedevs
1645759513:start:extract             : host-mkpasswd
1645759513:start:extract             : host-mkpasswd
1645759513:end  :extract             : host-mkpasswd
1645759513:end  :extract             : host-mkpasswd
1645759513:start:patch               : host-mkpasswd
1645759513:start:patch               : host-mkpasswd
1645759513:end  :patch               : host-mkpasswd
1645759513:end  :patch               : host-mkpasswd
1645759513:start:configure           : host-mkpasswd
1645759513:start:configure           : host-mkpasswd
1645759513:end  :configure           : host-mkpasswd
1645759513:end  :configure           : host-mkpasswd
1645759513:start:build               : host-mkpasswd
1645759513:start:build               : host-mkpasswd
1645759514:end  :build               : host-mkpasswd
1645759514:end  :build               : host-mkpasswd
1645759514:start:install-host        : host-mkpasswd
1645759514:start:install-host        : host-mkpasswd
1645759514:end  :install-host        : host-mkpasswd
1645759514:end  :install-host        : host-mkpasswd
1645759514:start:extract             : host-lz4
1645759514:start:extract             : host-lz4
1645759514:end  :extract             : host-lz4
1645759514:end  :extract             : host-lz4
1645759514:start:patch               : host-lz4
1645759514:start:patch               : host-lz4
1645759514:end  :patch               : host-lz4
1645759514:end  :patch               : host-lz4
1645759514:start:configure           : host-lz4
1645759514:start:configure           : host-lz4
1645759514:end  :configure           : host-lz4
1645759514:end  :configure           : host-lz4
1645759514:start:build               : host-lz4
1645759514:start:build               : host-lz4
1645759516:end  :build               : host-lz4
1645759516:end  :build               : host-lz4
1645759516:start:install-host        : host-lz4
1645759516:start:install-host        : host-lz4
1645759517:end  :install-host        : host-lz4
1645759517:end  :install-host        : host-lz4
1645759517:start:extract             : host-xz
1645759517:start:extract             : host-xz
1645759518:end  :extract             : host-xz
1645759518:end  :extract             : host-xz
1645759518:start:patch               : host-xz
1645759518:start:patch               : host-xz
1645759518:end  :patch               : host-xz
1645759518:end  :patch               : host-xz
1645759518:start:configure           : host-xz
1645759518:start:configure           : host-xz
1645759522:end  :configure           : host-xz
1645759522:end  :configure           : host-xz
1645759522:start:build               : host-xz
1645759522:start:build               : host-xz
1645759527:end  :build               : host-xz
1645759527:end  :build               : host-xz
1645759527:start:install-host        : host-xz
1645759527:start:install-host        : host-xz
1645759527:end  :install-host        : host-xz
1645759528:end  :install-host        : host-xz
1645759528:start:extract             : host-zlib
1645759528:start:extract             : host-zlib
1645759528:end  :extract             : host-zlib
1645759528:end  :extract             : host-zlib
1645759528:start:patch               : host-zlib
1645759528:start:patch               : host-zlib
1645759528:end  :patch               : host-zlib
1645759528:end  :patch               : host-zlib
1645759528:start:configure           : host-zlib
1645759528:start:configure           : host-zlib
1645759528:end  :configure           : host-zlib
1645759528:end  :configure           : host-zlib
1645759528:start:build               : host-zlib
1645759528:start:build               : host-zlib
1645759531:end  :build               : host-zlib
1645759531:end  :build               : host-zlib
1645759531:start:install-host        : host-zlib
1645759531:start:install-host        : host-zlib
1645759531:end  :install-host        : host-zlib
1645759531:end  :install-host        : host-zlib
1645759531:start:extract             : host-squashfs
1645759531:start:extract             : host-squashfs
1645759531:end  :extract             : host-squashfs
1645759531:end  :extract             : host-squashfs
1645759531:start:patch               : host-squashfs
1645759531:start:patch               : host-squashfs
1645759531:end  :patch               : host-squashfs
1645759531:end  :patch               : host-squashfs
1645759531:start:configure           : host-squashfs
1645759531:start:configure           : host-squashfs
1645759531:end  :configure           : host-squashfs
1645759531:end  :configure           : host-squashfs
1645759531:start:build               : host-squashfs
1645759531:start:build               : host-squashfs
1645759533:end  :build               : host-squashfs
1645759533:end  :build               : host-squashfs
1645759533:start:install-host        : host-squashfs
1645759533:start:install-host        : host-squashfs
1645759533:end  :install-host        : host-squashfs
1645759533:end  :install-host        : host-squashfs
1645759533:start:extract             : host-e2fsprogs
1645759533:start:extract             : host-e2fsprogs
1645759533:end  :extract             : host-e2fsprogs
1645759533:end  :extract             : host-e2fsprogs
1645759533:start:patch               : host-e2fsprogs
1645759533:start:patch               : host-e2fsprogs
1645759533:end  :patch               : host-e2fsprogs
1645759533:end  :patch               : host-e2fsprogs
1645759533:start:configure           : host-e2fsprogs
1645759533:start:configure           : host-e2fsprogs
1645759542:end  :configure           : host-e2fsprogs
1645759542:end  :configure           : host-e2fsprogs
1645759542:start:build               : host-e2fsprogs
1645759542:start:build               : host-e2fsprogs
1645759552:end  :build               : host-e2fsprogs
1645759552:end  :build               : host-e2fsprogs
1645759552:start:install-host        : host-e2fsprogs
1645759552:start:install-host        : host-e2fsprogs
1645759552:end  :install-host        : host-e2fsprogs
1645759552:end  :install-host        : host-e2fsprogs
1645759553:start:extract             : host-mtd
1645759553:start:extract             : host-mtd
1645759553:end  :extract             : host-mtd
1645759553:end  :extract             : host-mtd
1645759553:start:patch               : host-mtd
1645759553:start:patch               : host-mtd
1645759553:end  :patch               : host-mtd
1645759553:end  :patch               : host-mtd
1645759553:start:configure           : host-mtd
1645759553:start:configure           : host-mtd
1645759553:end  :configure           : host-mtd
1645759553:end  :configure           : host-mtd
1645759553:start:build               : host-mtd
1645759553:start:build               : host-mtd
1645759559:end  :build               : host-mtd
1645759559:end  :build               : host-mtd
1645759559:start:install-host        : host-mtd
1645759559:start:install-host        : host-mtd
1645759559:end  :install-host        : host-mtd
1645759559:end  :install-host        : host-mtd
1645759559:start:configure           : sdk
1645759559:start:configure           : sdk
1645759562:end  :configure           : sdk
1645759562:end  :configure           : sdk
1645759562:start:build               : sdk
1645759562:start:build               : sdk
1645759562:end  :build               : sdk
1645759562:end  :build               : sdk
1645759562:start:install-target      : sdk
1645759563:start:install-target      : sdk
1645759563:end  :install-target      : sdk
1645759563:end  :install-target      : sdk
