This file contains any messages produced by compilers while
running configure, to aid debugging if configure makes a mistake.

It was created by configure, which was
generated by GNU Autoconf 2.64.  Invocation command line was

  $ ./configure --prefix=/home/ubuntu/Archer_C7_V5/openwrt/staging_dir/toolchain-mips_r2_gcc-4.6-linaro_uClibc-0.9.33.2 --build=i686-linux-gnu --host=i686-linux-gnu --target=mips-openwrt-linux-uclibc --with-sysroot=/home/ubuntu/Archer_C7_V5/openwrt/staging_dir/toolchain-mips_r2_gcc-4.6-linaro_uClibc-0.9.33.2 --disable-multilib --disable-werror --disable-nls --with-float=soft --disable-libssp

## --------- ##
## Platform. ##
## --------- ##

hostname = ubuntu
uname -m = i686
uname -r = 4.4.0-142-generic
uname -s = Linux
uname -v = #168~14.04.1-Ubuntu SMP Sat Jan 19 11:28:33 UTC 2019

/usr/bin/uname -p = unknown
/bin/uname -X     = unknown

/bin/arch              = unknown
/usr/bin/arch -k       = unknown
/usr/convex/getsysinfo = unknown
/usr/bin/hostinfo      = unknown
/bin/machine           = unknown
/usr/bin/oslevel       = unknown
/bin/universe          = unknown

PATH: /home/ubuntu/Archer_C7_V5/openwrt/staging_dir/toolchain-mips_r2_gcc-4.6-linaro_uClibc-0.9.33.2/bin
PATH: /home/ubuntu/Archer_C7_V5/openwrt/staging_dir/host/bin
PATH: /home/ubuntu/Archer_C7_V5/openwrt/staging_dir/toolchain-mips_r2_gcc-4.6-linaro_uClibc-0.9.33.2/bin
PATH: /home/ubuntu/Archer_C7_V5/openwrt/staging_dir/host/bin
PATH: /home/ubuntu/Archer_C7_V5/openwrt/staging_dir/toolchain-mips_r2_gcc-4.6-linaro_uClibc-0.9.33.2/bin
PATH: /home/ubuntu/Archer_C7_V5/openwrt/staging_dir/host/bin
PATH: /usr/local/sbin
PATH: /usr/local/bin
PATH: /usr/sbin
PATH: /usr/bin
PATH: /sbin
PATH: /bin
PATH: /usr/games
PATH: /usr/local/games


## ----------- ##
## Core tests. ##
## ----------- ##

configure:2230: checking build system type
configure:2244: result: i686-pc-linux-gnu
configure:2291: checking host system type
configure:2304: result: i686-pc-linux-gnu
configure:2324: checking target system type
configure:2337: result: mips-openwrt-linux-uclibc
configure:2391: checking for a BSD-compatible install
configure:2459: result: /usr/bin/install -c
configure:2470: checking whether ln works
configure:2492: result: yes
configure:2496: checking whether ln -s works
configure:2500: result: yes
configure:2507: checking for a sed that does not truncate output
configure:2571: result: /home/ubuntu/Archer_C7_V5/openwrt/staging_dir/host/bin/sed
configure:2580: checking for gawk
configure:2610: result: no
configure:2580: checking for mawk
configure:2596: found /usr/bin/mawk
configure:2607: result: mawk
configure:3702: checking for i686-linux-gnu-gcc
configure:3718: found /usr/bin/i686-linux-gnu-gcc
configure:3729: result: i686-linux-gnu-gcc
configure:3998: checking for C compiler version
configure:4007: i686-linux-gnu-gcc --version >&5
i686-linux-gnu-gcc (Ubuntu 4.8.4-2ubuntu1~14.04.4) 4.8.4
Copyright (C) 2013 Free Software Foundation, Inc.
This is free software; see the source for copying conditions.  There is NO
warranty; not even for MERCHANTABILITY or FITNESS FOR A PARTICULAR PURPOSE.

configure:4018: $? = 0
configure:4007: i686-linux-gnu-gcc -v >&5
Using built-in specs.
COLLECT_GCC=i686-linux-gnu-gcc
COLLECT_LTO_WRAPPER=/usr/lib/gcc/i686-linux-gnu/4.8/lto-wrapper
Target: i686-linux-gnu
Configured with: ../src/configure -v --with-pkgversion='Ubuntu 4.8.4-2ubuntu1~14.04.4' --with-bugurl=file:///usr/share/doc/gcc-4.8/README.Bugs --enable-languages=c,c++,java,go,d,fortran,objc,obj-c++ --prefix=/usr --program-suffix=-4.8 --enable-shared --enable-linker-build-id --libexecdir=/usr/lib --without-included-gettext --enable-threads=posix --with-gxx-include-dir=/usr/include/c++/4.8 --libdir=/usr/lib --enable-nls --with-sysroot=/ --enable-clocale=gnu --enable-libstdcxx-debug --enable-libstdcxx-time=yes --enable-gnu-unique-object --disable-libmudflap --enable-plugin --with-system-zlib --disable-browser-plugin --enable-java-awt=gtk --enable-gtk-cairo --with-java-home=/usr/lib/jvm/java-1.5.0-gcj-4.8-i386/jre --enable-java-home --with-jvm-root-dir=/usr/lib/jvm/java-1.5.0-gcj-4.8-i386 --with-jvm-jar-dir=/usr/lib/jvm-exports/java-1.5.0-gcj-4.8-i386 --with-arch-directory=i386 --with-ecj-jar=/usr/share/java/eclipse-ecj.jar --enable-objc-gc --enable-targets=all --enable-multiarch --disable-werror --with-arch-32=i686 --with-multilib-list=m32,m64,mx32 --with-tune=generic --enable-checking=release --build=i686-linux-gnu --host=i686-linux-gnu --target=i686-linux-gnu
Thread model: posix
gcc version 4.8.4 (Ubuntu 4.8.4-2ubuntu1~14.04.4) 
configure:4018: $? = 0
configure:4007: i686-linux-gnu-gcc -V >&5
i686-linux-gnu-gcc: error: unrecognized command line option '-V'
i686-linux-gnu-gcc: fatal error: no input files
compilation terminated.
configure:4018: $? = 4
configure:4007: i686-linux-gnu-gcc -qversion >&5
i686-linux-gnu-gcc: error: unrecognized command line option '-qversion'
i686-linux-gnu-gcc: fatal error: no input files
compilation terminated.
configure:4018: $? = 4
configure:4038: checking for C compiler default output file name
configure:4060: i686-linux-gnu-gcc    conftest.c  >&5
configure:4064: $? = 0
configure:4101: result: a.out
configure:4117: checking whether the C compiler works
configure:4126: ./a.out
configure:4130: $? = 0
configure:4145: result: yes
configure:4152: checking whether we are cross compiling
configure:4154: result: no
configure:4157: checking for suffix of executables
configure:4164: i686-linux-gnu-gcc -o conftest    conftest.c  >&5
configure:4168: $? = 0
configure:4190: result: 
configure:4196: checking for suffix of object files
configure:4218: i686-linux-gnu-gcc -c   conftest.c >&5
configure:4222: $? = 0
configure:4243: result: o
configure:4247: checking whether we are using the GNU C compiler
configure:4266: i686-linux-gnu-gcc -c   conftest.c >&5
configure:4266: $? = 0
configure:4275: result: yes
configure:4284: checking whether i686-linux-gnu-gcc accepts -g
configure:4304: i686-linux-gnu-gcc -c -g  conftest.c >&5
configure:4304: $? = 0
configure:4345: result: yes
configure:4362: checking for i686-linux-gnu-gcc option to accept ISO C89
configure:4426: i686-linux-gnu-gcc  -c   conftest.c >&5
configure:4426: $? = 0
configure:4439: result: none needed
configure:4473: checking for i686-linux-gnu-g++
configure:4489: found /usr/bin/i686-linux-gnu-g++
configure:4500: result: i686-linux-gnu-g++
configure:4571: checking for C++ compiler version
configure:4580: i686-linux-gnu-g++ --version >&5
i686-linux-gnu-g++ (Ubuntu 4.8.4-2ubuntu1~14.04.4) 4.8.4
Copyright (C) 2013 Free Software Foundation, Inc.
This is free software; see the source for copying conditions.  There is NO
warranty; not even for MERCHANTABILITY or FITNESS FOR A PARTICULAR PURPOSE.

configure:4591: $? = 0
configure:4580: i686-linux-gnu-g++ -v >&5
Using built-in specs.
COLLECT_GCC=i686-linux-gnu-g++
COLLECT_LTO_WRAPPER=/usr/lib/gcc/i686-linux-gnu/4.8/lto-wrapper
Target: i686-linux-gnu
Configured with: ../src/configure -v --with-pkgversion='Ubuntu 4.8.4-2ubuntu1~14.04.4' --with-bugurl=file:///usr/share/doc/gcc-4.8/README.Bugs --enable-languages=c,c++,java,go,d,fortran,objc,obj-c++ --prefix=/usr --program-suffix=-4.8 --enable-shared --enable-linker-build-id --libexecdir=/usr/lib --without-included-gettext --enable-threads=posix --with-gxx-include-dir=/usr/include/c++/4.8 --libdir=/usr/lib --enable-nls --with-sysroot=/ --enable-clocale=gnu --enable-libstdcxx-debug --enable-libstdcxx-time=yes --enable-gnu-unique-object --disable-libmudflap --enable-plugin --with-system-zlib --disable-browser-plugin --enable-java-awt=gtk --enable-gtk-cairo --with-java-home=/usr/lib/jvm/java-1.5.0-gcj-4.8-i386/jre --enable-java-home --with-jvm-root-dir=/usr/lib/jvm/java-1.5.0-gcj-4.8-i386 --with-jvm-jar-dir=/usr/lib/jvm-exports/java-1.5.0-gcj-4.8-i386 --with-arch-directory=i386 --with-ecj-jar=/usr/share/java/eclipse-ecj.jar --enable-objc-gc --enable-targets=all --enable-multiarch --disable-werror --with-arch-32=i686 --with-multilib-list=m32,m64,mx32 --with-tune=generic --enable-checking=release --build=i686-linux-gnu --host=i686-linux-gnu --target=i686-linux-gnu
Thread model: posix
gcc version 4.8.4 (Ubuntu 4.8.4-2ubuntu1~14.04.4) 
configure:4591: $? = 0
configure:4580: i686-linux-gnu-g++ -V >&5
i686-linux-gnu-g++: error: unrecognized command line option '-V'
i686-linux-gnu-g++: fatal error: no input files
compilation terminated.
configure:4591: $? = 4
configure:4580: i686-linux-gnu-g++ -qversion >&5
i686-linux-gnu-g++: error: unrecognized command line option '-qversion'
i686-linux-gnu-g++: fatal error: no input files
compilation terminated.
configure:4591: $? = 4
configure:4595: checking whether we are using the GNU C++ compiler
configure:4614: i686-linux-gnu-g++ -c   conftest.cpp >&5
configure:4614: $? = 0
configure:4623: result: yes
configure:4632: checking whether i686-linux-gnu-g++ accepts -g
configure:4652: i686-linux-gnu-g++ -c -g  conftest.cpp >&5
configure:4652: $? = 0
configure:4693: result: yes
configure:4742: checking for i686-linux-gnu-gnatbind
configure:4772: result: no
configure:4782: checking for gnatbind
configure:4812: result: no
configure:4834: checking for i686-linux-gnu-gnatmake
configure:4864: result: no
configure:4874: checking for gnatmake
configure:4904: result: no
configure:4923: checking whether compiler driver understands Ada
configure:4946: result: no
configure:4955: checking how to compare bootstrapped objects
configure:4980: result: cmp --ignore-initial=16 $$f1 $$f2
configure:5052: checking for objdir
configure:5067: result: .libs
configure:5609: checking for PWL_handle_timeout in -lpwl
configure:5634: i686-linux-gnu-gcc -o conftest    conftest.c -lpwl    -lstdc++ -lm >&5
/usr/bin/ld: cannot find -lpwl
collect2: error: ld returned 1 exit status
configure:5634: $? = 1
configure: failed program was:
| /* confdefs.h */
| #define PACKAGE_NAME ""
| #define PACKAGE_TARNAME ""
| #define PACKAGE_VERSION ""
| #define PACKAGE_STRING ""
| #define PACKAGE_BUGREPORT ""
| #define PACKAGE_URL ""
| #define LT_OBJDIR ".libs/"
| /* end confdefs.h.  */
| 
| /* Override any GCC internal prototype to avoid an error.
|    Use char because int might match the return type of a GCC
|    builtin and then its argument prototype would still apply.  */
| #ifdef __cplusplus
| extern "C"
| #endif
| char PWL_handle_timeout ();
| int
| main ()
| {
| return PWL_handle_timeout ();
|   ;
|   return 0;
| }
configure:5643: result: no
configure:5657: checking for version 0.11 (revision 0 or later) of PPL
configure:5674: i686-linux-gnu-gcc -c     conftest.c >&5
conftest.c:10:19: fatal error: ppl_c.h: No such file or directory
 #include "ppl_c.h"
                   ^
compilation terminated.
configure:5674: $? = 1
configure: failed program was:
| /* confdefs.h */
| #define PACKAGE_NAME ""
| #define PACKAGE_TARNAME ""
| #define PACKAGE_VERSION ""
| #define PACKAGE_STRING ""
| #define PACKAGE_BUGREPORT ""
| #define PACKAGE_URL ""
| #define LT_OBJDIR ".libs/"
| /* end confdefs.h.  */
| #include "ppl_c.h"
| int
| main ()
| {
| 
|     #if PPL_VERSION_MAJOR != 0 || PPL_VERSION_MINOR < 11
|     choke me
|     #endif
| 
|   ;
|   return 0;
| }
configure:5678: result: no
configure:6988: checking for default BUILD_CONFIG
configure:7020: result: 
configure:7509: checking for bison
configure:7525: found /home/ubuntu/Archer_C7_V5/openwrt/staging_dir/host/bin/bison
configure:7536: result: bison -y
configure:7556: checking for bison
configure:7572: found /home/ubuntu/Archer_C7_V5/openwrt/staging_dir/host/bin/bison
configure:7583: result: bison
configure:7603: checking for gm4
configure:7633: result: no
configure:7603: checking for gnum4
configure:7633: result: no
configure:7603: checking for m4
configure:7619: found /home/ubuntu/Archer_C7_V5/openwrt/staging_dir/host/bin/m4
configure:7630: result: m4
configure:7650: checking for flex
configure:7666: found /home/ubuntu/Archer_C7_V5/openwrt/staging_dir/host/bin/flex
configure:7677: result: flex
configure:7698: checking for flex
configure:7714: found /home/ubuntu/Archer_C7_V5/openwrt/staging_dir/host/bin/flex
configure:7725: result: flex
configure:7745: checking for makeinfo
configure:7775: result: no
configure:7806: checking for expect
configure:7836: result: no
configure:7855: checking for runtest
configure:7885: result: no
configure:7961: checking for i686-linux-gnu-ar
configure:7977: found /usr/bin/i686-linux-gnu-ar
configure:7988: result: i686-linux-gnu-ar
configure:8102: checking for i686-linux-gnu-as
configure:8118: found /usr/bin/i686-linux-gnu-as
configure:8129: result: i686-linux-gnu-as
configure:8243: checking for i686-linux-gnu-dlltool
configure:8273: result: no
configure:8282: checking for dlltool
configure:8312: result: no
configure:8384: checking for i686-linux-gnu-ld
configure:8400: found /usr/bin/i686-linux-gnu-ld
configure:8411: result: i686-linux-gnu-ld
configure:8525: checking for i686-linux-gnu-lipo
configure:8555: result: no
configure:8564: checking for lipo
configure:8594: result: no
configure:8666: checking for i686-linux-gnu-nm
configure:8682: found /usr/bin/i686-linux-gnu-nm
configure:8693: result: i686-linux-gnu-nm
configure:8807: checking for i686-linux-gnu-ranlib
configure:8823: found /usr/bin/i686-linux-gnu-ranlib
configure:8834: result: i686-linux-gnu-ranlib
configure:8943: checking for i686-linux-gnu-strip
configure:8959: found /usr/bin/i686-linux-gnu-strip
configure:8970: result: i686-linux-gnu-strip
configure:9079: checking for i686-linux-gnu-windres
configure:9109: result: no
configure:9118: checking for windres
configure:9148: result: no
configure:9220: checking for i686-linux-gnu-windmc
configure:9250: result: no
configure:9259: checking for windmc
configure:9289: result: no
configure:9361: checking for i686-linux-gnu-objcopy
configure:9377: found /usr/bin/i686-linux-gnu-objcopy
configure:9388: result: i686-linux-gnu-objcopy
configure:9502: checking for i686-linux-gnu-objdump
configure:9518: found /usr/bin/i686-linux-gnu-objdump
configure:9529: result: i686-linux-gnu-objdump
configure:9682: checking for mips-openwrt-linux-uclibc-cc
configure:9712: result: no
configure:9682: checking for mips-openwrt-linux-uclibc-gcc
configure:9712: result: no
configure:9843: checking for mips-openwrt-linux-uclibc-c++
configure:9873: result: no
configure:9843: checking for mips-openwrt-linux-uclibc-g++
configure:9873: result: no
configure:9843: checking for mips-openwrt-linux-uclibc-cxx
configure:9873: result: no
configure:9843: checking for mips-openwrt-linux-uclibc-gxx
configure:9873: result: no
configure:10004: checking for mips-openwrt-linux-uclibc-gcc
configure:10034: result: no
configure:10160: checking for mips-openwrt-linux-uclibc-gcj
configure:10190: result: no
configure:10321: checking for mips-openwrt-linux-uclibc-gfortran
configure:10351: result: no
configure:10482: checking for mips-openwrt-linux-uclibc-gccgo
configure:10512: result: no
configure:10723: checking for mips-openwrt-linux-uclibc-ar
configure:10753: result: no
configure:10953: checking for mips-openwrt-linux-uclibc-as
configure:10983: result: no
configure:11183: checking for mips-openwrt-linux-uclibc-dlltool
configure:11213: result: no
configure:11413: checking for mips-openwrt-linux-uclibc-ld
configure:11443: result: no
configure:11643: checking for mips-openwrt-linux-uclibc-lipo
configure:11673: result: no
configure:11873: checking for mips-openwrt-linux-uclibc-nm
configure:11903: result: no
configure:12103: checking for mips-openwrt-linux-uclibc-objdump
configure:12133: result: no
configure:12333: checking for mips-openwrt-linux-uclibc-ranlib
configure:12363: result: no
configure:12563: checking for mips-openwrt-linux-uclibc-strip
configure:12593: result: no
configure:12793: checking for mips-openwrt-linux-uclibc-windres
configure:12823: result: no
configure:13023: checking for mips-openwrt-linux-uclibc-windmc
configure:13053: result: no
configure:13120: checking where to find the target ar
configure:13143: result: just compiled
configure:13162: checking where to find the target as
configure:13185: result: just compiled
configure:13204: checking where to find the target cc
configure:13241: result: pre-installed
configure:13246: checking where to find the target c++
configure:13286: result: pre-installed
configure:13291: checking where to find the target c++ for libstdc++
configure:13331: result: pre-installed
configure:13336: checking where to find the target dlltool
configure:13359: result: just compiled
configure:13378: checking where to find the target gcc
configure:13415: result: pre-installed
configure:13420: checking where to find the target gcj
configure:13460: result: pre-installed
configure:13465: checking where to find the target gfortran
configure:13505: result: pre-installed
configure:13510: checking where to find the target gccgo
configure:13550: result: pre-installed
configure:13555: checking where to find the target ld
configure:13578: result: just compiled
configure:13597: checking where to find the target lipo
configure:13623: result: pre-installed
configure:13628: checking where to find the target nm
configure:13651: result: just compiled
configure:13670: checking where to find the target objdump
configure:13693: result: just compiled
configure:13712: checking where to find the target ranlib
configure:13735: result: just compiled
configure:13754: checking where to find the target strip
configure:13777: result: just compiled
configure:13796: checking where to find the target windres
configure:13819: result: just compiled
configure:13838: checking where to find the target windmc
configure:13861: result: just compiled
configure:13908: checking whether to enable maintainer-specific portions of Makefiles
configure:13917: result: no
configure:13950: checking whether -fkeep-inline-functions is supported
configure:13969: i686-linux-gnu-gcc -c  -fkeep-inline-functions  conftest.c >&5
configure:13969: $? = 0
configure:13970: result: yes
configure:14176: creating ./config.status

## ---------------------- ##
## Running config.status. ##
## ---------------------- ##

This file was extended by config.status, which was
generated by GNU Autoconf 2.64.  Invocation command line was

  CONFIG_FILES    = 
  CONFIG_HEADERS  = 
  CONFIG_LINKS    = 
  CONFIG_COMMANDS = 
  $ ./config.status 

on ubuntu

config.status:942: creating Makefile

## ---------------- ##
## Cache variables. ##
## ---------------- ##

ac_cv_build=i686-pc-linux-gnu
ac_cv_c_compiler_gnu=yes
ac_cv_cxx_compiler_gnu=yes
ac_cv_env_AR_FOR_TARGET_set=
ac_cv_env_AR_FOR_TARGET_value=
ac_cv_env_AR_set=
ac_cv_env_AR_value=
ac_cv_env_AS_FOR_TARGET_set=
ac_cv_env_AS_FOR_TARGET_value=
ac_cv_env_AS_set=
ac_cv_env_AS_value=
ac_cv_env_CCC_set=
ac_cv_env_CCC_value=
ac_cv_env_CC_FOR_TARGET_set=
ac_cv_env_CC_FOR_TARGET_value=
ac_cv_env_CC_set=
ac_cv_env_CC_value=
ac_cv_env_CFLAGS_set=set
ac_cv_env_CFLAGS_value=
ac_cv_env_CPPFLAGS_set=
ac_cv_env_CPPFLAGS_value=
ac_cv_env_CXXFLAGS_set=
ac_cv_env_CXXFLAGS_value=
ac_cv_env_CXX_FOR_TARGET_set=
ac_cv_env_CXX_FOR_TARGET_value=
ac_cv_env_CXX_set=
ac_cv_env_CXX_value=
ac_cv_env_DLLTOOL_FOR_TARGET_set=
ac_cv_env_DLLTOOL_FOR_TARGET_value=
ac_cv_env_DLLTOOL_set=
ac_cv_env_DLLTOOL_value=
ac_cv_env_GCC_FOR_TARGET_set=
ac_cv_env_GCC_FOR_TARGET_value=
ac_cv_env_GCJ_FOR_TARGET_set=
ac_cv_env_GCJ_FOR_TARGET_value=
ac_cv_env_GFORTRAN_FOR_TARGET_set=
ac_cv_env_GFORTRAN_FOR_TARGET_value=
ac_cv_env_GOC_FOR_TARGET_set=
ac_cv_env_GOC_FOR_TARGET_value=
ac_cv_env_LDFLAGS_set=
ac_cv_env_LDFLAGS_value=
ac_cv_env_LD_FOR_TARGET_set=
ac_cv_env_LD_FOR_TARGET_value=
ac_cv_env_LD_set=
ac_cv_env_LD_value=
ac_cv_env_LIBS_set=
ac_cv_env_LIBS_value=
ac_cv_env_LIPO_FOR_TARGET_set=
ac_cv_env_LIPO_FOR_TARGET_value=
ac_cv_env_LIPO_set=
ac_cv_env_LIPO_value=
ac_cv_env_NM_FOR_TARGET_set=
ac_cv_env_NM_FOR_TARGET_value=
ac_cv_env_NM_set=
ac_cv_env_NM_value=
ac_cv_env_OBJCOPY_set=
ac_cv_env_OBJCOPY_value=
ac_cv_env_OBJDUMP_FOR_TARGET_set=
ac_cv_env_OBJDUMP_FOR_TARGET_value=
ac_cv_env_OBJDUMP_set=
ac_cv_env_OBJDUMP_value=
ac_cv_env_RANLIB_FOR_TARGET_set=
ac_cv_env_RANLIB_FOR_TARGET_value=
ac_cv_env_RANLIB_set=
ac_cv_env_RANLIB_value=
ac_cv_env_STRIP_FOR_TARGET_set=
ac_cv_env_STRIP_FOR_TARGET_value=
ac_cv_env_STRIP_set=
ac_cv_env_STRIP_value=
ac_cv_env_WINDMC_FOR_TARGET_set=
ac_cv_env_WINDMC_FOR_TARGET_value=
ac_cv_env_WINDMC_set=
ac_cv_env_WINDMC_value=
ac_cv_env_WINDRES_FOR_TARGET_set=
ac_cv_env_WINDRES_FOR_TARGET_value=
ac_cv_env_WINDRES_set=
ac_cv_env_WINDRES_value=
ac_cv_env_build_alias_set=set
ac_cv_env_build_alias_value=i686-linux-gnu
ac_cv_env_build_configargs_set=
ac_cv_env_build_configargs_value=
ac_cv_env_host_alias_set=set
ac_cv_env_host_alias_value=i686-linux-gnu
ac_cv_env_host_configargs_set=
ac_cv_env_host_configargs_value=
ac_cv_env_target_alias_set=set
ac_cv_env_target_alias_value=mips-openwrt-linux-uclibc
ac_cv_env_target_configargs_set=
ac_cv_env_target_configargs_value=
ac_cv_host=i686-pc-linux-gnu
ac_cv_lib_pwl_PWL_handle_timeout=no
ac_cv_objext=o
ac_cv_path_SED=/home/ubuntu/Archer_C7_V5/openwrt/staging_dir/host/bin/sed
ac_cv_path_install='/usr/bin/install -c'
ac_cv_prog_AR=i686-linux-gnu-ar
ac_cv_prog_AS=i686-linux-gnu-as
ac_cv_prog_AWK=mawk
ac_cv_prog_BISON=bison
ac_cv_prog_CC=i686-linux-gnu-gcc
ac_cv_prog_CXX=i686-linux-gnu-g++
ac_cv_prog_FLEX=flex
ac_cv_prog_LD=i686-linux-gnu-ld
ac_cv_prog_LEX=flex
ac_cv_prog_M4=m4
ac_cv_prog_NM=i686-linux-gnu-nm
ac_cv_prog_OBJCOPY=i686-linux-gnu-objcopy
ac_cv_prog_OBJDUMP=i686-linux-gnu-objdump
ac_cv_prog_RANLIB=i686-linux-gnu-ranlib
ac_cv_prog_STRIP=i686-linux-gnu-strip
ac_cv_prog_YACC='bison -y'
ac_cv_prog_cc_c89=
ac_cv_prog_cc_g=yes
ac_cv_prog_cxx_g=yes
ac_cv_target=mips-openwrt-linux-uclibc
acx_cv_cc_gcc_supports_ada=no
acx_cv_prog_LN=ln
gcc_cv_prog_cmp_skip='cmp --ignore-initial=16 $$f1 $$f2'
gcc_cv_tool_dirs=
gcc_cv_tool_prefix=/home/ubuntu/Archer_C7_V5/openwrt/staging_dir/toolchain-mips_r2_gcc-4.6-linaro_uClibc-0.9.33.2
lt_cv_objdir=.libs

## ----------------- ##
## Output variables. ##
## ----------------- ##

AR='i686-linux-gnu-ar'
AR_FOR_BUILD='$(AR)'
AR_FOR_TARGET='$$r/$(HOST_SUBDIR)/binutils/ar'
AS='i686-linux-gnu-as'
AS_FOR_BUILD='$(AS)'
AS_FOR_TARGET='$$r/$(HOST_SUBDIR)/gas/as-new'
AWK='mawk'
BISON='bison'
BUILD_CONFIG=''
CC='i686-linux-gnu-gcc'
CC_FOR_BUILD='$(CC)'
CC_FOR_TARGET='mips-openwrt-linux-uclibc-cc'
CFLAGS=''
CFLAGS_FOR_BUILD=''
CFLAGS_FOR_TARGET='-g '
COMPILER_AS_FOR_TARGET='$(AS_FOR_TARGET)'
COMPILER_LD_FOR_TARGET='$(LD_FOR_TARGET)'
COMPILER_NM_FOR_TARGET='$(NM_FOR_TARGET)'
CONFIGURE_GDB_TK=''
CPPFLAGS=''
CXX='i686-linux-gnu-g++'
CXXFLAGS='-g -O2'
CXXFLAGS_FOR_BUILD='-g -O2'
CXXFLAGS_FOR_TARGET='-g -O2'
CXX_FOR_BUILD='$(CXX)'
CXX_FOR_TARGET='mips-openwrt-linux-uclibc-c++'
DEBUG_PREFIX_CFLAGS_FOR_TARGET=''
DEFS='-DPACKAGE_NAME=\"\" -DPACKAGE_TARNAME=\"\" -DPACKAGE_VERSION=\"\" -DPACKAGE_STRING=\"\" -DPACKAGE_BUGREPORT=\"\" -DPACKAGE_URL=\"\" -DLT_OBJDIR=\".libs/\"'
DLLTOOL='dlltool'
DLLTOOL_FOR_BUILD='$(DLLTOOL)'
DLLTOOL_FOR_TARGET='$$r/$(HOST_SUBDIR)/binutils/dlltool'
ECHO_C=''
ECHO_N='-n'
ECHO_T=''
EXEEXT=''
EXPECT='expect'
EXTRA_CONFIGARGS_LIBJAVA='--disable-static'
FLAGS_FOR_TARGET=' -L$$r/$(HOST_SUBDIR)/ld'
FLEX='flex'
GCC_FOR_TARGET='mips-openwrt-linux-uclibc-gcc'
GCC_SHLIB_SUBDIR=''
GCJ_FOR_BUILD='$(GCJ)'
GCJ_FOR_TARGET='mips-openwrt-linux-uclibc-gcj'
GDB_TK=''
GFORTRAN_FOR_BUILD='$(GFORTRAN)'
GFORTRAN_FOR_TARGET='mips-openwrt-linux-uclibc-gfortran'
GNATBIND='no'
GNATMAKE='no'
GOC_FOR_BUILD='$(GOC)'
GOC_FOR_TARGET='mips-openwrt-linux-uclibc-gccgo'
INSTALL_DATA='${INSTALL} -m 644'
INSTALL_GDB_TK=''
INSTALL_PROGRAM='${INSTALL}'
INSTALL_SCRIPT='${INSTALL}'
LD='i686-linux-gnu-ld'
LDFLAGS=''
LDFLAGS_FOR_BUILD=''
LDFLAGS_FOR_TARGET=''
LD_FOR_BUILD='$(LD)'
LD_FOR_TARGET='$$r/$(HOST_SUBDIR)/ld/ld-new'
LEX='flex'
LIBOBJS=''
LIBS=''
LIPO='lipo'
LIPO_FOR_TARGET='mips-openwrt-linux-uclibc-lipo'
LN='ln'
LN_S='ln -s'
LTLIBOBJS=''
M4='m4'
MAINT='#'
MAINTAINER_MODE_FALSE=''
MAINTAINER_MODE_TRUE='#'
MAKEINFO='/home/ubuntu/Archer_C7_V5/openwrt/build_dir/toolchain-mips_r2_gcc-4.6-linaro_uClibc-0.9.33.2/binutils-2.22/missing makeinfo'
NM='i686-linux-gnu-nm'
NM_FOR_BUILD='$(NM)'
NM_FOR_TARGET='$$r/$(HOST_SUBDIR)/binutils/nm-new'
OBJCOPY='i686-linux-gnu-objcopy'
OBJDUMP='i686-linux-gnu-objdump'
OBJDUMP_FOR_TARGET='$$r/$(HOST_SUBDIR)/binutils/objdump'
OBJEXT='o'
PACKAGE_BUGREPORT=''
PACKAGE_NAME=''
PACKAGE_STRING=''
PACKAGE_TARNAME=''
PACKAGE_URL=''
PACKAGE_VERSION=''
PATH_SEPARATOR=':'
POSTSTAGE1_CONFIGURE_FLAGS='--enable-build-with-cxx'
RANLIB='i686-linux-gnu-ranlib'
RANLIB_FOR_BUILD='$(RANLIB)'
RANLIB_FOR_TARGET='$$r/$(HOST_SUBDIR)/binutils/ranlib'
RAW_CXX_FOR_TARGET='mips-openwrt-linux-uclibc-c++'
RPATH_ENVVAR='LD_LIBRARY_PATH'
RUNTEST='runtest'
SED='/home/ubuntu/Archer_C7_V5/openwrt/staging_dir/host/bin/sed'
SHELL='/bin/bash'
STRIP='i686-linux-gnu-strip'
STRIP_FOR_TARGET='$$r/$(HOST_SUBDIR)/binutils/strip-new'
SYSROOT_CFLAGS_FOR_TARGET=''
TOPLEVEL_CONFIGURE_ARGUMENTS='./configure --prefix=/home/ubuntu/Archer_C7_V5/openwrt/staging_dir/toolchain-mips_r2_gcc-4.6-linaro_uClibc-0.9.33.2 --build=i686-linux-gnu --host=i686-linux-gnu --target=mips-openwrt-linux-uclibc --with-sysroot=/home/ubuntu/Archer_C7_V5/openwrt/staging_dir/toolchain-mips_r2_gcc-4.6-linaro_uClibc-0.9.33.2 --disable-multilib --disable-werror --disable-nls --with-float=soft --disable-libssp'
WINDMC='windmc'
WINDMC_FOR_BUILD='$(WINDMC)'
WINDMC_FOR_TARGET='$$r/$(HOST_SUBDIR)/binutils/windmc'
WINDRES='windres'
WINDRES_FOR_BUILD='$(WINDRES)'
WINDRES_FOR_TARGET='$$r/$(HOST_SUBDIR)/binutils/windres'
YACC='bison -y'
ac_ct_CC=''
ac_ct_CXX=''
bindir='${exec_prefix}/bin'
build='i686-pc-linux-gnu'
build_alias='i686-linux-gnu'
build_configargs=' --cache-file=../config.cache '\''--prefix=/home/ubuntu/Archer_C7_V5/openwrt/staging_dir/toolchain-mips_r2_gcc-4.6-linaro_uClibc-0.9.33.2'\'' '\''--with-sysroot=/home/ubuntu/Archer_C7_V5/openwrt/staging_dir/toolchain-mips_r2_gcc-4.6-linaro_uClibc-0.9.33.2'\'' '\''--disable-multilib'\'' '\''--disable-werror'\'' '\''--disable-nls'\'' '\''--with-float=soft'\'' '\''--disable-libssp'\'' --program-transform-name='\''s&^&mips-openwrt-linux-uclibc-&'\'' --disable-option-checking'
build_configdirs=' libiberty'
build_cpu='i686'
build_libsubdir='build-i686-linux-gnu'
build_noncanonical='i686-linux-gnu'
build_os='linux-gnu'
build_subdir='build-i686-linux-gnu'
build_tooldir='${exec_prefix}/mips-openwrt-linux-uclibc'
build_vendor='pc'
clooginc=''
clooglibs=''
compare_exclusions='gcc/cc*-checksum$(objext) | gcc/ada/*tools/*'
configdirs=' intl libiberty opcodes bfd binutils gas ld gprof etc'
datadir='${datarootdir}'
datarootdir='${prefix}/share'
do_compare='cmp --ignore-initial=16 $$f1 $$f2'
docdir='${datarootdir}/doc/${PACKAGE}'
dvidir='${docdir}'
exec_prefix='${prefix}'
extra_host_libiberty_configure_flags=''
extra_mpc_gmp_configure_flags=''
extra_mpc_mpfr_configure_flags=''
extra_mpfr_configure_flags=''
gmpinc=''
gmplibs='-lmpc -lmpfr -lgmp'
host='i686-pc-linux-gnu'
host_alias='i686-linux-gnu'
host_configargs=' --cache-file=./config.cache  --with-gnu-as --with-gnu-ld --with-system-zlib --with-stabs '\''--prefix=/home/ubuntu/Archer_C7_V5/openwrt/staging_dir/toolchain-mips_r2_gcc-4.6-linaro_uClibc-0.9.33.2'\'' '\''--with-sysroot=/home/ubuntu/Archer_C7_V5/openwrt/staging_dir/toolchain-mips_r2_gcc-4.6-linaro_uClibc-0.9.33.2'\'' '\''--disable-multilib'\'' '\''--disable-werror'\'' '\''--disable-nls'\'' '\''--with-float=soft'\'' '\''--disable-libssp'\'' --program-transform-name='\''s&^&mips-openwrt-linux-uclibc-&'\'' --disable-option-checking'
host_cpu='i686'
host_noncanonical='i686-linux-gnu'
host_os='linux-gnu'
host_subdir='.'
host_vendor='pc'
htmldir='${docdir}'
includedir='${prefix}/include'
infodir='${datarootdir}/info'
libdir='${exec_prefix}/lib'
libexecdir='${exec_prefix}/libexec'
localedir='${datarootdir}/locale'
localstatedir='${prefix}/var'
mandir='${datarootdir}/man'
oldincludedir='/usr/include'
pdfdir='${docdir}'
poststage1_ldflags='-static-libstdc++ -static-libgcc'
poststage1_libs=''
pplinc=''
ppllibs=''
prefix='/home/ubuntu/Archer_C7_V5/openwrt/staging_dir/toolchain-mips_r2_gcc-4.6-linaro_uClibc-0.9.33.2'
program_transform_name='s&^&mips-openwrt-linux-uclibc-&'
psdir='${docdir}'
sbindir='${exec_prefix}/sbin'
sharedstatedir='${prefix}/com'
stage1_cflags='-g -fkeep-inline-functions'
stage1_checking='--enable-checking=yes,types'
stage1_languages=',c,'
stage1_ldflags=''
stage1_libs=''
stage2_werror_flag=''
sysconfdir='${prefix}/etc'
target='mips-openwrt-linux-uclibc'
target_alias='mips-openwrt-linux-uclibc'
target_configargs='--cache-file=./config.cache --with-cross-host=i686-linux-gnu   '\''--prefix=/home/ubuntu/Archer_C7_V5/openwrt/staging_dir/toolchain-mips_r2_gcc-4.6-linaro_uClibc-0.9.33.2'\'' '\''--with-sysroot=/home/ubuntu/Archer_C7_V5/openwrt/staging_dir/toolchain-mips_r2_gcc-4.6-linaro_uClibc-0.9.33.2'\'' '\''--disable-multilib'\'' '\''--disable-werror'\'' '\''--disable-nls'\'' '\''--with-float=soft'\'' '\''--disable-libssp'\'' --program-transform-name='\''s&^&mips-openwrt-linux-uclibc-&'\'' --disable-option-checking'
target_configdirs=''
target_cpu='mips'
target_noncanonical='mips-openwrt-linux-uclibc'
target_os='linux-uclibc'
target_subdir='mips-openwrt-linux-uclibc'
target_vendor='openwrt'
tooldir='${exec_prefix}/mips-openwrt-linux-uclibc'

## ------------------- ##
## File substitutions. ##
## ------------------- ##

alphaieee_frag='/dev/null'
host_makefile_frag='/dev/null'
ospace_frag='/dev/null'
serialization_dependencies='serdep.tmp'
target_makefile_frag='./config/mt-mips-gnu'

## ----------- ##
## confdefs.h. ##
## ----------- ##

/* confdefs.h */
#define PACKAGE_NAME ""
#define PACKAGE_TARNAME ""
#define PACKAGE_VERSION ""
#define PACKAGE_STRING ""
#define PACKAGE_BUGREPORT ""
#define PACKAGE_URL ""
#define LT_OBJDIR ".libs/"

configure: exit 0
