This file contains any messages produced by compilers while
running configure, to aid debugging if configure makes a mistake.

It was created by libnetfilter_queue configure 1.0.2, which was
generated by GNU Autoconf 2.68.  Invocation command line was

  $ ./configure --target=arm-openwrt-linux-uclibc --host=arm-openwrt-linux-uclibc --build=x86_64-linux-gnu --program-prefix= --program-suffix= --prefix=/usr --exec-prefix=/usr --bindir=/usr/bin --sbindir=/usr/sbin --libexecdir=/usr/lib --sysconfdir=/etc --datadir=/usr/share --localstatedir=/var --mandir=/usr/man --infodir=/usr/info --disable-nls --enable-static --enable-shared

## --------- ##
## Platform. ##
## --------- ##

hostname = ubuntu
uname -m = x86_64
uname -r = 4.4.0-148-generic
uname -s = Linux
uname -v = #174~14.04.1-Ubuntu SMP Thu May 9 08:17:37 UTC 2019

/usr/bin/uname -p = unknown
/bin/uname -X     = unknown

/bin/arch              = unknown
/usr/bin/arch -k       = unknown
/usr/convex/getsysinfo = unknown
/usr/bin/hostinfo      = unknown
/bin/machine           = unknown
/usr/bin/oslevel       = unknown
/bin/universe          = unknown

PATH: /home/ubuntu/tp-link/GPL_X5700_1/iplatform/staging_dir/target-arm-openwrt-linux-uclibc-/host/bin
PATH: /home/ubuntu/tp-link/GPL_X5700_1/iplatform/staging_dir/toolchain-arm-openwrt-linux-uclibc/bin
PATH: /home/ubuntu/tp-link/GPL_X5700_1/iplatform/staging_dir/host/bin
PATH: /home/ubuntu/tp-link/GPL_X5700_1/iplatform/staging_dir/toolchain-arm-openwrt-linux-uclibc/bin
PATH: /home/ubuntu/tp-link/GPL_X5700_1/iplatform/staging_dir/host/bin
PATH: /home/ubuntu/tp-link/GPL_X5700_1/iplatform/staging_dir/toolchain-arm-openwrt-linux-uclibc/bin
PATH: /home/ubuntu/tp-link/GPL_X5700_1/iplatform/staging_dir/host/bin
PATH: /usr/local/sbin
PATH: /usr/local/bin
PATH: /usr/sbin
PATH: /usr/bin
PATH: /sbin
PATH: /bin
PATH: /usr/games
PATH: /usr/local/games
PATH: /home/ubuntu/tp-link/GPL_X5700_1/iplatform/../bcm675x/toolchain/opt/toolchains/crosstools-arm-gcc-5.5-linux-4.1-glibc-2.26-binutils-2.28.1/usr/bin
PATH: /home/ubuntu/tp-link/GPL_X5700_1/iplatform/../bcm675x/toolchain/opt/toolchains/crosstools-aarch64-gcc-5.5-linux-4.1-glibc-2.26-binutils-2.28.1/usr/bin
PATH: /home/ubuntu/tp-link/GPL_X5700_1/iplatform/../bcm675x/toolchain/opt/toolchains/crosstools-arm-gcc-5.5-linux-4.1-glibc-2.26-binutils-2.28.1/usr/bin
PATH: /home/ubuntu/tp-link/GPL_X5700_1/iplatform/../bcm675x/toolchain/opt/toolchains/crosstools-aarch64-gcc-5.5-linux-4.1-glibc-2.26-binutils-2.28.1/usr/bin
PATH: /home/ubuntu/tp-link/GPL_X5700_1/iplatform/../bcm675x/toolchain/opt/toolchains/crosstools-arm-gcc-5.5-linux-4.1-glibc-2.26-binutils-2.28.1/usr/bin
PATH: /home/ubuntu/tp-link/GPL_X5700_1/iplatform/../bcm675x/toolchain/opt/toolchains/crosstools-aarch64-gcc-5.5-linux-4.1-glibc-2.26-binutils-2.28.1/usr/bin


## ----------- ##
## Core tests. ##
## ----------- ##

configure:2022: loading site script /home/ubuntu/tp-link/GPL_X5700_1/iplatform/include/site/arm-openwrt-linux-uclibc
| #!/bin/sh
| 
| . $TOPDIR/include/site/arm-linux
| . $TOPDIR/include/site/linux-uclibc
| 
configure:2151: checking build system type
configure:2165: result: x86_64-pc-linux-gnu
configure:2185: checking host system type
configure:2198: result: arm-openwrt-linux-uclibc
configure:2238: checking for a BSD-compatible install
configure:2306: result: /usr/bin/install -c
configure:2317: checking whether build environment is sane
configure:2367: result: yes
configure:2416: checking for arm-openwrt-linux-uclibc-strip
configure:2443: result: arm-buildroot-linux-gnueabi-strip
configure:2508: checking for a thread-safe mkdir -p
configure:2547: result: /bin/mkdir -p
configure:2560: checking for gawk
configure:2576: found /usr/bin/gawk
configure:2587: result: gawk
configure:2598: checking whether make sets $(MAKE)
configure:2620: result: yes
configure:2695: checking how to create a pax tar archive
configure:2708: tar --version
tar (GNU tar) 1.27.1
Copyright (C) 2013 Free Software Foundation, Inc.
License GPLv3+: GNU GPL version 3 or later <http://gnu.org/licenses/gpl.html>.
This is free software: you are free to change and redistribute it.
There is NO WARRANTY, to the extent permitted by law.

Written by John Gilmore and Jay Fenlason.
configure:2711: $? = 0
configure:2751: tardir=conftest.dir && eval tar --format=posix -chf - "$tardir" >conftest.tar
configure:2754: $? = 0
configure:2758: tar -xf - <conftest.tar
configure:2761: $? = 0
configure:2774: result: gnutar
configure:2793: checking whether make supports nested variables
configure:2810: result: yes
configure:2830: checking for arm-openwrt-linux-uclibc-gcc
configure:2857: result: arm-buildroot-linux-gnueabi-gcc
configure:3126: checking for C compiler version
configure:3135: arm-buildroot-linux-gnueabi-gcc --version >&5
arm-buildroot-linux-gnueabi-gcc.br_real (Buildroot 2017.11.1) 5.5.0
Copyright (C) 2015 Free Software Foundation, Inc.
This is free software; see the source for copying conditions.  There is NO
warranty; not even for MERCHANTABILITY or FITNESS FOR A PARTICULAR PURPOSE.

configure:3146: $? = 0
configure:3135: arm-buildroot-linux-gnueabi-gcc -v >&5
Using built-in specs.
COLLECT_GCC=/home/ubuntu/tp-link/GPL_X5700_1/bcm675x/toolchain/opt/toolchains/crosstools-arm-gcc-5.5-linux-4.1-glibc-2.26-binutils-2.28.1/bin/arm-buildroot-linux-gnueabi-gcc.br_real
COLLECT_LTO_WRAPPER=/home/ubuntu/tp-link/GPL_X5700_1/bcm675x/toolchain/opt/toolchains/crosstools-arm-gcc-5.5-linux-4.1-glibc-2.26-binutils-2.28.1/bin/../libexec/gcc/arm-buildroot-linux-gnueabi/5.5.0/lto-wrapper
Target: arm-buildroot-linux-gnueabi
Configured with: ./configure --prefix=/opt/toolchains/crosstools-arm-gcc-5.5-linux-4.1-glibc-2.26-binutils-2.28.1 --sysconfdir=/opt/toolchains/crosstools-arm-gcc-5.5-linux-4.1-glibc-2.26-binutils-2.28.1/etc --enable-static --target=arm-buildroot-linux-gnueabi --with-sysroot=/opt/toolchains/crosstools-arm-gcc-5.5-linux-4.1-glibc-2.26-binutils-2.28.1/arm-buildroot-linux-gnueabi/sysroot --disable-__cxa_atexit --with-gnu-ld --disable-libssp --disable-multilib --with-gmp=/opt/toolchains/crosstools-arm-gcc-5.5-linux-4.1-glibc-2.26-binutils-2.28.1 --with-mpc=/opt/toolchains/crosstools-arm-gcc-5.5-linux-4.1-glibc-2.26-binutils-2.28.1 --with-mpfr=/opt/toolchains/crosstools-arm-gcc-5.5-linux-4.1-glibc-2.26-binutils-2.28.1 --with-pkgversion='Buildroot 2017.11.1' --with-bugurl=http://bugs.buildroot.net/ --disable-libquadmath --enable-tls --disable-libmudflap --enable-threads --without-isl --without-cloog --with-float=soft --disable-decimal-float --with-abi=aapcs-linux --with-cpu=cortex-a9 --with-float=soft --with-mode=arm --enable-languages=c,c++ --with-build-time-tools=/opt/toolchains/crosstools-arm-gcc-5.5-linux-4.1-glibc-2.26-binutils-2.28.1/arm-buildroot-linux-gnueabi/bin --enable-shared --disable-libgomp
Thread model: posix
gcc version 5.5.0 (Buildroot 2017.11.1) 
configure:3146: $? = 0
configure:3135: arm-buildroot-linux-gnueabi-gcc -V >&5
arm-buildroot-linux-gnueabi-gcc.br_real: error: unrecognized command line option '-V'
arm-buildroot-linux-gnueabi-gcc.br_real: fatal error: no input files
compilation terminated.
configure:3146: $? = 1
configure:3135: arm-buildroot-linux-gnueabi-gcc -qversion >&5
arm-buildroot-linux-gnueabi-gcc.br_real: error: unrecognized command line option '-qversion'
arm-buildroot-linux-gnueabi-gcc.br_real: fatal error: no input files
compilation terminated.
configure:3146: $? = 1
configure:3166: checking whether the C compiler works
configure:3188: arm-buildroot-linux-gnueabi-gcc  -fpic -D_GNU_SOURCE=1  -I/home/ubuntu/tp-link/GPL_X5700_1/iplatform/staging_dir/target-arm-openwrt-linux-uclibc-/usr/include -I/home/ubuntu/tp-link/GPL_X5700_1/iplatform/staging_dir/target-arm-openwrt-linux-uclibc-/include -I/home/ubuntu/tp-link/GPL_X5700_1/iplatform/../bcm675x/toolchain/opt/toolchains/crosstools-arm-gcc-5.5-linux-4.1-glibc-2.26-binutils-2.28.1/usr/include  -L/home/ubuntu/tp-link/GPL_X5700_1/iplatform/staging_dir/target-arm-openwrt-linux-uclibc-/usr/lib -L/home/ubuntu/tp-link/GPL_X5700_1/iplatform/staging_dir/target-arm-openwrt-linux-uclibc-/lib -Wl,-rpath-link,/home/ubuntu/tp-link/GPL_X5700_1/iplatform/staging_dir/target-arm-openwrt-linux-uclibc-/usr/lib -L/home/ubuntu/tp-link/GPL_X5700_1/iplatform/../bcm675x/toolchain/opt/toolchains/crosstools-arm-gcc-5.5-linux-4.1-glibc-2.26-binutils-2.28.1/usr/lib -L/home/ubuntu/tp-link/GPL_X5700_1/iplatform/../bcm675x/toolchain/opt/toolchains/crosstools-arm-gcc-5.5-linux-4.1-glibc-2.26-binutils-2.28.1/lib  conftest.c  >&5
configure:3192: $? = 0
configure:3240: result: yes
configure:3243: checking for C compiler default output file name
configure:3245: result: a.out
configure:3251: checking for suffix of executables
configure:3258: arm-buildroot-linux-gnueabi-gcc -o conftest  -fpic -D_GNU_SOURCE=1  -I/home/ubuntu/tp-link/GPL_X5700_1/iplatform/staging_dir/target-arm-openwrt-linux-uclibc-/usr/include -I/home/ubuntu/tp-link/GPL_X5700_1/iplatform/staging_dir/target-arm-openwrt-linux-uclibc-/include -I/home/ubuntu/tp-link/GPL_X5700_1/iplatform/../bcm675x/toolchain/opt/toolchains/crosstools-arm-gcc-5.5-linux-4.1-glibc-2.26-binutils-2.28.1/usr/include  -L/home/ubuntu/tp-link/GPL_X5700_1/iplatform/staging_dir/target-arm-openwrt-linux-uclibc-/usr/lib -L/home/ubuntu/tp-link/GPL_X5700_1/iplatform/staging_dir/target-arm-openwrt-linux-uclibc-/lib -Wl,-rpath-link,/home/ubuntu/tp-link/GPL_X5700_1/iplatform/staging_dir/target-arm-openwrt-linux-uclibc-/usr/lib -L/home/ubuntu/tp-link/GPL_X5700_1/iplatform/../bcm675x/toolchain/opt/toolchains/crosstools-arm-gcc-5.5-linux-4.1-glibc-2.26-binutils-2.28.1/usr/lib -L/home/ubuntu/tp-link/GPL_X5700_1/iplatform/../bcm675x/toolchain/opt/toolchains/crosstools-arm-gcc-5.5-linux-4.1-glibc-2.26-binutils-2.28.1/lib  conftest.c  >&5
configure:3262: $? = 0
configure:3284: result: 
configure:3306: checking whether we are cross compiling
configure:3344: result: yes
configure:3349: checking for suffix of object files
configure:3371: arm-buildroot-linux-gnueabi-gcc -c  -fpic -D_GNU_SOURCE=1  -I/home/ubuntu/tp-link/GPL_X5700_1/iplatform/staging_dir/target-arm-openwrt-linux-uclibc-/usr/include -I/home/ubuntu/tp-link/GPL_X5700_1/iplatform/staging_dir/target-arm-openwrt-linux-uclibc-/include -I/home/ubuntu/tp-link/GPL_X5700_1/iplatform/../bcm675x/toolchain/opt/toolchains/crosstools-arm-gcc-5.5-linux-4.1-glibc-2.26-binutils-2.28.1/usr/include  conftest.c >&5
configure:3375: $? = 0
configure:3396: result: o
configure:3400: checking whether we are using the GNU C compiler
configure:3419: arm-buildroot-linux-gnueabi-gcc -c  -fpic -D_GNU_SOURCE=1  -I/home/ubuntu/tp-link/GPL_X5700_1/iplatform/staging_dir/target-arm-openwrt-linux-uclibc-/usr/include -I/home/ubuntu/tp-link/GPL_X5700_1/iplatform/staging_dir/target-arm-openwrt-linux-uclibc-/include -I/home/ubuntu/tp-link/GPL_X5700_1/iplatform/../bcm675x/toolchain/opt/toolchains/crosstools-arm-gcc-5.5-linux-4.1-glibc-2.26-binutils-2.28.1/usr/include  conftest.c >&5
configure:3419: $? = 0
configure:3428: result: yes
configure:3437: checking whether arm-buildroot-linux-gnueabi-gcc accepts -g
configure:3457: arm-buildroot-linux-gnueabi-gcc -c -g -I/home/ubuntu/tp-link/GPL_X5700_1/iplatform/staging_dir/target-arm-openwrt-linux-uclibc-/usr/include -I/home/ubuntu/tp-link/GPL_X5700_1/iplatform/staging_dir/target-arm-openwrt-linux-uclibc-/include -I/home/ubuntu/tp-link/GPL_X5700_1/iplatform/../bcm675x/toolchain/opt/toolchains/crosstools-arm-gcc-5.5-linux-4.1-glibc-2.26-binutils-2.28.1/usr/include  conftest.c >&5
configure:3457: $? = 0
configure:3498: result: yes
configure:3515: checking for arm-buildroot-linux-gnueabi-gcc option to accept ISO C89
configure:3579: arm-buildroot-linux-gnueabi-gcc  -c  -fpic -D_GNU_SOURCE=1  -I/home/ubuntu/tp-link/GPL_X5700_1/iplatform/staging_dir/target-arm-openwrt-linux-uclibc-/usr/include -I/home/ubuntu/tp-link/GPL_X5700_1/iplatform/staging_dir/target-arm-openwrt-linux-uclibc-/include -I/home/ubuntu/tp-link/GPL_X5700_1/iplatform/../bcm675x/toolchain/opt/toolchains/crosstools-arm-gcc-5.5-linux-4.1-glibc-2.26-binutils-2.28.1/usr/include  conftest.c >&5
configure:3579: $? = 0
configure:3592: result: none needed
configure:3623: checking for style of include used by make
configure:3651: result: GNU
configure:3677: checking dependency style of arm-buildroot-linux-gnueabi-gcc
configure:3788: result: gcc3
configure:3804: checking whether arm-buildroot-linux-gnueabi-gcc and cc understand -c and -o together
configure:3835: arm-buildroot-linux-gnueabi-gcc -c conftest.c -o conftest2.o >&5
configure:3839: $? = 0
configure:3845: arm-buildroot-linux-gnueabi-gcc -c conftest.c -o conftest2.o >&5
configure:3849: $? = 0
configure:3860: cc -c conftest.c >&5
configure:3864: $? = 0
configure:3872: cc -c conftest.c -o conftest2.o >&5
configure:3876: $? = 0
configure:3882: cc -c conftest.c -o conftest2.o >&5
configure:3886: $? = 0
configure:3904: result: yes
configure:4006: checking how to print strings
configure:4033: result: printf
configure:4054: checking for a sed that does not truncate output
configure:4118: result: /home/ubuntu/tp-link/GPL_X5700_1/iplatform/staging_dir/host/bin/sed
configure:4136: checking for grep that handles long lines and -e
configure:4194: result: /bin/grep
configure:4199: checking for egrep
configure:4261: result: /bin/grep -E
configure:4266: checking for fgrep
configure:4328: result: /bin/grep -F
configure:4363: checking for ld used by arm-buildroot-linux-gnueabi-gcc
configure:4430: result: arm-buildroot-linux-gnueabi-ld
configure:4437: checking if the linker (arm-buildroot-linux-gnueabi-ld) is GNU ld
configure:4452: result: yes
configure:4464: checking for BSD- or MS-compatible name lister (nm)
configure:4513: result: arm-buildroot-linux-gnueabi-nm
configure:4643: checking the name lister (arm-buildroot-linux-gnueabi-nm) interface
configure:4650: arm-buildroot-linux-gnueabi-gcc -c  -fpic -D_GNU_SOURCE=1  -I/home/ubuntu/tp-link/GPL_X5700_1/iplatform/staging_dir/target-arm-openwrt-linux-uclibc-/usr/include -I/home/ubuntu/tp-link/GPL_X5700_1/iplatform/staging_dir/target-arm-openwrt-linux-uclibc-/include -I/home/ubuntu/tp-link/GPL_X5700_1/iplatform/../bcm675x/toolchain/opt/toolchains/crosstools-arm-gcc-5.5-linux-4.1-glibc-2.26-binutils-2.28.1/usr/include  conftest.c >&5
configure:4653: arm-buildroot-linux-gnueabi-nm "conftest.o"
configure:4656: output
00000000 B some_variable
configure:4663: result: BSD nm
configure:4666: checking whether ln -s works
configure:4670: result: yes
configure:4678: checking the maximum length of command line arguments
configure:4803: result: 3458764513820540925
configure:4820: checking whether the shell understands some XSI constructs
configure:4830: result: yes
configure:4834: checking whether the shell understands "+="
configure:4840: result: yes
configure:4875: checking how to convert x86_64-pc-linux-gnu file names to arm-openwrt-linux-uclibc format
configure:4915: result: func_convert_file_noop
configure:4922: checking how to convert x86_64-pc-linux-gnu file names to toolchain format
configure:4942: result: func_convert_file_noop
configure:4949: checking for arm-buildroot-linux-gnueabi-ld option to reload object files
configure:4956: result: -r
configure:4990: checking for arm-openwrt-linux-uclibc-objdump
configure:5017: result: arm-buildroot-linux-gnueabi-objdump
configure:5089: checking how to recognize dependent libraries
configure:5291: result: pass_all
configure:5336: checking for arm-openwrt-linux-uclibc-dlltool
configure:5366: result: no
configure:5376: checking for dlltool
configure:5406: result: no
configure:5436: checking how to associate runtime and link libraries
configure:5463: result: printf %s\n
configure:5480: checking for arm-openwrt-linux-uclibc-ar
configure:5507: result: arm-buildroot-linux-gnueabi-ar
configure:5588: checking for archiver @FILE support
configure:5605: arm-buildroot-linux-gnueabi-gcc -c  -fpic -D_GNU_SOURCE=1  -I/home/ubuntu/tp-link/GPL_X5700_1/iplatform/staging_dir/target-arm-openwrt-linux-uclibc-/usr/include -I/home/ubuntu/tp-link/GPL_X5700_1/iplatform/staging_dir/target-arm-openwrt-linux-uclibc-/include -I/home/ubuntu/tp-link/GPL_X5700_1/iplatform/../bcm675x/toolchain/opt/toolchains/crosstools-arm-gcc-5.5-linux-4.1-glibc-2.26-binutils-2.28.1/usr/include  conftest.c >&5
configure:5605: $? = 0
configure:5608: arm-buildroot-linux-gnueabi-ar cru libconftest.a @conftest.lst >&5
configure:5611: $? = 0
configure:5616: arm-buildroot-linux-gnueabi-ar cru libconftest.a @conftest.lst >&5
arm-buildroot-linux-gnueabi-ar: conftest.o: No such file or directory
configure:5619: $? = 1
configure:5631: result: @
configure:5649: checking for arm-openwrt-linux-uclibc-strip
configure:5676: result: arm-buildroot-linux-gnueabi-strip
configure:5748: checking for arm-openwrt-linux-uclibc-ranlib
configure:5775: result: arm-buildroot-linux-gnueabi-ranlib
configure:5917: checking command to parse arm-buildroot-linux-gnueabi-nm output from arm-buildroot-linux-gnueabi-gcc object
configure:6036: arm-buildroot-linux-gnueabi-gcc -c  -fpic -D_GNU_SOURCE=1  -I/home/ubuntu/tp-link/GPL_X5700_1/iplatform/staging_dir/target-arm-openwrt-linux-uclibc-/usr/include -I/home/ubuntu/tp-link/GPL_X5700_1/iplatform/staging_dir/target-arm-openwrt-linux-uclibc-/include -I/home/ubuntu/tp-link/GPL_X5700_1/iplatform/../bcm675x/toolchain/opt/toolchains/crosstools-arm-gcc-5.5-linux-4.1-glibc-2.26-binutils-2.28.1/usr/include  conftest.c >&5
configure:6039: $? = 0
configure:6043: arm-buildroot-linux-gnueabi-nm conftest.o \| sed -n -e 's/^.*[ ]\([ABCDGIRSTW][ABCDGIRSTW]*\)[ ][ ]*\([_A-Za-z][_A-Za-z0-9]*\)$/\1 \2 \2/p' | sed '/ __gnu_lto/d' \> conftest.nm
configure:6046: $? = 0
configure:6112: arm-buildroot-linux-gnueabi-gcc -o conftest  -fpic -D_GNU_SOURCE=1  -I/home/ubuntu/tp-link/GPL_X5700_1/iplatform/staging_dir/target-arm-openwrt-linux-uclibc-/usr/include -I/home/ubuntu/tp-link/GPL_X5700_1/iplatform/staging_dir/target-arm-openwrt-linux-uclibc-/include -I/home/ubuntu/tp-link/GPL_X5700_1/iplatform/../bcm675x/toolchain/opt/toolchains/crosstools-arm-gcc-5.5-linux-4.1-glibc-2.26-binutils-2.28.1/usr/include  -L/home/ubuntu/tp-link/GPL_X5700_1/iplatform/staging_dir/target-arm-openwrt-linux-uclibc-/usr/lib -L/home/ubuntu/tp-link/GPL_X5700_1/iplatform/staging_dir/target-arm-openwrt-linux-uclibc-/lib -Wl,-rpath-link,/home/ubuntu/tp-link/GPL_X5700_1/iplatform/staging_dir/target-arm-openwrt-linux-uclibc-/usr/lib -L/home/ubuntu/tp-link/GPL_X5700_1/iplatform/../bcm675x/toolchain/opt/toolchains/crosstools-arm-gcc-5.5-linux-4.1-glibc-2.26-binutils-2.28.1/usr/lib -L/home/ubuntu/tp-link/GPL_X5700_1/iplatform/../bcm675x/toolchain/opt/toolchains/crosstools-arm-gcc-5.5-linux-4.1-glibc-2.26-binutils-2.28.1/lib  conftest.c conftstm.o >&5
configure:6115: $? = 0
configure:6153: result: ok
configure:6190: checking for sysroot
configure:6220: result: no
configure:6423: checking for arm-openwrt-linux-uclibc-mt
configure:6453: result: no
configure:6463: checking for mt
configure:6479: found /bin/mt
configure:6490: result: mt
configure:6502: WARNING: using cross tools not prefixed with host triplet
configure:6513: checking if mt is a manifest tool
configure:6519: mt '-?'
configure:6527: result: no
configure:7159: checking how to run the C preprocessor
configure:7190: arm-buildroot-linux-gnueabi-gcc -E -I/home/ubuntu/tp-link/GPL_X5700_1/iplatform/staging_dir/target-arm-openwrt-linux-uclibc-/usr/include -I/home/ubuntu/tp-link/GPL_X5700_1/iplatform/staging_dir/target-arm-openwrt-linux-uclibc-/include -I/home/ubuntu/tp-link/GPL_X5700_1/iplatform/../bcm675x/toolchain/opt/toolchains/crosstools-arm-gcc-5.5-linux-4.1-glibc-2.26-binutils-2.28.1/usr/include  conftest.c
configure:7190: $? = 0
configure:7204: arm-buildroot-linux-gnueabi-gcc -E -I/home/ubuntu/tp-link/GPL_X5700_1/iplatform/staging_dir/target-arm-openwrt-linux-uclibc-/usr/include -I/home/ubuntu/tp-link/GPL_X5700_1/iplatform/staging_dir/target-arm-openwrt-linux-uclibc-/include -I/home/ubuntu/tp-link/GPL_X5700_1/iplatform/../bcm675x/toolchain/opt/toolchains/crosstools-arm-gcc-5.5-linux-4.1-glibc-2.26-binutils-2.28.1/usr/include  conftest.c
conftest.c:11:28: fatal error: ac_nonexistent.h: No such file or directory
compilation terminated.
configure:7204: $? = 1
configure: failed program was:
| /* confdefs.h */
| #define PACKAGE_NAME "libnetfilter_queue"
| #define PACKAGE_TARNAME "libnetfilter_queue"
| #define PACKAGE_VERSION "1.0.2"
| #define PACKAGE_STRING "libnetfilter_queue 1.0.2"
| #define PACKAGE_BUGREPORT ""
| #define PACKAGE_URL ""
| #define PACKAGE "libnetfilter_queue"
| #define VERSION "1.0.2"
| /* end confdefs.h.  */
| #include <ac_nonexistent.h>
configure:7229: result: arm-buildroot-linux-gnueabi-gcc -E
configure:7249: arm-buildroot-linux-gnueabi-gcc -E -I/home/ubuntu/tp-link/GPL_X5700_1/iplatform/staging_dir/target-arm-openwrt-linux-uclibc-/usr/include -I/home/ubuntu/tp-link/GPL_X5700_1/iplatform/staging_dir/target-arm-openwrt-linux-uclibc-/include -I/home/ubuntu/tp-link/GPL_X5700_1/iplatform/../bcm675x/toolchain/opt/toolchains/crosstools-arm-gcc-5.5-linux-4.1-glibc-2.26-binutils-2.28.1/usr/include  conftest.c
configure:7249: $? = 0
configure:7263: arm-buildroot-linux-gnueabi-gcc -E -I/home/ubuntu/tp-link/GPL_X5700_1/iplatform/staging_dir/target-arm-openwrt-linux-uclibc-/usr/include -I/home/ubuntu/tp-link/GPL_X5700_1/iplatform/staging_dir/target-arm-openwrt-linux-uclibc-/include -I/home/ubuntu/tp-link/GPL_X5700_1/iplatform/../bcm675x/toolchain/opt/toolchains/crosstools-arm-gcc-5.5-linux-4.1-glibc-2.26-binutils-2.28.1/usr/include  conftest.c
conftest.c:11:28: fatal error: ac_nonexistent.h: No such file or directory
compilation terminated.
configure:7263: $? = 1
configure: failed program was:
| /* confdefs.h */
| #define PACKAGE_NAME "libnetfilter_queue"
| #define PACKAGE_TARNAME "libnetfilter_queue"
| #define PACKAGE_VERSION "1.0.2"
| #define PACKAGE_STRING "libnetfilter_queue 1.0.2"
| #define PACKAGE_BUGREPORT ""
| #define PACKAGE_URL ""
| #define PACKAGE "libnetfilter_queue"
| #define VERSION "1.0.2"
| /* end confdefs.h.  */
| #include <ac_nonexistent.h>
configure:7292: checking for ANSI C header files
configure:7312: arm-buildroot-linux-gnueabi-gcc -c  -fpic -D_GNU_SOURCE=1  -I/home/ubuntu/tp-link/GPL_X5700_1/iplatform/staging_dir/target-arm-openwrt-linux-uclibc-/usr/include -I/home/ubuntu/tp-link/GPL_X5700_1/iplatform/staging_dir/target-arm-openwrt-linux-uclibc-/include -I/home/ubuntu/tp-link/GPL_X5700_1/iplatform/../bcm675x/toolchain/opt/toolchains/crosstools-arm-gcc-5.5-linux-4.1-glibc-2.26-binutils-2.28.1/usr/include  conftest.c >&5
configure:7312: $? = 0
configure:7396: result: yes
configure:7409: checking for sys/types.h
configure:7409: arm-buildroot-linux-gnueabi-gcc -c  -fpic -D_GNU_SOURCE=1  -I/home/ubuntu/tp-link/GPL_X5700_1/iplatform/staging_dir/target-arm-openwrt-linux-uclibc-/usr/include -I/home/ubuntu/tp-link/GPL_X5700_1/iplatform/staging_dir/target-arm-openwrt-linux-uclibc-/include -I/home/ubuntu/tp-link/GPL_X5700_1/iplatform/../bcm675x/toolchain/opt/toolchains/crosstools-arm-gcc-5.5-linux-4.1-glibc-2.26-binutils-2.28.1/usr/include  conftest.c >&5
configure:7409: $? = 0
configure:7409: result: yes
configure:7409: checking for sys/stat.h
configure:7409: arm-buildroot-linux-gnueabi-gcc -c  -fpic -D_GNU_SOURCE=1  -I/home/ubuntu/tp-link/GPL_X5700_1/iplatform/staging_dir/target-arm-openwrt-linux-uclibc-/usr/include -I/home/ubuntu/tp-link/GPL_X5700_1/iplatform/staging_dir/target-arm-openwrt-linux-uclibc-/include -I/home/ubuntu/tp-link/GPL_X5700_1/iplatform/../bcm675x/toolchain/opt/toolchains/crosstools-arm-gcc-5.5-linux-4.1-glibc-2.26-binutils-2.28.1/usr/include  conftest.c >&5
configure:7409: $? = 0
configure:7409: result: yes
configure:7409: checking for stdlib.h
configure:7409: arm-buildroot-linux-gnueabi-gcc -c  -fpic -D_GNU_SOURCE=1  -I/home/ubuntu/tp-link/GPL_X5700_1/iplatform/staging_dir/target-arm-openwrt-linux-uclibc-/usr/include -I/home/ubuntu/tp-link/GPL_X5700_1/iplatform/staging_dir/target-arm-openwrt-linux-uclibc-/include -I/home/ubuntu/tp-link/GPL_X5700_1/iplatform/../bcm675x/toolchain/opt/toolchains/crosstools-arm-gcc-5.5-linux-4.1-glibc-2.26-binutils-2.28.1/usr/include  conftest.c >&5
configure:7409: $? = 0
configure:7409: result: yes
configure:7409: checking for string.h
configure:7409: arm-buildroot-linux-gnueabi-gcc -c  -fpic -D_GNU_SOURCE=1  -I/home/ubuntu/tp-link/GPL_X5700_1/iplatform/staging_dir/target-arm-openwrt-linux-uclibc-/usr/include -I/home/ubuntu/tp-link/GPL_X5700_1/iplatform/staging_dir/target-arm-openwrt-linux-uclibc-/include -I/home/ubuntu/tp-link/GPL_X5700_1/iplatform/../bcm675x/toolchain/opt/toolchains/crosstools-arm-gcc-5.5-linux-4.1-glibc-2.26-binutils-2.28.1/usr/include  conftest.c >&5
configure:7409: $? = 0
configure:7409: result: yes
configure:7409: checking for memory.h
configure:7409: arm-buildroot-linux-gnueabi-gcc -c  -fpic -D_GNU_SOURCE=1  -I/home/ubuntu/tp-link/GPL_X5700_1/iplatform/staging_dir/target-arm-openwrt-linux-uclibc-/usr/include -I/home/ubuntu/tp-link/GPL_X5700_1/iplatform/staging_dir/target-arm-openwrt-linux-uclibc-/include -I/home/ubuntu/tp-link/GPL_X5700_1/iplatform/../bcm675x/toolchain/opt/toolchains/crosstools-arm-gcc-5.5-linux-4.1-glibc-2.26-binutils-2.28.1/usr/include  conftest.c >&5
configure:7409: $? = 0
configure:7409: result: yes
configure:7409: checking for strings.h
configure:7409: arm-buildroot-linux-gnueabi-gcc -c  -fpic -D_GNU_SOURCE=1  -I/home/ubuntu/tp-link/GPL_X5700_1/iplatform/staging_dir/target-arm-openwrt-linux-uclibc-/usr/include -I/home/ubuntu/tp-link/GPL_X5700_1/iplatform/staging_dir/target-arm-openwrt-linux-uclibc-/include -I/home/ubuntu/tp-link/GPL_X5700_1/iplatform/../bcm675x/toolchain/opt/toolchains/crosstools-arm-gcc-5.5-linux-4.1-glibc-2.26-binutils-2.28.1/usr/include  conftest.c >&5
configure:7409: $? = 0
configure:7409: result: yes
configure:7409: checking for inttypes.h
configure:7409: arm-buildroot-linux-gnueabi-gcc -c  -fpic -D_GNU_SOURCE=1  -I/home/ubuntu/tp-link/GPL_X5700_1/iplatform/staging_dir/target-arm-openwrt-linux-uclibc-/usr/include -I/home/ubuntu/tp-link/GPL_X5700_1/iplatform/staging_dir/target-arm-openwrt-linux-uclibc-/include -I/home/ubuntu/tp-link/GPL_X5700_1/iplatform/../bcm675x/toolchain/opt/toolchains/crosstools-arm-gcc-5.5-linux-4.1-glibc-2.26-binutils-2.28.1/usr/include  conftest.c >&5
configure:7409: $? = 0
configure:7409: result: yes
configure:7409: checking for stdint.h
configure:7409: arm-buildroot-linux-gnueabi-gcc -c  -fpic -D_GNU_SOURCE=1  -I/home/ubuntu/tp-link/GPL_X5700_1/iplatform/staging_dir/target-arm-openwrt-linux-uclibc-/usr/include -I/home/ubuntu/tp-link/GPL_X5700_1/iplatform/staging_dir/target-arm-openwrt-linux-uclibc-/include -I/home/ubuntu/tp-link/GPL_X5700_1/iplatform/../bcm675x/toolchain/opt/toolchains/crosstools-arm-gcc-5.5-linux-4.1-glibc-2.26-binutils-2.28.1/usr/include  conftest.c >&5
configure:7409: $? = 0
configure:7409: result: yes
configure:7409: checking for unistd.h
configure:7409: arm-buildroot-linux-gnueabi-gcc -c  -fpic -D_GNU_SOURCE=1  -I/home/ubuntu/tp-link/GPL_X5700_1/iplatform/staging_dir/target-arm-openwrt-linux-uclibc-/usr/include -I/home/ubuntu/tp-link/GPL_X5700_1/iplatform/staging_dir/target-arm-openwrt-linux-uclibc-/include -I/home/ubuntu/tp-link/GPL_X5700_1/iplatform/../bcm675x/toolchain/opt/toolchains/crosstools-arm-gcc-5.5-linux-4.1-glibc-2.26-binutils-2.28.1/usr/include  conftest.c >&5
configure:7409: $? = 0
configure:7409: result: yes
configure:7423: checking for dlfcn.h
configure:7423: arm-buildroot-linux-gnueabi-gcc -c  -fpic -D_GNU_SOURCE=1  -I/home/ubuntu/tp-link/GPL_X5700_1/iplatform/staging_dir/target-arm-openwrt-linux-uclibc-/usr/include -I/home/ubuntu/tp-link/GPL_X5700_1/iplatform/staging_dir/target-arm-openwrt-linux-uclibc-/include -I/home/ubuntu/tp-link/GPL_X5700_1/iplatform/../bcm675x/toolchain/opt/toolchains/crosstools-arm-gcc-5.5-linux-4.1-glibc-2.26-binutils-2.28.1/usr/include  conftest.c >&5
configure:7423: $? = 0
configure:7423: result: yes
configure:7580: checking for objdir
configure:7595: result: .libs
configure:7862: checking if arm-buildroot-linux-gnueabi-gcc supports -fno-rtti -fno-exceptions
configure:7880: arm-buildroot-linux-gnueabi-gcc -c  -fpic -D_GNU_SOURCE=1  -I/home/ubuntu/tp-link/GPL_X5700_1/iplatform/staging_dir/target-arm-openwrt-linux-uclibc-/usr/include -I/home/ubuntu/tp-link/GPL_X5700_1/iplatform/staging_dir/target-arm-openwrt-linux-uclibc-/include -I/home/ubuntu/tp-link/GPL_X5700_1/iplatform/../bcm675x/toolchain/opt/toolchains/crosstools-arm-gcc-5.5-linux-4.1-glibc-2.26-binutils-2.28.1/usr/include  -fno-rtti -fno-exceptions conftest.c >&5
cc1: warning: command line option '-fno-rtti' is valid for C++/ObjC++ but not for C
configure:7884: $? = 0
configure:7897: result: no
configure:8207: checking for arm-buildroot-linux-gnueabi-gcc option to produce PIC
configure:8214: result: -fPIC -DPIC
configure:8222: checking if arm-buildroot-linux-gnueabi-gcc PIC flag -fPIC -DPIC works
configure:8240: arm-buildroot-linux-gnueabi-gcc -c  -fpic -D_GNU_SOURCE=1  -I/home/ubuntu/tp-link/GPL_X5700_1/iplatform/staging_dir/target-arm-openwrt-linux-uclibc-/usr/include -I/home/ubuntu/tp-link/GPL_X5700_1/iplatform/staging_dir/target-arm-openwrt-linux-uclibc-/include -I/home/ubuntu/tp-link/GPL_X5700_1/iplatform/../bcm675x/toolchain/opt/toolchains/crosstools-arm-gcc-5.5-linux-4.1-glibc-2.26-binutils-2.28.1/usr/include  -fPIC -DPIC -DPIC conftest.c >&5
configure:8244: $? = 0
configure:8257: result: yes
configure:8286: checking if arm-buildroot-linux-gnueabi-gcc static flag -static works
configure:8314: result: yes
configure:8329: checking if arm-buildroot-linux-gnueabi-gcc supports -c -o file.o
configure:8350: arm-buildroot-linux-gnueabi-gcc -c  -fpic -D_GNU_SOURCE=1  -I/home/ubuntu/tp-link/GPL_X5700_1/iplatform/staging_dir/target-arm-openwrt-linux-uclibc-/usr/include -I/home/ubuntu/tp-link/GPL_X5700_1/iplatform/staging_dir/target-arm-openwrt-linux-uclibc-/include -I/home/ubuntu/tp-link/GPL_X5700_1/iplatform/../bcm675x/toolchain/opt/toolchains/crosstools-arm-gcc-5.5-linux-4.1-glibc-2.26-binutils-2.28.1/usr/include  -o out/conftest2.o conftest.c >&5
configure:8354: $? = 0
configure:8376: result: yes
configure:8384: checking if arm-buildroot-linux-gnueabi-gcc supports -c -o file.o
configure:8431: result: yes
configure:8464: checking whether the arm-buildroot-linux-gnueabi-gcc linker (arm-buildroot-linux-gnueabi-ld) supports shared libraries
configure:9622: result: yes
configure:9659: checking whether -lc should be explicitly linked in
configure:9667: arm-buildroot-linux-gnueabi-gcc -c  -fpic -D_GNU_SOURCE=1  -I/home/ubuntu/tp-link/GPL_X5700_1/iplatform/staging_dir/target-arm-openwrt-linux-uclibc-/usr/include -I/home/ubuntu/tp-link/GPL_X5700_1/iplatform/staging_dir/target-arm-openwrt-linux-uclibc-/include -I/home/ubuntu/tp-link/GPL_X5700_1/iplatform/../bcm675x/toolchain/opt/toolchains/crosstools-arm-gcc-5.5-linux-4.1-glibc-2.26-binutils-2.28.1/usr/include  conftest.c >&5
configure:9670: $? = 0
configure:9685: arm-buildroot-linux-gnueabi-gcc -shared  -fPIC -DPIC conftest.o  -v -Wl,-soname -Wl,conftest -o conftest 2\>\&1 \| /bin/grep  -lc  \>/dev/null 2\>\&1
configure:9688: $? = 0
configure:9702: result: no
configure:9867: checking dynamic linker characteristics
configure:10381: arm-buildroot-linux-gnueabi-gcc -o conftest  -fpic -D_GNU_SOURCE=1  -I/home/ubuntu/tp-link/GPL_X5700_1/iplatform/staging_dir/target-arm-openwrt-linux-uclibc-/usr/include -I/home/ubuntu/tp-link/GPL_X5700_1/iplatform/staging_dir/target-arm-openwrt-linux-uclibc-/include -I/home/ubuntu/tp-link/GPL_X5700_1/iplatform/../bcm675x/toolchain/opt/toolchains/crosstools-arm-gcc-5.5-linux-4.1-glibc-2.26-binutils-2.28.1/usr/include  -L/home/ubuntu/tp-link/GPL_X5700_1/iplatform/staging_dir/target-arm-openwrt-linux-uclibc-/usr/lib -L/home/ubuntu/tp-link/GPL_X5700_1/iplatform/staging_dir/target-arm-openwrt-linux-uclibc-/lib -Wl,-rpath-link,/home/ubuntu/tp-link/GPL_X5700_1/iplatform/staging_dir/target-arm-openwrt-linux-uclibc-/usr/lib -L/home/ubuntu/tp-link/GPL_X5700_1/iplatform/../bcm675x/toolchain/opt/toolchains/crosstools-arm-gcc-5.5-linux-4.1-glibc-2.26-binutils-2.28.1/usr/lib -L/home/ubuntu/tp-link/GPL_X5700_1/iplatform/../bcm675x/toolchain/opt/toolchains/crosstools-arm-gcc-5.5-linux-4.1-glibc-2.26-binutils-2.28.1/lib  -Wl,-rpath -Wl,/foo conftest.c  >&5
configure:10381: $? = 0
configure:10603: result: GNU/Linux ld.so
configure:10710: checking how to hardcode library paths into programs
configure:10735: result: immediate
configure:11275: checking whether stripping libraries is possible
configure:11280: result: yes
configure:11315: checking if libtool supports shared libraries
configure:11317: result: yes
configure:11320: checking whether to build shared libraries
configure:11341: result: yes
configure:11344: checking whether to build static libraries
configure:11348: result: yes
configure:11393: checking whether compiler accepts -fvisibility=hidden
configure:11402: arm-buildroot-linux-gnueabi-gcc -c  -fpic -D_GNU_SOURCE=1  -fvisibility=hidden -I/home/ubuntu/tp-link/GPL_X5700_1/iplatform/staging_dir/target-arm-openwrt-linux-uclibc-/usr/include -I/home/ubuntu/tp-link/GPL_X5700_1/iplatform/staging_dir/target-arm-openwrt-linux-uclibc-/include -I/home/ubuntu/tp-link/GPL_X5700_1/iplatform/../bcm675x/toolchain/opt/toolchains/crosstools-arm-gcc-5.5-linux-4.1-glibc-2.26-binutils-2.28.1/usr/include  conftest.c >&5
configure:11402: $? = 0
configure:11410: result: yes
configure:11541: checking pkg-config is at least version 0.9.0
configure:11544: result: yes
configure:11554: checking for LIBNFNETLINK
configure:11561: $PKG_CONFIG --exists --print-errors "libnfnetlink >= 0.0.41"
configure:11564: $? = 0
configure:11577: $PKG_CONFIG --exists --print-errors "libnfnetlink >= 0.0.41"
configure:11580: $? = 0
configure:11637: result: yes
configure:11643: checking for LIBMNL
configure:11650: $PKG_CONFIG --exists --print-errors "libmnl >= 1.0.3"
configure:11653: $? = 0
configure:11666: $PKG_CONFIG --exists --print-errors "libmnl >= 1.0.3"
configure:11669: $? = 0
configure:11726: result: yes
configure:11863: creating ./config.status

## ---------------------- ##
## Running config.status. ##
## ---------------------- ##

This file was extended by libnetfilter_queue config.status 1.0.2, which was
generated by GNU Autoconf 2.68.  Invocation command line was

  CONFIG_FILES    = 
  CONFIG_HEADERS  = 
  CONFIG_LINKS    = 
  CONFIG_COMMANDS = 
  $ ./config.status 

on ubuntu

config.status:1121: creating Makefile
config.status:1121: creating src/Makefile
config.status:1121: creating utils/Makefile
config.status:1121: creating examples/Makefile
config.status:1121: creating libnetfilter_queue.pc
config.status:1121: creating doxygen.cfg
config.status:1121: creating include/Makefile
config.status:1121: creating include/libnetfilter_queue/Makefile
config.status:1121: creating include/linux/Makefile
config.status:1121: creating include/linux/netfilter/Makefile
config.status:1121: creating config.h
config.status:1350: executing depfiles commands
config.status:1350: executing libtool commands
configure:14107: WARNING: unrecognized options: --disable-nls

## ---------------- ##
## Cache variables. ##
## ---------------- ##

ac_cv_build=x86_64-pc-linux-gnu
ac_cv_c_bigendian=no
ac_cv_c_compiler_gnu=yes
ac_cv_c_gettext_without_libintl=yes
ac_cv_c_littleendian=yes
ac_cv_c_long_double=no
ac_cv_conv_longlong_to_float=yes
ac_cv_env_CC_set=set
ac_cv_env_CC_value=arm-buildroot-linux-gnueabi-gcc
ac_cv_env_CFLAGS_set=set
ac_cv_env_CFLAGS_value=' -fpic -D_GNU_SOURCE=1 '
ac_cv_env_CPPFLAGS_set=set
ac_cv_env_CPPFLAGS_value='-I/home/ubuntu/tp-link/GPL_X5700_1/iplatform/staging_dir/target-arm-openwrt-linux-uclibc-/usr/include -I/home/ubuntu/tp-link/GPL_X5700_1/iplatform/staging_dir/target-arm-openwrt-linux-uclibc-/include -I/home/ubuntu/tp-link/GPL_X5700_1/iplatform/../bcm675x/toolchain/opt/toolchains/crosstools-arm-gcc-5.5-linux-4.1-glibc-2.26-binutils-2.28.1/usr/include '
ac_cv_env_CPP_set=
ac_cv_env_CPP_value=
ac_cv_env_LDFLAGS_set=set
ac_cv_env_LDFLAGS_value='-L/home/ubuntu/tp-link/GPL_X5700_1/iplatform/staging_dir/target-arm-openwrt-linux-uclibc-/usr/lib -L/home/ubuntu/tp-link/GPL_X5700_1/iplatform/staging_dir/target-arm-openwrt-linux-uclibc-/lib -Wl,-rpath-link,/home/ubuntu/tp-link/GPL_X5700_1/iplatform/staging_dir/target-arm-openwrt-linux-uclibc-/usr/lib -L/home/ubuntu/tp-link/GPL_X5700_1/iplatform/../bcm675x/toolchain/opt/toolchains/crosstools-arm-gcc-5.5-linux-4.1-glibc-2.26-binutils-2.28.1/usr/lib -L/home/ubuntu/tp-link/GPL_X5700_1/iplatform/../bcm675x/toolchain/opt/toolchains/crosstools-arm-gcc-5.5-linux-4.1-glibc-2.26-binutils-2.28.1/lib '
ac_cv_env_LIBMNL_CFLAGS_set=
ac_cv_env_LIBMNL_CFLAGS_value=
ac_cv_env_LIBMNL_LIBS_set=
ac_cv_env_LIBMNL_LIBS_value=
ac_cv_env_LIBNFNETLINK_CFLAGS_set=
ac_cv_env_LIBNFNETLINK_CFLAGS_value=
ac_cv_env_LIBNFNETLINK_LIBS_set=
ac_cv_env_LIBNFNETLINK_LIBS_value=
ac_cv_env_LIBS_set=
ac_cv_env_LIBS_value=
ac_cv_env_PKG_CONFIG_LIBDIR_set=set
ac_cv_env_PKG_CONFIG_LIBDIR_value=/home/ubuntu/tp-link/GPL_X5700_1/iplatform/staging_dir/target-arm-openwrt-linux-uclibc-/usr/lib/pkgconfig
ac_cv_env_PKG_CONFIG_PATH_set=set
ac_cv_env_PKG_CONFIG_PATH_value=/home/ubuntu/tp-link/GPL_X5700_1/iplatform/staging_dir/target-arm-openwrt-linux-uclibc-/usr/lib/pkgconfig
ac_cv_env_PKG_CONFIG_set=set
ac_cv_env_PKG_CONFIG_value=/home/ubuntu/tp-link/GPL_X5700_1/iplatform/staging_dir/host/bin/pkg-config
ac_cv_env_build_alias_set=set
ac_cv_env_build_alias_value=x86_64-linux-gnu
ac_cv_env_host_alias_set=set
ac_cv_env_host_alias_value=arm-openwrt-linux-uclibc
ac_cv_env_target_alias_set=set
ac_cv_env_target_alias_value=arm-openwrt-linux-uclibc
ac_cv_file__dev_zero=yes
ac_cv_func___adjtimex=yes
ac_cv_func___va_copy=no
ac_cv_func__exit=yes
ac_cv_func_bcmp=yes
ac_cv_func_bcopy=yes
ac_cv_func_bzero=yes
ac_cv_func_cimag=yes
ac_cv_func_creal=yes
ac_cv_func_fchmod=yes
ac_cv_func_getaddrinfo=yes
ac_cv_func_getcwd=yes
ac_cv_func_getdomainname=yes
ac_cv_func_getpgrp_void=yes
ac_cv_func_getpwuid_r=yes
ac_cv_func_gettimeofday=yes
ac_cv_func_index=yes
ac_cv_func_lstat=yes
ac_cv_func_lstat_dereferences_slashed_symlink=yes
ac_cv_func_lstat_empty_string_bug=no
ac_cv_func_malloc_0_nonnull=yes
ac_cv_func_malloc_works=yes
ac_cv_func_memcmp_clean=yes
ac_cv_func_memcmp_working=yes
ac_cv_func_posix_getgrgid_r=yes
ac_cv_func_posix_getpwuid_r=yes
ac_cv_func_psignal=yes
ac_cv_func_pthread_key_delete=yes
ac_cv_func_realloc_0_nonnull=yes
ac_cv_func_realloc_works=yes
ac_cv_func_rename=yes
ac_cv_func_rindex=yes
ac_cv_func_setgrent_void=yes
ac_cv_func_setlocale=yes
ac_cv_func_setpgrp_void=yes
ac_cv_func_setresuid=no
ac_cv_func_setvbuf_reversed=no
ac_cv_func_stat_empty_string_bug=no
ac_cv_func_stat_ignores_trailing_slash=no
ac_cv_func_strerror=yes
ac_cv_func_strftime=yes
ac_cv_func_utimes=yes
ac_cv_func_va_copy=no
ac_cv_func_vsnprintf=yes
ac_cv_fvisibility_hidden=yes
ac_cv_have_accrights_in_msghdr=no
ac_cv_have_broken_snprintf=no
ac_cv_have_control_in_msghdr=yes
ac_cv_have_decl_sys_siglist=no
ac_cv_have_openpty_ctty_bug=yes
ac_cv_have_space_d_name_in_struct_dirent=yes
ac_cv_header_dlfcn_h=yes
ac_cv_header_inttypes_h=yes
ac_cv_header_memory_h=yes
ac_cv_header_netinet_sctp_h=no
ac_cv_header_netinet_sctp_uio_h=no
ac_cv_header_stdc=yes
ac_cv_header_stdint_h=yes
ac_cv_header_stdlib_h=yes
ac_cv_header_string_h=yes
ac_cv_header_strings_h=yes
ac_cv_header_sys_stat_h=yes
ac_cv_header_sys_types_h=yes
ac_cv_header_unistd_h=yes
ac_cv_host=arm-openwrt-linux-uclibc
ac_cv_int64_t=yes
ac_cv_lbl_unaligned_fail=no
ac_cv_linux_kernel_pppoe=yes
ac_cv_linux_vers=2
ac_cv_objext=o
ac_cv_pack_bitfields_reversed=yes
ac_cv_path_EGREP='/bin/grep -E'
ac_cv_path_FGREP='/bin/grep -F'
ac_cv_path_GREP=/bin/grep
ac_cv_path_LDCONFIG=
ac_cv_path_SED=/home/ubuntu/tp-link/GPL_X5700_1/iplatform/staging_dir/host/bin/sed
ac_cv_path_install='/usr/bin/install -c'
ac_cv_path_mkdir=/bin/mkdir
ac_cv_prog_AR=arm-buildroot-linux-gnueabi-ar
ac_cv_prog_AWK=gawk
ac_cv_prog_CC=arm-buildroot-linux-gnueabi-gcc
ac_cv_prog_CPP='arm-buildroot-linux-gnueabi-gcc -E'
ac_cv_prog_OBJDUMP=arm-buildroot-linux-gnueabi-objdump
ac_cv_prog_RANLIB=arm-buildroot-linux-gnueabi-ranlib
ac_cv_prog_STRIP=arm-buildroot-linux-gnueabi-strip
ac_cv_prog_ac_ct_MANIFEST_TOOL=mt
ac_cv_prog_cc_arm_buildroot_linux_gnueabi_gcc_c_o=yes
ac_cv_prog_cc_c89=
ac_cv_prog_cc_g=yes
ac_cv_prog_make_make_set=yes
ac_cv_regexec_segfault_emptystr=no
ac_cv_sctp=no
ac_cv_sizeof___int64=0
ac_cv_sizeof_char=1
ac_cv_sizeof_int16_t=2
ac_cv_sizeof_int32_t=4
ac_cv_sizeof_int64_t=8
ac_cv_sizeof_int=4
ac_cv_sizeof_long=4
ac_cv_sizeof_long_int=4
ac_cv_sizeof_long_long=8
ac_cv_sizeof_off_t=8
ac_cv_sizeof_short=2
ac_cv_sizeof_short_int=2
ac_cv_sizeof_size_t=4
ac_cv_sizeof_ssize_t=4
ac_cv_sizeof_u_int16_t=2
ac_cv_sizeof_u_int32_t=4
ac_cv_sizeof_u_int64_t=8
ac_cv_sizeof_uint16_t=2
ac_cv_sizeof_uint32_t=4
ac_cv_sizeof_uint64_t=8
ac_cv_sizeof_unsigned_int=4
ac_cv_sizeof_unsigned_long=4
ac_cv_sizeof_unsigned_long_long=8
ac_cv_sizeof_unsigned_short=2
ac_cv_sizeof_void_p=4
ac_cv_sys_restartable_syscalls=yes
ac_cv_time_r_type=POSIX
ac_cv_type_suseconds_t=yes
ac_cv_uchar=no
ac_cv_uint64_t=yes
ac_cv_uint=yes
ac_cv_ulong=yes
ac_cv_ushort=yes
ac_cv_va_copy=C99
ac_cv_va_val_copy=yes
am_cv_CC_dependencies_compiler_type=gcc3
am_cv_make_support_nested_variables=yes
am_cv_prog_tar_pax=gnutar
as_cv_unaligned_access=yes
lt_cv_ar_at_file=@
lt_cv_archive_cmds_need_lc=no
lt_cv_deplibs_check_method=pass_all
lt_cv_file_magic_cmd='$MAGIC_CMD'
lt_cv_file_magic_test_file=
lt_cv_ld_reload_flag=-r
lt_cv_nm_interface='BSD nm'
lt_cv_objdir=.libs
lt_cv_path_LD=arm-buildroot-linux-gnueabi-ld
lt_cv_path_NM=arm-buildroot-linux-gnueabi-nm
lt_cv_path_mainfest_tool=no
lt_cv_prog_compiler_c_o=yes
lt_cv_prog_compiler_pic='-fPIC -DPIC'
lt_cv_prog_compiler_pic_works=yes
lt_cv_prog_compiler_rtti_exceptions=no
lt_cv_prog_compiler_static_works=yes
lt_cv_prog_gnu_ld=yes
lt_cv_sharedlib_from_linklib_cmd='printf %s\n'
lt_cv_shlibpath_overrides_runpath=no
lt_cv_sys_global_symbol_pipe='sed -n -e '\''s/^.*[	 ]\([ABCDGIRSTW][ABCDGIRSTW]*\)[	 ][	 ]*\([_A-Za-z][_A-Za-z0-9]*\)$/\1 \2 \2/p'\'' | sed '\''/ __gnu_lto/d'\'''
lt_cv_sys_global_symbol_to_c_name_address='sed -n -e '\''s/^: \([^ ]*\)[ ]*$/  {\"\1\", (void *) 0},/p'\'' -e '\''s/^[ABCDGIRSTW]* \([^ ]*\) \([^ ]*\)$/  {"\2", (void *) \&\2},/p'\'''
lt_cv_sys_global_symbol_to_c_name_address_lib_prefix='sed -n -e '\''s/^: \([^ ]*\)[ ]*$/  {\"\1\", (void *) 0},/p'\'' -e '\''s/^[ABCDGIRSTW]* \([^ ]*\) \(lib[^ ]*\)$/  {"\2", (void *) \&\2},/p'\'' -e '\''s/^[ABCDGIRSTW]* \([^ ]*\) \([^ ]*\)$/  {"lib\2", (void *) \&\2},/p'\'''
lt_cv_sys_global_symbol_to_cdecl='sed -n -e '\''s/^T .* \(.*\)$/extern int \1();/p'\'' -e '\''s/^[ABCDGIRSTW]* .* \(.*\)$/extern char \1;/p'\'''
lt_cv_sys_max_cmd_len=3458764513820540925
lt_cv_to_host_file_cmd=func_convert_file_noop
lt_cv_to_tool_file_cmd=func_convert_file_noop
pkg_cv_LIBMNL_CFLAGS='-I/home/ubuntu/tp-link/GPL_X5700_1/iplatform/staging_dir/target-arm-openwrt-linux-uclibc-/usr/include  '
pkg_cv_LIBMNL_LIBS='-L/home/ubuntu/tp-link/GPL_X5700_1/iplatform/staging_dir/target-arm-openwrt-linux-uclibc-/usr/lib -lmnl  '
pkg_cv_LIBNFNETLINK_CFLAGS='-I/home/ubuntu/tp-link/GPL_X5700_1/iplatform/staging_dir/target-arm-openwrt-linux-uclibc-/usr/include  '
pkg_cv_LIBNFNETLINK_LIBS='-L/home/ubuntu/tp-link/GPL_X5700_1/iplatform/staging_dir/target-arm-openwrt-linux-uclibc-/usr/lib -lnfnetlink  '

## ----------------- ##
## Output variables. ##
## ----------------- ##

ACLOCAL='${SHELL} /home/ubuntu/tp-link/GPL_X5700_1/iplatform/build_dir/target-arm-openwrt-linux-uclibc-/libnetfilter_queue-1.0.2/build-aux/missing --run aclocal-1.11'
AMDEPBACKSLASH='\'
AMDEP_FALSE='#'
AMDEP_TRUE=''
AMTAR='$${TAR-tar}'
AM_BACKSLASH='\'
AM_DEFAULT_V='$(AM_DEFAULT_VERBOSITY)'
AM_DEFAULT_VERBOSITY='0'
AM_V='$(V)'
AR='arm-buildroot-linux-gnueabi-ar'
AUTOCONF='${SHELL} /home/ubuntu/tp-link/GPL_X5700_1/iplatform/build_dir/target-arm-openwrt-linux-uclibc-/libnetfilter_queue-1.0.2/build-aux/missing --run autoconf'
AUTOHEADER='${SHELL} /home/ubuntu/tp-link/GPL_X5700_1/iplatform/build_dir/target-arm-openwrt-linux-uclibc-/libnetfilter_queue-1.0.2/build-aux/missing --run autoheader'
AUTOMAKE='${SHELL} /home/ubuntu/tp-link/GPL_X5700_1/iplatform/build_dir/target-arm-openwrt-linux-uclibc-/libnetfilter_queue-1.0.2/build-aux/missing --run automake-1.11'
AWK='gawk'
CC='arm-buildroot-linux-gnueabi-gcc'
CCDEPMODE='depmode=gcc3'
CFLAGS=' -fpic -D_GNU_SOURCE=1 '
CPP='arm-buildroot-linux-gnueabi-gcc -E'
CPPFLAGS='-I/home/ubuntu/tp-link/GPL_X5700_1/iplatform/staging_dir/target-arm-openwrt-linux-uclibc-/usr/include -I/home/ubuntu/tp-link/GPL_X5700_1/iplatform/staging_dir/target-arm-openwrt-linux-uclibc-/include -I/home/ubuntu/tp-link/GPL_X5700_1/iplatform/../bcm675x/toolchain/opt/toolchains/crosstools-arm-gcc-5.5-linux-4.1-glibc-2.26-binutils-2.28.1/usr/include '
CYGPATH_W='echo'
DEFS='-DHAVE_CONFIG_H'
DEPDIR='.deps'
DLLTOOL='false'
DSYMUTIL=''
DUMPBIN=''
ECHO_C=''
ECHO_N='-n'
ECHO_T=''
EGREP='/bin/grep -E'
EXEEXT=''
FGREP='/bin/grep -F'
GCC_FVISIBILITY_HIDDEN='-fvisibility=hidden'
GREP='/bin/grep'
INSTALL_DATA='${INSTALL} -m 644'
INSTALL_PROGRAM='${INSTALL}'
INSTALL_SCRIPT='${INSTALL}'
INSTALL_STRIP_PROGRAM='$(install_sh) -c -s'
LD='arm-buildroot-linux-gnueabi-ld'
LDFLAGS='-L/home/ubuntu/tp-link/GPL_X5700_1/iplatform/staging_dir/target-arm-openwrt-linux-uclibc-/usr/lib -L/home/ubuntu/tp-link/GPL_X5700_1/iplatform/staging_dir/target-arm-openwrt-linux-uclibc-/lib -Wl,-rpath-link,/home/ubuntu/tp-link/GPL_X5700_1/iplatform/staging_dir/target-arm-openwrt-linux-uclibc-/usr/lib -L/home/ubuntu/tp-link/GPL_X5700_1/iplatform/../bcm675x/toolchain/opt/toolchains/crosstools-arm-gcc-5.5-linux-4.1-glibc-2.26-binutils-2.28.1/usr/lib -L/home/ubuntu/tp-link/GPL_X5700_1/iplatform/../bcm675x/toolchain/opt/toolchains/crosstools-arm-gcc-5.5-linux-4.1-glibc-2.26-binutils-2.28.1/lib '
LIBMNL_CFLAGS='-I/home/ubuntu/tp-link/GPL_X5700_1/iplatform/staging_dir/target-arm-openwrt-linux-uclibc-/usr/include  '
LIBMNL_LIBS='-L/home/ubuntu/tp-link/GPL_X5700_1/iplatform/staging_dir/target-arm-openwrt-linux-uclibc-/usr/lib -lmnl  '
LIBNFNETLINK_CFLAGS='-I/home/ubuntu/tp-link/GPL_X5700_1/iplatform/staging_dir/target-arm-openwrt-linux-uclibc-/usr/include  '
LIBNFNETLINK_LIBS='-L/home/ubuntu/tp-link/GPL_X5700_1/iplatform/staging_dir/target-arm-openwrt-linux-uclibc-/usr/lib -lnfnetlink  '
LIBOBJS=''
LIBS=''
LIBTOOL='$(SHELL) $(top_builddir)/libtool'
LIPO=''
LN_S='ln -s'
LTLIBOBJS=''
MAKEINFO='${SHELL} /home/ubuntu/tp-link/GPL_X5700_1/iplatform/build_dir/target-arm-openwrt-linux-uclibc-/libnetfilter_queue-1.0.2/build-aux/missing --run makeinfo'
MANIFEST_TOOL=':'
MKDIR_P='/bin/mkdir -p'
NM='arm-buildroot-linux-gnueabi-nm'
NMEDIT=''
OBJDUMP='arm-buildroot-linux-gnueabi-objdump'
OBJEXT='o'
OTOOL64=''
OTOOL=''
PACKAGE='libnetfilter_queue'
PACKAGE_BUGREPORT=''
PACKAGE_NAME='libnetfilter_queue'
PACKAGE_STRING='libnetfilter_queue 1.0.2'
PACKAGE_TARNAME='libnetfilter_queue'
PACKAGE_URL=''
PACKAGE_VERSION='1.0.2'
PATH_SEPARATOR=':'
PKG_CONFIG='/home/ubuntu/tp-link/GPL_X5700_1/iplatform/staging_dir/host/bin/pkg-config'
PKG_CONFIG_LIBDIR='/home/ubuntu/tp-link/GPL_X5700_1/iplatform/staging_dir/target-arm-openwrt-linux-uclibc-/usr/lib/pkgconfig'
PKG_CONFIG_PATH='/home/ubuntu/tp-link/GPL_X5700_1/iplatform/staging_dir/target-arm-openwrt-linux-uclibc-/usr/lib/pkgconfig'
RANLIB='arm-buildroot-linux-gnueabi-ranlib'
SED='/home/ubuntu/tp-link/GPL_X5700_1/iplatform/staging_dir/host/bin/sed'
SET_MAKE=''
SHELL='/bin/sh'
STRIP='arm-buildroot-linux-gnueabi-strip'
VERSION='1.0.2'
ac_ct_AR=''
ac_ct_CC=''
ac_ct_DUMPBIN=''
am__EXEEXT_FALSE=''
am__EXEEXT_TRUE='#'
am__fastdepCC_FALSE='#'
am__fastdepCC_TRUE=''
am__include='include'
am__isrc=''
am__leading_dot='.'
am__nodep='_no'
am__quote=''
am__tar='tar --format=posix -chf - "$$tardir"'
am__untar='tar -xf -'
bindir='/usr/bin'
build='x86_64-pc-linux-gnu'
build_alias='x86_64-linux-gnu'
build_cpu='x86_64'
build_os='linux-gnu'
build_vendor='pc'
datadir='/usr/share'
datarootdir='${prefix}/share'
docdir='${datarootdir}/doc/${PACKAGE_TARNAME}'
dvidir='${docdir}'
exec_prefix='/usr'
host='arm-openwrt-linux-uclibc'
host_alias='arm-openwrt-linux-uclibc'
host_cpu='arm'
host_os='linux-uclibc'
host_vendor='openwrt'
htmldir='${docdir}'
includedir='${prefix}/include'
infodir='/usr/info'
install_sh='${SHELL} /home/ubuntu/tp-link/GPL_X5700_1/iplatform/build_dir/target-arm-openwrt-linux-uclibc-/libnetfilter_queue-1.0.2/build-aux/install-sh'
libdir='${exec_prefix}/lib'
libexecdir='/usr/lib'
localedir='${datarootdir}/locale'
localstatedir='/var'
mandir='/usr/man'
mkdir_p='/bin/mkdir -p'
oldincludedir='/usr/include'
pdfdir='${docdir}'
prefix='/usr'
program_transform_name='s&$$&&;s&^&&'
psdir='${docdir}'
sbindir='/usr/sbin'
sharedstatedir='${prefix}/com'
sysconfdir='/etc'
target_alias='arm-openwrt-linux-uclibc'

## ----------- ##
## confdefs.h. ##
## ----------- ##

/* confdefs.h */
#define PACKAGE_NAME "libnetfilter_queue"
#define PACKAGE_TARNAME "libnetfilter_queue"
#define PACKAGE_VERSION "1.0.2"
#define PACKAGE_STRING "libnetfilter_queue 1.0.2"
#define PACKAGE_BUGREPORT ""
#define PACKAGE_URL ""
#define PACKAGE "libnetfilter_queue"
#define VERSION "1.0.2"
#define STDC_HEADERS 1
#define HAVE_SYS_TYPES_H 1
#define HAVE_SYS_STAT_H 1
#define HAVE_STDLIB_H 1
#define HAVE_STRING_H 1
#define HAVE_MEMORY_H 1
#define HAVE_STRINGS_H 1
#define HAVE_INTTYPES_H 1
#define HAVE_STDINT_H 1
#define HAVE_UNISTD_H 1
#define HAVE_DLFCN_H 1
#define LT_OBJDIR ".libs/"
#define HAVE_VISIBILITY_HIDDEN 1

configure: exit 0
