This file contains any messages produced by compilers while
running configure, to aid debugging if configure makes a mistake.

It was created by configure, which was
generated by GNU Autoconf 2.64.  Invocation command line was

  $ ./configure --disable-option-checking --prefix=/home/ubuntu/Archer_C7_V5/openwrt/staging_dir/toolchain-mips_r2_gcc-4.6-linaro_uClibc-0.9.33.2 --with-system-zlib --with-stabs --disable-werror --disable-nls --without-uiout --disable-tui --disable-gdbtk --without-x --without-included-gettext --enable-threads --program-transform-name=s&^&mips-openwrt-linux-uclibc-& --build=i686-linux-gnu --host=i686-linux-gnu --target=mips-openwrt-linux-uclibc build_alias=i686-linux-gnu host_alias=i686-linux-gnu target_alias=mips-openwrt-linux-uclibc CC=i686-linux-gnu-gcc CFLAGS=-O2 LDFLAGS=  YACC=bison -y --cache-file=.././config.cache --srcdir=.

## --------- ##
## Platform. ##
## --------- ##

hostname = ubuntu
uname -m = i686
uname -r = 4.4.0-142-generic
uname -s = Linux
uname -v = #168~14.04.1-Ubuntu SMP Sat Jan 19 11:28:33 UTC 2019

/usr/bin/uname -p = unknown
/bin/uname -X     = unknown

/bin/arch              = unknown
/usr/bin/arch -k       = unknown
/usr/convex/getsysinfo = unknown
/usr/bin/hostinfo      = unknown
/bin/machine           = unknown
/usr/bin/oslevel       = unknown
/bin/universe          = unknown

PATH: /home/ubuntu/Archer_C7_V5/openwrt/staging_dir/toolchain-mips_r2_gcc-4.6-linaro_uClibc-0.9.33.2/bin
PATH: /home/ubuntu/Archer_C7_V5/openwrt/staging_dir/host/bin
PATH: /home/ubuntu/Archer_C7_V5/openwrt/staging_dir/toolchain-mips_r2_gcc-4.6-linaro_uClibc-0.9.33.2/bin
PATH: /home/ubuntu/Archer_C7_V5/openwrt/staging_dir/host/bin
PATH: /home/ubuntu/Archer_C7_V5/openwrt/staging_dir/toolchain-mips_r2_gcc-4.6-linaro_uClibc-0.9.33.2/bin
PATH: /home/ubuntu/Archer_C7_V5/openwrt/staging_dir/host/bin
PATH: /usr/local/sbin
PATH: /usr/local/bin
PATH: /usr/sbin
PATH: /usr/bin
PATH: /sbin
PATH: /bin
PATH: /usr/games
PATH: /usr/local/games


## ----------- ##
## Core tests. ##
## ----------- ##

configure:1567: loading cache .././config.cache
configure:1789: checking for a BSD-compatible install
configure:1857: result: /usr/bin/install -c
configure:1868: checking whether ln -s works
configure:1872: result: yes
configure:2065: creating ./config.status

## ---------------------- ##
## Running config.status. ##
## ---------------------- ##

This file was extended by config.status, which was
generated by GNU Autoconf 2.64.  Invocation command line was

  CONFIG_FILES    = 
  CONFIG_HEADERS  = 
  CONFIG_LINKS    = 
  CONFIG_COMMANDS = 
  $ ./config.status 

on ubuntu

config.status:718: creating Makefile

## ---------------- ##
## Cache variables. ##
## ---------------- ##

ac_cv_build=i686-pc-linux-gnu
ac_cv_c_bigendian=no
ac_cv_c_compiler_gnu=yes
ac_cv_c_const=yes
ac_cv_c_inline=inline
ac_cv_c_restrict=__restrict
ac_cv_env_CC_set=set
ac_cv_env_CC_value=i686-linux-gnu-gcc
ac_cv_env_CFLAGS_set=set
ac_cv_env_CFLAGS_value=-O2
ac_cv_env_CPPFLAGS_set=
ac_cv_env_CPPFLAGS_value=
ac_cv_env_CPP_set=
ac_cv_env_CPP_value=
ac_cv_env_LDFLAGS_set=set
ac_cv_env_LDFLAGS_value=' '
ac_cv_env_LIBS_set=
ac_cv_env_LIBS_value=
ac_cv_env_XMKMF_set=
ac_cv_env_XMKMF_value=
ac_cv_env_YACC_set=set
ac_cv_env_YACC_value='bison -y'
ac_cv_env_YFLAGS_set=
ac_cv_env_YFLAGS_value=
ac_cv_env_build_alias_set=set
ac_cv_env_build_alias_value=i686-linux-gnu
ac_cv_env_host_alias_set=set
ac_cv_env_host_alias_value=i686-linux-gnu
ac_cv_env_target_alias_set=set
ac_cv_env_target_alias_value=mips-openwrt-linux-uclibc
ac_cv_func__mcleanup=yes
ac_cv_func_alloca_works=yes
ac_cv_func_btowc=yes
ac_cv_func_canonicalize_file_name=yes
ac_cv_func_fork=yes
ac_cv_func_fork_works=yes
ac_cv_func_getgid=yes
ac_cv_func_getpagesize=yes
ac_cv_func_getrlimit=yes
ac_cv_func_getrusage=yes
ac_cv_func_getuid=yes
ac_cv_func_iconvlist=no
ac_cv_func_libiconvlist=no
ac_cv_func_memchr=yes
ac_cv_func_memmem=yes
ac_cv_func_mmap=yes
ac_cv_func_mmap_fixed_mapped=yes
ac_cv_func_monstartup=yes
ac_cv_func_mprotect=yes
ac_cv_func_pipe=yes
ac_cv_func_poll=yes
ac_cv_func_posix_madvise=yes
ac_cv_func_pread64=yes
ac_cv_func_realpath=yes
ac_cv_func_sbrk=yes
ac_cv_func_setlocale=yes
ac_cv_func_setpgid=yes
ac_cv_func_setpgrp=yes
ac_cv_func_setpgrp_void=yes
ac_cv_func_setrlimit=yes
ac_cv_func_setsid=yes
ac_cv_func_sigaction=yes
ac_cv_func_sigprocmask=yes
ac_cv_func_sigsetmask=yes
ac_cv_func_socketpair=yes
ac_cv_func_syscall=yes
ac_cv_func_ttrace=no
ac_cv_func_vfork=yes
ac_cv_func_vfork_works=yes
ac_cv_func_wborder=no
ac_cv_func_wctype=yes
ac_cv_have_decl_ADDR_NO_RANDOMIZE=yes
ac_cv_have_decl_btowc=yes
ac_cv_have_decl_free=yes
ac_cv_have_decl_getopt=yes
ac_cv_have_decl_malloc=yes
ac_cv_have_decl_mbrlen=yes
ac_cv_have_decl_mbrtowc=yes
ac_cv_have_decl_mbsinit=yes
ac_cv_have_decl_mbsnrtowcs=yes
ac_cv_have_decl_mbsrtowcs=yes
ac_cv_have_decl_memmem=yes
ac_cv_have_decl_mempcpy=yes
ac_cv_have_decl_memrchr=yes
ac_cv_have_decl_ptrace=yes
ac_cv_have_decl_rawmemchr=yes
ac_cv_have_decl_realloc=yes
ac_cv_have_decl_snprintf=yes
ac_cv_have_decl_stpcpy=yes
ac_cv_have_decl_stpncpy=yes
ac_cv_have_decl_strcasestr=yes
ac_cv_have_decl_strchrnul=yes
ac_cv_have_decl_strdup=yes
ac_cv_have_decl_strerror=yes
ac_cv_have_decl_strncat=yes
ac_cv_have_decl_strndup=yes
ac_cv_have_decl_strnlen=yes
ac_cv_have_decl_strpbrk=yes
ac_cv_have_decl_strsep=yes
ac_cv_have_decl_strsignal=yes
ac_cv_have_decl_strstr=yes
ac_cv_have_decl_strtok_r=yes
ac_cv_have_decl_strverscmp=yes
ac_cv_have_decl_vsnprintf=yes
ac_cv_have_decl_wcrtomb=yes
ac_cv_have_decl_wcsnrtombs=yes
ac_cv_have_decl_wcsrtombs=yes
ac_cv_have_decl_wctob=yes
ac_cv_have_decl_wcwidth=yes
ac_cv_header_ctype_h=yes
ac_cv_header_cursesX_h=no
ac_cv_header_curses_h=yes
ac_cv_header_dirent_dirent_h=yes
ac_cv_header_elf_hp_h=no
ac_cv_header_gnu_libc_version_h=yes
ac_cv_header_inttypes_h=yes
ac_cv_header_libunwind_h=no
ac_cv_header_libunwind_ia64_h=no
ac_cv_header_link_h=yes
ac_cv_header_locale_h=yes
ac_cv_header_machine_reg_h=no
ac_cv_header_memory_h=yes
ac_cv_header_minix_config_h=no
ac_cv_header_ncurses_h=yes
ac_cv_header_ncurses_ncurses_h=no
ac_cv_header_ncurses_term_h=no
ac_cv_header_nlist_h=no
ac_cv_header_poll_h=yes
ac_cv_header_proc_service_h=no
ac_cv_header_ptrace_h=no
ac_cv_header_sgtty_h=yes
ac_cv_header_signal_h=yes
ac_cv_header_stat_broken=no
ac_cv_header_stdc=yes
ac_cv_header_stddef_h=yes
ac_cv_header_stdint_h=yes
ac_cv_header_stdlib_h=yes
ac_cv_header_string_h=yes
ac_cv_header_strings_h=yes
ac_cv_header_sys_debugreg_h=yes
ac_cv_header_sys_fault_h=no
ac_cv_header_sys_file_h=yes
ac_cv_header_sys_filio_h=no
ac_cv_header_sys_ioctl_h=yes
ac_cv_header_sys_mman_h=yes
ac_cv_header_sys_param_h=yes
ac_cv_header_sys_poll_h=yes
ac_cv_header_sys_proc_h=no
ac_cv_header_sys_procfs_h=yes
ac_cv_header_sys_ptrace_h=yes
ac_cv_header_sys_reg_h=yes
ac_cv_header_sys_resource_h=yes
ac_cv_header_sys_select_h=yes
ac_cv_header_sys_stat_h=yes
ac_cv_header_sys_syscall_h=yes
ac_cv_header_sys_types_h=yes
ac_cv_header_sys_user_h=yes
ac_cv_header_sys_wait_h=yes
ac_cv_header_term_h=yes
ac_cv_header_termio_h=yes
ac_cv_header_termios_h=yes
ac_cv_header_thread_db_h=yes
ac_cv_header_time_h=yes
ac_cv_header_unistd_h=yes
ac_cv_header_vfork_h=no
ac_cv_header_wait_h=yes
ac_cv_header_wchar_h=yes
ac_cv_header_zlib_h=yes
ac_cv_host=i686-pc-linux-gnu
ac_cv_lib_m_main=yes
ac_cv_libexpat=no
ac_cv_member_struct_reg_r_fs=no
ac_cv_member_struct_reg_r_gs=no
ac_cv_member_struct_stat_st_blksize=yes
ac_cv_member_struct_stat_st_blocks=yes
ac_cv_member_struct_thread_td_pcb=no
ac_cv_objext=o
ac_cv_path_EGREP='/bin/grep -E'
ac_cv_path_GREP=/bin/grep
ac_cv_path_mkdir=/bin/mkdir
ac_cv_path_python_prog_path=/home/ubuntu/Archer_C7_V5/openwrt/staging_dir/host/bin/python
ac_cv_prog_AR=i686-linux-gnu-ar
ac_cv_prog_AWK=mawk
ac_cv_prog_CC=i686-linux-gnu-gcc
ac_cv_prog_CPP='i686-linux-gnu-gcc -E'
ac_cv_prog_DLLTOOL=dlltool
ac_cv_prog_MAKE=make
ac_cv_prog_RANLIB=i686-linux-gnu-ranlib
ac_cv_prog_WINDRES=windres
ac_cv_prog_YACC='bison -y'
ac_cv_prog_cc_c89=
ac_cv_prog_cc_g=yes
ac_cv_prog_make_make_set=yes
ac_cv_safe_to_define___extensions__=yes
ac_cv_search_dlgetmodinfo=no
ac_cv_search_gethostbyname='none required'
ac_cv_search_opendir='none required'
ac_cv_search_socketpair='none required'
ac_cv_search_tgetent=-ltermcap
ac_cv_search_zlibVersion=-lz
ac_cv_sys_file_offset_bits=64
ac_cv_sys_largefile_CC=no
ac_cv_target=mips-openwrt-linux-uclibc
ac_cv_type_long_long_int=yes
ac_cv_type_pid_t=yes
ac_cv_type_signal=void
ac_cv_type_socklen_t=yes
ac_cv_type_unsigned_long_long_int=yes
ac_cv_var__etext=yes
ac_cv_var_etext=yes
ac_cv_working_alloca_h=yes
acl_cv_hardcode_direct=no
acl_cv_hardcode_libdir_flag_spec='${wl}-rpath ${wl}$libdir'
acl_cv_hardcode_libdir_separator=
acl_cv_hardcode_minus_L=no
acl_cv_libext=a
acl_cv_path_LD=i686-linux-gnu-ld
acl_cv_prog_gnu_ld=yes
acl_cv_rpath=done
acl_cv_shlibext=so
acl_cv_wl=-Wl,
am_cv_CC_dependencies_compiler_type=gcc3
am_cv_build_libiconv_path=
am_cv_func_iconv=yes
am_cv_langinfo_codeset=yes
am_cv_lib_iconv=no
am_cv_prog_cc_stdc=
am_cv_proto_iconv='extern size_t iconv (iconv_t cd, char * *inbuf, size_t *inbytesleft, char * *outbuf, size_t *outbytesleft);'
am_cv_proto_iconv_arg1=
am_cv_use_build_libiconv=no
am_cv_val_LC_MESSAGES=yes
bfd_cv_have_sys_procfs_type_fpregset_t=no
bfd_cv_have_sys_procfs_type_gregset_t=no
bfd_cv_have_sys_procfs_type_lwpid_t=yes
bfd_cv_have_sys_procfs_type_pr_sigaction64_t=no
bfd_cv_have_sys_procfs_type_pr_siginfo64_t=no
bfd_cv_have_sys_procfs_type_pr_sigset_t=no
bfd_cv_have_sys_procfs_type_prfpregset32_t=no
bfd_cv_have_sys_procfs_type_prfpregset_t=yes
bfd_cv_have_sys_procfs_type_prgregset32_t=no
bfd_cv_have_sys_procfs_type_prgregset_t=yes
bfd_cv_have_sys_procfs_type_prrun_t=no
bfd_cv_have_sys_procfs_type_prsysent_t=no
bfd_cv_have_sys_procfs_type_psaddr_t=yes
bfd_cv_have_sys_procfs_type_pstatus_t=no
gdb_cv_c_long_double=yes
gdb_cv_c_long_long=yes
gdb_cv_func_ptrace_args=int,int,long,long
gdb_cv_func_ptrace_ret=long
gdb_cv_func_sigsetjmp=yes
gdb_cv_have_gnu_regex=yes
gdb_cv_have_procfs_piocset=no
gdb_cv_have_pt_getdbregs=no
gdb_cv_have_pt_getxmmregs=no
gdb_cv_have_ptrace_getfpxregs=yes
gdb_cv_have_ptrace_getregs=yes
gdb_cv_os_cygwin=no
gdb_cv_prfpregset_t_broken=no
gdb_cv_printf_has_decfloat=no
gdb_cv_printf_has_long_double=yes
gdb_cv_printf_has_long_long=yes
gdb_cv_scanf_has_long_double=yes
gdb_cv_struct_lwp=no
gdb_cv_struct_reg=no
gdb_cv_sys_syscall_h_has_tkill=yes
gdb_cv_thread_db_h_has_td_notalloc=yes
gdb_cv_thread_db_h_has_td_notls=yes
gdb_cv_thread_db_h_has_td_version=yes
gdb_cv_var_elf=yes
gl_cv_c_multiarch=no
gl_cv_decl_null_works=yes
gl_cv_func_memchr_works=yes
gl_cv_func_memmem_works=yes
gl_cv_have_include_next=yes
gl_cv_have_raw_decl_btowc=yes
gl_cv_have_raw_decl_mbrlen=yes
gl_cv_have_raw_decl_mbrtowc=yes
gl_cv_have_raw_decl_mbsinit=yes
gl_cv_have_raw_decl_mbsnrtowcs=yes
gl_cv_have_raw_decl_mbsrtowcs=yes
gl_cv_have_raw_decl_memmem=yes
gl_cv_have_raw_decl_mempcpy=yes
gl_cv_have_raw_decl_memrchr=yes
gl_cv_have_raw_decl_rawmemchr=yes
gl_cv_have_raw_decl_stpcpy=yes
gl_cv_have_raw_decl_stpncpy=yes
gl_cv_have_raw_decl_strcasestr=yes
gl_cv_have_raw_decl_strchrnul=yes
gl_cv_have_raw_decl_strdup=yes
gl_cv_have_raw_decl_strncat=yes
gl_cv_have_raw_decl_strndup=yes
gl_cv_have_raw_decl_strnlen=yes
gl_cv_have_raw_decl_strpbrk=yes
gl_cv_have_raw_decl_strsep=yes
gl_cv_have_raw_decl_strsignal=yes
gl_cv_have_raw_decl_strtok_r=yes
gl_cv_have_raw_decl_strverscmp=yes
gl_cv_have_raw_decl_wcrtomb=yes
gl_cv_have_raw_decl_wcsnrtombs=yes
gl_cv_have_raw_decl_wcsrtombs=yes
gl_cv_have_raw_decl_wctob=yes
gl_cv_have_raw_decl_wcwidth=yes
gl_cv_header_wchar_h_correct_inline=yes
gl_cv_header_working_stdint_h=yes
gl_cv_next_stdint_h='<stdint.h>'
gl_cv_next_string_h='<string.h>'
gl_cv_next_wchar_h='<wchar.h>'
gt_cv_c_wchar_t=yes
gt_cv_c_wint_t=yes

## ----------------- ##
## Output variables. ##
## ----------------- ##

DEFS='-DPACKAGE_NAME=\"\" -DPACKAGE_TARNAME=\"\" -DPACKAGE_VERSION=\"\" -DPACKAGE_STRING=\"\" -DPACKAGE_BUGREPORT=\"\" -DPACKAGE_URL=\"\"'
ECHO_C=''
ECHO_N='-n'
ECHO_T=''
INSTALL_DATA='/usr/bin/install -c -m 644'
INSTALL_PROGRAM='/usr/bin/install -c'
INSTALL_SCRIPT='/usr/bin/install -c'
LIBOBJS=''
LIBS=''
LN_S='ln -s'
LTLIBOBJS=''
PACKAGE_BUGREPORT=''
PACKAGE_NAME=''
PACKAGE_STRING=''
PACKAGE_TARNAME=''
PACKAGE_URL=''
PACKAGE_VERSION=''
PATH_SEPARATOR=':'
PKGVERSION='(Linaro GDB) '
REPORT_BUGS_TEXI='@uref{http://bugs.launchpad.net/gdb-linaro/}'
REPORT_BUGS_TO='<http://bugs.launchpad.net/gdb-linaro/>'
SHELL='/bin/bash'
bindir='${exec_prefix}/bin'
build_alias='i686-linux-gnu'
datadir='${datarootdir}'
datarootdir='${prefix}/share'
docdir='${datarootdir}/doc/${PACKAGE}'
dvidir='${docdir}'
exec_prefix='${prefix}'
host_alias='i686-linux-gnu'
htmldir='${docdir}'
includedir='${prefix}/include'
infodir='${datarootdir}/info'
libdir='${exec_prefix}/lib'
libexecdir='${exec_prefix}/libexec'
localedir='${datarootdir}/locale'
localstatedir='${prefix}/var'
mandir='${datarootdir}/man'
oldincludedir='/usr/include'
pdfdir='${docdir}'
prefix='/home/ubuntu/Archer_C7_V5/openwrt/staging_dir/toolchain-mips_r2_gcc-4.6-linaro_uClibc-0.9.33.2'
program_transform_name='s&^&mips-openwrt-linux-uclibc-&'
psdir='${docdir}'
sbindir='${exec_prefix}/sbin'
sharedstatedir='${prefix}/com'
sysconfdir='${prefix}/etc'
target_alias='mips-openwrt-linux-uclibc'

## ----------- ##
## confdefs.h. ##
## ----------- ##

/* confdefs.h */
#define PACKAGE_NAME ""
#define PACKAGE_TARNAME ""
#define PACKAGE_VERSION ""
#define PACKAGE_STRING ""
#define PACKAGE_BUGREPORT ""
#define PACKAGE_URL ""

configure: exit 0
