This file contains any messages produced by compilers while
running configure, to aid debugging if configure makes a mistake.

It was created by sysstat configure 9.0.6, which was
generated by GNU Autoconf 2.63.  Invocation command line was

  $ ./configure --target=mips64-octeon-linux-gnu --host=mips64-octeon-linux-gnu --build=x86_64-linux-gnu --program-prefix= --program-suffix= --prefix=/usr --exec-prefix=/usr --bindir=/usr/bin --sbindir=/usr/sbin --libexecdir=/usr/lib --sysconfdir=/etc --datadir=/usr/share --localstatedir=/var --mandir=/usr/man --infodir=/usr/info --disable-nls --disable-documentation

## --------- ##
## Platform. ##
## --------- ##

hostname = ubuntu
uname -m = x86_64
uname -r = 4.4.0-148-generic
uname -s = Linux
uname -v = #174~14.04.1-Ubuntu SMP Thu May 9 08:17:37 UTC 2019

/usr/bin/uname -p = unknown
/bin/uname -X     = unknown

/bin/arch              = unknown
/usr/bin/arch -k       = unknown
/usr/convex/getsysinfo = unknown
/usr/bin/hostinfo      = unknown
/bin/machine           = unknown
/usr/bin/oslevel       = unknown
/bin/universe          = unknown

PATH: /home/ubuntu/tp-link/ER7206_trunk/staging_dir/target-mips64-octeon-linux-gnu-osg_pro_un_v1/host/bin
PATH: /home/ubuntu/tp-link/ER7206_trunk/staging_dir/toolchain-mips64-octeon-linux-gnu/bin
PATH: /home/ubuntu/tp-link/ER7206_trunk/staging_dir/toolchain-cavium-sdk-3.x/usr/bin
PATH: /home/ubuntu/tp-link/ER7206_trunk/staging_dir/toolchain-cavium-sdk-3.x/bin
PATH: /home/ubuntu/tp-link/ER7206_trunk/staging_dir/host/bin
PATH: /home/ubuntu/tp-link/ER7206_trunk/staging_dir/toolchain-mips64-octeon-linux-gnu/bin
PATH: /home/ubuntu/tp-link/ER7206_trunk/staging_dir/toolchain-cavium-sdk-3.x/usr/bin
PATH: /home/ubuntu/tp-link/ER7206_trunk/staging_dir/toolchain-cavium-sdk-3.x/bin
PATH: /home/ubuntu/tp-link/ER7206_trunk/staging_dir/host/bin
PATH: /home/ubuntu/tp-link/ER7206_trunk/staging_dir/toolchain-mips64-octeon-linux-gnu/bin
PATH: /home/ubuntu/tp-link/ER7206_trunk/staging_dir/toolchain-cavium-sdk-3.x/usr/bin
PATH: /home/ubuntu/tp-link/ER7206_trunk/staging_dir/toolchain-cavium-sdk-3.x/bin
PATH: /home/ubuntu/tp-link/ER7206_trunk/staging_dir/host/bin
PATH: /usr/local/sbin
PATH: /usr/local/bin
PATH: /usr/sbin
PATH: /usr/bin
PATH: /sbin
PATH: /bin
PATH: /usr/games
PATH: /usr/local/games


## ----------- ##
## Core tests. ##
## ----------- ##

configure:1753: loading site script /home/ubuntu/tp-link/ER7206_trunk/include/site/mips64-octeon-linux-gnu
| #!/bin/sh
| 
| . $TOPDIR/include/site/mips64-linux
| . $TOPDIR/include/site/linux-gnu
| 
configure:1888: checking for mips64-octeon-linux-gnu-gcc
configure:1915: result: mips64-octeon-linux-gnu-gcc
configure:2187: checking for C compiler version
configure:2195: mips64-octeon-linux-gnu-gcc --version >&5
mips64-octeon-linux-gnu-gcc (Cavium Inc. Version: SDK_3_1_0_p2 build 34) 4.7.0
Copyright (C) 2012 Free Software Foundation, Inc.
This is free software; see the source for copying conditions.  There is NO
warranty; not even for MERCHANTABILITY or FITNESS FOR A PARTICULAR PURPOSE.

configure:2199: $? = 0
configure:2206: mips64-octeon-linux-gnu-gcc -v >&5
Using built-in specs.
COLLECT_GCC=mips64-octeon-linux-gnu-gcc
COLLECT_LTO_WRAPPER=/home/ubuntu/tp-link/ER7206_trunk/staging_dir/toolchain-cavium-sdk-3.x/bin/../libexec/gcc/mips64-octeon-linux-gnu/4.7.0/lto-wrapper
Target: mips64-octeon-linux-gnu
Configured with: /usr/local/Cavium_Networks/octsw/toolchain/scripts/../src/configure --disable-fixed-point --without-ppl --without-python --disable-werror --with-lto-plugin-source=/usr/local/Cavium_Networks/octsw/toolchain/scripts/../gits/gcc/lto-plugin --enable-plugins --with-sysroot --with-local-prefix=/usr/local/Cavium_Networks/octsw/toolchain/scripts/../tools/mips64-octeon-linux-gnu/sys-root --disable-sim --enable-symvers=gnu --enable-__cxa_atexit --enable-symvers=gnu --enable-__cxa_atexit --with-mips-plt --disable-sim --target=mips64-octeon-linux-gnu --enable-languages=c,c++ --prefix=/usr/local/Cavium_Networks/octsw/toolchain/scripts/../tools --with-pkgversion='Cavium Inc. Version: SDK_3_1_0_p2 build 34' --with-bugurl=http://www.cavium.com/support.html --with-libexpat-prefix=/usr/local/Cavium_Networks/octsw/toolchain/scripts/../libs
Thread model: posix
gcc version 4.7.0 (Cavium Inc. Version: SDK_3_1_0_p2 build 34) 
configure:2210: $? = 0
configure:2217: mips64-octeon-linux-gnu-gcc -V >&5
mips64-octeon-linux-gnu-gcc: error: unrecognized command line option '-V'
mips64-octeon-linux-gnu-gcc: fatal error: no input files
compilation terminated.
configure:2221: $? = 1
configure:2244: checking for C compiler default output file name
configure:2266: mips64-octeon-linux-gnu-gcc -Os -pipe -mno-branch-likely -march=octeon -mabi=64 -fno-caller-saves -Wl,--rpath=/home/ubuntu/tp-link/ER7206_trunk/staging_dir/target-mips64-octeon-linux-gnu-osg_pro_un_v1/usr/lib -msoft-float  -I/home/ubuntu/tp-link/ER7206_trunk/staging_dir/target-mips64-octeon-linux-gnu-osg_pro_un_v1/usr/include -I/home/ubuntu/tp-link/ER7206_trunk/staging_dir/target-mips64-octeon-linux-gnu-osg_pro_un_v1/include -I/home/ubuntu/tp-link/ER7206_trunk/staging_dir/toolchain-cavium-sdk-3.x/usr/include -I/home/ubuntu/tp-link/ER7206_trunk/staging_dir/toolchain-cavium-sdk-3.x/include  -L/home/ubuntu/tp-link/ER7206_trunk/staging_dir/target-mips64-octeon-linux-gnu-osg_pro_un_v1/usr/lib -L/home/ubuntu/tp-link/ER7206_trunk/staging_dir/target-mips64-octeon-linux-gnu-osg_pro_un_v1/lib -L/home/ubuntu/tp-link/ER7206_trunk/staging_dir/toolchain-cavium-sdk-3.x/usr/lib -L/home/ubuntu/tp-link/ER7206_trunk/staging_dir/toolchain-cavium-sdk-3.x/lib  conftest.c  >&5
configure:2270: $? = 0
configure:2308: result: a.out
configure:2327: checking whether the C compiler works
configure:2360: result: yes
configure:2367: checking whether we are cross compiling
configure:2369: result: yes
configure:2372: checking for suffix of executables
configure:2379: mips64-octeon-linux-gnu-gcc -o conftest -Os -pipe -mno-branch-likely -march=octeon -mabi=64 -fno-caller-saves -Wl,--rpath=/home/ubuntu/tp-link/ER7206_trunk/staging_dir/target-mips64-octeon-linux-gnu-osg_pro_un_v1/usr/lib -msoft-float  -I/home/ubuntu/tp-link/ER7206_trunk/staging_dir/target-mips64-octeon-linux-gnu-osg_pro_un_v1/usr/include -I/home/ubuntu/tp-link/ER7206_trunk/staging_dir/target-mips64-octeon-linux-gnu-osg_pro_un_v1/include -I/home/ubuntu/tp-link/ER7206_trunk/staging_dir/toolchain-cavium-sdk-3.x/usr/include -I/home/ubuntu/tp-link/ER7206_trunk/staging_dir/toolchain-cavium-sdk-3.x/include  -L/home/ubuntu/tp-link/ER7206_trunk/staging_dir/target-mips64-octeon-linux-gnu-osg_pro_un_v1/usr/lib -L/home/ubuntu/tp-link/ER7206_trunk/staging_dir/target-mips64-octeon-linux-gnu-osg_pro_un_v1/lib -L/home/ubuntu/tp-link/ER7206_trunk/staging_dir/toolchain-cavium-sdk-3.x/usr/lib -L/home/ubuntu/tp-link/ER7206_trunk/staging_dir/toolchain-cavium-sdk-3.x/lib  conftest.c  >&5
configure:2383: $? = 0
configure:2409: result: 
configure:2415: checking for suffix of object files
configure:2441: mips64-octeon-linux-gnu-gcc -c -Os -pipe -mno-branch-likely -march=octeon -mabi=64 -fno-caller-saves -Wl,--rpath=/home/ubuntu/tp-link/ER7206_trunk/staging_dir/target-mips64-octeon-linux-gnu-osg_pro_un_v1/usr/lib -msoft-float  -I/home/ubuntu/tp-link/ER7206_trunk/staging_dir/target-mips64-octeon-linux-gnu-osg_pro_un_v1/usr/include -I/home/ubuntu/tp-link/ER7206_trunk/staging_dir/target-mips64-octeon-linux-gnu-osg_pro_un_v1/include -I/home/ubuntu/tp-link/ER7206_trunk/staging_dir/toolchain-cavium-sdk-3.x/usr/include -I/home/ubuntu/tp-link/ER7206_trunk/staging_dir/toolchain-cavium-sdk-3.x/include  conftest.c >&5
configure:2445: $? = 0
configure:2470: result: o
configure:2474: checking whether we are using the GNU C compiler
configure:2503: mips64-octeon-linux-gnu-gcc -c -Os -pipe -mno-branch-likely -march=octeon -mabi=64 -fno-caller-saves -Wl,--rpath=/home/ubuntu/tp-link/ER7206_trunk/staging_dir/target-mips64-octeon-linux-gnu-osg_pro_un_v1/usr/lib -msoft-float  -I/home/ubuntu/tp-link/ER7206_trunk/staging_dir/target-mips64-octeon-linux-gnu-osg_pro_un_v1/usr/include -I/home/ubuntu/tp-link/ER7206_trunk/staging_dir/target-mips64-octeon-linux-gnu-osg_pro_un_v1/include -I/home/ubuntu/tp-link/ER7206_trunk/staging_dir/toolchain-cavium-sdk-3.x/usr/include -I/home/ubuntu/tp-link/ER7206_trunk/staging_dir/toolchain-cavium-sdk-3.x/include  conftest.c >&5
configure:2510: $? = 0
configure:2527: result: yes
configure:2536: checking whether mips64-octeon-linux-gnu-gcc accepts -g
configure:2566: mips64-octeon-linux-gnu-gcc -c -g -I/home/ubuntu/tp-link/ER7206_trunk/staging_dir/target-mips64-octeon-linux-gnu-osg_pro_un_v1/usr/include -I/home/ubuntu/tp-link/ER7206_trunk/staging_dir/target-mips64-octeon-linux-gnu-osg_pro_un_v1/include -I/home/ubuntu/tp-link/ER7206_trunk/staging_dir/toolchain-cavium-sdk-3.x/usr/include -I/home/ubuntu/tp-link/ER7206_trunk/staging_dir/toolchain-cavium-sdk-3.x/include  conftest.c >&5
configure:2573: $? = 0
configure:2674: result: yes
configure:2691: checking for mips64-octeon-linux-gnu-gcc option to accept ISO C89
configure:2765: mips64-octeon-linux-gnu-gcc  -c -Os -pipe -mno-branch-likely -march=octeon -mabi=64 -fno-caller-saves -Wl,--rpath=/home/ubuntu/tp-link/ER7206_trunk/staging_dir/target-mips64-octeon-linux-gnu-osg_pro_un_v1/usr/lib -msoft-float  -I/home/ubuntu/tp-link/ER7206_trunk/staging_dir/target-mips64-octeon-linux-gnu-osg_pro_un_v1/usr/include -I/home/ubuntu/tp-link/ER7206_trunk/staging_dir/target-mips64-octeon-linux-gnu-osg_pro_un_v1/include -I/home/ubuntu/tp-link/ER7206_trunk/staging_dir/toolchain-cavium-sdk-3.x/usr/include -I/home/ubuntu/tp-link/ER7206_trunk/staging_dir/toolchain-cavium-sdk-3.x/include  conftest.c >&5
configure:2772: $? = 0
configure:2795: result: none needed
configure:2819: checking how to run the C preprocessor
configure:2859: mips64-octeon-linux-gnu-gcc -E -I/home/ubuntu/tp-link/ER7206_trunk/staging_dir/target-mips64-octeon-linux-gnu-osg_pro_un_v1/usr/include -I/home/ubuntu/tp-link/ER7206_trunk/staging_dir/target-mips64-octeon-linux-gnu-osg_pro_un_v1/include -I/home/ubuntu/tp-link/ER7206_trunk/staging_dir/toolchain-cavium-sdk-3.x/usr/include -I/home/ubuntu/tp-link/ER7206_trunk/staging_dir/toolchain-cavium-sdk-3.x/include  conftest.c
configure:2866: $? = 0
configure:2897: mips64-octeon-linux-gnu-gcc -E -I/home/ubuntu/tp-link/ER7206_trunk/staging_dir/target-mips64-octeon-linux-gnu-osg_pro_un_v1/usr/include -I/home/ubuntu/tp-link/ER7206_trunk/staging_dir/target-mips64-octeon-linux-gnu-osg_pro_un_v1/include -I/home/ubuntu/tp-link/ER7206_trunk/staging_dir/toolchain-cavium-sdk-3.x/usr/include -I/home/ubuntu/tp-link/ER7206_trunk/staging_dir/toolchain-cavium-sdk-3.x/include  conftest.c
conftest.c:8:28: fatal error: ac_nonexistent.h: No such file or directory
compilation terminated.
configure:2904: $? = 1
configure: failed program was:
| /* confdefs.h.  */
| #define PACKAGE_NAME "sysstat"
| #define PACKAGE_TARNAME "sysstat"
| #define PACKAGE_VERSION "9.0.6"
| #define PACKAGE_STRING "sysstat 9.0.6"
| #define PACKAGE_BUGREPORT ""
| /* end confdefs.h.  */
| #include <ac_nonexistent.h>
configure:2937: result: mips64-octeon-linux-gnu-gcc -E
configure:2966: mips64-octeon-linux-gnu-gcc -E -I/home/ubuntu/tp-link/ER7206_trunk/staging_dir/target-mips64-octeon-linux-gnu-osg_pro_un_v1/usr/include -I/home/ubuntu/tp-link/ER7206_trunk/staging_dir/target-mips64-octeon-linux-gnu-osg_pro_un_v1/include -I/home/ubuntu/tp-link/ER7206_trunk/staging_dir/toolchain-cavium-sdk-3.x/usr/include -I/home/ubuntu/tp-link/ER7206_trunk/staging_dir/toolchain-cavium-sdk-3.x/include  conftest.c
configure:2973: $? = 0
configure:3004: mips64-octeon-linux-gnu-gcc -E -I/home/ubuntu/tp-link/ER7206_trunk/staging_dir/target-mips64-octeon-linux-gnu-osg_pro_un_v1/usr/include -I/home/ubuntu/tp-link/ER7206_trunk/staging_dir/target-mips64-octeon-linux-gnu-osg_pro_un_v1/include -I/home/ubuntu/tp-link/ER7206_trunk/staging_dir/toolchain-cavium-sdk-3.x/usr/include -I/home/ubuntu/tp-link/ER7206_trunk/staging_dir/toolchain-cavium-sdk-3.x/include  conftest.c
conftest.c:8:28: fatal error: ac_nonexistent.h: No such file or directory
compilation terminated.
configure:3011: $? = 1
configure: failed program was:
| /* confdefs.h.  */
| #define PACKAGE_NAME "sysstat"
| #define PACKAGE_TARNAME "sysstat"
| #define PACKAGE_VERSION "9.0.6"
| #define PACKAGE_STRING "sysstat 9.0.6"
| #define PACKAGE_BUGREPORT ""
| /* end confdefs.h.  */
| #include <ac_nonexistent.h>
configure:3051: checking for grep that handles long lines and -e
configure:3111: result: /home/ubuntu/tp-link/ER7206_trunk/staging_dir/host/bin/grep
configure:3116: checking for egrep
configure:3180: result: /home/ubuntu/tp-link/ER7206_trunk/staging_dir/host/bin/grep -E
configure:3185: checking for ANSI C header files
configure:3215: mips64-octeon-linux-gnu-gcc -c -Os -pipe -mno-branch-likely -march=octeon -mabi=64 -fno-caller-saves -Wl,--rpath=/home/ubuntu/tp-link/ER7206_trunk/staging_dir/target-mips64-octeon-linux-gnu-osg_pro_un_v1/usr/lib -msoft-float  -I/home/ubuntu/tp-link/ER7206_trunk/staging_dir/target-mips64-octeon-linux-gnu-osg_pro_un_v1/usr/include -I/home/ubuntu/tp-link/ER7206_trunk/staging_dir/target-mips64-octeon-linux-gnu-osg_pro_un_v1/include -I/home/ubuntu/tp-link/ER7206_trunk/staging_dir/toolchain-cavium-sdk-3.x/usr/include -I/home/ubuntu/tp-link/ER7206_trunk/staging_dir/toolchain-cavium-sdk-3.x/include  conftest.c >&5
configure:3222: $? = 0
configure:3353: result: yes
configure:3377: checking for sys/types.h
configure:3398: mips64-octeon-linux-gnu-gcc -c -Os -pipe -mno-branch-likely -march=octeon -mabi=64 -fno-caller-saves -Wl,--rpath=/home/ubuntu/tp-link/ER7206_trunk/staging_dir/target-mips64-octeon-linux-gnu-osg_pro_un_v1/usr/lib -msoft-float  -I/home/ubuntu/tp-link/ER7206_trunk/staging_dir/target-mips64-octeon-linux-gnu-osg_pro_un_v1/usr/include -I/home/ubuntu/tp-link/ER7206_trunk/staging_dir/target-mips64-octeon-linux-gnu-osg_pro_un_v1/include -I/home/ubuntu/tp-link/ER7206_trunk/staging_dir/toolchain-cavium-sdk-3.x/usr/include -I/home/ubuntu/tp-link/ER7206_trunk/staging_dir/toolchain-cavium-sdk-3.x/include  conftest.c >&5
configure:3405: $? = 0
configure:3422: result: yes
configure:3377: checking for sys/stat.h
configure:3398: mips64-octeon-linux-gnu-gcc -c -Os -pipe -mno-branch-likely -march=octeon -mabi=64 -fno-caller-saves -Wl,--rpath=/home/ubuntu/tp-link/ER7206_trunk/staging_dir/target-mips64-octeon-linux-gnu-osg_pro_un_v1/usr/lib -msoft-float  -I/home/ubuntu/tp-link/ER7206_trunk/staging_dir/target-mips64-octeon-linux-gnu-osg_pro_un_v1/usr/include -I/home/ubuntu/tp-link/ER7206_trunk/staging_dir/target-mips64-octeon-linux-gnu-osg_pro_un_v1/include -I/home/ubuntu/tp-link/ER7206_trunk/staging_dir/toolchain-cavium-sdk-3.x/usr/include -I/home/ubuntu/tp-link/ER7206_trunk/staging_dir/toolchain-cavium-sdk-3.x/include  conftest.c >&5
configure:3405: $? = 0
configure:3422: result: yes
configure:3377: checking for stdlib.h
configure:3398: mips64-octeon-linux-gnu-gcc -c -Os -pipe -mno-branch-likely -march=octeon -mabi=64 -fno-caller-saves -Wl,--rpath=/home/ubuntu/tp-link/ER7206_trunk/staging_dir/target-mips64-octeon-linux-gnu-osg_pro_un_v1/usr/lib -msoft-float  -I/home/ubuntu/tp-link/ER7206_trunk/staging_dir/target-mips64-octeon-linux-gnu-osg_pro_un_v1/usr/include -I/home/ubuntu/tp-link/ER7206_trunk/staging_dir/target-mips64-octeon-linux-gnu-osg_pro_un_v1/include -I/home/ubuntu/tp-link/ER7206_trunk/staging_dir/toolchain-cavium-sdk-3.x/usr/include -I/home/ubuntu/tp-link/ER7206_trunk/staging_dir/toolchain-cavium-sdk-3.x/include  conftest.c >&5
configure:3405: $? = 0
configure:3422: result: yes
configure:3377: checking for string.h
configure:3398: mips64-octeon-linux-gnu-gcc -c -Os -pipe -mno-branch-likely -march=octeon -mabi=64 -fno-caller-saves -Wl,--rpath=/home/ubuntu/tp-link/ER7206_trunk/staging_dir/target-mips64-octeon-linux-gnu-osg_pro_un_v1/usr/lib -msoft-float  -I/home/ubuntu/tp-link/ER7206_trunk/staging_dir/target-mips64-octeon-linux-gnu-osg_pro_un_v1/usr/include -I/home/ubuntu/tp-link/ER7206_trunk/staging_dir/target-mips64-octeon-linux-gnu-osg_pro_un_v1/include -I/home/ubuntu/tp-link/ER7206_trunk/staging_dir/toolchain-cavium-sdk-3.x/usr/include -I/home/ubuntu/tp-link/ER7206_trunk/staging_dir/toolchain-cavium-sdk-3.x/include  conftest.c >&5
configure:3405: $? = 0
configure:3422: result: yes
configure:3377: checking for memory.h
configure:3398: mips64-octeon-linux-gnu-gcc -c -Os -pipe -mno-branch-likely -march=octeon -mabi=64 -fno-caller-saves -Wl,--rpath=/home/ubuntu/tp-link/ER7206_trunk/staging_dir/target-mips64-octeon-linux-gnu-osg_pro_un_v1/usr/lib -msoft-float  -I/home/ubuntu/tp-link/ER7206_trunk/staging_dir/target-mips64-octeon-linux-gnu-osg_pro_un_v1/usr/include -I/home/ubuntu/tp-link/ER7206_trunk/staging_dir/target-mips64-octeon-linux-gnu-osg_pro_un_v1/include -I/home/ubuntu/tp-link/ER7206_trunk/staging_dir/toolchain-cavium-sdk-3.x/usr/include -I/home/ubuntu/tp-link/ER7206_trunk/staging_dir/toolchain-cavium-sdk-3.x/include  conftest.c >&5
configure:3405: $? = 0
configure:3422: result: yes
configure:3377: checking for strings.h
configure:3398: mips64-octeon-linux-gnu-gcc -c -Os -pipe -mno-branch-likely -march=octeon -mabi=64 -fno-caller-saves -Wl,--rpath=/home/ubuntu/tp-link/ER7206_trunk/staging_dir/target-mips64-octeon-linux-gnu-osg_pro_un_v1/usr/lib -msoft-float  -I/home/ubuntu/tp-link/ER7206_trunk/staging_dir/target-mips64-octeon-linux-gnu-osg_pro_un_v1/usr/include -I/home/ubuntu/tp-link/ER7206_trunk/staging_dir/target-mips64-octeon-linux-gnu-osg_pro_un_v1/include -I/home/ubuntu/tp-link/ER7206_trunk/staging_dir/toolchain-cavium-sdk-3.x/usr/include -I/home/ubuntu/tp-link/ER7206_trunk/staging_dir/toolchain-cavium-sdk-3.x/include  conftest.c >&5
configure:3405: $? = 0
configure:3422: result: yes
configure:3377: checking for inttypes.h
configure:3398: mips64-octeon-linux-gnu-gcc -c -Os -pipe -mno-branch-likely -march=octeon -mabi=64 -fno-caller-saves -Wl,--rpath=/home/ubuntu/tp-link/ER7206_trunk/staging_dir/target-mips64-octeon-linux-gnu-osg_pro_un_v1/usr/lib -msoft-float  -I/home/ubuntu/tp-link/ER7206_trunk/staging_dir/target-mips64-octeon-linux-gnu-osg_pro_un_v1/usr/include -I/home/ubuntu/tp-link/ER7206_trunk/staging_dir/target-mips64-octeon-linux-gnu-osg_pro_un_v1/include -I/home/ubuntu/tp-link/ER7206_trunk/staging_dir/toolchain-cavium-sdk-3.x/usr/include -I/home/ubuntu/tp-link/ER7206_trunk/staging_dir/toolchain-cavium-sdk-3.x/include  conftest.c >&5
configure:3405: $? = 0
configure:3422: result: yes
configure:3377: checking for stdint.h
configure:3398: mips64-octeon-linux-gnu-gcc -c -Os -pipe -mno-branch-likely -march=octeon -mabi=64 -fno-caller-saves -Wl,--rpath=/home/ubuntu/tp-link/ER7206_trunk/staging_dir/target-mips64-octeon-linux-gnu-osg_pro_un_v1/usr/lib -msoft-float  -I/home/ubuntu/tp-link/ER7206_trunk/staging_dir/target-mips64-octeon-linux-gnu-osg_pro_un_v1/usr/include -I/home/ubuntu/tp-link/ER7206_trunk/staging_dir/target-mips64-octeon-linux-gnu-osg_pro_un_v1/include -I/home/ubuntu/tp-link/ER7206_trunk/staging_dir/toolchain-cavium-sdk-3.x/usr/include -I/home/ubuntu/tp-link/ER7206_trunk/staging_dir/toolchain-cavium-sdk-3.x/include  conftest.c >&5
configure:3405: $? = 0
configure:3422: result: yes
configure:3377: checking for unistd.h
configure:3398: mips64-octeon-linux-gnu-gcc -c -Os -pipe -mno-branch-likely -march=octeon -mabi=64 -fno-caller-saves -Wl,--rpath=/home/ubuntu/tp-link/ER7206_trunk/staging_dir/target-mips64-octeon-linux-gnu-osg_pro_un_v1/usr/lib -msoft-float  -I/home/ubuntu/tp-link/ER7206_trunk/staging_dir/target-mips64-octeon-linux-gnu-osg_pro_un_v1/usr/include -I/home/ubuntu/tp-link/ER7206_trunk/staging_dir/target-mips64-octeon-linux-gnu-osg_pro_un_v1/include -I/home/ubuntu/tp-link/ER7206_trunk/staging_dir/toolchain-cavium-sdk-3.x/usr/include -I/home/ubuntu/tp-link/ER7206_trunk/staging_dir/toolchain-cavium-sdk-3.x/include  conftest.c >&5
configure:3405: $? = 0
configure:3422: result: yes
configure:3447: checking minix/config.h usability
configure:3464: mips64-octeon-linux-gnu-gcc -c -Os -pipe -mno-branch-likely -march=octeon -mabi=64 -fno-caller-saves -Wl,--rpath=/home/ubuntu/tp-link/ER7206_trunk/staging_dir/target-mips64-octeon-linux-gnu-osg_pro_un_v1/usr/lib -msoft-float  -I/home/ubuntu/tp-link/ER7206_trunk/staging_dir/target-mips64-octeon-linux-gnu-osg_pro_un_v1/usr/include -I/home/ubuntu/tp-link/ER7206_trunk/staging_dir/target-mips64-octeon-linux-gnu-osg_pro_un_v1/include -I/home/ubuntu/tp-link/ER7206_trunk/staging_dir/toolchain-cavium-sdk-3.x/usr/include -I/home/ubuntu/tp-link/ER7206_trunk/staging_dir/toolchain-cavium-sdk-3.x/include  conftest.c >&5
conftest.c:51:26: fatal error: minix/config.h: No such file or directory
compilation terminated.
configure:3471: $? = 1
configure: failed program was:
| /* confdefs.h.  */
| #define PACKAGE_NAME "sysstat"
| #define PACKAGE_TARNAME "sysstat"
| #define PACKAGE_VERSION "9.0.6"
| #define PACKAGE_STRING "sysstat 9.0.6"
| #define PACKAGE_BUGREPORT ""
| #define STDC_HEADERS 1
| #define HAVE_SYS_TYPES_H 1
| #define HAVE_SYS_STAT_H 1
| #define HAVE_STDLIB_H 1
| #define HAVE_STRING_H 1
| #define HAVE_MEMORY_H 1
| #define HAVE_STRINGS_H 1
| #define HAVE_INTTYPES_H 1
| #define HAVE_STDINT_H 1
| #define HAVE_UNISTD_H 1
| /* end confdefs.h.  */
| #include <stdio.h>
| #ifdef HAVE_SYS_TYPES_H
| # include <sys/types.h>
| #endif
| #ifdef HAVE_SYS_STAT_H
| # include <sys/stat.h>
| #endif
| #ifdef STDC_HEADERS
| # include <stdlib.h>
| # include <stddef.h>
| #else
| # ifdef HAVE_STDLIB_H
| #  include <stdlib.h>
| # endif
| #endif
| #ifdef HAVE_STRING_H
| # if !defined STDC_HEADERS && defined HAVE_MEMORY_H
| #  include <memory.h>
| # endif
| # include <string.h>
| #endif
| #ifdef HAVE_STRINGS_H
| # include <strings.h>
| #endif
| #ifdef HAVE_INTTYPES_H
| # include <inttypes.h>
| #endif
| #ifdef HAVE_STDINT_H
| # include <stdint.h>
| #endif
| #ifdef HAVE_UNISTD_H
| # include <unistd.h>
| #endif
| #include <minix/config.h>
configure:3485: result: no
configure:3489: checking minix/config.h presence
configure:3504: mips64-octeon-linux-gnu-gcc -E -I/home/ubuntu/tp-link/ER7206_trunk/staging_dir/target-mips64-octeon-linux-gnu-osg_pro_un_v1/usr/include -I/home/ubuntu/tp-link/ER7206_trunk/staging_dir/target-mips64-octeon-linux-gnu-osg_pro_un_v1/include -I/home/ubuntu/tp-link/ER7206_trunk/staging_dir/toolchain-cavium-sdk-3.x/usr/include -I/home/ubuntu/tp-link/ER7206_trunk/staging_dir/toolchain-cavium-sdk-3.x/include  conftest.c
conftest.c:18:26: fatal error: minix/config.h: No such file or directory
compilation terminated.
configure:3511: $? = 1
configure: failed program was:
| /* confdefs.h.  */
| #define PACKAGE_NAME "sysstat"
| #define PACKAGE_TARNAME "sysstat"
| #define PACKAGE_VERSION "9.0.6"
| #define PACKAGE_STRING "sysstat 9.0.6"
| #define PACKAGE_BUGREPORT ""
| #define STDC_HEADERS 1
| #define HAVE_SYS_TYPES_H 1
| #define HAVE_SYS_STAT_H 1
| #define HAVE_STDLIB_H 1
| #define HAVE_STRING_H 1
| #define HAVE_MEMORY_H 1
| #define HAVE_STRINGS_H 1
| #define HAVE_INTTYPES_H 1
| #define HAVE_STDINT_H 1
| #define HAVE_UNISTD_H 1
| /* end confdefs.h.  */
| #include <minix/config.h>
configure:3525: result: no
configure:3553: checking for minix/config.h
configure:3560: result: no
configure:3591: checking whether it is safe to define __EXTENSIONS__
configure:3619: mips64-octeon-linux-gnu-gcc -c -Os -pipe -mno-branch-likely -march=octeon -mabi=64 -fno-caller-saves -Wl,--rpath=/home/ubuntu/tp-link/ER7206_trunk/staging_dir/target-mips64-octeon-linux-gnu-osg_pro_un_v1/usr/lib -msoft-float  -I/home/ubuntu/tp-link/ER7206_trunk/staging_dir/target-mips64-octeon-linux-gnu-osg_pro_un_v1/usr/include -I/home/ubuntu/tp-link/ER7206_trunk/staging_dir/target-mips64-octeon-linux-gnu-osg_pro_un_v1/include -I/home/ubuntu/tp-link/ER7206_trunk/staging_dir/toolchain-cavium-sdk-3.x/usr/include -I/home/ubuntu/tp-link/ER7206_trunk/staging_dir/toolchain-cavium-sdk-3.x/include  conftest.c >&5
configure:3626: $? = 0
configure:3641: result: yes
configure:3665: checking whether ln -s works
configure:3669: result: yes
configure:3679: checking for chmod
configure:3695: found /bin/chmod
configure:3706: result: chmod
configure:3716: checking for chown
configure:3732: found /bin/chown
configure:3743: result: chown
configure:3753: checking for ar
configure:3780: result: mips64-octeon-linux-gnu-ar
configure:3790: checking for install
configure:3806: found /usr/bin/install
configure:3817: result: install
configure:3827: checking for msgfmt
configure:3843: found /usr/bin/msgfmt
configure:3854: result: msgfmt
configure:3864: checking for xgettext
configure:3880: found /usr/bin/xgettext
configure:3891: result: xgettext
configure:3901: checking for msgmerge
configure:3917: found /usr/bin/msgmerge
configure:3928: result: msgmerge
configure:3940: checking for bzip2
configure:3956: found /bin/bzip2
configure:3967: result: bzip2
configure:3988: checking for cp
configure:4006: found /bin/cp
configure:4018: result: /bin/cp
configure:4034: checking for chkconfig
configure:4067: result: no
configure:4085: checking for ANSI C header files
configure:4253: result: yes
configure:4271: checking for dirent.h that defines DIR
configure:4300: mips64-octeon-linux-gnu-gcc -c -Os -pipe -mno-branch-likely -march=octeon -mabi=64 -fno-caller-saves -Wl,--rpath=/home/ubuntu/tp-link/ER7206_trunk/staging_dir/target-mips64-octeon-linux-gnu-osg_pro_un_v1/usr/lib -msoft-float  -I/home/ubuntu/tp-link/ER7206_trunk/staging_dir/target-mips64-octeon-linux-gnu-osg_pro_un_v1/usr/include -I/home/ubuntu/tp-link/ER7206_trunk/staging_dir/target-mips64-octeon-linux-gnu-osg_pro_un_v1/include -I/home/ubuntu/tp-link/ER7206_trunk/staging_dir/toolchain-cavium-sdk-3.x/usr/include -I/home/ubuntu/tp-link/ER7206_trunk/staging_dir/toolchain-cavium-sdk-3.x/include  conftest.c >&5
configure:4307: $? = 0
configure:4324: result: yes
configure:4339: checking for library containing opendir
configure:4380: mips64-octeon-linux-gnu-gcc -o conftest -Os -pipe -mno-branch-likely -march=octeon -mabi=64 -fno-caller-saves -Wl,--rpath=/home/ubuntu/tp-link/ER7206_trunk/staging_dir/target-mips64-octeon-linux-gnu-osg_pro_un_v1/usr/lib -msoft-float  -I/home/ubuntu/tp-link/ER7206_trunk/staging_dir/target-mips64-octeon-linux-gnu-osg_pro_un_v1/usr/include -I/home/ubuntu/tp-link/ER7206_trunk/staging_dir/target-mips64-octeon-linux-gnu-osg_pro_un_v1/include -I/home/ubuntu/tp-link/ER7206_trunk/staging_dir/toolchain-cavium-sdk-3.x/usr/include -I/home/ubuntu/tp-link/ER7206_trunk/staging_dir/toolchain-cavium-sdk-3.x/include  -L/home/ubuntu/tp-link/ER7206_trunk/staging_dir/target-mips64-octeon-linux-gnu-osg_pro_un_v1/usr/lib -L/home/ubuntu/tp-link/ER7206_trunk/staging_dir/target-mips64-octeon-linux-gnu-osg_pro_un_v1/lib -L/home/ubuntu/tp-link/ER7206_trunk/staging_dir/toolchain-cavium-sdk-3.x/usr/lib -L/home/ubuntu/tp-link/ER7206_trunk/staging_dir/toolchain-cavium-sdk-3.x/lib  conftest.c  >&5
configure:4387: $? = 0
configure:4418: result: none required
configure:4532: checking ctype.h usability
configure:4549: mips64-octeon-linux-gnu-gcc -c -Os -pipe -mno-branch-likely -march=octeon -mabi=64 -fno-caller-saves -Wl,--rpath=/home/ubuntu/tp-link/ER7206_trunk/staging_dir/target-mips64-octeon-linux-gnu-osg_pro_un_v1/usr/lib -msoft-float  -I/home/ubuntu/tp-link/ER7206_trunk/staging_dir/target-mips64-octeon-linux-gnu-osg_pro_un_v1/usr/include -I/home/ubuntu/tp-link/ER7206_trunk/staging_dir/target-mips64-octeon-linux-gnu-osg_pro_un_v1/include -I/home/ubuntu/tp-link/ER7206_trunk/staging_dir/toolchain-cavium-sdk-3.x/usr/include -I/home/ubuntu/tp-link/ER7206_trunk/staging_dir/toolchain-cavium-sdk-3.x/include  conftest.c >&5
configure:4556: $? = 0
configure:4570: result: yes
configure:4574: checking ctype.h presence
configure:4589: mips64-octeon-linux-gnu-gcc -E -I/home/ubuntu/tp-link/ER7206_trunk/staging_dir/target-mips64-octeon-linux-gnu-osg_pro_un_v1/usr/include -I/home/ubuntu/tp-link/ER7206_trunk/staging_dir/target-mips64-octeon-linux-gnu-osg_pro_un_v1/include -I/home/ubuntu/tp-link/ER7206_trunk/staging_dir/toolchain-cavium-sdk-3.x/usr/include -I/home/ubuntu/tp-link/ER7206_trunk/staging_dir/toolchain-cavium-sdk-3.x/include  conftest.c
configure:4596: $? = 0
configure:4610: result: yes
configure:4638: checking for ctype.h
configure:4647: result: yes
configure:4678: checking errno.h usability
configure:4695: mips64-octeon-linux-gnu-gcc -c -Os -pipe -mno-branch-likely -march=octeon -mabi=64 -fno-caller-saves -Wl,--rpath=/home/ubuntu/tp-link/ER7206_trunk/staging_dir/target-mips64-octeon-linux-gnu-osg_pro_un_v1/usr/lib -msoft-float  -I/home/ubuntu/tp-link/ER7206_trunk/staging_dir/target-mips64-octeon-linux-gnu-osg_pro_un_v1/usr/include -I/home/ubuntu/tp-link/ER7206_trunk/staging_dir/target-mips64-octeon-linux-gnu-osg_pro_un_v1/include -I/home/ubuntu/tp-link/ER7206_trunk/staging_dir/toolchain-cavium-sdk-3.x/usr/include -I/home/ubuntu/tp-link/ER7206_trunk/staging_dir/toolchain-cavium-sdk-3.x/include  conftest.c >&5
configure:4702: $? = 0
configure:4716: result: yes
configure:4720: checking errno.h presence
configure:4735: mips64-octeon-linux-gnu-gcc -E -I/home/ubuntu/tp-link/ER7206_trunk/staging_dir/target-mips64-octeon-linux-gnu-osg_pro_un_v1/usr/include -I/home/ubuntu/tp-link/ER7206_trunk/staging_dir/target-mips64-octeon-linux-gnu-osg_pro_un_v1/include -I/home/ubuntu/tp-link/ER7206_trunk/staging_dir/toolchain-cavium-sdk-3.x/usr/include -I/home/ubuntu/tp-link/ER7206_trunk/staging_dir/toolchain-cavium-sdk-3.x/include  conftest.c
configure:4742: $? = 0
configure:4756: result: yes
configure:4784: checking for errno.h
configure:4793: result: yes
configure:4824: checking libintl.h usability
configure:4841: mips64-octeon-linux-gnu-gcc -c -Os -pipe -mno-branch-likely -march=octeon -mabi=64 -fno-caller-saves -Wl,--rpath=/home/ubuntu/tp-link/ER7206_trunk/staging_dir/target-mips64-octeon-linux-gnu-osg_pro_un_v1/usr/lib -msoft-float  -I/home/ubuntu/tp-link/ER7206_trunk/staging_dir/target-mips64-octeon-linux-gnu-osg_pro_un_v1/usr/include -I/home/ubuntu/tp-link/ER7206_trunk/staging_dir/target-mips64-octeon-linux-gnu-osg_pro_un_v1/include -I/home/ubuntu/tp-link/ER7206_trunk/staging_dir/toolchain-cavium-sdk-3.x/usr/include -I/home/ubuntu/tp-link/ER7206_trunk/staging_dir/toolchain-cavium-sdk-3.x/include  conftest.c >&5
configure:4848: $? = 0
configure:4862: result: yes
configure:4866: checking libintl.h presence
configure:4881: mips64-octeon-linux-gnu-gcc -E -I/home/ubuntu/tp-link/ER7206_trunk/staging_dir/target-mips64-octeon-linux-gnu-osg_pro_un_v1/usr/include -I/home/ubuntu/tp-link/ER7206_trunk/staging_dir/target-mips64-octeon-linux-gnu-osg_pro_un_v1/include -I/home/ubuntu/tp-link/ER7206_trunk/staging_dir/toolchain-cavium-sdk-3.x/usr/include -I/home/ubuntu/tp-link/ER7206_trunk/staging_dir/toolchain-cavium-sdk-3.x/include  conftest.c
configure:4888: $? = 0
configure:4902: result: yes
configure:4930: checking for libintl.h
configure:4939: result: yes
configure:4970: checking locale.h usability
configure:4987: mips64-octeon-linux-gnu-gcc -c -Os -pipe -mno-branch-likely -march=octeon -mabi=64 -fno-caller-saves -Wl,--rpath=/home/ubuntu/tp-link/ER7206_trunk/staging_dir/target-mips64-octeon-linux-gnu-osg_pro_un_v1/usr/lib -msoft-float  -I/home/ubuntu/tp-link/ER7206_trunk/staging_dir/target-mips64-octeon-linux-gnu-osg_pro_un_v1/usr/include -I/home/ubuntu/tp-link/ER7206_trunk/staging_dir/target-mips64-octeon-linux-gnu-osg_pro_un_v1/include -I/home/ubuntu/tp-link/ER7206_trunk/staging_dir/toolchain-cavium-sdk-3.x/usr/include -I/home/ubuntu/tp-link/ER7206_trunk/staging_dir/toolchain-cavium-sdk-3.x/include  conftest.c >&5
configure:4994: $? = 0
configure:5008: result: yes
configure:5012: checking locale.h presence
configure:5027: mips64-octeon-linux-gnu-gcc -E -I/home/ubuntu/tp-link/ER7206_trunk/staging_dir/target-mips64-octeon-linux-gnu-osg_pro_un_v1/usr/include -I/home/ubuntu/tp-link/ER7206_trunk/staging_dir/target-mips64-octeon-linux-gnu-osg_pro_un_v1/include -I/home/ubuntu/tp-link/ER7206_trunk/staging_dir/toolchain-cavium-sdk-3.x/usr/include -I/home/ubuntu/tp-link/ER7206_trunk/staging_dir/toolchain-cavium-sdk-3.x/include  conftest.c
configure:5034: $? = 0
configure:5048: result: yes
configure:5076: checking for locale.h
configure:5085: result: yes
configure:5116: checking net/if.h usability
configure:5133: mips64-octeon-linux-gnu-gcc -c -Os -pipe -mno-branch-likely -march=octeon -mabi=64 -fno-caller-saves -Wl,--rpath=/home/ubuntu/tp-link/ER7206_trunk/staging_dir/target-mips64-octeon-linux-gnu-osg_pro_un_v1/usr/lib -msoft-float  -I/home/ubuntu/tp-link/ER7206_trunk/staging_dir/target-mips64-octeon-linux-gnu-osg_pro_un_v1/usr/include -I/home/ubuntu/tp-link/ER7206_trunk/staging_dir/target-mips64-octeon-linux-gnu-osg_pro_un_v1/include -I/home/ubuntu/tp-link/ER7206_trunk/staging_dir/toolchain-cavium-sdk-3.x/usr/include -I/home/ubuntu/tp-link/ER7206_trunk/staging_dir/toolchain-cavium-sdk-3.x/include  conftest.c >&5
configure:5140: $? = 0
configure:5154: result: yes
configure:5158: checking net/if.h presence
configure:5173: mips64-octeon-linux-gnu-gcc -E -I/home/ubuntu/tp-link/ER7206_trunk/staging_dir/target-mips64-octeon-linux-gnu-osg_pro_un_v1/usr/include -I/home/ubuntu/tp-link/ER7206_trunk/staging_dir/target-mips64-octeon-linux-gnu-osg_pro_un_v1/include -I/home/ubuntu/tp-link/ER7206_trunk/staging_dir/toolchain-cavium-sdk-3.x/usr/include -I/home/ubuntu/tp-link/ER7206_trunk/staging_dir/toolchain-cavium-sdk-3.x/include  conftest.c
configure:5180: $? = 0
configure:5194: result: yes
configure:5222: checking for net/if.h
configure:5231: result: yes
configure:5262: checking signal.h usability
configure:5279: mips64-octeon-linux-gnu-gcc -c -Os -pipe -mno-branch-likely -march=octeon -mabi=64 -fno-caller-saves -Wl,--rpath=/home/ubuntu/tp-link/ER7206_trunk/staging_dir/target-mips64-octeon-linux-gnu-osg_pro_un_v1/usr/lib -msoft-float  -I/home/ubuntu/tp-link/ER7206_trunk/staging_dir/target-mips64-octeon-linux-gnu-osg_pro_un_v1/usr/include -I/home/ubuntu/tp-link/ER7206_trunk/staging_dir/target-mips64-octeon-linux-gnu-osg_pro_un_v1/include -I/home/ubuntu/tp-link/ER7206_trunk/staging_dir/toolchain-cavium-sdk-3.x/usr/include -I/home/ubuntu/tp-link/ER7206_trunk/staging_dir/toolchain-cavium-sdk-3.x/include  conftest.c >&5
configure:5286: $? = 0
configure:5300: result: yes
configure:5304: checking signal.h presence
configure:5319: mips64-octeon-linux-gnu-gcc -E -I/home/ubuntu/tp-link/ER7206_trunk/staging_dir/target-mips64-octeon-linux-gnu-osg_pro_un_v1/usr/include -I/home/ubuntu/tp-link/ER7206_trunk/staging_dir/target-mips64-octeon-linux-gnu-osg_pro_un_v1/include -I/home/ubuntu/tp-link/ER7206_trunk/staging_dir/toolchain-cavium-sdk-3.x/usr/include -I/home/ubuntu/tp-link/ER7206_trunk/staging_dir/toolchain-cavium-sdk-3.x/include  conftest.c
configure:5326: $? = 0
configure:5340: result: yes
configure:5368: checking for signal.h
configure:5377: result: yes
configure:5408: checking stdio.h usability
configure:5425: mips64-octeon-linux-gnu-gcc -c -Os -pipe -mno-branch-likely -march=octeon -mabi=64 -fno-caller-saves -Wl,--rpath=/home/ubuntu/tp-link/ER7206_trunk/staging_dir/target-mips64-octeon-linux-gnu-osg_pro_un_v1/usr/lib -msoft-float  -I/home/ubuntu/tp-link/ER7206_trunk/staging_dir/target-mips64-octeon-linux-gnu-osg_pro_un_v1/usr/include -I/home/ubuntu/tp-link/ER7206_trunk/staging_dir/target-mips64-octeon-linux-gnu-osg_pro_un_v1/include -I/home/ubuntu/tp-link/ER7206_trunk/staging_dir/toolchain-cavium-sdk-3.x/usr/include -I/home/ubuntu/tp-link/ER7206_trunk/staging_dir/toolchain-cavium-sdk-3.x/include  conftest.c >&5
configure:5432: $? = 0
configure:5446: result: yes
configure:5450: checking stdio.h presence
configure:5465: mips64-octeon-linux-gnu-gcc -E -I/home/ubuntu/tp-link/ER7206_trunk/staging_dir/target-mips64-octeon-linux-gnu-osg_pro_un_v1/usr/include -I/home/ubuntu/tp-link/ER7206_trunk/staging_dir/target-mips64-octeon-linux-gnu-osg_pro_un_v1/include -I/home/ubuntu/tp-link/ER7206_trunk/staging_dir/toolchain-cavium-sdk-3.x/usr/include -I/home/ubuntu/tp-link/ER7206_trunk/staging_dir/toolchain-cavium-sdk-3.x/include  conftest.c
configure:5472: $? = 0
configure:5486: result: yes
configure:5514: checking for stdio.h
configure:5523: result: yes
configure:5554: checking sys/file.h usability
configure:5571: mips64-octeon-linux-gnu-gcc -c -Os -pipe -mno-branch-likely -march=octeon -mabi=64 -fno-caller-saves -Wl,--rpath=/home/ubuntu/tp-link/ER7206_trunk/staging_dir/target-mips64-octeon-linux-gnu-osg_pro_un_v1/usr/lib -msoft-float  -I/home/ubuntu/tp-link/ER7206_trunk/staging_dir/target-mips64-octeon-linux-gnu-osg_pro_un_v1/usr/include -I/home/ubuntu/tp-link/ER7206_trunk/staging_dir/target-mips64-octeon-linux-gnu-osg_pro_un_v1/include -I/home/ubuntu/tp-link/ER7206_trunk/staging_dir/toolchain-cavium-sdk-3.x/usr/include -I/home/ubuntu/tp-link/ER7206_trunk/staging_dir/toolchain-cavium-sdk-3.x/include  conftest.c >&5
configure:5578: $? = 0
configure:5592: result: yes
configure:5596: checking sys/file.h presence
configure:5611: mips64-octeon-linux-gnu-gcc -E -I/home/ubuntu/tp-link/ER7206_trunk/staging_dir/target-mips64-octeon-linux-gnu-osg_pro_un_v1/usr/include -I/home/ubuntu/tp-link/ER7206_trunk/staging_dir/target-mips64-octeon-linux-gnu-osg_pro_un_v1/include -I/home/ubuntu/tp-link/ER7206_trunk/staging_dir/toolchain-cavium-sdk-3.x/usr/include -I/home/ubuntu/tp-link/ER7206_trunk/staging_dir/toolchain-cavium-sdk-3.x/include  conftest.c
configure:5618: $? = 0
configure:5632: result: yes
configure:5660: checking for sys/file.h
configure:5669: result: yes
configure:5700: checking sys/ioctl.h usability
configure:5717: mips64-octeon-linux-gnu-gcc -c -Os -pipe -mno-branch-likely -march=octeon -mabi=64 -fno-caller-saves -Wl,--rpath=/home/ubuntu/tp-link/ER7206_trunk/staging_dir/target-mips64-octeon-linux-gnu-osg_pro_un_v1/usr/lib -msoft-float  -I/home/ubuntu/tp-link/ER7206_trunk/staging_dir/target-mips64-octeon-linux-gnu-osg_pro_un_v1/usr/include -I/home/ubuntu/tp-link/ER7206_trunk/staging_dir/target-mips64-octeon-linux-gnu-osg_pro_un_v1/include -I/home/ubuntu/tp-link/ER7206_trunk/staging_dir/toolchain-cavium-sdk-3.x/usr/include -I/home/ubuntu/tp-link/ER7206_trunk/staging_dir/toolchain-cavium-sdk-3.x/include  conftest.c >&5
configure:5724: $? = 0
configure:5738: result: yes
configure:5742: checking sys/ioctl.h presence
configure:5757: mips64-octeon-linux-gnu-gcc -E -I/home/ubuntu/tp-link/ER7206_trunk/staging_dir/target-mips64-octeon-linux-gnu-osg_pro_un_v1/usr/include -I/home/ubuntu/tp-link/ER7206_trunk/staging_dir/target-mips64-octeon-linux-gnu-osg_pro_un_v1/include -I/home/ubuntu/tp-link/ER7206_trunk/staging_dir/toolchain-cavium-sdk-3.x/usr/include -I/home/ubuntu/tp-link/ER7206_trunk/staging_dir/toolchain-cavium-sdk-3.x/include  conftest.c
configure:5764: $? = 0
configure:5778: result: yes
configure:5806: checking for sys/ioctl.h
configure:5815: result: yes
configure:5835: checking for sys/stat.h
configure:5842: result: yes
configure:5980: checking return type of signal handlers
configure:6008: mips64-octeon-linux-gnu-gcc -c -Os -pipe -mno-branch-likely -march=octeon -mabi=64 -fno-caller-saves -Wl,--rpath=/home/ubuntu/tp-link/ER7206_trunk/staging_dir/target-mips64-octeon-linux-gnu-osg_pro_un_v1/usr/lib -msoft-float  -I/home/ubuntu/tp-link/ER7206_trunk/staging_dir/target-mips64-octeon-linux-gnu-osg_pro_un_v1/usr/include -I/home/ubuntu/tp-link/ER7206_trunk/staging_dir/target-mips64-octeon-linux-gnu-osg_pro_un_v1/include -I/home/ubuntu/tp-link/ER7206_trunk/staging_dir/toolchain-cavium-sdk-3.x/usr/include -I/home/ubuntu/tp-link/ER7206_trunk/staging_dir/toolchain-cavium-sdk-3.x/include  conftest.c >&5
conftest.c: In function 'main':
conftest.c:41:1: error: void value not ignored as it ought to be
configure:6015: $? = 1
configure: failed program was:
| /* confdefs.h.  */
| #define PACKAGE_NAME "sysstat"
| #define PACKAGE_TARNAME "sysstat"
| #define PACKAGE_VERSION "9.0.6"
| #define PACKAGE_STRING "sysstat 9.0.6"
| #define PACKAGE_BUGREPORT ""
| #define STDC_HEADERS 1
| #define HAVE_SYS_TYPES_H 1
| #define HAVE_SYS_STAT_H 1
| #define HAVE_STDLIB_H 1
| #define HAVE_STRING_H 1
| #define HAVE_MEMORY_H 1
| #define HAVE_STRINGS_H 1
| #define HAVE_INTTYPES_H 1
| #define HAVE_STDINT_H 1
| #define HAVE_UNISTD_H 1
| #define __EXTENSIONS__ 1
| #define _ALL_SOURCE 1
| #define _GNU_SOURCE 1
| #define _POSIX_PTHREAD_SEMANTICS 1
| #define _TANDEM_SOURCE 1
| #define STDC_HEADERS 1
| #define HAVE_DIRENT_H 1
| #define HAVE_CTYPE_H 1
| #define HAVE_ERRNO_H 1
| #define HAVE_LIBINTL_H 1
| #define HAVE_LOCALE_H 1
| #define HAVE_NET_IF_H 1
| #define HAVE_SIGNAL_H 1
| #define HAVE_STDIO_H 1
| #define HAVE_SYS_FILE_H 1
| #define HAVE_SYS_IOCTL_H 1
| #define HAVE_SYS_STAT_H 1
| /* end confdefs.h.  */
| #include <sys/types.h>
| #include <signal.h>
| 
| int
| main ()
| {
| return *(signal (0, 0)) (0) == 1;
|   ;
|   return 0;
| }
configure:6030: result: void
configure:6038: checking for size_t
configure:6066: mips64-octeon-linux-gnu-gcc -c -Os -pipe -mno-branch-likely -march=octeon -mabi=64 -fno-caller-saves -Wl,--rpath=/home/ubuntu/tp-link/ER7206_trunk/staging_dir/target-mips64-octeon-linux-gnu-osg_pro_un_v1/usr/lib -msoft-float  -I/home/ubuntu/tp-link/ER7206_trunk/staging_dir/target-mips64-octeon-linux-gnu-osg_pro_un_v1/usr/include -I/home/ubuntu/tp-link/ER7206_trunk/staging_dir/target-mips64-octeon-linux-gnu-osg_pro_un_v1/include -I/home/ubuntu/tp-link/ER7206_trunk/staging_dir/toolchain-cavium-sdk-3.x/usr/include -I/home/ubuntu/tp-link/ER7206_trunk/staging_dir/toolchain-cavium-sdk-3.x/include  conftest.c >&5
configure:6073: $? = 0
configure:6100: mips64-octeon-linux-gnu-gcc -c -Os -pipe -mno-branch-likely -march=octeon -mabi=64 -fno-caller-saves -Wl,--rpath=/home/ubuntu/tp-link/ER7206_trunk/staging_dir/target-mips64-octeon-linux-gnu-osg_pro_un_v1/usr/lib -msoft-float  -I/home/ubuntu/tp-link/ER7206_trunk/staging_dir/target-mips64-octeon-linux-gnu-osg_pro_un_v1/usr/include -I/home/ubuntu/tp-link/ER7206_trunk/staging_dir/target-mips64-octeon-linux-gnu-osg_pro_un_v1/include -I/home/ubuntu/tp-link/ER7206_trunk/staging_dir/toolchain-cavium-sdk-3.x/usr/include -I/home/ubuntu/tp-link/ER7206_trunk/staging_dir/toolchain-cavium-sdk-3.x/include  conftest.c >&5
conftest.c: In function 'main':
conftest.c:72:21: error: expected expression before ')' token
configure:6107: $? = 1
configure: failed program was:
| /* confdefs.h.  */
| #define PACKAGE_NAME "sysstat"
| #define PACKAGE_TARNAME "sysstat"
| #define PACKAGE_VERSION "9.0.6"
| #define PACKAGE_STRING "sysstat 9.0.6"
| #define PACKAGE_BUGREPORT ""
| #define STDC_HEADERS 1
| #define HAVE_SYS_TYPES_H 1
| #define HAVE_SYS_STAT_H 1
| #define HAVE_STDLIB_H 1
| #define HAVE_STRING_H 1
| #define HAVE_MEMORY_H 1
| #define HAVE_STRINGS_H 1
| #define HAVE_INTTYPES_H 1
| #define HAVE_STDINT_H 1
| #define HAVE_UNISTD_H 1
| #define __EXTENSIONS__ 1
| #define _ALL_SOURCE 1
| #define _GNU_SOURCE 1
| #define _POSIX_PTHREAD_SEMANTICS 1
| #define _TANDEM_SOURCE 1
| #define STDC_HEADERS 1
| #define HAVE_DIRENT_H 1
| #define HAVE_CTYPE_H 1
| #define HAVE_ERRNO_H 1
| #define HAVE_LIBINTL_H 1
| #define HAVE_LOCALE_H 1
| #define HAVE_NET_IF_H 1
| #define HAVE_SIGNAL_H 1
| #define HAVE_STDIO_H 1
| #define HAVE_SYS_FILE_H 1
| #define HAVE_SYS_IOCTL_H 1
| #define HAVE_SYS_STAT_H 1
| #define RETSIGTYPE void
| /* end confdefs.h.  */
| #include <stdio.h>
| #ifdef HAVE_SYS_TYPES_H
| # include <sys/types.h>
| #endif
| #ifdef HAVE_SYS_STAT_H
| # include <sys/stat.h>
| #endif
| #ifdef STDC_HEADERS
| # include <stdlib.h>
| # include <stddef.h>
| #else
| # ifdef HAVE_STDLIB_H
| #  include <stdlib.h>
| # endif
| #endif
| #ifdef HAVE_STRING_H
| # if !defined STDC_HEADERS && defined HAVE_MEMORY_H
| #  include <memory.h>
| # endif
| # include <string.h>
| #endif
| #ifdef HAVE_STRINGS_H
| # include <strings.h>
| #endif
| #ifdef HAVE_INTTYPES_H
| # include <inttypes.h>
| #endif
| #ifdef HAVE_STDINT_H
| # include <stdint.h>
| #endif
| #ifdef HAVE_UNISTD_H
| # include <unistd.h>
| #endif
| int
| main ()
| {
| if (sizeof ((size_t)))
| 	  return 0;
|   ;
|   return 0;
| }
configure:6130: result: yes
configure:6142: checking for off_t
configure:6170: mips64-octeon-linux-gnu-gcc -c -Os -pipe -mno-branch-likely -march=octeon -mabi=64 -fno-caller-saves -Wl,--rpath=/home/ubuntu/tp-link/ER7206_trunk/staging_dir/target-mips64-octeon-linux-gnu-osg_pro_un_v1/usr/lib -msoft-float  -I/home/ubuntu/tp-link/ER7206_trunk/staging_dir/target-mips64-octeon-linux-gnu-osg_pro_un_v1/usr/include -I/home/ubuntu/tp-link/ER7206_trunk/staging_dir/target-mips64-octeon-linux-gnu-osg_pro_un_v1/include -I/home/ubuntu/tp-link/ER7206_trunk/staging_dir/toolchain-cavium-sdk-3.x/usr/include -I/home/ubuntu/tp-link/ER7206_trunk/staging_dir/toolchain-cavium-sdk-3.x/include  conftest.c >&5
configure:6177: $? = 0
configure:6204: mips64-octeon-linux-gnu-gcc -c -Os -pipe -mno-branch-likely -march=octeon -mabi=64 -fno-caller-saves -Wl,--rpath=/home/ubuntu/tp-link/ER7206_trunk/staging_dir/target-mips64-octeon-linux-gnu-osg_pro_un_v1/usr/lib -msoft-float  -I/home/ubuntu/tp-link/ER7206_trunk/staging_dir/target-mips64-octeon-linux-gnu-osg_pro_un_v1/usr/include -I/home/ubuntu/tp-link/ER7206_trunk/staging_dir/target-mips64-octeon-linux-gnu-osg_pro_un_v1/include -I/home/ubuntu/tp-link/ER7206_trunk/staging_dir/toolchain-cavium-sdk-3.x/usr/include -I/home/ubuntu/tp-link/ER7206_trunk/staging_dir/toolchain-cavium-sdk-3.x/include  conftest.c >&5
conftest.c: In function 'main':
conftest.c:72:20: error: expected expression before ')' token
configure:6211: $? = 1
configure: failed program was:
| /* confdefs.h.  */
| #define PACKAGE_NAME "sysstat"
| #define PACKAGE_TARNAME "sysstat"
| #define PACKAGE_VERSION "9.0.6"
| #define PACKAGE_STRING "sysstat 9.0.6"
| #define PACKAGE_BUGREPORT ""
| #define STDC_HEADERS 1
| #define HAVE_SYS_TYPES_H 1
| #define HAVE_SYS_STAT_H 1
| #define HAVE_STDLIB_H 1
| #define HAVE_STRING_H 1
| #define HAVE_MEMORY_H 1
| #define HAVE_STRINGS_H 1
| #define HAVE_INTTYPES_H 1
| #define HAVE_STDINT_H 1
| #define HAVE_UNISTD_H 1
| #define __EXTENSIONS__ 1
| #define _ALL_SOURCE 1
| #define _GNU_SOURCE 1
| #define _POSIX_PTHREAD_SEMANTICS 1
| #define _TANDEM_SOURCE 1
| #define STDC_HEADERS 1
| #define HAVE_DIRENT_H 1
| #define HAVE_CTYPE_H 1
| #define HAVE_ERRNO_H 1
| #define HAVE_LIBINTL_H 1
| #define HAVE_LOCALE_H 1
| #define HAVE_NET_IF_H 1
| #define HAVE_SIGNAL_H 1
| #define HAVE_STDIO_H 1
| #define HAVE_SYS_FILE_H 1
| #define HAVE_SYS_IOCTL_H 1
| #define HAVE_SYS_STAT_H 1
| #define RETSIGTYPE void
| /* end confdefs.h.  */
| #include <stdio.h>
| #ifdef HAVE_SYS_TYPES_H
| # include <sys/types.h>
| #endif
| #ifdef HAVE_SYS_STAT_H
| # include <sys/stat.h>
| #endif
| #ifdef STDC_HEADERS
| # include <stdlib.h>
| # include <stddef.h>
| #else
| # ifdef HAVE_STDLIB_H
| #  include <stdlib.h>
| # endif
| #endif
| #ifdef HAVE_STRING_H
| # if !defined STDC_HEADERS && defined HAVE_MEMORY_H
| #  include <memory.h>
| # endif
| # include <string.h>
| #endif
| #ifdef HAVE_STRINGS_H
| # include <strings.h>
| #endif
| #ifdef HAVE_INTTYPES_H
| # include <inttypes.h>
| #endif
| #ifdef HAVE_STDINT_H
| # include <stdint.h>
| #endif
| #ifdef HAVE_UNISTD_H
| # include <unistd.h>
| #endif
| int
| main ()
| {
| if (sizeof ((off_t)))
| 	  return 0;
|   ;
|   return 0;
| }
configure:6234: result: yes
configure:6254: checking for strchr
configure:6310: mips64-octeon-linux-gnu-gcc -o conftest -Os -pipe -mno-branch-likely -march=octeon -mabi=64 -fno-caller-saves -Wl,--rpath=/home/ubuntu/tp-link/ER7206_trunk/staging_dir/target-mips64-octeon-linux-gnu-osg_pro_un_v1/usr/lib -msoft-float  -I/home/ubuntu/tp-link/ER7206_trunk/staging_dir/target-mips64-octeon-linux-gnu-osg_pro_un_v1/usr/include -I/home/ubuntu/tp-link/ER7206_trunk/staging_dir/target-mips64-octeon-linux-gnu-osg_pro_un_v1/include -I/home/ubuntu/tp-link/ER7206_trunk/staging_dir/toolchain-cavium-sdk-3.x/usr/include -I/home/ubuntu/tp-link/ER7206_trunk/staging_dir/toolchain-cavium-sdk-3.x/include  -L/home/ubuntu/tp-link/ER7206_trunk/staging_dir/target-mips64-octeon-linux-gnu-osg_pro_un_v1/usr/lib -L/home/ubuntu/tp-link/ER7206_trunk/staging_dir/target-mips64-octeon-linux-gnu-osg_pro_un_v1/lib -L/home/ubuntu/tp-link/ER7206_trunk/staging_dir/toolchain-cavium-sdk-3.x/usr/lib -L/home/ubuntu/tp-link/ER7206_trunk/staging_dir/toolchain-cavium-sdk-3.x/lib  conftest.c  >&5
conftest.c:59:6: warning: conflicting types for built-in function 'strchr' [enabled by default]
configure:6317: $? = 0
configure:6339: result: yes
configure:6355: checking for strcspn
configure:6411: mips64-octeon-linux-gnu-gcc -o conftest -Os -pipe -mno-branch-likely -march=octeon -mabi=64 -fno-caller-saves -Wl,--rpath=/home/ubuntu/tp-link/ER7206_trunk/staging_dir/target-mips64-octeon-linux-gnu-osg_pro_un_v1/usr/lib -msoft-float  -I/home/ubuntu/tp-link/ER7206_trunk/staging_dir/target-mips64-octeon-linux-gnu-osg_pro_un_v1/usr/include -I/home/ubuntu/tp-link/ER7206_trunk/staging_dir/target-mips64-octeon-linux-gnu-osg_pro_un_v1/include -I/home/ubuntu/tp-link/ER7206_trunk/staging_dir/toolchain-cavium-sdk-3.x/usr/include -I/home/ubuntu/tp-link/ER7206_trunk/staging_dir/toolchain-cavium-sdk-3.x/include  -L/home/ubuntu/tp-link/ER7206_trunk/staging_dir/target-mips64-octeon-linux-gnu-osg_pro_un_v1/usr/lib -L/home/ubuntu/tp-link/ER7206_trunk/staging_dir/target-mips64-octeon-linux-gnu-osg_pro_un_v1/lib -L/home/ubuntu/tp-link/ER7206_trunk/staging_dir/toolchain-cavium-sdk-3.x/usr/lib -L/home/ubuntu/tp-link/ER7206_trunk/staging_dir/toolchain-cavium-sdk-3.x/lib  conftest.c  >&5
conftest.c:60:6: warning: conflicting types for built-in function 'strcspn' [enabled by default]
configure:6418: $? = 0
configure:6440: result: yes
configure:6456: checking for strspn
configure:6512: mips64-octeon-linux-gnu-gcc -o conftest -Os -pipe -mno-branch-likely -march=octeon -mabi=64 -fno-caller-saves -Wl,--rpath=/home/ubuntu/tp-link/ER7206_trunk/staging_dir/target-mips64-octeon-linux-gnu-osg_pro_un_v1/usr/lib -msoft-float  -I/home/ubuntu/tp-link/ER7206_trunk/staging_dir/target-mips64-octeon-linux-gnu-osg_pro_un_v1/usr/include -I/home/ubuntu/tp-link/ER7206_trunk/staging_dir/target-mips64-octeon-linux-gnu-osg_pro_un_v1/include -I/home/ubuntu/tp-link/ER7206_trunk/staging_dir/toolchain-cavium-sdk-3.x/usr/include -I/home/ubuntu/tp-link/ER7206_trunk/staging_dir/toolchain-cavium-sdk-3.x/include  -L/home/ubuntu/tp-link/ER7206_trunk/staging_dir/target-mips64-octeon-linux-gnu-osg_pro_un_v1/usr/lib -L/home/ubuntu/tp-link/ER7206_trunk/staging_dir/target-mips64-octeon-linux-gnu-osg_pro_un_v1/lib -L/home/ubuntu/tp-link/ER7206_trunk/staging_dir/toolchain-cavium-sdk-3.x/usr/lib -L/home/ubuntu/tp-link/ER7206_trunk/staging_dir/toolchain-cavium-sdk-3.x/lib  conftest.c  >&5
conftest.c:61:6: warning: conflicting types for built-in function 'strspn' [enabled by default]
configure:6519: $? = 0
configure:6541: result: yes
configure:6557: checking for strstr
configure:6613: mips64-octeon-linux-gnu-gcc -o conftest -Os -pipe -mno-branch-likely -march=octeon -mabi=64 -fno-caller-saves -Wl,--rpath=/home/ubuntu/tp-link/ER7206_trunk/staging_dir/target-mips64-octeon-linux-gnu-osg_pro_un_v1/usr/lib -msoft-float  -I/home/ubuntu/tp-link/ER7206_trunk/staging_dir/target-mips64-octeon-linux-gnu-osg_pro_un_v1/usr/include -I/home/ubuntu/tp-link/ER7206_trunk/staging_dir/target-mips64-octeon-linux-gnu-osg_pro_un_v1/include -I/home/ubuntu/tp-link/ER7206_trunk/staging_dir/toolchain-cavium-sdk-3.x/usr/include -I/home/ubuntu/tp-link/ER7206_trunk/staging_dir/toolchain-cavium-sdk-3.x/include  -L/home/ubuntu/tp-link/ER7206_trunk/staging_dir/target-mips64-octeon-linux-gnu-osg_pro_un_v1/usr/lib -L/home/ubuntu/tp-link/ER7206_trunk/staging_dir/target-mips64-octeon-linux-gnu-osg_pro_un_v1/lib -L/home/ubuntu/tp-link/ER7206_trunk/staging_dir/toolchain-cavium-sdk-3.x/usr/lib -L/home/ubuntu/tp-link/ER7206_trunk/staging_dir/toolchain-cavium-sdk-3.x/lib  conftest.c  >&5
conftest.c:62:6: warning: conflicting types for built-in function 'strstr' [enabled by default]
configure:6620: $? = 0
configure:6642: result: yes
configure:6665: checking for special C compiler options needed for large files
configure:6760: result: no
configure:6766: checking for _FILE_OFFSET_BITS value needed for large files
configure:6801: mips64-octeon-linux-gnu-gcc -c -Os -pipe -mno-branch-likely -march=octeon -mabi=64 -fno-caller-saves -Wl,--rpath=/home/ubuntu/tp-link/ER7206_trunk/staging_dir/target-mips64-octeon-linux-gnu-osg_pro_un_v1/usr/lib -msoft-float  -I/home/ubuntu/tp-link/ER7206_trunk/staging_dir/target-mips64-octeon-linux-gnu-osg_pro_un_v1/usr/include -I/home/ubuntu/tp-link/ER7206_trunk/staging_dir/target-mips64-octeon-linux-gnu-osg_pro_un_v1/include -I/home/ubuntu/tp-link/ER7206_trunk/staging_dir/toolchain-cavium-sdk-3.x/usr/include -I/home/ubuntu/tp-link/ER7206_trunk/staging_dir/toolchain-cavium-sdk-3.x/include  conftest.c >&5
configure:6808: $? = 0
configure:6877: result: no
configure:7075: checking run-commands directory
configure:7084: result: /etc
configure:7110: checking sadc directory
configure:7118: result: /usr/lib/sysstat
configure:7126: checking system activity directory
configure:7134: result: /var/log/sysstat
configure:7142: checking sysstat configuration directory
configure:7150: result: /etc/sysstat
configure:7158: checking National Language Support
configure:7174: result: no
configure:7188: checking whether workaround for SMP race is needed
configure:7221: result: no
configure:7226: checking whether sa2 should process data file of the day before
configure:7241: result: no
configure:7247: checking number of daily data files to keep
configure:7255: result: 7
configure:7260: checking number of days after which data files are compressed
configure:7268: result: 10
configure:7279: checking group for manual pages
configure:7284: result: man
configure:7301: checking whether man_group variable should be ignored
configure:7316: result: no
configure:7321: checking whether manual pages should be compressed
configure:7336: result: no
configure:7341: checking whether isag script should be installed
configure:7356: result: no
configure:7361: checking whether system activity directory should be cleaned
configure:7376: result: no
configure:7381: checking whether cron should start sar automatically
configure:7397: result: no
configure:7468: checking whether documentation should be installed
configure:7484: result: no
configure:7675: creating ./config.status

## ---------------------- ##
## Running config.status. ##
## ---------------------- ##

This file was extended by sysstat config.status 9.0.6, which was
generated by GNU Autoconf 2.63.  Invocation command line was

  CONFIG_FILES    = 
  CONFIG_HEADERS  = 
  CONFIG_LINKS    = 
  CONFIG_COMMANDS = 
  $ ./config.status 

on ubuntu

config.status:717: creating sa1
config.status:717: creating sa2
config.status:717: creating crontab
config.status:717: creating sysstat.sysconfig
config.status:717: creating version.h
config.status:717: creating sysconfig.h
config.status:717: creating sysstat.cron.daily
config.status:717: creating sysstat.cron.hourly
config.status:717: creating sysstat.crond
config.status:717: creating sysstat.crond.sample.in
config.status:717: creating sysstat
config.status:717: creating man/sa1.8
config.status:717: creating man/sa2.8
config.status:717: creating man/sadc.8
config.status:717: creating man/sadf.1
config.status:717: creating man/sar.1
config.status:717: creating contrib/isag/isag
config.status:717: creating Makefile

## ---------------- ##
## Cache variables. ##
## ---------------- ##

ac_cv_c_bigendian=yes
ac_cv_c_compiler_gnu=yes
ac_cv_c_gettext_without_libintl=yes
ac_cv_c_littleendian=no
ac_cv_c_long_double=no
ac_cv_conv_longlong_to_float=yes
ac_cv_env_CC_set=set
ac_cv_env_CC_value=mips64-octeon-linux-gnu-gcc
ac_cv_env_CFLAGS_set=set
ac_cv_env_CFLAGS_value='-Os -pipe -mno-branch-likely -march=octeon -mabi=64 -fno-caller-saves -Wl,--rpath=/home/ubuntu/tp-link/ER7206_trunk/staging_dir/target-mips64-octeon-linux-gnu-osg_pro_un_v1/usr/lib -msoft-float '
ac_cv_env_CPPFLAGS_set=set
ac_cv_env_CPPFLAGS_value='-I/home/ubuntu/tp-link/ER7206_trunk/staging_dir/target-mips64-octeon-linux-gnu-osg_pro_un_v1/usr/include -I/home/ubuntu/tp-link/ER7206_trunk/staging_dir/target-mips64-octeon-linux-gnu-osg_pro_un_v1/include -I/home/ubuntu/tp-link/ER7206_trunk/staging_dir/toolchain-cavium-sdk-3.x/usr/include -I/home/ubuntu/tp-link/ER7206_trunk/staging_dir/toolchain-cavium-sdk-3.x/include '
ac_cv_env_CPP_set=
ac_cv_env_CPP_value=
ac_cv_env_LDFLAGS_set=set
ac_cv_env_LDFLAGS_value='-L/home/ubuntu/tp-link/ER7206_trunk/staging_dir/target-mips64-octeon-linux-gnu-osg_pro_un_v1/usr/lib -L/home/ubuntu/tp-link/ER7206_trunk/staging_dir/target-mips64-octeon-linux-gnu-osg_pro_un_v1/lib -L/home/ubuntu/tp-link/ER7206_trunk/staging_dir/toolchain-cavium-sdk-3.x/usr/lib -L/home/ubuntu/tp-link/ER7206_trunk/staging_dir/toolchain-cavium-sdk-3.x/lib '
ac_cv_env_LIBS_set=
ac_cv_env_LIBS_value=
ac_cv_env_build_alias_set=set
ac_cv_env_build_alias_value=x86_64-linux-gnu
ac_cv_env_compressafter_set=
ac_cv_env_compressafter_value=
ac_cv_env_conf_dir_set=set
ac_cv_env_conf_dir_value=/etc/sysstat
ac_cv_env_cron_interval_set=
ac_cv_env_cron_interval_value=
ac_cv_env_cron_owner_set=
ac_cv_env_cron_owner_value=
ac_cv_env_history_set=
ac_cv_env_history_value=
ac_cv_env_host_alias_set=set
ac_cv_env_host_alias_value=mips64-octeon-linux-gnu
ac_cv_env_man_group_set=
ac_cv_env_man_group_value=
ac_cv_env_rcdir_set=
ac_cv_env_rcdir_value=
ac_cv_env_sa_dir_set=set
ac_cv_env_sa_dir_value=/var/log/sysstat
ac_cv_env_sa_lib_dir_set=set
ac_cv_env_sa_lib_dir_value=/usr/lib/sysstat
ac_cv_env_target_alias_set=set
ac_cv_env_target_alias_value=mips64-octeon-linux-gnu
ac_cv_file__dev_zero=yes
ac_cv_func___adjtimex=yes
ac_cv_func___va_copy=no
ac_cv_func__exit=yes
ac_cv_func_bcmp=yes
ac_cv_func_bcopy=yes
ac_cv_func_bzero=yes
ac_cv_func_cimag=yes
ac_cv_func_creal=yes
ac_cv_func_fchmod=yes
ac_cv_func_getaddrinfo=yes
ac_cv_func_getcwd=yes
ac_cv_func_getdomainname=yes
ac_cv_func_getpgrp_void=yes
ac_cv_func_getpwuid_r=yes
ac_cv_func_gettimeofday=yes
ac_cv_func_index=yes
ac_cv_func_lstat=yes
ac_cv_func_lstat_dereferences_slashed_symlink=yes
ac_cv_func_lstat_empty_string_bug=no
ac_cv_func_malloc_0_nonnull=yes
ac_cv_func_malloc_works=yes
ac_cv_func_memcmp_clean=yes
ac_cv_func_memcmp_working=yes
ac_cv_func_posix_getgrgid_r=yes
ac_cv_func_posix_getpwuid_r=yes
ac_cv_func_psignal=yes
ac_cv_func_pthread_key_delete=yes
ac_cv_func_realloc_0_nonnull=yes
ac_cv_func_realloc_works=yes
ac_cv_func_rename=yes
ac_cv_func_rindex=yes
ac_cv_func_setgrent_void=yes
ac_cv_func_setlocale=yes
ac_cv_func_setpgrp_void=yes
ac_cv_func_setresuid=no
ac_cv_func_setvbuf_reversed=no
ac_cv_func_stat_empty_string_bug=no
ac_cv_func_stat_ignores_trailing_slash=no
ac_cv_func_strchr=yes
ac_cv_func_strcspn=yes
ac_cv_func_strerror=yes
ac_cv_func_strftime=yes
ac_cv_func_strspn=yes
ac_cv_func_strstr=yes
ac_cv_func_utimes=yes
ac_cv_func_va_copy=no
ac_cv_func_vsnprintf=yes
ac_cv_have_accrights_in_msghdr=no
ac_cv_have_broken_snprintf=no
ac_cv_have_control_in_msghdr=yes
ac_cv_have_decl_sys_siglist=no
ac_cv_have_openpty_ctty_bug=yes
ac_cv_have_space_d_name_in_struct_dirent=yes
ac_cv_header_ctype_h=yes
ac_cv_header_dirent_dirent_h=yes
ac_cv_header_errno_h=yes
ac_cv_header_inttypes_h=yes
ac_cv_header_libintl_h=yes
ac_cv_header_locale_h=yes
ac_cv_header_memory_h=yes
ac_cv_header_minix_config_h=no
ac_cv_header_net_if_h=yes
ac_cv_header_netinet_sctp_h=no
ac_cv_header_netinet_sctp_uio_h=no
ac_cv_header_signal_h=yes
ac_cv_header_stdc=yes
ac_cv_header_stdint_h=yes
ac_cv_header_stdio_h=yes
ac_cv_header_stdlib_h=yes
ac_cv_header_string_h=yes
ac_cv_header_strings_h=yes
ac_cv_header_sys_file_h=yes
ac_cv_header_sys_ioctl_h=yes
ac_cv_header_sys_stat_h=yes
ac_cv_header_sys_types_h=yes
ac_cv_header_unistd_h=yes
ac_cv_int64_t=yes
ac_cv_lbl_unaligned_fail=no
ac_cv_linux_kernel_pppoe=yes
ac_cv_linux_vers=2
ac_cv_objext=o
ac_cv_pack_bitfields_reversed=yes
ac_cv_path_EGREP='/home/ubuntu/tp-link/ER7206_trunk/staging_dir/host/bin/grep -E'
ac_cv_path_GREP=/home/ubuntu/tp-link/ER7206_trunk/staging_dir/host/bin/grep
ac_cv_path_LDCONFIG=
ac_cv_path_PATH_CP=/bin/cp
ac_cv_prog_AR=mips64-octeon-linux-gnu-ar
ac_cv_prog_CC=mips64-octeon-linux-gnu-gcc
ac_cv_prog_CHMOD=chmod
ac_cv_prog_CHOWN=chown
ac_cv_prog_CPP='mips64-octeon-linux-gnu-gcc -E'
ac_cv_prog_INSTALL=install
ac_cv_prog_MSGFMT=msgfmt
ac_cv_prog_MSGMERGE=msgmerge
ac_cv_prog_XGETTEXT=xgettext
ac_cv_prog_ZIP=bzip2
ac_cv_prog_cc_c89=
ac_cv_prog_cc_g=yes
ac_cv_regexec_segfault_emptystr=no
ac_cv_safe_to_define___extensions__=yes
ac_cv_sctp=no
ac_cv_search_opendir='none required'
ac_cv_sizeof___int64=8
ac_cv_sizeof_char=1
ac_cv_sizeof_int16_t=2
ac_cv_sizeof_int32_t=4
ac_cv_sizeof_int64_t=8
ac_cv_sizeof_int=4
ac_cv_sizeof_long=8
ac_cv_sizeof_long_int=8
ac_cv_sizeof_long_long=8
ac_cv_sizeof_off_t=8
ac_cv_sizeof_short=2
ac_cv_sizeof_short_int=2
ac_cv_sizeof_size_t=8
ac_cv_sizeof_ssize_t=8
ac_cv_sizeof_u_int16_t=2
ac_cv_sizeof_u_int32_t=4
ac_cv_sizeof_u_int64_t=8
ac_cv_sizeof_uint16_t=2
ac_cv_sizeof_uint32_t=4
ac_cv_sizeof_uint64_t=8
ac_cv_sizeof_unsigned_int=4
ac_cv_sizeof_unsigned_long=8
ac_cv_sizeof_unsigned_long_long=8
ac_cv_sizeof_unsigned_short=2
ac_cv_sizeof_void_p=8
ac_cv_sys_file_offset_bits=no
ac_cv_sys_largefile_CC=no
ac_cv_sys_restartable_syscalls=yes
ac_cv_time_r_type=POSIX
ac_cv_type_off_t=yes
ac_cv_type_signal=void
ac_cv_type_size_t=yes
ac_cv_type_suseconds_t=yes
ac_cv_uchar=no
ac_cv_uint64_t=yes
ac_cv_uint=yes
ac_cv_ulong=yes
ac_cv_ushort=yes
ac_cv_va_copy=C99
ac_cv_va_val_copy=yes
as_cv_unaligned_access=yes

## ----------------- ##
## Output variables. ##
## ----------------- ##

AR='mips64-octeon-linux-gnu-ar'
AuxMandir='/usr/man'
CC='mips64-octeon-linux-gnu-gcc'
CFLAGS='-Os -pipe -mno-branch-likely -march=octeon -mabi=64 -fno-caller-saves -Wl,--rpath=/home/ubuntu/tp-link/ER7206_trunk/staging_dir/target-mips64-octeon-linux-gnu-osg_pro_un_v1/usr/lib -msoft-float '
CHMOD='chmod'
CHOWN='chown'
CLEAN_SA_DIR='n'
COMPRESSAFTER='10'
COMPRESS_MANPG='n'
CPP='mips64-octeon-linux-gnu-gcc -E'
CPPFLAGS='-I/home/ubuntu/tp-link/ER7206_trunk/staging_dir/target-mips64-octeon-linux-gnu-osg_pro_un_v1/usr/include -I/home/ubuntu/tp-link/ER7206_trunk/staging_dir/target-mips64-octeon-linux-gnu-osg_pro_un_v1/include -I/home/ubuntu/tp-link/ER7206_trunk/staging_dir/toolchain-cavium-sdk-3.x/usr/include -I/home/ubuntu/tp-link/ER7206_trunk/staging_dir/toolchain-cavium-sdk-3.x/include '
CRON_COUNT='6'
CRON_INTERVAL='10'
CRON_INTERVAL_SEC='600'
CRON_OWNER='root'
DEFS='-DPACKAGE_NAME=\"sysstat\" -DPACKAGE_TARNAME=\"sysstat\" -DPACKAGE_VERSION=\"9.0.6\" -DPACKAGE_STRING=\"sysstat\ 9.0.6\" -DPACKAGE_BUGREPORT=\"\" -DSTDC_HEADERS=1 -DHAVE_SYS_TYPES_H=1 -DHAVE_SYS_STAT_H=1 -DHAVE_STDLIB_H=1 -DHAVE_STRING_H=1 -DHAVE_MEMORY_H=1 -DHAVE_STRINGS_H=1 -DHAVE_INTTYPES_H=1 -DHAVE_STDINT_H=1 -DHAVE_UNISTD_H=1 -D__EXTENSIONS__=1 -D_ALL_SOURCE=1 -D_GNU_SOURCE=1 -D_POSIX_PTHREAD_SEMANTICS=1 -D_TANDEM_SOURCE=1 -DSTDC_HEADERS=1 -DHAVE_DIRENT_H=1 -DHAVE_CTYPE_H=1 -DHAVE_ERRNO_H=1 -DHAVE_LIBINTL_H=1 -DHAVE_LOCALE_H=1 -DHAVE_NET_IF_H=1 -DHAVE_SIGNAL_H=1 -DHAVE_STDIO_H=1 -DHAVE_SYS_FILE_H=1 -DHAVE_SYS_IOCTL_H=1 -DHAVE_SYS_STAT_H=1 -DRETSIGTYPE=void -DHAVE_STRCHR=1 -DHAVE_STRCSPN=1 -DHAVE_STRSPN=1 -DHAVE_STRSTR=1'
DFLAGS=''
ECHO_C=''
ECHO_N='-n'
ECHO_T=''
EGREP='/home/ubuntu/tp-link/ER7206_trunk/staging_dir/host/bin/grep -E'
EXEEXT=''
GREP='/home/ubuntu/tp-link/ER7206_trunk/staging_dir/host/bin/grep'
HISTORY='7'
IGNORE_MAN_GROUP='n'
INITD_DIR='init.d'
INIT_DIR='/etc/init.d'
INSTALL='install'
INSTALL_BIN='${INSTALL} -m 755'
INSTALL_CRON='n'
INSTALL_DATA='${INSTALL} -m 644'
INSTALL_DOC='n'
INSTALL_ISAG='n'
LDFLAGS='-L/home/ubuntu/tp-link/ER7206_trunk/staging_dir/target-mips64-octeon-linux-gnu-osg_pro_un_v1/usr/lib -L/home/ubuntu/tp-link/ER7206_trunk/staging_dir/target-mips64-octeon-linux-gnu-osg_pro_un_v1/lib -L/home/ubuntu/tp-link/ER7206_trunk/staging_dir/toolchain-cavium-sdk-3.x/usr/lib -L/home/ubuntu/tp-link/ER7206_trunk/staging_dir/toolchain-cavium-sdk-3.x/lib '
LIBOBJS=''
LIBS=''
LN_S='ln -s'
LTLIBOBJS=''
MAN_GROUP='man'
MSGFMT='msgfmt'
MSGMERGE='msgmerge'
NLS='n'
OBJEXT='o'
PACKAGE_BUGREPORT=''
PACKAGE_NAME='sysstat'
PACKAGE_STRING='sysstat 9.0.6'
PACKAGE_TARNAME='sysstat'
PACKAGE_VERSION='9.0.6'
PATH_CHKCONFIG='chkconfig'
PATH_CP='/bin/cp'
PATH_SEPARATOR=':'
QUOTE=''
RC_DIR='/etc'
REM_CHOWN='# REM_CHOWN'
SA_DIR='/var/log/sysstat'
SA_LIB_DIR='/usr/lib/sysstat'
SHELL='/bin/sh'
SU_C_OWNER=''
SYSCONFIG_DIR='/etc/sysstat'
XGETTEXT='xgettext'
YESTERDAY=''
ZIP='bzip2'
ac_ct_CC=''
bindir='/usr/bin'
build_alias='x86_64-linux-gnu'
compressafter=''
conf_dir='/etc/sysstat'
cron_interval=''
cron_owner=''
datadir='/usr/share'
datarootdir='${prefix}/share'
docdir='${datarootdir}/doc/${PACKAGE_TARNAME}'
dvidir='${docdir}'
exec_prefix='/usr'
history=''
host_alias='mips64-octeon-linux-gnu'
htmldir='${docdir}'
includedir='${prefix}/include'
infodir='/usr/info'
libdir='${exec_prefix}/lib'
libexecdir='/usr/lib'
localedir='${datarootdir}/locale'
localstatedir='/var'
man_group=''
mandir='/usr/man'
oldincludedir='/usr/include'
pdfdir='${docdir}'
prefix='/usr'
program_transform_name='s,x,x,'
psdir='${docdir}'
rcdir=''
sa_dir='/var/log/sysstat'
sa_lib_dir='/usr/lib/sysstat'
sbindir='/usr/sbin'
sharedstatedir='${prefix}/com'
sysconfdir='/etc'
target_alias='mips64-octeon-linux-gnu'

## ----------- ##
## confdefs.h. ##
## ----------- ##

#define PACKAGE_NAME "sysstat"
#define PACKAGE_TARNAME "sysstat"
#define PACKAGE_VERSION "9.0.6"
#define PACKAGE_STRING "sysstat 9.0.6"
#define PACKAGE_BUGREPORT ""
#define STDC_HEADERS 1
#define HAVE_SYS_TYPES_H 1
#define HAVE_SYS_STAT_H 1
#define HAVE_STDLIB_H 1
#define HAVE_STRING_H 1
#define HAVE_MEMORY_H 1
#define HAVE_STRINGS_H 1
#define HAVE_INTTYPES_H 1
#define HAVE_STDINT_H 1
#define HAVE_UNISTD_H 1
#define __EXTENSIONS__ 1
#define _ALL_SOURCE 1
#define _GNU_SOURCE 1
#define _POSIX_PTHREAD_SEMANTICS 1
#define _TANDEM_SOURCE 1
#define STDC_HEADERS 1
#define HAVE_DIRENT_H 1
#define HAVE_CTYPE_H 1
#define HAVE_ERRNO_H 1
#define HAVE_LIBINTL_H 1
#define HAVE_LOCALE_H 1
#define HAVE_NET_IF_H 1
#define HAVE_SIGNAL_H 1
#define HAVE_STDIO_H 1
#define HAVE_SYS_FILE_H 1
#define HAVE_SYS_IOCTL_H 1
#define HAVE_SYS_STAT_H 1
#define RETSIGTYPE void
#define HAVE_STRCHR 1
#define HAVE_STRCSPN 1
#define HAVE_STRSPN 1
#define HAVE_STRSTR 1

configure: exit 0
