This file contains any messages produced by compilers while
running configure, to aid debugging if configure makes a mistake.

It was created by configure, which was
generated by GNU Autoconf 2.64.  Invocation command line was

  $ ./configure --disable-option-checking --prefix=/usr --with-system-zlib --exec-prefix=/usr --bindir=/usr/bin --sbindir=/usr/sbin --libexecdir=/usr/lib --sysconfdir=/etc --datadir=/usr/share --localstatedir=/var --mandir=/usr/man --infodir=/usr/info --disable-nls --with-system-readline --without-expat --disable-werror --program-transform-name=s&$&&;s&^&& --build=x86_64-linux-gnu --host=mips64-octeon-linux-gnu --target=mips64-octeon-linux-gnu build_alias=x86_64-linux-gnu host_alias=mips64-octeon-linux-gnu target_alias=mips64-octeon-linux-gnu CC=mips64-octeon-linux-gnu-gcc CFLAGS=-Os -pipe -mno-branch-likely -march=octeon -mabi=64 -fno-caller-saves -Wl,--rpath=/home/ubuntu/tp-link/ER7206_trunk/staging_dir/target-mips64-octeon-linux-gnu-osg_pro_un_v1/usr/lib -msoft-float  LDFLAGS= -L/home/ubuntu/tp-link/ER7206_trunk/staging_dir/target-mips64-octeon-linux-gnu-osg_pro_un_v1/usr/lib -L/home/ubuntu/tp-link/ER7206_trunk/staging_dir/target-mips64-octeon-linux-gnu-osg_pro_un_v1/lib -L/home/ubuntu/tp-link/ER7206_trunk/staging_dir/toolchain-cavium-sdk-3.x/usr/lib -L/home/ubuntu/tp-link/ER7206_trunk/staging_dir/toolchain-cavium-sdk-3.x/lib  CPPFLAGS=-I/home/ubuntu/tp-link/ER7206_trunk/staging_dir/target-mips64-octeon-linux-gnu-osg_pro_un_v1/usr/include -I/home/ubuntu/tp-link/ER7206_trunk/staging_dir/target-mips64-octeon-linux-gnu-osg_pro_un_v1/include -I/home/ubuntu/tp-link/ER7206_trunk/staging_dir/toolchain-cavium-sdk-3.x/usr/include -I/home/ubuntu/tp-link/ER7206_trunk/staging_dir/toolchain-cavium-sdk-3.x/include --cache-file=.././config.cache --srcdir=.

## --------- ##
## Platform. ##
## --------- ##

hostname = ubuntu
uname -m = x86_64
uname -r = 4.4.0-148-generic
uname -s = Linux
uname -v = #174~14.04.1-Ubuntu SMP Thu May 9 08:17:37 UTC 2019

/usr/bin/uname -p = unknown
/bin/uname -X     = unknown

/bin/arch              = unknown
/usr/bin/arch -k       = unknown
/usr/convex/getsysinfo = unknown
/usr/bin/hostinfo      = unknown
/bin/machine           = unknown
/usr/bin/oslevel       = unknown
/bin/universe          = unknown

PATH: /home/ubuntu/tp-link/ER7206_trunk/staging_dir/target-mips64-octeon-linux-gnu-osg_pro_un_v1/host/bin
PATH: /home/ubuntu/tp-link/ER7206_trunk/staging_dir/toolchain-mips64-octeon-linux-gnu/bin
PATH: /home/ubuntu/tp-link/ER7206_trunk/staging_dir/toolchain-cavium-sdk-3.x/usr/bin
PATH: /home/ubuntu/tp-link/ER7206_trunk/staging_dir/toolchain-cavium-sdk-3.x/bin
PATH: /home/ubuntu/tp-link/ER7206_trunk/staging_dir/host/bin
PATH: /home/ubuntu/tp-link/ER7206_trunk/staging_dir/toolchain-mips64-octeon-linux-gnu/bin
PATH: /home/ubuntu/tp-link/ER7206_trunk/staging_dir/toolchain-cavium-sdk-3.x/usr/bin
PATH: /home/ubuntu/tp-link/ER7206_trunk/staging_dir/toolchain-cavium-sdk-3.x/bin
PATH: /home/ubuntu/tp-link/ER7206_trunk/staging_dir/host/bin
PATH: /home/ubuntu/tp-link/ER7206_trunk/staging_dir/toolchain-mips64-octeon-linux-gnu/bin
PATH: /home/ubuntu/tp-link/ER7206_trunk/staging_dir/toolchain-cavium-sdk-3.x/usr/bin
PATH: /home/ubuntu/tp-link/ER7206_trunk/staging_dir/toolchain-cavium-sdk-3.x/bin
PATH: /home/ubuntu/tp-link/ER7206_trunk/staging_dir/host/bin
PATH: /usr/local/sbin
PATH: /usr/local/bin
PATH: /usr/sbin
PATH: /usr/bin
PATH: /sbin
PATH: /bin
PATH: /usr/games
PATH: /usr/local/games


## ----------- ##
## Core tests. ##
## ----------- ##

configure:1954: loading site script /home/ubuntu/tp-link/ER7206_trunk/include/site/mips64-octeon-linux-gnu
| #!/bin/sh
| 
| . $TOPDIR/include/site/mips64-linux
| . $TOPDIR/include/site/linux-gnu
| 
configure:1965: loading cache .././config.cache
configure:2395: checking for a BSD-compatible install
configure:2463: result: /usr/bin/install -c
configure:2482: checking for mips64-octeon-linux-gnu-gcc
configure:2509: result: mips64-octeon-linux-gnu-gcc
configure:2778: checking for C compiler version
configure:2787: mips64-octeon-linux-gnu-gcc --version >&5
mips64-octeon-linux-gnu-gcc (Cavium Inc. Version: SDK_3_1_0_p2 build 34) 4.7.0
Copyright (C) 2012 Free Software Foundation, Inc.
This is free software; see the source for copying conditions.  There is NO
warranty; not even for MERCHANTABILITY or FITNESS FOR A PARTICULAR PURPOSE.

configure:2798: $? = 0
configure:2787: mips64-octeon-linux-gnu-gcc -v >&5
Using built-in specs.
COLLECT_GCC=mips64-octeon-linux-gnu-gcc
COLLECT_LTO_WRAPPER=/home/ubuntu/tp-link/ER7206_trunk/staging_dir/toolchain-cavium-sdk-3.x/bin/../libexec/gcc/mips64-octeon-linux-gnu/4.7.0/lto-wrapper
Target: mips64-octeon-linux-gnu
Configured with: /usr/local/Cavium_Networks/octsw/toolchain/scripts/../src/configure --disable-fixed-point --without-ppl --without-python --disable-werror --with-lto-plugin-source=/usr/local/Cavium_Networks/octsw/toolchain/scripts/../gits/gcc/lto-plugin --enable-plugins --with-sysroot --with-local-prefix=/usr/local/Cavium_Networks/octsw/toolchain/scripts/../tools/mips64-octeon-linux-gnu/sys-root --disable-sim --enable-symvers=gnu --enable-__cxa_atexit --enable-symvers=gnu --enable-__cxa_atexit --with-mips-plt --disable-sim --target=mips64-octeon-linux-gnu --enable-languages=c,c++ --prefix=/usr/local/Cavium_Networks/octsw/toolchain/scripts/../tools --with-pkgversion='Cavium Inc. Version: SDK_3_1_0_p2 build 34' --with-bugurl=http://www.cavium.com/support.html --with-libexpat-prefix=/usr/local/Cavium_Networks/octsw/toolchain/scripts/../libs
Thread model: posix
gcc version 4.7.0 (Cavium Inc. Version: SDK_3_1_0_p2 build 34) 
configure:2798: $? = 0
configure:2787: mips64-octeon-linux-gnu-gcc -V >&5
mips64-octeon-linux-gnu-gcc: error: unrecognized command line option '-V'
mips64-octeon-linux-gnu-gcc: fatal error: no input files
compilation terminated.
configure:2798: $? = 1
configure:2787: mips64-octeon-linux-gnu-gcc -qversion >&5
mips64-octeon-linux-gnu-gcc: error: unrecognized command line option '-qversion'
mips64-octeon-linux-gnu-gcc: fatal error: no input files
compilation terminated.
configure:2798: $? = 1
configure:2818: checking for C compiler default output file name
configure:2840: mips64-octeon-linux-gnu-gcc -Os -pipe -mno-branch-likely -march=octeon -mabi=64 -fno-caller-saves -Wl,--rpath=/home/ubuntu/tp-link/ER7206_trunk/staging_dir/target-mips64-octeon-linux-gnu-osg_pro_un_v1/usr/lib -msoft-float  -I/home/ubuntu/tp-link/ER7206_trunk/staging_dir/target-mips64-octeon-linux-gnu-osg_pro_un_v1/usr/include -I/home/ubuntu/tp-link/ER7206_trunk/staging_dir/target-mips64-octeon-linux-gnu-osg_pro_un_v1/include -I/home/ubuntu/tp-link/ER7206_trunk/staging_dir/toolchain-cavium-sdk-3.x/usr/include -I/home/ubuntu/tp-link/ER7206_trunk/staging_dir/toolchain-cavium-sdk-3.x/include  -L/home/ubuntu/tp-link/ER7206_trunk/staging_dir/target-mips64-octeon-linux-gnu-osg_pro_un_v1/usr/lib -L/home/ubuntu/tp-link/ER7206_trunk/staging_dir/target-mips64-octeon-linux-gnu-osg_pro_un_v1/lib -L/home/ubuntu/tp-link/ER7206_trunk/staging_dir/toolchain-cavium-sdk-3.x/usr/lib -L/home/ubuntu/tp-link/ER7206_trunk/staging_dir/toolchain-cavium-sdk-3.x/lib  conftest.c  >&5
configure:2844: $? = 0
configure:2881: result: a.out
configure:2897: checking whether the C compiler works
configure:2925: result: yes
configure:2932: checking whether we are cross compiling
configure:2934: result: yes
configure:2937: checking for suffix of executables
configure:2944: mips64-octeon-linux-gnu-gcc -o conftest -Os -pipe -mno-branch-likely -march=octeon -mabi=64 -fno-caller-saves -Wl,--rpath=/home/ubuntu/tp-link/ER7206_trunk/staging_dir/target-mips64-octeon-linux-gnu-osg_pro_un_v1/usr/lib -msoft-float  -I/home/ubuntu/tp-link/ER7206_trunk/staging_dir/target-mips64-octeon-linux-gnu-osg_pro_un_v1/usr/include -I/home/ubuntu/tp-link/ER7206_trunk/staging_dir/target-mips64-octeon-linux-gnu-osg_pro_un_v1/include -I/home/ubuntu/tp-link/ER7206_trunk/staging_dir/toolchain-cavium-sdk-3.x/usr/include -I/home/ubuntu/tp-link/ER7206_trunk/staging_dir/toolchain-cavium-sdk-3.x/include  -L/home/ubuntu/tp-link/ER7206_trunk/staging_dir/target-mips64-octeon-linux-gnu-osg_pro_un_v1/usr/lib -L/home/ubuntu/tp-link/ER7206_trunk/staging_dir/target-mips64-octeon-linux-gnu-osg_pro_un_v1/lib -L/home/ubuntu/tp-link/ER7206_trunk/staging_dir/toolchain-cavium-sdk-3.x/usr/lib -L/home/ubuntu/tp-link/ER7206_trunk/staging_dir/toolchain-cavium-sdk-3.x/lib  conftest.c  >&5
configure:2948: $? = 0
configure:2970: result: 
configure:2976: checking for suffix of object files
configure:3023: result: o
configure:3027: checking whether we are using the GNU C compiler
configure:3055: result: yes
configure:3064: checking whether mips64-octeon-linux-gnu-gcc accepts -g
configure:3125: result: yes
configure:3142: checking for mips64-octeon-linux-gnu-gcc option to accept ISO C89
configure:3219: result: none needed
configure:3313: checking compiler warning flags
configure:3334: mips64-octeon-linux-gnu-gcc -c -Os -pipe -mno-branch-likely -march=octeon -mabi=64 -fno-caller-saves -Wl,--rpath=/home/ubuntu/tp-link/ER7206_trunk/staging_dir/target-mips64-octeon-linux-gnu-osg_pro_un_v1/usr/lib -msoft-float  -Wall -I/home/ubuntu/tp-link/ER7206_trunk/staging_dir/target-mips64-octeon-linux-gnu-osg_pro_un_v1/usr/include -I/home/ubuntu/tp-link/ER7206_trunk/staging_dir/target-mips64-octeon-linux-gnu-osg_pro_un_v1/include -I/home/ubuntu/tp-link/ER7206_trunk/staging_dir/toolchain-cavium-sdk-3.x/usr/include -I/home/ubuntu/tp-link/ER7206_trunk/staging_dir/toolchain-cavium-sdk-3.x/include conftest.c >&5
configure:3334: $? = 0
configure:3334: mips64-octeon-linux-gnu-gcc -c -Os -pipe -mno-branch-likely -march=octeon -mabi=64 -fno-caller-saves -Wl,--rpath=/home/ubuntu/tp-link/ER7206_trunk/staging_dir/target-mips64-octeon-linux-gnu-osg_pro_un_v1/usr/lib -msoft-float  -Wdeclaration-after-statement -I/home/ubuntu/tp-link/ER7206_trunk/staging_dir/target-mips64-octeon-linux-gnu-osg_pro_un_v1/usr/include -I/home/ubuntu/tp-link/ER7206_trunk/staging_dir/target-mips64-octeon-linux-gnu-osg_pro_un_v1/include -I/home/ubuntu/tp-link/ER7206_trunk/staging_dir/toolchain-cavium-sdk-3.x/usr/include -I/home/ubuntu/tp-link/ER7206_trunk/staging_dir/toolchain-cavium-sdk-3.x/include conftest.c >&5
configure:3334: $? = 0
configure:3334: mips64-octeon-linux-gnu-gcc -c -Os -pipe -mno-branch-likely -march=octeon -mabi=64 -fno-caller-saves -Wl,--rpath=/home/ubuntu/tp-link/ER7206_trunk/staging_dir/target-mips64-octeon-linux-gnu-osg_pro_un_v1/usr/lib -msoft-float  -Wpointer-arith -I/home/ubuntu/tp-link/ER7206_trunk/staging_dir/target-mips64-octeon-linux-gnu-osg_pro_un_v1/usr/include -I/home/ubuntu/tp-link/ER7206_trunk/staging_dir/target-mips64-octeon-linux-gnu-osg_pro_un_v1/include -I/home/ubuntu/tp-link/ER7206_trunk/staging_dir/toolchain-cavium-sdk-3.x/usr/include -I/home/ubuntu/tp-link/ER7206_trunk/staging_dir/toolchain-cavium-sdk-3.x/include conftest.c >&5
configure:3334: $? = 0
configure:3334: mips64-octeon-linux-gnu-gcc -c -Os -pipe -mno-branch-likely -march=octeon -mabi=64 -fno-caller-saves -Wl,--rpath=/home/ubuntu/tp-link/ER7206_trunk/staging_dir/target-mips64-octeon-linux-gnu-osg_pro_un_v1/usr/lib -msoft-float  -Wformat-nonliteral -I/home/ubuntu/tp-link/ER7206_trunk/staging_dir/target-mips64-octeon-linux-gnu-osg_pro_un_v1/usr/include -I/home/ubuntu/tp-link/ER7206_trunk/staging_dir/target-mips64-octeon-linux-gnu-osg_pro_un_v1/include -I/home/ubuntu/tp-link/ER7206_trunk/staging_dir/toolchain-cavium-sdk-3.x/usr/include -I/home/ubuntu/tp-link/ER7206_trunk/staging_dir/toolchain-cavium-sdk-3.x/include conftest.c >&5
cc1: warning: -Wformat-nonliteral ignored without -Wformat [-Wformat-nonliteral]
configure:3334: $? = 0
configure:3334: mips64-octeon-linux-gnu-gcc -c -Os -pipe -mno-branch-likely -march=octeon -mabi=64 -fno-caller-saves -Wl,--rpath=/home/ubuntu/tp-link/ER7206_trunk/staging_dir/target-mips64-octeon-linux-gnu-osg_pro_un_v1/usr/lib -msoft-float  -Wno-pointer-sign -I/home/ubuntu/tp-link/ER7206_trunk/staging_dir/target-mips64-octeon-linux-gnu-osg_pro_un_v1/usr/include -I/home/ubuntu/tp-link/ER7206_trunk/staging_dir/target-mips64-octeon-linux-gnu-osg_pro_un_v1/include -I/home/ubuntu/tp-link/ER7206_trunk/staging_dir/toolchain-cavium-sdk-3.x/usr/include -I/home/ubuntu/tp-link/ER7206_trunk/staging_dir/toolchain-cavium-sdk-3.x/include conftest.c >&5
configure:3334: $? = 0
configure:3334: mips64-octeon-linux-gnu-gcc -c -Os -pipe -mno-branch-likely -march=octeon -mabi=64 -fno-caller-saves -Wl,--rpath=/home/ubuntu/tp-link/ER7206_trunk/staging_dir/target-mips64-octeon-linux-gnu-osg_pro_un_v1/usr/lib -msoft-float  -Wno-unused -I/home/ubuntu/tp-link/ER7206_trunk/staging_dir/target-mips64-octeon-linux-gnu-osg_pro_un_v1/usr/include -I/home/ubuntu/tp-link/ER7206_trunk/staging_dir/target-mips64-octeon-linux-gnu-osg_pro_un_v1/include -I/home/ubuntu/tp-link/ER7206_trunk/staging_dir/toolchain-cavium-sdk-3.x/usr/include -I/home/ubuntu/tp-link/ER7206_trunk/staging_dir/toolchain-cavium-sdk-3.x/include conftest.c >&5
configure:3334: $? = 0
configure:3334: mips64-octeon-linux-gnu-gcc -c -Os -pipe -mno-branch-likely -march=octeon -mabi=64 -fno-caller-saves -Wl,--rpath=/home/ubuntu/tp-link/ER7206_trunk/staging_dir/target-mips64-octeon-linux-gnu-osg_pro_un_v1/usr/lib -msoft-float  -Wunused-value -I/home/ubuntu/tp-link/ER7206_trunk/staging_dir/target-mips64-octeon-linux-gnu-osg_pro_un_v1/usr/include -I/home/ubuntu/tp-link/ER7206_trunk/staging_dir/target-mips64-octeon-linux-gnu-osg_pro_un_v1/include -I/home/ubuntu/tp-link/ER7206_trunk/staging_dir/toolchain-cavium-sdk-3.x/usr/include -I/home/ubuntu/tp-link/ER7206_trunk/staging_dir/toolchain-cavium-sdk-3.x/include conftest.c >&5
configure:3334: $? = 0
configure:3334: mips64-octeon-linux-gnu-gcc -c -Os -pipe -mno-branch-likely -march=octeon -mabi=64 -fno-caller-saves -Wl,--rpath=/home/ubuntu/tp-link/ER7206_trunk/staging_dir/target-mips64-octeon-linux-gnu-osg_pro_un_v1/usr/lib -msoft-float  -Wunused-function -I/home/ubuntu/tp-link/ER7206_trunk/staging_dir/target-mips64-octeon-linux-gnu-osg_pro_un_v1/usr/include -I/home/ubuntu/tp-link/ER7206_trunk/staging_dir/target-mips64-octeon-linux-gnu-osg_pro_un_v1/include -I/home/ubuntu/tp-link/ER7206_trunk/staging_dir/toolchain-cavium-sdk-3.x/usr/include -I/home/ubuntu/tp-link/ER7206_trunk/staging_dir/toolchain-cavium-sdk-3.x/include conftest.c >&5
configure:3334: $? = 0
configure:3334: mips64-octeon-linux-gnu-gcc -c -Os -pipe -mno-branch-likely -march=octeon -mabi=64 -fno-caller-saves -Wl,--rpath=/home/ubuntu/tp-link/ER7206_trunk/staging_dir/target-mips64-octeon-linux-gnu-osg_pro_un_v1/usr/lib -msoft-float  -Wno-switch -I/home/ubuntu/tp-link/ER7206_trunk/staging_dir/target-mips64-octeon-linux-gnu-osg_pro_un_v1/usr/include -I/home/ubuntu/tp-link/ER7206_trunk/staging_dir/target-mips64-octeon-linux-gnu-osg_pro_un_v1/include -I/home/ubuntu/tp-link/ER7206_trunk/staging_dir/toolchain-cavium-sdk-3.x/usr/include -I/home/ubuntu/tp-link/ER7206_trunk/staging_dir/toolchain-cavium-sdk-3.x/include conftest.c >&5
configure:3334: $? = 0
configure:3334: mips64-octeon-linux-gnu-gcc -c -Os -pipe -mno-branch-likely -march=octeon -mabi=64 -fno-caller-saves -Wl,--rpath=/home/ubuntu/tp-link/ER7206_trunk/staging_dir/target-mips64-octeon-linux-gnu-osg_pro_un_v1/usr/lib -msoft-float  -Wno-char-subscripts -I/home/ubuntu/tp-link/ER7206_trunk/staging_dir/target-mips64-octeon-linux-gnu-osg_pro_un_v1/usr/include -I/home/ubuntu/tp-link/ER7206_trunk/staging_dir/target-mips64-octeon-linux-gnu-osg_pro_un_v1/include -I/home/ubuntu/tp-link/ER7206_trunk/staging_dir/toolchain-cavium-sdk-3.x/usr/include -I/home/ubuntu/tp-link/ER7206_trunk/staging_dir/toolchain-cavium-sdk-3.x/include conftest.c >&5
configure:3334: $? = 0
configure:3334: mips64-octeon-linux-gnu-gcc -c -Os -pipe -mno-branch-likely -march=octeon -mabi=64 -fno-caller-saves -Wl,--rpath=/home/ubuntu/tp-link/ER7206_trunk/staging_dir/target-mips64-octeon-linux-gnu-osg_pro_un_v1/usr/lib -msoft-float  -Wmissing-prototypes -I/home/ubuntu/tp-link/ER7206_trunk/staging_dir/target-mips64-octeon-linux-gnu-osg_pro_un_v1/usr/include -I/home/ubuntu/tp-link/ER7206_trunk/staging_dir/target-mips64-octeon-linux-gnu-osg_pro_un_v1/include -I/home/ubuntu/tp-link/ER7206_trunk/staging_dir/toolchain-cavium-sdk-3.x/usr/include -I/home/ubuntu/tp-link/ER7206_trunk/staging_dir/toolchain-cavium-sdk-3.x/include conftest.c >&5
configure:3334: $? = 0
configure:3341: result:  -Wall -Wdeclaration-after-statement -Wpointer-arith -Wformat-nonliteral -Wno-pointer-sign -Wno-unused -Wunused-value -Wunused-function -Wno-switch -Wno-char-subscripts -Wmissing-prototypes 
configure:3368: checking build system type
configure:3382: result: x86_64-pc-linux-gnu
configure:3402: checking host system type
configure:3415: result: mips64-octeon-linux-gnu
configure:3435: checking target system type
configure:3448: result: mips64-octeon-linux-gnu
configure:3496: checking how to run the C preprocessor
configure:3566: result: mips64-octeon-linux-gnu-gcc -E
configure:3586: mips64-octeon-linux-gnu-gcc -E -I/home/ubuntu/tp-link/ER7206_trunk/staging_dir/target-mips64-octeon-linux-gnu-osg_pro_un_v1/usr/include -I/home/ubuntu/tp-link/ER7206_trunk/staging_dir/target-mips64-octeon-linux-gnu-osg_pro_un_v1/include -I/home/ubuntu/tp-link/ER7206_trunk/staging_dir/toolchain-cavium-sdk-3.x/usr/include -I/home/ubuntu/tp-link/ER7206_trunk/staging_dir/toolchain-cavium-sdk-3.x/include conftest.c
configure:3586: $? = 0
configure:3600: mips64-octeon-linux-gnu-gcc -E -I/home/ubuntu/tp-link/ER7206_trunk/staging_dir/target-mips64-octeon-linux-gnu-osg_pro_un_v1/usr/include -I/home/ubuntu/tp-link/ER7206_trunk/staging_dir/target-mips64-octeon-linux-gnu-osg_pro_un_v1/include -I/home/ubuntu/tp-link/ER7206_trunk/staging_dir/toolchain-cavium-sdk-3.x/usr/include -I/home/ubuntu/tp-link/ER7206_trunk/staging_dir/toolchain-cavium-sdk-3.x/include conftest.c
conftest.c:9:28: fatal error: ac_nonexistent.h: No such file or directory
compilation terminated.
configure:3600: $? = 1
configure: failed program was:
| /* confdefs.h */
| #define PACKAGE_NAME ""
| #define PACKAGE_TARNAME ""
| #define PACKAGE_VERSION ""
| #define PACKAGE_STRING ""
| #define PACKAGE_BUGREPORT ""
| #define PACKAGE_URL ""
| /* end confdefs.h.  */
| #include <ac_nonexistent.h>
configure:3629: checking for grep that handles long lines and -e
configure:3687: result: /home/ubuntu/tp-link/ER7206_trunk/staging_dir/host/bin/grep
configure:3692: checking for egrep
configure:3754: result: /home/ubuntu/tp-link/ER7206_trunk/staging_dir/host/bin/grep -E
configure:3759: checking for ANSI C header files
configure:3863: result: yes
configure:3876: checking for sys/types.h
configure:3876: result: yes
configure:3876: checking for sys/stat.h
configure:3876: result: yes
configure:3876: checking for stdlib.h
configure:3876: result: yes
configure:3876: checking for string.h
configure:3876: result: yes
configure:3876: checking for memory.h
configure:3876: result: yes
configure:3876: checking for strings.h
configure:3876: result: yes
configure:3876: checking for inttypes.h
configure:3876: result: yes
configure:3876: checking for stdint.h
configure:3876: result: yes
configure:3876: checking for unistd.h
configure:3876: result: yes
configure:3892: checking for stdlib.h
configure:3892: result: yes
configure:3892: checking for string.h
configure:3892: result: yes
configure:3892: checking for strings.h
configure:3892: result: yes
configure:3892: checking for sys/stat.h
configure:3892: result: yes
configure:3892: checking for sys/types.h
configure:3892: result: yes
configure:3892: checking for unistd.h
configure:3892: result: yes
configure:3906: checking for dirent.h that defines DIR
configure:3925: mips64-octeon-linux-gnu-gcc -c -Os -pipe -mno-branch-likely -march=octeon -mabi=64 -fno-caller-saves -Wl,--rpath=/home/ubuntu/tp-link/ER7206_trunk/staging_dir/target-mips64-octeon-linux-gnu-osg_pro_un_v1/usr/lib -msoft-float  -I/home/ubuntu/tp-link/ER7206_trunk/staging_dir/target-mips64-octeon-linux-gnu-osg_pro_un_v1/usr/include -I/home/ubuntu/tp-link/ER7206_trunk/staging_dir/target-mips64-octeon-linux-gnu-osg_pro_un_v1/include -I/home/ubuntu/tp-link/ER7206_trunk/staging_dir/toolchain-cavium-sdk-3.x/usr/include -I/home/ubuntu/tp-link/ER7206_trunk/staging_dir/toolchain-cavium-sdk-3.x/include conftest.c >&5
configure:3925: $? = 0
configure:3933: result: yes
configure:3947: checking for library containing opendir
configure:3978: mips64-octeon-linux-gnu-gcc -o conftest -Os -pipe -mno-branch-likely -march=octeon -mabi=64 -fno-caller-saves -Wl,--rpath=/home/ubuntu/tp-link/ER7206_trunk/staging_dir/target-mips64-octeon-linux-gnu-osg_pro_un_v1/usr/lib -msoft-float  -I/home/ubuntu/tp-link/ER7206_trunk/staging_dir/target-mips64-octeon-linux-gnu-osg_pro_un_v1/usr/include -I/home/ubuntu/tp-link/ER7206_trunk/staging_dir/target-mips64-octeon-linux-gnu-osg_pro_un_v1/include -I/home/ubuntu/tp-link/ER7206_trunk/staging_dir/toolchain-cavium-sdk-3.x/usr/include -I/home/ubuntu/tp-link/ER7206_trunk/staging_dir/toolchain-cavium-sdk-3.x/include  -L/home/ubuntu/tp-link/ER7206_trunk/staging_dir/target-mips64-octeon-linux-gnu-osg_pro_un_v1/usr/lib -L/home/ubuntu/tp-link/ER7206_trunk/staging_dir/target-mips64-octeon-linux-gnu-osg_pro_un_v1/lib -L/home/ubuntu/tp-link/ER7206_trunk/staging_dir/toolchain-cavium-sdk-3.x/usr/lib -L/home/ubuntu/tp-link/ER7206_trunk/staging_dir/toolchain-cavium-sdk-3.x/lib  conftest.c  >&5
configure:3978: $? = 0
configure:3995: result: none required
configure:4075: checking for mips64-octeon-linux-gnu-ranlib
configure:4102: result: mips64-octeon-linux-gnu-ranlib
configure:4234: updating cache .././config.cache
configure:4271: creating ./config.status

## ---------------------- ##
## Running config.status. ##
## ---------------------- ##

This file was extended by config.status, which was
generated by GNU Autoconf 2.64.  Invocation command line was

  CONFIG_FILES    = 
  CONFIG_HEADERS  = 
  CONFIG_LINKS    = 
  CONFIG_COMMANDS = 
  $ ./config.status 

on ubuntu

config.status:860: creating Makefile
config.status:860: creating config.h
config.status:1040: executing default commands

## ---------------- ##
## Cache variables. ##
## ---------------- ##

ac_cv_build=x86_64-pc-linux-gnu
ac_cv_c_bigendian=yes
ac_cv_c_compiler_gnu=yes
ac_cv_c_gettext_without_libintl=yes
ac_cv_c_littleendian=no
ac_cv_c_long_double=no
ac_cv_conv_longlong_to_float=yes
ac_cv_env_CC_set=set
ac_cv_env_CC_value=mips64-octeon-linux-gnu-gcc
ac_cv_env_CFLAGS_set=set
ac_cv_env_CFLAGS_value='-Os -pipe -mno-branch-likely -march=octeon -mabi=64 -fno-caller-saves -Wl,--rpath=/home/ubuntu/tp-link/ER7206_trunk/staging_dir/target-mips64-octeon-linux-gnu-osg_pro_un_v1/usr/lib -msoft-float '
ac_cv_env_CPPFLAGS_set=set
ac_cv_env_CPPFLAGS_value='-I/home/ubuntu/tp-link/ER7206_trunk/staging_dir/target-mips64-octeon-linux-gnu-osg_pro_un_v1/usr/include -I/home/ubuntu/tp-link/ER7206_trunk/staging_dir/target-mips64-octeon-linux-gnu-osg_pro_un_v1/include -I/home/ubuntu/tp-link/ER7206_trunk/staging_dir/toolchain-cavium-sdk-3.x/usr/include -I/home/ubuntu/tp-link/ER7206_trunk/staging_dir/toolchain-cavium-sdk-3.x/include'
ac_cv_env_CPP_set=
ac_cv_env_CPP_value=
ac_cv_env_LDFLAGS_set=set
ac_cv_env_LDFLAGS_value=' -L/home/ubuntu/tp-link/ER7206_trunk/staging_dir/target-mips64-octeon-linux-gnu-osg_pro_un_v1/usr/lib -L/home/ubuntu/tp-link/ER7206_trunk/staging_dir/target-mips64-octeon-linux-gnu-osg_pro_un_v1/lib -L/home/ubuntu/tp-link/ER7206_trunk/staging_dir/toolchain-cavium-sdk-3.x/usr/lib -L/home/ubuntu/tp-link/ER7206_trunk/staging_dir/toolchain-cavium-sdk-3.x/lib '
ac_cv_env_LIBS_set=
ac_cv_env_LIBS_value=
ac_cv_env_XMKMF_set=
ac_cv_env_XMKMF_value=
ac_cv_env_build_alias_set=set
ac_cv_env_build_alias_value=x86_64-linux-gnu
ac_cv_env_host_alias_set=set
ac_cv_env_host_alias_value=mips64-octeon-linux-gnu
ac_cv_env_target_alias_set=set
ac_cv_env_target_alias_value=mips64-octeon-linux-gnu
ac_cv_file__dev_zero=yes
ac_cv_func___adjtimex=yes
ac_cv_func___setfpucw=no
ac_cv_func___va_copy=no
ac_cv_func__exit=yes
ac_cv_func_aint=no
ac_cv_func_anint=no
ac_cv_func_bcmp=yes
ac_cv_func_bcopy=yes
ac_cv_func_bzero=yes
ac_cv_func_cimag=yes
ac_cv_func_creal=yes
ac_cv_func_fchmod=yes
ac_cv_func_ftruncate=yes
ac_cv_func_getaddrinfo=yes
ac_cv_func_getcwd=yes
ac_cv_func_getdomainname=yes
ac_cv_func_getpgrp_void=yes
ac_cv_func_getpwuid_r=yes
ac_cv_func_getrusage=yes
ac_cv_func_gettimeofday=yes
ac_cv_func_index=yes
ac_cv_func_lstat=yes
ac_cv_func_lstat_dereferences_slashed_symlink=yes
ac_cv_func_lstat_empty_string_bug=no
ac_cv_func_malloc_0_nonnull=yes
ac_cv_func_malloc_works=yes
ac_cv_func_memcmp_clean=yes
ac_cv_func_memcmp_working=yes
ac_cv_func_mmap=yes
ac_cv_func_munmap=yes
ac_cv_func_posix_fallocate=yes
ac_cv_func_posix_getgrgid_r=yes
ac_cv_func_posix_getpwuid_r=yes
ac_cv_func_psignal=yes
ac_cv_func_pthread_key_delete=yes
ac_cv_func_realloc_0_nonnull=yes
ac_cv_func_realloc_works=yes
ac_cv_func_rename=yes
ac_cv_func_rindex=yes
ac_cv_func_setgrent_void=yes
ac_cv_func_setlocale=yes
ac_cv_func_setpgrp_void=yes
ac_cv_func_setresuid=no
ac_cv_func_setvbuf_reversed=no
ac_cv_func_sigaction=yes
ac_cv_func_sqrt=yes
ac_cv_func_stat_empty_string_bug=no
ac_cv_func_stat_ignores_trailing_slash=no
ac_cv_func_strerror=yes
ac_cv_func_strftime=yes
ac_cv_func_time=yes
ac_cv_func_truncate=yes
ac_cv_func_utimes=yes
ac_cv_func_va_copy=no
ac_cv_func_vsnprintf=yes
ac_cv_have_accrights_in_msghdr=no
ac_cv_have_broken_snprintf=no
ac_cv_have_control_in_msghdr=yes
ac_cv_have_decl_sys_siglist=no
ac_cv_have_openpty_ctty_bug=yes
ac_cv_have_space_d_name_in_struct_dirent=yes
ac_cv_have_x=have_x=no
ac_cv_header_dirent_dirent_h=yes
ac_cv_header_dlfcn_h=yes
ac_cv_header_errno_h=yes
ac_cv_header_fcntl_h=yes
ac_cv_header_fpu_control_h=yes
ac_cv_header_inttypes_h=yes
ac_cv_header_memory_h=yes
ac_cv_header_minix_config_h=no
ac_cv_header_netinet_sctp_h=no
ac_cv_header_netinet_sctp_uio_h=no
ac_cv_header_stdc=yes
ac_cv_header_stdint_h=yes
ac_cv_header_stdlib_h=yes
ac_cv_header_string_h=yes
ac_cv_header_strings_h=yes
ac_cv_header_sys_mman_h=yes
ac_cv_header_sys_resource_h=yes
ac_cv_header_sys_stat_h=yes
ac_cv_header_sys_time_h=yes
ac_cv_header_sys_times_h=yes
ac_cv_header_sys_types_h=yes
ac_cv_header_time_h=yes
ac_cv_header_unistd_h=yes
ac_cv_header_zlib_h=yes
ac_cv_host=mips64-octeon-linux-gnu
ac_cv_int64_t=yes
ac_cv_lbl_unaligned_fail=no
ac_cv_lib_m_fabs=yes
ac_cv_lib_m_log2=yes
ac_cv_lib_nsl_gethostbyname=yes
ac_cv_lib_socket_bind=no
ac_cv_linux_kernel_pppoe=yes
ac_cv_linux_vers=2
ac_cv_member_struct_stat_st_atime=yes
ac_cv_member_struct_stat_st_blksize=yes
ac_cv_member_struct_stat_st_blocks=yes
ac_cv_member_struct_stat_st_ctime=yes
ac_cv_member_struct_stat_st_dev=yes
ac_cv_member_struct_stat_st_gid=yes
ac_cv_member_struct_stat_st_ino=yes
ac_cv_member_struct_stat_st_mode=yes
ac_cv_member_struct_stat_st_mtime=yes
ac_cv_member_struct_stat_st_nlink=yes
ac_cv_member_struct_stat_st_rdev=yes
ac_cv_member_struct_stat_st_size=yes
ac_cv_member_struct_stat_st_uid=yes
ac_cv_objext=o
ac_cv_pack_bitfields_reversed=yes
ac_cv_path_EGREP='/home/ubuntu/tp-link/ER7206_trunk/staging_dir/host/bin/grep -E'
ac_cv_path_GREP=/home/ubuntu/tp-link/ER7206_trunk/staging_dir/host/bin/grep
ac_cv_path_LDCONFIG=
ac_cv_prog_AR=mips64-octeon-linux-gnu-ar
ac_cv_prog_CC=mips64-octeon-linux-gnu-gcc
ac_cv_prog_CPP='mips64-octeon-linux-gnu-gcc -E'
ac_cv_prog_MAKE=make
ac_cv_prog_RANLIB=mips64-octeon-linux-gnu-ranlib
ac_cv_prog_cc_c89=
ac_cv_prog_cc_g=yes
ac_cv_regexec_segfault_emptystr=no
ac_cv_safe_to_define___extensions__=yes
ac_cv_sctp=no
ac_cv_search_opendir='none required'
ac_cv_search_zlibVersion=-lz
ac_cv_sizeof___int64=8
ac_cv_sizeof_char=1
ac_cv_sizeof_int16_t=2
ac_cv_sizeof_int32_t=4
ac_cv_sizeof_int64_t=8
ac_cv_sizeof_int=4
ac_cv_sizeof_long=8
ac_cv_sizeof_long_int=8
ac_cv_sizeof_long_long=8
ac_cv_sizeof_off_t=8
ac_cv_sizeof_short=2
ac_cv_sizeof_short_int=2
ac_cv_sizeof_size_t=8
ac_cv_sizeof_ssize_t=8
ac_cv_sizeof_u_int16_t=2
ac_cv_sizeof_u_int32_t=4
ac_cv_sizeof_u_int64_t=8
ac_cv_sizeof_uint16_t=2
ac_cv_sizeof_uint32_t=4
ac_cv_sizeof_uint64_t=8
ac_cv_sizeof_unsigned_int=4
ac_cv_sizeof_unsigned_long=8
ac_cv_sizeof_unsigned_long_long=8
ac_cv_sizeof_unsigned_short=2
ac_cv_sizeof_void_p=8
ac_cv_sys_restartable_syscalls=yes
ac_cv_target=mips64-octeon-linux-gnu
ac_cv_time_r_type=POSIX
ac_cv_type_signal=void
ac_cv_type_socklen_t=yes
ac_cv_type_suseconds_t=yes
ac_cv_uchar=no
ac_cv_uint64_t=yes
ac_cv_uint=yes
ac_cv_ulong=yes
ac_cv_ushort=yes
ac_cv_va_copy=C99
ac_cv_va_val_copy=yes
am_cv_CC_dependencies_compiler_type=gcc3
as_cv_unaligned_access=yes

## ----------------- ##
## Output variables. ##
## ----------------- ##

AR='mips64-octeon-linux-gnu-ar'
AR_FLAGS_FOR_BUILD='rc'
AR_FOR_BUILD='ar'
CC='mips64-octeon-linux-gnu-gcc'
CC_FOR_BUILD='gcc'
CFLAGS='-Os -pipe -mno-branch-likely -march=octeon -mabi=64 -fno-caller-saves -Wl,--rpath=/home/ubuntu/tp-link/ER7206_trunk/staging_dir/target-mips64-octeon-linux-gnu-osg_pro_un_v1/usr/lib -msoft-float '
CFLAGS_FOR_BUILD=''
CPP='mips64-octeon-linux-gnu-gcc -E'
CPPFLAGS='-I/home/ubuntu/tp-link/ER7206_trunk/staging_dir/target-mips64-octeon-linux-gnu-osg_pro_un_v1/usr/include -I/home/ubuntu/tp-link/ER7206_trunk/staging_dir/target-mips64-octeon-linux-gnu-osg_pro_un_v1/include -I/home/ubuntu/tp-link/ER7206_trunk/staging_dir/toolchain-cavium-sdk-3.x/usr/include -I/home/ubuntu/tp-link/ER7206_trunk/staging_dir/toolchain-cavium-sdk-3.x/include'
DEFS='-DHAVE_CONFIG_H'
ECHO_C=''
ECHO_N='-n'
ECHO_T=''
EGREP='/home/ubuntu/tp-link/ER7206_trunk/staging_dir/host/bin/grep -E'
EXEEXT=''
GREP='/home/ubuntu/tp-link/ER7206_trunk/staging_dir/host/bin/grep'
INSTALL_DATA='/usr/bin/install -c -m 644'
INSTALL_PROGRAM='/usr/bin/install -c'
INSTALL_SCRIPT='/usr/bin/install -c'
LDFLAGS=' -L/home/ubuntu/tp-link/ER7206_trunk/staging_dir/target-mips64-octeon-linux-gnu-osg_pro_un_v1/usr/lib -L/home/ubuntu/tp-link/ER7206_trunk/staging_dir/target-mips64-octeon-linux-gnu-osg_pro_un_v1/lib -L/home/ubuntu/tp-link/ER7206_trunk/staging_dir/toolchain-cavium-sdk-3.x/usr/lib -L/home/ubuntu/tp-link/ER7206_trunk/staging_dir/toolchain-cavium-sdk-3.x/lib '
LIBIBERTY_LIB=''
LIBOBJS=''
LIBS=''
LTLIBOBJS=''
OBJEXT='o'
PACKAGE_BUGREPORT=''
PACKAGE_NAME=''
PACKAGE_STRING=''
PACKAGE_TARNAME=''
PACKAGE_URL=''
PACKAGE_VERSION=''
PATH_SEPARATOR=':'
RANLIB='mips64-octeon-linux-gnu-ranlib'
RANLIB_FOR_BUILD='ranlib'
SHELL='/bin/sh'
WARN_CFLAGS=' -Wall -Wdeclaration-after-statement -Wpointer-arith -Wformat-nonliteral -Wno-pointer-sign -Wno-unused -Wunused-value -Wunused-function -Wno-switch -Wno-char-subscripts -Wmissing-prototypes'
WERROR_CFLAGS=''
ac_ct_CC=''
bindir='/usr/bin'
build='x86_64-pc-linux-gnu'
build_alias='x86_64-linux-gnu'
build_cpu='x86_64'
build_os='linux-gnu'
build_vendor='pc'
datadir='/usr/share'
datarootdir='${prefix}/share'
docdir='${datarootdir}/doc/${PACKAGE}'
dvidir='${docdir}'
exec_prefix='/usr'
host='mips64-octeon-linux-gnu'
host_alias='mips64-octeon-linux-gnu'
host_cpu='mips64'
host_os='linux-gnu'
host_vendor='octeon'
htmldir='${docdir}'
includedir='${prefix}/include'
infodir='/usr/info'
libdir='${exec_prefix}/lib'
libexecdir='/usr/lib'
localedir='${datarootdir}/locale'
localstatedir='/var'
mandir='/usr/man'
oldincludedir='/usr/include'
pdfdir='${docdir}'
prefix='/usr'
program_transform_name='s&$$&&;s&^&&'
psdir='${docdir}'
sbindir='/usr/sbin'
sharedstatedir='${prefix}/com'
sim_alignment=''
sim_assert=''
sim_bitsize=''
sim_default_model=''
sim_endian=''
sim_environment=''
sim_float=''
sim_hostendian=''
sim_hw=''
sim_hw_cflags=''
sim_hw_objs=''
sim_inline='-DDEFAULT_INLINE=0'
sim_packages=''
sim_regparm=''
sim_reserved_bits=''
sim_scache=''
sim_smp=''
sim_stdcall=''
sim_xor_endian=''
sysconfdir='/etc'
target='mips64-octeon-linux-gnu'
target_alias='mips64-octeon-linux-gnu'
target_cpu='mips64'
target_os='linux-gnu'
target_vendor='octeon'

## ----------- ##
## confdefs.h. ##
## ----------- ##

/* confdefs.h */
#define PACKAGE_NAME ""
#define PACKAGE_TARNAME ""
#define PACKAGE_VERSION ""
#define PACKAGE_STRING ""
#define PACKAGE_BUGREPORT ""
#define PACKAGE_URL ""
#define STDC_HEADERS 1
#define HAVE_SYS_TYPES_H 1
#define HAVE_SYS_STAT_H 1
#define HAVE_STDLIB_H 1
#define HAVE_STRING_H 1
#define HAVE_MEMORY_H 1
#define HAVE_STRINGS_H 1
#define HAVE_INTTYPES_H 1
#define HAVE_STDINT_H 1
#define HAVE_UNISTD_H 1
#define HAVE_STDLIB_H 1
#define HAVE_STRING_H 1
#define HAVE_STRINGS_H 1
#define HAVE_SYS_STAT_H 1
#define HAVE_SYS_TYPES_H 1
#define HAVE_UNISTD_H 1
#define HAVE_DIRENT_H 1

configure: exit 0
