This file contains any messages produced by compilers while
running configure, to aid debugging if configure makes a mistake.

It was created by configure, which was
generated by GNU Autoconf 2.64.  Invocation command line was

  $ ./configure --disable-option-checking --prefix=/home/ubuntu/Archer_C7_V5/openwrt/staging_dir/toolchain-mips_r2_gcc-4.6-linaro_uClibc-0.9.33.2 --with-system-zlib --with-stabs --disable-werror --disable-nls --without-uiout --disable-tui --disable-gdbtk --without-x --without-included-gettext --enable-threads --program-transform-name=s&^&mips-openwrt-linux-uclibc-& --build=i686-linux-gnu --host=i686-linux-gnu --target=mips-openwrt-linux-uclibc build_alias=i686-linux-gnu host_alias=i686-linux-gnu target_alias=mips-openwrt-linux-uclibc CC=i686-linux-gnu-gcc CFLAGS=-O2 LDFLAGS=  --cache-file=.././config.cache --srcdir=.

## --------- ##
## Platform. ##
## --------- ##

hostname = ubuntu
uname -m = i686
uname -r = 4.4.0-142-generic
uname -s = Linux
uname -v = #168~14.04.1-Ubuntu SMP Sat Jan 19 11:28:33 UTC 2019

/usr/bin/uname -p = unknown
/bin/uname -X     = unknown

/bin/arch              = unknown
/usr/bin/arch -k       = unknown
/usr/convex/getsysinfo = unknown
/usr/bin/hostinfo      = unknown
/bin/machine           = unknown
/usr/bin/oslevel       = unknown
/bin/universe          = unknown

PATH: /home/ubuntu/Archer_C7_V5/openwrt/staging_dir/toolchain-mips_r2_gcc-4.6-linaro_uClibc-0.9.33.2/bin
PATH: /home/ubuntu/Archer_C7_V5/openwrt/staging_dir/host/bin
PATH: /home/ubuntu/Archer_C7_V5/openwrt/staging_dir/toolchain-mips_r2_gcc-4.6-linaro_uClibc-0.9.33.2/bin
PATH: /home/ubuntu/Archer_C7_V5/openwrt/staging_dir/host/bin
PATH: /home/ubuntu/Archer_C7_V5/openwrt/staging_dir/toolchain-mips_r2_gcc-4.6-linaro_uClibc-0.9.33.2/bin
PATH: /home/ubuntu/Archer_C7_V5/openwrt/staging_dir/host/bin
PATH: /usr/local/sbin
PATH: /usr/local/bin
PATH: /usr/sbin
PATH: /usr/bin
PATH: /sbin
PATH: /bin
PATH: /usr/games
PATH: /usr/local/games


## ----------- ##
## Core tests. ##
## ----------- ##

configure:2109: loading cache .././config.cache
configure:2508: checking build system type
configure:2522: result: i686-pc-linux-gnu
configure:2542: checking host system type
configure:2555: result: i686-pc-linux-gnu
configure:2575: checking target system type
configure:2588: result: mips-openwrt-linux-uclibc
configure:2633: checking for i686-linux-gnu-gcc
configure:2660: result: i686-linux-gnu-gcc
configure:2929: checking for C compiler version
configure:2938: i686-linux-gnu-gcc --version >&5
i686-linux-gnu-gcc (Ubuntu 4.8.4-2ubuntu1~14.04.4) 4.8.4
Copyright (C) 2013 Free Software Foundation, Inc.
This is free software; see the source for copying conditions.  There is NO
warranty; not even for MERCHANTABILITY or FITNESS FOR A PARTICULAR PURPOSE.

configure:2949: $? = 0
configure:2938: i686-linux-gnu-gcc -v >&5
Using built-in specs.
COLLECT_GCC=i686-linux-gnu-gcc
COLLECT_LTO_WRAPPER=/usr/lib/gcc/i686-linux-gnu/4.8/lto-wrapper
Target: i686-linux-gnu
Configured with: ../src/configure -v --with-pkgversion='Ubuntu 4.8.4-2ubuntu1~14.04.4' --with-bugurl=file:///usr/share/doc/gcc-4.8/README.Bugs --enable-languages=c,c++,java,go,d,fortran,objc,obj-c++ --prefix=/usr --program-suffix=-4.8 --enable-shared --enable-linker-build-id --libexecdir=/usr/lib --without-included-gettext --enable-threads=posix --with-gxx-include-dir=/usr/include/c++/4.8 --libdir=/usr/lib --enable-nls --with-sysroot=/ --enable-clocale=gnu --enable-libstdcxx-debug --enable-libstdcxx-time=yes --enable-gnu-unique-object --disable-libmudflap --enable-plugin --with-system-zlib --disable-browser-plugin --enable-java-awt=gtk --enable-gtk-cairo --with-java-home=/usr/lib/jvm/java-1.5.0-gcj-4.8-i386/jre --enable-java-home --with-jvm-root-dir=/usr/lib/jvm/java-1.5.0-gcj-4.8-i386 --with-jvm-jar-dir=/usr/lib/jvm-exports/java-1.5.0-gcj-4.8-i386 --with-arch-directory=i386 --with-ecj-jar=/usr/share/java/eclipse-ecj.jar --enable-objc-gc --enable-targets=all --enable-multiarch --disable-werror --with-arch-32=i686 --with-multilib-list=m32,m64,mx32 --with-tune=generic --enable-checking=release --build=i686-linux-gnu --host=i686-linux-gnu --target=i686-linux-gnu
Thread model: posix
gcc version 4.8.4 (Ubuntu 4.8.4-2ubuntu1~14.04.4) 
configure:2949: $? = 0
configure:2938: i686-linux-gnu-gcc -V >&5
i686-linux-gnu-gcc: error: unrecognized command line option '-V'
i686-linux-gnu-gcc: fatal error: no input files
compilation terminated.
configure:2949: $? = 4
configure:2938: i686-linux-gnu-gcc -qversion >&5
i686-linux-gnu-gcc: error: unrecognized command line option '-qversion'
i686-linux-gnu-gcc: fatal error: no input files
compilation terminated.
configure:2949: $? = 4
configure:2969: checking for C compiler default output file name
configure:2991: i686-linux-gnu-gcc -O2    conftest.c  >&5
configure:2995: $? = 0
configure:3032: result: a.out
configure:3048: checking whether the C compiler works
configure:3057: ./a.out
configure:3061: $? = 0
configure:3076: result: yes
configure:3083: checking whether we are cross compiling
configure:3085: result: no
configure:3088: checking for suffix of executables
configure:3095: i686-linux-gnu-gcc -o conftest -O2    conftest.c  >&5
configure:3099: $? = 0
configure:3121: result: 
configure:3127: checking for suffix of object files
configure:3174: result: o
configure:3178: checking whether we are using the GNU C compiler
configure:3206: result: yes
configure:3215: checking whether i686-linux-gnu-gcc accepts -g
configure:3276: result: yes
configure:3293: checking for i686-linux-gnu-gcc option to accept ISO C89
configure:3370: result: none needed
configure:3404: checking for a BSD-compatible install
configure:3472: result: /usr/bin/install -c
configure:3499: checking for i686-linux-gnu-ranlib
configure:3526: result: i686-linux-gnu-ranlib
configure:3603: checking whether NLS is requested
configure:3606: result: no
configure:3670: checking how to run the C preprocessor
configure:3701: i686-linux-gnu-gcc -E  conftest.c
configure:3701: $? = 0
configure:3715: i686-linux-gnu-gcc -E  conftest.c
conftest.c:9:28: fatal error: ac_nonexistent.h: No such file or directory
 #include <ac_nonexistent.h>
                            ^
compilation terminated.
configure:3715: $? = 1
configure: failed program was:
| /* confdefs.h */
| #define PACKAGE_NAME ""
| #define PACKAGE_TARNAME ""
| #define PACKAGE_VERSION ""
| #define PACKAGE_STRING ""
| #define PACKAGE_BUGREPORT ""
| #define PACKAGE_URL ""
| /* end confdefs.h.  */
| #include <ac_nonexistent.h>
configure:3740: result: i686-linux-gnu-gcc -E
configure:3760: i686-linux-gnu-gcc -E  conftest.c
configure:3760: $? = 0
configure:3774: i686-linux-gnu-gcc -E  conftest.c
conftest.c:9:28: fatal error: ac_nonexistent.h: No such file or directory
 #include <ac_nonexistent.h>
                            ^
compilation terminated.
configure:3774: $? = 1
configure: failed program was:
| /* confdefs.h */
| #define PACKAGE_NAME ""
| #define PACKAGE_TARNAME ""
| #define PACKAGE_VERSION ""
| #define PACKAGE_STRING ""
| #define PACKAGE_BUGREPORT ""
| #define PACKAGE_URL ""
| /* end confdefs.h.  */
| #include <ac_nonexistent.h>
configure:3803: checking for grep that handles long lines and -e
configure:3861: result: /bin/grep
configure:3866: checking for egrep
configure:3928: result: /bin/grep -E
configure:3933: checking for ANSI C header files
configure:3953: i686-linux-gnu-gcc -c -O2  conftest.c >&5
configure:3953: $? = 0
configure:4026: i686-linux-gnu-gcc -o conftest -O2    conftest.c  >&5
configure:4026: $? = 0
configure:4026: ./conftest
configure:4026: $? = 0
configure:4037: result: yes
configure:4050: checking for sys/types.h
configure:4050: i686-linux-gnu-gcc -c -O2  conftest.c >&5
configure:4050: $? = 0
configure:4050: result: yes
configure:4050: checking for sys/stat.h
configure:4050: i686-linux-gnu-gcc -c -O2  conftest.c >&5
configure:4050: $? = 0
configure:4050: result: yes
configure:4050: checking for stdlib.h
configure:4050: i686-linux-gnu-gcc -c -O2  conftest.c >&5
configure:4050: $? = 0
configure:4050: result: yes
configure:4050: checking for string.h
configure:4050: i686-linux-gnu-gcc -c -O2  conftest.c >&5
configure:4050: $? = 0
configure:4050: result: yes
configure:4050: checking for memory.h
configure:4050: i686-linux-gnu-gcc -c -O2  conftest.c >&5
configure:4050: $? = 0
configure:4050: result: yes
configure:4050: checking for strings.h
configure:4050: i686-linux-gnu-gcc -c -O2  conftest.c >&5
configure:4050: $? = 0
configure:4050: result: yes
configure:4050: checking for inttypes.h
configure:4050: i686-linux-gnu-gcc -c -O2  conftest.c >&5
configure:4050: $? = 0
configure:4050: result: yes
configure:4050: checking for stdint.h
configure:4050: i686-linux-gnu-gcc -c -O2  conftest.c >&5
configure:4050: $? = 0
configure:4050: result: yes
configure:4050: checking for unistd.h
configure:4050: i686-linux-gnu-gcc -c -O2  conftest.c >&5
configure:4050: $? = 0
configure:4050: result: yes
configure:4066: checking for stdlib.h
configure:4066: result: yes
configure:4066: checking for string.h
configure:4066: result: yes
configure:4066: checking for strings.h
configure:4066: result: yes
configure:4066: checking for unistd.h
configure:4066: result: yes
configure:4066: checking time.h usability
configure:4066: i686-linux-gnu-gcc -c -O2  conftest.c >&5
configure:4066: $? = 0
configure:4066: result: yes
configure:4066: checking time.h presence
configure:4066: i686-linux-gnu-gcc -E  conftest.c
configure:4066: $? = 0
configure:4066: result: yes
configure:4066: checking for time.h
configure:4066: result: yes
configure:4080: checking sys/time.h usability
configure:4080: i686-linux-gnu-gcc -c -O2  conftest.c >&5
configure:4080: $? = 0
configure:4080: result: yes
configure:4080: checking sys/time.h presence
configure:4080: i686-linux-gnu-gcc -E  conftest.c
configure:4080: $? = 0
configure:4080: result: yes
configure:4080: checking for sys/time.h
configure:4080: result: yes
configure:4080: checking sys/resource.h usability
configure:4080: i686-linux-gnu-gcc -c -O2  conftest.c >&5
configure:4080: $? = 0
configure:4080: result: yes
configure:4080: checking sys/resource.h presence
configure:4080: i686-linux-gnu-gcc -E  conftest.c
configure:4080: $? = 0
configure:4080: result: yes
configure:4080: checking for sys/resource.h
configure:4080: result: yes
configure:4094: checking fcntl.h usability
configure:4094: i686-linux-gnu-gcc -c -O2  conftest.c >&5
configure:4094: $? = 0
configure:4094: result: yes
configure:4094: checking fcntl.h presence
configure:4094: i686-linux-gnu-gcc -E  conftest.c
configure:4094: $? = 0
configure:4094: result: yes
configure:4094: checking for fcntl.h
configure:4094: result: yes
configure:4094: checking fpu_control.h usability
configure:4094: i686-linux-gnu-gcc -c -O2  conftest.c >&5
configure:4094: $? = 0
configure:4094: result: yes
configure:4094: checking fpu_control.h presence
configure:4094: i686-linux-gnu-gcc -E  conftest.c
configure:4094: $? = 0
configure:4094: result: yes
configure:4094: checking for fpu_control.h
configure:4094: result: yes
configure:4108: checking dlfcn.h usability
configure:4108: i686-linux-gnu-gcc -c -O2  conftest.c >&5
configure:4108: $? = 0
configure:4108: result: yes
configure:4108: checking dlfcn.h presence
configure:4108: i686-linux-gnu-gcc -E  conftest.c
configure:4108: $? = 0
configure:4108: result: yes
configure:4108: checking for dlfcn.h
configure:4108: result: yes
configure:4108: checking errno.h usability
configure:4108: i686-linux-gnu-gcc -c -O2  conftest.c >&5
configure:4108: $? = 0
configure:4108: result: yes
configure:4108: checking errno.h presence
configure:4108: i686-linux-gnu-gcc -E  conftest.c
configure:4108: $? = 0
configure:4108: result: yes
configure:4108: checking for errno.h
configure:4108: result: yes
configure:4108: checking for sys/stat.h
configure:4108: result: yes
configure:4122: checking for getrusage
configure:4122: i686-linux-gnu-gcc -o conftest -O2    conftest.c  >&5
configure:4122: $? = 0
configure:4122: result: yes
configure:4122: checking for time
configure:4122: i686-linux-gnu-gcc -o conftest -O2    conftest.c  >&5
configure:4122: $? = 0
configure:4122: result: yes
configure:4122: checking for sigaction
configure:4122: i686-linux-gnu-gcc -o conftest -O2    conftest.c  >&5
configure:4122: $? = 0
configure:4122: result: yes
configure:4122: checking for __setfpucw
configure:4122: i686-linux-gnu-gcc -o conftest -O2    conftest.c  >&5
/tmp/cceVcMMJ.o: In function `main':
conftest.c:(.text.startup+0x7): undefined reference to `__setfpucw'
collect2: error: ld returned 1 exit status
configure:4122: $? = 1
configure: failed program was:
| /* confdefs.h */
| #define PACKAGE_NAME ""
| #define PACKAGE_TARNAME ""
| #define PACKAGE_VERSION ""
| #define PACKAGE_STRING ""
| #define PACKAGE_BUGREPORT ""
| #define PACKAGE_URL ""
| #define STDC_HEADERS 1
| #define HAVE_SYS_TYPES_H 1
| #define HAVE_SYS_STAT_H 1
| #define HAVE_STDLIB_H 1
| #define HAVE_STRING_H 1
| #define HAVE_MEMORY_H 1
| #define HAVE_STRINGS_H 1
| #define HAVE_INTTYPES_H 1
| #define HAVE_STDINT_H 1
| #define HAVE_UNISTD_H 1
| #define HAVE_STDLIB_H 1
| #define HAVE_STRING_H 1
| #define HAVE_STRINGS_H 1
| #define HAVE_UNISTD_H 1
| #define HAVE_TIME_H 1
| #define HAVE_SYS_TIME_H 1
| #define HAVE_SYS_RESOURCE_H 1
| #define HAVE_FCNTL_H 1
| #define HAVE_FPU_CONTROL_H 1
| #define HAVE_DLFCN_H 1
| #define HAVE_ERRNO_H 1
| #define HAVE_SYS_STAT_H 1
| #define HAVE_GETRUSAGE 1
| #define HAVE_TIME 1
| #define HAVE_SIGACTION 1
| /* end confdefs.h.  */
| /* Define __setfpucw to an innocuous variant, in case <limits.h> declares __setfpucw.
|    For example, HP-UX 11i <limits.h> declares gettimeofday.  */
| #define __setfpucw innocuous___setfpucw
| 
| /* System header to define __stub macros and hopefully few prototypes,
|     which can conflict with char __setfpucw (); below.
|     Prefer <limits.h> to <assert.h> if __STDC__ is defined, since
|     <limits.h> exists even on freestanding compilers.  */
| 
| #ifdef __STDC__
| # include <limits.h>
| #else
| # include <assert.h>
| #endif
| 
| #undef __setfpucw
| 
| /* Override any GCC internal prototype to avoid an error.
|    Use char because int might match the return type of a GCC
|    builtin and then its argument prototype would still apply.  */
| #ifdef __cplusplus
| extern "C"
| #endif
| char __setfpucw ();
| /* The GNU C library defines this for functions which it implements
|     to always fail with ENOSYS.  Some functions are actually named
|     something starting with __ and the normal name is an alias.  */
| #if defined __stub___setfpucw || defined __stub_____setfpucw
| choke me
| #endif
| 
| int
| main ()
| {
| return __setfpucw ();
|   ;
|   return 0;
| }
configure:4122: result: no
configure:4134: checking for bind in -lsocket
configure:4159: i686-linux-gnu-gcc -o conftest -O2    conftest.c -lsocket   >&5
/usr/bin/ld: cannot find -lsocket
collect2: error: ld returned 1 exit status
configure:4159: $? = 1
configure: failed program was:
| /* confdefs.h */
| #define PACKAGE_NAME ""
| #define PACKAGE_TARNAME ""
| #define PACKAGE_VERSION ""
| #define PACKAGE_STRING ""
| #define PACKAGE_BUGREPORT ""
| #define PACKAGE_URL ""
| #define STDC_HEADERS 1
| #define HAVE_SYS_TYPES_H 1
| #define HAVE_SYS_STAT_H 1
| #define HAVE_STDLIB_H 1
| #define HAVE_STRING_H 1
| #define HAVE_MEMORY_H 1
| #define HAVE_STRINGS_H 1
| #define HAVE_INTTYPES_H 1
| #define HAVE_STDINT_H 1
| #define HAVE_UNISTD_H 1
| #define HAVE_STDLIB_H 1
| #define HAVE_STRING_H 1
| #define HAVE_STRINGS_H 1
| #define HAVE_UNISTD_H 1
| #define HAVE_TIME_H 1
| #define HAVE_SYS_TIME_H 1
| #define HAVE_SYS_RESOURCE_H 1
| #define HAVE_FCNTL_H 1
| #define HAVE_FPU_CONTROL_H 1
| #define HAVE_DLFCN_H 1
| #define HAVE_ERRNO_H 1
| #define HAVE_SYS_STAT_H 1
| #define HAVE_GETRUSAGE 1
| #define HAVE_TIME 1
| #define HAVE_SIGACTION 1
| /* end confdefs.h.  */
| 
| /* Override any GCC internal prototype to avoid an error.
|    Use char because int might match the return type of a GCC
|    builtin and then its argument prototype would still apply.  */
| #ifdef __cplusplus
| extern "C"
| #endif
| char bind ();
| int
| main ()
| {
| return bind ();
|   ;
|   return 0;
| }
configure:4168: result: no
configure:4179: checking for gethostbyname in -lnsl
configure:4204: i686-linux-gnu-gcc -o conftest -O2    conftest.c -lnsl   >&5
configure:4204: $? = 0
configure:4213: result: yes
configure:4239: checking for library containing zlibVersion
configure:4270: i686-linux-gnu-gcc -o conftest -O2    conftest.c -lnsl  >&5
/tmp/ccsVo6NO.o: In function `main':
conftest.c:(.text.startup+0x7): undefined reference to `zlibVersion'
collect2: error: ld returned 1 exit status
configure:4270: $? = 1
configure: failed program was:
| /* confdefs.h */
| #define PACKAGE_NAME ""
| #define PACKAGE_TARNAME ""
| #define PACKAGE_VERSION ""
| #define PACKAGE_STRING ""
| #define PACKAGE_BUGREPORT ""
| #define PACKAGE_URL ""
| #define STDC_HEADERS 1
| #define HAVE_SYS_TYPES_H 1
| #define HAVE_SYS_STAT_H 1
| #define HAVE_STDLIB_H 1
| #define HAVE_STRING_H 1
| #define HAVE_MEMORY_H 1
| #define HAVE_STRINGS_H 1
| #define HAVE_INTTYPES_H 1
| #define HAVE_STDINT_H 1
| #define HAVE_UNISTD_H 1
| #define HAVE_STDLIB_H 1
| #define HAVE_STRING_H 1
| #define HAVE_STRINGS_H 1
| #define HAVE_UNISTD_H 1
| #define HAVE_TIME_H 1
| #define HAVE_SYS_TIME_H 1
| #define HAVE_SYS_RESOURCE_H 1
| #define HAVE_FCNTL_H 1
| #define HAVE_FPU_CONTROL_H 1
| #define HAVE_DLFCN_H 1
| #define HAVE_ERRNO_H 1
| #define HAVE_SYS_STAT_H 1
| #define HAVE_GETRUSAGE 1
| #define HAVE_TIME 1
| #define HAVE_SIGACTION 1
| #define HAVE_LIBNSL 1
| /* end confdefs.h.  */
| 
| /* Override any GCC internal prototype to avoid an error.
|    Use char because int might match the return type of a GCC
|    builtin and then its argument prototype would still apply.  */
| #ifdef __cplusplus
| extern "C"
| #endif
| char zlibVersion ();
| int
| main ()
| {
| return zlibVersion ();
|   ;
|   return 0;
| }
configure:4270: i686-linux-gnu-gcc -o conftest -O2    conftest.c -lz  -lnsl  >&5
configure:4270: $? = 0
configure:4287: result: -lz
configure:4294: checking zlib.h usability
configure:4294: i686-linux-gnu-gcc -c -O2  conftest.c >&5
configure:4294: $? = 0
configure:4294: result: yes
configure:4294: checking zlib.h presence
configure:4294: i686-linux-gnu-gcc -E  conftest.c
configure:4294: $? = 0
configure:4294: result: yes
configure:4294: checking for zlib.h
configure:4294: result: yes
configure:4507: checking return type of signal handlers
configure:4525: i686-linux-gnu-gcc -c -O2  conftest.c >&5
conftest.c: In function 'main':
conftest.c:44:1: error: void value not ignored as it ought to be
 return *(signal (0, 0)) (0) == 1;
 ^
configure:4525: $? = 1
configure: failed program was:
| /* confdefs.h */
| #define PACKAGE_NAME ""
| #define PACKAGE_TARNAME ""
| #define PACKAGE_VERSION ""
| #define PACKAGE_STRING ""
| #define PACKAGE_BUGREPORT ""
| #define PACKAGE_URL ""
| #define STDC_HEADERS 1
| #define HAVE_SYS_TYPES_H 1
| #define HAVE_SYS_STAT_H 1
| #define HAVE_STDLIB_H 1
| #define HAVE_STRING_H 1
| #define HAVE_MEMORY_H 1
| #define HAVE_STRINGS_H 1
| #define HAVE_INTTYPES_H 1
| #define HAVE_STDINT_H 1
| #define HAVE_UNISTD_H 1
| #define HAVE_STDLIB_H 1
| #define HAVE_STRING_H 1
| #define HAVE_STRINGS_H 1
| #define HAVE_UNISTD_H 1
| #define HAVE_TIME_H 1
| #define HAVE_SYS_TIME_H 1
| #define HAVE_SYS_RESOURCE_H 1
| #define HAVE_FCNTL_H 1
| #define HAVE_FPU_CONTROL_H 1
| #define HAVE_DLFCN_H 1
| #define HAVE_ERRNO_H 1
| #define HAVE_SYS_STAT_H 1
| #define HAVE_GETRUSAGE 1
| #define HAVE_TIME 1
| #define HAVE_SIGACTION 1
| #define HAVE_LIBNSL 1
| #define HAVE_ZLIB_H 1
| #define PKGVERSION "(GDB) "
| #define REPORT_BUGS_TO "<http://www.gnu.org/software/gdb/bugs/>"
| /* end confdefs.h.  */
| #include <sys/types.h>
| #include <signal.h>
| 
| int
| main ()
| {
| return *(signal (0, 0)) (0) == 1;
|   ;
|   return 0;
| }
configure:4532: result: void
configure:4667: checking whether byte ordering is bigendian
configure:4682: i686-linux-gnu-gcc -c -O2  conftest.c >&5
conftest.c:40:9: error: unknown type name 'not'
         not a universal capable compiler
         ^
conftest.c:40:15: error: expected '=', ',', ';', 'asm' or '__attribute__' before 'universal'
         not a universal capable compiler
               ^
conftest.c:40:15: error: unknown type name 'universal'
configure:4682: $? = 1
configure: failed program was:
| /* confdefs.h */
| #define PACKAGE_NAME ""
| #define PACKAGE_TARNAME ""
| #define PACKAGE_VERSION ""
| #define PACKAGE_STRING ""
| #define PACKAGE_BUGREPORT ""
| #define PACKAGE_URL ""
| #define STDC_HEADERS 1
| #define HAVE_SYS_TYPES_H 1
| #define HAVE_SYS_STAT_H 1
| #define HAVE_STDLIB_H 1
| #define HAVE_STRING_H 1
| #define HAVE_MEMORY_H 1
| #define HAVE_STRINGS_H 1
| #define HAVE_INTTYPES_H 1
| #define HAVE_STDINT_H 1
| #define HAVE_UNISTD_H 1
| #define HAVE_STDLIB_H 1
| #define HAVE_STRING_H 1
| #define HAVE_STRINGS_H 1
| #define HAVE_UNISTD_H 1
| #define HAVE_TIME_H 1
| #define HAVE_SYS_TIME_H 1
| #define HAVE_SYS_RESOURCE_H 1
| #define HAVE_FCNTL_H 1
| #define HAVE_FPU_CONTROL_H 1
| #define HAVE_DLFCN_H 1
| #define HAVE_ERRNO_H 1
| #define HAVE_SYS_STAT_H 1
| #define HAVE_GETRUSAGE 1
| #define HAVE_TIME 1
| #define HAVE_SIGACTION 1
| #define HAVE_LIBNSL 1
| #define HAVE_ZLIB_H 1
| #define PKGVERSION "(GDB) "
| #define REPORT_BUGS_TO "<http://www.gnu.org/software/gdb/bugs/>"
| #define RETSIGTYPE void
| /* end confdefs.h.  */
| #ifndef __APPLE_CC__
| 	       not a universal capable compiler
| 	     #endif
| 	     typedef int dummy;
| 
configure:4727: i686-linux-gnu-gcc -c -O2  conftest.c >&5
configure:4727: $? = 0
configure:4745: i686-linux-gnu-gcc -c -O2  conftest.c >&5
conftest.c: In function 'main':
conftest.c:46:4: error: unknown type name 'not'
    not big endian
    ^
conftest.c:46:12: error: expected '=', ',', ';', 'asm' or '__attribute__' before 'endian'
    not big endian
            ^
configure:4745: $? = 1
configure: failed program was:
| /* confdefs.h */
| #define PACKAGE_NAME ""
| #define PACKAGE_TARNAME ""
| #define PACKAGE_VERSION ""
| #define PACKAGE_STRING ""
| #define PACKAGE_BUGREPORT ""
| #define PACKAGE_URL ""
| #define STDC_HEADERS 1
| #define HAVE_SYS_TYPES_H 1
| #define HAVE_SYS_STAT_H 1
| #define HAVE_STDLIB_H 1
| #define HAVE_STRING_H 1
| #define HAVE_MEMORY_H 1
| #define HAVE_STRINGS_H 1
| #define HAVE_INTTYPES_H 1
| #define HAVE_STDINT_H 1
| #define HAVE_UNISTD_H 1
| #define HAVE_STDLIB_H 1
| #define HAVE_STRING_H 1
| #define HAVE_STRINGS_H 1
| #define HAVE_UNISTD_H 1
| #define HAVE_TIME_H 1
| #define HAVE_SYS_TIME_H 1
| #define HAVE_SYS_RESOURCE_H 1
| #define HAVE_FCNTL_H 1
| #define HAVE_FPU_CONTROL_H 1
| #define HAVE_DLFCN_H 1
| #define HAVE_ERRNO_H 1
| #define HAVE_SYS_STAT_H 1
| #define HAVE_GETRUSAGE 1
| #define HAVE_TIME 1
| #define HAVE_SIGACTION 1
| #define HAVE_LIBNSL 1
| #define HAVE_ZLIB_H 1
| #define PKGVERSION "(GDB) "
| #define REPORT_BUGS_TO "<http://www.gnu.org/software/gdb/bugs/>"
| #define RETSIGTYPE void
| /* end confdefs.h.  */
| #include <sys/types.h>
| 		#include <sys/param.h>
| 
| int
| main ()
| {
| #if BYTE_ORDER != BIG_ENDIAN
| 		 not big endian
| 		#endif
| 
|   ;
|   return 0;
| }
configure:4873: result: no
configure:4959: checking compiler warning flags
configure:4980: i686-linux-gnu-gcc -c -O2 -Wimplicit  conftest.c >&5
configure:4980: $? = 0
configure:4980: i686-linux-gnu-gcc -c -O2 -Wreturn-type  conftest.c >&5
configure:4980: $? = 0
configure:4980: i686-linux-gnu-gcc -c -O2 -Wcomment  conftest.c >&5
configure:4980: $? = 0
configure:4980: i686-linux-gnu-gcc -c -O2 -Wtrigraphs  conftest.c >&5
configure:4980: $? = 0
configure:4980: i686-linux-gnu-gcc -c -O2 -Wformat  conftest.c >&5
configure:4980: $? = 0
configure:4980: i686-linux-gnu-gcc -c -O2 -Wparentheses  conftest.c >&5
configure:4980: $? = 0
configure:4980: i686-linux-gnu-gcc -c -O2 -Wpointer-arith  conftest.c >&5
configure:4980: $? = 0
configure:4980: i686-linux-gnu-gcc -c -O2 -Wuninitialized  conftest.c >&5
configure:4980: $? = 0
configure:4987: result:  -Wimplicit -Wreturn-type -Wcomment -Wtrigraphs -Wformat -Wparentheses -Wpointer-arith -Wuninitialized
configure:5624: checking for X
configure:5802: result: disabled
configure:5823: checking for string.h
configure:5823: result: yes
configure:5823: checking for strings.h
configure:5823: result: yes
configure:5823: checking for stdlib.h
configure:5823: result: yes
configure:5823: checking for stdlib.h
configure:5823: result: yes
configure:5834: checking for fabs in -lm
configure:5859: i686-linux-gnu-gcc -o conftest -O2    conftest.c -lm  -lz -lnsl  >&5
conftest.c:50:6: warning: conflicting types for built-in function 'fabs' [enabled by default]
 char fabs ();
      ^
configure:5859: $? = 0
configure:5868: result: yes
configure:5882: checking for aint
configure:5882: i686-linux-gnu-gcc -o conftest -O2    conftest.c -lm -lz -lnsl  >&5
/tmp/ccNmK0u2.o: In function `main':
conftest.c:(.text.startup+0x7): undefined reference to `aint'
collect2: error: ld returned 1 exit status
configure:5882: $? = 1
configure: failed program was:
| /* confdefs.h */
| #define PACKAGE_NAME ""
| #define PACKAGE_TARNAME ""
| #define PACKAGE_VERSION ""
| #define PACKAGE_STRING ""
| #define PACKAGE_BUGREPORT ""
| #define PACKAGE_URL ""
| #define STDC_HEADERS 1
| #define HAVE_SYS_TYPES_H 1
| #define HAVE_SYS_STAT_H 1
| #define HAVE_STDLIB_H 1
| #define HAVE_STRING_H 1
| #define HAVE_MEMORY_H 1
| #define HAVE_STRINGS_H 1
| #define HAVE_INTTYPES_H 1
| #define HAVE_STDINT_H 1
| #define HAVE_UNISTD_H 1
| #define HAVE_STDLIB_H 1
| #define HAVE_STRING_H 1
| #define HAVE_STRINGS_H 1
| #define HAVE_UNISTD_H 1
| #define HAVE_TIME_H 1
| #define HAVE_SYS_TIME_H 1
| #define HAVE_SYS_RESOURCE_H 1
| #define HAVE_FCNTL_H 1
| #define HAVE_FPU_CONTROL_H 1
| #define HAVE_DLFCN_H 1
| #define HAVE_ERRNO_H 1
| #define HAVE_SYS_STAT_H 1
| #define HAVE_GETRUSAGE 1
| #define HAVE_TIME 1
| #define HAVE_SIGACTION 1
| #define HAVE_LIBNSL 1
| #define HAVE_ZLIB_H 1
| #define PKGVERSION "(GDB) "
| #define REPORT_BUGS_TO "<http://www.gnu.org/software/gdb/bugs/>"
| #define RETSIGTYPE void
| #define HAVE_STRING_H 1
| #define HAVE_STRINGS_H 1
| #define HAVE_STDLIB_H 1
| #define HAVE_STDLIB_H 1
| #define HAVE_LIBM 1
| /* end confdefs.h.  */
| /* Define aint to an innocuous variant, in case <limits.h> declares aint.
|    For example, HP-UX 11i <limits.h> declares gettimeofday.  */
| #define aint innocuous_aint
| 
| /* System header to define __stub macros and hopefully few prototypes,
|     which can conflict with char aint (); below.
|     Prefer <limits.h> to <assert.h> if __STDC__ is defined, since
|     <limits.h> exists even on freestanding compilers.  */
| 
| #ifdef __STDC__
| # include <limits.h>
| #else
| # include <assert.h>
| #endif
| 
| #undef aint
| 
| /* Override any GCC internal prototype to avoid an error.
|    Use char because int might match the return type of a GCC
|    builtin and then its argument prototype would still apply.  */
| #ifdef __cplusplus
| extern "C"
| #endif
| char aint ();
| /* The GNU C library defines this for functions which it implements
|     to always fail with ENOSYS.  Some functions are actually named
|     something starting with __ and the normal name is an alias.  */
| #if defined __stub_aint || defined __stub___aint
| choke me
| #endif
| 
| int
| main ()
| {
| return aint ();
|   ;
|   return 0;
| }
configure:5882: result: no
configure:5882: checking for anint
configure:5882: i686-linux-gnu-gcc -o conftest -O2    conftest.c -lm -lz -lnsl  >&5
/tmp/ccXl6oZ8.o: In function `main':
conftest.c:(.text.startup+0x7): undefined reference to `anint'
collect2: error: ld returned 1 exit status
configure:5882: $? = 1
configure: failed program was:
| /* confdefs.h */
| #define PACKAGE_NAME ""
| #define PACKAGE_TARNAME ""
| #define PACKAGE_VERSION ""
| #define PACKAGE_STRING ""
| #define PACKAGE_BUGREPORT ""
| #define PACKAGE_URL ""
| #define STDC_HEADERS 1
| #define HAVE_SYS_TYPES_H 1
| #define HAVE_SYS_STAT_H 1
| #define HAVE_STDLIB_H 1
| #define HAVE_STRING_H 1
| #define HAVE_MEMORY_H 1
| #define HAVE_STRINGS_H 1
| #define HAVE_INTTYPES_H 1
| #define HAVE_STDINT_H 1
| #define HAVE_UNISTD_H 1
| #define HAVE_STDLIB_H 1
| #define HAVE_STRING_H 1
| #define HAVE_STRINGS_H 1
| #define HAVE_UNISTD_H 1
| #define HAVE_TIME_H 1
| #define HAVE_SYS_TIME_H 1
| #define HAVE_SYS_RESOURCE_H 1
| #define HAVE_FCNTL_H 1
| #define HAVE_FPU_CONTROL_H 1
| #define HAVE_DLFCN_H 1
| #define HAVE_ERRNO_H 1
| #define HAVE_SYS_STAT_H 1
| #define HAVE_GETRUSAGE 1
| #define HAVE_TIME 1
| #define HAVE_SIGACTION 1
| #define HAVE_LIBNSL 1
| #define HAVE_ZLIB_H 1
| #define PKGVERSION "(GDB) "
| #define REPORT_BUGS_TO "<http://www.gnu.org/software/gdb/bugs/>"
| #define RETSIGTYPE void
| #define HAVE_STRING_H 1
| #define HAVE_STRINGS_H 1
| #define HAVE_STDLIB_H 1
| #define HAVE_STDLIB_H 1
| #define HAVE_LIBM 1
| /* end confdefs.h.  */
| /* Define anint to an innocuous variant, in case <limits.h> declares anint.
|    For example, HP-UX 11i <limits.h> declares gettimeofday.  */
| #define anint innocuous_anint
| 
| /* System header to define __stub macros and hopefully few prototypes,
|     which can conflict with char anint (); below.
|     Prefer <limits.h> to <assert.h> if __STDC__ is defined, since
|     <limits.h> exists even on freestanding compilers.  */
| 
| #ifdef __STDC__
| # include <limits.h>
| #else
| # include <assert.h>
| #endif
| 
| #undef anint
| 
| /* Override any GCC internal prototype to avoid an error.
|    Use char because int might match the return type of a GCC
|    builtin and then its argument prototype would still apply.  */
| #ifdef __cplusplus
| extern "C"
| #endif
| char anint ();
| /* The GNU C library defines this for functions which it implements
|     to always fail with ENOSYS.  Some functions are actually named
|     something starting with __ and the normal name is an alias.  */
| #if defined __stub_anint || defined __stub___anint
| choke me
| #endif
| 
| int
| main ()
| {
| return anint ();
|   ;
|   return 0;
| }
configure:5882: result: no
configure:5882: checking for sqrt
configure:5882: i686-linux-gnu-gcc -o conftest -O2    conftest.c -lm -lz -lnsl  >&5
conftest.c:67:6: warning: conflicting types for built-in function 'sqrt' [enabled by default]
 char sqrt ();
      ^
configure:5882: $? = 0
configure:5882: result: yes
configure:5983: updating cache .././config.cache
configure:6021: creating ./config.status

## ---------------------- ##
## Running config.status. ##
## ---------------------- ##

This file was extended by config.status, which was
generated by GNU Autoconf 2.64.  Invocation command line was

  CONFIG_FILES    = 
  CONFIG_HEADERS  = 
  CONFIG_LINKS    = 
  CONFIG_COMMANDS = 
  $ ./config.status 

on ubuntu

config.status:913: creating Makefile.sim
config.status:913: creating Make-common.sim
config.status:913: creating .gdbinit
config.status:913: creating config.h
config.status:1105: linking tconfig.in to tconfig.h
config.status:1105: linking ../common/nltvals.def to targ-vals.def
config.status:1124: executing Makefile commands
config.status:1124: executing stamp-h commands

## ---------------- ##
## Cache variables. ##
## ---------------- ##

ac_cv_build=i686-pc-linux-gnu
ac_cv_c_bigendian=no
ac_cv_c_compiler_gnu=yes
ac_cv_env_CC_set=set
ac_cv_env_CC_value=i686-linux-gnu-gcc
ac_cv_env_CFLAGS_set=set
ac_cv_env_CFLAGS_value=-O2
ac_cv_env_CPPFLAGS_set=
ac_cv_env_CPPFLAGS_value=
ac_cv_env_CPP_set=
ac_cv_env_CPP_value=
ac_cv_env_LDFLAGS_set=set
ac_cv_env_LDFLAGS_value=' '
ac_cv_env_LIBS_set=
ac_cv_env_LIBS_value=
ac_cv_env_XMKMF_set=
ac_cv_env_XMKMF_value=
ac_cv_env_build_alias_set=set
ac_cv_env_build_alias_value=i686-linux-gnu
ac_cv_env_host_alias_set=set
ac_cv_env_host_alias_value=i686-linux-gnu
ac_cv_env_target_alias_set=set
ac_cv_env_target_alias_value=mips-openwrt-linux-uclibc
ac_cv_func___setfpucw=no
ac_cv_func_aint=no
ac_cv_func_anint=no
ac_cv_func_getrusage=yes
ac_cv_func_sigaction=yes
ac_cv_func_sqrt=yes
ac_cv_func_time=yes
ac_cv_header_dlfcn_h=yes
ac_cv_header_errno_h=yes
ac_cv_header_fcntl_h=yes
ac_cv_header_fpu_control_h=yes
ac_cv_header_inttypes_h=yes
ac_cv_header_memory_h=yes
ac_cv_header_stdc=yes
ac_cv_header_stdint_h=yes
ac_cv_header_stdlib_h=yes
ac_cv_header_string_h=yes
ac_cv_header_strings_h=yes
ac_cv_header_sys_resource_h=yes
ac_cv_header_sys_stat_h=yes
ac_cv_header_sys_time_h=yes
ac_cv_header_sys_types_h=yes
ac_cv_header_time_h=yes
ac_cv_header_unistd_h=yes
ac_cv_header_zlib_h=yes
ac_cv_host=i686-pc-linux-gnu
ac_cv_lib_m_fabs=yes
ac_cv_lib_nsl_gethostbyname=yes
ac_cv_lib_socket_bind=no
ac_cv_objext=o
ac_cv_path_EGREP='/bin/grep -E'
ac_cv_path_GREP=/bin/grep
ac_cv_prog_AR=i686-linux-gnu-ar
ac_cv_prog_CC=i686-linux-gnu-gcc
ac_cv_prog_CPP='i686-linux-gnu-gcc -E'
ac_cv_prog_RANLIB=i686-linux-gnu-ranlib
ac_cv_prog_cc_c89=
ac_cv_prog_cc_g=yes
ac_cv_search_zlibVersion=-lz
ac_cv_target=mips-openwrt-linux-uclibc
ac_cv_type_signal=void

## ----------------- ##
## Output variables. ##
## ----------------- ##

AR='i686-linux-gnu-ar'
CATALOGS=''
CATOBJEXT=''
CC='i686-linux-gnu-gcc'
CC_FOR_BUILD='$(CC)'
CFLAGS='-O2'
CPP='i686-linux-gnu-gcc -E'
CPPFLAGS=''
DATADIRNAME=''
DEFS='-DHAVE_CONFIG_H'
ECHO_C=''
ECHO_N='-n'
ECHO_T=''
EGREP='/bin/grep -E'
EXEEXT=''
GENCAT=''
GMSGFMT='/usr/bin/msgfmt'
GREP='/bin/grep'
HDEFINES=''
INCINTL=''
INSTALL_DATA='/usr/bin/install -c -m 644'
INSTALL_PROGRAM='/usr/bin/install -c'
INSTALL_SCRIPT='/usr/bin/install -c'
INSTOBJEXT=''
LDFLAGS=' '
LIBINTL=''
LIBINTL_DEP=''
LIBOBJS=''
LIBS='-lm -lz -lnsl '
LTLIBOBJS=''
MAINT='#'
OBJEXT='o'
PACKAGE_BUGREPORT=''
PACKAGE_NAME=''
PACKAGE_STRING=''
PACKAGE_TARNAME=''
PACKAGE_URL=''
PACKAGE_VERSION=''
PATH_SEPARATOR=':'
PKGVERSION='(GDB) '
POSUB=''
RANLIB='i686-linux-gnu-ranlib'
REPORT_BUGS_TEXI='@uref{http://www.gnu.org/software/gdb/bugs/}'
REPORT_BUGS_TO='<http://www.gnu.org/software/gdb/bugs/>'
SHELL='/bin/bash'
SIM_SUBTARGET=' -DMIPS_MACH_DEFAULT=bfd_mach_mips8000'
USE_NLS='no'
WARN_CFLAGS=' -Wimplicit -Wreturn-type -Wcomment -Wtrigraphs -Wformat -Wparentheses -Wpointer-arith -Wuninitialized'
WERROR_CFLAGS=''
XGETTEXT='/usr/bin/xgettext'
XMKMF=''
ac_ct_CC=''
bindir='${exec_prefix}/bin'
build='i686-pc-linux-gnu'
build_alias='i686-linux-gnu'
build_cpu='i686'
build_os='linux-gnu'
build_vendor='pc'
cgen_breaks=''
datadir='${datarootdir}'
datarootdir='${prefix}/share'
docdir='${datarootdir}/doc/${PACKAGE}'
dvidir='${docdir}'
exec_prefix='${prefix}'
host='i686-pc-linux-gnu'
host_alias='i686-linux-gnu'
host_cpu='i686'
host_os='linux-gnu'
host_vendor='pc'
htmldir='${docdir}'
includedir='${prefix}/include'
infodir='${datarootdir}/info'
libdir='${exec_prefix}/lib'
libexecdir='${exec_prefix}/libexec'
localedir='${datarootdir}/locale'
localstatedir='${prefix}/var'
mandir='${datarootdir}/man'
mips_extra_libs=''
mips_extra_objs=''
mips_igen_engine='engine.o'
oldincludedir='/usr/include'
pdfdir='${docdir}'
prefix='/home/ubuntu/Archer_C7_V5/openwrt/staging_dir/toolchain-mips_r2_gcc-4.6-linaro_uClibc-0.9.33.2'
program_transform_name='s&^&mips-openwrt-linux-uclibc-&'
psdir='${docdir}'
sbindir='${exec_prefix}/sbin'
sharedstatedir='${prefix}/com'
sim_alignment='-DWITH_ALIGNMENT=NONSTRICT_ALIGNMENT'
sim_assert=''
sim_bitsize=' -DWITH_TARGET_WORD_BITSIZE=32 -DWITH_TARGET_WORD_MSB=31'
sim_bswap=''
sim_cflags=''
sim_debug=''
sim_default_model=''
sim_endian='-DWITH_DEFAULT_TARGET_BYTE_ORDER=BIG_ENDIAN'
sim_environment=''
sim_float='-DWITH_FLOATING_POINT=HARD_FLOATING_POINT -DWITH_TARGET_FLOATING_POINT_BITSIZE=32'
sim_gen='IGEN'
sim_hostendian='-DWITH_HOST_BYTE_ORDER=LITTLE_ENDIAN'
sim_hw=''
sim_hw_cflags='-DWITH_HW=0'
sim_hw_objs=''
sim_igen_flags='-F 32,f -M mipsIV -N 0'
sim_inline=''
sim_m16_flags=' -F 16  -M mips16,mipsIII  -N 0'
sim_multi_flags=''
sim_multi_igen_configs=''
sim_multi_obj=''
sim_multi_src='doesnt-exist.c'
sim_packages=''
sim_profile='-DPROFILE=1 -DWITH_PROFILE=-1'
sim_regparm=''
sim_reserved_bits='-DWITH_RESERVED_BITS=1'
sim_scache=''
sim_smp='-DWITH_SMP=0'
sim_stdcall=''
sim_stdio=''
sim_trace=''
sim_xor_endian=''
sysconfdir='${prefix}/etc'
target='mips-openwrt-linux-uclibc'
target_alias='mips-openwrt-linux-uclibc'
target_cpu='mips'
target_os='linux-uclibc'
target_vendor='openwrt'

## ----------- ##
## confdefs.h. ##
## ----------- ##

/* confdefs.h */
#define PACKAGE_NAME ""
#define PACKAGE_TARNAME ""
#define PACKAGE_VERSION ""
#define PACKAGE_STRING ""
#define PACKAGE_BUGREPORT ""
#define PACKAGE_URL ""
#define STDC_HEADERS 1
#define HAVE_SYS_TYPES_H 1
#define HAVE_SYS_STAT_H 1
#define HAVE_STDLIB_H 1
#define HAVE_STRING_H 1
#define HAVE_MEMORY_H 1
#define HAVE_STRINGS_H 1
#define HAVE_INTTYPES_H 1
#define HAVE_STDINT_H 1
#define HAVE_UNISTD_H 1
#define HAVE_STDLIB_H 1
#define HAVE_STRING_H 1
#define HAVE_STRINGS_H 1
#define HAVE_UNISTD_H 1
#define HAVE_TIME_H 1
#define HAVE_SYS_TIME_H 1
#define HAVE_SYS_RESOURCE_H 1
#define HAVE_FCNTL_H 1
#define HAVE_FPU_CONTROL_H 1
#define HAVE_DLFCN_H 1
#define HAVE_ERRNO_H 1
#define HAVE_SYS_STAT_H 1
#define HAVE_GETRUSAGE 1
#define HAVE_TIME 1
#define HAVE_SIGACTION 1
#define HAVE_LIBNSL 1
#define HAVE_ZLIB_H 1
#define PKGVERSION "(GDB) "
#define REPORT_BUGS_TO "<http://www.gnu.org/software/gdb/bugs/>"
#define RETSIGTYPE void
#define HAVE_STRING_H 1
#define HAVE_STRINGS_H 1
#define HAVE_STDLIB_H 1
#define HAVE_STDLIB_H 1
#define HAVE_LIBM 1
#define HAVE_SQRT 1

configure: exit 0
