This file contains any messages produced by compilers while
running configure, to aid debugging if configure makes a mistake.

It was created by sysstat configure 10.1.7, which was
generated by GNU Autoconf 2.69.  Invocation command line was

  $ ./configure --program-prefix= --program-suffix= --prefix=/usr --exec-prefix=/usr --bindir=/usr/bin --sbindir=/usr/sbin --libexecdir=/usr/lib --sysconfdir=/etc --datadir=/usr/share --localstatedir=/var --mandir=/usr/man --infodir=/usr/info --disable-nls --disable-documentation --host=arm

## --------- ##
## Platform. ##
## --------- ##

hostname = ubuntu
uname -m = x86_64
uname -r = 4.4.0-148-generic
uname -s = Linux
uname -v = #174~14.04.1-Ubuntu SMP Thu May 9 08:17:37 UTC 2019

/usr/bin/uname -p = unknown
/bin/uname -X     = unknown

/bin/arch              = unknown
/usr/bin/arch -k       = unknown
/usr/convex/getsysinfo = unknown
/usr/bin/hostinfo      = unknown
/bin/machine           = unknown
/usr/bin/oslevel       = unknown
/bin/universe          = unknown

PATH: /home/ubuntu/tp-link/GPL_X5700_1/iplatform/staging_dir/target-arm-openwrt-linux-uclibc-/host/bin
PATH: /home/ubuntu/tp-link/GPL_X5700_1/iplatform/staging_dir/toolchain-arm-openwrt-linux-uclibc/bin
PATH: /home/ubuntu/tp-link/GPL_X5700_1/iplatform/staging_dir/host/bin
PATH: /home/ubuntu/tp-link/GPL_X5700_1/iplatform/staging_dir/toolchain-arm-openwrt-linux-uclibc/bin
PATH: /home/ubuntu/tp-link/GPL_X5700_1/iplatform/staging_dir/host/bin
PATH: /home/ubuntu/tp-link/GPL_X5700_1/iplatform/staging_dir/toolchain-arm-openwrt-linux-uclibc/bin
PATH: /home/ubuntu/tp-link/GPL_X5700_1/iplatform/staging_dir/host/bin
PATH: /usr/local/sbin
PATH: /usr/local/bin
PATH: /usr/sbin
PATH: /usr/bin
PATH: /sbin
PATH: /bin
PATH: /usr/games
PATH: /usr/local/games
PATH: /home/ubuntu/tp-link/GPL_X5700_1/iplatform/../bcm675x/toolchain/opt/toolchains/crosstools-arm-gcc-5.5-linux-4.1-glibc-2.26-binutils-2.28.1/usr/bin
PATH: /home/ubuntu/tp-link/GPL_X5700_1/iplatform/../bcm675x/toolchain/opt/toolchains/crosstools-aarch64-gcc-5.5-linux-4.1-glibc-2.26-binutils-2.28.1/usr/bin
PATH: /home/ubuntu/tp-link/GPL_X5700_1/iplatform/../bcm675x/toolchain/opt/toolchains/crosstools-arm-gcc-5.5-linux-4.1-glibc-2.26-binutils-2.28.1/usr/bin
PATH: /home/ubuntu/tp-link/GPL_X5700_1/iplatform/../bcm675x/toolchain/opt/toolchains/crosstools-aarch64-gcc-5.5-linux-4.1-glibc-2.26-binutils-2.28.1/usr/bin
PATH: /home/ubuntu/tp-link/GPL_X5700_1/iplatform/../bcm675x/toolchain/opt/toolchains/crosstools-arm-gcc-5.5-linux-4.1-glibc-2.26-binutils-2.28.1/usr/bin
PATH: /home/ubuntu/tp-link/GPL_X5700_1/iplatform/../bcm675x/toolchain/opt/toolchains/crosstools-aarch64-gcc-5.5-linux-4.1-glibc-2.26-binutils-2.28.1/usr/bin


## ----------- ##
## Core tests. ##
## ----------- ##

configure:2152: loading site script /home/ubuntu/tp-link/GPL_X5700_1/iplatform/include/site/arm-openwrt-linux-uclibc
| #!/bin/sh
| 
| . $TOPDIR/include/site/arm-linux
| . $TOPDIR/include/site/linux-uclibc
| 
configure:2268: checking for arm-gcc
configure:2298: result: no
configure:2308: checking for gcc
configure:2324: found /usr/bin/gcc
configure:2335: result: gcc
configure:2564: checking for C compiler version
configure:2573: gcc --version >&5
gcc (Ubuntu 4.8.4-2ubuntu1~14.04.4) 4.8.4
Copyright (C) 2013 Free Software Foundation, Inc.
This is free software; see the source for copying conditions.  There is NO
warranty; not even for MERCHANTABILITY or FITNESS FOR A PARTICULAR PURPOSE.

configure:2584: $? = 0
configure:2573: gcc -v >&5
Using built-in specs.
COLLECT_GCC=gcc
COLLECT_LTO_WRAPPER=/usr/lib/gcc/x86_64-linux-gnu/4.8/lto-wrapper
Target: x86_64-linux-gnu
Configured with: ../src/configure -v --with-pkgversion='Ubuntu 4.8.4-2ubuntu1~14.04.4' --with-bugurl=file:///usr/share/doc/gcc-4.8/README.Bugs --enable-languages=c,c++,java,go,d,fortran,objc,obj-c++ --prefix=/usr --program-suffix=-4.8 --enable-shared --enable-linker-build-id --libexecdir=/usr/lib --without-included-gettext --enable-threads=posix --with-gxx-include-dir=/usr/include/c++/4.8 --libdir=/usr/lib --enable-nls --with-sysroot=/ --enable-clocale=gnu --enable-libstdcxx-debug --enable-libstdcxx-time=yes --enable-gnu-unique-object --disable-libmudflap --enable-plugin --with-system-zlib --disable-browser-plugin --enable-java-awt=gtk --enable-gtk-cairo --with-java-home=/usr/lib/jvm/java-1.5.0-gcj-4.8-amd64/jre --enable-java-home --with-jvm-root-dir=/usr/lib/jvm/java-1.5.0-gcj-4.8-amd64 --with-jvm-jar-dir=/usr/lib/jvm-exports/java-1.5.0-gcj-4.8-amd64 --with-arch-directory=amd64 --with-ecj-jar=/usr/share/java/eclipse-ecj.jar --enable-objc-gc --enable-multiarch --disable-werror --with-arch-32=i686 --with-abi=m64 --with-multilib-list=m32,m64,mx32 --with-tune=generic --enable-checking=release --build=x86_64-linux-gnu --host=x86_64-linux-gnu --target=x86_64-linux-gnu
Thread model: posix
gcc version 4.8.4 (Ubuntu 4.8.4-2ubuntu1~14.04.4) 
configure:2584: $? = 0
configure:2573: gcc -V >&5
gcc: error: unrecognized command line option '-V'
gcc: fatal error: no input files
compilation terminated.
configure:2584: $? = 4
configure:2573: gcc -qversion >&5
gcc: error: unrecognized command line option '-qversion'
gcc: fatal error: no input files
compilation terminated.
configure:2584: $? = 4
configure:2604: checking whether the C compiler works
configure:2626: gcc    conftest.c  >&5
configure:2630: $? = 0
configure:2678: result: yes
configure:2681: checking for C compiler default output file name
configure:2683: result: a.out
configure:2689: checking for suffix of executables
configure:2696: gcc -o conftest    conftest.c  >&5
configure:2700: $? = 0
configure:2722: result: 
configure:2744: checking whether we are cross compiling
configure:2752: gcc -o conftest    conftest.c  >&5
configure:2756: $? = 0
configure:2763: ./conftest
configure:2767: $? = 0
configure:2782: result: no
configure:2787: checking for suffix of object files
configure:2809: gcc -c   conftest.c >&5
configure:2813: $? = 0
configure:2834: result: o
configure:2838: checking whether we are using the GNU C compiler
configure:2857: gcc -c   conftest.c >&5
configure:2857: $? = 0
configure:2866: result: yes
configure:2875: checking whether gcc accepts -g
configure:2895: gcc -c -g  conftest.c >&5
configure:2895: $? = 0
configure:2936: result: yes
configure:2953: checking for gcc option to accept ISO C89
configure:3016: gcc  -c   conftest.c >&5
configure:3016: $? = 0
configure:3029: result: none needed
configure:3055: checking how to run the C preprocessor
configure:3086: gcc -E  conftest.c
configure:3086: $? = 0
configure:3100: gcc -E  conftest.c
conftest.c:9:28: fatal error: ac_nonexistent.h: No such file or directory
 #include <ac_nonexistent.h>
                            ^
compilation terminated.
configure:3100: $? = 1
configure: failed program was:
| /* confdefs.h */
| #define PACKAGE_NAME "sysstat"
| #define PACKAGE_TARNAME "sysstat"
| #define PACKAGE_VERSION "10.1.7"
| #define PACKAGE_STRING "sysstat 10.1.7"
| #define PACKAGE_BUGREPORT ""
| #define PACKAGE_URL ""
| /* end confdefs.h.  */
| #include <ac_nonexistent.h>
configure:3125: result: gcc -E
configure:3145: gcc -E  conftest.c
configure:3145: $? = 0
configure:3159: gcc -E  conftest.c
conftest.c:9:28: fatal error: ac_nonexistent.h: No such file or directory
 #include <ac_nonexistent.h>
                            ^
compilation terminated.
configure:3159: $? = 1
configure: failed program was:
| /* confdefs.h */
| #define PACKAGE_NAME "sysstat"
| #define PACKAGE_TARNAME "sysstat"
| #define PACKAGE_VERSION "10.1.7"
| #define PACKAGE_STRING "sysstat 10.1.7"
| #define PACKAGE_BUGREPORT ""
| #define PACKAGE_URL ""
| /* end confdefs.h.  */
| #include <ac_nonexistent.h>
configure:3188: checking for grep that handles long lines and -e
configure:3246: result: /bin/grep
configure:3251: checking for egrep
configure:3313: result: /bin/grep -E
configure:3318: checking for ANSI C header files
configure:3338: gcc -c   conftest.c >&5
configure:3338: $? = 0
configure:3411: gcc -o conftest    conftest.c  >&5
configure:3411: $? = 0
configure:3411: ./conftest
configure:3411: $? = 0
configure:3422: result: yes
configure:3435: checking for sys/types.h
configure:3435: gcc -c   conftest.c >&5
configure:3435: $? = 0
configure:3435: result: yes
configure:3435: checking for sys/stat.h
configure:3435: gcc -c   conftest.c >&5
configure:3435: $? = 0
configure:3435: result: yes
configure:3435: checking for stdlib.h
configure:3435: gcc -c   conftest.c >&5
configure:3435: $? = 0
configure:3435: result: yes
configure:3435: checking for string.h
configure:3435: gcc -c   conftest.c >&5
configure:3435: $? = 0
configure:3435: result: yes
configure:3435: checking for memory.h
configure:3435: gcc -c   conftest.c >&5
configure:3435: $? = 0
configure:3435: result: yes
configure:3435: checking for strings.h
configure:3435: gcc -c   conftest.c >&5
configure:3435: $? = 0
configure:3435: result: yes
configure:3435: checking for inttypes.h
configure:3435: gcc -c   conftest.c >&5
configure:3435: $? = 0
configure:3435: result: yes
configure:3435: checking for stdint.h
configure:3435: gcc -c   conftest.c >&5
configure:3435: $? = 0
configure:3435: result: yes
configure:3435: checking for unistd.h
configure:3435: gcc -c   conftest.c >&5
configure:3435: $? = 0
configure:3435: result: yes
configure:3448: checking minix/config.h usability
configure:3448: gcc -c   conftest.c >&5
conftest.c:52:26: fatal error: minix/config.h: No such file or directory
 #include <minix/config.h>
                          ^
compilation terminated.
configure:3448: $? = 1
configure: failed program was:
| /* confdefs.h */
| #define PACKAGE_NAME "sysstat"
| #define PACKAGE_TARNAME "sysstat"
| #define PACKAGE_VERSION "10.1.7"
| #define PACKAGE_STRING "sysstat 10.1.7"
| #define PACKAGE_BUGREPORT ""
| #define PACKAGE_URL ""
| #define STDC_HEADERS 1
| #define HAVE_SYS_TYPES_H 1
| #define HAVE_SYS_STAT_H 1
| #define HAVE_STDLIB_H 1
| #define HAVE_STRING_H 1
| #define HAVE_MEMORY_H 1
| #define HAVE_STRINGS_H 1
| #define HAVE_INTTYPES_H 1
| #define HAVE_STDINT_H 1
| #define HAVE_UNISTD_H 1
| /* end confdefs.h.  */
| #include <stdio.h>
| #ifdef HAVE_SYS_TYPES_H
| # include <sys/types.h>
| #endif
| #ifdef HAVE_SYS_STAT_H
| # include <sys/stat.h>
| #endif
| #ifdef STDC_HEADERS
| # include <stdlib.h>
| # include <stddef.h>
| #else
| # ifdef HAVE_STDLIB_H
| #  include <stdlib.h>
| # endif
| #endif
| #ifdef HAVE_STRING_H
| # if !defined STDC_HEADERS && defined HAVE_MEMORY_H
| #  include <memory.h>
| # endif
| # include <string.h>
| #endif
| #ifdef HAVE_STRINGS_H
| # include <strings.h>
| #endif
| #ifdef HAVE_INTTYPES_H
| # include <inttypes.h>
| #endif
| #ifdef HAVE_STDINT_H
| # include <stdint.h>
| #endif
| #ifdef HAVE_UNISTD_H
| # include <unistd.h>
| #endif
| #include <minix/config.h>
configure:3448: result: no
configure:3448: checking minix/config.h presence
configure:3448: gcc -E  conftest.c
conftest.c:19:26: fatal error: minix/config.h: No such file or directory
 #include <minix/config.h>
                          ^
compilation terminated.
configure:3448: $? = 1
configure: failed program was:
| /* confdefs.h */
| #define PACKAGE_NAME "sysstat"
| #define PACKAGE_TARNAME "sysstat"
| #define PACKAGE_VERSION "10.1.7"
| #define PACKAGE_STRING "sysstat 10.1.7"
| #define PACKAGE_BUGREPORT ""
| #define PACKAGE_URL ""
| #define STDC_HEADERS 1
| #define HAVE_SYS_TYPES_H 1
| #define HAVE_SYS_STAT_H 1
| #define HAVE_STDLIB_H 1
| #define HAVE_STRING_H 1
| #define HAVE_MEMORY_H 1
| #define HAVE_STRINGS_H 1
| #define HAVE_INTTYPES_H 1
| #define HAVE_STDINT_H 1
| #define HAVE_UNISTD_H 1
| /* end confdefs.h.  */
| #include <minix/config.h>
configure:3448: result: no
configure:3448: checking for minix/config.h
configure:3448: result: no
configure:3469: checking whether it is safe to define __EXTENSIONS__
configure:3487: gcc -c   conftest.c >&5
configure:3487: $? = 0
configure:3494: result: yes
configure:3509: checking whether ln -s works
configure:3513: result: yes
configure:3525: checking for chmod
configure:3541: found /bin/chmod
configure:3552: result: chmod
configure:3562: checking for chown
configure:3578: found /bin/chown
configure:3589: result: chown
configure:3599: checking for ar
configure:3615: found /usr/bin/ar
configure:3626: result: ar
configure:3636: checking for install
configure:3652: found /usr/bin/install
configure:3663: result: install
configure:3673: checking for msgfmt
configure:3689: found /usr/bin/msgfmt
configure:3700: result: msgfmt
configure:3710: checking for xgettext
configure:3726: found /usr/bin/xgettext
configure:3737: result: xgettext
configure:3747: checking for msgmerge
configure:3763: found /usr/bin/msgmerge
configure:3774: result: msgmerge
configure:3786: checking for bzip2
configure:3802: found /bin/bzip2
configure:3813: result: bzip2
configure:3834: checking for cp
configure:3852: found /bin/cp
configure:3864: result: /bin/cp
configure:3880: checking for chkconfig
configure:3913: result: no
configure:3926: checking for pkg-config
configure:3953: result: /home/ubuntu/tp-link/GPL_X5700_1/iplatform/staging_dir/host/bin/pkg-config
configure:3965: checking for systemctl
configure:3998: result: no
configure:4028: checking for ANSI C header files
configure:4132: result: yes
configure:4143: checking for dirent.h that defines DIR
configure:4162: gcc -c   conftest.c >&5
configure:4162: $? = 0
configure:4170: result: yes
configure:4183: checking for library containing opendir
configure:4214: gcc -o conftest    conftest.c  >&5
configure:4214: $? = 0
configure:4231: result: none required
configure:4300: checking ctype.h usability
configure:4300: gcc -c   conftest.c >&5
configure:4300: $? = 0
configure:4300: result: yes
configure:4300: checking ctype.h presence
configure:4300: gcc -E  conftest.c
configure:4300: $? = 0
configure:4300: result: yes
configure:4300: checking for ctype.h
configure:4300: result: yes
configure:4312: checking errno.h usability
configure:4312: gcc -c   conftest.c >&5
configure:4312: $? = 0
configure:4312: result: yes
configure:4312: checking errno.h presence
configure:4312: gcc -E  conftest.c
configure:4312: $? = 0
configure:4312: result: yes
configure:4312: checking for errno.h
configure:4312: result: yes
configure:4324: checking libintl.h usability
configure:4324: gcc -c   conftest.c >&5
configure:4324: $? = 0
configure:4324: result: yes
configure:4324: checking libintl.h presence
configure:4324: gcc -E  conftest.c
configure:4324: $? = 0
configure:4324: result: yes
configure:4324: checking for libintl.h
configure:4324: result: yes
configure:4336: checking locale.h usability
configure:4336: gcc -c   conftest.c >&5
configure:4336: $? = 0
configure:4336: result: yes
configure:4336: checking locale.h presence
configure:4336: gcc -E  conftest.c
configure:4336: $? = 0
configure:4336: result: yes
configure:4336: checking for locale.h
configure:4336: result: yes
configure:4348: checking net/if.h usability
configure:4348: gcc -c   conftest.c >&5
configure:4348: $? = 0
configure:4348: result: yes
configure:4348: checking net/if.h presence
configure:4348: gcc -E  conftest.c
configure:4348: $? = 0
configure:4348: result: yes
configure:4348: checking for net/if.h
configure:4348: result: yes
configure:4360: checking regex.h usability
configure:4360: gcc -c   conftest.c >&5
configure:4360: $? = 0
configure:4360: result: yes
configure:4360: checking regex.h presence
configure:4360: gcc -E  conftest.c
configure:4360: $? = 0
configure:4360: result: yes
configure:4360: checking for regex.h
configure:4360: result: yes
configure:4372: checking signal.h usability
configure:4372: gcc -c   conftest.c >&5
configure:4372: $? = 0
configure:4372: result: yes
configure:4372: checking signal.h presence
configure:4372: gcc -E  conftest.c
configure:4372: $? = 0
configure:4372: result: yes
configure:4372: checking for signal.h
configure:4372: result: yes
configure:4384: checking stdio.h usability
configure:4384: gcc -c   conftest.c >&5
configure:4384: $? = 0
configure:4384: result: yes
configure:4384: checking stdio.h presence
configure:4384: gcc -E  conftest.c
configure:4384: $? = 0
configure:4384: result: yes
configure:4384: checking for stdio.h
configure:4384: result: yes
configure:4396: checking sys/file.h usability
configure:4396: gcc -c   conftest.c >&5
configure:4396: $? = 0
configure:4396: result: yes
configure:4396: checking sys/file.h presence
configure:4396: gcc -E  conftest.c
configure:4396: $? = 0
configure:4396: result: yes
configure:4396: checking for sys/file.h
configure:4396: result: yes
configure:4408: checking sys/ioctl.h usability
configure:4408: gcc -c   conftest.c >&5
configure:4408: $? = 0
configure:4408: result: yes
configure:4408: checking sys/ioctl.h presence
configure:4408: gcc -E  conftest.c
configure:4408: $? = 0
configure:4408: result: yes
configure:4408: checking for sys/ioctl.h
configure:4408: result: yes
configure:4420: checking for sys/stat.h
configure:4420: result: yes
configure:4434: checking return type of signal handlers
configure:4452: gcc -c   conftest.c >&5
conftest.c: In function 'main':
conftest.c:43:1: error: void value not ignored as it ought to be
 return *(signal (0, 0)) (0) == 1;
 ^
configure:4452: $? = 1
configure: failed program was:
| /* confdefs.h */
| #define PACKAGE_NAME "sysstat"
| #define PACKAGE_TARNAME "sysstat"
| #define PACKAGE_VERSION "10.1.7"
| #define PACKAGE_STRING "sysstat 10.1.7"
| #define PACKAGE_BUGREPORT ""
| #define PACKAGE_URL ""
| #define STDC_HEADERS 1
| #define HAVE_SYS_TYPES_H 1
| #define HAVE_SYS_STAT_H 1
| #define HAVE_STDLIB_H 1
| #define HAVE_STRING_H 1
| #define HAVE_MEMORY_H 1
| #define HAVE_STRINGS_H 1
| #define HAVE_INTTYPES_H 1
| #define HAVE_STDINT_H 1
| #define HAVE_UNISTD_H 1
| #define __EXTENSIONS__ 1
| #define _ALL_SOURCE 1
| #define _GNU_SOURCE 1
| #define _POSIX_PTHREAD_SEMANTICS 1
| #define _TANDEM_SOURCE 1
| #define STDC_HEADERS 1
| #define HAVE_DIRENT_H 1
| #define HAVE_CTYPE_H 1
| #define HAVE_ERRNO_H 1
| #define HAVE_LIBINTL_H 1
| #define HAVE_LOCALE_H 1
| #define HAVE_NET_IF_H 1
| #define HAVE_REGEX_H 1
| #define HAVE_SIGNAL_H 1
| #define HAVE_STDIO_H 1
| #define HAVE_SYS_FILE_H 1
| #define HAVE_SYS_IOCTL_H 1
| #define HAVE_SYS_STAT_H 1
| /* end confdefs.h.  */
| #include <sys/types.h>
| #include <signal.h>
| 
| int
| main ()
| {
| return *(signal (0, 0)) (0) == 1;
|   ;
|   return 0;
| }
configure:4459: result: void
configure:4467: checking for size_t
configure:4467: gcc -c   conftest.c >&5
configure:4467: $? = 0
configure:4467: gcc -c   conftest.c >&5
conftest.c: In function 'main':
conftest.c:74:21: error: expected expression before ')' token
 if (sizeof ((size_t)))
                     ^
configure:4467: $? = 1
configure: failed program was:
| /* confdefs.h */
| #define PACKAGE_NAME "sysstat"
| #define PACKAGE_TARNAME "sysstat"
| #define PACKAGE_VERSION "10.1.7"
| #define PACKAGE_STRING "sysstat 10.1.7"
| #define PACKAGE_BUGREPORT ""
| #define PACKAGE_URL ""
| #define STDC_HEADERS 1
| #define HAVE_SYS_TYPES_H 1
| #define HAVE_SYS_STAT_H 1
| #define HAVE_STDLIB_H 1
| #define HAVE_STRING_H 1
| #define HAVE_MEMORY_H 1
| #define HAVE_STRINGS_H 1
| #define HAVE_INTTYPES_H 1
| #define HAVE_STDINT_H 1
| #define HAVE_UNISTD_H 1
| #define __EXTENSIONS__ 1
| #define _ALL_SOURCE 1
| #define _GNU_SOURCE 1
| #define _POSIX_PTHREAD_SEMANTICS 1
| #define _TANDEM_SOURCE 1
| #define STDC_HEADERS 1
| #define HAVE_DIRENT_H 1
| #define HAVE_CTYPE_H 1
| #define HAVE_ERRNO_H 1
| #define HAVE_LIBINTL_H 1
| #define HAVE_LOCALE_H 1
| #define HAVE_NET_IF_H 1
| #define HAVE_REGEX_H 1
| #define HAVE_SIGNAL_H 1
| #define HAVE_STDIO_H 1
| #define HAVE_SYS_FILE_H 1
| #define HAVE_SYS_IOCTL_H 1
| #define HAVE_SYS_STAT_H 1
| #define RETSIGTYPE void
| /* end confdefs.h.  */
| #include <stdio.h>
| #ifdef HAVE_SYS_TYPES_H
| # include <sys/types.h>
| #endif
| #ifdef HAVE_SYS_STAT_H
| # include <sys/stat.h>
| #endif
| #ifdef STDC_HEADERS
| # include <stdlib.h>
| # include <stddef.h>
| #else
| # ifdef HAVE_STDLIB_H
| #  include <stdlib.h>
| # endif
| #endif
| #ifdef HAVE_STRING_H
| # if !defined STDC_HEADERS && defined HAVE_MEMORY_H
| #  include <memory.h>
| # endif
| # include <string.h>
| #endif
| #ifdef HAVE_STRINGS_H
| # include <strings.h>
| #endif
| #ifdef HAVE_INTTYPES_H
| # include <inttypes.h>
| #endif
| #ifdef HAVE_STDINT_H
| # include <stdint.h>
| #endif
| #ifdef HAVE_UNISTD_H
| # include <unistd.h>
| #endif
| int
| main ()
| {
| if (sizeof ((size_t)))
| 	    return 0;
|   ;
|   return 0;
| }
configure:4467: result: yes
configure:4478: checking for off_t
configure:4478: gcc -c   conftest.c >&5
configure:4478: $? = 0
configure:4478: gcc -c   conftest.c >&5
conftest.c: In function 'main':
conftest.c:74:20: error: expected expression before ')' token
 if (sizeof ((off_t)))
                    ^
configure:4478: $? = 1
configure: failed program was:
| /* confdefs.h */
| #define PACKAGE_NAME "sysstat"
| #define PACKAGE_TARNAME "sysstat"
| #define PACKAGE_VERSION "10.1.7"
| #define PACKAGE_STRING "sysstat 10.1.7"
| #define PACKAGE_BUGREPORT ""
| #define PACKAGE_URL ""
| #define STDC_HEADERS 1
| #define HAVE_SYS_TYPES_H 1
| #define HAVE_SYS_STAT_H 1
| #define HAVE_STDLIB_H 1
| #define HAVE_STRING_H 1
| #define HAVE_MEMORY_H 1
| #define HAVE_STRINGS_H 1
| #define HAVE_INTTYPES_H 1
| #define HAVE_STDINT_H 1
| #define HAVE_UNISTD_H 1
| #define __EXTENSIONS__ 1
| #define _ALL_SOURCE 1
| #define _GNU_SOURCE 1
| #define _POSIX_PTHREAD_SEMANTICS 1
| #define _TANDEM_SOURCE 1
| #define STDC_HEADERS 1
| #define HAVE_DIRENT_H 1
| #define HAVE_CTYPE_H 1
| #define HAVE_ERRNO_H 1
| #define HAVE_LIBINTL_H 1
| #define HAVE_LOCALE_H 1
| #define HAVE_NET_IF_H 1
| #define HAVE_REGEX_H 1
| #define HAVE_SIGNAL_H 1
| #define HAVE_STDIO_H 1
| #define HAVE_SYS_FILE_H 1
| #define HAVE_SYS_IOCTL_H 1
| #define HAVE_SYS_STAT_H 1
| #define RETSIGTYPE void
| /* end confdefs.h.  */
| #include <stdio.h>
| #ifdef HAVE_SYS_TYPES_H
| # include <sys/types.h>
| #endif
| #ifdef HAVE_SYS_STAT_H
| # include <sys/stat.h>
| #endif
| #ifdef STDC_HEADERS
| # include <stdlib.h>
| # include <stddef.h>
| #else
| # ifdef HAVE_STDLIB_H
| #  include <stdlib.h>
| # endif
| #endif
| #ifdef HAVE_STRING_H
| # if !defined STDC_HEADERS && defined HAVE_MEMORY_H
| #  include <memory.h>
| # endif
| # include <string.h>
| #endif
| #ifdef HAVE_STRINGS_H
| # include <strings.h>
| #endif
| #ifdef HAVE_INTTYPES_H
| # include <inttypes.h>
| #endif
| #ifdef HAVE_STDINT_H
| # include <stdint.h>
| #endif
| #ifdef HAVE_UNISTD_H
| # include <unistd.h>
| #endif
| int
| main ()
| {
| if (sizeof ((off_t)))
| 	    return 0;
|   ;
|   return 0;
| }
configure:4478: result: yes
configure:4495: checking for strchr
configure:4495: gcc -o conftest    conftest.c  >&5
conftest.c:61:6: warning: conflicting types for built-in function 'strchr' [enabled by default]
 char strchr ();
      ^
configure:4495: $? = 0
configure:4495: result: yes
configure:4506: checking for strcspn
configure:4506: gcc -o conftest    conftest.c  >&5
conftest.c:62:6: warning: conflicting types for built-in function 'strcspn' [enabled by default]
 char strcspn ();
      ^
configure:4506: $? = 0
configure:4506: result: yes
configure:4517: checking for strspn
configure:4517: gcc -o conftest    conftest.c  >&5
conftest.c:63:6: warning: conflicting types for built-in function 'strspn' [enabled by default]
 char strspn ();
      ^
configure:4517: $? = 0
configure:4517: result: yes
configure:4528: checking for strstr
configure:4528: gcc -o conftest    conftest.c  >&5
conftest.c:64:6: warning: conflicting types for built-in function 'strstr' [enabled by default]
 char strstr ();
      ^
configure:4528: $? = 0
configure:4528: result: yes
configure:4539: checking for sensors support
configure:4553: result: yes
configure:4560: checking for sensors_get_detected_chips in -lsensors
configure:4585: gcc -o conftest    conftest.c -lsensors   >&5
/usr/bin/ld: cannot find -lsensors
collect2: error: ld returned 1 exit status
configure:4585: $? = 1
configure: failed program was:
| /* confdefs.h */
| #define PACKAGE_NAME "sysstat"
| #define PACKAGE_TARNAME "sysstat"
| #define PACKAGE_VERSION "10.1.7"
| #define PACKAGE_STRING "sysstat 10.1.7"
| #define PACKAGE_BUGREPORT ""
| #define PACKAGE_URL ""
| #define STDC_HEADERS 1
| #define HAVE_SYS_TYPES_H 1
| #define HAVE_SYS_STAT_H 1
| #define HAVE_STDLIB_H 1
| #define HAVE_STRING_H 1
| #define HAVE_MEMORY_H 1
| #define HAVE_STRINGS_H 1
| #define HAVE_INTTYPES_H 1
| #define HAVE_STDINT_H 1
| #define HAVE_UNISTD_H 1
| #define __EXTENSIONS__ 1
| #define _ALL_SOURCE 1
| #define _GNU_SOURCE 1
| #define _POSIX_PTHREAD_SEMANTICS 1
| #define _TANDEM_SOURCE 1
| #define STDC_HEADERS 1
| #define HAVE_DIRENT_H 1
| #define HAVE_CTYPE_H 1
| #define HAVE_ERRNO_H 1
| #define HAVE_LIBINTL_H 1
| #define HAVE_LOCALE_H 1
| #define HAVE_NET_IF_H 1
| #define HAVE_REGEX_H 1
| #define HAVE_SIGNAL_H 1
| #define HAVE_STDIO_H 1
| #define HAVE_SYS_FILE_H 1
| #define HAVE_SYS_IOCTL_H 1
| #define HAVE_SYS_STAT_H 1
| #define RETSIGTYPE void
| #define HAVE_STRCHR 1
| #define HAVE_STRCSPN 1
| #define HAVE_STRSPN 1
| #define HAVE_STRSTR 1
| /* end confdefs.h.  */
| 
| /* Override any GCC internal prototype to avoid an error.
|    Use char because int might match the return type of a GCC
|    builtin and then its argument prototype would still apply.  */
| #ifdef __cplusplus
| extern "C"
| #endif
| char sensors_get_detected_chips ();
| int
| main ()
| {
| return sensors_get_detected_chips ();
|   ;
|   return 0;
| }
configure:4594: result: no
configure:4602: checking for sensors lib
configure:4617: gcc -c   conftest.c >&5
conftest.c:42:29: fatal error: sensors/sensors.h: No such file or directory
 #include <sensors/sensors.h>
                             ^
compilation terminated.
configure:4617: $? = 1
configure: failed program was:
| /* confdefs.h */
| #define PACKAGE_NAME "sysstat"
| #define PACKAGE_TARNAME "sysstat"
| #define PACKAGE_VERSION "10.1.7"
| #define PACKAGE_STRING "sysstat 10.1.7"
| #define PACKAGE_BUGREPORT ""
| #define PACKAGE_URL ""
| #define STDC_HEADERS 1
| #define HAVE_SYS_TYPES_H 1
| #define HAVE_SYS_STAT_H 1
| #define HAVE_STDLIB_H 1
| #define HAVE_STRING_H 1
| #define HAVE_MEMORY_H 1
| #define HAVE_STRINGS_H 1
| #define HAVE_INTTYPES_H 1
| #define HAVE_STDINT_H 1
| #define HAVE_UNISTD_H 1
| #define __EXTENSIONS__ 1
| #define _ALL_SOURCE 1
| #define _GNU_SOURCE 1
| #define _POSIX_PTHREAD_SEMANTICS 1
| #define _TANDEM_SOURCE 1
| #define STDC_HEADERS 1
| #define HAVE_DIRENT_H 1
| #define HAVE_CTYPE_H 1
| #define HAVE_ERRNO_H 1
| #define HAVE_LIBINTL_H 1
| #define HAVE_LOCALE_H 1
| #define HAVE_NET_IF_H 1
| #define HAVE_REGEX_H 1
| #define HAVE_SIGNAL_H 1
| #define HAVE_STDIO_H 1
| #define HAVE_SYS_FILE_H 1
| #define HAVE_SYS_IOCTL_H 1
| #define HAVE_SYS_STAT_H 1
| #define RETSIGTYPE void
| #define HAVE_STRCHR 1
| #define HAVE_STRCSPN 1
| #define HAVE_STRSPN 1
| #define HAVE_STRSTR 1
| /* end confdefs.h.  */
| #include <sensors/sensors.h>
| #include <sensors/error.h>
| 
| int
| main ()
| {
| sensors_cleanup();
|   ;
|   return 0;
| }
configure:4623: result: no
configure:4639: checking for special C compiler options needed for large files
configure:4684: result: no
configure:4690: checking for _FILE_OFFSET_BITS value needed for large files
configure:4715: gcc -c   conftest.c >&5
configure:4715: $? = 0
configure:4747: result: no
configure:4896: checking run-commands directory
configure:4905: result: /etc
configure:4932: checking sadc directory
configure:4940: result: /usr/lib/sa
configure:4948: checking system activity directory
configure:4956: result: /var/log/sa
configure:4964: checking sysstat configuration directory
configure:4972: result: /etc/sysconfig
configure:4980: checking National Language Support
configure:4996: result: no
configure:5010: checking whether sa2 should process data file of the day before
configure:5025: result: no
configure:5031: checking number of daily data files to keep
configure:5039: result: 7
configure:5044: checking number of days after which data files are compressed
configure:5052: result: 10
configure:5064: checking group for manual pages
configure:5069: result: man
configure:5087: checking whether man_group variable should be ignored
configure:5103: result: no
configure:5108: checking whether manual pages should be compressed
configure:5123: result: no
configure:5128: checking whether isag script should be installed
configure:5143: result: no
configure:5148: checking whether system activity directory should be cleaned
configure:5163: result: no
configure:5168: checking whether cron should start sar automatically
configure:5184: result: no
configure:5277: checking whether documentation should be installed
configure:5293: result: no
configure:5312: checking whether object files should be stripped
configure:5328: result: yes
configure:5548: creating ./config.status

## ---------------------- ##
## Running config.status. ##
## ---------------------- ##

This file was extended by sysstat config.status 10.1.7, which was
generated by GNU Autoconf 2.69.  Invocation command line was

  CONFIG_FILES    = 
  CONFIG_HEADERS  = 
  CONFIG_LINKS    = 
  CONFIG_COMMANDS = 
  $ ./config.status 

on ubuntu

config.status:804: creating sa1
config.status:804: creating sa2
config.status:804: creating cron/crontab
config.status:804: creating sysstat.sysconfig
config.status:804: creating version.h
config.status:804: creating sysconfig.h
config.status:804: creating cron/sysstat.cron.daily
config.status:804: creating cron/sysstat.cron.hourly
config.status:804: creating cron/sysstat.crond
config.status:804: creating cron/sysstat.crond.sample.in
config.status:804: creating sysstat
config.status:804: creating sysstat.service
config.status:804: creating man/sa1.8
config.status:804: creating man/sa2.8
config.status:804: creating man/sadc.8
config.status:804: creating man/sadf.1
config.status:804: creating man/sar.1
config.status:804: creating man/sysstat.5
config.status:804: creating man/iostat.1
config.status:804: creating man/cifsiostat.1
config.status:804: creating man/nfsiostat.1
config.status:804: creating contrib/isag/isag
config.status:804: creating Makefile

## ---------------- ##
## Cache variables. ##
## ---------------- ##

ac_cv_c_bigendian=no
ac_cv_c_compiler_gnu=yes
ac_cv_c_gettext_without_libintl=yes
ac_cv_c_littleendian=yes
ac_cv_c_long_double=no
ac_cv_conv_longlong_to_float=yes
ac_cv_env_CC_set=
ac_cv_env_CC_value=
ac_cv_env_CFLAGS_set=set
ac_cv_env_CFLAGS_value=
ac_cv_env_CPPFLAGS_set=
ac_cv_env_CPPFLAGS_value=
ac_cv_env_CPP_set=
ac_cv_env_CPP_value=
ac_cv_env_LDFLAGS_set=
ac_cv_env_LDFLAGS_value=
ac_cv_env_LIBS_set=
ac_cv_env_LIBS_value=
ac_cv_env_build_alias_set=
ac_cv_env_build_alias_value=
ac_cv_env_compressafter_set=
ac_cv_env_compressafter_value=
ac_cv_env_conf_dir_set=
ac_cv_env_conf_dir_value=
ac_cv_env_cron_interval_set=
ac_cv_env_cron_interval_value=
ac_cv_env_cron_owner_set=
ac_cv_env_cron_owner_value=
ac_cv_env_history_set=
ac_cv_env_history_value=
ac_cv_env_host_alias_set=set
ac_cv_env_host_alias_value=arm
ac_cv_env_man_group_set=
ac_cv_env_man_group_value=
ac_cv_env_rcdir_set=
ac_cv_env_rcdir_value=
ac_cv_env_sa_dir_set=
ac_cv_env_sa_dir_value=
ac_cv_env_sa_lib_dir_set=
ac_cv_env_sa_lib_dir_value=
ac_cv_env_target_alias_set=
ac_cv_env_target_alias_value=
ac_cv_file__dev_zero=yes
ac_cv_func___adjtimex=yes
ac_cv_func___va_copy=no
ac_cv_func__exit=yes
ac_cv_func_bcmp=yes
ac_cv_func_bcopy=yes
ac_cv_func_bzero=yes
ac_cv_func_cimag=yes
ac_cv_func_creal=yes
ac_cv_func_fchmod=yes
ac_cv_func_getaddrinfo=yes
ac_cv_func_getcwd=yes
ac_cv_func_getdomainname=yes
ac_cv_func_getpgrp_void=yes
ac_cv_func_getpwuid_r=yes
ac_cv_func_gettimeofday=yes
ac_cv_func_index=yes
ac_cv_func_lstat=yes
ac_cv_func_lstat_dereferences_slashed_symlink=yes
ac_cv_func_lstat_empty_string_bug=no
ac_cv_func_malloc_0_nonnull=yes
ac_cv_func_malloc_works=yes
ac_cv_func_memcmp_clean=yes
ac_cv_func_memcmp_working=yes
ac_cv_func_posix_getgrgid_r=yes
ac_cv_func_posix_getpwuid_r=yes
ac_cv_func_psignal=yes
ac_cv_func_pthread_key_delete=yes
ac_cv_func_realloc_0_nonnull=yes
ac_cv_func_realloc_works=yes
ac_cv_func_rename=yes
ac_cv_func_rindex=yes
ac_cv_func_setgrent_void=yes
ac_cv_func_setlocale=yes
ac_cv_func_setpgrp_void=yes
ac_cv_func_setresuid=no
ac_cv_func_setvbuf_reversed=no
ac_cv_func_stat_empty_string_bug=no
ac_cv_func_stat_ignores_trailing_slash=no
ac_cv_func_strchr=yes
ac_cv_func_strcspn=yes
ac_cv_func_strerror=yes
ac_cv_func_strftime=yes
ac_cv_func_strspn=yes
ac_cv_func_strstr=yes
ac_cv_func_utimes=yes
ac_cv_func_va_copy=no
ac_cv_func_vsnprintf=yes
ac_cv_have_accrights_in_msghdr=no
ac_cv_have_broken_snprintf=no
ac_cv_have_control_in_msghdr=yes
ac_cv_have_decl_sys_siglist=no
ac_cv_have_openpty_ctty_bug=yes
ac_cv_have_space_d_name_in_struct_dirent=yes
ac_cv_header_ctype_h=yes
ac_cv_header_dirent_dirent_h=yes
ac_cv_header_errno_h=yes
ac_cv_header_inttypes_h=yes
ac_cv_header_libintl_h=yes
ac_cv_header_locale_h=yes
ac_cv_header_memory_h=yes
ac_cv_header_minix_config_h=no
ac_cv_header_net_if_h=yes
ac_cv_header_netinet_sctp_h=no
ac_cv_header_netinet_sctp_uio_h=no
ac_cv_header_regex_h=yes
ac_cv_header_signal_h=yes
ac_cv_header_stdc=yes
ac_cv_header_stdint_h=yes
ac_cv_header_stdio_h=yes
ac_cv_header_stdlib_h=yes
ac_cv_header_string_h=yes
ac_cv_header_strings_h=yes
ac_cv_header_sys_file_h=yes
ac_cv_header_sys_ioctl_h=yes
ac_cv_header_sys_stat_h=yes
ac_cv_header_sys_types_h=yes
ac_cv_header_unistd_h=yes
ac_cv_int64_t=yes
ac_cv_lbl_unaligned_fail=no
ac_cv_lib_sensors_sensors_get_detected_chips=no
ac_cv_linux_kernel_pppoe=yes
ac_cv_linux_vers=2
ac_cv_objext=o
ac_cv_pack_bitfields_reversed=yes
ac_cv_path_EGREP='/bin/grep -E'
ac_cv_path_GREP=/bin/grep
ac_cv_path_LDCONFIG=
ac_cv_path_PATH_CP=/bin/cp
ac_cv_prog_AR=ar
ac_cv_prog_CHMOD=chmod
ac_cv_prog_CHOWN=chown
ac_cv_prog_CPP='gcc -E'
ac_cv_prog_INSTALL=install
ac_cv_prog_MSGFMT=msgfmt
ac_cv_prog_MSGMERGE=msgmerge
ac_cv_prog_PKG_CONFIG=/home/ubuntu/tp-link/GPL_X5700_1/iplatform/staging_dir/host/bin/pkg-config
ac_cv_prog_XGETTEXT=xgettext
ac_cv_prog_ZIP=bzip2
ac_cv_prog_ac_ct_CC=gcc
ac_cv_prog_cc_c89=
ac_cv_prog_cc_g=yes
ac_cv_regexec_segfault_emptystr=no
ac_cv_safe_to_define___extensions__=yes
ac_cv_sctp=no
ac_cv_search_opendir='none required'
ac_cv_sizeof___int64=0
ac_cv_sizeof_char=1
ac_cv_sizeof_int16_t=2
ac_cv_sizeof_int32_t=4
ac_cv_sizeof_int64_t=8
ac_cv_sizeof_int=4
ac_cv_sizeof_long=4
ac_cv_sizeof_long_int=4
ac_cv_sizeof_long_long=8
ac_cv_sizeof_off_t=8
ac_cv_sizeof_short=2
ac_cv_sizeof_short_int=2
ac_cv_sizeof_size_t=4
ac_cv_sizeof_ssize_t=4
ac_cv_sizeof_u_int16_t=2
ac_cv_sizeof_u_int32_t=4
ac_cv_sizeof_u_int64_t=8
ac_cv_sizeof_uint16_t=2
ac_cv_sizeof_uint32_t=4
ac_cv_sizeof_uint64_t=8
ac_cv_sizeof_unsigned_int=4
ac_cv_sizeof_unsigned_long=4
ac_cv_sizeof_unsigned_long_long=8
ac_cv_sizeof_unsigned_short=2
ac_cv_sizeof_void_p=4
ac_cv_sys_file_offset_bits=no
ac_cv_sys_largefile_CC=no
ac_cv_sys_restartable_syscalls=yes
ac_cv_time_r_type=POSIX
ac_cv_type_off_t=yes
ac_cv_type_signal=void
ac_cv_type_size_t=yes
ac_cv_type_suseconds_t=yes
ac_cv_uchar=no
ac_cv_uint64_t=yes
ac_cv_uint=yes
ac_cv_ulong=yes
ac_cv_ushort=yes
ac_cv_va_copy=C99
ac_cv_va_val_copy=yes
as_cv_unaligned_access=yes

## ----------------- ##
## Output variables. ##
## ----------------- ##

AR='ar'
CC='gcc'
CFLAGS=''
CHMOD='chmod'
CHOWN='chown'
CLEAN_SA_DIR='n'
COLLECT_ALL=''
COMPRESSAFTER='10'
COMPRESS_MANPG='n'
CPP='gcc -E'
CPPFLAGS=''
CRON_COUNT='6'
CRON_INTERVAL='10'
CRON_INTERVAL_SEC='600'
CRON_OWNER='root'
DEFS='-DPACKAGE_NAME=\"sysstat\" -DPACKAGE_TARNAME=\"sysstat\" -DPACKAGE_VERSION=\"10.1.7\" -DPACKAGE_STRING=\"sysstat\ 10.1.7\" -DPACKAGE_BUGREPORT=\"\" -DPACKAGE_URL=\"\" -DSTDC_HEADERS=1 -DHAVE_SYS_TYPES_H=1 -DHAVE_SYS_STAT_H=1 -DHAVE_STDLIB_H=1 -DHAVE_STRING_H=1 -DHAVE_MEMORY_H=1 -DHAVE_STRINGS_H=1 -DHAVE_INTTYPES_H=1 -DHAVE_STDINT_H=1 -DHAVE_UNISTD_H=1 -D__EXTENSIONS__=1 -D_ALL_SOURCE=1 -D_GNU_SOURCE=1 -D_POSIX_PTHREAD_SEMANTICS=1 -D_TANDEM_SOURCE=1 -DSTDC_HEADERS=1 -DHAVE_DIRENT_H=1 -DHAVE_CTYPE_H=1 -DHAVE_ERRNO_H=1 -DHAVE_LIBINTL_H=1 -DHAVE_LOCALE_H=1 -DHAVE_NET_IF_H=1 -DHAVE_REGEX_H=1 -DHAVE_SIGNAL_H=1 -DHAVE_STDIO_H=1 -DHAVE_SYS_FILE_H=1 -DHAVE_SYS_IOCTL_H=1 -DHAVE_SYS_STAT_H=1 -DRETSIGTYPE=void -DHAVE_STRCHR=1 -DHAVE_STRCSPN=1 -DHAVE_STRSPN=1 -DHAVE_STRSTR=1'
DFLAGS=''
DFSENSORS=''
ECHO_C=''
ECHO_N='-n'
ECHO_T=''
EGREP='/bin/grep -E'
EXEEXT=''
GREP='/bin/grep'
HAVE_SENSORS='n'
HISTORY='7'
IGNORE_MAN_GROUP='n'
INITD_DIR='init.d'
INIT_DIR='/etc/init.d'
INSTALL='install'
INSTALL_BIN='${INSTALL} -m 755'
INSTALL_CRON='n'
INSTALL_DATA='${INSTALL} -m 644'
INSTALL_DOC='n'
INSTALL_ISAG='n'
LDFLAGS=''
LFSENSORS=''
LIBOBJS=''
LIBS=''
LN_S='ln -s'
LTLIBOBJS=''
MAN_GROUP='man'
MSGFMT='msgfmt'
MSGMERGE='msgmerge'
NLS='n'
OBJEXT='o'
PACKAGE_BUGREPORT=''
PACKAGE_NAME='sysstat'
PACKAGE_STRING='sysstat 10.1.7'
PACKAGE_TARNAME='sysstat'
PACKAGE_URL=''
PACKAGE_VERSION='10.1.7'
PATH_CHKCONFIG='chkconfig'
PATH_CP='/bin/cp'
PATH_SEPARATOR=':'
PKG_CONFIG='/home/ubuntu/tp-link/GPL_X5700_1/iplatform/staging_dir/host/bin/pkg-config'
QUOTE=''
RC_DIR='/etc'
REM_CHOWN='# REM_CHOWN'
SA_DIR='/var/log/sa'
SA_LIB_DIR='/usr/lib/sa'
SHELL='/bin/sh'
STRIP='-s'
SU_C_OWNER=''
SYSCONFIG_DIR='/etc/sysconfig'
SYSTEMCTL='systemctl'
SYSTEMD_UNIT_DIR=''
WITH_DEBUG='no'
XGETTEXT='xgettext'
YESTERDAY=''
ZIP='bzip2'
ac_ct_CC='gcc'
bindir='/usr/bin'
build_alias=''
compressafter=''
conf_dir=''
cron_interval=''
cron_owner=''
datadir='/usr/share'
datarootdir='${prefix}/share'
docdir='${datarootdir}/doc/${PACKAGE_TARNAME}'
dvidir='${docdir}'
exec_prefix='/usr'
history=''
host_alias='arm'
htmldir='${docdir}'
includedir='${prefix}/include'
infodir='/usr/info'
libdir='${exec_prefix}/lib'
libexecdir='/usr/lib'
localedir='${datarootdir}/locale'
localstatedir='/var'
man_group=''
mandir='/usr/man'
oldincludedir='/usr/include'
pdfdir='${docdir}'
prefix='/usr'
program_transform_name='s,x,x,'
psdir='${docdir}'
rcdir=''
sa_dir=''
sa_lib_dir=''
sbindir='/usr/sbin'
sharedstatedir='${prefix}/com'
sysconfdir='/etc'
target_alias=''

## ----------- ##
## confdefs.h. ##
## ----------- ##

/* confdefs.h */
#define PACKAGE_NAME "sysstat"
#define PACKAGE_TARNAME "sysstat"
#define PACKAGE_VERSION "10.1.7"
#define PACKAGE_STRING "sysstat 10.1.7"
#define PACKAGE_BUGREPORT ""
#define PACKAGE_URL ""
#define STDC_HEADERS 1
#define HAVE_SYS_TYPES_H 1
#define HAVE_SYS_STAT_H 1
#define HAVE_STDLIB_H 1
#define HAVE_STRING_H 1
#define HAVE_MEMORY_H 1
#define HAVE_STRINGS_H 1
#define HAVE_INTTYPES_H 1
#define HAVE_STDINT_H 1
#define HAVE_UNISTD_H 1
#define __EXTENSIONS__ 1
#define _ALL_SOURCE 1
#define _GNU_SOURCE 1
#define _POSIX_PTHREAD_SEMANTICS 1
#define _TANDEM_SOURCE 1
#define STDC_HEADERS 1
#define HAVE_DIRENT_H 1
#define HAVE_CTYPE_H 1
#define HAVE_ERRNO_H 1
#define HAVE_LIBINTL_H 1
#define HAVE_LOCALE_H 1
#define HAVE_NET_IF_H 1
#define HAVE_REGEX_H 1
#define HAVE_SIGNAL_H 1
#define HAVE_STDIO_H 1
#define HAVE_SYS_FILE_H 1
#define HAVE_SYS_IOCTL_H 1
#define HAVE_SYS_STAT_H 1
#define RETSIGTYPE void
#define HAVE_STRCHR 1
#define HAVE_STRCSPN 1
#define HAVE_STRSPN 1
#define HAVE_STRSTR 1

configure: exit 0
