--------------------
./configure --prefix=/usr --shared --uname=Linux
Thu Feb 24 18:12:05 PST 2022
=== ztest39637.c ===
extern int getchar();
int hello() {return getchar();}
===
mips64-octeon-linux-gnu-gcc -c ztest39637.c
... using gcc

Checking for obsessive-compulsive compiler options...
=== ztest39637.c ===
int foo() { return 0; }
===
mips64-octeon-linux-gnu-gcc -c -Os -pipe -mno-branch-likely -march=octeon -mabi=64 -fno-caller-saves -Wl,--rpath=/home/ubuntu/tp-link/ER7206_trunk/staging_dir/target-mips64-octeon-linux-gnu-osg_pro_un_v1/usr/lib -msoft-float -fpic ztest39637.c

Checking for shared library support...
=== ztest39637.c ===
extern int getchar();
int hello() {return getchar();}
===
mips64-octeon-linux-gnu-gcc -w -c -Os -pipe -mno-branch-likely -march=octeon -mabi=64 -fno-caller-saves -Wl,--rpath=/home/ubuntu/tp-link/ER7206_trunk/staging_dir/target-mips64-octeon-linux-gnu-osg_pro_un_v1/usr/lib -msoft-float -fpic -fPIC ztest39637.c
mips64-octeon-linux-gnu-gcc -shared -Wl,-soname,libz.so.1 -Os -pipe -mno-branch-likely -march=octeon -mabi=64 -fno-caller-saves -Wl,--rpath=/home/ubuntu/tp-link/ER7206_trunk/staging_dir/target-mips64-octeon-linux-gnu-osg_pro_un_v1/usr/lib -msoft-float -fpic -fPIC -o ztest39637.so ztest39637.o
Building shared library libz.so.1.2.8 with mips64-octeon-linux-gnu-gcc.

=== ztest39637.c ===
#include <sys/types.h>
off64_t dummy = 0;
===
mips64-octeon-linux-gnu-gcc -c -Os -pipe -mno-branch-likely -march=octeon -mabi=64 -fno-caller-saves -Wl,--rpath=/home/ubuntu/tp-link/ER7206_trunk/staging_dir/target-mips64-octeon-linux-gnu-osg_pro_un_v1/usr/lib -msoft-float -fpic -D_LARGEFILE64_SOURCE=1 ztest39637.c
Checking for off64_t... Yes.
Checking for fseeko... Yes.

=== ztest39637.c ===
#include <string.h>
#include <errno.h>
int main() { return strlen(strerror(errno)); }
===
mips64-octeon-linux-gnu-gcc -Os -pipe -mno-branch-likely -march=octeon -mabi=64 -fno-caller-saves -Wl,--rpath=/home/ubuntu/tp-link/ER7206_trunk/staging_dir/target-mips64-octeon-linux-gnu-osg_pro_un_v1/usr/lib -msoft-float -fpic -D_LARGEFILE64_SOURCE=1 -o ztest39637 ztest39637.c
Checking for strerror... Yes.

=== ztest39637.c ===
#include <unistd.h>
int main() { return 0; }
===
mips64-octeon-linux-gnu-gcc -c -Os -pipe -mno-branch-likely -march=octeon -mabi=64 -fno-caller-saves -Wl,--rpath=/home/ubuntu/tp-link/ER7206_trunk/staging_dir/target-mips64-octeon-linux-gnu-osg_pro_un_v1/usr/lib -msoft-float -fpic -D_LARGEFILE64_SOURCE=1 ztest39637.c
Checking for unistd.h... Yes.

=== ztest39637.c ===
#include <stdarg.h>
int main() { return 0; }
===
mips64-octeon-linux-gnu-gcc -c -Os -pipe -mno-branch-likely -march=octeon -mabi=64 -fno-caller-saves -Wl,--rpath=/home/ubuntu/tp-link/ER7206_trunk/staging_dir/target-mips64-octeon-linux-gnu-osg_pro_un_v1/usr/lib -msoft-float -fpic -D_LARGEFILE64_SOURCE=1 ztest39637.c
Checking for stdarg.h... Yes.

=== ztest39637.c ===
#include <stdio.h>
#include <stdarg.h>
#include "zconf.h"
int main()
{
#ifndef STDC
  choke me
#endif
  return 0;
}
===
mips64-octeon-linux-gnu-gcc -c -Os -pipe -mno-branch-likely -march=octeon -mabi=64 -fno-caller-saves -Wl,--rpath=/home/ubuntu/tp-link/ER7206_trunk/staging_dir/target-mips64-octeon-linux-gnu-osg_pro_un_v1/usr/lib -msoft-float -fpic -D_LARGEFILE64_SOURCE=1 ztest39637.c
Checking whether to use vs[n]printf() or s[n]printf()... using vs[n]printf().

=== ztest39637.c ===
#include <stdio.h>
#include <stdarg.h>
int mytest(const char *fmt, ...)
{
  char buf[20];
  va_list ap;
  va_start(ap, fmt);
  vsnprintf(buf, sizeof(buf), fmt, ap);
  va_end(ap);
  return 0;
}
int main()
{
  return (mytest("Hello%d\n", 1));
}
===
mips64-octeon-linux-gnu-gcc -Os -pipe -mno-branch-likely -march=octeon -mabi=64 -fno-caller-saves -Wl,--rpath=/home/ubuntu/tp-link/ER7206_trunk/staging_dir/target-mips64-octeon-linux-gnu-osg_pro_un_v1/usr/lib -msoft-float -fpic -D_LARGEFILE64_SOURCE=1 -o ztest39637 ztest39637.c
Checking for vsnprintf() in stdio.h... Yes.

=== ztest39637.c ===
#include <stdio.h>
#include <stdarg.h>
int mytest(const char *fmt, ...)
{
  int n;
  char buf[20];
  va_list ap;
  va_start(ap, fmt);
  n = vsnprintf(buf, sizeof(buf), fmt, ap);
  va_end(ap);
  return n;
}
int main()
{
  return (mytest("Hello%d\n", 1));
}
===
mips64-octeon-linux-gnu-gcc -c -Os -pipe -mno-branch-likely -march=octeon -mabi=64 -fno-caller-saves -Wl,--rpath=/home/ubuntu/tp-link/ER7206_trunk/staging_dir/target-mips64-octeon-linux-gnu-osg_pro_un_v1/usr/lib -msoft-float -fpic -D_LARGEFILE64_SOURCE=1 ztest39637.c
Checking for return value of vsnprintf()... Yes.

=== ztest39637.c ===
#define ZLIB_INTERNAL __attribute__((visibility ("hidden")))
int ZLIB_INTERNAL foo;
int main()
{
  return 0;
}
===
mips64-octeon-linux-gnu-gcc -c -Os -pipe -mno-branch-likely -march=octeon -mabi=64 -fno-caller-saves -Wl,--rpath=/home/ubuntu/tp-link/ER7206_trunk/staging_dir/target-mips64-octeon-linux-gnu-osg_pro_un_v1/usr/lib -msoft-float -fpic -D_LARGEFILE64_SOURCE=1 ztest39637.c
Checking for attribute(visibility) support... Yes.

ALL = static shared all64
AR = mips64-octeon-linux-gnu-ar
ARFLAGS = rc
CC = mips64-octeon-linux-gnu-gcc
CFLAGS = -Os -pipe -mno-branch-likely -march=octeon -mabi=64 -fno-caller-saves -Wl,--rpath=/home/ubuntu/tp-link/ER7206_trunk/staging_dir/target-mips64-octeon-linux-gnu-osg_pro_un_v1/usr/lib -msoft-float -fpic -D_LARGEFILE64_SOURCE=1 -DHAVE_HIDDEN
CPP = mips64-octeon-linux-gnu-gcc -E
EXE =
LDCONFIG = ldconfig
LDFLAGS =
LDSHARED = mips64-octeon-linux-gnu-gcc -shared -Wl,-soname,libz.so.1
LDSHAREDLIBC = -lc
OBJC = $(OBJZ) $(OBJG)
PIC_OBJC = $(PIC_OBJZ) $(PIC_OBJG)
RANLIB = mips64-octeon-linux-gnu-ranlib
SFLAGS = -Os -pipe -mno-branch-likely -march=octeon -mabi=64 -fno-caller-saves -Wl,--rpath=/home/ubuntu/tp-link/ER7206_trunk/staging_dir/target-mips64-octeon-linux-gnu-osg_pro_un_v1/usr/lib -msoft-float -fpic -fPIC -D_LARGEFILE64_SOURCE=1 -DHAVE_HIDDEN
SHAREDLIB = libz.so
SHAREDLIBM = libz.so.1
SHAREDLIBV = libz.so.1.2.8
STATICLIB = libz.a
TEST = all teststatic testshared test64
VER = 1.2.8
Z_U4 =
exec_prefix = ${prefix}
includedir = ${prefix}/include
libdir = ${exec_prefix}/lib
mandir = ${prefix}/share/man
prefix = /usr
sharedlibdir = ${libdir}
uname = Linux
--------------------


