This file contains any messages produced by compilers while
running configure, to aid debugging if configure makes a mistake.

It was created by GNU Libtool configure 2.4, which was
generated by GNU Autoconf 2.69.  Invocation command line was

  $ ./configure CC=gcc CFLAGS=-O2 -I/home/ubuntu/tp-link/GPL_X5700_1/iplatform/staging_dir/host/include CPPFLAGS=-I/home/ubuntu/tp-link/GPL_X5700_1/iplatform/staging_dir/host/include LDFLAGS=-L/home/ubuntu/tp-link/GPL_X5700_1/iplatform/staging_dir/host/lib SHELL=/bin/bash lt_cv_sys_dlsearch_path= --target=x86_64-linux-gnu --host=x86_64-linux-gnu --build=x86_64-linux-gnu --program-prefix= --program-suffix= --prefix=/home/ubuntu/tp-link/GPL_X5700_1/iplatform/staging_dir/host --exec-prefix=/home/ubuntu/tp-link/GPL_X5700_1/iplatform/staging_dir/host --sysconfdir=/home/ubuntu/tp-link/GPL_X5700_1/iplatform/staging_dir/host/etc --localstatedir=/home/ubuntu/tp-link/GPL_X5700_1/iplatform/staging_dir/host/var --sbindir=/home/ubuntu/tp-link/GPL_X5700_1/iplatform/staging_dir/host/bin build_alias=x86_64-linux-gnu host_alias=x86_64-linux-gnu target_alias=x86_64-linux-gnu --no-create --no-recursion

## --------- ##
## Platform. ##
## --------- ##

hostname = ubuntu
uname -m = x86_64
uname -r = 4.4.0-148-generic
uname -s = Linux
uname -v = #174~14.04.1-Ubuntu SMP Thu May 9 08:17:37 UTC 2019

/usr/bin/uname -p = unknown
/bin/uname -X     = unknown

/bin/arch              = unknown
/usr/bin/arch -k       = unknown
/usr/convex/getsysinfo = unknown
/usr/bin/hostinfo      = unknown
/bin/machine           = unknown
/usr/bin/oslevel       = unknown
/bin/universe          = unknown

PATH: /home/ubuntu/tp-link/GPL_X5700_1/iplatform/staging_dir/toolchain-arm-openwrt-linux-uclibc/bin
PATH: /home/ubuntu/tp-link/GPL_X5700_1/iplatform/staging_dir/host/bin
PATH: /home/ubuntu/tp-link/GPL_X5700_1/iplatform/staging_dir/toolchain-arm-openwrt-linux-uclibc/bin
PATH: /home/ubuntu/tp-link/GPL_X5700_1/iplatform/staging_dir/host/bin
PATH: /home/ubuntu/tp-link/GPL_X5700_1/iplatform/staging_dir/toolchain-arm-openwrt-linux-uclibc/bin
PATH: /home/ubuntu/tp-link/GPL_X5700_1/iplatform/staging_dir/host/bin
PATH: /usr/local/sbin
PATH: /usr/local/bin
PATH: /usr/sbin
PATH: /usr/bin
PATH: /sbin
PATH: /bin
PATH: /usr/games
PATH: /usr/local/games
PATH: /home/ubuntu/tp-link/GPL_X5700_1/iplatform/../bcm675x/toolchain/opt/toolchains/crosstools-arm-gcc-5.5-linux-4.1-glibc-2.26-binutils-2.28.1/usr/bin
PATH: /home/ubuntu/tp-link/GPL_X5700_1/iplatform/../bcm675x/toolchain/opt/toolchains/crosstools-aarch64-gcc-5.5-linux-4.1-glibc-2.26-binutils-2.28.1/usr/bin
PATH: /home/ubuntu/tp-link/GPL_X5700_1/iplatform/../bcm675x/toolchain/opt/toolchains/crosstools-arm-gcc-5.5-linux-4.1-glibc-2.26-binutils-2.28.1/usr/bin
PATH: /home/ubuntu/tp-link/GPL_X5700_1/iplatform/../bcm675x/toolchain/opt/toolchains/crosstools-aarch64-gcc-5.5-linux-4.1-glibc-2.26-binutils-2.28.1/usr/bin
PATH: /home/ubuntu/tp-link/GPL_X5700_1/iplatform/../bcm675x/toolchain/opt/toolchains/crosstools-arm-gcc-5.5-linux-4.1-glibc-2.26-binutils-2.28.1/usr/bin
PATH: /home/ubuntu/tp-link/GPL_X5700_1/iplatform/../bcm675x/toolchain/opt/toolchains/crosstools-aarch64-gcc-5.5-linux-4.1-glibc-2.26-binutils-2.28.1/usr/bin


## ----------- ##
## Core tests. ##
## ----------- ##

configure:2721: checking for a BSD-compatible install
configure:2789: result: /usr/bin/install -c
configure:2800: checking whether build environment is sane
configure:2850: result: yes
configure:2991: checking for a thread-safe mkdir -p
configure:3030: result: /bin/mkdir -p
configure:3043: checking for gawk
configure:3059: found /usr/bin/gawk
configure:3070: result: gawk
configure:3081: checking whether make sets $(MAKE)
configure:3103: result: yes
configure:3197: checking build system type
configure:3211: result: x86_64-pc-linux-gnu
configure:3231: checking host system type
configure:3244: result: x86_64-pc-linux-gnu
configure:3271: autobuild project... GNU Libtool
configure:3277: autobuild revision... 2.4 ()
configure:3282: autobuild hostname... ubuntu
configure:3286: autobuild mode... default
configure:3294: autobuild timestamp... 20220302T025704Z
configure:3353: checking for x86_64-linux-gnu-gcc
configure:3380: result: gcc
configure:3649: checking for C compiler version
configure:3658: gcc --version >&5
gcc (Ubuntu 4.8.4-2ubuntu1~14.04.4) 4.8.4
Copyright (C) 2013 Free Software Foundation, Inc.
This is free software; see the source for copying conditions.  There is NO
warranty; not even for MERCHANTABILITY or FITNESS FOR A PARTICULAR PURPOSE.

configure:3669: $? = 0
configure:3658: gcc -v >&5
Using built-in specs.
COLLECT_GCC=gcc
COLLECT_LTO_WRAPPER=/usr/lib/gcc/x86_64-linux-gnu/4.8/lto-wrapper
Target: x86_64-linux-gnu
Configured with: ../src/configure -v --with-pkgversion='Ubuntu 4.8.4-2ubuntu1~14.04.4' --with-bugurl=file:///usr/share/doc/gcc-4.8/README.Bugs --enable-languages=c,c++,java,go,d,fortran,objc,obj-c++ --prefix=/usr --program-suffix=-4.8 --enable-shared --enable-linker-build-id --libexecdir=/usr/lib --without-included-gettext --enable-threads=posix --with-gxx-include-dir=/usr/include/c++/4.8 --libdir=/usr/lib --enable-nls --with-sysroot=/ --enable-clocale=gnu --enable-libstdcxx-debug --enable-libstdcxx-time=yes --enable-gnu-unique-object --disable-libmudflap --enable-plugin --with-system-zlib --disable-browser-plugin --enable-java-awt=gtk --enable-gtk-cairo --with-java-home=/usr/lib/jvm/java-1.5.0-gcj-4.8-amd64/jre --enable-java-home --with-jvm-root-dir=/usr/lib/jvm/java-1.5.0-gcj-4.8-amd64 --with-jvm-jar-dir=/usr/lib/jvm-exports/java-1.5.0-gcj-4.8-amd64 --with-arch-directory=amd64 --with-ecj-jar=/usr/share/java/eclipse-ecj.jar --enable-objc-gc --enable-multiarch --disable-werror --with-arch-32=i686 --with-abi=m64 --with-multilib-list=m32,m64,mx32 --with-tune=generic --enable-checking=release --build=x86_64-linux-gnu --host=x86_64-linux-gnu --target=x86_64-linux-gnu
Thread model: posix
gcc version 4.8.4 (Ubuntu 4.8.4-2ubuntu1~14.04.4) 
configure:3669: $? = 0
configure:3658: gcc -V >&5
gcc: error: unrecognized command line option '-V'
gcc: fatal error: no input files
compilation terminated.
configure:3669: $? = 4
configure:3658: gcc -qversion >&5
gcc: error: unrecognized command line option '-qversion'
gcc: fatal error: no input files
compilation terminated.
configure:3669: $? = 4
configure:3689: checking whether the C compiler works
configure:3711: gcc -O2 -I/home/ubuntu/tp-link/GPL_X5700_1/iplatform/staging_dir/host/include -I/home/ubuntu/tp-link/GPL_X5700_1/iplatform/staging_dir/host/include -L/home/ubuntu/tp-link/GPL_X5700_1/iplatform/staging_dir/host/lib conftest.c  >&5
configure:3715: $? = 0
configure:3763: result: yes
configure:3766: checking for C compiler default output file name
configure:3768: result: a.out
configure:3774: checking for suffix of executables
configure:3781: gcc -o conftest -O2 -I/home/ubuntu/tp-link/GPL_X5700_1/iplatform/staging_dir/host/include -I/home/ubuntu/tp-link/GPL_X5700_1/iplatform/staging_dir/host/include -L/home/ubuntu/tp-link/GPL_X5700_1/iplatform/staging_dir/host/lib conftest.c  >&5
configure:3785: $? = 0
configure:3807: result: 
configure:3829: checking whether we are cross compiling
configure:3837: gcc -o conftest -O2 -I/home/ubuntu/tp-link/GPL_X5700_1/iplatform/staging_dir/host/include -I/home/ubuntu/tp-link/GPL_X5700_1/iplatform/staging_dir/host/include -L/home/ubuntu/tp-link/GPL_X5700_1/iplatform/staging_dir/host/lib conftest.c  >&5
configure:3841: $? = 0
configure:3848: ./conftest
configure:3852: $? = 0
configure:3867: result: no
configure:3872: checking for suffix of object files
configure:3894: gcc -c -O2 -I/home/ubuntu/tp-link/GPL_X5700_1/iplatform/staging_dir/host/include -I/home/ubuntu/tp-link/GPL_X5700_1/iplatform/staging_dir/host/include conftest.c >&5
configure:3898: $? = 0
configure:3919: result: o
configure:3923: checking whether we are using the GNU C compiler
configure:3942: gcc -c -O2 -I/home/ubuntu/tp-link/GPL_X5700_1/iplatform/staging_dir/host/include -I/home/ubuntu/tp-link/GPL_X5700_1/iplatform/staging_dir/host/include conftest.c >&5
configure:3942: $? = 0
configure:3951: result: yes
configure:3960: checking whether gcc accepts -g
configure:3980: gcc -c -g -I/home/ubuntu/tp-link/GPL_X5700_1/iplatform/staging_dir/host/include conftest.c >&5
configure:3980: $? = 0
configure:4021: result: yes
configure:4038: checking for gcc option to accept ISO C89
configure:4101: gcc  -c -O2 -I/home/ubuntu/tp-link/GPL_X5700_1/iplatform/staging_dir/host/include -I/home/ubuntu/tp-link/GPL_X5700_1/iplatform/staging_dir/host/include conftest.c >&5
configure:4101: $? = 0
configure:4114: result: none needed
configure:4145: checking for style of include used by make
configure:4173: result: GNU
configure:4198: checking dependency style of gcc
configure:4308: result: gcc3
configure:4324: checking whether gcc and cc understand -c and -o together
configure:4355: gcc -c conftest.c -o conftest2.o >&5
configure:4359: $? = 0
configure:4365: gcc -c conftest.c -o conftest2.o >&5
configure:4369: $? = 0
configure:4380: cc -c conftest.c >&5
configure:4384: $? = 0
configure:4392: cc -c conftest.c -o conftest2.o >&5
configure:4396: $? = 0
configure:4402: cc -c conftest.c -o conftest2.o >&5
configure:4406: $? = 0
configure:4424: result: yes
configure:4454: checking how to run the C preprocessor
configure:4485: gcc -E -I/home/ubuntu/tp-link/GPL_X5700_1/iplatform/staging_dir/host/include conftest.c
configure:4485: $? = 0
configure:4499: gcc -E -I/home/ubuntu/tp-link/GPL_X5700_1/iplatform/staging_dir/host/include conftest.c
conftest.c:11:28: fatal error: ac_nonexistent.h: No such file or directory
 #include <ac_nonexistent.h>
                            ^
compilation terminated.
configure:4499: $? = 1
configure: failed program was:
| /* confdefs.h */
| #define PACKAGE_NAME "GNU Libtool"
| #define PACKAGE_TARNAME "libtool"
| #define PACKAGE_VERSION "2.4"
| #define PACKAGE_STRING "GNU Libtool 2.4"
| #define PACKAGE_BUGREPORT "bug-libtool@gnu.org"
| #define PACKAGE_URL "http://www.gnu.org/software/libtool/"
| #define PACKAGE "libtool"
| #define VERSION "2.4"
| /* end confdefs.h.  */
| #include <ac_nonexistent.h>
configure:4524: result: gcc -E
configure:4544: gcc -E -I/home/ubuntu/tp-link/GPL_X5700_1/iplatform/staging_dir/host/include conftest.c
configure:4544: $? = 0
configure:4558: gcc -E -I/home/ubuntu/tp-link/GPL_X5700_1/iplatform/staging_dir/host/include conftest.c
conftest.c:11:28: fatal error: ac_nonexistent.h: No such file or directory
 #include <ac_nonexistent.h>
                            ^
compilation terminated.
configure:4558: $? = 1
configure: failed program was:
| /* confdefs.h */
| #define PACKAGE_NAME "GNU Libtool"
| #define PACKAGE_TARNAME "libtool"
| #define PACKAGE_VERSION "2.4"
| #define PACKAGE_STRING "GNU Libtool 2.4"
| #define PACKAGE_BUGREPORT "bug-libtool@gnu.org"
| #define PACKAGE_URL "http://www.gnu.org/software/libtool/"
| #define PACKAGE "libtool"
| #define VERSION "2.4"
| /* end confdefs.h.  */
| #include <ac_nonexistent.h>
configure:4636: checking how to print strings
configure:4663: result: printf
configure:4684: checking for a sed that does not truncate output
configure:4748: result: /home/ubuntu/tp-link/GPL_X5700_1/iplatform/staging_dir/host/bin/sed
configure:4765: checking for grep that handles long lines and -e
configure:4823: result: /bin/grep
configure:4828: checking for egrep
configure:4890: result: /bin/grep -E
configure:4895: checking for fgrep
configure:4957: result: /bin/grep -F
configure:4992: checking for ld used by gcc
configure:5059: result: /usr/bin/ld
configure:5066: checking if the linker (/usr/bin/ld) is GNU ld
configure:5081: result: yes
configure:5093: checking for BSD- or MS-compatible name lister (nm)
configure:5142: result: /usr/bin/nm -B
configure:5272: checking the name lister (/usr/bin/nm -B) interface
configure:5279: gcc -c -O2 -I/home/ubuntu/tp-link/GPL_X5700_1/iplatform/staging_dir/host/include -I/home/ubuntu/tp-link/GPL_X5700_1/iplatform/staging_dir/host/include conftest.c >&5
configure:5282: /usr/bin/nm -B "conftest.o"
configure:5285: output
0000000000000000 B some_variable
configure:5292: result: BSD nm
configure:5295: checking whether ln -s works
configure:5299: result: yes
configure:5307: checking the maximum length of command line arguments
configure:5432: result: 3458764513820540925
configure:5449: checking whether the shell understands some XSI constructs
configure:5459: result: yes
configure:5463: checking whether the shell understands "+="
configure:5469: result: yes
configure:5504: checking how to convert x86_64-pc-linux-gnu file names to x86_64-pc-linux-gnu format
configure:5544: result: func_convert_file_noop
configure:5551: checking how to convert x86_64-pc-linux-gnu file names to toolchain format
configure:5571: result: func_convert_file_noop
configure:5578: checking for /usr/bin/ld option to reload object files
configure:5585: result: -r
configure:5619: checking for x86_64-linux-gnu-objdump
configure:5635: found /usr/bin/x86_64-linux-gnu-objdump
configure:5646: result: x86_64-linux-gnu-objdump
configure:5715: checking how to recognize dependent libraries
configure:5917: result: pass_all
configure:5962: checking for x86_64-linux-gnu-dlltool
configure:5992: result: no
configure:6002: checking for dlltool
configure:6032: result: no
configure:6059: checking how to associate runtime and link libraries
configure:6086: result: printf %s\n
configure:6103: checking for x86_64-linux-gnu-ar
configure:6119: found /usr/bin/x86_64-linux-gnu-ar
configure:6130: result: x86_64-linux-gnu-ar
configure:6211: checking for archiver @FILE support
configure:6228: gcc -c -O2 -I/home/ubuntu/tp-link/GPL_X5700_1/iplatform/staging_dir/host/include -I/home/ubuntu/tp-link/GPL_X5700_1/iplatform/staging_dir/host/include conftest.c >&5
configure:6228: $? = 0
configure:6231: x86_64-linux-gnu-ar cru libconftest.a @conftest.lst >&5
configure:6234: $? = 0
configure:6239: x86_64-linux-gnu-ar cru libconftest.a @conftest.lst >&5
x86_64-linux-gnu-ar: conftest.o: No such file or directory
configure:6242: $? = 1
configure:6254: result: @
configure:6272: checking for x86_64-linux-gnu-strip
configure:6288: found /usr/bin/x86_64-linux-gnu-strip
configure:6299: result: x86_64-linux-gnu-strip
configure:6371: checking for x86_64-linux-gnu-ranlib
configure:6387: found /usr/bin/x86_64-linux-gnu-ranlib
configure:6398: result: x86_64-linux-gnu-ranlib
configure:6539: checking command to parse /usr/bin/nm -B output from gcc object
configure:6658: gcc -c -O2 -I/home/ubuntu/tp-link/GPL_X5700_1/iplatform/staging_dir/host/include -I/home/ubuntu/tp-link/GPL_X5700_1/iplatform/staging_dir/host/include conftest.c >&5
configure:6661: $? = 0
configure:6665: /usr/bin/nm -B conftest.o \| sed -n -e 's/^.*[ ]\([ABCDGIRSTW][ABCDGIRSTW]*\)[ ][ ]*\([_A-Za-z][_A-Za-z0-9]*\)$/\1 \2 \2/p' | sed '/ __gnu_lto/d' \> conftest.nm
configure:6668: $? = 0
configure:6734: gcc -o conftest -O2 -I/home/ubuntu/tp-link/GPL_X5700_1/iplatform/staging_dir/host/include -I/home/ubuntu/tp-link/GPL_X5700_1/iplatform/staging_dir/host/include -L/home/ubuntu/tp-link/GPL_X5700_1/iplatform/staging_dir/host/lib conftest.c conftstm.o >&5
configure:6737: $? = 0
configure:6775: result: ok
configure:6812: checking for sysroot
configure:6842: result: no
configure:6919: gcc -c -O2 -I/home/ubuntu/tp-link/GPL_X5700_1/iplatform/staging_dir/host/include -I/home/ubuntu/tp-link/GPL_X5700_1/iplatform/staging_dir/host/include conftest.c >&5
configure:6922: $? = 0
configure:7045: checking for x86_64-linux-gnu-mt
configure:7075: result: no
configure:7085: checking for mt
configure:7101: found /bin/mt
configure:7112: result: mt
configure:7135: checking if mt is a manifest tool
configure:7141: mt '-?'
configure:7149: result: no
configure:7777: checking for ANSI C header files
configure:7797: gcc -c -O2 -I/home/ubuntu/tp-link/GPL_X5700_1/iplatform/staging_dir/host/include -I/home/ubuntu/tp-link/GPL_X5700_1/iplatform/staging_dir/host/include conftest.c >&5
configure:7797: $? = 0
configure:7870: gcc -o conftest -O2 -I/home/ubuntu/tp-link/GPL_X5700_1/iplatform/staging_dir/host/include -I/home/ubuntu/tp-link/GPL_X5700_1/iplatform/staging_dir/host/include -L/home/ubuntu/tp-link/GPL_X5700_1/iplatform/staging_dir/host/lib conftest.c  >&5
configure:7870: $? = 0
configure:7870: ./conftest
configure:7870: $? = 0
configure:7881: result: yes
configure:7894: checking for sys/types.h
configure:7894: gcc -c -O2 -I/home/ubuntu/tp-link/GPL_X5700_1/iplatform/staging_dir/host/include -I/home/ubuntu/tp-link/GPL_X5700_1/iplatform/staging_dir/host/include conftest.c >&5
configure:7894: $? = 0
configure:7894: result: yes
configure:7894: checking for sys/stat.h
configure:7894: gcc -c -O2 -I/home/ubuntu/tp-link/GPL_X5700_1/iplatform/staging_dir/host/include -I/home/ubuntu/tp-link/GPL_X5700_1/iplatform/staging_dir/host/include conftest.c >&5
configure:7894: $? = 0
configure:7894: result: yes
configure:7894: checking for stdlib.h
configure:7894: gcc -c -O2 -I/home/ubuntu/tp-link/GPL_X5700_1/iplatform/staging_dir/host/include -I/home/ubuntu/tp-link/GPL_X5700_1/iplatform/staging_dir/host/include conftest.c >&5
configure:7894: $? = 0
configure:7894: result: yes
configure:7894: checking for string.h
configure:7894: gcc -c -O2 -I/home/ubuntu/tp-link/GPL_X5700_1/iplatform/staging_dir/host/include -I/home/ubuntu/tp-link/GPL_X5700_1/iplatform/staging_dir/host/include conftest.c >&5
configure:7894: $? = 0
configure:7894: result: yes
configure:7894: checking for memory.h
configure:7894: gcc -c -O2 -I/home/ubuntu/tp-link/GPL_X5700_1/iplatform/staging_dir/host/include -I/home/ubuntu/tp-link/GPL_X5700_1/iplatform/staging_dir/host/include conftest.c >&5
configure:7894: $? = 0
configure:7894: result: yes
configure:7894: checking for strings.h
configure:7894: gcc -c -O2 -I/home/ubuntu/tp-link/GPL_X5700_1/iplatform/staging_dir/host/include -I/home/ubuntu/tp-link/GPL_X5700_1/iplatform/staging_dir/host/include conftest.c >&5
configure:7894: $? = 0
configure:7894: result: yes
configure:7894: checking for inttypes.h
configure:7894: gcc -c -O2 -I/home/ubuntu/tp-link/GPL_X5700_1/iplatform/staging_dir/host/include -I/home/ubuntu/tp-link/GPL_X5700_1/iplatform/staging_dir/host/include conftest.c >&5
configure:7894: $? = 0
configure:7894: result: yes
configure:7894: checking for stdint.h
configure:7894: gcc -c -O2 -I/home/ubuntu/tp-link/GPL_X5700_1/iplatform/staging_dir/host/include -I/home/ubuntu/tp-link/GPL_X5700_1/iplatform/staging_dir/host/include conftest.c >&5
configure:7894: $? = 0
configure:7894: result: yes
configure:7894: checking for unistd.h
configure:7894: gcc -c -O2 -I/home/ubuntu/tp-link/GPL_X5700_1/iplatform/staging_dir/host/include -I/home/ubuntu/tp-link/GPL_X5700_1/iplatform/staging_dir/host/include conftest.c >&5
configure:7894: $? = 0
configure:7894: result: yes
configure:7908: checking for dlfcn.h
configure:7908: gcc -c -O2 -I/home/ubuntu/tp-link/GPL_X5700_1/iplatform/staging_dir/host/include -I/home/ubuntu/tp-link/GPL_X5700_1/iplatform/staging_dir/host/include conftest.c >&5
configure:7908: $? = 0
configure:7908: result: yes
configure:8392: checking for objdir
configure:8407: result: .libs
configure:8677: checking if gcc supports -fno-rtti -fno-exceptions
configure:8695: gcc -c -O2 -I/home/ubuntu/tp-link/GPL_X5700_1/iplatform/staging_dir/host/include -I/home/ubuntu/tp-link/GPL_X5700_1/iplatform/staging_dir/host/include -fno-rtti -fno-exceptions conftest.c >&5
cc1: warning: command line option '-fno-rtti' is valid for C++/ObjC++ but not for C [enabled by default]
configure:8699: $? = 0
configure:8712: result: no
configure:9022: checking for gcc option to produce PIC
configure:9029: result: -fPIC -DPIC
configure:9037: checking if gcc PIC flag -fPIC -DPIC works
configure:9055: gcc -c -O2 -I/home/ubuntu/tp-link/GPL_X5700_1/iplatform/staging_dir/host/include -I/home/ubuntu/tp-link/GPL_X5700_1/iplatform/staging_dir/host/include -fPIC -DPIC -DPIC conftest.c >&5
configure:9059: $? = 0
configure:9072: result: yes
configure:9101: checking if gcc static flag -static works
configure:9129: result: yes
configure:9144: checking if gcc supports -c -o file.o
configure:9165: gcc -c -O2 -I/home/ubuntu/tp-link/GPL_X5700_1/iplatform/staging_dir/host/include -I/home/ubuntu/tp-link/GPL_X5700_1/iplatform/staging_dir/host/include -o out/conftest2.o conftest.c >&5
configure:9169: $? = 0
configure:9191: result: yes
configure:9199: checking if gcc supports -c -o file.o
configure:9246: result: yes
configure:9279: checking whether the gcc linker (/usr/bin/ld -m elf_x86_64) supports shared libraries
configure:10437: result: yes
configure:10474: checking whether -lc should be explicitly linked in
configure:10482: gcc -c -O2 -I/home/ubuntu/tp-link/GPL_X5700_1/iplatform/staging_dir/host/include -I/home/ubuntu/tp-link/GPL_X5700_1/iplatform/staging_dir/host/include conftest.c >&5
configure:10485: $? = 0
configure:10500: gcc -shared  -fPIC -DPIC conftest.o  -v -Wl,-soname -Wl,conftest -o conftest 2\>\&1 \| /bin/grep  -lc  \>/dev/null 2\>\&1
configure:10503: $? = 0
configure:10517: result: no
configure:10682: checking dynamic linker characteristics
configure:11196: gcc -o conftest -O2 -I/home/ubuntu/tp-link/GPL_X5700_1/iplatform/staging_dir/host/include -I/home/ubuntu/tp-link/GPL_X5700_1/iplatform/staging_dir/host/include -L/home/ubuntu/tp-link/GPL_X5700_1/iplatform/staging_dir/host/lib -Wl,-rpath -Wl,/foo conftest.c  >&5
configure:11196: $? = 0
configure:11418: result: GNU/Linux ld.so
configure:11525: checking how to hardcode library paths into programs
configure:11550: result: immediate
configure:11644: checking for shl_load
configure:11644: gcc -o conftest -O2 -I/home/ubuntu/tp-link/GPL_X5700_1/iplatform/staging_dir/host/include -I/home/ubuntu/tp-link/GPL_X5700_1/iplatform/staging_dir/host/include -L/home/ubuntu/tp-link/GPL_X5700_1/iplatform/staging_dir/host/lib conftest.c  >&5
/tmp/ccvy7RcX.o: In function `main':
conftest.c:(.text.startup+0x7): undefined reference to `shl_load'
collect2: error: ld returned 1 exit status
configure:11644: $? = 1
configure: failed program was:
| /* confdefs.h */
| #define PACKAGE_NAME "GNU Libtool"
| #define PACKAGE_TARNAME "libtool"
| #define PACKAGE_VERSION "2.4"
| #define PACKAGE_STRING "GNU Libtool 2.4"
| #define PACKAGE_BUGREPORT "bug-libtool@gnu.org"
| #define PACKAGE_URL "http://www.gnu.org/software/libtool/"
| #define PACKAGE "libtool"
| #define VERSION "2.4"
| #define STDC_HEADERS 1
| #define HAVE_SYS_TYPES_H 1
| #define HAVE_SYS_STAT_H 1
| #define HAVE_STDLIB_H 1
| #define HAVE_STRING_H 1
| #define HAVE_MEMORY_H 1
| #define HAVE_STRINGS_H 1
| #define HAVE_INTTYPES_H 1
| #define HAVE_STDINT_H 1
| #define HAVE_UNISTD_H 1
| #define HAVE_DLFCN_H 1
| #define LT_OBJDIR ".libs/"
| /* end confdefs.h.  */
| /* Define shl_load to an innocuous variant, in case <limits.h> declares shl_load.
|    For example, HP-UX 11i <limits.h> declares gettimeofday.  */
| #define shl_load innocuous_shl_load
| 
| /* System header to define __stub macros and hopefully few prototypes,
|     which can conflict with char shl_load (); below.
|     Prefer <limits.h> to <assert.h> if __STDC__ is defined, since
|     <limits.h> exists even on freestanding compilers.  */
| 
| #ifdef __STDC__
| # include <limits.h>
| #else
| # include <assert.h>
| #endif
| 
| #undef shl_load
| 
| /* Override any GCC internal prototype to avoid an error.
|    Use char because int might match the return type of a GCC
|    builtin and then its argument prototype would still apply.  */
| #ifdef __cplusplus
| extern "C"
| #endif
| char shl_load ();
| /* The GNU C library defines this for functions which it implements
|     to always fail with ENOSYS.  Some functions are actually named
|     something starting with __ and the normal name is an alias.  */
| #if defined __stub_shl_load || defined __stub___shl_load
| choke me
| #endif
| 
| int
| main ()
| {
| return shl_load ();
|   ;
|   return 0;
| }
configure:11644: result: no
configure:11648: checking for shl_load in -ldld
configure:11673: gcc -o conftest -O2 -I/home/ubuntu/tp-link/GPL_X5700_1/iplatform/staging_dir/host/include -I/home/ubuntu/tp-link/GPL_X5700_1/iplatform/staging_dir/host/include -L/home/ubuntu/tp-link/GPL_X5700_1/iplatform/staging_dir/host/lib conftest.c -ldld   >&5
/usr/bin/ld: cannot find -ldld
collect2: error: ld returned 1 exit status
configure:11673: $? = 1
configure: failed program was:
| /* confdefs.h */
| #define PACKAGE_NAME "GNU Libtool"
| #define PACKAGE_TARNAME "libtool"
| #define PACKAGE_VERSION "2.4"
| #define PACKAGE_STRING "GNU Libtool 2.4"
| #define PACKAGE_BUGREPORT "bug-libtool@gnu.org"
| #define PACKAGE_URL "http://www.gnu.org/software/libtool/"
| #define PACKAGE "libtool"
| #define VERSION "2.4"
| #define STDC_HEADERS 1
| #define HAVE_SYS_TYPES_H 1
| #define HAVE_SYS_STAT_H 1
| #define HAVE_STDLIB_H 1
| #define HAVE_STRING_H 1
| #define HAVE_MEMORY_H 1
| #define HAVE_STRINGS_H 1
| #define HAVE_INTTYPES_H 1
| #define HAVE_STDINT_H 1
| #define HAVE_UNISTD_H 1
| #define HAVE_DLFCN_H 1
| #define LT_OBJDIR ".libs/"
| /* end confdefs.h.  */
| 
| /* Override any GCC internal prototype to avoid an error.
|    Use char because int might match the return type of a GCC
|    builtin and then its argument prototype would still apply.  */
| #ifdef __cplusplus
| extern "C"
| #endif
| char shl_load ();
| int
| main ()
| {
| return shl_load ();
|   ;
|   return 0;
| }
configure:11682: result: no
configure:11687: checking for dlopen
configure:11687: gcc -o conftest -O2 -I/home/ubuntu/tp-link/GPL_X5700_1/iplatform/staging_dir/host/include -I/home/ubuntu/tp-link/GPL_X5700_1/iplatform/staging_dir/host/include -L/home/ubuntu/tp-link/GPL_X5700_1/iplatform/staging_dir/host/lib conftest.c  >&5
/tmp/ccPOF89Y.o: In function `main':
conftest.c:(.text.startup+0x7): undefined reference to `dlopen'
collect2: error: ld returned 1 exit status
configure:11687: $? = 1
configure: failed program was:
| /* confdefs.h */
| #define PACKAGE_NAME "GNU Libtool"
| #define PACKAGE_TARNAME "libtool"
| #define PACKAGE_VERSION "2.4"
| #define PACKAGE_STRING "GNU Libtool 2.4"
| #define PACKAGE_BUGREPORT "bug-libtool@gnu.org"
| #define PACKAGE_URL "http://www.gnu.org/software/libtool/"
| #define PACKAGE "libtool"
| #define VERSION "2.4"
| #define STDC_HEADERS 1
| #define HAVE_SYS_TYPES_H 1
| #define HAVE_SYS_STAT_H 1
| #define HAVE_STDLIB_H 1
| #define HAVE_STRING_H 1
| #define HAVE_MEMORY_H 1
| #define HAVE_STRINGS_H 1
| #define HAVE_INTTYPES_H 1
| #define HAVE_STDINT_H 1
| #define HAVE_UNISTD_H 1
| #define HAVE_DLFCN_H 1
| #define LT_OBJDIR ".libs/"
| /* end confdefs.h.  */
| /* Define dlopen to an innocuous variant, in case <limits.h> declares dlopen.
|    For example, HP-UX 11i <limits.h> declares gettimeofday.  */
| #define dlopen innocuous_dlopen
| 
| /* System header to define __stub macros and hopefully few prototypes,
|     which can conflict with char dlopen (); below.
|     Prefer <limits.h> to <assert.h> if __STDC__ is defined, since
|     <limits.h> exists even on freestanding compilers.  */
| 
| #ifdef __STDC__
| # include <limits.h>
| #else
| # include <assert.h>
| #endif
| 
| #undef dlopen
| 
| /* Override any GCC internal prototype to avoid an error.
|    Use char because int might match the return type of a GCC
|    builtin and then its argument prototype would still apply.  */
| #ifdef __cplusplus
| extern "C"
| #endif
| char dlopen ();
| /* The GNU C library defines this for functions which it implements
|     to always fail with ENOSYS.  Some functions are actually named
|     something starting with __ and the normal name is an alias.  */
| #if defined __stub_dlopen || defined __stub___dlopen
| choke me
| #endif
| 
| int
| main ()
| {
| return dlopen ();
|   ;
|   return 0;
| }
configure:11687: result: no
configure:11691: checking for dlopen in -ldl
configure:11716: gcc -o conftest -O2 -I/home/ubuntu/tp-link/GPL_X5700_1/iplatform/staging_dir/host/include -I/home/ubuntu/tp-link/GPL_X5700_1/iplatform/staging_dir/host/include -L/home/ubuntu/tp-link/GPL_X5700_1/iplatform/staging_dir/host/lib conftest.c -ldl   >&5
configure:11716: $? = 0
configure:11725: result: yes
configure:11844: checking whether a program can dlopen itself
configure:11924: gcc -o conftest -O2 -I/home/ubuntu/tp-link/GPL_X5700_1/iplatform/staging_dir/host/include -I/home/ubuntu/tp-link/GPL_X5700_1/iplatform/staging_dir/host/include -DHAVE_DLFCN_H -L/home/ubuntu/tp-link/GPL_X5700_1/iplatform/staging_dir/host/lib -Wl,--export-dynamic conftest.c -ldl  >&5
configure:11927: $? = 0
configure:11945: result: yes
configure:11950: checking whether a statically linked program can dlopen itself
configure:12030: gcc -o conftest -O2 -I/home/ubuntu/tp-link/GPL_X5700_1/iplatform/staging_dir/host/include -I/home/ubuntu/tp-link/GPL_X5700_1/iplatform/staging_dir/host/include -DHAVE_DLFCN_H -L/home/ubuntu/tp-link/GPL_X5700_1/iplatform/staging_dir/host/lib -Wl,--export-dynamic -static conftest.c -ldl  >&5
/tmp/cc7WhO53.o: In function `main':
conftest.c:(.text.startup+0x9): warning: Using 'dlopen' in statically linked applications requires at runtime the shared libraries from the glibc version used for linking
/usr/bin/ld: dynamic STT_GNU_IFUNC symbol `strcmp' with pointer equality in `/usr/lib/gcc/x86_64-linux-gnu/4.8/../../../x86_64-linux-gnu/libc.a(strcmp.o)' can not be used when making an executable; recompile with -fPIE and relink with -pie
collect2: error: ld returned 1 exit status
configure:12033: $? = 1
configure:12051: result: no
configure:12090: checking whether stripping libraries is possible
configure:12095: result: yes
configure:12130: checking if libtool supports shared libraries
configure:12132: result: yes
configure:12135: checking whether to build shared libraries
configure:12156: result: yes
configure:12159: checking whether to build static libraries
configure:12163: result: yes
configure:12199: checking which extension is used for runtime loadable modules
configure:12209: result: .so
configure:12219: checking which variable specifies run-time module search path
configure:12226: result: LD_LIBRARY_PATH
configure:12236: checking for the default library search path
configure:12243: result: 
configure:12273: checking for library containing dlopen
configure:12304: gcc -o conftest -O2 -I/home/ubuntu/tp-link/GPL_X5700_1/iplatform/staging_dir/host/include -I/home/ubuntu/tp-link/GPL_X5700_1/iplatform/staging_dir/host/include -L/home/ubuntu/tp-link/GPL_X5700_1/iplatform/staging_dir/host/lib conftest.c  >&5
/tmp/ccU8unE6.o: In function `main':
conftest.c:(.text.startup+0x7): undefined reference to `dlopen'
collect2: error: ld returned 1 exit status
configure:12304: $? = 1
configure: failed program was:
| /* confdefs.h */
| #define PACKAGE_NAME "GNU Libtool"
| #define PACKAGE_TARNAME "libtool"
| #define PACKAGE_VERSION "2.4"
| #define PACKAGE_STRING "GNU Libtool 2.4"
| #define PACKAGE_BUGREPORT "bug-libtool@gnu.org"
| #define PACKAGE_URL "http://www.gnu.org/software/libtool/"
| #define PACKAGE "libtool"
| #define VERSION "2.4"
| #define STDC_HEADERS 1
| #define HAVE_SYS_TYPES_H 1
| #define HAVE_SYS_STAT_H 1
| #define HAVE_STDLIB_H 1
| #define HAVE_STRING_H 1
| #define HAVE_MEMORY_H 1
| #define HAVE_STRINGS_H 1
| #define HAVE_INTTYPES_H 1
| #define HAVE_STDINT_H 1
| #define HAVE_UNISTD_H 1
| #define HAVE_DLFCN_H 1
| #define LT_OBJDIR ".libs/"
| #define LT_MODULE_EXT ".so"
| #define LT_MODULE_PATH_VAR "LD_LIBRARY_PATH"
| /* end confdefs.h.  */
| 
| /* Override any GCC internal prototype to avoid an error.
|    Use char because int might match the return type of a GCC
|    builtin and then its argument prototype would still apply.  */
| #ifdef __cplusplus
| extern "C"
| #endif
| char dlopen ();
| int
| main ()
| {
| return dlopen ();
|   ;
|   return 0;
| }
configure:12304: gcc -o conftest -O2 -I/home/ubuntu/tp-link/GPL_X5700_1/iplatform/staging_dir/host/include -I/home/ubuntu/tp-link/GPL_X5700_1/iplatform/staging_dir/host/include -L/home/ubuntu/tp-link/GPL_X5700_1/iplatform/staging_dir/host/lib conftest.c -ldl   >&5
configure:12304: $? = 0
configure:12321: result: -ldl
configure:12411: checking for dlerror
configure:12411: gcc -o conftest -O2 -I/home/ubuntu/tp-link/GPL_X5700_1/iplatform/staging_dir/host/include -I/home/ubuntu/tp-link/GPL_X5700_1/iplatform/staging_dir/host/include -L/home/ubuntu/tp-link/GPL_X5700_1/iplatform/staging_dir/host/lib conftest.c -ldl  -ldl >&5
configure:12411: $? = 0
configure:12411: result: yes
configure:12425: checking for shl_load
configure:12425: result: no
configure:12432: checking for shl_load in -ldld
configure:12466: result: no
configure:12512: checking for dld_link in -ldld
configure:12537: gcc -o conftest -O2 -I/home/ubuntu/tp-link/GPL_X5700_1/iplatform/staging_dir/host/include -I/home/ubuntu/tp-link/GPL_X5700_1/iplatform/staging_dir/host/include -L/home/ubuntu/tp-link/GPL_X5700_1/iplatform/staging_dir/host/lib conftest.c -ldld  -ldl  >&5
/usr/bin/ld: cannot find -ldld
collect2: error: ld returned 1 exit status
configure:12537: $? = 1
configure: failed program was:
| /* confdefs.h */
| #define PACKAGE_NAME "GNU Libtool"
| #define PACKAGE_TARNAME "libtool"
| #define PACKAGE_VERSION "2.4"
| #define PACKAGE_STRING "GNU Libtool 2.4"
| #define PACKAGE_BUGREPORT "bug-libtool@gnu.org"
| #define PACKAGE_URL "http://www.gnu.org/software/libtool/"
| #define PACKAGE "libtool"
| #define VERSION "2.4"
| #define STDC_HEADERS 1
| #define HAVE_SYS_TYPES_H 1
| #define HAVE_SYS_STAT_H 1
| #define HAVE_STDLIB_H 1
| #define HAVE_STRING_H 1
| #define HAVE_MEMORY_H 1
| #define HAVE_STRINGS_H 1
| #define HAVE_INTTYPES_H 1
| #define HAVE_STDINT_H 1
| #define HAVE_UNISTD_H 1
| #define HAVE_DLFCN_H 1
| #define LT_OBJDIR ".libs/"
| #define LT_MODULE_EXT ".so"
| #define LT_MODULE_PATH_VAR "LD_LIBRARY_PATH"
| #define HAVE_LIBDL 1
| #define HAVE_DLERROR 1
| /* end confdefs.h.  */
| 
| /* Override any GCC internal prototype to avoid an error.
|    Use char because int might match the return type of a GCC
|    builtin and then its argument prototype would still apply.  */
| #ifdef __cplusplus
| extern "C"
| #endif
| char dld_link ();
| int
| main ()
| {
| return dld_link ();
|   ;
|   return 0;
| }
configure:12546: result: no
configure:12580: checking for _ prefix in compiled symbols
configure:12590: gcc -c -O2 -I/home/ubuntu/tp-link/GPL_X5700_1/iplatform/staging_dir/host/include -I/home/ubuntu/tp-link/GPL_X5700_1/iplatform/staging_dir/host/include conftest.c >&5
configure:12593: $? = 0
configure:12597: /usr/bin/nm -B conftest.o \| sed -n -e 's/^.*[	 ]\([ABCDGIRSTW][ABCDGIRSTW]*\)[	 ][	 ]*\([_A-Za-z][_A-Za-z0-9]*\)$/\1 \2 \2/p' | sed '/ __gnu_lto/d' \> conftest.nm
configure:12600: $? = 0
configure:12622: result: no
configure:12746: checking whether deplibs are loaded by dlopen
configure:12840: result: yes
configure:12852: checking for argz.h
configure:12852: gcc -c -O2 -I/home/ubuntu/tp-link/GPL_X5700_1/iplatform/staging_dir/host/include -I/home/ubuntu/tp-link/GPL_X5700_1/iplatform/staging_dir/host/include conftest.c >&5
configure:12852: $? = 0
configure:12852: result: yes
configure:12864: checking for error_t
configure:12864: gcc -c -O2 -I/home/ubuntu/tp-link/GPL_X5700_1/iplatform/staging_dir/host/include -I/home/ubuntu/tp-link/GPL_X5700_1/iplatform/staging_dir/host/include conftest.c >&5
configure:12864: $? = 0
configure:12864: gcc -c -O2 -I/home/ubuntu/tp-link/GPL_X5700_1/iplatform/staging_dir/host/include -I/home/ubuntu/tp-link/GPL_X5700_1/iplatform/staging_dir/host/include conftest.c >&5
conftest.c: In function 'main':
conftest.c:36:22: error: expected expression before ')' token
 if (sizeof ((error_t)))
                      ^
configure:12864: $? = 1
configure: failed program was:
| /* confdefs.h */
| #define PACKAGE_NAME "GNU Libtool"
| #define PACKAGE_TARNAME "libtool"
| #define PACKAGE_VERSION "2.4"
| #define PACKAGE_STRING "GNU Libtool 2.4"
| #define PACKAGE_BUGREPORT "bug-libtool@gnu.org"
| #define PACKAGE_URL "http://www.gnu.org/software/libtool/"
| #define PACKAGE "libtool"
| #define VERSION "2.4"
| #define STDC_HEADERS 1
| #define HAVE_SYS_TYPES_H 1
| #define HAVE_SYS_STAT_H 1
| #define HAVE_STDLIB_H 1
| #define HAVE_STRING_H 1
| #define HAVE_MEMORY_H 1
| #define HAVE_STRINGS_H 1
| #define HAVE_INTTYPES_H 1
| #define HAVE_STDINT_H 1
| #define HAVE_UNISTD_H 1
| #define HAVE_DLFCN_H 1
| #define LT_OBJDIR ".libs/"
| #define LT_MODULE_EXT ".so"
| #define LT_MODULE_PATH_VAR "LD_LIBRARY_PATH"
| #define HAVE_LIBDL 1
| #define HAVE_DLERROR 1
| #define HAVE_LIBDLLOADER 1
| #define HAVE_ARGZ_H 1
| /* end confdefs.h.  */
| #if defined(HAVE_ARGZ_H)
| #  include <argz.h>
| #endif
| 
| int
| main ()
| {
| if (sizeof ((error_t)))
| 	    return 0;
|   ;
|   return 0;
| }
configure:12864: result: yes
configure:12890: checking for argz_add
configure:12890: gcc -o conftest -O2 -I/home/ubuntu/tp-link/GPL_X5700_1/iplatform/staging_dir/host/include -I/home/ubuntu/tp-link/GPL_X5700_1/iplatform/staging_dir/host/include -L/home/ubuntu/tp-link/GPL_X5700_1/iplatform/staging_dir/host/lib conftest.c -ldl  >&5
configure:12890: $? = 0
configure:12890: result: yes
configure:12890: checking for argz_append
configure:12890: gcc -o conftest -O2 -I/home/ubuntu/tp-link/GPL_X5700_1/iplatform/staging_dir/host/include -I/home/ubuntu/tp-link/GPL_X5700_1/iplatform/staging_dir/host/include -L/home/ubuntu/tp-link/GPL_X5700_1/iplatform/staging_dir/host/lib conftest.c -ldl  >&5
configure:12890: $? = 0
configure:12890: result: yes
configure:12890: checking for argz_count
configure:12890: gcc -o conftest -O2 -I/home/ubuntu/tp-link/GPL_X5700_1/iplatform/staging_dir/host/include -I/home/ubuntu/tp-link/GPL_X5700_1/iplatform/staging_dir/host/include -L/home/ubuntu/tp-link/GPL_X5700_1/iplatform/staging_dir/host/lib conftest.c -ldl  >&5
configure:12890: $? = 0
configure:12890: result: yes
configure:12890: checking for argz_create_sep
configure:12890: gcc -o conftest -O2 -I/home/ubuntu/tp-link/GPL_X5700_1/iplatform/staging_dir/host/include -I/home/ubuntu/tp-link/GPL_X5700_1/iplatform/staging_dir/host/include -L/home/ubuntu/tp-link/GPL_X5700_1/iplatform/staging_dir/host/lib conftest.c -ldl  >&5
configure:12890: $? = 0
configure:12890: result: yes
configure:12890: checking for argz_insert
configure:12890: gcc -o conftest -O2 -I/home/ubuntu/tp-link/GPL_X5700_1/iplatform/staging_dir/host/include -I/home/ubuntu/tp-link/GPL_X5700_1/iplatform/staging_dir/host/include -L/home/ubuntu/tp-link/GPL_X5700_1/iplatform/staging_dir/host/lib conftest.c -ldl  >&5
configure:12890: $? = 0
configure:12890: result: yes
configure:12890: checking for argz_next
configure:12890: gcc -o conftest -O2 -I/home/ubuntu/tp-link/GPL_X5700_1/iplatform/staging_dir/host/include -I/home/ubuntu/tp-link/GPL_X5700_1/iplatform/staging_dir/host/include -L/home/ubuntu/tp-link/GPL_X5700_1/iplatform/staging_dir/host/lib conftest.c -ldl  >&5
configure:12890: $? = 0
configure:12890: result: yes
configure:12890: checking for argz_stringify
configure:12890: gcc -o conftest -O2 -I/home/ubuntu/tp-link/GPL_X5700_1/iplatform/staging_dir/host/include -I/home/ubuntu/tp-link/GPL_X5700_1/iplatform/staging_dir/host/include -L/home/ubuntu/tp-link/GPL_X5700_1/iplatform/staging_dir/host/lib conftest.c -ldl  >&5
configure:12890: $? = 0
configure:12890: result: yes
configure:12908: checking if argz actually works
configure:12939: result: yes
configure:12958: checking whether libtool supports -dlopen/-dlpreopen
configure:12970: result: yes
configure:13023: checking for unistd.h
configure:13023: result: yes
configure:13023: checking for dl.h
configure:13023: gcc -c -O2 -I/home/ubuntu/tp-link/GPL_X5700_1/iplatform/staging_dir/host/include -I/home/ubuntu/tp-link/GPL_X5700_1/iplatform/staging_dir/host/include conftest.c >&5
conftest.c:74:16: fatal error: dl.h: No such file or directory
 #include <dl.h>
                ^
compilation terminated.
configure:13023: $? = 1
configure: failed program was:
| /* confdefs.h */
| #define PACKAGE_NAME "GNU Libtool"
| #define PACKAGE_TARNAME "libtool"
| #define PACKAGE_VERSION "2.4"
| #define PACKAGE_STRING "GNU Libtool 2.4"
| #define PACKAGE_BUGREPORT "bug-libtool@gnu.org"
| #define PACKAGE_URL "http://www.gnu.org/software/libtool/"
| #define PACKAGE "libtool"
| #define VERSION "2.4"
| #define STDC_HEADERS 1
| #define HAVE_SYS_TYPES_H 1
| #define HAVE_SYS_STAT_H 1
| #define HAVE_STDLIB_H 1
| #define HAVE_STRING_H 1
| #define HAVE_MEMORY_H 1
| #define HAVE_STRINGS_H 1
| #define HAVE_INTTYPES_H 1
| #define HAVE_STDINT_H 1
| #define HAVE_UNISTD_H 1
| #define HAVE_DLFCN_H 1
| #define LT_OBJDIR ".libs/"
| #define LT_MODULE_EXT ".so"
| #define LT_MODULE_PATH_VAR "LD_LIBRARY_PATH"
| #define HAVE_LIBDL 1
| #define HAVE_DLERROR 1
| #define HAVE_LIBDLLOADER 1
| #define HAVE_ARGZ_H 1
| #define HAVE_ERROR_T 1
| #define HAVE_ARGZ_ADD 1
| #define HAVE_ARGZ_APPEND 1
| #define HAVE_ARGZ_COUNT 1
| #define HAVE_ARGZ_CREATE_SEP 1
| #define HAVE_ARGZ_INSERT 1
| #define HAVE_ARGZ_NEXT 1
| #define HAVE_ARGZ_STRINGIFY 1
| #define HAVE_WORKING_ARGZ 1
| #define HAVE_PRELOADED_SYMBOLS 1
| #define HAVE_UNISTD_H 1
| /* end confdefs.h.  */
| #include <stdio.h>
| #ifdef HAVE_SYS_TYPES_H
| # include <sys/types.h>
| #endif
| #ifdef HAVE_SYS_STAT_H
| # include <sys/stat.h>
| #endif
| #ifdef STDC_HEADERS
| # include <stdlib.h>
| # include <stddef.h>
| #else
| # ifdef HAVE_STDLIB_H
| #  include <stdlib.h>
| # endif
| #endif
| #ifdef HAVE_STRING_H
| # if !defined STDC_HEADERS && defined HAVE_MEMORY_H
| #  include <memory.h>
| # endif
| # include <string.h>
| #endif
| #ifdef HAVE_STRINGS_H
| # include <strings.h>
| #endif
| #ifdef HAVE_INTTYPES_H
| # include <inttypes.h>
| #endif
| #ifdef HAVE_STDINT_H
| # include <stdint.h>
| #endif
| #ifdef HAVE_UNISTD_H
| # include <unistd.h>
| #endif
| 
| #include <dl.h>
configure:13023: result: no
configure:13023: checking for sys/dl.h
configure:13023: gcc -c -O2 -I/home/ubuntu/tp-link/GPL_X5700_1/iplatform/staging_dir/host/include -I/home/ubuntu/tp-link/GPL_X5700_1/iplatform/staging_dir/host/include conftest.c >&5
conftest.c:74:20: fatal error: sys/dl.h: No such file or directory
 #include <sys/dl.h>
                    ^
compilation terminated.
configure:13023: $? = 1
configure: failed program was:
| /* confdefs.h */
| #define PACKAGE_NAME "GNU Libtool"
| #define PACKAGE_TARNAME "libtool"
| #define PACKAGE_VERSION "2.4"
| #define PACKAGE_STRING "GNU Libtool 2.4"
| #define PACKAGE_BUGREPORT "bug-libtool@gnu.org"
| #define PACKAGE_URL "http://www.gnu.org/software/libtool/"
| #define PACKAGE "libtool"
| #define VERSION "2.4"
| #define STDC_HEADERS 1
| #define HAVE_SYS_TYPES_H 1
| #define HAVE_SYS_STAT_H 1
| #define HAVE_STDLIB_H 1
| #define HAVE_STRING_H 1
| #define HAVE_MEMORY_H 1
| #define HAVE_STRINGS_H 1
| #define HAVE_INTTYPES_H 1
| #define HAVE_STDINT_H 1
| #define HAVE_UNISTD_H 1
| #define HAVE_DLFCN_H 1
| #define LT_OBJDIR ".libs/"
| #define LT_MODULE_EXT ".so"
| #define LT_MODULE_PATH_VAR "LD_LIBRARY_PATH"
| #define HAVE_LIBDL 1
| #define HAVE_DLERROR 1
| #define HAVE_LIBDLLOADER 1
| #define HAVE_ARGZ_H 1
| #define HAVE_ERROR_T 1
| #define HAVE_ARGZ_ADD 1
| #define HAVE_ARGZ_APPEND 1
| #define HAVE_ARGZ_COUNT 1
| #define HAVE_ARGZ_CREATE_SEP 1
| #define HAVE_ARGZ_INSERT 1
| #define HAVE_ARGZ_NEXT 1
| #define HAVE_ARGZ_STRINGIFY 1
| #define HAVE_WORKING_ARGZ 1
| #define HAVE_PRELOADED_SYMBOLS 1
| #define HAVE_UNISTD_H 1
| /* end confdefs.h.  */
| #include <stdio.h>
| #ifdef HAVE_SYS_TYPES_H
| # include <sys/types.h>
| #endif
| #ifdef HAVE_SYS_STAT_H
| # include <sys/stat.h>
| #endif
| #ifdef STDC_HEADERS
| # include <stdlib.h>
| # include <stddef.h>
| #else
| # ifdef HAVE_STDLIB_H
| #  include <stdlib.h>
| # endif
| #endif
| #ifdef HAVE_STRING_H
| # if !defined STDC_HEADERS && defined HAVE_MEMORY_H
| #  include <memory.h>
| # endif
| # include <string.h>
| #endif
| #ifdef HAVE_STRINGS_H
| # include <strings.h>
| #endif
| #ifdef HAVE_INTTYPES_H
| # include <inttypes.h>
| #endif
| #ifdef HAVE_STDINT_H
| # include <stdint.h>
| #endif
| #ifdef HAVE_UNISTD_H
| # include <unistd.h>
| #endif
| 
| #include <sys/dl.h>
configure:13023: result: no
configure:13023: checking for dld.h
configure:13023: gcc -c -O2 -I/home/ubuntu/tp-link/GPL_X5700_1/iplatform/staging_dir/host/include -I/home/ubuntu/tp-link/GPL_X5700_1/iplatform/staging_dir/host/include conftest.c >&5
conftest.c:74:17: fatal error: dld.h: No such file or directory
 #include <dld.h>
                 ^
compilation terminated.
configure:13023: $? = 1
configure: failed program was:
| /* confdefs.h */
| #define PACKAGE_NAME "GNU Libtool"
| #define PACKAGE_TARNAME "libtool"
| #define PACKAGE_VERSION "2.4"
| #define PACKAGE_STRING "GNU Libtool 2.4"
| #define PACKAGE_BUGREPORT "bug-libtool@gnu.org"
| #define PACKAGE_URL "http://www.gnu.org/software/libtool/"
| #define PACKAGE "libtool"
| #define VERSION "2.4"
| #define STDC_HEADERS 1
| #define HAVE_SYS_TYPES_H 1
| #define HAVE_SYS_STAT_H 1
| #define HAVE_STDLIB_H 1
| #define HAVE_STRING_H 1
| #define HAVE_MEMORY_H 1
| #define HAVE_STRINGS_H 1
| #define HAVE_INTTYPES_H 1
| #define HAVE_STDINT_H 1
| #define HAVE_UNISTD_H 1
| #define HAVE_DLFCN_H 1
| #define LT_OBJDIR ".libs/"
| #define LT_MODULE_EXT ".so"
| #define LT_MODULE_PATH_VAR "LD_LIBRARY_PATH"
| #define HAVE_LIBDL 1
| #define HAVE_DLERROR 1
| #define HAVE_LIBDLLOADER 1
| #define HAVE_ARGZ_H 1
| #define HAVE_ERROR_T 1
| #define HAVE_ARGZ_ADD 1
| #define HAVE_ARGZ_APPEND 1
| #define HAVE_ARGZ_COUNT 1
| #define HAVE_ARGZ_CREATE_SEP 1
| #define HAVE_ARGZ_INSERT 1
| #define HAVE_ARGZ_NEXT 1
| #define HAVE_ARGZ_STRINGIFY 1
| #define HAVE_WORKING_ARGZ 1
| #define HAVE_PRELOADED_SYMBOLS 1
| #define HAVE_UNISTD_H 1
| /* end confdefs.h.  */
| #include <stdio.h>
| #ifdef HAVE_SYS_TYPES_H
| # include <sys/types.h>
| #endif
| #ifdef HAVE_SYS_STAT_H
| # include <sys/stat.h>
| #endif
| #ifdef STDC_HEADERS
| # include <stdlib.h>
| # include <stddef.h>
| #else
| # ifdef HAVE_STDLIB_H
| #  include <stdlib.h>
| # endif
| #endif
| #ifdef HAVE_STRING_H
| # if !defined STDC_HEADERS && defined HAVE_MEMORY_H
| #  include <memory.h>
| # endif
| # include <string.h>
| #endif
| #ifdef HAVE_STRINGS_H
| # include <strings.h>
| #endif
| #ifdef HAVE_INTTYPES_H
| # include <inttypes.h>
| #endif
| #ifdef HAVE_STDINT_H
| # include <stdint.h>
| #endif
| #ifdef HAVE_UNISTD_H
| # include <unistd.h>
| #endif
| 
| #include <dld.h>
configure:13023: result: no
configure:13023: checking for mach-o/dyld.h
configure:13023: gcc -c -O2 -I/home/ubuntu/tp-link/GPL_X5700_1/iplatform/staging_dir/host/include -I/home/ubuntu/tp-link/GPL_X5700_1/iplatform/staging_dir/host/include conftest.c >&5
conftest.c:74:25: fatal error: mach-o/dyld.h: No such file or directory
 #include <mach-o/dyld.h>
                         ^
compilation terminated.
configure:13023: $? = 1
configure: failed program was:
| /* confdefs.h */
| #define PACKAGE_NAME "GNU Libtool"
| #define PACKAGE_TARNAME "libtool"
| #define PACKAGE_VERSION "2.4"
| #define PACKAGE_STRING "GNU Libtool 2.4"
| #define PACKAGE_BUGREPORT "bug-libtool@gnu.org"
| #define PACKAGE_URL "http://www.gnu.org/software/libtool/"
| #define PACKAGE "libtool"
| #define VERSION "2.4"
| #define STDC_HEADERS 1
| #define HAVE_SYS_TYPES_H 1
| #define HAVE_SYS_STAT_H 1
| #define HAVE_STDLIB_H 1
| #define HAVE_STRING_H 1
| #define HAVE_MEMORY_H 1
| #define HAVE_STRINGS_H 1
| #define HAVE_INTTYPES_H 1
| #define HAVE_STDINT_H 1
| #define HAVE_UNISTD_H 1
| #define HAVE_DLFCN_H 1
| #define LT_OBJDIR ".libs/"
| #define LT_MODULE_EXT ".so"
| #define LT_MODULE_PATH_VAR "LD_LIBRARY_PATH"
| #define HAVE_LIBDL 1
| #define HAVE_DLERROR 1
| #define HAVE_LIBDLLOADER 1
| #define HAVE_ARGZ_H 1
| #define HAVE_ERROR_T 1
| #define HAVE_ARGZ_ADD 1
| #define HAVE_ARGZ_APPEND 1
| #define HAVE_ARGZ_COUNT 1
| #define HAVE_ARGZ_CREATE_SEP 1
| #define HAVE_ARGZ_INSERT 1
| #define HAVE_ARGZ_NEXT 1
| #define HAVE_ARGZ_STRINGIFY 1
| #define HAVE_WORKING_ARGZ 1
| #define HAVE_PRELOADED_SYMBOLS 1
| #define HAVE_UNISTD_H 1
| /* end confdefs.h.  */
| #include <stdio.h>
| #ifdef HAVE_SYS_TYPES_H
| # include <sys/types.h>
| #endif
| #ifdef HAVE_SYS_STAT_H
| # include <sys/stat.h>
| #endif
| #ifdef STDC_HEADERS
| # include <stdlib.h>
| # include <stddef.h>
| #else
| # ifdef HAVE_STDLIB_H
| #  include <stdlib.h>
| # endif
| #endif
| #ifdef HAVE_STRING_H
| # if !defined STDC_HEADERS && defined HAVE_MEMORY_H
| #  include <memory.h>
| # endif
| # include <string.h>
| #endif
| #ifdef HAVE_STRINGS_H
| # include <strings.h>
| #endif
| #ifdef HAVE_INTTYPES_H
| # include <inttypes.h>
| #endif
| #ifdef HAVE_STDINT_H
| # include <stdint.h>
| #endif
| #ifdef HAVE_UNISTD_H
| # include <unistd.h>
| #endif
| 
| #include <mach-o/dyld.h>
configure:13023: result: no
configure:13023: checking for dirent.h
configure:13023: gcc -c -O2 -I/home/ubuntu/tp-link/GPL_X5700_1/iplatform/staging_dir/host/include -I/home/ubuntu/tp-link/GPL_X5700_1/iplatform/staging_dir/host/include conftest.c >&5
configure:13023: $? = 0
configure:13023: result: yes
configure:13038: checking for closedir
configure:13038: gcc -o conftest -O2 -I/home/ubuntu/tp-link/GPL_X5700_1/iplatform/staging_dir/host/include -I/home/ubuntu/tp-link/GPL_X5700_1/iplatform/staging_dir/host/include -L/home/ubuntu/tp-link/GPL_X5700_1/iplatform/staging_dir/host/lib conftest.c -ldl  >&5
configure:13038: $? = 0
configure:13038: result: yes
configure:13038: checking for opendir
configure:13038: gcc -o conftest -O2 -I/home/ubuntu/tp-link/GPL_X5700_1/iplatform/staging_dir/host/include -I/home/ubuntu/tp-link/GPL_X5700_1/iplatform/staging_dir/host/include -L/home/ubuntu/tp-link/GPL_X5700_1/iplatform/staging_dir/host/lib conftest.c -ldl  >&5
configure:13038: $? = 0
configure:13038: result: yes
configure:13038: checking for readdir
configure:13038: gcc -o conftest -O2 -I/home/ubuntu/tp-link/GPL_X5700_1/iplatform/staging_dir/host/include -I/home/ubuntu/tp-link/GPL_X5700_1/iplatform/staging_dir/host/include -L/home/ubuntu/tp-link/GPL_X5700_1/iplatform/staging_dir/host/lib conftest.c -ldl  >&5
configure:13038: $? = 0
configure:13038: result: yes
configure:13057: checking for strlcat
configure:13057: gcc -o conftest -O2 -I/home/ubuntu/tp-link/GPL_X5700_1/iplatform/staging_dir/host/include -I/home/ubuntu/tp-link/GPL_X5700_1/iplatform/staging_dir/host/include -L/home/ubuntu/tp-link/GPL_X5700_1/iplatform/staging_dir/host/lib conftest.c -ldl  >&5
/tmp/ccUoVYjX.o: In function `main':
conftest.c:(.text.startup+0x7): undefined reference to `strlcat'
collect2: error: ld returned 1 exit status
configure:13057: $? = 1
configure: failed program was:
| /* confdefs.h */
| #define PACKAGE_NAME "GNU Libtool"
| #define PACKAGE_TARNAME "libtool"
| #define PACKAGE_VERSION "2.4"
| #define PACKAGE_STRING "GNU Libtool 2.4"
| #define PACKAGE_BUGREPORT "bug-libtool@gnu.org"
| #define PACKAGE_URL "http://www.gnu.org/software/libtool/"
| #define PACKAGE "libtool"
| #define VERSION "2.4"
| #define STDC_HEADERS 1
| #define HAVE_SYS_TYPES_H 1
| #define HAVE_SYS_STAT_H 1
| #define HAVE_STDLIB_H 1
| #define HAVE_STRING_H 1
| #define HAVE_MEMORY_H 1
| #define HAVE_STRINGS_H 1
| #define HAVE_INTTYPES_H 1
| #define HAVE_STDINT_H 1
| #define HAVE_UNISTD_H 1
| #define HAVE_DLFCN_H 1
| #define LT_OBJDIR ".libs/"
| #define LT_MODULE_EXT ".so"
| #define LT_MODULE_PATH_VAR "LD_LIBRARY_PATH"
| #define HAVE_LIBDL 1
| #define HAVE_DLERROR 1
| #define HAVE_LIBDLLOADER 1
| #define HAVE_ARGZ_H 1
| #define HAVE_ERROR_T 1
| #define HAVE_ARGZ_ADD 1
| #define HAVE_ARGZ_APPEND 1
| #define HAVE_ARGZ_COUNT 1
| #define HAVE_ARGZ_CREATE_SEP 1
| #define HAVE_ARGZ_INSERT 1
| #define HAVE_ARGZ_NEXT 1
| #define HAVE_ARGZ_STRINGIFY 1
| #define HAVE_WORKING_ARGZ 1
| #define HAVE_PRELOADED_SYMBOLS 1
| #define HAVE_UNISTD_H 1
| #define HAVE_DIRENT_H 1
| #define HAVE_CLOSEDIR 1
| #define HAVE_OPENDIR 1
| #define HAVE_READDIR 1
| /* end confdefs.h.  */
| /* Define strlcat to an innocuous variant, in case <limits.h> declares strlcat.
|    For example, HP-UX 11i <limits.h> declares gettimeofday.  */
| #define strlcat innocuous_strlcat
| 
| /* System header to define __stub macros and hopefully few prototypes,
|     which can conflict with char strlcat (); below.
|     Prefer <limits.h> to <assert.h> if __STDC__ is defined, since
|     <limits.h> exists even on freestanding compilers.  */
| 
| #ifdef __STDC__
| # include <limits.h>
| #else
| # include <assert.h>
| #endif
| 
| #undef strlcat
| 
| /* Override any GCC internal prototype to avoid an error.
|    Use char because int might match the return type of a GCC
|    builtin and then its argument prototype would still apply.  */
| #ifdef __cplusplus
| extern "C"
| #endif
| char strlcat ();
| /* The GNU C library defines this for functions which it implements
|     to always fail with ENOSYS.  Some functions are actually named
|     something starting with __ and the normal name is an alias.  */
| #if defined __stub_strlcat || defined __stub___strlcat
| choke me
| #endif
| 
| int
| main ()
| {
| return strlcat ();
|   ;
|   return 0;
| }
configure:13057: result: no
configure:13057: checking for strlcpy
configure:13057: gcc -o conftest -O2 -I/home/ubuntu/tp-link/GPL_X5700_1/iplatform/staging_dir/host/include -I/home/ubuntu/tp-link/GPL_X5700_1/iplatform/staging_dir/host/include -L/home/ubuntu/tp-link/GPL_X5700_1/iplatform/staging_dir/host/lib conftest.c -ldl  >&5
/tmp/cctiLeBO.o: In function `main':
conftest.c:(.text.startup+0x7): undefined reference to `strlcpy'
collect2: error: ld returned 1 exit status
configure:13057: $? = 1
configure: failed program was:
| /* confdefs.h */
| #define PACKAGE_NAME "GNU Libtool"
| #define PACKAGE_TARNAME "libtool"
| #define PACKAGE_VERSION "2.4"
| #define PACKAGE_STRING "GNU Libtool 2.4"
| #define PACKAGE_BUGREPORT "bug-libtool@gnu.org"
| #define PACKAGE_URL "http://www.gnu.org/software/libtool/"
| #define PACKAGE "libtool"
| #define VERSION "2.4"
| #define STDC_HEADERS 1
| #define HAVE_SYS_TYPES_H 1
| #define HAVE_SYS_STAT_H 1
| #define HAVE_STDLIB_H 1
| #define HAVE_STRING_H 1
| #define HAVE_MEMORY_H 1
| #define HAVE_STRINGS_H 1
| #define HAVE_INTTYPES_H 1
| #define HAVE_STDINT_H 1
| #define HAVE_UNISTD_H 1
| #define HAVE_DLFCN_H 1
| #define LT_OBJDIR ".libs/"
| #define LT_MODULE_EXT ".so"
| #define LT_MODULE_PATH_VAR "LD_LIBRARY_PATH"
| #define HAVE_LIBDL 1
| #define HAVE_DLERROR 1
| #define HAVE_LIBDLLOADER 1
| #define HAVE_ARGZ_H 1
| #define HAVE_ERROR_T 1
| #define HAVE_ARGZ_ADD 1
| #define HAVE_ARGZ_APPEND 1
| #define HAVE_ARGZ_COUNT 1
| #define HAVE_ARGZ_CREATE_SEP 1
| #define HAVE_ARGZ_INSERT 1
| #define HAVE_ARGZ_NEXT 1
| #define HAVE_ARGZ_STRINGIFY 1
| #define HAVE_WORKING_ARGZ 1
| #define HAVE_PRELOADED_SYMBOLS 1
| #define HAVE_UNISTD_H 1
| #define HAVE_DIRENT_H 1
| #define HAVE_CLOSEDIR 1
| #define HAVE_OPENDIR 1
| #define HAVE_READDIR 1
| /* end confdefs.h.  */
| /* Define strlcpy to an innocuous variant, in case <limits.h> declares strlcpy.
|    For example, HP-UX 11i <limits.h> declares gettimeofday.  */
| #define strlcpy innocuous_strlcpy
| 
| /* System header to define __stub macros and hopefully few prototypes,
|     which can conflict with char strlcpy (); below.
|     Prefer <limits.h> to <assert.h> if __STDC__ is defined, since
|     <limits.h> exists even on freestanding compilers.  */
| 
| #ifdef __STDC__
| # include <limits.h>
| #else
| # include <assert.h>
| #endif
| 
| #undef strlcpy
| 
| /* Override any GCC internal prototype to avoid an error.
|    Use char because int might match the return type of a GCC
|    builtin and then its argument prototype would still apply.  */
| #ifdef __cplusplus
| extern "C"
| #endif
| char strlcpy ();
| /* The GNU C library defines this for functions which it implements
|     to always fail with ENOSYS.  Some functions are actually named
|     something starting with __ and the normal name is an alias.  */
| #if defined __stub_strlcpy || defined __stub___strlcpy
| choke me
| #endif
| 
| int
| main ()
| {
| return strlcpy ();
|   ;
|   return 0;
| }
configure:13057: result: no
configure:13108: checking for x86_64-linux-gnu-g++
configure:13124: found /usr/bin/x86_64-linux-gnu-g++
configure:13135: result: x86_64-linux-gnu-g++
configure:13206: checking for C++ compiler version
configure:13215: x86_64-linux-gnu-g++ --version >&5
x86_64-linux-gnu-g++ (Ubuntu 4.8.4-2ubuntu1~14.04.4) 4.8.4
Copyright (C) 2013 Free Software Foundation, Inc.
This is free software; see the source for copying conditions.  There is NO
warranty; not even for MERCHANTABILITY or FITNESS FOR A PARTICULAR PURPOSE.

configure:13226: $? = 0
configure:13215: x86_64-linux-gnu-g++ -v >&5
Using built-in specs.
COLLECT_GCC=x86_64-linux-gnu-g++
COLLECT_LTO_WRAPPER=/usr/lib/gcc/x86_64-linux-gnu/4.8/lto-wrapper
Target: x86_64-linux-gnu
Configured with: ../src/configure -v --with-pkgversion='Ubuntu 4.8.4-2ubuntu1~14.04.4' --with-bugurl=file:///usr/share/doc/gcc-4.8/README.Bugs --enable-languages=c,c++,java,go,d,fortran,objc,obj-c++ --prefix=/usr --program-suffix=-4.8 --enable-shared --enable-linker-build-id --libexecdir=/usr/lib --without-included-gettext --enable-threads=posix --with-gxx-include-dir=/usr/include/c++/4.8 --libdir=/usr/lib --enable-nls --with-sysroot=/ --enable-clocale=gnu --enable-libstdcxx-debug --enable-libstdcxx-time=yes --enable-gnu-unique-object --disable-libmudflap --enable-plugin --with-system-zlib --disable-browser-plugin --enable-java-awt=gtk --enable-gtk-cairo --with-java-home=/usr/lib/jvm/java-1.5.0-gcj-4.8-amd64/jre --enable-java-home --with-jvm-root-dir=/usr/lib/jvm/java-1.5.0-gcj-4.8-amd64 --with-jvm-jar-dir=/usr/lib/jvm-exports/java-1.5.0-gcj-4.8-amd64 --with-arch-directory=amd64 --with-ecj-jar=/usr/share/java/eclipse-ecj.jar --enable-objc-gc --enable-multiarch --disable-werror --with-arch-32=i686 --with-abi=m64 --with-multilib-list=m32,m64,mx32 --with-tune=generic --enable-checking=release --build=x86_64-linux-gnu --host=x86_64-linux-gnu --target=x86_64-linux-gnu
Thread model: posix
gcc version 4.8.4 (Ubuntu 4.8.4-2ubuntu1~14.04.4) 
configure:13226: $? = 0
configure:13215: x86_64-linux-gnu-g++ -V >&5
x86_64-linux-gnu-g++: error: unrecognized command line option '-V'
x86_64-linux-gnu-g++: fatal error: no input files
compilation terminated.
configure:13226: $? = 4
configure:13215: x86_64-linux-gnu-g++ -qversion >&5
x86_64-linux-gnu-g++: error: unrecognized command line option '-qversion'
x86_64-linux-gnu-g++: fatal error: no input files
compilation terminated.
configure:13226: $? = 4
configure:13230: checking whether we are using the GNU C++ compiler
configure:13249: x86_64-linux-gnu-g++ -c  -I/home/ubuntu/tp-link/GPL_X5700_1/iplatform/staging_dir/host/include conftest.cpp >&5
configure:13249: $? = 0
configure:13258: result: yes
configure:13267: checking whether x86_64-linux-gnu-g++ accepts -g
configure:13287: x86_64-linux-gnu-g++ -c -g -I/home/ubuntu/tp-link/GPL_X5700_1/iplatform/staging_dir/host/include conftest.cpp >&5
configure:13287: $? = 0
configure:13328: result: yes
configure:13353: checking dependency style of x86_64-linux-gnu-g++
configure:13463: result: gcc3
configure:13497: checking how to run the C++ preprocessor
configure:13524: x86_64-linux-gnu-g++ -E -I/home/ubuntu/tp-link/GPL_X5700_1/iplatform/staging_dir/host/include conftest.cpp
configure:13524: $? = 0
configure:13538: x86_64-linux-gnu-g++ -E -I/home/ubuntu/tp-link/GPL_X5700_1/iplatform/staging_dir/host/include conftest.cpp
conftest.cpp:46:28: fatal error: ac_nonexistent.h: No such file or directory
 #include <ac_nonexistent.h>
                            ^
compilation terminated.
configure:13538: $? = 1
configure: failed program was:
| /* confdefs.h */
| #define PACKAGE_NAME "GNU Libtool"
| #define PACKAGE_TARNAME "libtool"
| #define PACKAGE_VERSION "2.4"
| #define PACKAGE_STRING "GNU Libtool 2.4"
| #define PACKAGE_BUGREPORT "bug-libtool@gnu.org"
| #define PACKAGE_URL "http://www.gnu.org/software/libtool/"
| #define PACKAGE "libtool"
| #define VERSION "2.4"
| #define STDC_HEADERS 1
| #define HAVE_SYS_TYPES_H 1
| #define HAVE_SYS_STAT_H 1
| #define HAVE_STDLIB_H 1
| #define HAVE_STRING_H 1
| #define HAVE_MEMORY_H 1
| #define HAVE_STRINGS_H 1
| #define HAVE_INTTYPES_H 1
| #define HAVE_STDINT_H 1
| #define HAVE_UNISTD_H 1
| #define HAVE_DLFCN_H 1
| #define LT_OBJDIR ".libs/"
| #define LT_MODULE_EXT ".so"
| #define LT_MODULE_PATH_VAR "LD_LIBRARY_PATH"
| #define HAVE_LIBDL 1
| #define HAVE_DLERROR 1
| #define HAVE_LIBDLLOADER 1
| #define HAVE_ARGZ_H 1
| #define HAVE_ERROR_T 1
| #define HAVE_ARGZ_ADD 1
| #define HAVE_ARGZ_APPEND 1
| #define HAVE_ARGZ_COUNT 1
| #define HAVE_ARGZ_CREATE_SEP 1
| #define HAVE_ARGZ_INSERT 1
| #define HAVE_ARGZ_NEXT 1
| #define HAVE_ARGZ_STRINGIFY 1
| #define HAVE_WORKING_ARGZ 1
| #define HAVE_PRELOADED_SYMBOLS 1
| #define HAVE_UNISTD_H 1
| #define HAVE_DIRENT_H 1
| #define HAVE_CLOSEDIR 1
| #define HAVE_OPENDIR 1
| #define HAVE_READDIR 1
| #define LT_LIBEXT "a"
| #define LT_LIBPREFIX "lib"
| /* end confdefs.h.  */
| #include <ac_nonexistent.h>
configure:13563: result: x86_64-linux-gnu-g++ -E
configure:13583: x86_64-linux-gnu-g++ -E -I/home/ubuntu/tp-link/GPL_X5700_1/iplatform/staging_dir/host/include conftest.cpp
configure:13583: $? = 0
configure:13597: x86_64-linux-gnu-g++ -E -I/home/ubuntu/tp-link/GPL_X5700_1/iplatform/staging_dir/host/include conftest.cpp
conftest.cpp:46:28: fatal error: ac_nonexistent.h: No such file or directory
 #include <ac_nonexistent.h>
                            ^
compilation terminated.
configure:13597: $? = 1
configure: failed program was:
| /* confdefs.h */
| #define PACKAGE_NAME "GNU Libtool"
| #define PACKAGE_TARNAME "libtool"
| #define PACKAGE_VERSION "2.4"
| #define PACKAGE_STRING "GNU Libtool 2.4"
| #define PACKAGE_BUGREPORT "bug-libtool@gnu.org"
| #define PACKAGE_URL "http://www.gnu.org/software/libtool/"
| #define PACKAGE "libtool"
| #define VERSION "2.4"
| #define STDC_HEADERS 1
| #define HAVE_SYS_TYPES_H 1
| #define HAVE_SYS_STAT_H 1
| #define HAVE_STDLIB_H 1
| #define HAVE_STRING_H 1
| #define HAVE_MEMORY_H 1
| #define HAVE_STRINGS_H 1
| #define HAVE_INTTYPES_H 1
| #define HAVE_STDINT_H 1
| #define HAVE_UNISTD_H 1
| #define HAVE_DLFCN_H 1
| #define LT_OBJDIR ".libs/"
| #define LT_MODULE_EXT ".so"
| #define LT_MODULE_PATH_VAR "LD_LIBRARY_PATH"
| #define HAVE_LIBDL 1
| #define HAVE_DLERROR 1
| #define HAVE_LIBDLLOADER 1
| #define HAVE_ARGZ_H 1
| #define HAVE_ERROR_T 1
| #define HAVE_ARGZ_ADD 1
| #define HAVE_ARGZ_APPEND 1
| #define HAVE_ARGZ_COUNT 1
| #define HAVE_ARGZ_CREATE_SEP 1
| #define HAVE_ARGZ_INSERT 1
| #define HAVE_ARGZ_NEXT 1
| #define HAVE_ARGZ_STRINGIFY 1
| #define HAVE_WORKING_ARGZ 1
| #define HAVE_PRELOADED_SYMBOLS 1
| #define HAVE_UNISTD_H 1
| #define HAVE_DIRENT_H 1
| #define HAVE_CLOSEDIR 1
| #define HAVE_OPENDIR 1
| #define HAVE_READDIR 1
| #define LT_LIBEXT "a"
| #define LT_LIBPREFIX "lib"
| /* end confdefs.h.  */
| #include <ac_nonexistent.h>
configure:13766: checking for ld used by x86_64-linux-gnu-g++
configure:13833: result: /usr/bin/ld -m elf_x86_64
configure:13840: checking if the linker (/usr/bin/ld -m elf_x86_64) is GNU ld
configure:13855: result: yes
configure:13910: checking whether the x86_64-linux-gnu-g++ linker (/usr/bin/ld -m elf_x86_64) supports shared libraries
configure:14914: result: yes
configure:14949: x86_64-linux-gnu-g++ -c -g -O2 -I/home/ubuntu/tp-link/GPL_X5700_1/iplatform/staging_dir/host/include conftest.cpp >&5
configure:14952: $? = 0
configure:15472: checking for x86_64-linux-gnu-g++ option to produce PIC
configure:15479: result: -fPIC -DPIC
configure:15487: checking if x86_64-linux-gnu-g++ PIC flag -fPIC -DPIC works
configure:15505: x86_64-linux-gnu-g++ -c -g -O2 -I/home/ubuntu/tp-link/GPL_X5700_1/iplatform/staging_dir/host/include -fPIC -DPIC -DPIC conftest.cpp >&5
configure:15509: $? = 0
configure:15522: result: yes
configure:15545: checking if x86_64-linux-gnu-g++ static flag -static works
configure:15573: result: yes
configure:15585: checking if x86_64-linux-gnu-g++ supports -c -o file.o
configure:15606: x86_64-linux-gnu-g++ -c -g -O2 -I/home/ubuntu/tp-link/GPL_X5700_1/iplatform/staging_dir/host/include -o out/conftest2.o conftest.cpp >&5
configure:15610: $? = 0
configure:15632: result: yes
configure:15637: checking if x86_64-linux-gnu-g++ supports -c -o file.o
configure:15684: result: yes
configure:15714: checking whether the x86_64-linux-gnu-g++ linker (/usr/bin/ld -m elf_x86_64) supports shared libraries
configure:15748: result: yes
configure:15891: checking dynamic linker characteristics
configure:16561: result: GNU/Linux ld.so
configure:16614: checking how to hardcode library paths into programs
configure:16639: result: immediate
configure:16688: checking for x86_64-linux-gnu-g77
configure:16718: result: no
configure:16688: checking for x86_64-linux-gnu-xlf
configure:16718: result: no
configure:16688: checking for x86_64-linux-gnu-f77
configure:16718: result: no
configure:16688: checking for x86_64-linux-gnu-frt
configure:16718: result: no
configure:16688: checking for x86_64-linux-gnu-pgf77
configure:16718: result: no
configure:16688: checking for x86_64-linux-gnu-cf77
configure:16718: result: no
configure:16688: checking for x86_64-linux-gnu-fort77
configure:16718: result: no
configure:16688: checking for x86_64-linux-gnu-fl32
configure:16718: result: no
configure:16688: checking for x86_64-linux-gnu-af77
configure:16718: result: no
configure:16688: checking for x86_64-linux-gnu-xlf90
configure:16718: result: no
configure:16688: checking for x86_64-linux-gnu-f90
configure:16718: result: no
configure:16688: checking for x86_64-linux-gnu-pgf90
configure:16718: result: no
configure:16688: checking for x86_64-linux-gnu-pghpf
configure:16718: result: no
configure:16688: checking for x86_64-linux-gnu-epcf90
configure:16718: result: no
configure:16688: checking for x86_64-linux-gnu-gfortran
configure:16718: result: no
configure:16688: checking for x86_64-linux-gnu-g95
configure:16718: result: no
configure:16688: checking for x86_64-linux-gnu-xlf95
configure:16718: result: no
configure:16688: checking for x86_64-linux-gnu-f95
configure:16718: result: no
configure:16688: checking for x86_64-linux-gnu-fort
configure:16718: result: no
configure:16688: checking for x86_64-linux-gnu-ifort
configure:16718: result: no
configure:16688: checking for x86_64-linux-gnu-ifc
configure:16718: result: no
configure:16688: checking for x86_64-linux-gnu-efc
configure:16718: result: no
configure:16688: checking for x86_64-linux-gnu-pgfortran
configure:16718: result: no
configure:16688: checking for x86_64-linux-gnu-pgf95
configure:16718: result: no
configure:16688: checking for x86_64-linux-gnu-lf95
configure:16718: result: no
configure:16688: checking for x86_64-linux-gnu-ftn
configure:16718: result: no
configure:16688: checking for x86_64-linux-gnu-nagfor
configure:16718: result: no
configure:16732: checking for g77
configure:16762: result: no
configure:16732: checking for xlf
configure:16762: result: no
configure:16732: checking for f77
configure:16762: result: no
configure:16732: checking for frt
configure:16762: result: no
configure:16732: checking for pgf77
configure:16762: result: no
configure:16732: checking for cf77
configure:16762: result: no
configure:16732: checking for fort77
configure:16762: result: no
configure:16732: checking for fl32
configure:16762: result: no
configure:16732: checking for af77
configure:16762: result: no
configure:16732: checking for xlf90
configure:16762: result: no
configure:16732: checking for f90
configure:16762: result: no
configure:16732: checking for pgf90
configure:16762: result: no
configure:16732: checking for pghpf
configure:16762: result: no
configure:16732: checking for epcf90
configure:16762: result: no
configure:16732: checking for gfortran
configure:16762: result: no
configure:16732: checking for g95
configure:16762: result: no
configure:16732: checking for xlf95
configure:16762: result: no
configure:16732: checking for f95
configure:16762: result: no
configure:16732: checking for fort
configure:16762: result: no
configure:16732: checking for ifort
configure:16762: result: no
configure:16732: checking for ifc
configure:16762: result: no
configure:16732: checking for efc
configure:16762: result: no
configure:16732: checking for pgfortran
configure:16762: result: no
configure:16732: checking for pgf95
configure:16762: result: no
configure:16732: checking for lf95
configure:16762: result: no
configure:16732: checking for ftn
configure:16762: result: no
configure:16732: checking for nagfor
configure:16762: result: no
configure:16785: checking for Fortran 77 compiler version
configure:16794:  --version >&5
./configure: line 16796: --version: command not found
configure:16805: $? = 127
configure:16794:  -v >&5
./configure: line 16796: -v: command not found
configure:16805: $? = 127
configure:16794:  -V >&5
./configure: line 16796: -V: command not found
configure:16805: $? = 127
configure:16794:  -qversion >&5
./configure: line 16796: -qversion: command not found
configure:16805: $? = 127
configure:16814: checking whether we are using the GNU Fortran 77 compiler
configure:16827:  -c  conftest.F >&5
./configure: line 2069: -c: command not found
configure:16827: $? = 127
configure: failed program was:
|       program main
| #ifndef __GNUC__
|        choke me
| #endif
| 
|       end
configure:16836: result: no
configure:16842: checking whether  accepts -g
configure:16853:  -c -g conftest.f >&5
./configure: line 2069: -c: command not found
configure:16853: $? = 127
configure: failed program was:
|       program main
| 
|       end
configure:16861: result: no
configure:19610: checking for x86_64-linux-gnu-gfortran
configure:19640: result: no
configure:19610: checking for x86_64-linux-gnu-g95
configure:19640: result: no
configure:19610: checking for x86_64-linux-gnu-xlf95
configure:19640: result: no
configure:19610: checking for x86_64-linux-gnu-f95
configure:19640: result: no
configure:19610: checking for x86_64-linux-gnu-fort
configure:19640: result: no
configure:19610: checking for x86_64-linux-gnu-ifort
configure:19640: result: no
configure:19610: checking for x86_64-linux-gnu-ifc
configure:19640: result: no
configure:19610: checking for x86_64-linux-gnu-efc
configure:19640: result: no
configure:19610: checking for x86_64-linux-gnu-pgfortran
configure:19640: result: no
configure:19610: checking for x86_64-linux-gnu-pgf95
configure:19640: result: no
configure:19610: checking for x86_64-linux-gnu-lf95
configure:19640: result: no
configure:19610: checking for x86_64-linux-gnu-ftn
configure:19640: result: no
configure:19610: checking for x86_64-linux-gnu-nagfor
configure:19640: result: no
configure:19610: checking for x86_64-linux-gnu-xlf90
configure:19640: result: no
configure:19610: checking for x86_64-linux-gnu-f90
configure:19640: result: no
configure:19610: checking for x86_64-linux-gnu-pgf90
configure:19640: result: no
configure:19610: checking for x86_64-linux-gnu-pghpf
configure:19640: result: no
configure:19610: checking for x86_64-linux-gnu-epcf90
configure:19640: result: no
configure:19610: checking for x86_64-linux-gnu-g77
configure:19640: result: no
configure:19610: checking for x86_64-linux-gnu-xlf
configure:19640: result: no
configure:19610: checking for x86_64-linux-gnu-f77
configure:19640: result: no
configure:19610: checking for x86_64-linux-gnu-frt
configure:19640: result: no
configure:19610: checking for x86_64-linux-gnu-pgf77
configure:19640: result: no
configure:19610: checking for x86_64-linux-gnu-cf77
configure:19640: result: no
configure:19610: checking for x86_64-linux-gnu-fort77
configure:19640: result: no
configure:19610: checking for x86_64-linux-gnu-fl32
configure:19640: result: no
configure:19610: checking for x86_64-linux-gnu-af77
configure:19640: result: no
configure:19654: checking for gfortran
configure:19684: result: no
configure:19654: checking for g95
configure:19684: result: no
configure:19654: checking for xlf95
configure:19684: result: no
configure:19654: checking for f95
configure:19684: result: no
configure:19654: checking for fort
configure:19684: result: no
configure:19654: checking for ifort
configure:19684: result: no
configure:19654: checking for ifc
configure:19684: result: no
configure:19654: checking for efc
configure:19684: result: no
configure:19654: checking for pgfortran
configure:19684: result: no
configure:19654: checking for pgf95
configure:19684: result: no
configure:19654: checking for lf95
configure:19684: result: no
configure:19654: checking for ftn
configure:19684: result: no
configure:19654: checking for nagfor
configure:19684: result: no
configure:19654: checking for xlf90
configure:19684: result: no
configure:19654: checking for f90
configure:19684: result: no
configure:19654: checking for pgf90
configure:19684: result: no
configure:19654: checking for pghpf
configure:19684: result: no
configure:19654: checking for epcf90
configure:19684: result: no
configure:19654: checking for g77
configure:19684: result: no
configure:19654: checking for xlf
configure:19684: result: no
configure:19654: checking for f77
configure:19684: result: no
configure:19654: checking for frt
configure:19684: result: no
configure:19654: checking for pgf77
configure:19684: result: no
configure:19654: checking for cf77
configure:19684: result: no
configure:19654: checking for fort77
configure:19684: result: no
configure:19654: checking for fl32
configure:19684: result: no
configure:19654: checking for af77
configure:19684: result: no
configure:19707: checking for Fortran compiler version
configure:19716:  --version >&5
./configure: line 19718: --version: command not found
configure:19727: $? = 127
configure:19716:  -v >&5
./configure: line 19718: -v: command not found
configure:19727: $? = 127
configure:19716:  -V >&5
./configure: line 19718: -V: command not found
configure:19727: $? = 127
configure:19716:  -qversion >&5
./configure: line 19718: -qversion: command not found
configure:19727: $? = 127
configure:19736: checking whether we are using the GNU Fortran compiler
configure:19749:  -c   conftest.F >&5
./configure: line 2153: -c: command not found
configure:19749: $? = 127
configure: failed program was:
|       program main
| #ifndef __GNUC__
|        choke me
| #endif
| 
|       end
configure:19758: result: no
configure:19764: checking whether  accepts -g
configure:19775:  -c -g  conftest.f >&5
./configure: line 2153: -c: command not found
configure:19775: $? = 127
configure: failed program was:
|       program main
| 
|       end
configure:19783: result: no
configure:22673: checking for x86_64-linux-gnu-gcj
configure:22703: result: no
configure:22713: checking for gcj
configure:22743: result: no
configure:24759: checking for x86_64-linux-gnu-windres
configure:24789: result: no
configure:24799: checking for windres
configure:24829: result: no
configure:24981: checking whether make supports order-only prerequisites
configure:25005: result: yes
configure:25189: creating ./config.status

## ---------------- ##
## Cache variables. ##
## ---------------- ##

ac_cv_build=x86_64-pc-linux-gnu
ac_cv_c_compiler_gnu=yes
ac_cv_cxx_compiler_gnu=yes
ac_cv_env_CCC_set=
ac_cv_env_CCC_value=
ac_cv_env_CC_set=set
ac_cv_env_CC_value=gcc
ac_cv_env_CFLAGS_set=set
ac_cv_env_CFLAGS_value='-O2 -I/home/ubuntu/tp-link/GPL_X5700_1/iplatform/staging_dir/host/include'
ac_cv_env_CPPFLAGS_set=set
ac_cv_env_CPPFLAGS_value=-I/home/ubuntu/tp-link/GPL_X5700_1/iplatform/staging_dir/host/include
ac_cv_env_CPP_set=
ac_cv_env_CPP_value=
ac_cv_env_CXXCPP_set=
ac_cv_env_CXXCPP_value=
ac_cv_env_CXXFLAGS_set=
ac_cv_env_CXXFLAGS_value=
ac_cv_env_CXX_set=
ac_cv_env_CXX_value=
ac_cv_env_F77_set=
ac_cv_env_F77_value=
ac_cv_env_FCFLAGS_set=
ac_cv_env_FCFLAGS_value=
ac_cv_env_FC_set=
ac_cv_env_FC_value=
ac_cv_env_FFLAGS_set=
ac_cv_env_FFLAGS_value=
ac_cv_env_LDFLAGS_set=set
ac_cv_env_LDFLAGS_value=-L/home/ubuntu/tp-link/GPL_X5700_1/iplatform/staging_dir/host/lib
ac_cv_env_LIBS_set=
ac_cv_env_LIBS_value=
ac_cv_env_build_alias_set=set
ac_cv_env_build_alias_value=x86_64-linux-gnu
ac_cv_env_host_alias_set=set
ac_cv_env_host_alias_value=x86_64-linux-gnu
ac_cv_env_target_alias_set=set
ac_cv_env_target_alias_value=x86_64-linux-gnu
ac_cv_f77_compiler_gnu=no
ac_cv_fc_compiler_gnu=no
ac_cv_func_argz_add=yes
ac_cv_func_argz_append=yes
ac_cv_func_argz_count=yes
ac_cv_func_argz_create_sep=yes
ac_cv_func_argz_insert=yes
ac_cv_func_argz_next=yes
ac_cv_func_argz_stringify=yes
ac_cv_func_closedir=yes
ac_cv_func_dlerror=yes
ac_cv_func_dlopen=no
ac_cv_func_opendir=yes
ac_cv_func_readdir=yes
ac_cv_func_shl_load=no
ac_cv_func_strlcat=no
ac_cv_func_strlcpy=no
ac_cv_header_argz_h=yes
ac_cv_header_dirent_h=yes
ac_cv_header_dl_h=no
ac_cv_header_dld_h=no
ac_cv_header_dlfcn_h=yes
ac_cv_header_inttypes_h=yes
ac_cv_header_mach_o_dyld_h=no
ac_cv_header_memory_h=yes
ac_cv_header_stdc=yes
ac_cv_header_stdint_h=yes
ac_cv_header_stdlib_h=yes
ac_cv_header_string_h=yes
ac_cv_header_strings_h=yes
ac_cv_header_sys_dl_h=no
ac_cv_header_sys_stat_h=yes
ac_cv_header_sys_types_h=yes
ac_cv_header_unistd_h=yes
ac_cv_host=x86_64-pc-linux-gnu
ac_cv_lib_dl_dlopen=yes
ac_cv_lib_dld_dld_link=no
ac_cv_lib_dld_shl_load=no
ac_cv_objext=o
ac_cv_path_EGREP='/bin/grep -E'
ac_cv_path_FGREP='/bin/grep -F'
ac_cv_path_GREP=/bin/grep
ac_cv_path_SED=/home/ubuntu/tp-link/GPL_X5700_1/iplatform/staging_dir/host/bin/sed
ac_cv_path_install='/usr/bin/install -c'
ac_cv_path_mkdir=/bin/mkdir
ac_cv_prog_AR=x86_64-linux-gnu-ar
ac_cv_prog_AWK=gawk
ac_cv_prog_CC=gcc
ac_cv_prog_CPP='gcc -E'
ac_cv_prog_CXX=x86_64-linux-gnu-g++
ac_cv_prog_CXXCPP='x86_64-linux-gnu-g++ -E'
ac_cv_prog_OBJDUMP=x86_64-linux-gnu-objdump
ac_cv_prog_RANLIB=x86_64-linux-gnu-ranlib
ac_cv_prog_STRIP=x86_64-linux-gnu-strip
ac_cv_prog_ac_ct_MANIFEST_TOOL=mt
ac_cv_prog_cc_c89=
ac_cv_prog_cc_g=yes
ac_cv_prog_cc_gcc_c_o=yes
ac_cv_prog_cxx_g=yes
ac_cv_prog_f77_g=no
ac_cv_prog_fc_g=no
ac_cv_prog_make_make_set=yes
ac_cv_search_dlopen=-ldl
ac_cv_type_error_t=yes
am_cv_CC_dependencies_compiler_type=gcc3
am_cv_CXX_dependencies_compiler_type=gcc3
libltdl_cv_lib_dl_dlopen=yes
libltdl_cv_preloaded_symbols=yes
libltdl_cv_shlibext=.so
lt_cv_ar_at_file=@
lt_cv_archive_cmds_need_lc=no
lt_cv_deplibs_check_method=pass_all
lt_cv_dlopen=dlopen
lt_cv_dlopen_libs=-ldl
lt_cv_dlopen_self=yes
lt_cv_dlopen_self_static=no
lt_cv_file_magic_cmd='$MAGIC_CMD'
lt_cv_file_magic_test_file=
lt_cv_ld_reload_flag=-r
lt_cv_make_order_only=yes
lt_cv_module_path_var=LD_LIBRARY_PATH
lt_cv_nm_interface='BSD nm'
lt_cv_objdir=.libs
lt_cv_path_LD=/usr/bin/ld
lt_cv_path_LDCXX='/usr/bin/ld -m elf_x86_64'
lt_cv_path_NM='/usr/bin/nm -B'
lt_cv_path_mainfest_tool=no
lt_cv_prog_compiler_c_o=yes
lt_cv_prog_compiler_c_o_CXX=yes
lt_cv_prog_compiler_c_o_RC=yes
lt_cv_prog_compiler_pic='-fPIC -DPIC'
lt_cv_prog_compiler_pic_CXX='-fPIC -DPIC'
lt_cv_prog_compiler_pic_works=yes
lt_cv_prog_compiler_pic_works_CXX=yes
lt_cv_prog_compiler_rtti_exceptions=no
lt_cv_prog_compiler_static_works=yes
lt_cv_prog_compiler_static_works_CXX=yes
lt_cv_prog_gnu_ld=yes
lt_cv_prog_gnu_ldcxx=yes
lt_cv_sharedlib_from_linklib_cmd='printf %s\n'
lt_cv_shlibpath_overrides_runpath=no
lt_cv_sys_argz_works=yes
lt_cv_sys_dlopen_deplibs=yes
lt_cv_sys_dlsearch_path=
lt_cv_sys_global_symbol_pipe='sed -n -e '\''s/^.*[	 ]\([ABCDGIRSTW][ABCDGIRSTW]*\)[	 ][	 ]*\([_A-Za-z][_A-Za-z0-9]*\)$/\1 \2 \2/p'\'' | sed '\''/ __gnu_lto/d'\'''
lt_cv_sys_global_symbol_to_c_name_address='sed -n -e '\''s/^: \([^ ]*\)[ ]*$/  {\"\1\", (void *) 0},/p'\'' -e '\''s/^[ABCDGIRSTW]* \([^ ]*\) \([^ ]*\)$/  {"\2", (void *) \&\2},/p'\'''
lt_cv_sys_global_symbol_to_c_name_address_lib_prefix='sed -n -e '\''s/^: \([^ ]*\)[ ]*$/  {\"\1\", (void *) 0},/p'\'' -e '\''s/^[ABCDGIRSTW]* \([^ ]*\) \(lib[^ ]*\)$/  {"\2", (void *) \&\2},/p'\'' -e '\''s/^[ABCDGIRSTW]* \([^ ]*\) \([^ ]*\)$/  {"lib\2", (void *) \&\2},/p'\'''
lt_cv_sys_global_symbol_to_cdecl='sed -n -e '\''s/^T .* \(.*\)$/extern int \1();/p'\'' -e '\''s/^[ABCDGIRSTW]* .* \(.*\)$/extern char \1;/p'\'''
lt_cv_sys_max_cmd_len=3458764513820540925
lt_cv_sys_symbol_underscore=no
lt_cv_to_host_file_cmd=func_convert_file_noop
lt_cv_to_tool_file_cmd=func_convert_file_noop

## ----------------- ##
## Output variables. ##
## ----------------- ##

ACLOCAL='${SHELL} /home/ubuntu/tp-link/GPL_X5700_1/iplatform/build_dir/host/libtool-2.4/libltdl/config/missing --run aclocal-1.11'
AMDEPBACKSLASH='\'
AMDEP_FALSE='#'
AMDEP_TRUE=''
AMTAR='${SHELL} /home/ubuntu/tp-link/GPL_X5700_1/iplatform/build_dir/host/libtool-2.4/libltdl/config/missing --run tar'
AR='x86_64-linux-gnu-ar'
ARGZ_H=''
AS='as'
AUTOCONF='${SHELL} /home/ubuntu/tp-link/GPL_X5700_1/iplatform/build_dir/host/libtool-2.4/libltdl/config/missing --run autoconf'
AUTOHEADER='${SHELL} /home/ubuntu/tp-link/GPL_X5700_1/iplatform/build_dir/host/libtool-2.4/libltdl/config/missing --run autoheader'
AUTOM4TE='autom4te'
AUTOMAKE='${SHELL} /home/ubuntu/tp-link/GPL_X5700_1/iplatform/build_dir/host/libtool-2.4/libltdl/config/missing --run automake-1.11'
AUTOTEST='$(AUTOM4TE) --language=autotest'
AWK='gawk'
CC='gcc'
CCDEPMODE='depmode=gcc3'
CFLAGS='-O2 -I/home/ubuntu/tp-link/GPL_X5700_1/iplatform/staging_dir/host/include'
CONFIG_STATUS_DEPENDENCIES='$(top_srcdir)/ChangeLog'
CONF_SUBDIRS='tests/cdemo tests/demo tests/depdemo tests/f77demo tests/fcdemo 	tests/mdemo tests/mdemo2 tests/pdemo tests/tagdemo'
CONVENIENCE_LTDL_FALSE=''
CONVENIENCE_LTDL_TRUE='#'
CPP='gcc -E'
CPPFLAGS='-I/home/ubuntu/tp-link/GPL_X5700_1/iplatform/staging_dir/host/include'
CXX='x86_64-linux-gnu-g++'
CXXCPP='x86_64-linux-gnu-g++ -E'
CXXDEPMODE='depmode=gcc3'
CXXFLAGS='-g -O2'
CYGPATH_W='echo'
DEFS='-DHAVE_CONFIG_H'
DEPDIR='.deps'
DIST_MAKEFILE_LIST='tests/cdemo/Makefile tests/demo/Makefile tests/depdemo/Makefile tests/f77demo/Makefile tests/fcdemo/Makefile tests/mdemo/Makefile tests/mdemo2/Makefile tests/pdemo/Makefile tests/tagdemo/Makefile '
DLLTOOL='false'
DSYMUTIL=''
DUMPBIN=''
ECHO_C=''
ECHO_N='-n'
ECHO_T=''
EGREP='/bin/grep -E'
EXEEXT=''
F77=''
FC=''
FCFLAGS=''
FFLAGS=''
FGREP='/bin/grep -F'
GCJ=''
GCJFLAGS='-g -O2'
GREP='/bin/grep'
HAVE_CXX_FALSE='#'
HAVE_CXX_TRUE=''
HAVE_F77_FALSE=''
HAVE_F77_TRUE='#'
HAVE_FC_FALSE=''
HAVE_FC_TRUE='#'
HAVE_GCJ_FALSE=''
HAVE_GCJ_TRUE='#'
HAVE_RC_FALSE=''
HAVE_RC_TRUE='#'
HELP2MAN='${SHELL} /home/ubuntu/tp-link/GPL_X5700_1/iplatform/build_dir/host/libtool-2.4/libltdl/config/missing --run help2man'
INSTALL_DATA='${INSTALL} -m 644'
INSTALL_LTDL_FALSE='#'
INSTALL_LTDL_TRUE=''
INSTALL_PROGRAM='${INSTALL}'
INSTALL_SCRIPT='${INSTALL}'
INSTALL_STRIP_PROGRAM='$(install_sh) -c -s'
LASTRELEASE=''
LD='/usr/bin/ld -m elf_x86_64'
LDFLAGS='-L/home/ubuntu/tp-link/GPL_X5700_1/iplatform/staging_dir/host/lib'
LIBADD_DL='-ldl '
LIBADD_DLD_LINK=''
LIBADD_DLOPEN='-ldl'
LIBADD_SHL_LOAD=''
LIBOBJS=' ${LIBOBJDIR}lt__strl$U.o'
LIBS='-ldl '
LIBTOOL='$(SHELL) $(top_builddir)/libtool'
LIPO=''
LN_S='ln -s'
LTDLOPEN='libltdl'
LTLIBOBJS=' ${LIBOBJDIR}lt__strl$U.lo'
LT_CONFIG_H='config.h'
LT_DLLOADERS=' libltdl/dlopen.la'
LT_DLPREOPEN='-dlpreopen libltdl/dlopen.la '
M4SH='$(AUTOM4TE) --language=m4sh'
MAKEINFO='${SHELL} /home/ubuntu/tp-link/GPL_X5700_1/iplatform/build_dir/host/libtool-2.4/libltdl/config/missing --run makeinfo'
MANIFEST_TOOL=':'
MKDIR_P='/bin/mkdir -p'
NM='/usr/bin/nm -B'
NMEDIT=''
OBJDUMP='x86_64-linux-gnu-objdump'
OBJEXT='o'
ORDER='|'
OTOOL64=''
OTOOL=''
PACKAGE='libtool'
PACKAGE_BUGREPORT='bug-libtool@gnu.org'
PACKAGE_NAME='GNU Libtool'
PACKAGE_STRING='GNU Libtool 2.4'
PACKAGE_TARNAME='libtool'
PACKAGE_URL='http://www.gnu.org/software/libtool/'
PACKAGE_VERSION='2.4'
PATH_SEPARATOR=':'
RANLIB='x86_64-linux-gnu-ranlib'
RC=''
SED='/home/ubuntu/tp-link/GPL_X5700_1/iplatform/staging_dir/host/bin/sed'
SET_MAKE=''
SHELL='/bin/bash'
STRIP='x86_64-linux-gnu-strip'
TIMESTAMP=''
VERSION='2.4'
ac_ct_AR=''
ac_ct_CC=''
ac_ct_CXX=''
ac_ct_DUMPBIN=''
ac_ct_F77=''
ac_ct_FC=''
aclocaldir='${datadir}/aclocal'
am__EXEEXT_FALSE=''
am__EXEEXT_TRUE='#'
am__fastdepCC_FALSE='#'
am__fastdepCC_TRUE=''
am__fastdepCXX_FALSE='#'
am__fastdepCXX_TRUE=''
am__include='include'
am__isrc=''
am__leading_dot='.'
am__quote=''
am__tar='${AMTAR} chof - "$$tardir"'
am__untar='${AMTAR} xf -'
bindir='${exec_prefix}/bin'
build='x86_64-pc-linux-gnu'
build_alias='x86_64-linux-gnu'
build_cpu='x86_64'
build_os='linux-gnu'
build_vendor='pc'
datadir='${datarootdir}'
datarootdir='${prefix}/share'
docdir='${datarootdir}/doc/${PACKAGE_TARNAME}'
dvidir='${docdir}'
exec_prefix='/home/ubuntu/tp-link/GPL_X5700_1/iplatform/staging_dir/host'
host='x86_64-pc-linux-gnu'
host_alias='x86_64-linux-gnu'
host_cpu='x86_64'
host_os='linux-gnu'
host_vendor='pc'
htmldir='${docdir}'
includedir='${prefix}/include'
infodir='${datarootdir}/info'
install_sh='${SHELL} /home/ubuntu/tp-link/GPL_X5700_1/iplatform/build_dir/host/libtool-2.4/libltdl/config/install-sh'
libdir='${exec_prefix}/lib'
libexecdir='${exec_prefix}/libexec'
localedir='${datarootdir}/locale'
localstatedir='/home/ubuntu/tp-link/GPL_X5700_1/iplatform/staging_dir/host/var'
mandir='${datarootdir}/man'
mkdir_p='/bin/mkdir -p'
oldincludedir='/usr/include'
package_revision='1.3293'
pdfdir='${docdir}'
pkgdatadir='${datadir}/libtool'
prefix='/home/ubuntu/tp-link/GPL_X5700_1/iplatform/staging_dir/host'
program_transform_name='s&$$&&;s&^&&'
psdir='${docdir}'
sbindir='/home/ubuntu/tp-link/GPL_X5700_1/iplatform/staging_dir/host/bin'
sharedstatedir='${prefix}/com'
sys_symbol_underscore='no'
sysconfdir='/home/ubuntu/tp-link/GPL_X5700_1/iplatform/staging_dir/host/etc'
target_alias='x86_64-linux-gnu'
to_host_file_cmd='func_convert_file_noop'
to_tool_file_cmd='func_convert_file_noop'

## ----------- ##
## confdefs.h. ##
## ----------- ##

/* confdefs.h */
#define PACKAGE_NAME "GNU Libtool"
#define PACKAGE_TARNAME "libtool"
#define PACKAGE_VERSION "2.4"
#define PACKAGE_STRING "GNU Libtool 2.4"
#define PACKAGE_BUGREPORT "bug-libtool@gnu.org"
#define PACKAGE_URL "http://www.gnu.org/software/libtool/"
#define PACKAGE "libtool"
#define VERSION "2.4"
#define STDC_HEADERS 1
#define HAVE_SYS_TYPES_H 1
#define HAVE_SYS_STAT_H 1
#define HAVE_STDLIB_H 1
#define HAVE_STRING_H 1
#define HAVE_MEMORY_H 1
#define HAVE_STRINGS_H 1
#define HAVE_INTTYPES_H 1
#define HAVE_STDINT_H 1
#define HAVE_UNISTD_H 1
#define HAVE_DLFCN_H 1
#define LT_OBJDIR ".libs/"
#define LT_MODULE_EXT ".so"
#define LT_MODULE_PATH_VAR "LD_LIBRARY_PATH"
#define HAVE_LIBDL 1
#define HAVE_DLERROR 1
#define HAVE_LIBDLLOADER 1
#define HAVE_ARGZ_H 1
#define HAVE_ERROR_T 1
#define HAVE_ARGZ_ADD 1
#define HAVE_ARGZ_APPEND 1
#define HAVE_ARGZ_COUNT 1
#define HAVE_ARGZ_CREATE_SEP 1
#define HAVE_ARGZ_INSERT 1
#define HAVE_ARGZ_NEXT 1
#define HAVE_ARGZ_STRINGIFY 1
#define HAVE_WORKING_ARGZ 1
#define HAVE_PRELOADED_SYMBOLS 1
#define HAVE_UNISTD_H 1
#define HAVE_DIRENT_H 1
#define HAVE_CLOSEDIR 1
#define HAVE_OPENDIR 1
#define HAVE_READDIR 1
#define LT_LIBEXT "a"
#define LT_LIBPREFIX "lib"

configure: exit 0

## ---------------------- ##
## Running config.status. ##
## ---------------------- ##

This file was extended by GNU Libtool config.status 2.4, which was
generated by GNU Autoconf 2.69.  Invocation command line was

  CONFIG_FILES    = 
  CONFIG_HEADERS  = 
  CONFIG_LINKS    = 
  CONFIG_COMMANDS = 
  $ ./config.status 

on ubuntu

config.status:1421: creating Makefile
config.status:1421: creating config.h
config.status:1602: config.h is unchanged
config.status:1650: executing tests/atconfig commands
config.status:1650: executing depfiles commands
config.status:1650: executing libtool commands

## ---------------------- ##
## Running config.status. ##
## ---------------------- ##

This file was extended by GNU Libtool config.status 2.4, which was
generated by GNU Autoconf 2.69.  Invocation command line was

  CONFIG_FILES    = 
  CONFIG_HEADERS  = 
  CONFIG_LINKS    = 
  CONFIG_COMMANDS = 
  $ ./config.status config.h

on ubuntu

config.status:1421: creating config.h
config.status:1602: config.h is unchanged
