This file contains any messages produced by compilers while
running configure, to aid debugging if configure makes a mistake.

It was created by configure, which was
generated by GNU Autoconf 2.65.  Invocation command line was

  $ ./configure CC=gcc CFLAGS=-O2 -I/home/ubuntu/tp-link/GPL_X5700_1/iplatform/staging_dir/host/include CPPFLAGS=-I/home/ubuntu/tp-link/GPL_X5700_1/iplatform/staging_dir/host/include LDFLAGS=-L/home/ubuntu/tp-link/GPL_X5700_1/iplatform/staging_dir/host/lib  SHELL=/bin/bash --target=x86_64-linux-gnu --host=x86_64-linux-gnu --build=x86_64-linux-gnu --program-prefix= --program-suffix= --prefix=/home/ubuntu/tp-link/GPL_X5700_1/iplatform/staging_dir/host --exec-prefix=/home/ubuntu/tp-link/GPL_X5700_1/iplatform/staging_dir/host --sysconfdir=/home/ubuntu/tp-link/GPL_X5700_1/iplatform/staging_dir/host/etc --localstatedir=/home/ubuntu/tp-link/GPL_X5700_1/iplatform/staging_dir/host/var --sbindir=/home/ubuntu/tp-link/GPL_X5700_1/iplatform/staging_dir/host/bin

## --------- ##
## Platform. ##
## --------- ##

hostname = ubuntu
uname -m = x86_64
uname -r = 4.4.0-148-generic
uname -s = Linux
uname -v = #174~14.04.1-Ubuntu SMP Thu May 9 08:17:37 UTC 2019

/usr/bin/uname -p = unknown
/bin/uname -X     = unknown

/bin/arch              = unknown
/usr/bin/arch -k       = unknown
/usr/convex/getsysinfo = unknown
/usr/bin/hostinfo      = unknown
/bin/machine           = unknown
/usr/bin/oslevel       = unknown
/bin/universe          = unknown

PATH: /home/ubuntu/tp-link/GPL_X5700_1/iplatform/staging_dir/toolchain-arm-openwrt-linux-uclibc/bin
PATH: /home/ubuntu/tp-link/GPL_X5700_1/iplatform/staging_dir/host/bin
PATH: /home/ubuntu/tp-link/GPL_X5700_1/iplatform/staging_dir/toolchain-arm-openwrt-linux-uclibc/bin
PATH: /home/ubuntu/tp-link/GPL_X5700_1/iplatform/staging_dir/host/bin
PATH: /home/ubuntu/tp-link/GPL_X5700_1/iplatform/staging_dir/toolchain-arm-openwrt-linux-uclibc/bin
PATH: /home/ubuntu/tp-link/GPL_X5700_1/iplatform/staging_dir/host/bin
PATH: /usr/local/sbin
PATH: /usr/local/bin
PATH: /usr/sbin
PATH: /usr/bin
PATH: /sbin
PATH: /bin
PATH: /usr/games
PATH: /usr/local/games
PATH: /home/ubuntu/tp-link/GPL_X5700_1/iplatform/../bcm675x/toolchain/opt/toolchains/crosstools-arm-gcc-5.5-linux-4.1-glibc-2.26-binutils-2.28.1/usr/bin
PATH: /home/ubuntu/tp-link/GPL_X5700_1/iplatform/../bcm675x/toolchain/opt/toolchains/crosstools-aarch64-gcc-5.5-linux-4.1-glibc-2.26-binutils-2.28.1/usr/bin
PATH: /home/ubuntu/tp-link/GPL_X5700_1/iplatform/../bcm675x/toolchain/opt/toolchains/crosstools-arm-gcc-5.5-linux-4.1-glibc-2.26-binutils-2.28.1/usr/bin
PATH: /home/ubuntu/tp-link/GPL_X5700_1/iplatform/../bcm675x/toolchain/opt/toolchains/crosstools-aarch64-gcc-5.5-linux-4.1-glibc-2.26-binutils-2.28.1/usr/bin
PATH: /home/ubuntu/tp-link/GPL_X5700_1/iplatform/../bcm675x/toolchain/opt/toolchains/crosstools-arm-gcc-5.5-linux-4.1-glibc-2.26-binutils-2.28.1/usr/bin
PATH: /home/ubuntu/tp-link/GPL_X5700_1/iplatform/../bcm675x/toolchain/opt/toolchains/crosstools-aarch64-gcc-5.5-linux-4.1-glibc-2.26-binutils-2.28.1/usr/bin


## ----------- ##
## Core tests. ##
## ----------- ##

configure:2362: checking for a BSD-compatible install
configure:2430: result: /usr/bin/install -c
configure:2441: checking whether build environment is sane
configure:2491: result: yes
configure:2632: checking for a thread-safe mkdir -p
configure:2671: result: /bin/mkdir -p
configure:2684: checking for gawk
configure:2700: found /usr/bin/gawk
configure:2711: result: gawk
configure:2722: checking whether make sets $(MAKE)
configure:2744: result: yes
configure:2825: checking whether to enable maintainer-specific portions of Makefiles
configure:2834: result: no
configure:2880: checking build system type
configure:2894: result: x86_64-pc-linux-gnu
configure:2914: checking host system type
configure:2927: result: x86_64-pc-linux-gnu
configure:2959: checking for style of include used by make
configure:2987: result: GNU
configure:3017: checking for x86_64-linux-gnu-gcc
configure:3044: result: gcc
configure:3313: checking for C compiler version
configure:3322: gcc --version >&5
gcc (Ubuntu 4.8.4-2ubuntu1~14.04.4) 4.8.4
Copyright (C) 2013 Free Software Foundation, Inc.
This is free software; see the source for copying conditions.  There is NO
warranty; not even for MERCHANTABILITY or FITNESS FOR A PARTICULAR PURPOSE.

configure:3333: $? = 0
configure:3322: gcc -v >&5
Using built-in specs.
COLLECT_GCC=gcc
COLLECT_LTO_WRAPPER=/usr/lib/gcc/x86_64-linux-gnu/4.8/lto-wrapper
Target: x86_64-linux-gnu
Configured with: ../src/configure -v --with-pkgversion='Ubuntu 4.8.4-2ubuntu1~14.04.4' --with-bugurl=file:///usr/share/doc/gcc-4.8/README.Bugs --enable-languages=c,c++,java,go,d,fortran,objc,obj-c++ --prefix=/usr --program-suffix=-4.8 --enable-shared --enable-linker-build-id --libexecdir=/usr/lib --without-included-gettext --enable-threads=posix --with-gxx-include-dir=/usr/include/c++/4.8 --libdir=/usr/lib --enable-nls --with-sysroot=/ --enable-clocale=gnu --enable-libstdcxx-debug --enable-libstdcxx-time=yes --enable-gnu-unique-object --disable-libmudflap --enable-plugin --with-system-zlib --disable-browser-plugin --enable-java-awt=gtk --enable-gtk-cairo --with-java-home=/usr/lib/jvm/java-1.5.0-gcj-4.8-amd64/jre --enable-java-home --with-jvm-root-dir=/usr/lib/jvm/java-1.5.0-gcj-4.8-amd64 --with-jvm-jar-dir=/usr/lib/jvm-exports/java-1.5.0-gcj-4.8-amd64 --with-arch-directory=amd64 --with-ecj-jar=/usr/share/java/eclipse-ecj.jar --enable-objc-gc --enable-multiarch --disable-werror --with-arch-32=i686 --with-abi=m64 --with-multilib-list=m32,m64,mx32 --with-tune=generic --enable-checking=release --build=x86_64-linux-gnu --host=x86_64-linux-gnu --target=x86_64-linux-gnu
Thread model: posix
gcc version 4.8.4 (Ubuntu 4.8.4-2ubuntu1~14.04.4) 
configure:3333: $? = 0
configure:3322: gcc -V >&5
gcc: error: unrecognized command line option '-V'
gcc: fatal error: no input files
compilation terminated.
configure:3333: $? = 4
configure:3322: gcc -qversion >&5
gcc: error: unrecognized command line option '-qversion'
gcc: fatal error: no input files
compilation terminated.
configure:3333: $? = 4
configure:3353: checking whether the C compiler works
configure:3375: gcc -O2 -I/home/ubuntu/tp-link/GPL_X5700_1/iplatform/staging_dir/host/include -I/home/ubuntu/tp-link/GPL_X5700_1/iplatform/staging_dir/host/include -L/home/ubuntu/tp-link/GPL_X5700_1/iplatform/staging_dir/host/lib  conftest.c  >&5
configure:3379: $? = 0
configure:3428: result: yes
configure:3431: checking for C compiler default output file name
configure:3433: result: a.out
configure:3439: checking for suffix of executables
configure:3446: gcc -o conftest -O2 -I/home/ubuntu/tp-link/GPL_X5700_1/iplatform/staging_dir/host/include -I/home/ubuntu/tp-link/GPL_X5700_1/iplatform/staging_dir/host/include -L/home/ubuntu/tp-link/GPL_X5700_1/iplatform/staging_dir/host/lib  conftest.c  >&5
configure:3450: $? = 0
configure:3472: result: 
configure:3494: checking whether we are cross compiling
configure:3502: gcc -o conftest -O2 -I/home/ubuntu/tp-link/GPL_X5700_1/iplatform/staging_dir/host/include -I/home/ubuntu/tp-link/GPL_X5700_1/iplatform/staging_dir/host/include -L/home/ubuntu/tp-link/GPL_X5700_1/iplatform/staging_dir/host/lib  conftest.c  >&5
configure:3506: $? = 0
configure:3513: ./conftest
configure:3517: $? = 0
configure:3532: result: no
configure:3537: checking for suffix of object files
configure:3559: gcc -c -O2 -I/home/ubuntu/tp-link/GPL_X5700_1/iplatform/staging_dir/host/include -I/home/ubuntu/tp-link/GPL_X5700_1/iplatform/staging_dir/host/include conftest.c >&5
configure:3563: $? = 0
configure:3584: result: o
configure:3588: checking whether we are using the GNU C compiler
configure:3607: gcc -c -O2 -I/home/ubuntu/tp-link/GPL_X5700_1/iplatform/staging_dir/host/include -I/home/ubuntu/tp-link/GPL_X5700_1/iplatform/staging_dir/host/include conftest.c >&5
configure:3607: $? = 0
configure:3616: result: yes
configure:3625: checking whether gcc accepts -g
configure:3645: gcc -c -g -I/home/ubuntu/tp-link/GPL_X5700_1/iplatform/staging_dir/host/include conftest.c >&5
configure:3645: $? = 0
configure:3686: result: yes
configure:3703: checking for gcc option to accept ISO C89
configure:3767: gcc  -c -O2 -I/home/ubuntu/tp-link/GPL_X5700_1/iplatform/staging_dir/host/include -I/home/ubuntu/tp-link/GPL_X5700_1/iplatform/staging_dir/host/include conftest.c >&5
configure:3767: $? = 0
configure:3780: result: none needed
configure:3802: checking dependency style of gcc
configure:3912: result: gcc3
configure:3927: checking for a sed that does not truncate output
configure:3991: result: /home/ubuntu/tp-link/GPL_X5700_1/iplatform/staging_dir/host/bin/sed
configure:4009: checking for grep that handles long lines and -e
configure:4067: result: /bin/grep
configure:4072: checking for egrep
configure:4134: result: /bin/grep -E
configure:4139: checking for fgrep
configure:4201: result: /bin/grep -F
configure:4236: checking for ld used by gcc
configure:4303: result: /usr/bin/ld
configure:4310: checking if the linker (/usr/bin/ld) is GNU ld
configure:4325: result: yes
configure:4337: checking for BSD- or MS-compatible name lister (nm)
configure:4386: result: /usr/bin/nm -B
configure:4504: checking the name lister (/usr/bin/nm -B) interface
configure:4511: gcc -c -O2 -I/home/ubuntu/tp-link/GPL_X5700_1/iplatform/staging_dir/host/include -I/home/ubuntu/tp-link/GPL_X5700_1/iplatform/staging_dir/host/include conftest.c >&5
configure:4514: /usr/bin/nm -B "conftest.o"
configure:4517: output
0000000000000000 B some_variable
configure:4524: result: BSD nm
configure:4527: checking whether ln -s works
configure:4531: result: yes
configure:4539: checking the maximum length of command line arguments
configure:4659: result: 3458764513820540925
configure:4676: checking whether the shell understands some XSI constructs
configure:4686: result: yes
configure:4690: checking whether the shell understands "+="
configure:4696: result: yes
configure:4731: checking for /usr/bin/ld option to reload object files
configure:4738: result: -r
configure:4767: checking for x86_64-linux-gnu-objdump
configure:4783: found /usr/bin/x86_64-linux-gnu-objdump
configure:4794: result: x86_64-linux-gnu-objdump
configure:4866: checking how to recognize dependent libraries
configure:5062: result: pass_all
configure:5082: checking for x86_64-linux-gnu-ar
configure:5098: found /usr/bin/x86_64-linux-gnu-ar
configure:5109: result: x86_64-linux-gnu-ar
configure:5187: checking for x86_64-linux-gnu-strip
configure:5203: found /usr/bin/x86_64-linux-gnu-strip
configure:5214: result: x86_64-linux-gnu-strip
configure:5286: checking for x86_64-linux-gnu-ranlib
configure:5302: found /usr/bin/x86_64-linux-gnu-ranlib
configure:5313: result: x86_64-linux-gnu-ranlib
configure:5443: checking command to parse /usr/bin/nm -B output from gcc object
configure:5561: gcc -c -O2 -I/home/ubuntu/tp-link/GPL_X5700_1/iplatform/staging_dir/host/include -I/home/ubuntu/tp-link/GPL_X5700_1/iplatform/staging_dir/host/include conftest.c >&5
configure:5564: $? = 0
configure:5568: /usr/bin/nm -B conftest.o \| sed -n -e 's/^.*[	 ]\([ABCDGIRSTW][ABCDGIRSTW]*\)[	 ][	 ]*\([_A-Za-z][_A-Za-z0-9]*\)$/\1 \2 \2/p' \> conftest.nm
configure:5571: $? = 0
configure:5625: gcc -o conftest -O2 -I/home/ubuntu/tp-link/GPL_X5700_1/iplatform/staging_dir/host/include -I/home/ubuntu/tp-link/GPL_X5700_1/iplatform/staging_dir/host/include -L/home/ubuntu/tp-link/GPL_X5700_1/iplatform/staging_dir/host/lib  conftest.c conftstm.o >&5
configure:5628: $? = 0
configure:5666: result: ok
configure:5762: gcc -c -O2 -I/home/ubuntu/tp-link/GPL_X5700_1/iplatform/staging_dir/host/include -I/home/ubuntu/tp-link/GPL_X5700_1/iplatform/staging_dir/host/include conftest.c >&5
configure:5765: $? = 0
configure:6475: checking how to run the C preprocessor
configure:6506: gcc -E -I/home/ubuntu/tp-link/GPL_X5700_1/iplatform/staging_dir/host/include conftest.c
configure:6506: $? = 0
configure:6520: gcc -E -I/home/ubuntu/tp-link/GPL_X5700_1/iplatform/staging_dir/host/include conftest.c
conftest.c:11:28: fatal error: ac_nonexistent.h: No such file or directory
 #include <ac_nonexistent.h>
                            ^
compilation terminated.
configure:6520: $? = 1
configure: failed program was:
| /* confdefs.h */
| #define PACKAGE_NAME ""
| #define PACKAGE_TARNAME ""
| #define PACKAGE_VERSION ""
| #define PACKAGE_STRING ""
| #define PACKAGE_BUGREPORT ""
| #define PACKAGE_URL ""
| #define PACKAGE "pkg-config"
| #define VERSION "0.25"
| /* end confdefs.h.  */
| #include <ac_nonexistent.h>
configure:6545: result: gcc -E
configure:6565: gcc -E -I/home/ubuntu/tp-link/GPL_X5700_1/iplatform/staging_dir/host/include conftest.c
configure:6565: $? = 0
configure:6579: gcc -E -I/home/ubuntu/tp-link/GPL_X5700_1/iplatform/staging_dir/host/include conftest.c
conftest.c:11:28: fatal error: ac_nonexistent.h: No such file or directory
 #include <ac_nonexistent.h>
                            ^
compilation terminated.
configure:6579: $? = 1
configure: failed program was:
| /* confdefs.h */
| #define PACKAGE_NAME ""
| #define PACKAGE_TARNAME ""
| #define PACKAGE_VERSION ""
| #define PACKAGE_STRING ""
| #define PACKAGE_BUGREPORT ""
| #define PACKAGE_URL ""
| #define PACKAGE "pkg-config"
| #define VERSION "0.25"
| /* end confdefs.h.  */
| #include <ac_nonexistent.h>
configure:6608: checking for ANSI C header files
configure:6628: gcc -c -O2 -I/home/ubuntu/tp-link/GPL_X5700_1/iplatform/staging_dir/host/include -I/home/ubuntu/tp-link/GPL_X5700_1/iplatform/staging_dir/host/include conftest.c >&5
configure:6628: $? = 0
configure:6701: gcc -o conftest -O2 -I/home/ubuntu/tp-link/GPL_X5700_1/iplatform/staging_dir/host/include -I/home/ubuntu/tp-link/GPL_X5700_1/iplatform/staging_dir/host/include -L/home/ubuntu/tp-link/GPL_X5700_1/iplatform/staging_dir/host/lib  conftest.c  >&5
configure:6701: $? = 0
configure:6701: ./conftest
configure:6701: $? = 0
configure:6712: result: yes
configure:6725: checking for sys/types.h
configure:6725: gcc -c -O2 -I/home/ubuntu/tp-link/GPL_X5700_1/iplatform/staging_dir/host/include -I/home/ubuntu/tp-link/GPL_X5700_1/iplatform/staging_dir/host/include conftest.c >&5
configure:6725: $? = 0
configure:6725: result: yes
configure:6725: checking for sys/stat.h
configure:6725: gcc -c -O2 -I/home/ubuntu/tp-link/GPL_X5700_1/iplatform/staging_dir/host/include -I/home/ubuntu/tp-link/GPL_X5700_1/iplatform/staging_dir/host/include conftest.c >&5
configure:6725: $? = 0
configure:6725: result: yes
configure:6725: checking for stdlib.h
configure:6725: gcc -c -O2 -I/home/ubuntu/tp-link/GPL_X5700_1/iplatform/staging_dir/host/include -I/home/ubuntu/tp-link/GPL_X5700_1/iplatform/staging_dir/host/include conftest.c >&5
configure:6725: $? = 0
configure:6725: result: yes
configure:6725: checking for string.h
configure:6725: gcc -c -O2 -I/home/ubuntu/tp-link/GPL_X5700_1/iplatform/staging_dir/host/include -I/home/ubuntu/tp-link/GPL_X5700_1/iplatform/staging_dir/host/include conftest.c >&5
configure:6725: $? = 0
configure:6725: result: yes
configure:6725: checking for memory.h
configure:6725: gcc -c -O2 -I/home/ubuntu/tp-link/GPL_X5700_1/iplatform/staging_dir/host/include -I/home/ubuntu/tp-link/GPL_X5700_1/iplatform/staging_dir/host/include conftest.c >&5
configure:6725: $? = 0
configure:6725: result: yes
configure:6725: checking for strings.h
configure:6725: gcc -c -O2 -I/home/ubuntu/tp-link/GPL_X5700_1/iplatform/staging_dir/host/include -I/home/ubuntu/tp-link/GPL_X5700_1/iplatform/staging_dir/host/include conftest.c >&5
configure:6725: $? = 0
configure:6725: result: yes
configure:6725: checking for inttypes.h
configure:6725: gcc -c -O2 -I/home/ubuntu/tp-link/GPL_X5700_1/iplatform/staging_dir/host/include -I/home/ubuntu/tp-link/GPL_X5700_1/iplatform/staging_dir/host/include conftest.c >&5
configure:6725: $? = 0
configure:6725: result: yes
configure:6725: checking for stdint.h
configure:6725: gcc -c -O2 -I/home/ubuntu/tp-link/GPL_X5700_1/iplatform/staging_dir/host/include -I/home/ubuntu/tp-link/GPL_X5700_1/iplatform/staging_dir/host/include conftest.c >&5
configure:6725: $? = 0
configure:6725: result: yes
configure:6725: checking for unistd.h
configure:6725: gcc -c -O2 -I/home/ubuntu/tp-link/GPL_X5700_1/iplatform/staging_dir/host/include -I/home/ubuntu/tp-link/GPL_X5700_1/iplatform/staging_dir/host/include conftest.c >&5
configure:6725: $? = 0
configure:6725: result: yes
configure:6740: checking for dlfcn.h
configure:6740: gcc -c -O2 -I/home/ubuntu/tp-link/GPL_X5700_1/iplatform/staging_dir/host/include -I/home/ubuntu/tp-link/GPL_X5700_1/iplatform/staging_dir/host/include conftest.c >&5
configure:6740: $? = 0
configure:6740: result: yes
configure:6924: checking for objdir
configure:6939: result: .libs
configure:7231: checking if gcc supports -fno-rtti -fno-exceptions
configure:7249: gcc -c -O2 -I/home/ubuntu/tp-link/GPL_X5700_1/iplatform/staging_dir/host/include -I/home/ubuntu/tp-link/GPL_X5700_1/iplatform/staging_dir/host/include -fno-rtti -fno-exceptions conftest.c >&5
cc1: warning: command line option '-fno-rtti' is valid for C++/ObjC++ but not for C [enabled by default]
configure:7253: $? = 0
configure:7266: result: no
configure:7286: checking for gcc option to produce PIC
configure:7558: result: -fPIC -DPIC
configure:7570: checking if gcc PIC flag -fPIC -DPIC works
configure:7588: gcc -c -O2 -I/home/ubuntu/tp-link/GPL_X5700_1/iplatform/staging_dir/host/include -I/home/ubuntu/tp-link/GPL_X5700_1/iplatform/staging_dir/host/include -fPIC -DPIC -DPIC conftest.c >&5
configure:7592: $? = 0
configure:7605: result: yes
configure:7629: checking if gcc static flag -static works
configure:7657: result: yes
configure:7672: checking if gcc supports -c -o file.o
configure:7693: gcc -c -O2 -I/home/ubuntu/tp-link/GPL_X5700_1/iplatform/staging_dir/host/include -I/home/ubuntu/tp-link/GPL_X5700_1/iplatform/staging_dir/host/include -o out/conftest2.o conftest.c >&5
configure:7697: $? = 0
configure:7719: result: yes
configure:7727: checking if gcc supports -c -o file.o
configure:7774: result: yes
configure:7807: checking whether the gcc linker (/usr/bin/ld -m elf_x86_64) supports shared libraries
configure:8798: result: yes
configure:8835: checking whether -lc should be explicitly linked in
configure:8840: gcc -c -O2 -I/home/ubuntu/tp-link/GPL_X5700_1/iplatform/staging_dir/host/include -I/home/ubuntu/tp-link/GPL_X5700_1/iplatform/staging_dir/host/include conftest.c >&5
configure:8843: $? = 0
configure:8858: gcc -shared conftest.o  -v -Wl,-soname -Wl,conftest -o conftest 2\>\&1 \| /bin/grep  -lc  \>/dev/null 2\>\&1
configure:8861: $? = 0
configure:8873: result: no
configure:9037: checking dynamic linker characteristics
configure:9470: gcc -o conftest -O2 -I/home/ubuntu/tp-link/GPL_X5700_1/iplatform/staging_dir/host/include -I/home/ubuntu/tp-link/GPL_X5700_1/iplatform/staging_dir/host/include -L/home/ubuntu/tp-link/GPL_X5700_1/iplatform/staging_dir/host/lib  -Wl,-rpath -Wl,/foo conftest.c  >&5
configure:9470: $? = 0
configure:9700: result: GNU/Linux ld.so
configure:9802: checking how to hardcode library paths into programs
configure:9827: result: immediate
configure:10347: checking whether stripping libraries is possible
configure:10352: result: yes
configure:10387: checking if libtool supports shared libraries
configure:10389: result: yes
configure:10392: checking whether to build shared libraries
configure:10413: result: yes
configure:10416: checking whether to build static libraries
configure:10420: result: yes
configure:10464: checking for x86_64-linux-gnu-gcc
configure:10491: result: gcc
configure:10760: checking for C compiler version
configure:10769: gcc --version >&5
gcc (Ubuntu 4.8.4-2ubuntu1~14.04.4) 4.8.4
Copyright (C) 2013 Free Software Foundation, Inc.
This is free software; see the source for copying conditions.  There is NO
warranty; not even for MERCHANTABILITY or FITNESS FOR A PARTICULAR PURPOSE.

configure:10780: $? = 0
configure:10769: gcc -v >&5
Using built-in specs.
COLLECT_GCC=gcc
COLLECT_LTO_WRAPPER=/usr/lib/gcc/x86_64-linux-gnu/4.8/lto-wrapper
Target: x86_64-linux-gnu
Configured with: ../src/configure -v --with-pkgversion='Ubuntu 4.8.4-2ubuntu1~14.04.4' --with-bugurl=file:///usr/share/doc/gcc-4.8/README.Bugs --enable-languages=c,c++,java,go,d,fortran,objc,obj-c++ --prefix=/usr --program-suffix=-4.8 --enable-shared --enable-linker-build-id --libexecdir=/usr/lib --without-included-gettext --enable-threads=posix --with-gxx-include-dir=/usr/include/c++/4.8 --libdir=/usr/lib --enable-nls --with-sysroot=/ --enable-clocale=gnu --enable-libstdcxx-debug --enable-libstdcxx-time=yes --enable-gnu-unique-object --disable-libmudflap --enable-plugin --with-system-zlib --disable-browser-plugin --enable-java-awt=gtk --enable-gtk-cairo --with-java-home=/usr/lib/jvm/java-1.5.0-gcj-4.8-amd64/jre --enable-java-home --with-jvm-root-dir=/usr/lib/jvm/java-1.5.0-gcj-4.8-amd64 --with-jvm-jar-dir=/usr/lib/jvm-exports/java-1.5.0-gcj-4.8-amd64 --with-arch-directory=amd64 --with-ecj-jar=/usr/share/java/eclipse-ecj.jar --enable-objc-gc --enable-multiarch --disable-werror --with-arch-32=i686 --with-abi=m64 --with-multilib-list=m32,m64,mx32 --with-tune=generic --enable-checking=release --build=x86_64-linux-gnu --host=x86_64-linux-gnu --target=x86_64-linux-gnu
Thread model: posix
gcc version 4.8.4 (Ubuntu 4.8.4-2ubuntu1~14.04.4) 
configure:10780: $? = 0
configure:10769: gcc -V >&5
gcc: error: unrecognized command line option '-V'
gcc: fatal error: no input files
compilation terminated.
configure:10780: $? = 4
configure:10769: gcc -qversion >&5
gcc: error: unrecognized command line option '-qversion'
gcc: fatal error: no input files
compilation terminated.
configure:10780: $? = 4
configure:10784: checking whether we are using the GNU C compiler
configure:10812: result: yes
configure:10821: checking whether gcc accepts -g
configure:10882: result: yes
configure:10899: checking for gcc option to accept ISO C89
configure:10976: result: none needed
configure:10998: checking dependency style of gcc
configure:11108: result: gcc3
configure:11127: checking for default search path for .pc files
configure:11145: result: ${libdir}/pkgconfig:${datadir}/pkgconfig
use_indirect_deps=auto
configure:11166: checking whether to list both direct and indirect dependencies
configure:11184: result: no
configure:11204: checking for Win32
configure:11214: result: no
configure:11390: checking for working alloca.h
configure:11407: gcc -o conftest -O2 -I/home/ubuntu/tp-link/GPL_X5700_1/iplatform/staging_dir/host/include -I/home/ubuntu/tp-link/GPL_X5700_1/iplatform/staging_dir/host/include -L/home/ubuntu/tp-link/GPL_X5700_1/iplatform/staging_dir/host/lib  conftest.c  >&5
configure:11407: $? = 0
configure:11415: result: yes
configure:11423: checking for alloca
configure:11460: gcc -o conftest -O2 -I/home/ubuntu/tp-link/GPL_X5700_1/iplatform/staging_dir/host/include -I/home/ubuntu/tp-link/GPL_X5700_1/iplatform/staging_dir/host/include -L/home/ubuntu/tp-link/GPL_X5700_1/iplatform/staging_dir/host/lib  conftest.c  >&5
configure:11460: $? = 0
configure:11468: result: yes
configure:11582: checking for setresuid
configure:11582: gcc -o conftest -O2 -I/home/ubuntu/tp-link/GPL_X5700_1/iplatform/staging_dir/host/include -I/home/ubuntu/tp-link/GPL_X5700_1/iplatform/staging_dir/host/include -L/home/ubuntu/tp-link/GPL_X5700_1/iplatform/staging_dir/host/lib  conftest.c  >&5
configure:11582: $? = 0
configure:11582: result: yes
configure:11595: checking dirent.h usability
configure:11595: gcc -c -O2 -I/home/ubuntu/tp-link/GPL_X5700_1/iplatform/staging_dir/host/include -I/home/ubuntu/tp-link/GPL_X5700_1/iplatform/staging_dir/host/include conftest.c >&5
configure:11595: $? = 0
configure:11595: result: yes
configure:11595: checking dirent.h presence
configure:11595: gcc -E -I/home/ubuntu/tp-link/GPL_X5700_1/iplatform/staging_dir/host/include conftest.c
configure:11595: $? = 0
configure:11595: result: yes
configure:11595: checking for dirent.h
configure:11595: result: yes
configure:11595: checking for unistd.h
configure:11595: result: yes
configure:11595: checking sys/wait.h usability
configure:11595: gcc -c -O2 -I/home/ubuntu/tp-link/GPL_X5700_1/iplatform/staging_dir/host/include -I/home/ubuntu/tp-link/GPL_X5700_1/iplatform/staging_dir/host/include conftest.c >&5
configure:11595: $? = 0
configure:11595: result: yes
configure:11595: checking sys/wait.h presence
configure:11595: gcc -E -I/home/ubuntu/tp-link/GPL_X5700_1/iplatform/staging_dir/host/include conftest.c
configure:11595: $? = 0
configure:11595: result: yes
configure:11595: checking for sys/wait.h
configure:11595: result: yes
configure:11595: checking malloc.h usability
configure:11595: gcc -c -O2 -I/home/ubuntu/tp-link/GPL_X5700_1/iplatform/staging_dir/host/include -I/home/ubuntu/tp-link/GPL_X5700_1/iplatform/staging_dir/host/include conftest.c >&5
configure:11595: $? = 0
configure:11595: result: yes
configure:11595: checking malloc.h presence
configure:11595: gcc -E -I/home/ubuntu/tp-link/GPL_X5700_1/iplatform/staging_dir/host/include conftest.c
configure:11595: $? = 0
configure:11595: result: yes
configure:11595: checking for malloc.h
configure:11595: result: yes
configure:11743: creating ./config.status

## ---------------------- ##
## Running config.status. ##
## ---------------------- ##

This file was extended by config.status, which was
generated by GNU Autoconf 2.65.  Invocation command line was

  CONFIG_FILES    = 
  CONFIG_HEADERS  = 
  CONFIG_LINKS    = 
  CONFIG_COMMANDS = 
  $ ./config.status 

on ubuntu

config.status:1089: creating Makefile
config.status:1089: creating popt/Makefile
config.status:1089: creating check/Makefile
config.status:1089: creating check/config.sh
config.status:1089: creating config.h
config.status:1309: executing depfiles commands
config.status:1309: executing libtool commands
configure:14015: === configuring in glib-1.2.10 (/home/ubuntu/tp-link/GPL_X5700_1/iplatform/build_dir/host/pkg-config-0.25/glib-1.2.10)
configure:14078: running /bin/bash ./configure --disable-option-checking '--prefix=/home/ubuntu/tp-link/GPL_X5700_1/iplatform/staging_dir/host'  'CC=gcc' 'CFLAGS=-O2 -I/home/ubuntu/tp-link/GPL_X5700_1/iplatform/staging_dir/host/include' 'CPPFLAGS=-I/home/ubuntu/tp-link/GPL_X5700_1/iplatform/staging_dir/host/include' 'LDFLAGS=-L/home/ubuntu/tp-link/GPL_X5700_1/iplatform/staging_dir/host/lib ' 'SHELL=/bin/bash' '--target=x86_64-linux-gnu' '--host=x86_64-linux-gnu' '--build=x86_64-linux-gnu' '--program-prefix=' '--program-suffix=' '--exec-prefix=/home/ubuntu/tp-link/GPL_X5700_1/iplatform/staging_dir/host' '--sysconfdir=/home/ubuntu/tp-link/GPL_X5700_1/iplatform/staging_dir/host/etc' '--localstatedir=/home/ubuntu/tp-link/GPL_X5700_1/iplatform/staging_dir/host/var' '--sbindir=/home/ubuntu/tp-link/GPL_X5700_1/iplatform/staging_dir/host/bin' 'build_alias=x86_64-linux-gnu' 'host_alias=x86_64-linux-gnu' 'target_alias=x86_64-linux-gnu' --cache-file=/dev/null --srcdir=.

## ---------------- ##
## Cache variables. ##
## ---------------- ##

ac_cv_build=x86_64-pc-linux-gnu
ac_cv_c_compiler_gnu=yes
ac_cv_env_CC_set=set
ac_cv_env_CC_value=gcc
ac_cv_env_CFLAGS_set=set
ac_cv_env_CFLAGS_value='-O2 -I/home/ubuntu/tp-link/GPL_X5700_1/iplatform/staging_dir/host/include'
ac_cv_env_CPPFLAGS_set=set
ac_cv_env_CPPFLAGS_value=-I/home/ubuntu/tp-link/GPL_X5700_1/iplatform/staging_dir/host/include
ac_cv_env_CPP_set=
ac_cv_env_CPP_value=
ac_cv_env_LDFLAGS_set=set
ac_cv_env_LDFLAGS_value='-L/home/ubuntu/tp-link/GPL_X5700_1/iplatform/staging_dir/host/lib '
ac_cv_env_LIBS_set=
ac_cv_env_LIBS_value=
ac_cv_env_build_alias_set=set
ac_cv_env_build_alias_value=x86_64-linux-gnu
ac_cv_env_host_alias_set=set
ac_cv_env_host_alias_value=x86_64-linux-gnu
ac_cv_env_target_alias_set=set
ac_cv_env_target_alias_value=x86_64-linux-gnu
ac_cv_func_alloca_works=yes
ac_cv_func_setresuid=yes
ac_cv_header_dirent_h=yes
ac_cv_header_dlfcn_h=yes
ac_cv_header_inttypes_h=yes
ac_cv_header_malloc_h=yes
ac_cv_header_memory_h=yes
ac_cv_header_stdc=yes
ac_cv_header_stdint_h=yes
ac_cv_header_stdlib_h=yes
ac_cv_header_string_h=yes
ac_cv_header_strings_h=yes
ac_cv_header_sys_stat_h=yes
ac_cv_header_sys_types_h=yes
ac_cv_header_sys_wait_h=yes
ac_cv_header_unistd_h=yes
ac_cv_host=x86_64-pc-linux-gnu
ac_cv_objext=o
ac_cv_path_EGREP='/bin/grep -E'
ac_cv_path_FGREP='/bin/grep -F'
ac_cv_path_GREP=/bin/grep
ac_cv_path_SED=/home/ubuntu/tp-link/GPL_X5700_1/iplatform/staging_dir/host/bin/sed
ac_cv_path_install='/usr/bin/install -c'
ac_cv_path_mkdir=/bin/mkdir
ac_cv_prog_AR=x86_64-linux-gnu-ar
ac_cv_prog_AWK=gawk
ac_cv_prog_CC=gcc
ac_cv_prog_CPP='gcc -E'
ac_cv_prog_OBJDUMP=x86_64-linux-gnu-objdump
ac_cv_prog_RANLIB=x86_64-linux-gnu-ranlib
ac_cv_prog_STRIP=x86_64-linux-gnu-strip
ac_cv_prog_cc_c89=
ac_cv_prog_cc_g=yes
ac_cv_prog_make_make_set=yes
ac_cv_working_alloca_h=yes
am_cv_CC_dependencies_compiler_type=gcc3
lt_cv_deplibs_check_method=pass_all
lt_cv_file_magic_cmd='$MAGIC_CMD'
lt_cv_file_magic_test_file=
lt_cv_ld_reload_flag=-r
lt_cv_nm_interface='BSD nm'
lt_cv_objdir=.libs
lt_cv_path_LD=/usr/bin/ld
lt_cv_path_NM='/usr/bin/nm -B'
lt_cv_prog_compiler_c_o=yes
lt_cv_prog_compiler_pic_works=yes
lt_cv_prog_compiler_rtti_exceptions=no
lt_cv_prog_compiler_static_works=yes
lt_cv_prog_gnu_ld=yes
lt_cv_sys_global_symbol_pipe='sed -n -e '\''s/^.*[	 ]\([ABCDGIRSTW][ABCDGIRSTW]*\)[	 ][	 ]*\([_A-Za-z][_A-Za-z0-9]*\)$/\1 \2 \2/p'\'''
lt_cv_sys_global_symbol_to_c_name_address='sed -n -e '\''s/^: \([^ ]*\) $/  {\"\1\", (void *) 0},/p'\'' -e '\''s/^[ABCDGIRSTW]* \([^ ]*\) \([^ ]*\)$/  {"\2", (void *) \&\2},/p'\'''
lt_cv_sys_global_symbol_to_c_name_address_lib_prefix='sed -n -e '\''s/^: \([^ ]*\) $/  {\"\1\", (void *) 0},/p'\'' -e '\''s/^[ABCDGIRSTW]* \([^ ]*\) \(lib[^ ]*\)$/  {"\2", (void *) \&\2},/p'\'' -e '\''s/^[ABCDGIRSTW]* \([^ ]*\) \([^ ]*\)$/  {"lib\2", (void *) \&\2},/p'\'''
lt_cv_sys_global_symbol_to_cdecl='sed -n -e '\''s/^T .* \(.*\)$/extern int \1();/p'\'' -e '\''s/^[ABCDGIRSTW]* .* \(.*\)$/extern char \1;/p'\'''
lt_cv_sys_max_cmd_len=3458764513820540925

## ----------------- ##
## Output variables. ##
## ----------------- ##

ACLOCAL='${SHELL} /home/ubuntu/tp-link/GPL_X5700_1/iplatform/build_dir/host/pkg-config-0.25/missing --run aclocal-1.11'
ALLOCA=''
AMDEPBACKSLASH='\'
AMDEP_FALSE='#'
AMDEP_TRUE=''
AMTAR='${SHELL} /home/ubuntu/tp-link/GPL_X5700_1/iplatform/build_dir/host/pkg-config-0.25/missing --run tar'
AR='x86_64-linux-gnu-ar'
AUTOCONF='${SHELL} /home/ubuntu/tp-link/GPL_X5700_1/iplatform/build_dir/host/pkg-config-0.25/missing --run autoconf'
AUTOHEADER='${SHELL} /home/ubuntu/tp-link/GPL_X5700_1/iplatform/build_dir/host/pkg-config-0.25/missing --run autoheader'
AUTOMAKE='${SHELL} /home/ubuntu/tp-link/GPL_X5700_1/iplatform/build_dir/host/pkg-config-0.25/missing --run automake-1.11'
AWK='gawk'
CC='gcc'
CCDEPMODE='depmode=gcc3'
CFLAGS='-O2 -I/home/ubuntu/tp-link/GPL_X5700_1/iplatform/staging_dir/host/include'
CPP='gcc -E'
CPPFLAGS='-I/home/ubuntu/tp-link/GPL_X5700_1/iplatform/staging_dir/host/include'
CYGPATH_W='echo'
DEFS='-DHAVE_CONFIG_H'
DEPDIR='.deps'
DSYMUTIL=''
DUMPBIN=''
ECHO_C=''
ECHO_N='-n'
ECHO_T=''
EGREP='/bin/grep -E'
EXEEXT=''
FGREP='/bin/grep -F'
GLIB_CFLAGS=''
GLIB_LIBS=''
GREP='/bin/grep'
INSTALL_DATA='${INSTALL} -m 644'
INSTALL_PROGRAM='${INSTALL}'
INSTALL_SCRIPT='${INSTALL}'
INSTALL_STRIP_PROGRAM='$(install_sh) -c -s'
LD='/usr/bin/ld -m elf_x86_64'
LDFLAGS='-L/home/ubuntu/tp-link/GPL_X5700_1/iplatform/staging_dir/host/lib '
LIBOBJS=''
LIBS=''
LIBTOOL='$(SHELL) $(top_builddir)/libtool'
LIPO=''
LN_S='ln -s'
LTLIBOBJS=''
MAINT='#'
MAINTAINER_MODE_FALSE=''
MAINTAINER_MODE_TRUE='#'
MAKEINFO='${SHELL} /home/ubuntu/tp-link/GPL_X5700_1/iplatform/build_dir/host/pkg-config-0.25/missing --run makeinfo'
MKDIR_P='/bin/mkdir -p'
NM='/usr/bin/nm -B'
NMEDIT=''
OBJDUMP='x86_64-linux-gnu-objdump'
OBJEXT='o'
OTOOL64=''
OTOOL=''
PACKAGE='pkg-config'
PACKAGE_BUGREPORT=''
PACKAGE_NAME=''
PACKAGE_STRING=''
PACKAGE_TARNAME=''
PACKAGE_URL=''
PACKAGE_VERSION=''
PATH_SEPARATOR=':'
PKG_CONFIG='/home/ubuntu/tp-link/GPL_X5700_1/iplatform/staging_dir/host/bin/pkg-config'
POPT_LIBS=''
RANLIB='x86_64-linux-gnu-ranlib'
SED='/home/ubuntu/tp-link/GPL_X5700_1/iplatform/staging_dir/host/bin/sed'
SET_MAKE=''
SHELL='/bin/bash'
STRIP='x86_64-linux-gnu-strip'
USE_INSTALLED_GLIB_FALSE=''
USE_INSTALLED_GLIB_TRUE='#'
USE_INSTALLED_POPT_FALSE=''
USE_INSTALLED_POPT_TRUE='#'
VERSION='0.25'
WARN_CFLAGS=''
ac_ct_CC=''
ac_ct_DUMPBIN=''
am__EXEEXT_FALSE=''
am__EXEEXT_TRUE='#'
am__fastdepCC_FALSE='#'
am__fastdepCC_TRUE=''
am__include='include'
am__isrc=''
am__leading_dot='.'
am__quote=''
am__tar='${AMTAR} chof - "$$tardir"'
am__untar='${AMTAR} xf -'
bindir='${exec_prefix}/bin'
build='x86_64-pc-linux-gnu'
build_alias='x86_64-linux-gnu'
build_cpu='x86_64'
build_os='linux-gnu'
build_vendor='pc'
datadir='${datarootdir}'
datarootdir='${prefix}/share'
docdir='${datarootdir}/doc/${PACKAGE}'
dvidir='${docdir}'
exec_prefix='/home/ubuntu/tp-link/GPL_X5700_1/iplatform/staging_dir/host'
host='x86_64-pc-linux-gnu'
host_alias='x86_64-linux-gnu'
host_cpu='x86_64'
host_os='linux-gnu'
host_vendor='pc'
htmldir='${docdir}'
includedir='${prefix}/include'
infodir='${datarootdir}/info'
install_sh='${SHELL} /home/ubuntu/tp-link/GPL_X5700_1/iplatform/build_dir/host/pkg-config-0.25/install-sh'
libdir='${exec_prefix}/lib'
libexecdir='${exec_prefix}/libexec'
localedir='${datarootdir}/locale'
localstatedir='/home/ubuntu/tp-link/GPL_X5700_1/iplatform/staging_dir/host/var'
lt_ECHO='echo'
mandir='${datarootdir}/man'
mkdir_p='/bin/mkdir -p'
oldincludedir='/usr/include'
pc_path='${libdir}/pkgconfig:${datadir}/pkgconfig'
pdfdir='${docdir}'
prefix='/home/ubuntu/tp-link/GPL_X5700_1/iplatform/staging_dir/host'
program_transform_name='s&$$&&;s&^&&'
psdir='${docdir}'
sbindir='/home/ubuntu/tp-link/GPL_X5700_1/iplatform/staging_dir/host/bin'
sharedstatedir='${prefix}/com'
subdirs=' glib-1.2.10'
sysconfdir='/home/ubuntu/tp-link/GPL_X5700_1/iplatform/staging_dir/host/etc'
target_alias='x86_64-linux-gnu'
use_indirect_deps='no'

## ----------- ##
## confdefs.h. ##
## ----------- ##

/* confdefs.h */
#define PACKAGE_NAME ""
#define PACKAGE_TARNAME ""
#define PACKAGE_VERSION ""
#define PACKAGE_STRING ""
#define PACKAGE_BUGREPORT ""
#define PACKAGE_URL ""
#define PACKAGE "pkg-config"
#define VERSION "0.25"
#define STDC_HEADERS 1
#define HAVE_SYS_TYPES_H 1
#define HAVE_SYS_STAT_H 1
#define HAVE_STDLIB_H 1
#define HAVE_STRING_H 1
#define HAVE_MEMORY_H 1
#define HAVE_STRINGS_H 1
#define HAVE_INTTYPES_H 1
#define HAVE_STDINT_H 1
#define HAVE_UNISTD_H 1
#define HAVE_DLFCN_H 1
#define LT_OBJDIR ".libs/"
#define ENABLE_INDIRECT_DEPS 0
#define HAVE_ALLOCA_H 1
#define HAVE_ALLOCA 1
#define HAVE_SETRESUID 1
#define HAVE_DIRENT_H 1
#define HAVE_UNISTD_H 1
#define HAVE_SYS_WAIT_H 1
#define HAVE_MALLOC_H 1

configure: exit 0
