This file contains any messages produced by compilers while
running configure, to aid debugging if configure makes a mistake.

It was created by configure, which was
generated by GNU Autoconf 2.61.  Invocation command line was

  $ ./configure --target=arm-openwrt-linux-uclibc --host=arm-openwrt-linux-uclibc --build=x86_64-linux-gnu --program-prefix= --program-suffix= --prefix=/usr --exec-prefix=/usr --bindir=/usr/bin --sbindir=/usr/sbin --libexecdir=/usr/lib --sysconfdir=/etc --datadir=/usr/share --localstatedir=/var --mandir=/usr/man --infodir=/usr/info --disable-nls --enable-shared --enable-static --disable-yydebug --enable-ipv6 --with-build-cc=gcc --with-pcap=linux --without-septel --without-dag --without-libnl

## --------- ##
## Platform. ##
## --------- ##

hostname = ubuntu
uname -m = x86_64
uname -r = 4.4.0-148-generic
uname -s = Linux
uname -v = #174~14.04.1-Ubuntu SMP Thu May 9 08:17:37 UTC 2019

/usr/bin/uname -p = unknown
/bin/uname -X     = unknown

/bin/arch              = unknown
/usr/bin/arch -k       = unknown
/usr/convex/getsysinfo = unknown
/usr/bin/hostinfo      = unknown
/bin/machine           = unknown
/usr/bin/oslevel       = unknown
/bin/universe          = unknown

PATH: /home/ubuntu/tp-link/GPL_X5700_1/iplatform/staging_dir/target-arm-openwrt-linux-uclibc-/host/bin
PATH: /home/ubuntu/tp-link/GPL_X5700_1/iplatform/staging_dir/toolchain-arm-openwrt-linux-uclibc/bin
PATH: /home/ubuntu/tp-link/GPL_X5700_1/iplatform/staging_dir/host/bin
PATH: /home/ubuntu/tp-link/GPL_X5700_1/iplatform/staging_dir/toolchain-arm-openwrt-linux-uclibc/bin
PATH: /home/ubuntu/tp-link/GPL_X5700_1/iplatform/staging_dir/host/bin
PATH: /home/ubuntu/tp-link/GPL_X5700_1/iplatform/staging_dir/toolchain-arm-openwrt-linux-uclibc/bin
PATH: /home/ubuntu/tp-link/GPL_X5700_1/iplatform/staging_dir/host/bin
PATH: /usr/local/sbin
PATH: /usr/local/bin
PATH: /usr/sbin
PATH: /usr/bin
PATH: /sbin
PATH: /bin
PATH: /usr/games
PATH: /usr/local/games
PATH: /home/ubuntu/tp-link/GPL_X5700_1/iplatform/../bcm675x/toolchain/opt/toolchains/crosstools-arm-gcc-5.5-linux-4.1-glibc-2.26-binutils-2.28.1/usr/bin
PATH: /home/ubuntu/tp-link/GPL_X5700_1/iplatform/../bcm675x/toolchain/opt/toolchains/crosstools-aarch64-gcc-5.5-linux-4.1-glibc-2.26-binutils-2.28.1/usr/bin
PATH: /home/ubuntu/tp-link/GPL_X5700_1/iplatform/../bcm675x/toolchain/opt/toolchains/crosstools-arm-gcc-5.5-linux-4.1-glibc-2.26-binutils-2.28.1/usr/bin
PATH: /home/ubuntu/tp-link/GPL_X5700_1/iplatform/../bcm675x/toolchain/opt/toolchains/crosstools-aarch64-gcc-5.5-linux-4.1-glibc-2.26-binutils-2.28.1/usr/bin
PATH: /home/ubuntu/tp-link/GPL_X5700_1/iplatform/../bcm675x/toolchain/opt/toolchains/crosstools-arm-gcc-5.5-linux-4.1-glibc-2.26-binutils-2.28.1/usr/bin
PATH: /home/ubuntu/tp-link/GPL_X5700_1/iplatform/../bcm675x/toolchain/opt/toolchains/crosstools-aarch64-gcc-5.5-linux-4.1-glibc-2.26-binutils-2.28.1/usr/bin


## ----------- ##
## Core tests. ##
## ----------- ##

configure:1660: loading site script /home/ubuntu/tp-link/GPL_X5700_1/iplatform/include/site/arm-openwrt-linux-uclibc
| #!/bin/sh
| 
| . $TOPDIR/include/site/arm-linux
| . $TOPDIR/include/site/linux-uclibc
| 
configure:1794: checking build system type
configure:1812: result: x86_64-pc-linux-gnu
configure:1834: checking host system type
configure:1849: result: arm-openwrt-linux-uclibc
configure:1871: checking target system type
configure:1886: result: arm-openwrt-linux-uclibc
configure:1996: checking for arm-openwrt-linux-uclibc-gcc
configure:2023: result: arm-buildroot-linux-gnueabi-gcc
configure:2301: checking for C compiler version
configure:2308: arm-buildroot-linux-gnueabi-gcc --version >&5
arm-buildroot-linux-gnueabi-gcc.br_real (Buildroot 2017.11.1) 5.5.0
Copyright (C) 2015 Free Software Foundation, Inc.
This is free software; see the source for copying conditions.  There is NO
warranty; not even for MERCHANTABILITY or FITNESS FOR A PARTICULAR PURPOSE.

configure:2311: $? = 0
configure:2318: arm-buildroot-linux-gnueabi-gcc -v >&5
Using built-in specs.
COLLECT_GCC=/home/ubuntu/tp-link/GPL_X5700_1/bcm675x/toolchain/opt/toolchains/crosstools-arm-gcc-5.5-linux-4.1-glibc-2.26-binutils-2.28.1/bin/arm-buildroot-linux-gnueabi-gcc.br_real
COLLECT_LTO_WRAPPER=/home/ubuntu/tp-link/GPL_X5700_1/bcm675x/toolchain/opt/toolchains/crosstools-arm-gcc-5.5-linux-4.1-glibc-2.26-binutils-2.28.1/bin/../libexec/gcc/arm-buildroot-linux-gnueabi/5.5.0/lto-wrapper
Target: arm-buildroot-linux-gnueabi
Configured with: ./configure --prefix=/opt/toolchains/crosstools-arm-gcc-5.5-linux-4.1-glibc-2.26-binutils-2.28.1 --sysconfdir=/opt/toolchains/crosstools-arm-gcc-5.5-linux-4.1-glibc-2.26-binutils-2.28.1/etc --enable-static --target=arm-buildroot-linux-gnueabi --with-sysroot=/opt/toolchains/crosstools-arm-gcc-5.5-linux-4.1-glibc-2.26-binutils-2.28.1/arm-buildroot-linux-gnueabi/sysroot --disable-__cxa_atexit --with-gnu-ld --disable-libssp --disable-multilib --with-gmp=/opt/toolchains/crosstools-arm-gcc-5.5-linux-4.1-glibc-2.26-binutils-2.28.1 --with-mpc=/opt/toolchains/crosstools-arm-gcc-5.5-linux-4.1-glibc-2.26-binutils-2.28.1 --with-mpfr=/opt/toolchains/crosstools-arm-gcc-5.5-linux-4.1-glibc-2.26-binutils-2.28.1 --with-pkgversion='Buildroot 2017.11.1' --with-bugurl=http://bugs.buildroot.net/ --disable-libquadmath --enable-tls --disable-libmudflap --enable-threads --without-isl --without-cloog --with-float=soft --disable-decimal-float --with-abi=aapcs-linux --with-cpu=cortex-a9 --with-float=soft --with-mode=arm --enable-languages=c,c++ --with-build-time-tools=/opt/toolchains/crosstools-arm-gcc-5.5-linux-4.1-glibc-2.26-binutils-2.28.1/arm-buildroot-linux-gnueabi/bin --enable-shared --disable-libgomp
Thread model: posix
gcc version 5.5.0 (Buildroot 2017.11.1) 
configure:2321: $? = 0
configure:2328: arm-buildroot-linux-gnueabi-gcc -V >&5
arm-buildroot-linux-gnueabi-gcc.br_real: error: unrecognized command line option '-V'
arm-buildroot-linux-gnueabi-gcc.br_real: fatal error: no input files
compilation terminated.
configure:2331: $? = 1
configure:2354: checking for C compiler default output file name
configure:2381: arm-buildroot-linux-gnueabi-gcc  -ffunction-sections -fdata-sections  -I/home/ubuntu/tp-link/GPL_X5700_1/iplatform/staging_dir/target-arm-openwrt-linux-uclibc-/usr/include -I/home/ubuntu/tp-link/GPL_X5700_1/iplatform/staging_dir/target-arm-openwrt-linux-uclibc-/include -I/home/ubuntu/tp-link/GPL_X5700_1/iplatform/../bcm675x/toolchain/opt/toolchains/crosstools-arm-gcc-5.5-linux-4.1-glibc-2.26-binutils-2.28.1/usr/include  -L/home/ubuntu/tp-link/GPL_X5700_1/iplatform/staging_dir/target-arm-openwrt-linux-uclibc-/usr/lib -L/home/ubuntu/tp-link/GPL_X5700_1/iplatform/staging_dir/target-arm-openwrt-linux-uclibc-/lib -Wl,-rpath-link,/home/ubuntu/tp-link/GPL_X5700_1/iplatform/staging_dir/target-arm-openwrt-linux-uclibc-/usr/lib -L/home/ubuntu/tp-link/GPL_X5700_1/iplatform/../bcm675x/toolchain/opt/toolchains/crosstools-arm-gcc-5.5-linux-4.1-glibc-2.26-binutils-2.28.1/usr/lib -L/home/ubuntu/tp-link/GPL_X5700_1/iplatform/../bcm675x/toolchain/opt/toolchains/crosstools-arm-gcc-5.5-linux-4.1-glibc-2.26-binutils-2.28.1/lib  conftest.c  >&5
configure:2384: $? = 0
configure:2422: result: a.out
configure:2439: checking whether the C compiler works
configure:2469: result: yes
configure:2476: checking whether we are cross compiling
configure:2478: result: yes
configure:2481: checking for suffix of executables
configure:2488: arm-buildroot-linux-gnueabi-gcc -o conftest  -ffunction-sections -fdata-sections  -I/home/ubuntu/tp-link/GPL_X5700_1/iplatform/staging_dir/target-arm-openwrt-linux-uclibc-/usr/include -I/home/ubuntu/tp-link/GPL_X5700_1/iplatform/staging_dir/target-arm-openwrt-linux-uclibc-/include -I/home/ubuntu/tp-link/GPL_X5700_1/iplatform/../bcm675x/toolchain/opt/toolchains/crosstools-arm-gcc-5.5-linux-4.1-glibc-2.26-binutils-2.28.1/usr/include  -L/home/ubuntu/tp-link/GPL_X5700_1/iplatform/staging_dir/target-arm-openwrt-linux-uclibc-/usr/lib -L/home/ubuntu/tp-link/GPL_X5700_1/iplatform/staging_dir/target-arm-openwrt-linux-uclibc-/lib -Wl,-rpath-link,/home/ubuntu/tp-link/GPL_X5700_1/iplatform/staging_dir/target-arm-openwrt-linux-uclibc-/usr/lib -L/home/ubuntu/tp-link/GPL_X5700_1/iplatform/../bcm675x/toolchain/opt/toolchains/crosstools-arm-gcc-5.5-linux-4.1-glibc-2.26-binutils-2.28.1/usr/lib -L/home/ubuntu/tp-link/GPL_X5700_1/iplatform/../bcm675x/toolchain/opt/toolchains/crosstools-arm-gcc-5.5-linux-4.1-glibc-2.26-binutils-2.28.1/lib  conftest.c  >&5
configure:2491: $? = 0
configure:2515: result: 
configure:2521: checking for suffix of object files
configure:2547: arm-buildroot-linux-gnueabi-gcc -c  -ffunction-sections -fdata-sections  -I/home/ubuntu/tp-link/GPL_X5700_1/iplatform/staging_dir/target-arm-openwrt-linux-uclibc-/usr/include -I/home/ubuntu/tp-link/GPL_X5700_1/iplatform/staging_dir/target-arm-openwrt-linux-uclibc-/include -I/home/ubuntu/tp-link/GPL_X5700_1/iplatform/../bcm675x/toolchain/opt/toolchains/crosstools-arm-gcc-5.5-linux-4.1-glibc-2.26-binutils-2.28.1/usr/include  conftest.c >&5
configure:2550: $? = 0
configure:2573: result: o
configure:2577: checking whether we are using the GNU C compiler
configure:2606: arm-buildroot-linux-gnueabi-gcc -c  -ffunction-sections -fdata-sections  -I/home/ubuntu/tp-link/GPL_X5700_1/iplatform/staging_dir/target-arm-openwrt-linux-uclibc-/usr/include -I/home/ubuntu/tp-link/GPL_X5700_1/iplatform/staging_dir/target-arm-openwrt-linux-uclibc-/include -I/home/ubuntu/tp-link/GPL_X5700_1/iplatform/../bcm675x/toolchain/opt/toolchains/crosstools-arm-gcc-5.5-linux-4.1-glibc-2.26-binutils-2.28.1/usr/include  conftest.c >&5
configure:2612: $? = 0
configure:2629: result: yes
configure:2634: checking whether arm-buildroot-linux-gnueabi-gcc accepts -g
configure:2664: arm-buildroot-linux-gnueabi-gcc -c -g -I/home/ubuntu/tp-link/GPL_X5700_1/iplatform/staging_dir/target-arm-openwrt-linux-uclibc-/usr/include -I/home/ubuntu/tp-link/GPL_X5700_1/iplatform/staging_dir/target-arm-openwrt-linux-uclibc-/include -I/home/ubuntu/tp-link/GPL_X5700_1/iplatform/../bcm675x/toolchain/opt/toolchains/crosstools-arm-gcc-5.5-linux-4.1-glibc-2.26-binutils-2.28.1/usr/include  conftest.c >&5
configure:2670: $? = 0
configure:2769: result: yes
configure:2786: checking for arm-buildroot-linux-gnueabi-gcc option to accept ISO C89
configure:2860: arm-buildroot-linux-gnueabi-gcc  -c  -ffunction-sections -fdata-sections  -I/home/ubuntu/tp-link/GPL_X5700_1/iplatform/staging_dir/target-arm-openwrt-linux-uclibc-/usr/include -I/home/ubuntu/tp-link/GPL_X5700_1/iplatform/staging_dir/target-arm-openwrt-linux-uclibc-/include -I/home/ubuntu/tp-link/GPL_X5700_1/iplatform/../bcm675x/toolchain/opt/toolchains/crosstools-arm-gcc-5.5-linux-4.1-glibc-2.26-binutils-2.28.1/usr/include  conftest.c >&5
configure:2866: $? = 0
configure:2889: result: none needed
configure:2916: checking gcc version
configure:2928: result: 5
configure:3335: checking for inline
configure:3381: arm-buildroot-linux-gnueabi-gcc -c -O2 -I/home/ubuntu/tp-link/GPL_X5700_1/iplatform/staging_dir/target-arm-openwrt-linux-uclibc-/usr/include -I/home/ubuntu/tp-link/GPL_X5700_1/iplatform/staging_dir/target-arm-openwrt-linux-uclibc-/include -I/home/ubuntu/tp-link/GPL_X5700_1/iplatform/../bcm675x/toolchain/opt/toolchains/crosstools-arm-gcc-5.5-linux-4.1-glibc-2.26-binutils-2.28.1/usr/include  conftest.c >&5
configure:3387: $? = 0
configure:3412: result: inline
configure:3424: checking for __attribute__
configure:3460: arm-buildroot-linux-gnueabi-gcc -c  -ffunction-sections -fdata-sections  -I/home/ubuntu/tp-link/GPL_X5700_1/iplatform/staging_dir/target-arm-openwrt-linux-uclibc-/usr/include -I/home/ubuntu/tp-link/GPL_X5700_1/iplatform/staging_dir/target-arm-openwrt-linux-uclibc-/include -I/home/ubuntu/tp-link/GPL_X5700_1/iplatform/../bcm675x/toolchain/opt/toolchains/crosstools-arm-gcc-5.5-linux-4.1-glibc-2.26-binutils-2.28.1/usr/include  conftest.c >&5
configure:3466: $? = 0
configure:3492: result: yes
configure:3501: checking how to run the C preprocessor
configure:3541: arm-buildroot-linux-gnueabi-gcc -E -I/home/ubuntu/tp-link/GPL_X5700_1/iplatform/staging_dir/target-arm-openwrt-linux-uclibc-/usr/include -I/home/ubuntu/tp-link/GPL_X5700_1/iplatform/staging_dir/target-arm-openwrt-linux-uclibc-/include -I/home/ubuntu/tp-link/GPL_X5700_1/iplatform/../bcm675x/toolchain/opt/toolchains/crosstools-arm-gcc-5.5-linux-4.1-glibc-2.26-binutils-2.28.1/usr/include  conftest.c
configure:3547: $? = 0
configure:3578: arm-buildroot-linux-gnueabi-gcc -E -I/home/ubuntu/tp-link/GPL_X5700_1/iplatform/staging_dir/target-arm-openwrt-linux-uclibc-/usr/include -I/home/ubuntu/tp-link/GPL_X5700_1/iplatform/staging_dir/target-arm-openwrt-linux-uclibc-/include -I/home/ubuntu/tp-link/GPL_X5700_1/iplatform/../bcm675x/toolchain/opt/toolchains/crosstools-arm-gcc-5.5-linux-4.1-glibc-2.26-binutils-2.28.1/usr/include  conftest.c
conftest.c:10:28: fatal error: ac_nonexistent.h: No such file or directory
compilation terminated.
configure:3584: $? = 1
configure: failed program was:
| /* confdefs.h.  */
| #define PACKAGE_NAME ""
| #define PACKAGE_TARNAME ""
| #define PACKAGE_VERSION ""
| #define PACKAGE_STRING ""
| #define PACKAGE_BUGREPORT ""
| #define inline inline
| #define HAVE___ATTRIBUTE__ 1
| /* end confdefs.h.  */
| #include <ac_nonexistent.h>
configure:3617: result: arm-buildroot-linux-gnueabi-gcc -E
configure:3646: arm-buildroot-linux-gnueabi-gcc -E -I/home/ubuntu/tp-link/GPL_X5700_1/iplatform/staging_dir/target-arm-openwrt-linux-uclibc-/usr/include -I/home/ubuntu/tp-link/GPL_X5700_1/iplatform/staging_dir/target-arm-openwrt-linux-uclibc-/include -I/home/ubuntu/tp-link/GPL_X5700_1/iplatform/../bcm675x/toolchain/opt/toolchains/crosstools-arm-gcc-5.5-linux-4.1-glibc-2.26-binutils-2.28.1/usr/include  conftest.c
configure:3652: $? = 0
configure:3683: arm-buildroot-linux-gnueabi-gcc -E -I/home/ubuntu/tp-link/GPL_X5700_1/iplatform/staging_dir/target-arm-openwrt-linux-uclibc-/usr/include -I/home/ubuntu/tp-link/GPL_X5700_1/iplatform/staging_dir/target-arm-openwrt-linux-uclibc-/include -I/home/ubuntu/tp-link/GPL_X5700_1/iplatform/../bcm675x/toolchain/opt/toolchains/crosstools-arm-gcc-5.5-linux-4.1-glibc-2.26-binutils-2.28.1/usr/include  conftest.c
conftest.c:10:28: fatal error: ac_nonexistent.h: No such file or directory
compilation terminated.
configure:3689: $? = 1
configure: failed program was:
| /* confdefs.h.  */
| #define PACKAGE_NAME ""
| #define PACKAGE_TARNAME ""
| #define PACKAGE_VERSION ""
| #define PACKAGE_STRING ""
| #define PACKAGE_BUGREPORT ""
| #define inline inline
| #define HAVE___ATTRIBUTE__ 1
| /* end confdefs.h.  */
| #include <ac_nonexistent.h>
configure:3727: checking for grep that handles long lines and -e
configure:3801: result: /bin/grep
configure:3806: checking for egrep
configure:3884: result: /bin/grep -E
configure:3889: checking for ANSI C header files
configure:3919: arm-buildroot-linux-gnueabi-gcc -c  -ffunction-sections -fdata-sections  -I/home/ubuntu/tp-link/GPL_X5700_1/iplatform/staging_dir/target-arm-openwrt-linux-uclibc-/usr/include -I/home/ubuntu/tp-link/GPL_X5700_1/iplatform/staging_dir/target-arm-openwrt-linux-uclibc-/include -I/home/ubuntu/tp-link/GPL_X5700_1/iplatform/../bcm675x/toolchain/opt/toolchains/crosstools-arm-gcc-5.5-linux-4.1-glibc-2.26-binutils-2.28.1/usr/include  conftest.c >&5
configure:3925: $? = 0
configure:4053: result: yes
configure:4077: checking for sys/types.h
configure:4098: arm-buildroot-linux-gnueabi-gcc -c  -ffunction-sections -fdata-sections  -I/home/ubuntu/tp-link/GPL_X5700_1/iplatform/staging_dir/target-arm-openwrt-linux-uclibc-/usr/include -I/home/ubuntu/tp-link/GPL_X5700_1/iplatform/staging_dir/target-arm-openwrt-linux-uclibc-/include -I/home/ubuntu/tp-link/GPL_X5700_1/iplatform/../bcm675x/toolchain/opt/toolchains/crosstools-arm-gcc-5.5-linux-4.1-glibc-2.26-binutils-2.28.1/usr/include  conftest.c >&5
configure:4104: $? = 0
configure:4120: result: yes
configure:4077: checking for sys/stat.h
configure:4098: arm-buildroot-linux-gnueabi-gcc -c  -ffunction-sections -fdata-sections  -I/home/ubuntu/tp-link/GPL_X5700_1/iplatform/staging_dir/target-arm-openwrt-linux-uclibc-/usr/include -I/home/ubuntu/tp-link/GPL_X5700_1/iplatform/staging_dir/target-arm-openwrt-linux-uclibc-/include -I/home/ubuntu/tp-link/GPL_X5700_1/iplatform/../bcm675x/toolchain/opt/toolchains/crosstools-arm-gcc-5.5-linux-4.1-glibc-2.26-binutils-2.28.1/usr/include  conftest.c >&5
configure:4104: $? = 0
configure:4120: result: yes
configure:4077: checking for stdlib.h
configure:4098: arm-buildroot-linux-gnueabi-gcc -c  -ffunction-sections -fdata-sections  -I/home/ubuntu/tp-link/GPL_X5700_1/iplatform/staging_dir/target-arm-openwrt-linux-uclibc-/usr/include -I/home/ubuntu/tp-link/GPL_X5700_1/iplatform/staging_dir/target-arm-openwrt-linux-uclibc-/include -I/home/ubuntu/tp-link/GPL_X5700_1/iplatform/../bcm675x/toolchain/opt/toolchains/crosstools-arm-gcc-5.5-linux-4.1-glibc-2.26-binutils-2.28.1/usr/include  conftest.c >&5
configure:4104: $? = 0
configure:4120: result: yes
configure:4077: checking for string.h
configure:4098: arm-buildroot-linux-gnueabi-gcc -c  -ffunction-sections -fdata-sections  -I/home/ubuntu/tp-link/GPL_X5700_1/iplatform/staging_dir/target-arm-openwrt-linux-uclibc-/usr/include -I/home/ubuntu/tp-link/GPL_X5700_1/iplatform/staging_dir/target-arm-openwrt-linux-uclibc-/include -I/home/ubuntu/tp-link/GPL_X5700_1/iplatform/../bcm675x/toolchain/opt/toolchains/crosstools-arm-gcc-5.5-linux-4.1-glibc-2.26-binutils-2.28.1/usr/include  conftest.c >&5
configure:4104: $? = 0
configure:4120: result: yes
configure:4077: checking for memory.h
configure:4098: arm-buildroot-linux-gnueabi-gcc -c  -ffunction-sections -fdata-sections  -I/home/ubuntu/tp-link/GPL_X5700_1/iplatform/staging_dir/target-arm-openwrt-linux-uclibc-/usr/include -I/home/ubuntu/tp-link/GPL_X5700_1/iplatform/staging_dir/target-arm-openwrt-linux-uclibc-/include -I/home/ubuntu/tp-link/GPL_X5700_1/iplatform/../bcm675x/toolchain/opt/toolchains/crosstools-arm-gcc-5.5-linux-4.1-glibc-2.26-binutils-2.28.1/usr/include  conftest.c >&5
configure:4104: $? = 0
configure:4120: result: yes
configure:4077: checking for strings.h
configure:4098: arm-buildroot-linux-gnueabi-gcc -c  -ffunction-sections -fdata-sections  -I/home/ubuntu/tp-link/GPL_X5700_1/iplatform/staging_dir/target-arm-openwrt-linux-uclibc-/usr/include -I/home/ubuntu/tp-link/GPL_X5700_1/iplatform/staging_dir/target-arm-openwrt-linux-uclibc-/include -I/home/ubuntu/tp-link/GPL_X5700_1/iplatform/../bcm675x/toolchain/opt/toolchains/crosstools-arm-gcc-5.5-linux-4.1-glibc-2.26-binutils-2.28.1/usr/include  conftest.c >&5
configure:4104: $? = 0
configure:4120: result: yes
configure:4077: checking for inttypes.h
configure:4098: arm-buildroot-linux-gnueabi-gcc -c  -ffunction-sections -fdata-sections  -I/home/ubuntu/tp-link/GPL_X5700_1/iplatform/staging_dir/target-arm-openwrt-linux-uclibc-/usr/include -I/home/ubuntu/tp-link/GPL_X5700_1/iplatform/staging_dir/target-arm-openwrt-linux-uclibc-/include -I/home/ubuntu/tp-link/GPL_X5700_1/iplatform/../bcm675x/toolchain/opt/toolchains/crosstools-arm-gcc-5.5-linux-4.1-glibc-2.26-binutils-2.28.1/usr/include  conftest.c >&5
configure:4104: $? = 0
configure:4120: result: yes
configure:4077: checking for stdint.h
configure:4098: arm-buildroot-linux-gnueabi-gcc -c  -ffunction-sections -fdata-sections  -I/home/ubuntu/tp-link/GPL_X5700_1/iplatform/staging_dir/target-arm-openwrt-linux-uclibc-/usr/include -I/home/ubuntu/tp-link/GPL_X5700_1/iplatform/staging_dir/target-arm-openwrt-linux-uclibc-/include -I/home/ubuntu/tp-link/GPL_X5700_1/iplatform/../bcm675x/toolchain/opt/toolchains/crosstools-arm-gcc-5.5-linux-4.1-glibc-2.26-binutils-2.28.1/usr/include  conftest.c >&5
configure:4104: $? = 0
configure:4120: result: yes
configure:4077: checking for unistd.h
configure:4098: arm-buildroot-linux-gnueabi-gcc -c  -ffunction-sections -fdata-sections  -I/home/ubuntu/tp-link/GPL_X5700_1/iplatform/staging_dir/target-arm-openwrt-linux-uclibc-/usr/include -I/home/ubuntu/tp-link/GPL_X5700_1/iplatform/staging_dir/target-arm-openwrt-linux-uclibc-/include -I/home/ubuntu/tp-link/GPL_X5700_1/iplatform/../bcm675x/toolchain/opt/toolchains/crosstools-arm-gcc-5.5-linux-4.1-glibc-2.26-binutils-2.28.1/usr/include  conftest.c >&5
configure:4104: $? = 0
configure:4120: result: yes
configure:4147: checking sys/bitypes.h usability
configure:4164: arm-buildroot-linux-gnueabi-gcc -c  -ffunction-sections -fdata-sections  -I/home/ubuntu/tp-link/GPL_X5700_1/iplatform/staging_dir/target-arm-openwrt-linux-uclibc-/usr/include -I/home/ubuntu/tp-link/GPL_X5700_1/iplatform/staging_dir/target-arm-openwrt-linux-uclibc-/include -I/home/ubuntu/tp-link/GPL_X5700_1/iplatform/../bcm675x/toolchain/opt/toolchains/crosstools-arm-gcc-5.5-linux-4.1-glibc-2.26-binutils-2.28.1/usr/include  conftest.c >&5
configure:4170: $? = 0
configure:4184: result: yes
configure:4188: checking sys/bitypes.h presence
configure:4203: arm-buildroot-linux-gnueabi-gcc -E -I/home/ubuntu/tp-link/GPL_X5700_1/iplatform/staging_dir/target-arm-openwrt-linux-uclibc-/usr/include -I/home/ubuntu/tp-link/GPL_X5700_1/iplatform/staging_dir/target-arm-openwrt-linux-uclibc-/include -I/home/ubuntu/tp-link/GPL_X5700_1/iplatform/../bcm675x/toolchain/opt/toolchains/crosstools-arm-gcc-5.5-linux-4.1-glibc-2.26-binutils-2.28.1/usr/include  conftest.c
configure:4209: $? = 0
configure:4223: result: yes
configure:4251: checking for sys/bitypes.h
configure:4259: result: yes
configure:4273: checking for int8_t
configure:4307: arm-buildroot-linux-gnueabi-gcc -c  -ffunction-sections -fdata-sections  -I/home/ubuntu/tp-link/GPL_X5700_1/iplatform/staging_dir/target-arm-openwrt-linux-uclibc-/usr/include -I/home/ubuntu/tp-link/GPL_X5700_1/iplatform/staging_dir/target-arm-openwrt-linux-uclibc-/include -I/home/ubuntu/tp-link/GPL_X5700_1/iplatform/../bcm675x/toolchain/opt/toolchains/crosstools-arm-gcc-5.5-linux-4.1-glibc-2.26-binutils-2.28.1/usr/include  conftest.c >&5
configure:4313: $? = 0
configure:4328: result: yes
configure:4340: checking for u_int8_t
configure:4374: arm-buildroot-linux-gnueabi-gcc -c  -ffunction-sections -fdata-sections  -I/home/ubuntu/tp-link/GPL_X5700_1/iplatform/staging_dir/target-arm-openwrt-linux-uclibc-/usr/include -I/home/ubuntu/tp-link/GPL_X5700_1/iplatform/staging_dir/target-arm-openwrt-linux-uclibc-/include -I/home/ubuntu/tp-link/GPL_X5700_1/iplatform/../bcm675x/toolchain/opt/toolchains/crosstools-arm-gcc-5.5-linux-4.1-glibc-2.26-binutils-2.28.1/usr/include  conftest.c >&5
configure:4380: $? = 0
configure:4395: result: yes
configure:4407: checking for int16_t
configure:4437: arm-buildroot-linux-gnueabi-gcc -c  -ffunction-sections -fdata-sections  -I/home/ubuntu/tp-link/GPL_X5700_1/iplatform/staging_dir/target-arm-openwrt-linux-uclibc-/usr/include -I/home/ubuntu/tp-link/GPL_X5700_1/iplatform/staging_dir/target-arm-openwrt-linux-uclibc-/include -I/home/ubuntu/tp-link/GPL_X5700_1/iplatform/../bcm675x/toolchain/opt/toolchains/crosstools-arm-gcc-5.5-linux-4.1-glibc-2.26-binutils-2.28.1/usr/include  conftest.c >&5
configure:4443: $? = 0
configure:4458: result: yes
configure:4474: checking for u_int16_t
configure:4508: arm-buildroot-linux-gnueabi-gcc -c  -ffunction-sections -fdata-sections  -I/home/ubuntu/tp-link/GPL_X5700_1/iplatform/staging_dir/target-arm-openwrt-linux-uclibc-/usr/include -I/home/ubuntu/tp-link/GPL_X5700_1/iplatform/staging_dir/target-arm-openwrt-linux-uclibc-/include -I/home/ubuntu/tp-link/GPL_X5700_1/iplatform/../bcm675x/toolchain/opt/toolchains/crosstools-arm-gcc-5.5-linux-4.1-glibc-2.26-binutils-2.28.1/usr/include  conftest.c >&5
configure:4514: $? = 0
configure:4529: result: yes
configure:4541: checking for int32_t
configure:4575: arm-buildroot-linux-gnueabi-gcc -c  -ffunction-sections -fdata-sections  -I/home/ubuntu/tp-link/GPL_X5700_1/iplatform/staging_dir/target-arm-openwrt-linux-uclibc-/usr/include -I/home/ubuntu/tp-link/GPL_X5700_1/iplatform/staging_dir/target-arm-openwrt-linux-uclibc-/include -I/home/ubuntu/tp-link/GPL_X5700_1/iplatform/../bcm675x/toolchain/opt/toolchains/crosstools-arm-gcc-5.5-linux-4.1-glibc-2.26-binutils-2.28.1/usr/include  conftest.c >&5
configure:4581: $? = 0
configure:4596: result: yes
configure:4608: checking for u_int32_t
configure:4642: arm-buildroot-linux-gnueabi-gcc -c  -ffunction-sections -fdata-sections  -I/home/ubuntu/tp-link/GPL_X5700_1/iplatform/staging_dir/target-arm-openwrt-linux-uclibc-/usr/include -I/home/ubuntu/tp-link/GPL_X5700_1/iplatform/staging_dir/target-arm-openwrt-linux-uclibc-/include -I/home/ubuntu/tp-link/GPL_X5700_1/iplatform/../bcm675x/toolchain/opt/toolchains/crosstools-arm-gcc-5.5-linux-4.1-glibc-2.26-binutils-2.28.1/usr/include  conftest.c >&5
configure:4648: $? = 0
configure:4663: result: yes
configure:4675: checking for int64_t
configure:4709: arm-buildroot-linux-gnueabi-gcc -c  -ffunction-sections -fdata-sections  -I/home/ubuntu/tp-link/GPL_X5700_1/iplatform/staging_dir/target-arm-openwrt-linux-uclibc-/usr/include -I/home/ubuntu/tp-link/GPL_X5700_1/iplatform/staging_dir/target-arm-openwrt-linux-uclibc-/include -I/home/ubuntu/tp-link/GPL_X5700_1/iplatform/../bcm675x/toolchain/opt/toolchains/crosstools-arm-gcc-5.5-linux-4.1-glibc-2.26-binutils-2.28.1/usr/include  conftest.c >&5
configure:4715: $? = 0
configure:4730: result: yes
configure:4742: checking for u_int64_t
configure:4776: arm-buildroot-linux-gnueabi-gcc -c  -ffunction-sections -fdata-sections  -I/home/ubuntu/tp-link/GPL_X5700_1/iplatform/staging_dir/target-arm-openwrt-linux-uclibc-/usr/include -I/home/ubuntu/tp-link/GPL_X5700_1/iplatform/staging_dir/target-arm-openwrt-linux-uclibc-/include -I/home/ubuntu/tp-link/GPL_X5700_1/iplatform/../bcm675x/toolchain/opt/toolchains/crosstools-arm-gcc-5.5-linux-4.1-glibc-2.26-binutils-2.28.1/usr/include  conftest.c >&5
configure:4782: $? = 0
configure:4797: result: yes
configure:4820: checking for special C compiler options needed for large files
configure:4913: result: no
configure:4919: checking for _FILE_OFFSET_BITS value needed for large files
configure:4954: arm-buildroot-linux-gnueabi-gcc -c  -ffunction-sections -fdata-sections  -I/home/ubuntu/tp-link/GPL_X5700_1/iplatform/staging_dir/target-arm-openwrt-linux-uclibc-/usr/include -I/home/ubuntu/tp-link/GPL_X5700_1/iplatform/staging_dir/target-arm-openwrt-linux-uclibc-/include -I/home/ubuntu/tp-link/GPL_X5700_1/iplatform/../bcm675x/toolchain/opt/toolchains/crosstools-arm-gcc-5.5-linux-4.1-glibc-2.26-binutils-2.28.1/usr/include  conftest.c >&5
conftest.c:26:33: warning: left shift count >= width of type [-Wshift-count-overflow]
 #define LARGE_OFF_T (((off_t) 1 << 62) - 1 + ((off_t) 1 << 62))
                                 ^
conftest.c:27:23: note: in expansion of macro 'LARGE_OFF_T'
   int off_t_is_large[(LARGE_OFF_T % 2147483629 == 721
                       ^
conftest.c:26:57: warning: left shift count >= width of type [-Wshift-count-overflow]
 #define LARGE_OFF_T (((off_t) 1 << 62) - 1 + ((off_t) 1 << 62))
                                                         ^
conftest.c:27:23: note: in expansion of macro 'LARGE_OFF_T'
   int off_t_is_large[(LARGE_OFF_T % 2147483629 == 721
                       ^
conftest.c:26:33: warning: left shift count >= width of type [-Wshift-count-overflow]
 #define LARGE_OFF_T (((off_t) 1 << 62) - 1 + ((off_t) 1 << 62))
                                 ^
conftest.c:28:13: note: in expansion of macro 'LARGE_OFF_T'
          && LARGE_OFF_T % 2147483647 == 1)
             ^
conftest.c:26:57: warning: left shift count >= width of type [-Wshift-count-overflow]
 #define LARGE_OFF_T (((off_t) 1 << 62) - 1 + ((off_t) 1 << 62))
                                                         ^
conftest.c:28:13: note: in expansion of macro 'LARGE_OFF_T'
          && LARGE_OFF_T % 2147483647 == 1)
             ^
conftest.c:27:7: error: variably modified 'off_t_is_large' at file scope
   int off_t_is_large[(LARGE_OFF_T % 2147483629 == 721
       ^
configure:4960: $? = 1
configure: failed program was:
| /* confdefs.h.  */
| #define PACKAGE_NAME ""
| #define PACKAGE_TARNAME ""
| #define PACKAGE_VERSION ""
| #define PACKAGE_STRING ""
| #define PACKAGE_BUGREPORT ""
| #define inline inline
| #define HAVE___ATTRIBUTE__ 1
| #define STDC_HEADERS 1
| #define HAVE_SYS_TYPES_H 1
| #define HAVE_SYS_STAT_H 1
| #define HAVE_STDLIB_H 1
| #define HAVE_STRING_H 1
| #define HAVE_MEMORY_H 1
| #define HAVE_STRINGS_H 1
| #define HAVE_INTTYPES_H 1
| #define HAVE_STDINT_H 1
| #define HAVE_UNISTD_H 1
| #define HAVE_SYS_BITYPES_H 1
| /* end confdefs.h.  */
| #include <sys/types.h>
|  /* Check that off_t can represent 2**63 - 1 correctly.
|     We can't simply define LARGE_OFF_T to be 9223372036854775807,
|     since some C++ compilers masquerading as C compilers
|     incorrectly reject 9223372036854775807.  */
| #define LARGE_OFF_T (((off_t) 1 << 62) - 1 + ((off_t) 1 << 62))
|   int off_t_is_large[(LARGE_OFF_T % 2147483629 == 721
| 		       && LARGE_OFF_T % 2147483647 == 1)
| 		      ? 1 : -1];
| int
| main ()
| {
| 
|   ;
|   return 0;
| }
configure:5004: arm-buildroot-linux-gnueabi-gcc -c  -ffunction-sections -fdata-sections  -I/home/ubuntu/tp-link/GPL_X5700_1/iplatform/staging_dir/target-arm-openwrt-linux-uclibc-/usr/include -I/home/ubuntu/tp-link/GPL_X5700_1/iplatform/staging_dir/target-arm-openwrt-linux-uclibc-/include -I/home/ubuntu/tp-link/GPL_X5700_1/iplatform/../bcm675x/toolchain/opt/toolchains/crosstools-arm-gcc-5.5-linux-4.1-glibc-2.26-binutils-2.28.1/usr/include  conftest.c >&5
configure:5010: $? = 0
configure:5028: result: 64
configure:5163: checking for _LARGEFILE_SOURCE value needed for large files
configure:5190: arm-buildroot-linux-gnueabi-gcc -o conftest  -ffunction-sections -fdata-sections  -I/home/ubuntu/tp-link/GPL_X5700_1/iplatform/staging_dir/target-arm-openwrt-linux-uclibc-/usr/include -I/home/ubuntu/tp-link/GPL_X5700_1/iplatform/staging_dir/target-arm-openwrt-linux-uclibc-/include -I/home/ubuntu/tp-link/GPL_X5700_1/iplatform/../bcm675x/toolchain/opt/toolchains/crosstools-arm-gcc-5.5-linux-4.1-glibc-2.26-binutils-2.28.1/usr/include  -L/home/ubuntu/tp-link/GPL_X5700_1/iplatform/staging_dir/target-arm-openwrt-linux-uclibc-/usr/lib -L/home/ubuntu/tp-link/GPL_X5700_1/iplatform/staging_dir/target-arm-openwrt-linux-uclibc-/lib -Wl,-rpath-link,/home/ubuntu/tp-link/GPL_X5700_1/iplatform/staging_dir/target-arm-openwrt-linux-uclibc-/usr/lib -L/home/ubuntu/tp-link/GPL_X5700_1/iplatform/../bcm675x/toolchain/opt/toolchains/crosstools-arm-gcc-5.5-linux-4.1-glibc-2.26-binutils-2.28.1/usr/lib -L/home/ubuntu/tp-link/GPL_X5700_1/iplatform/../bcm675x/toolchain/opt/toolchains/crosstools-arm-gcc-5.5-linux-4.1-glibc-2.26-binutils-2.28.1/lib  conftest.c  >&5
configure:5196: $? = 0
configure:5260: result: no
configure:5302: checking sys/ioccom.h usability
configure:5319: arm-buildroot-linux-gnueabi-gcc -c  -ffunction-sections -fdata-sections  -I/home/ubuntu/tp-link/GPL_X5700_1/iplatform/staging_dir/target-arm-openwrt-linux-uclibc-/usr/include -I/home/ubuntu/tp-link/GPL_X5700_1/iplatform/staging_dir/target-arm-openwrt-linux-uclibc-/include -I/home/ubuntu/tp-link/GPL_X5700_1/iplatform/../bcm675x/toolchain/opt/toolchains/crosstools-arm-gcc-5.5-linux-4.1-glibc-2.26-binutils-2.28.1/usr/include  conftest.c >&5
conftest.c:56:24: fatal error: sys/ioccom.h: No such file or directory
compilation terminated.
configure:5325: $? = 1
configure: failed program was:
| /* confdefs.h.  */
| #define PACKAGE_NAME ""
| #define PACKAGE_TARNAME ""
| #define PACKAGE_VERSION ""
| #define PACKAGE_STRING ""
| #define PACKAGE_BUGREPORT ""
| #define inline inline
| #define HAVE___ATTRIBUTE__ 1
| #define STDC_HEADERS 1
| #define HAVE_SYS_TYPES_H 1
| #define HAVE_SYS_STAT_H 1
| #define HAVE_STDLIB_H 1
| #define HAVE_STRING_H 1
| #define HAVE_MEMORY_H 1
| #define HAVE_STRINGS_H 1
| #define HAVE_INTTYPES_H 1
| #define HAVE_STDINT_H 1
| #define HAVE_UNISTD_H 1
| #define HAVE_SYS_BITYPES_H 1
| #define _FILE_OFFSET_BITS 64
| #define HAVE_FSEEKO 1
| /* end confdefs.h.  */
| #include <stdio.h>
| #ifdef HAVE_SYS_TYPES_H
| # include <sys/types.h>
| #endif
| #ifdef HAVE_SYS_STAT_H
| # include <sys/stat.h>
| #endif
| #ifdef STDC_HEADERS
| # include <stdlib.h>
| # include <stddef.h>
| #else
| # ifdef HAVE_STDLIB_H
| #  include <stdlib.h>
| # endif
| #endif
| #ifdef HAVE_STRING_H
| # if !defined STDC_HEADERS && defined HAVE_MEMORY_H
| #  include <memory.h>
| # endif
| # include <string.h>
| #endif
| #ifdef HAVE_STRINGS_H
| # include <strings.h>
| #endif
| #ifdef HAVE_INTTYPES_H
| # include <inttypes.h>
| #endif
| #ifdef HAVE_STDINT_H
| # include <stdint.h>
| #endif
| #ifdef HAVE_UNISTD_H
| # include <unistd.h>
| #endif
| #include <sys/ioccom.h>
configure:5339: result: no
configure:5343: checking sys/ioccom.h presence
configure:5358: arm-buildroot-linux-gnueabi-gcc -E -I/home/ubuntu/tp-link/GPL_X5700_1/iplatform/staging_dir/target-arm-openwrt-linux-uclibc-/usr/include -I/home/ubuntu/tp-link/GPL_X5700_1/iplatform/staging_dir/target-arm-openwrt-linux-uclibc-/include -I/home/ubuntu/tp-link/GPL_X5700_1/iplatform/../bcm675x/toolchain/opt/toolchains/crosstools-arm-gcc-5.5-linux-4.1-glibc-2.26-binutils-2.28.1/usr/include  conftest.c
conftest.c:23:24: fatal error: sys/ioccom.h: No such file or directory
compilation terminated.
configure:5364: $? = 1
configure: failed program was:
| /* confdefs.h.  */
| #define PACKAGE_NAME ""
| #define PACKAGE_TARNAME ""
| #define PACKAGE_VERSION ""
| #define PACKAGE_STRING ""
| #define PACKAGE_BUGREPORT ""
| #define inline inline
| #define HAVE___ATTRIBUTE__ 1
| #define STDC_HEADERS 1
| #define HAVE_SYS_TYPES_H 1
| #define HAVE_SYS_STAT_H 1
| #define HAVE_STDLIB_H 1
| #define HAVE_STRING_H 1
| #define HAVE_MEMORY_H 1
| #define HAVE_STRINGS_H 1
| #define HAVE_INTTYPES_H 1
| #define HAVE_STDINT_H 1
| #define HAVE_UNISTD_H 1
| #define HAVE_SYS_BITYPES_H 1
| #define _FILE_OFFSET_BITS 64
| #define HAVE_FSEEKO 1
| /* end confdefs.h.  */
| #include <sys/ioccom.h>
configure:5378: result: no
configure:5406: checking for sys/ioccom.h
configure:5414: result: no
configure:5302: checking sys/sockio.h usability
configure:5319: arm-buildroot-linux-gnueabi-gcc -c  -ffunction-sections -fdata-sections  -I/home/ubuntu/tp-link/GPL_X5700_1/iplatform/staging_dir/target-arm-openwrt-linux-uclibc-/usr/include -I/home/ubuntu/tp-link/GPL_X5700_1/iplatform/staging_dir/target-arm-openwrt-linux-uclibc-/include -I/home/ubuntu/tp-link/GPL_X5700_1/iplatform/../bcm675x/toolchain/opt/toolchains/crosstools-arm-gcc-5.5-linux-4.1-glibc-2.26-binutils-2.28.1/usr/include  conftest.c >&5
conftest.c:56:24: fatal error: sys/sockio.h: No such file or directory
compilation terminated.
configure:5325: $? = 1
configure: failed program was:
| /* confdefs.h.  */
| #define PACKAGE_NAME ""
| #define PACKAGE_TARNAME ""
| #define PACKAGE_VERSION ""
| #define PACKAGE_STRING ""
| #define PACKAGE_BUGREPORT ""
| #define inline inline
| #define HAVE___ATTRIBUTE__ 1
| #define STDC_HEADERS 1
| #define HAVE_SYS_TYPES_H 1
| #define HAVE_SYS_STAT_H 1
| #define HAVE_STDLIB_H 1
| #define HAVE_STRING_H 1
| #define HAVE_MEMORY_H 1
| #define HAVE_STRINGS_H 1
| #define HAVE_INTTYPES_H 1
| #define HAVE_STDINT_H 1
| #define HAVE_UNISTD_H 1
| #define HAVE_SYS_BITYPES_H 1
| #define _FILE_OFFSET_BITS 64
| #define HAVE_FSEEKO 1
| /* end confdefs.h.  */
| #include <stdio.h>
| #ifdef HAVE_SYS_TYPES_H
| # include <sys/types.h>
| #endif
| #ifdef HAVE_SYS_STAT_H
| # include <sys/stat.h>
| #endif
| #ifdef STDC_HEADERS
| # include <stdlib.h>
| # include <stddef.h>
| #else
| # ifdef HAVE_STDLIB_H
| #  include <stdlib.h>
| # endif
| #endif
| #ifdef HAVE_STRING_H
| # if !defined STDC_HEADERS && defined HAVE_MEMORY_H
| #  include <memory.h>
| # endif
| # include <string.h>
| #endif
| #ifdef HAVE_STRINGS_H
| # include <strings.h>
| #endif
| #ifdef HAVE_INTTYPES_H
| # include <inttypes.h>
| #endif
| #ifdef HAVE_STDINT_H
| # include <stdint.h>
| #endif
| #ifdef HAVE_UNISTD_H
| # include <unistd.h>
| #endif
| #include <sys/sockio.h>
configure:5339: result: no
configure:5343: checking sys/sockio.h presence
configure:5358: arm-buildroot-linux-gnueabi-gcc -E -I/home/ubuntu/tp-link/GPL_X5700_1/iplatform/staging_dir/target-arm-openwrt-linux-uclibc-/usr/include -I/home/ubuntu/tp-link/GPL_X5700_1/iplatform/staging_dir/target-arm-openwrt-linux-uclibc-/include -I/home/ubuntu/tp-link/GPL_X5700_1/iplatform/../bcm675x/toolchain/opt/toolchains/crosstools-arm-gcc-5.5-linux-4.1-glibc-2.26-binutils-2.28.1/usr/include  conftest.c
conftest.c:23:24: fatal error: sys/sockio.h: No such file or directory
compilation terminated.
configure:5364: $? = 1
configure: failed program was:
| /* confdefs.h.  */
| #define PACKAGE_NAME ""
| #define PACKAGE_TARNAME ""
| #define PACKAGE_VERSION ""
| #define PACKAGE_STRING ""
| #define PACKAGE_BUGREPORT ""
| #define inline inline
| #define HAVE___ATTRIBUTE__ 1
| #define STDC_HEADERS 1
| #define HAVE_SYS_TYPES_H 1
| #define HAVE_SYS_STAT_H 1
| #define HAVE_STDLIB_H 1
| #define HAVE_STRING_H 1
| #define HAVE_MEMORY_H 1
| #define HAVE_STRINGS_H 1
| #define HAVE_INTTYPES_H 1
| #define HAVE_STDINT_H 1
| #define HAVE_UNISTD_H 1
| #define HAVE_SYS_BITYPES_H 1
| #define _FILE_OFFSET_BITS 64
| #define HAVE_FSEEKO 1
| /* end confdefs.h.  */
| #include <sys/sockio.h>
configure:5378: result: no
configure:5406: checking for sys/sockio.h
configure:5414: result: no
configure:5302: checking limits.h usability
configure:5319: arm-buildroot-linux-gnueabi-gcc -c  -ffunction-sections -fdata-sections  -I/home/ubuntu/tp-link/GPL_X5700_1/iplatform/staging_dir/target-arm-openwrt-linux-uclibc-/usr/include -I/home/ubuntu/tp-link/GPL_X5700_1/iplatform/staging_dir/target-arm-openwrt-linux-uclibc-/include -I/home/ubuntu/tp-link/GPL_X5700_1/iplatform/../bcm675x/toolchain/opt/toolchains/crosstools-arm-gcc-5.5-linux-4.1-glibc-2.26-binutils-2.28.1/usr/include  conftest.c >&5
configure:5325: $? = 0
configure:5339: result: yes
configure:5343: checking limits.h presence
configure:5358: arm-buildroot-linux-gnueabi-gcc -E -I/home/ubuntu/tp-link/GPL_X5700_1/iplatform/staging_dir/target-arm-openwrt-linux-uclibc-/usr/include -I/home/ubuntu/tp-link/GPL_X5700_1/iplatform/staging_dir/target-arm-openwrt-linux-uclibc-/include -I/home/ubuntu/tp-link/GPL_X5700_1/iplatform/../bcm675x/toolchain/opt/toolchains/crosstools-arm-gcc-5.5-linux-4.1-glibc-2.26-binutils-2.28.1/usr/include  conftest.c
configure:5364: $? = 0
configure:5378: result: yes
configure:5406: checking for limits.h
configure:5414: result: yes
configure:5302: checking paths.h usability
configure:5319: arm-buildroot-linux-gnueabi-gcc -c  -ffunction-sections -fdata-sections  -I/home/ubuntu/tp-link/GPL_X5700_1/iplatform/staging_dir/target-arm-openwrt-linux-uclibc-/usr/include -I/home/ubuntu/tp-link/GPL_X5700_1/iplatform/staging_dir/target-arm-openwrt-linux-uclibc-/include -I/home/ubuntu/tp-link/GPL_X5700_1/iplatform/../bcm675x/toolchain/opt/toolchains/crosstools-arm-gcc-5.5-linux-4.1-glibc-2.26-binutils-2.28.1/usr/include  conftest.c >&5
configure:5325: $? = 0
configure:5339: result: yes
configure:5343: checking paths.h presence
configure:5358: arm-buildroot-linux-gnueabi-gcc -E -I/home/ubuntu/tp-link/GPL_X5700_1/iplatform/staging_dir/target-arm-openwrt-linux-uclibc-/usr/include -I/home/ubuntu/tp-link/GPL_X5700_1/iplatform/staging_dir/target-arm-openwrt-linux-uclibc-/include -I/home/ubuntu/tp-link/GPL_X5700_1/iplatform/../bcm675x/toolchain/opt/toolchains/crosstools-arm-gcc-5.5-linux-4.1-glibc-2.26-binutils-2.28.1/usr/include  conftest.c
configure:5364: $? = 0
configure:5378: result: yes
configure:5406: checking for paths.h
configure:5414: result: yes
configure:5431: checking for net/pfvar.h
configure:5454: arm-buildroot-linux-gnueabi-gcc -c  -ffunction-sections -fdata-sections  -I/home/ubuntu/tp-link/GPL_X5700_1/iplatform/staging_dir/target-arm-openwrt-linux-uclibc-/usr/include -I/home/ubuntu/tp-link/GPL_X5700_1/iplatform/staging_dir/target-arm-openwrt-linux-uclibc-/include -I/home/ubuntu/tp-link/GPL_X5700_1/iplatform/../bcm675x/toolchain/opt/toolchains/crosstools-arm-gcc-5.5-linux-4.1-glibc-2.26-binutils-2.28.1/usr/include  conftest.c >&5
conftest.c:29:23: fatal error: net/pfvar.h: No such file or directory
compilation terminated.
configure:5460: $? = 1
configure: failed program was:
| /* confdefs.h.  */
| #define PACKAGE_NAME ""
| #define PACKAGE_TARNAME ""
| #define PACKAGE_VERSION ""
| #define PACKAGE_STRING ""
| #define PACKAGE_BUGREPORT ""
| #define inline inline
| #define HAVE___ATTRIBUTE__ 1
| #define STDC_HEADERS 1
| #define HAVE_SYS_TYPES_H 1
| #define HAVE_SYS_STAT_H 1
| #define HAVE_STDLIB_H 1
| #define HAVE_STRING_H 1
| #define HAVE_MEMORY_H 1
| #define HAVE_STRINGS_H 1
| #define HAVE_INTTYPES_H 1
| #define HAVE_STDINT_H 1
| #define HAVE_UNISTD_H 1
| #define HAVE_SYS_BITYPES_H 1
| #define _FILE_OFFSET_BITS 64
| #define HAVE_FSEEKO 1
| #define HAVE_LIMITS_H 1
| #define HAVE_PATHS_H 1
| /* end confdefs.h.  */
| #include <sys/types.h>
| #include <sys/socket.h>
| #include <net/if.h>
| 
| #include <net/pfvar.h>
configure:5476: result: no
configure:5551: checking for netinet/if_ether.h
configure:5573: arm-buildroot-linux-gnueabi-gcc -c  -ffunction-sections -fdata-sections  -I/home/ubuntu/tp-link/GPL_X5700_1/iplatform/staging_dir/target-arm-openwrt-linux-uclibc-/usr/include -I/home/ubuntu/tp-link/GPL_X5700_1/iplatform/staging_dir/target-arm-openwrt-linux-uclibc-/include -I/home/ubuntu/tp-link/GPL_X5700_1/iplatform/../bcm675x/toolchain/opt/toolchains/crosstools-arm-gcc-5.5-linux-4.1-glibc-2.26-binutils-2.28.1/usr/include  conftest.c >&5
configure:5579: $? = 0
configure:5595: result: yes
configure:5683: checking for ANSI ioctl definitions
configure:5721: arm-buildroot-linux-gnueabi-gcc -c  -ffunction-sections -fdata-sections  -I/home/ubuntu/tp-link/GPL_X5700_1/iplatform/staging_dir/target-arm-openwrt-linux-uclibc-/usr/include -I/home/ubuntu/tp-link/GPL_X5700_1/iplatform/staging_dir/target-arm-openwrt-linux-uclibc-/include -I/home/ubuntu/tp-link/GPL_X5700_1/iplatform/../bcm675x/toolchain/opt/toolchains/crosstools-arm-gcc-5.5-linux-4.1-glibc-2.26-binutils-2.28.1/usr/include  conftest.c >&5
configure:5727: $? = 0
configure:5743: result: yes
configure:5759: checking for strerror
configure:5839: result: yes
configure:5759: checking for strlcpy
configure:5815: arm-buildroot-linux-gnueabi-gcc -o conftest  -ffunction-sections -fdata-sections  -I/home/ubuntu/tp-link/GPL_X5700_1/iplatform/staging_dir/target-arm-openwrt-linux-uclibc-/usr/include -I/home/ubuntu/tp-link/GPL_X5700_1/iplatform/staging_dir/target-arm-openwrt-linux-uclibc-/include -I/home/ubuntu/tp-link/GPL_X5700_1/iplatform/../bcm675x/toolchain/opt/toolchains/crosstools-arm-gcc-5.5-linux-4.1-glibc-2.26-binutils-2.28.1/usr/include  -L/home/ubuntu/tp-link/GPL_X5700_1/iplatform/staging_dir/target-arm-openwrt-linux-uclibc-/usr/lib -L/home/ubuntu/tp-link/GPL_X5700_1/iplatform/staging_dir/target-arm-openwrt-linux-uclibc-/lib -Wl,-rpath-link,/home/ubuntu/tp-link/GPL_X5700_1/iplatform/staging_dir/target-arm-openwrt-linux-uclibc-/usr/lib -L/home/ubuntu/tp-link/GPL_X5700_1/iplatform/../bcm675x/toolchain/opt/toolchains/crosstools-arm-gcc-5.5-linux-4.1-glibc-2.26-binutils-2.28.1/usr/lib -L/home/ubuntu/tp-link/GPL_X5700_1/iplatform/../bcm675x/toolchain/opt/toolchains/crosstools-arm-gcc-5.5-linux-4.1-glibc-2.26-binutils-2.28.1/lib  conftest.c  >&5
/tmp/ccAKlKrM.o: In function `main':
conftest.c:(.text.startup.main+0x4): undefined reference to `strlcpy'
collect2: error: ld returned 1 exit status
configure:5821: $? = 1
configure: failed program was:
| /* confdefs.h.  */
| #define PACKAGE_NAME ""
| #define PACKAGE_TARNAME ""
| #define PACKAGE_VERSION ""
| #define PACKAGE_STRING ""
| #define PACKAGE_BUGREPORT ""
| #define inline inline
| #define HAVE___ATTRIBUTE__ 1
| #define STDC_HEADERS 1
| #define HAVE_SYS_TYPES_H 1
| #define HAVE_SYS_STAT_H 1
| #define HAVE_STDLIB_H 1
| #define HAVE_STRING_H 1
| #define HAVE_MEMORY_H 1
| #define HAVE_STRINGS_H 1
| #define HAVE_INTTYPES_H 1
| #define HAVE_STDINT_H 1
| #define HAVE_UNISTD_H 1
| #define HAVE_SYS_BITYPES_H 1
| #define _FILE_OFFSET_BITS 64
| #define HAVE_FSEEKO 1
| #define HAVE_LIMITS_H 1
| #define HAVE_PATHS_H 1
| #define HAVE_NETINET_IF_ETHER_H 1
| #define HAVE_STRERROR 1
| /* end confdefs.h.  */
| /* Define strlcpy to an innocuous variant, in case <limits.h> declares strlcpy.
|    For example, HP-UX 11i <limits.h> declares gettimeofday.  */
| #define strlcpy innocuous_strlcpy
| 
| /* System header to define __stub macros and hopefully few prototypes,
|     which can conflict with char strlcpy (); below.
|     Prefer <limits.h> to <assert.h> if __STDC__ is defined, since
|     <limits.h> exists even on freestanding compilers.  */
| 
| #ifdef __STDC__
| # include <limits.h>
| #else
| # include <assert.h>
| #endif
| 
| #undef strlcpy
| 
| /* Override any GCC internal prototype to avoid an error.
|    Use char because int might match the return type of a GCC
|    builtin and then its argument prototype would still apply.  */
| #ifdef __cplusplus
| extern "C"
| #endif
| char strlcpy ();
| /* The GNU C library defines this for functions which it implements
|     to always fail with ENOSYS.  Some functions are actually named
|     something starting with __ and the normal name is an alias.  */
| #if defined __stub_strlcpy || defined __stub___strlcpy
| choke me
| #endif
| 
| int
| main ()
| {
| return strlcpy ();
|   ;
|   return 0;
| }
configure:5839: result: no
configure:5856: checking for vsnprintf
configure:5936: result: yes
configure:5856: checking for snprintf
configure:5912: arm-buildroot-linux-gnueabi-gcc -o conftest  -ffunction-sections -fdata-sections  -I/home/ubuntu/tp-link/GPL_X5700_1/iplatform/staging_dir/target-arm-openwrt-linux-uclibc-/usr/include -I/home/ubuntu/tp-link/GPL_X5700_1/iplatform/staging_dir/target-arm-openwrt-linux-uclibc-/include -I/home/ubuntu/tp-link/GPL_X5700_1/iplatform/../bcm675x/toolchain/opt/toolchains/crosstools-arm-gcc-5.5-linux-4.1-glibc-2.26-binutils-2.28.1/usr/include  -L/home/ubuntu/tp-link/GPL_X5700_1/iplatform/staging_dir/target-arm-openwrt-linux-uclibc-/usr/lib -L/home/ubuntu/tp-link/GPL_X5700_1/iplatform/staging_dir/target-arm-openwrt-linux-uclibc-/lib -Wl,-rpath-link,/home/ubuntu/tp-link/GPL_X5700_1/iplatform/staging_dir/target-arm-openwrt-linux-uclibc-/usr/lib -L/home/ubuntu/tp-link/GPL_X5700_1/iplatform/../bcm675x/toolchain/opt/toolchains/crosstools-arm-gcc-5.5-linux-4.1-glibc-2.26-binutils-2.28.1/usr/lib -L/home/ubuntu/tp-link/GPL_X5700_1/iplatform/../bcm675x/toolchain/opt/toolchains/crosstools-arm-gcc-5.5-linux-4.1-glibc-2.26-binutils-2.28.1/lib  conftest.c  >&5
conftest.c:51:6: warning: conflicting types for built-in function 'snprintf'
 char snprintf ();
      ^
configure:5918: $? = 0
configure:5936: result: yes
configure:5966: checking for library containing gethostbyname
configure:6007: arm-buildroot-linux-gnueabi-gcc -o conftest  -ffunction-sections -fdata-sections  -I/home/ubuntu/tp-link/GPL_X5700_1/iplatform/staging_dir/target-arm-openwrt-linux-uclibc-/usr/include -I/home/ubuntu/tp-link/GPL_X5700_1/iplatform/staging_dir/target-arm-openwrt-linux-uclibc-/include -I/home/ubuntu/tp-link/GPL_X5700_1/iplatform/../bcm675x/toolchain/opt/toolchains/crosstools-arm-gcc-5.5-linux-4.1-glibc-2.26-binutils-2.28.1/usr/include  -L/home/ubuntu/tp-link/GPL_X5700_1/iplatform/staging_dir/target-arm-openwrt-linux-uclibc-/usr/lib -L/home/ubuntu/tp-link/GPL_X5700_1/iplatform/staging_dir/target-arm-openwrt-linux-uclibc-/lib -Wl,-rpath-link,/home/ubuntu/tp-link/GPL_X5700_1/iplatform/staging_dir/target-arm-openwrt-linux-uclibc-/usr/lib -L/home/ubuntu/tp-link/GPL_X5700_1/iplatform/../bcm675x/toolchain/opt/toolchains/crosstools-arm-gcc-5.5-linux-4.1-glibc-2.26-binutils-2.28.1/usr/lib -L/home/ubuntu/tp-link/GPL_X5700_1/iplatform/../bcm675x/toolchain/opt/toolchains/crosstools-arm-gcc-5.5-linux-4.1-glibc-2.26-binutils-2.28.1/lib  conftest.c  >&5
configure:6013: $? = 0
configure:6041: result: none required
configure:6119: checking for library containing socket
configure:6160: arm-buildroot-linux-gnueabi-gcc -o conftest  -ffunction-sections -fdata-sections  -I/home/ubuntu/tp-link/GPL_X5700_1/iplatform/staging_dir/target-arm-openwrt-linux-uclibc-/usr/include -I/home/ubuntu/tp-link/GPL_X5700_1/iplatform/staging_dir/target-arm-openwrt-linux-uclibc-/include -I/home/ubuntu/tp-link/GPL_X5700_1/iplatform/../bcm675x/toolchain/opt/toolchains/crosstools-arm-gcc-5.5-linux-4.1-glibc-2.26-binutils-2.28.1/usr/include  -L/home/ubuntu/tp-link/GPL_X5700_1/iplatform/staging_dir/target-arm-openwrt-linux-uclibc-/usr/lib -L/home/ubuntu/tp-link/GPL_X5700_1/iplatform/staging_dir/target-arm-openwrt-linux-uclibc-/lib -Wl,-rpath-link,/home/ubuntu/tp-link/GPL_X5700_1/iplatform/staging_dir/target-arm-openwrt-linux-uclibc-/usr/lib -L/home/ubuntu/tp-link/GPL_X5700_1/iplatform/../bcm675x/toolchain/opt/toolchains/crosstools-arm-gcc-5.5-linux-4.1-glibc-2.26-binutils-2.28.1/usr/lib -L/home/ubuntu/tp-link/GPL_X5700_1/iplatform/../bcm675x/toolchain/opt/toolchains/crosstools-arm-gcc-5.5-linux-4.1-glibc-2.26-binutils-2.28.1/lib  conftest.c  >&5
configure:6166: $? = 0
configure:6194: result: none required
configure:6269: checking for library containing putmsg
configure:6310: arm-buildroot-linux-gnueabi-gcc -o conftest  -ffunction-sections -fdata-sections  -I/home/ubuntu/tp-link/GPL_X5700_1/iplatform/staging_dir/target-arm-openwrt-linux-uclibc-/usr/include -I/home/ubuntu/tp-link/GPL_X5700_1/iplatform/staging_dir/target-arm-openwrt-linux-uclibc-/include -I/home/ubuntu/tp-link/GPL_X5700_1/iplatform/../bcm675x/toolchain/opt/toolchains/crosstools-arm-gcc-5.5-linux-4.1-glibc-2.26-binutils-2.28.1/usr/include  -L/home/ubuntu/tp-link/GPL_X5700_1/iplatform/staging_dir/target-arm-openwrt-linux-uclibc-/usr/lib -L/home/ubuntu/tp-link/GPL_X5700_1/iplatform/staging_dir/target-arm-openwrt-linux-uclibc-/lib -Wl,-rpath-link,/home/ubuntu/tp-link/GPL_X5700_1/iplatform/staging_dir/target-arm-openwrt-linux-uclibc-/usr/lib -L/home/ubuntu/tp-link/GPL_X5700_1/iplatform/../bcm675x/toolchain/opt/toolchains/crosstools-arm-gcc-5.5-linux-4.1-glibc-2.26-binutils-2.28.1/usr/lib -L/home/ubuntu/tp-link/GPL_X5700_1/iplatform/../bcm675x/toolchain/opt/toolchains/crosstools-arm-gcc-5.5-linux-4.1-glibc-2.26-binutils-2.28.1/lib  conftest.c  >&5
/tmp/ccXqgjQW.o: In function `main':
conftest.c:(.text.startup.main+0x4): warning: putmsg is not implemented and will always fail
configure:6316: $? = 0
configure:6344: result: none required
configure:6369: checking for ether_hostton
configure:6425: arm-buildroot-linux-gnueabi-gcc -o conftest  -ffunction-sections -fdata-sections  -I/home/ubuntu/tp-link/GPL_X5700_1/iplatform/staging_dir/target-arm-openwrt-linux-uclibc-/usr/include -I/home/ubuntu/tp-link/GPL_X5700_1/iplatform/staging_dir/target-arm-openwrt-linux-uclibc-/include -I/home/ubuntu/tp-link/GPL_X5700_1/iplatform/../bcm675x/toolchain/opt/toolchains/crosstools-arm-gcc-5.5-linux-4.1-glibc-2.26-binutils-2.28.1/usr/include  -L/home/ubuntu/tp-link/GPL_X5700_1/iplatform/staging_dir/target-arm-openwrt-linux-uclibc-/usr/lib -L/home/ubuntu/tp-link/GPL_X5700_1/iplatform/staging_dir/target-arm-openwrt-linux-uclibc-/lib -Wl,-rpath-link,/home/ubuntu/tp-link/GPL_X5700_1/iplatform/staging_dir/target-arm-openwrt-linux-uclibc-/usr/lib -L/home/ubuntu/tp-link/GPL_X5700_1/iplatform/../bcm675x/toolchain/opt/toolchains/crosstools-arm-gcc-5.5-linux-4.1-glibc-2.26-binutils-2.28.1/usr/lib -L/home/ubuntu/tp-link/GPL_X5700_1/iplatform/../bcm675x/toolchain/opt/toolchains/crosstools-arm-gcc-5.5-linux-4.1-glibc-2.26-binutils-2.28.1/lib  conftest.c  >&5
configure:6431: $? = 0
configure:6449: result: yes
configure:6467: checking whether ether_hostton is declared
configure:6506: arm-buildroot-linux-gnueabi-gcc -c  -ffunction-sections -fdata-sections  -I/home/ubuntu/tp-link/GPL_X5700_1/iplatform/staging_dir/target-arm-openwrt-linux-uclibc-/usr/include -I/home/ubuntu/tp-link/GPL_X5700_1/iplatform/staging_dir/target-arm-openwrt-linux-uclibc-/include -I/home/ubuntu/tp-link/GPL_X5700_1/iplatform/../bcm675x/toolchain/opt/toolchains/crosstools-arm-gcc-5.5-linux-4.1-glibc-2.26-binutils-2.28.1/usr/include  conftest.c >&5
conftest.c: In function 'main':
conftest.c:45:10: error: 'ether_hostton' undeclared (first use in this function)
   (void) ether_hostton;
          ^
conftest.c:45:10: note: each undeclared identifier is reported only once for each function it appears in
configure:6512: $? = 1
configure: failed program was:
| /* confdefs.h.  */
| #define PACKAGE_NAME ""
| #define PACKAGE_TARNAME ""
| #define PACKAGE_VERSION ""
| #define PACKAGE_STRING ""
| #define PACKAGE_BUGREPORT ""
| #define inline inline
| #define HAVE___ATTRIBUTE__ 1
| #define STDC_HEADERS 1
| #define HAVE_SYS_TYPES_H 1
| #define HAVE_SYS_STAT_H 1
| #define HAVE_STDLIB_H 1
| #define HAVE_STRING_H 1
| #define HAVE_MEMORY_H 1
| #define HAVE_STRINGS_H 1
| #define HAVE_INTTYPES_H 1
| #define HAVE_STDINT_H 1
| #define HAVE_UNISTD_H 1
| #define HAVE_SYS_BITYPES_H 1
| #define _FILE_OFFSET_BITS 64
| #define HAVE_FSEEKO 1
| #define HAVE_LIMITS_H 1
| #define HAVE_PATHS_H 1
| #define HAVE_NETINET_IF_ETHER_H 1
| #define HAVE_STRERROR 1
| #define HAVE_VSNPRINTF 1
| #define HAVE_SNPRINTF 1
| #define HAVE_ETHER_HOSTTON 1
| /* end confdefs.h.  */
| 
| #include <sys/types.h>
| #include <sys/socket.h>
| #include <netinet/in.h>
| #include <arpa/inet.h>
| struct mbuf;
| struct rtentry;
| #include <net/if.h>
| #include <netinet/if_ether.h>
| 
| 
| int
| main ()
| {
| #ifndef ether_hostton
|   (void) ether_hostton;
| #endif
| 
|   ;
|   return 0;
| }
configure:6527: result: no
configure:6562: checking netinet/ether.h usability
configure:6579: arm-buildroot-linux-gnueabi-gcc -c  -ffunction-sections -fdata-sections  -I/home/ubuntu/tp-link/GPL_X5700_1/iplatform/staging_dir/target-arm-openwrt-linux-uclibc-/usr/include -I/home/ubuntu/tp-link/GPL_X5700_1/iplatform/staging_dir/target-arm-openwrt-linux-uclibc-/include -I/home/ubuntu/tp-link/GPL_X5700_1/iplatform/../bcm675x/toolchain/opt/toolchains/crosstools-arm-gcc-5.5-linux-4.1-glibc-2.26-binutils-2.28.1/usr/include  conftest.c >&5
configure:6585: $? = 0
configure:6599: result: yes
configure:6603: checking netinet/ether.h presence
configure:6618: arm-buildroot-linux-gnueabi-gcc -E -I/home/ubuntu/tp-link/GPL_X5700_1/iplatform/staging_dir/target-arm-openwrt-linux-uclibc-/usr/include -I/home/ubuntu/tp-link/GPL_X5700_1/iplatform/staging_dir/target-arm-openwrt-linux-uclibc-/include -I/home/ubuntu/tp-link/GPL_X5700_1/iplatform/../bcm675x/toolchain/opt/toolchains/crosstools-arm-gcc-5.5-linux-4.1-glibc-2.26-binutils-2.28.1/usr/include  conftest.c
configure:6624: $? = 0
configure:6638: result: yes
configure:6666: checking for netinet/ether.h
configure:6674: result: yes
configure:6695: checking whether ether_hostton is declared
configure:6727: arm-buildroot-linux-gnueabi-gcc -c  -ffunction-sections -fdata-sections  -I/home/ubuntu/tp-link/GPL_X5700_1/iplatform/staging_dir/target-arm-openwrt-linux-uclibc-/usr/include -I/home/ubuntu/tp-link/GPL_X5700_1/iplatform/staging_dir/target-arm-openwrt-linux-uclibc-/include -I/home/ubuntu/tp-link/GPL_X5700_1/iplatform/../bcm675x/toolchain/opt/toolchains/crosstools-arm-gcc-5.5-linux-4.1-glibc-2.26-binutils-2.28.1/usr/include  conftest.c >&5
configure:6733: $? = 0
configure:6748: result: yes
configure:6856: checking if --disable-protochain option is specified
configure:6876: result: enabled
configure:6912: checking packet capture type
configure:6958: result: linux
configure:7217: checking Linux kernel version
configure:7235: result: 2
configure:7255: checking for linux/wireless.h
configure:7280: arm-buildroot-linux-gnueabi-gcc -c  -ffunction-sections -fdata-sections  -I/home/ubuntu/tp-link/GPL_X5700_1/iplatform/staging_dir/target-arm-openwrt-linux-uclibc-/usr/include -I/home/ubuntu/tp-link/GPL_X5700_1/iplatform/staging_dir/target-arm-openwrt-linux-uclibc-/include -I/home/ubuntu/tp-link/GPL_X5700_1/iplatform/../bcm675x/toolchain/opt/toolchains/crosstools-arm-gcc-5.5-linux-4.1-glibc-2.26-binutils-2.28.1/usr/include  conftest.c >&5
configure:7286: $? = 0
configure:7302: result: yes
configure:7404: checking if if_packet.h has tpacket_stats defined
configure:7431: arm-buildroot-linux-gnueabi-gcc -c  -ffunction-sections -fdata-sections  -I/home/ubuntu/tp-link/GPL_X5700_1/iplatform/staging_dir/target-arm-openwrt-linux-uclibc-/usr/include -I/home/ubuntu/tp-link/GPL_X5700_1/iplatform/staging_dir/target-arm-openwrt-linux-uclibc-/include -I/home/ubuntu/tp-link/GPL_X5700_1/iplatform/../bcm675x/toolchain/opt/toolchains/crosstools-arm-gcc-5.5-linux-4.1-glibc-2.26-binutils-2.28.1/usr/include  conftest.c >&5
configure:7437: $? = 0
configure:7453: result: yes
configure:7462: checking if tpacket_auxdata struct has tp_vlan_tci member
configure:7489: arm-buildroot-linux-gnueabi-gcc -c  -ffunction-sections -fdata-sections  -I/home/ubuntu/tp-link/GPL_X5700_1/iplatform/staging_dir/target-arm-openwrt-linux-uclibc-/usr/include -I/home/ubuntu/tp-link/GPL_X5700_1/iplatform/staging_dir/target-arm-openwrt-linux-uclibc-/include -I/home/ubuntu/tp-link/GPL_X5700_1/iplatform/../bcm675x/toolchain/opt/toolchains/crosstools-arm-gcc-5.5-linux-4.1-glibc-2.26-binutils-2.28.1/usr/include  conftest.c >&5
conftest.c: In function 'main':
conftest.c:40:1: error: unknown type name 'u_int'
 u_int i = sizeof(((struct tpacket_auxdata *)0)->tp_vlan_tci)
 ^
configure:7495: $? = 1
configure: failed program was:
| /* confdefs.h.  */
| #define PACKAGE_NAME ""
| #define PACKAGE_TARNAME ""
| #define PACKAGE_VERSION ""
| #define PACKAGE_STRING ""
| #define PACKAGE_BUGREPORT ""
| #define inline inline
| #define HAVE___ATTRIBUTE__ 1
| #define STDC_HEADERS 1
| #define HAVE_SYS_TYPES_H 1
| #define HAVE_SYS_STAT_H 1
| #define HAVE_STDLIB_H 1
| #define HAVE_STRING_H 1
| #define HAVE_MEMORY_H 1
| #define HAVE_STRINGS_H 1
| #define HAVE_INTTYPES_H 1
| #define HAVE_STDINT_H 1
| #define HAVE_UNISTD_H 1
| #define HAVE_SYS_BITYPES_H 1
| #define _FILE_OFFSET_BITS 64
| #define HAVE_FSEEKO 1
| #define HAVE_LIMITS_H 1
| #define HAVE_PATHS_H 1
| #define HAVE_NETINET_IF_ETHER_H 1
| #define HAVE_STRERROR 1
| #define HAVE_VSNPRINTF 1
| #define HAVE_SNPRINTF 1
| #define HAVE_ETHER_HOSTTON 1
| #define HAVE_NETINET_ETHER_H 1
| #define NETINET_ETHER_H_DECLARES_ETHER_HOSTTON
| #define HAVE_DECL_ETHER_HOSTTON 1
| #define HAVE_LINUX_WIRELESS_H 1
| #define HAVE_TPACKET_STATS 1
| /* end confdefs.h.  */
| 
| #	include <linux/if_packet.h>
| int
| main ()
| {
| u_int i = sizeof(((struct tpacket_auxdata *)0)->tp_vlan_tci)
|   ;
|   return 0;
| }
configure:7511: result: no
configure:7828: checking for getifaddrs
configure:7884: arm-buildroot-linux-gnueabi-gcc -o conftest  -ffunction-sections -fdata-sections  -I/home/ubuntu/tp-link/GPL_X5700_1/iplatform/staging_dir/target-arm-openwrt-linux-uclibc-/usr/include -I/home/ubuntu/tp-link/GPL_X5700_1/iplatform/staging_dir/target-arm-openwrt-linux-uclibc-/include -I/home/ubuntu/tp-link/GPL_X5700_1/iplatform/../bcm675x/toolchain/opt/toolchains/crosstools-arm-gcc-5.5-linux-4.1-glibc-2.26-binutils-2.28.1/usr/include  -L/home/ubuntu/tp-link/GPL_X5700_1/iplatform/staging_dir/target-arm-openwrt-linux-uclibc-/usr/lib -L/home/ubuntu/tp-link/GPL_X5700_1/iplatform/staging_dir/target-arm-openwrt-linux-uclibc-/lib -Wl,-rpath-link,/home/ubuntu/tp-link/GPL_X5700_1/iplatform/staging_dir/target-arm-openwrt-linux-uclibc-/usr/lib -L/home/ubuntu/tp-link/GPL_X5700_1/iplatform/../bcm675x/toolchain/opt/toolchains/crosstools-arm-gcc-5.5-linux-4.1-glibc-2.26-binutils-2.28.1/usr/lib -L/home/ubuntu/tp-link/GPL_X5700_1/iplatform/../bcm675x/toolchain/opt/toolchains/crosstools-arm-gcc-5.5-linux-4.1-glibc-2.26-binutils-2.28.1/lib  conftest.c  >&5
configure:7890: $? = 0
configure:7907: result: yes
configure:7925: checking ifaddrs.h usability
configure:7942: arm-buildroot-linux-gnueabi-gcc -c  -ffunction-sections -fdata-sections  -I/home/ubuntu/tp-link/GPL_X5700_1/iplatform/staging_dir/target-arm-openwrt-linux-uclibc-/usr/include -I/home/ubuntu/tp-link/GPL_X5700_1/iplatform/staging_dir/target-arm-openwrt-linux-uclibc-/include -I/home/ubuntu/tp-link/GPL_X5700_1/iplatform/../bcm675x/toolchain/opt/toolchains/crosstools-arm-gcc-5.5-linux-4.1-glibc-2.26-binutils-2.28.1/usr/include  conftest.c >&5
configure:7948: $? = 0
configure:7962: result: yes
configure:7966: checking ifaddrs.h presence
configure:7981: arm-buildroot-linux-gnueabi-gcc -E -I/home/ubuntu/tp-link/GPL_X5700_1/iplatform/staging_dir/target-arm-openwrt-linux-uclibc-/usr/include -I/home/ubuntu/tp-link/GPL_X5700_1/iplatform/staging_dir/target-arm-openwrt-linux-uclibc-/include -I/home/ubuntu/tp-link/GPL_X5700_1/iplatform/../bcm675x/toolchain/opt/toolchains/crosstools-arm-gcc-5.5-linux-4.1-glibc-2.26-binutils-2.28.1/usr/include  conftest.c
configure:7987: $? = 0
configure:8001: result: yes
configure:8029: checking for ifaddrs.h
configure:8036: result: yes
configure:8308: checking for socklen_t
configure:8334: arm-buildroot-linux-gnueabi-gcc -c  -ffunction-sections -fdata-sections  -I/home/ubuntu/tp-link/GPL_X5700_1/iplatform/staging_dir/target-arm-openwrt-linux-uclibc-/usr/include -I/home/ubuntu/tp-link/GPL_X5700_1/iplatform/staging_dir/target-arm-openwrt-linux-uclibc-/include -I/home/ubuntu/tp-link/GPL_X5700_1/iplatform/../bcm675x/toolchain/opt/toolchains/crosstools-arm-gcc-5.5-linux-4.1-glibc-2.26-binutils-2.28.1/usr/include  conftest.c >&5
configure:8340: $? = 0
configure:8361: result: yes
configure:8372: checking for getaddrinfo
configure:8451: result: yes
configure:8475: checking whether to build optimizer debugging code
configure:8489: result: no
configure:8492: checking whether to build parser debugging code
configure:8506: result: no
configure:8985: checking whether we have the DAG API
configure:8989: result: no
configure:9185: checking whether we have Myricom Sniffer API
configure:9203: result: no (/opt/snf)
configure:9331: checking for flex
configure:9347: found /home/ubuntu/tp-link/GPL_X5700_1/iplatform/staging_dir/host/bin/flex
configure:9358: result: flex
configure:9373: checking for flex 2.4 or higher
configure:9385: result: yes
configure:9401: checking for bison
configure:9417: found /home/ubuntu/tp-link/GPL_X5700_1/iplatform/staging_dir/host/bin/bison
configure:9428: result: bison
configure:9711: checking for arm-openwrt-linux-uclibc-ranlib
configure:9738: result: arm-buildroot-linux-gnueabi-ranlib
configure:9846: checking if sockaddr struct has the sa_len member
configure:9874: arm-buildroot-linux-gnueabi-gcc -c  -ffunction-sections -fdata-sections  -I/home/ubuntu/tp-link/GPL_X5700_1/iplatform/staging_dir/target-arm-openwrt-linux-uclibc-/usr/include -I/home/ubuntu/tp-link/GPL_X5700_1/iplatform/staging_dir/target-arm-openwrt-linux-uclibc-/include -I/home/ubuntu/tp-link/GPL_X5700_1/iplatform/../bcm675x/toolchain/opt/toolchains/crosstools-arm-gcc-5.5-linux-4.1-glibc-2.26-binutils-2.28.1/usr/include  conftest.c >&5
conftest.c: In function 'main':
conftest.c:43:40: error: 'struct sockaddr' has no member named 'sa_len'
 u_int i = sizeof(((struct sockaddr *)0)->sa_len)
                                        ^
configure:9880: $? = 1
configure: failed program was:
| /* confdefs.h.  */
| #define PACKAGE_NAME ""
| #define PACKAGE_TARNAME ""
| #define PACKAGE_VERSION ""
| #define PACKAGE_STRING ""
| #define PACKAGE_BUGREPORT ""
| #define inline inline
| #define HAVE___ATTRIBUTE__ 1
| #define STDC_HEADERS 1
| #define HAVE_SYS_TYPES_H 1
| #define HAVE_SYS_STAT_H 1
| #define HAVE_STDLIB_H 1
| #define HAVE_STRING_H 1
| #define HAVE_MEMORY_H 1
| #define HAVE_STRINGS_H 1
| #define HAVE_INTTYPES_H 1
| #define HAVE_STDINT_H 1
| #define HAVE_UNISTD_H 1
| #define HAVE_SYS_BITYPES_H 1
| #define _FILE_OFFSET_BITS 64
| #define HAVE_FSEEKO 1
| #define HAVE_LIMITS_H 1
| #define HAVE_PATHS_H 1
| #define HAVE_NETINET_IF_ETHER_H 1
| #define HAVE_STRERROR 1
| #define HAVE_VSNPRINTF 1
| #define HAVE_SNPRINTF 1
| #define HAVE_ETHER_HOSTTON 1
| #define HAVE_NETINET_ETHER_H 1
| #define NETINET_ETHER_H_DECLARES_ETHER_HOSTTON
| #define HAVE_DECL_ETHER_HOSTTON 1
| #define HAVE_LINUX_WIRELESS_H 1
| #define HAVE_TPACKET_STATS 1
| #define HAVE_SOCKLEN_T 1
| #define INET6 1
| /* end confdefs.h.  */
| 
| #	include <sys/types.h>
| #	include <sys/socket.h>
| int
| main ()
| {
| u_int i = sizeof(((struct sockaddr *)0)->sa_len)
|   ;
|   return 0;
| }
configure:9896: result: no
configure:9906: checking if sockaddr_storage struct exists
configure:9934: arm-buildroot-linux-gnueabi-gcc -c  -ffunction-sections -fdata-sections  -I/home/ubuntu/tp-link/GPL_X5700_1/iplatform/staging_dir/target-arm-openwrt-linux-uclibc-/usr/include -I/home/ubuntu/tp-link/GPL_X5700_1/iplatform/staging_dir/target-arm-openwrt-linux-uclibc-/include -I/home/ubuntu/tp-link/GPL_X5700_1/iplatform/../bcm675x/toolchain/opt/toolchains/crosstools-arm-gcc-5.5-linux-4.1-glibc-2.26-binutils-2.28.1/usr/include  conftest.c >&5
configure:9940: $? = 0
configure:9956: result: yes
configure:9966: checking if dl_hp_ppa_info_t struct has dl_module_id_1 member
configure:9995: arm-buildroot-linux-gnueabi-gcc -c  -ffunction-sections -fdata-sections  -I/home/ubuntu/tp-link/GPL_X5700_1/iplatform/staging_dir/target-arm-openwrt-linux-uclibc-/usr/include -I/home/ubuntu/tp-link/GPL_X5700_1/iplatform/staging_dir/target-arm-openwrt-linux-uclibc-/include -I/home/ubuntu/tp-link/GPL_X5700_1/iplatform/../bcm675x/toolchain/opt/toolchains/crosstools-arm-gcc-5.5-linux-4.1-glibc-2.26-binutils-2.28.1/usr/include  conftest.c >&5
conftest.c:40:23: fatal error: sys/dlpi.h: No such file or directory
compilation terminated.
configure:10001: $? = 1
configure: failed program was:
| /* confdefs.h.  */
| #define PACKAGE_NAME ""
| #define PACKAGE_TARNAME ""
| #define PACKAGE_VERSION ""
| #define PACKAGE_STRING ""
| #define PACKAGE_BUGREPORT ""
| #define inline inline
| #define HAVE___ATTRIBUTE__ 1
| #define STDC_HEADERS 1
| #define HAVE_SYS_TYPES_H 1
| #define HAVE_SYS_STAT_H 1
| #define HAVE_STDLIB_H 1
| #define HAVE_STRING_H 1
| #define HAVE_MEMORY_H 1
| #define HAVE_STRINGS_H 1
| #define HAVE_INTTYPES_H 1
| #define HAVE_STDINT_H 1
| #define HAVE_UNISTD_H 1
| #define HAVE_SYS_BITYPES_H 1
| #define _FILE_OFFSET_BITS 64
| #define HAVE_FSEEKO 1
| #define HAVE_LIMITS_H 1
| #define HAVE_PATHS_H 1
| #define HAVE_NETINET_IF_ETHER_H 1
| #define HAVE_STRERROR 1
| #define HAVE_VSNPRINTF 1
| #define HAVE_SNPRINTF 1
| #define HAVE_ETHER_HOSTTON 1
| #define HAVE_NETINET_ETHER_H 1
| #define NETINET_ETHER_H_DECLARES_ETHER_HOSTTON
| #define HAVE_DECL_ETHER_HOSTTON 1
| #define HAVE_LINUX_WIRELESS_H 1
| #define HAVE_TPACKET_STATS 1
| #define HAVE_SOCKLEN_T 1
| #define INET6 1
| #define HAVE_SOCKADDR_STORAGE 1
| /* end confdefs.h.  */
| 
| #	include <sys/types.h>
| #	include <sys/dlpi.h>
| #	include <sys/dlpi_ext.h>
| int
| main ()
| {
| u_int i = sizeof(((dl_hp_ppa_info_t *)0)->dl_module_id_1)
|   ;
|   return 0;
| }
configure:10017: result: no
configure:10027: checking if unaligned accesses fail
configure:10114: result: no
configure:10155: checking for USB sniffing support
configure:10165: result: yes
configure:10176: Device for USB sniffing is /dev/usbmon
configure:10193: checking linux/usbdevice_fs.h usability
configure:10210: arm-buildroot-linux-gnueabi-gcc -c  -ffunction-sections -fdata-sections  -I/home/ubuntu/tp-link/GPL_X5700_1/iplatform/staging_dir/target-arm-openwrt-linux-uclibc-/usr/include -I/home/ubuntu/tp-link/GPL_X5700_1/iplatform/staging_dir/target-arm-openwrt-linux-uclibc-/include -I/home/ubuntu/tp-link/GPL_X5700_1/iplatform/../bcm675x/toolchain/opt/toolchains/crosstools-arm-gcc-5.5-linux-4.1-glibc-2.26-binutils-2.28.1/usr/include  conftest.c >&5
configure:10216: $? = 0
configure:10230: result: yes
configure:10234: checking linux/usbdevice_fs.h presence
configure:10249: arm-buildroot-linux-gnueabi-gcc -E -I/home/ubuntu/tp-link/GPL_X5700_1/iplatform/staging_dir/target-arm-openwrt-linux-uclibc-/usr/include -I/home/ubuntu/tp-link/GPL_X5700_1/iplatform/staging_dir/target-arm-openwrt-linux-uclibc-/include -I/home/ubuntu/tp-link/GPL_X5700_1/iplatform/../bcm675x/toolchain/opt/toolchains/crosstools-arm-gcc-5.5-linux-4.1-glibc-2.26-binutils-2.28.1/usr/include  conftest.c
configure:10255: $? = 0
configure:10269: result: yes
configure:10297: checking for linux/usbdevice_fs.h
configure:10305: result: yes
configure:10325: checking if usbdevfs_ctrltransfer struct has bRequestType member
configure:10356: arm-buildroot-linux-gnueabi-gcc -c  -ffunction-sections -fdata-sections  -I/home/ubuntu/tp-link/GPL_X5700_1/iplatform/staging_dir/target-arm-openwrt-linux-uclibc-/usr/include -I/home/ubuntu/tp-link/GPL_X5700_1/iplatform/staging_dir/target-arm-openwrt-linux-uclibc-/include -I/home/ubuntu/tp-link/GPL_X5700_1/iplatform/../bcm675x/toolchain/opt/toolchains/crosstools-arm-gcc-5.5-linux-4.1-glibc-2.26-binutils-2.28.1/usr/include  conftest.c >&5
configure:10362: $? = 0
configure:10378: result: yes
configure:10418: checking bluetooth/bluetooth.h usability
configure:10435: arm-buildroot-linux-gnueabi-gcc -c  -ffunction-sections -fdata-sections  -I/home/ubuntu/tp-link/GPL_X5700_1/iplatform/staging_dir/target-arm-openwrt-linux-uclibc-/usr/include -I/home/ubuntu/tp-link/GPL_X5700_1/iplatform/staging_dir/target-arm-openwrt-linux-uclibc-/include -I/home/ubuntu/tp-link/GPL_X5700_1/iplatform/../bcm675x/toolchain/opt/toolchains/crosstools-arm-gcc-5.5-linux-4.1-glibc-2.26-binutils-2.28.1/usr/include  conftest.c >&5
conftest.c:76:33: fatal error: bluetooth/bluetooth.h: No such file or directory
compilation terminated.
configure:10441: $? = 1
configure: failed program was:
| /* confdefs.h.  */
| #define PACKAGE_NAME ""
| #define PACKAGE_TARNAME ""
| #define PACKAGE_VERSION ""
| #define PACKAGE_STRING ""
| #define PACKAGE_BUGREPORT ""
| #define inline inline
| #define HAVE___ATTRIBUTE__ 1
| #define STDC_HEADERS 1
| #define HAVE_SYS_TYPES_H 1
| #define HAVE_SYS_STAT_H 1
| #define HAVE_STDLIB_H 1
| #define HAVE_STRING_H 1
| #define HAVE_MEMORY_H 1
| #define HAVE_STRINGS_H 1
| #define HAVE_INTTYPES_H 1
| #define HAVE_STDINT_H 1
| #define HAVE_UNISTD_H 1
| #define HAVE_SYS_BITYPES_H 1
| #define _FILE_OFFSET_BITS 64
| #define HAVE_FSEEKO 1
| #define HAVE_LIMITS_H 1
| #define HAVE_PATHS_H 1
| #define HAVE_NETINET_IF_ETHER_H 1
| #define HAVE_STRERROR 1
| #define HAVE_VSNPRINTF 1
| #define HAVE_SNPRINTF 1
| #define HAVE_ETHER_HOSTTON 1
| #define HAVE_NETINET_ETHER_H 1
| #define NETINET_ETHER_H_DECLARES_ETHER_HOSTTON
| #define HAVE_DECL_ETHER_HOSTTON 1
| #define HAVE_LINUX_WIRELESS_H 1
| #define HAVE_TPACKET_STATS 1
| #define HAVE_SOCKLEN_T 1
| #define INET6 1
| #define HAVE_SOCKADDR_STORAGE 1
| #define HAVE_VERSION_H 1
| #define PCAP_SUPPORT_USB 1
| #define LINUX_USB_MON_DEV "/dev/usbmon"
| #define HAVE_LINUX_USBDEVICE_FS_H 1
| #define HAVE_USBDEVFS_CTRLTRANSFER_BREQUESTTYPE 1
| /* end confdefs.h.  */
| #include <stdio.h>
| #ifdef HAVE_SYS_TYPES_H
| # include <sys/types.h>
| #endif
| #ifdef HAVE_SYS_STAT_H
| # include <sys/stat.h>
| #endif
| #ifdef STDC_HEADERS
| # include <stdlib.h>
| # include <stddef.h>
| #else
| # ifdef HAVE_STDLIB_H
| #  include <stdlib.h>
| # endif
| #endif
| #ifdef HAVE_STRING_H
| # if !defined STDC_HEADERS && defined HAVE_MEMORY_H
| #  include <memory.h>
| # endif
| # include <string.h>
| #endif
| #ifdef HAVE_STRINGS_H
| # include <strings.h>
| #endif
| #ifdef HAVE_INTTYPES_H
| # include <inttypes.h>
| #endif
| #ifdef HAVE_STDINT_H
| # include <stdint.h>
| #endif
| #ifdef HAVE_UNISTD_H
| # include <unistd.h>
| #endif
| #include <bluetooth/bluetooth.h>
configure:10455: result: no
configure:10459: checking bluetooth/bluetooth.h presence
configure:10474: arm-buildroot-linux-gnueabi-gcc -E -I/home/ubuntu/tp-link/GPL_X5700_1/iplatform/staging_dir/target-arm-openwrt-linux-uclibc-/usr/include -I/home/ubuntu/tp-link/GPL_X5700_1/iplatform/staging_dir/target-arm-openwrt-linux-uclibc-/include -I/home/ubuntu/tp-link/GPL_X5700_1/iplatform/../bcm675x/toolchain/opt/toolchains/crosstools-arm-gcc-5.5-linux-4.1-glibc-2.26-binutils-2.28.1/usr/include  conftest.c
conftest.c:43:33: fatal error: bluetooth/bluetooth.h: No such file or directory
compilation terminated.
configure:10480: $? = 1
configure: failed program was:
| /* confdefs.h.  */
| #define PACKAGE_NAME ""
| #define PACKAGE_TARNAME ""
| #define PACKAGE_VERSION ""
| #define PACKAGE_STRING ""
| #define PACKAGE_BUGREPORT ""
| #define inline inline
| #define HAVE___ATTRIBUTE__ 1
| #define STDC_HEADERS 1
| #define HAVE_SYS_TYPES_H 1
| #define HAVE_SYS_STAT_H 1
| #define HAVE_STDLIB_H 1
| #define HAVE_STRING_H 1
| #define HAVE_MEMORY_H 1
| #define HAVE_STRINGS_H 1
| #define HAVE_INTTYPES_H 1
| #define HAVE_STDINT_H 1
| #define HAVE_UNISTD_H 1
| #define HAVE_SYS_BITYPES_H 1
| #define _FILE_OFFSET_BITS 64
| #define HAVE_FSEEKO 1
| #define HAVE_LIMITS_H 1
| #define HAVE_PATHS_H 1
| #define HAVE_NETINET_IF_ETHER_H 1
| #define HAVE_STRERROR 1
| #define HAVE_VSNPRINTF 1
| #define HAVE_SNPRINTF 1
| #define HAVE_ETHER_HOSTTON 1
| #define HAVE_NETINET_ETHER_H 1
| #define NETINET_ETHER_H_DECLARES_ETHER_HOSTTON
| #define HAVE_DECL_ETHER_HOSTTON 1
| #define HAVE_LINUX_WIRELESS_H 1
| #define HAVE_TPACKET_STATS 1
| #define HAVE_SOCKLEN_T 1
| #define INET6 1
| #define HAVE_SOCKADDR_STORAGE 1
| #define HAVE_VERSION_H 1
| #define PCAP_SUPPORT_USB 1
| #define LINUX_USB_MON_DEV "/dev/usbmon"
| #define HAVE_LINUX_USBDEVICE_FS_H 1
| #define HAVE_USBDEVFS_CTRLTRANSFER_BREQUESTTYPE 1
| /* end confdefs.h.  */
| #include <bluetooth/bluetooth.h>
configure:10494: result: no
configure:10522: checking for bluetooth/bluetooth.h
configure:10529: result: no
configure:10545: Bluetooth sniffing is not supported; install bluez-lib devel to enable it
configure:10572: checking for linux/can.h
configure:10594: arm-buildroot-linux-gnueabi-gcc -c  -ffunction-sections -fdata-sections  -I/home/ubuntu/tp-link/GPL_X5700_1/iplatform/staging_dir/target-arm-openwrt-linux-uclibc-/usr/include -I/home/ubuntu/tp-link/GPL_X5700_1/iplatform/staging_dir/target-arm-openwrt-linux-uclibc-/include -I/home/ubuntu/tp-link/GPL_X5700_1/iplatform/../bcm675x/toolchain/opt/toolchains/crosstools-arm-gcc-5.5-linux-4.1-glibc-2.26-binutils-2.28.1/usr/include  conftest.c >&5
configure:10600: $? = 0
configure:10615: result: yes
configure:10624: CAN sniffing is supported
configure:10655: checking for a BSD-compatible install
configure:10711: result: /usr/bin/install -c
configure:10828: creating ./config.status

## ---------------------- ##
## Running config.status. ##
## ---------------------- ##

This file was extended by config.status, which was
generated by GNU Autoconf 2.61.  Invocation command line was

  CONFIG_FILES    = 
  CONFIG_HEADERS  = 
  CONFIG_LINKS    = 
  CONFIG_COMMANDS = 
  $ ./config.status 

on ubuntu

config.status:643: creating Makefile
config.status:643: creating pcap-filter.manmisc
config.status:643: creating pcap-linktype.manmisc
config.status:643: creating pcap-savefile.manfile
config.status:643: creating pcap.3pcap
config.status:643: creating pcap_compile.3pcap
config.status:643: creating pcap_datalink.3pcap
config.status:643: creating pcap_dump_open.3pcap
config.status:643: creating pcap_list_datalinks.3pcap
config.status:643: creating pcap_open_dead.3pcap
config.status:643: creating pcap_open_offline.3pcap
config.status:643: creating config.h

## ---------------- ##
## Cache variables. ##
## ---------------- ##

ac_cv___attribute__=yes
ac_cv_build=x86_64-pc-linux-gnu
ac_cv_c_bigendian=no
ac_cv_c_compiler_gnu=yes
ac_cv_c_gettext_without_libintl=yes
ac_cv_c_littleendian=yes
ac_cv_c_long_double=no
ac_cv_conv_longlong_to_float=yes
ac_cv_env_CC_set=set
ac_cv_env_CC_value=arm-buildroot-linux-gnueabi-gcc
ac_cv_env_CFLAGS_set=set
ac_cv_env_CFLAGS_value=' -ffunction-sections -fdata-sections '
ac_cv_env_CPPFLAGS_set=set
ac_cv_env_CPPFLAGS_value='-I/home/ubuntu/tp-link/GPL_X5700_1/iplatform/staging_dir/target-arm-openwrt-linux-uclibc-/usr/include -I/home/ubuntu/tp-link/GPL_X5700_1/iplatform/staging_dir/target-arm-openwrt-linux-uclibc-/include -I/home/ubuntu/tp-link/GPL_X5700_1/iplatform/../bcm675x/toolchain/opt/toolchains/crosstools-arm-gcc-5.5-linux-4.1-glibc-2.26-binutils-2.28.1/usr/include '
ac_cv_env_CPP_set=
ac_cv_env_CPP_value=
ac_cv_env_LDFLAGS_set=set
ac_cv_env_LDFLAGS_value='-L/home/ubuntu/tp-link/GPL_X5700_1/iplatform/staging_dir/target-arm-openwrt-linux-uclibc-/usr/lib -L/home/ubuntu/tp-link/GPL_X5700_1/iplatform/staging_dir/target-arm-openwrt-linux-uclibc-/lib -Wl,-rpath-link,/home/ubuntu/tp-link/GPL_X5700_1/iplatform/staging_dir/target-arm-openwrt-linux-uclibc-/usr/lib -L/home/ubuntu/tp-link/GPL_X5700_1/iplatform/../bcm675x/toolchain/opt/toolchains/crosstools-arm-gcc-5.5-linux-4.1-glibc-2.26-binutils-2.28.1/usr/lib -L/home/ubuntu/tp-link/GPL_X5700_1/iplatform/../bcm675x/toolchain/opt/toolchains/crosstools-arm-gcc-5.5-linux-4.1-glibc-2.26-binutils-2.28.1/lib '
ac_cv_env_LIBS_set=
ac_cv_env_LIBS_value=
ac_cv_env_build_alias_set=set
ac_cv_env_build_alias_value=x86_64-linux-gnu
ac_cv_env_host_alias_set=set
ac_cv_env_host_alias_value=arm-openwrt-linux-uclibc
ac_cv_env_target_alias_set=set
ac_cv_env_target_alias_value=arm-openwrt-linux-uclibc
ac_cv_file__dev_zero=yes
ac_cv_func___adjtimex=yes
ac_cv_func___va_copy=no
ac_cv_func__exit=yes
ac_cv_func_bcmp=yes
ac_cv_func_bcopy=yes
ac_cv_func_bzero=yes
ac_cv_func_cimag=yes
ac_cv_func_creal=yes
ac_cv_func_ether_hostton=yes
ac_cv_func_fchmod=yes
ac_cv_func_getaddrinfo=yes
ac_cv_func_getcwd=yes
ac_cv_func_getdomainname=yes
ac_cv_func_getifaddrs=yes
ac_cv_func_getpgrp_void=yes
ac_cv_func_getpwuid_r=yes
ac_cv_func_gettimeofday=yes
ac_cv_func_index=yes
ac_cv_func_lstat=yes
ac_cv_func_lstat_dereferences_slashed_symlink=yes
ac_cv_func_lstat_empty_string_bug=no
ac_cv_func_malloc_0_nonnull=yes
ac_cv_func_malloc_works=yes
ac_cv_func_memcmp_clean=yes
ac_cv_func_memcmp_working=yes
ac_cv_func_posix_getgrgid_r=yes
ac_cv_func_posix_getpwuid_r=yes
ac_cv_func_psignal=yes
ac_cv_func_pthread_key_delete=yes
ac_cv_func_realloc_0_nonnull=yes
ac_cv_func_realloc_works=yes
ac_cv_func_rename=yes
ac_cv_func_rindex=yes
ac_cv_func_setgrent_void=yes
ac_cv_func_setlocale=yes
ac_cv_func_setpgrp_void=yes
ac_cv_func_setresuid=no
ac_cv_func_setvbuf_reversed=no
ac_cv_func_snprintf=yes
ac_cv_func_stat_empty_string_bug=no
ac_cv_func_stat_ignores_trailing_slash=no
ac_cv_func_strerror=yes
ac_cv_func_strftime=yes
ac_cv_func_strlcpy=no
ac_cv_func_utimes=yes
ac_cv_func_va_copy=no
ac_cv_func_vsnprintf=yes
ac_cv_have_accrights_in_msghdr=no
ac_cv_have_broken_snprintf=no
ac_cv_have_control_in_msghdr=yes
ac_cv_have_decl_ether_hostton=yes
ac_cv_have_decl_sys_siglist=no
ac_cv_have_openpty_ctty_bug=yes
ac_cv_have_space_d_name_in_struct_dirent=yes
ac_cv_header_bluetooth_bluetooth_h=no
ac_cv_header_ifaddrs_h=yes
ac_cv_header_inttypes_h=yes
ac_cv_header_limits_h=yes
ac_cv_header_linux_can_h=yes
ac_cv_header_linux_usbdevice_fs_h=yes
ac_cv_header_linux_wireless_h=yes
ac_cv_header_memory_h=yes
ac_cv_header_net_pfvar_h=no
ac_cv_header_netinet_ether_h=yes
ac_cv_header_netinet_if_ether_h=yes
ac_cv_header_netinet_sctp_h=no
ac_cv_header_netinet_sctp_uio_h=no
ac_cv_header_paths_h=yes
ac_cv_header_stdc=yes
ac_cv_header_stdint_h=yes
ac_cv_header_stdlib_h=yes
ac_cv_header_string_h=yes
ac_cv_header_strings_h=yes
ac_cv_header_sys_bitypes_h=yes
ac_cv_header_sys_ioccom_h=no
ac_cv_header_sys_sockio_h=no
ac_cv_header_sys_stat_h=yes
ac_cv_header_sys_types_h=yes
ac_cv_header_unistd_h=yes
ac_cv_host=arm-openwrt-linux-uclibc
ac_cv_int64_t=yes
ac_cv_lbl_dag_api=no
ac_cv_lbl_dl_hp_ppa_info_t_has_dl_module_id_1=no
ac_cv_lbl_flex_v24=yes
ac_cv_lbl_gcc_fixincludes=yes
ac_cv_lbl_gcc_vers=5
ac_cv_lbl_has_sockaddr_storage=yes
ac_cv_lbl_inline=inline
ac_cv_lbl_linux_tpacket_auxdata_tp_vlan_tci=no
ac_cv_lbl_septel_api=no
ac_cv_lbl_snf_api=no
ac_cv_lbl_sockaddr_has_sa_len=no
ac_cv_lbl_tpacket_stats=yes
ac_cv_lbl_unaligned_fail=no
ac_cv_linux_kernel_pppoe=yes
ac_cv_linux_vers=2
ac_cv_objext=o
ac_cv_pack_bitfields_reversed=yes
ac_cv_path_EGREP='/bin/grep -E'
ac_cv_path_GREP=/bin/grep
ac_cv_path_LDCONFIG=
ac_cv_path_install='/usr/bin/install -c'
ac_cv_prog_CC=arm-buildroot-linux-gnueabi-gcc
ac_cv_prog_CPP='arm-buildroot-linux-gnueabi-gcc -E'
ac_cv_prog_RANLIB=arm-buildroot-linux-gnueabi-ranlib
ac_cv_prog_V_LEX=flex
ac_cv_prog_V_YACC=bison
ac_cv_prog_cc_c89=
ac_cv_prog_cc_g=yes
ac_cv_regexec_segfault_emptystr=no
ac_cv_sctp=no
ac_cv_search_gethostbyname='none required'
ac_cv_search_putmsg='none required'
ac_cv_search_socket='none required'
ac_cv_sizeof___int64=0
ac_cv_sizeof_char=1
ac_cv_sizeof_int16_t=2
ac_cv_sizeof_int32_t=4
ac_cv_sizeof_int64_t=8
ac_cv_sizeof_int=4
ac_cv_sizeof_long=4
ac_cv_sizeof_long_int=4
ac_cv_sizeof_long_long=8
ac_cv_sizeof_off_t=8
ac_cv_sizeof_short=2
ac_cv_sizeof_short_int=2
ac_cv_sizeof_size_t=4
ac_cv_sizeof_ssize_t=4
ac_cv_sizeof_u_int16_t=2
ac_cv_sizeof_u_int32_t=4
ac_cv_sizeof_u_int64_t=8
ac_cv_sizeof_uint16_t=2
ac_cv_sizeof_uint32_t=4
ac_cv_sizeof_uint64_t=8
ac_cv_sizeof_unsigned_int=4
ac_cv_sizeof_unsigned_long=4
ac_cv_sizeof_unsigned_long_long=8
ac_cv_sizeof_unsigned_short=2
ac_cv_sizeof_void_p=4
ac_cv_sys_file_offset_bits=64
ac_cv_sys_largefile_CC=no
ac_cv_sys_largefile_source=no
ac_cv_sys_restartable_syscalls=yes
ac_cv_target=arm-openwrt-linux-uclibc
ac_cv_time_r_type=POSIX
ac_cv_type_int16_t=yes
ac_cv_type_int32_t=yes
ac_cv_type_int64_t=yes
ac_cv_type_int8_t=yes
ac_cv_type_suseconds_t=yes
ac_cv_type_u_int16_t=yes
ac_cv_type_u_int32_t=yes
ac_cv_type_u_int64_t=yes
ac_cv_type_u_int8_t=yes
ac_cv_uchar=no
ac_cv_uint64_t=yes
ac_cv_uint=yes
ac_cv_ulong=yes
ac_cv_usbdevfs_ctrltransfer_has_bRequestType=yes
ac_cv_ushort=yes
ac_cv_va_copy=C99
ac_cv_va_val_copy=yes
as_cv_unaligned_access=yes

## ----------------- ##
## Output variables. ##
## ----------------- ##

ADDLARCHIVEOBJS=''
ADDLOBJS=''
BT_SRC=''
CAN_SRC='pcap-can-linux.c'
CC='arm-buildroot-linux-gnueabi-gcc'
CFLAGS=' -ffunction-sections -fdata-sections '
CPP='arm-buildroot-linux-gnueabi-gcc -E'
CPPFLAGS='-I/home/ubuntu/tp-link/GPL_X5700_1/iplatform/staging_dir/target-arm-openwrt-linux-uclibc-/usr/include -I/home/ubuntu/tp-link/GPL_X5700_1/iplatform/staging_dir/target-arm-openwrt-linux-uclibc-/include -I/home/ubuntu/tp-link/GPL_X5700_1/iplatform/../bcm675x/toolchain/opt/toolchains/crosstools-arm-gcc-5.5-linux-4.1-glibc-2.26-binutils-2.28.1/usr/include '
DEFS='-DHAVE_CONFIG_H'
DYEXT='so'
ECHO_C=''
ECHO_N='-n'
ECHO_T=''
EGREP='/bin/grep -E'
EXEEXT=''
GREP='/bin/grep'
HAVE_LINUX_TPACKET_AUXDATA=''
INSTALL_DATA='${INSTALL} -m 644'
INSTALL_PROGRAM='${INSTALL}'
INSTALL_SCRIPT='${INSTALL}'
LDFLAGS='-L/home/ubuntu/tp-link/GPL_X5700_1/iplatform/staging_dir/target-arm-openwrt-linux-uclibc-/usr/lib -L/home/ubuntu/tp-link/GPL_X5700_1/iplatform/staging_dir/target-arm-openwrt-linux-uclibc-/lib -Wl,-rpath-link,/home/ubuntu/tp-link/GPL_X5700_1/iplatform/staging_dir/target-arm-openwrt-linux-uclibc-/usr/lib -L/home/ubuntu/tp-link/GPL_X5700_1/iplatform/../bcm675x/toolchain/opt/toolchains/crosstools-arm-gcc-5.5-linux-4.1-glibc-2.26-binutils-2.28.1/usr/lib -L/home/ubuntu/tp-link/GPL_X5700_1/iplatform/../bcm675x/toolchain/opt/toolchains/crosstools-arm-gcc-5.5-linux-4.1-glibc-2.26-binutils-2.28.1/lib '
LIBOBJS=''
LIBS=''
LTLIBOBJS=''
MAN_FILE_FORMATS='5'
MAN_MISC_INFO='7'
OBJEXT='o'
PACKAGE_BUGREPORT=''
PACKAGE_NAME=''
PACKAGE_STRING=''
PACKAGE_TARNAME=''
PACKAGE_VERSION=''
PATH_SEPARATOR=':'
PCAP_SUPPORT_BT=''
PCAP_SUPPORT_CAN=''
PCAP_SUPPORT_USB=''
RANLIB='arm-buildroot-linux-gnueabi-ranlib'
SHELL='/bin/sh'
SHLICC2=''
SSRC=''
USB_SRC='pcap-usb-linux.c'
V_CCOPT='-O2  -ffunction-sections -fdata-sections '
V_DEFS=' -D_U_="__attribute__((unused))"'
V_FINDALLDEVS='getad'
V_INCLS=''
V_LEX='flex -Ppcap_'
V_PCAP='linux'
V_RPATH_OPT='-Wl,-rpath,'
V_SHLIB_CMD='$(CC)'
V_SHLIB_OPT='-shared'
V_SONAME_OPT='-Wl,-soname,'
V_YACC='bison -y -p pcap_'
ac_ct_CC=''
bindir='/usr/bin'
build='x86_64-pc-linux-gnu'
build_alias='x86_64-linux-gnu'
build_cpu='x86_64'
build_os='linux-gnu'
build_vendor='pc'
datadir='/usr/share'
datarootdir='${prefix}/share'
docdir='${datarootdir}/doc/${PACKAGE}'
dvidir='${docdir}'
exec_prefix='/usr'
host='arm-openwrt-linux-uclibc'
host_alias='arm-openwrt-linux-uclibc'
host_cpu='arm'
host_os='linux-uclibc'
host_vendor='openwrt'
htmldir='${docdir}'
includedir='${prefix}/include'
infodir='/usr/info'
libdir='${exec_prefix}/lib'
libexecdir='/usr/lib'
localedir='${datarootdir}/locale'
localstatedir='/var'
mandir='/usr/man'
oldincludedir='/usr/include'
pdfdir='${docdir}'
prefix='/usr'
program_transform_name='s,x,x,'
psdir='${docdir}'
sbindir='/usr/sbin'
sharedstatedir='${prefix}/com'
sysconfdir='/etc'
target='arm-openwrt-linux-uclibc'
target_alias='arm-openwrt-linux-uclibc'
target_cpu='arm'
target_os='linux-uclibc'
target_vendor='openwrt'

## ----------- ##
## confdefs.h. ##
## ----------- ##

#define PACKAGE_NAME ""
#define PACKAGE_TARNAME ""
#define PACKAGE_VERSION ""
#define PACKAGE_STRING ""
#define PACKAGE_BUGREPORT ""
#define inline inline
#define HAVE___ATTRIBUTE__ 1
#define STDC_HEADERS 1
#define HAVE_SYS_TYPES_H 1
#define HAVE_SYS_STAT_H 1
#define HAVE_STDLIB_H 1
#define HAVE_STRING_H 1
#define HAVE_MEMORY_H 1
#define HAVE_STRINGS_H 1
#define HAVE_INTTYPES_H 1
#define HAVE_STDINT_H 1
#define HAVE_UNISTD_H 1
#define HAVE_SYS_BITYPES_H 1
#define _FILE_OFFSET_BITS 64
#define HAVE_FSEEKO 1
#define HAVE_LIMITS_H 1
#define HAVE_PATHS_H 1
#define HAVE_NETINET_IF_ETHER_H 1
#define HAVE_STRERROR 1
#define HAVE_VSNPRINTF 1
#define HAVE_SNPRINTF 1
#define HAVE_ETHER_HOSTTON 1
#define HAVE_NETINET_ETHER_H 1
#define NETINET_ETHER_H_DECLARES_ETHER_HOSTTON
#define HAVE_DECL_ETHER_HOSTTON 1
#define HAVE_LINUX_WIRELESS_H 1
#define HAVE_TPACKET_STATS 1
#define HAVE_SOCKLEN_T 1
#define INET6 1
#define HAVE_SOCKADDR_STORAGE 1
#define HAVE_VERSION_H 1
#define PCAP_SUPPORT_USB 1
#define LINUX_USB_MON_DEV "/dev/usbmon"
#define HAVE_LINUX_USBDEVICE_FS_H 1
#define HAVE_USBDEVFS_CTRLTRANSFER_BREQUESTTYPE 1
#define PCAP_SUPPORT_CAN 1

configure: exit 0
