Determining if the function wsyncup exists in the /usr/lib/x86_64-linux-gnu/libcurses.so passed with the following output:
Change Dir: /home/ubuntu/tp-link/GPL_X5700_1/iplatform/build_dir/host/cmake-3.13.2/Source/Checks/Curses-build/CMakeFiles/CMakeTmp

Run Build Command:"/usr/bin/make" "cmTC_7ad67/fast"
make[4]: Entering directory `/home/ubuntu/tp-link/GPL_X5700_1/iplatform/build_dir/host/cmake-3.13.2/Source/Checks/Curses-build/CMakeFiles/CMakeTmp'
make -f CMakeFiles/cmTC_7ad67.dir/build.make CMakeFiles/cmTC_7ad67.dir/build
make[5]: Entering directory `/home/ubuntu/tp-link/GPL_X5700_1/iplatform/build_dir/host/cmake-3.13.2/Source/Checks/Curses-build/CMakeFiles/CMakeTmp'
Building C object CMakeFiles/cmTC_7ad67.dir/CheckFunctionExists.c.o
/usr/bin/gcc   -O2 -I/home/ubuntu/tp-link/GPL_X5700_1/iplatform/staging_dir/host/include -DCHECK_FUNCTION_EXISTS=wsyncup   -o CMakeFiles/cmTC_7ad67.dir/CheckFunctionExists.c.o   -c /home/ubuntu/tp-link/GPL_X5700_1/iplatform/build_dir/host/cmake-3.13.2/Modules/CheckFunctionExists.c
Linking C executable cmTC_7ad67
/home/ubuntu/tp-link/GPL_X5700_1/iplatform/build_dir/host/cmake-3.13.2/Bootstrap.cmk/cmake -E cmake_link_script CMakeFiles/cmTC_7ad67.dir/link.txt --verbose=1
/usr/bin/gcc -O2 -I/home/ubuntu/tp-link/GPL_X5700_1/iplatform/staging_dir/host/include -DCHECK_FUNCTION_EXISTS=wsyncup    -rdynamic CMakeFiles/cmTC_7ad67.dir/CheckFunctionExists.c.o  -o cmTC_7ad67 -lcurses 
make[5]: Leaving directory `/home/ubuntu/tp-link/GPL_X5700_1/iplatform/build_dir/host/cmake-3.13.2/Source/Checks/Curses-build/CMakeFiles/CMakeTmp'
make[4]: Leaving directory `/home/ubuntu/tp-link/GPL_X5700_1/iplatform/build_dir/host/cmake-3.13.2/Source/Checks/Curses-build/CMakeFiles/CMakeTmp'


Determining if the function cbreak exists in the /usr/lib/x86_64-linux-gnu/libncurses.so passed with the following output:
Change Dir: /home/ubuntu/tp-link/GPL_X5700_1/iplatform/build_dir/host/cmake-3.13.2/Source/Checks/Curses-build/CMakeFiles/CMakeTmp

Run Build Command:"/usr/bin/make" "cmTC_e18a7/fast"
make[4]: Entering directory `/home/ubuntu/tp-link/GPL_X5700_1/iplatform/build_dir/host/cmake-3.13.2/Source/Checks/Curses-build/CMakeFiles/CMakeTmp'
make -f CMakeFiles/cmTC_e18a7.dir/build.make CMakeFiles/cmTC_e18a7.dir/build
make[5]: Entering directory `/home/ubuntu/tp-link/GPL_X5700_1/iplatform/build_dir/host/cmake-3.13.2/Source/Checks/Curses-build/CMakeFiles/CMakeTmp'
Building C object CMakeFiles/cmTC_e18a7.dir/CheckFunctionExists.c.o
/usr/bin/gcc   -O2 -I/home/ubuntu/tp-link/GPL_X5700_1/iplatform/staging_dir/host/include -DCHECK_FUNCTION_EXISTS=cbreak   -o CMakeFiles/cmTC_e18a7.dir/CheckFunctionExists.c.o   -c /home/ubuntu/tp-link/GPL_X5700_1/iplatform/build_dir/host/cmake-3.13.2/Modules/CheckFunctionExists.c
Linking C executable cmTC_e18a7
/home/ubuntu/tp-link/GPL_X5700_1/iplatform/build_dir/host/cmake-3.13.2/Bootstrap.cmk/cmake -E cmake_link_script CMakeFiles/cmTC_e18a7.dir/link.txt --verbose=1
/usr/bin/gcc -O2 -I/home/ubuntu/tp-link/GPL_X5700_1/iplatform/staging_dir/host/include -DCHECK_FUNCTION_EXISTS=cbreak    -rdynamic CMakeFiles/cmTC_e18a7.dir/CheckFunctionExists.c.o  -o cmTC_e18a7 -lncurses 
make[5]: Leaving directory `/home/ubuntu/tp-link/GPL_X5700_1/iplatform/build_dir/host/cmake-3.13.2/Source/Checks/Curses-build/CMakeFiles/CMakeTmp'
make[4]: Leaving directory `/home/ubuntu/tp-link/GPL_X5700_1/iplatform/build_dir/host/cmake-3.13.2/Source/Checks/Curses-build/CMakeFiles/CMakeTmp'


