This file contains any messages produced by compilers while
running configure, to aid debugging if configure makes a mistake.

It was created by bridge-utils configure 1.5, which was
generated by GNU Autoconf 2.69.  Invocation command line was

  $ ../../bridge-utils-1.5/configure --host=arm-buildroot-linux-gnueabi --prefix=/home/ubuntu/tp-link/GPL_X5700_1/bcm675x/bcm963xx_router/targets/TP6755/fs.build/gpl --with-linux-headers=/home/ubuntu/tp-link/GPL_X5700_1/bcm675x/bcm963xx_router/../toolchain/opt/toolchains/crosstools-arm-gcc-5.5-linux-4.1-glibc-2.26-binutils-2.28.1/usr/arm-buildroot-linux-gnueabi/sysroot/usr/include LDFLAGS=-L/home/ubuntu/tp-link/GPL_X5700_1/bcm675x/bcm963xx_router/targets/TP6755/fs.install/lib CFLAGS=-Os -march=armv7-a -fomit-frame-pointer -mno-thumb-interwork -mabi=aapcs-linux -marm -fno-common -ffixed-r8 -msoft-float -D__ARM_ARCH_7A__ -Werror=return-type -Werror=uninitialized -Wno-date-time -Wno-cpp -I/home/ubuntu/tp-link/GPL_X5700_1/bcm675x/bcm963xx_router/kernel

## --------- ##
## Platform. ##
## --------- ##

hostname = ubuntu
uname -m = x86_64
uname -r = 4.4.0-148-generic
uname -s = Linux
uname -v = #174~14.04.1-Ubuntu SMP Thu May 9 08:17:37 UTC 2019

/usr/bin/uname -p = unknown
/bin/uname -X     = unknown

/bin/arch              = unknown
/usr/bin/arch -k       = unknown
/usr/convex/getsysinfo = unknown
/usr/bin/hostinfo      = unknown
/bin/machine           = unknown
/usr/bin/oslevel       = unknown
/bin/universe          = unknown

PATH: /usr/local/sbin
PATH: /usr/local/bin
PATH: /usr/sbin
PATH: /usr/bin
PATH: /sbin
PATH: /bin
PATH: /usr/games
PATH: /usr/local/games


## ----------- ##
## Core tests. ##
## ----------- ##

configure:2109: checking for arm-buildroot-linux-gnueabi-gcc
configure:2136: result: /home/ubuntu/tp-link/GPL_X5700_1/bcm675x/bcm963xx_router/../toolchain/opt/toolchains/crosstools-arm-gcc-5.5-linux-4.1-glibc-2.26-binutils-2.28.1/usr/bin/arm-buildroot-linux-gnueabi-gcc
configure:2405: checking for C compiler version
configure:2414: /home/ubuntu/tp-link/GPL_X5700_1/bcm675x/bcm963xx_router/../toolchain/opt/toolchains/crosstools-arm-gcc-5.5-linux-4.1-glibc-2.26-binutils-2.28.1/usr/bin/arm-buildroot-linux-gnueabi-gcc --version >&5
arm-buildroot-linux-gnueabi-gcc.br_real (Buildroot 2017.11.1) 5.5.0
Copyright (C) 2015 Free Software Foundation, Inc.
This is free software; see the source for copying conditions.  There is NO
warranty; not even for MERCHANTABILITY or FITNESS FOR A PARTICULAR PURPOSE.

configure:2425: $? = 0
configure:2414: /home/ubuntu/tp-link/GPL_X5700_1/bcm675x/bcm963xx_router/../toolchain/opt/toolchains/crosstools-arm-gcc-5.5-linux-4.1-glibc-2.26-binutils-2.28.1/usr/bin/arm-buildroot-linux-gnueabi-gcc -v >&5
Using built-in specs.
COLLECT_GCC=/home/ubuntu/tp-link/GPL_X5700_1/bcm675x/toolchain/opt/toolchains/crosstools-arm-gcc-5.5-linux-4.1-glibc-2.26-binutils-2.28.1/bin/arm-buildroot-linux-gnueabi-gcc.br_real
COLLECT_LTO_WRAPPER=/home/ubuntu/tp-link/GPL_X5700_1/bcm675x/toolchain/opt/toolchains/crosstools-arm-gcc-5.5-linux-4.1-glibc-2.26-binutils-2.28.1/bin/../libexec/gcc/arm-buildroot-linux-gnueabi/5.5.0/lto-wrapper
Target: arm-buildroot-linux-gnueabi
Configured with: ./configure --prefix=/opt/toolchains/crosstools-arm-gcc-5.5-linux-4.1-glibc-2.26-binutils-2.28.1 --sysconfdir=/opt/toolchains/crosstools-arm-gcc-5.5-linux-4.1-glibc-2.26-binutils-2.28.1/etc --enable-static --target=arm-buildroot-linux-gnueabi --with-sysroot=/opt/toolchains/crosstools-arm-gcc-5.5-linux-4.1-glibc-2.26-binutils-2.28.1/arm-buildroot-linux-gnueabi/sysroot --disable-__cxa_atexit --with-gnu-ld --disable-libssp --disable-multilib --with-gmp=/opt/toolchains/crosstools-arm-gcc-5.5-linux-4.1-glibc-2.26-binutils-2.28.1 --with-mpc=/opt/toolchains/crosstools-arm-gcc-5.5-linux-4.1-glibc-2.26-binutils-2.28.1 --with-mpfr=/opt/toolchains/crosstools-arm-gcc-5.5-linux-4.1-glibc-2.26-binutils-2.28.1 --with-pkgversion='Buildroot 2017.11.1' --with-bugurl=http://bugs.buildroot.net/ --disable-libquadmath --enable-tls --disable-libmudflap --enable-threads --without-isl --without-cloog --with-float=soft --disable-decimal-float --with-abi=aapcs-linux --with-cpu=cortex-a9 --with-float=soft --with-mode=arm --enable-languages=c,c++ --with-build-time-tools=/opt/toolchains/crosstools-arm-gcc-5.5-linux-4.1-glibc-2.26-binutils-2.28.1/arm-buildroot-linux-gnueabi/bin --enable-shared --disable-libgomp
Thread model: posix
gcc version 5.5.0 (Buildroot 2017.11.1) 
configure:2425: $? = 0
configure:2414: /home/ubuntu/tp-link/GPL_X5700_1/bcm675x/bcm963xx_router/../toolchain/opt/toolchains/crosstools-arm-gcc-5.5-linux-4.1-glibc-2.26-binutils-2.28.1/usr/bin/arm-buildroot-linux-gnueabi-gcc -V >&5
arm-buildroot-linux-gnueabi-gcc.br_real: error: unrecognized command line option '-V'
arm-buildroot-linux-gnueabi-gcc.br_real: fatal error: no input files
compilation terminated.
configure:2425: $? = 1
configure:2414: /home/ubuntu/tp-link/GPL_X5700_1/bcm675x/bcm963xx_router/../toolchain/opt/toolchains/crosstools-arm-gcc-5.5-linux-4.1-glibc-2.26-binutils-2.28.1/usr/bin/arm-buildroot-linux-gnueabi-gcc -qversion >&5
arm-buildroot-linux-gnueabi-gcc.br_real: error: unrecognized command line option '-qversion'
arm-buildroot-linux-gnueabi-gcc.br_real: fatal error: no input files
compilation terminated.
configure:2425: $? = 1
configure:2445: checking whether the C compiler works
configure:2467: /home/ubuntu/tp-link/GPL_X5700_1/bcm675x/bcm963xx_router/../toolchain/opt/toolchains/crosstools-arm-gcc-5.5-linux-4.1-glibc-2.26-binutils-2.28.1/usr/bin/arm-buildroot-linux-gnueabi-gcc -Os -march=armv7-a -fomit-frame-pointer -mno-thumb-interwork -mabi=aapcs-linux -marm -fno-common -ffixed-r8 -msoft-float -D__ARM_ARCH_7A__ -Werror=return-type -Werror=uninitialized -Wno-date-time -Wno-cpp -I/home/ubuntu/tp-link/GPL_X5700_1/bcm675x/bcm963xx_router/kernel  -L/home/ubuntu/tp-link/GPL_X5700_1/bcm675x/bcm963xx_router/targets/TP6755/fs.install/lib conftest.c  >&5
configure:2471: $? = 0
configure:2519: result: yes
configure:2522: checking for C compiler default output file name
configure:2524: result: a.out
configure:2530: checking for suffix of executables
configure:2537: /home/ubuntu/tp-link/GPL_X5700_1/bcm675x/bcm963xx_router/../toolchain/opt/toolchains/crosstools-arm-gcc-5.5-linux-4.1-glibc-2.26-binutils-2.28.1/usr/bin/arm-buildroot-linux-gnueabi-gcc -o conftest -Os -march=armv7-a -fomit-frame-pointer -mno-thumb-interwork -mabi=aapcs-linux -marm -fno-common -ffixed-r8 -msoft-float -D__ARM_ARCH_7A__ -Werror=return-type -Werror=uninitialized -Wno-date-time -Wno-cpp -I/home/ubuntu/tp-link/GPL_X5700_1/bcm675x/bcm963xx_router/kernel  -L/home/ubuntu/tp-link/GPL_X5700_1/bcm675x/bcm963xx_router/targets/TP6755/fs.install/lib conftest.c  >&5
configure:2541: $? = 0
configure:2563: result: 
configure:2585: checking whether we are cross compiling
configure:2593: /home/ubuntu/tp-link/GPL_X5700_1/bcm675x/bcm963xx_router/../toolchain/opt/toolchains/crosstools-arm-gcc-5.5-linux-4.1-glibc-2.26-binutils-2.28.1/usr/bin/arm-buildroot-linux-gnueabi-gcc -o conftest -Os -march=armv7-a -fomit-frame-pointer -mno-thumb-interwork -mabi=aapcs-linux -marm -fno-common -ffixed-r8 -msoft-float -D__ARM_ARCH_7A__ -Werror=return-type -Werror=uninitialized -Wno-date-time -Wno-cpp -I/home/ubuntu/tp-link/GPL_X5700_1/bcm675x/bcm963xx_router/kernel  -L/home/ubuntu/tp-link/GPL_X5700_1/bcm675x/bcm963xx_router/targets/TP6755/fs.install/lib conftest.c  >&5
configure:2597: $? = 0
configure:2604: ./conftest
../../bridge-utils-1.5/configure: line 2606: ./conftest: cannot execute binary file: Exec format error
configure:2608: $? = 126
configure:2623: result: yes
configure:2628: checking for suffix of object files
configure:2650: /home/ubuntu/tp-link/GPL_X5700_1/bcm675x/bcm963xx_router/../toolchain/opt/toolchains/crosstools-arm-gcc-5.5-linux-4.1-glibc-2.26-binutils-2.28.1/usr/bin/arm-buildroot-linux-gnueabi-gcc -c -Os -march=armv7-a -fomit-frame-pointer -mno-thumb-interwork -mabi=aapcs-linux -marm -fno-common -ffixed-r8 -msoft-float -D__ARM_ARCH_7A__ -Werror=return-type -Werror=uninitialized -Wno-date-time -Wno-cpp -I/home/ubuntu/tp-link/GPL_X5700_1/bcm675x/bcm963xx_router/kernel  conftest.c >&5
configure:2654: $? = 0
configure:2675: result: o
configure:2679: checking whether we are using the GNU C compiler
configure:2698: /home/ubuntu/tp-link/GPL_X5700_1/bcm675x/bcm963xx_router/../toolchain/opt/toolchains/crosstools-arm-gcc-5.5-linux-4.1-glibc-2.26-binutils-2.28.1/usr/bin/arm-buildroot-linux-gnueabi-gcc -c -Os -march=armv7-a -fomit-frame-pointer -mno-thumb-interwork -mabi=aapcs-linux -marm -fno-common -ffixed-r8 -msoft-float -D__ARM_ARCH_7A__ -Werror=return-type -Werror=uninitialized -Wno-date-time -Wno-cpp -I/home/ubuntu/tp-link/GPL_X5700_1/bcm675x/bcm963xx_router/kernel  conftest.c >&5
configure:2698: $? = 0
configure:2707: result: yes
configure:2716: checking whether /home/ubuntu/tp-link/GPL_X5700_1/bcm675x/bcm963xx_router/../toolchain/opt/toolchains/crosstools-arm-gcc-5.5-linux-4.1-glibc-2.26-binutils-2.28.1/usr/bin/arm-buildroot-linux-gnueabi-gcc accepts -g
configure:2736: /home/ubuntu/tp-link/GPL_X5700_1/bcm675x/bcm963xx_router/../toolchain/opt/toolchains/crosstools-arm-gcc-5.5-linux-4.1-glibc-2.26-binutils-2.28.1/usr/bin/arm-buildroot-linux-gnueabi-gcc -c -g  conftest.c >&5
configure:2736: $? = 0
configure:2777: result: yes
configure:2794: checking for /home/ubuntu/tp-link/GPL_X5700_1/bcm675x/bcm963xx_router/../toolchain/opt/toolchains/crosstools-arm-gcc-5.5-linux-4.1-glibc-2.26-binutils-2.28.1/usr/bin/arm-buildroot-linux-gnueabi-gcc option to accept ISO C89
configure:2857: /home/ubuntu/tp-link/GPL_X5700_1/bcm675x/bcm963xx_router/../toolchain/opt/toolchains/crosstools-arm-gcc-5.5-linux-4.1-glibc-2.26-binutils-2.28.1/usr/bin/arm-buildroot-linux-gnueabi-gcc  -c -Os -march=armv7-a -fomit-frame-pointer -mno-thumb-interwork -mabi=aapcs-linux -marm -fno-common -ffixed-r8 -msoft-float -D__ARM_ARCH_7A__ -Werror=return-type -Werror=uninitialized -Wno-date-time -Wno-cpp -I/home/ubuntu/tp-link/GPL_X5700_1/bcm675x/bcm963xx_router/kernel  conftest.c >&5
configure:2857: $? = 0
configure:2870: result: none needed
configure:2933: checking for a BSD-compatible install
configure:3001: result: /usr/bin/install -c
configure:3015: checking for arm-buildroot-linux-gnueabi-ranlib
configure:3042: result: /home/ubuntu/tp-link/GPL_X5700_1/bcm675x/bcm963xx_router/../toolchain/opt/toolchains/crosstools-arm-gcc-5.5-linux-4.1-glibc-2.26-binutils-2.28.1/usr/bin/arm-buildroot-linux-gnueabi-ranlib
configure:3111: checking how to run the C preprocessor
configure:3181: result: /home/ubuntu/tp-link/GPL_X5700_1/bcm675x/bcm963xx_router/../toolchain/opt/toolchains/crosstools-arm-gcc-5.5-linux-4.1-glibc-2.26-binutils-2.28.1/usr/bin/arm-buildroot-linux-gnueabi-cpp
configure:3201: /home/ubuntu/tp-link/GPL_X5700_1/bcm675x/bcm963xx_router/../toolchain/opt/toolchains/crosstools-arm-gcc-5.5-linux-4.1-glibc-2.26-binutils-2.28.1/usr/bin/arm-buildroot-linux-gnueabi-cpp  conftest.c
configure:3201: $? = 0
configure:3215: /home/ubuntu/tp-link/GPL_X5700_1/bcm675x/bcm963xx_router/../toolchain/opt/toolchains/crosstools-arm-gcc-5.5-linux-4.1-glibc-2.26-binutils-2.28.1/usr/bin/arm-buildroot-linux-gnueabi-cpp  conftest.c
conftest.c:9:28: fatal error: ac_nonexistent.h: No such file or directory
compilation terminated.
configure:3215: $? = 1
configure: failed program was:
| /* confdefs.h */
| #define PACKAGE_NAME "bridge-utils"
| #define PACKAGE_TARNAME "bridge-utils"
| #define PACKAGE_VERSION "1.5"
| #define PACKAGE_STRING "bridge-utils 1.5"
| #define PACKAGE_BUGREPORT ""
| #define PACKAGE_URL ""
| /* end confdefs.h.  */
| #include <ac_nonexistent.h>
configure:3244: checking for grep that handles long lines and -e
configure:3302: result: /bin/grep
configure:3307: checking for egrep
configure:3369: result: /bin/grep -E
configure:3374: checking for ANSI C header files
configure:3394: /home/ubuntu/tp-link/GPL_X5700_1/bcm675x/bcm963xx_router/../toolchain/opt/toolchains/crosstools-arm-gcc-5.5-linux-4.1-glibc-2.26-binutils-2.28.1/usr/bin/arm-buildroot-linux-gnueabi-gcc -c -Os -march=armv7-a -fomit-frame-pointer -mno-thumb-interwork -mabi=aapcs-linux -marm -fno-common -ffixed-r8 -msoft-float -D__ARM_ARCH_7A__ -Werror=return-type -Werror=uninitialized -Wno-date-time -Wno-cpp -I/home/ubuntu/tp-link/GPL_X5700_1/bcm675x/bcm963xx_router/kernel  conftest.c >&5
configure:3394: $? = 0
configure:3478: result: yes
configure:3491: checking for sys/types.h
configure:3491: /home/ubuntu/tp-link/GPL_X5700_1/bcm675x/bcm963xx_router/../toolchain/opt/toolchains/crosstools-arm-gcc-5.5-linux-4.1-glibc-2.26-binutils-2.28.1/usr/bin/arm-buildroot-linux-gnueabi-gcc -c -Os -march=armv7-a -fomit-frame-pointer -mno-thumb-interwork -mabi=aapcs-linux -marm -fno-common -ffixed-r8 -msoft-float -D__ARM_ARCH_7A__ -Werror=return-type -Werror=uninitialized -Wno-date-time -Wno-cpp -I/home/ubuntu/tp-link/GPL_X5700_1/bcm675x/bcm963xx_router/kernel  conftest.c >&5
configure:3491: $? = 0
configure:3491: result: yes
configure:3491: checking for sys/stat.h
configure:3491: /home/ubuntu/tp-link/GPL_X5700_1/bcm675x/bcm963xx_router/../toolchain/opt/toolchains/crosstools-arm-gcc-5.5-linux-4.1-glibc-2.26-binutils-2.28.1/usr/bin/arm-buildroot-linux-gnueabi-gcc -c -Os -march=armv7-a -fomit-frame-pointer -mno-thumb-interwork -mabi=aapcs-linux -marm -fno-common -ffixed-r8 -msoft-float -D__ARM_ARCH_7A__ -Werror=return-type -Werror=uninitialized -Wno-date-time -Wno-cpp -I/home/ubuntu/tp-link/GPL_X5700_1/bcm675x/bcm963xx_router/kernel  conftest.c >&5
configure:3491: $? = 0
configure:3491: result: yes
configure:3491: checking for stdlib.h
configure:3491: /home/ubuntu/tp-link/GPL_X5700_1/bcm675x/bcm963xx_router/../toolchain/opt/toolchains/crosstools-arm-gcc-5.5-linux-4.1-glibc-2.26-binutils-2.28.1/usr/bin/arm-buildroot-linux-gnueabi-gcc -c -Os -march=armv7-a -fomit-frame-pointer -mno-thumb-interwork -mabi=aapcs-linux -marm -fno-common -ffixed-r8 -msoft-float -D__ARM_ARCH_7A__ -Werror=return-type -Werror=uninitialized -Wno-date-time -Wno-cpp -I/home/ubuntu/tp-link/GPL_X5700_1/bcm675x/bcm963xx_router/kernel  conftest.c >&5
configure:3491: $? = 0
configure:3491: result: yes
configure:3491: checking for string.h
configure:3491: /home/ubuntu/tp-link/GPL_X5700_1/bcm675x/bcm963xx_router/../toolchain/opt/toolchains/crosstools-arm-gcc-5.5-linux-4.1-glibc-2.26-binutils-2.28.1/usr/bin/arm-buildroot-linux-gnueabi-gcc -c -Os -march=armv7-a -fomit-frame-pointer -mno-thumb-interwork -mabi=aapcs-linux -marm -fno-common -ffixed-r8 -msoft-float -D__ARM_ARCH_7A__ -Werror=return-type -Werror=uninitialized -Wno-date-time -Wno-cpp -I/home/ubuntu/tp-link/GPL_X5700_1/bcm675x/bcm963xx_router/kernel  conftest.c >&5
configure:3491: $? = 0
configure:3491: result: yes
configure:3491: checking for memory.h
configure:3491: /home/ubuntu/tp-link/GPL_X5700_1/bcm675x/bcm963xx_router/../toolchain/opt/toolchains/crosstools-arm-gcc-5.5-linux-4.1-glibc-2.26-binutils-2.28.1/usr/bin/arm-buildroot-linux-gnueabi-gcc -c -Os -march=armv7-a -fomit-frame-pointer -mno-thumb-interwork -mabi=aapcs-linux -marm -fno-common -ffixed-r8 -msoft-float -D__ARM_ARCH_7A__ -Werror=return-type -Werror=uninitialized -Wno-date-time -Wno-cpp -I/home/ubuntu/tp-link/GPL_X5700_1/bcm675x/bcm963xx_router/kernel  conftest.c >&5
configure:3491: $? = 0
configure:3491: result: yes
configure:3491: checking for strings.h
configure:3491: /home/ubuntu/tp-link/GPL_X5700_1/bcm675x/bcm963xx_router/../toolchain/opt/toolchains/crosstools-arm-gcc-5.5-linux-4.1-glibc-2.26-binutils-2.28.1/usr/bin/arm-buildroot-linux-gnueabi-gcc -c -Os -march=armv7-a -fomit-frame-pointer -mno-thumb-interwork -mabi=aapcs-linux -marm -fno-common -ffixed-r8 -msoft-float -D__ARM_ARCH_7A__ -Werror=return-type -Werror=uninitialized -Wno-date-time -Wno-cpp -I/home/ubuntu/tp-link/GPL_X5700_1/bcm675x/bcm963xx_router/kernel  conftest.c >&5
configure:3491: $? = 0
configure:3491: result: yes
configure:3491: checking for inttypes.h
configure:3491: /home/ubuntu/tp-link/GPL_X5700_1/bcm675x/bcm963xx_router/../toolchain/opt/toolchains/crosstools-arm-gcc-5.5-linux-4.1-glibc-2.26-binutils-2.28.1/usr/bin/arm-buildroot-linux-gnueabi-gcc -c -Os -march=armv7-a -fomit-frame-pointer -mno-thumb-interwork -mabi=aapcs-linux -marm -fno-common -ffixed-r8 -msoft-float -D__ARM_ARCH_7A__ -Werror=return-type -Werror=uninitialized -Wno-date-time -Wno-cpp -I/home/ubuntu/tp-link/GPL_X5700_1/bcm675x/bcm963xx_router/kernel  conftest.c >&5
configure:3491: $? = 0
configure:3491: result: yes
configure:3491: checking for stdint.h
configure:3491: /home/ubuntu/tp-link/GPL_X5700_1/bcm675x/bcm963xx_router/../toolchain/opt/toolchains/crosstools-arm-gcc-5.5-linux-4.1-glibc-2.26-binutils-2.28.1/usr/bin/arm-buildroot-linux-gnueabi-gcc -c -Os -march=armv7-a -fomit-frame-pointer -mno-thumb-interwork -mabi=aapcs-linux -marm -fno-common -ffixed-r8 -msoft-float -D__ARM_ARCH_7A__ -Werror=return-type -Werror=uninitialized -Wno-date-time -Wno-cpp -I/home/ubuntu/tp-link/GPL_X5700_1/bcm675x/bcm963xx_router/kernel  conftest.c >&5
configure:3491: $? = 0
configure:3491: result: yes
configure:3491: checking for unistd.h
configure:3491: /home/ubuntu/tp-link/GPL_X5700_1/bcm675x/bcm963xx_router/../toolchain/opt/toolchains/crosstools-arm-gcc-5.5-linux-4.1-glibc-2.26-binutils-2.28.1/usr/bin/arm-buildroot-linux-gnueabi-gcc -c -Os -march=armv7-a -fomit-frame-pointer -mno-thumb-interwork -mabi=aapcs-linux -marm -fno-common -ffixed-r8 -msoft-float -D__ARM_ARCH_7A__ -Werror=return-type -Werror=uninitialized -Wno-date-time -Wno-cpp -I/home/ubuntu/tp-link/GPL_X5700_1/bcm675x/bcm963xx_router/kernel  conftest.c >&5
configure:3491: $? = 0
configure:3491: result: yes
configure:3506: checking sys/ioctl.h usability
configure:3506: /home/ubuntu/tp-link/GPL_X5700_1/bcm675x/bcm963xx_router/../toolchain/opt/toolchains/crosstools-arm-gcc-5.5-linux-4.1-glibc-2.26-binutils-2.28.1/usr/bin/arm-buildroot-linux-gnueabi-gcc -c -Os -march=armv7-a -fomit-frame-pointer -mno-thumb-interwork -mabi=aapcs-linux -marm -fno-common -ffixed-r8 -msoft-float -D__ARM_ARCH_7A__ -Werror=return-type -Werror=uninitialized -Wno-date-time -Wno-cpp -I/home/ubuntu/tp-link/GPL_X5700_1/bcm675x/bcm963xx_router/kernel  conftest.c >&5
configure:3506: $? = 0
configure:3506: result: yes
configure:3506: checking sys/ioctl.h presence
configure:3506: /home/ubuntu/tp-link/GPL_X5700_1/bcm675x/bcm963xx_router/../toolchain/opt/toolchains/crosstools-arm-gcc-5.5-linux-4.1-glibc-2.26-binutils-2.28.1/usr/bin/arm-buildroot-linux-gnueabi-cpp  conftest.c
configure:3506: $? = 0
configure:3506: result: yes
configure:3506: checking for sys/ioctl.h
configure:3506: result: yes
configure:3506: checking sys/time.h usability
configure:3506: /home/ubuntu/tp-link/GPL_X5700_1/bcm675x/bcm963xx_router/../toolchain/opt/toolchains/crosstools-arm-gcc-5.5-linux-4.1-glibc-2.26-binutils-2.28.1/usr/bin/arm-buildroot-linux-gnueabi-gcc -c -Os -march=armv7-a -fomit-frame-pointer -mno-thumb-interwork -mabi=aapcs-linux -marm -fno-common -ffixed-r8 -msoft-float -D__ARM_ARCH_7A__ -Werror=return-type -Werror=uninitialized -Wno-date-time -Wno-cpp -I/home/ubuntu/tp-link/GPL_X5700_1/bcm675x/bcm963xx_router/kernel  conftest.c >&5
configure:3506: $? = 0
configure:3506: result: yes
configure:3506: checking sys/time.h presence
configure:3506: /home/ubuntu/tp-link/GPL_X5700_1/bcm675x/bcm963xx_router/../toolchain/opt/toolchains/crosstools-arm-gcc-5.5-linux-4.1-glibc-2.26-binutils-2.28.1/usr/bin/arm-buildroot-linux-gnueabi-cpp  conftest.c
configure:3506: $? = 0
configure:3506: result: yes
configure:3506: checking for sys/time.h
configure:3506: result: yes
configure:3517: checking whether time.h and sys/time.h may both be included
configure:3537: /home/ubuntu/tp-link/GPL_X5700_1/bcm675x/bcm963xx_router/../toolchain/opt/toolchains/crosstools-arm-gcc-5.5-linux-4.1-glibc-2.26-binutils-2.28.1/usr/bin/arm-buildroot-linux-gnueabi-gcc -c -Os -march=armv7-a -fomit-frame-pointer -mno-thumb-interwork -mabi=aapcs-linux -marm -fno-common -ffixed-r8 -msoft-float -D__ARM_ARCH_7A__ -Werror=return-type -Werror=uninitialized -Wno-date-time -Wno-cpp -I/home/ubuntu/tp-link/GPL_X5700_1/bcm675x/bcm963xx_router/kernel  conftest.c >&5
configure:3537: $? = 0
configure:3544: result: yes
configure:3556: checking for gethostname
configure:3556: /home/ubuntu/tp-link/GPL_X5700_1/bcm675x/bcm963xx_router/../toolchain/opt/toolchains/crosstools-arm-gcc-5.5-linux-4.1-glibc-2.26-binutils-2.28.1/usr/bin/arm-buildroot-linux-gnueabi-gcc -o conftest -Os -march=armv7-a -fomit-frame-pointer -mno-thumb-interwork -mabi=aapcs-linux -marm -fno-common -ffixed-r8 -msoft-float -D__ARM_ARCH_7A__ -Werror=return-type -Werror=uninitialized -Wno-date-time -Wno-cpp -I/home/ubuntu/tp-link/GPL_X5700_1/bcm675x/bcm963xx_router/kernel  -L/home/ubuntu/tp-link/GPL_X5700_1/bcm675x/bcm963xx_router/targets/TP6755/fs.install/lib conftest.c  >&5
configure:3556: $? = 0
configure:3556: result: yes
configure:3556: checking for socket
configure:3556: /home/ubuntu/tp-link/GPL_X5700_1/bcm675x/bcm963xx_router/../toolchain/opt/toolchains/crosstools-arm-gcc-5.5-linux-4.1-glibc-2.26-binutils-2.28.1/usr/bin/arm-buildroot-linux-gnueabi-gcc -o conftest -Os -march=armv7-a -fomit-frame-pointer -mno-thumb-interwork -mabi=aapcs-linux -marm -fno-common -ffixed-r8 -msoft-float -D__ARM_ARCH_7A__ -Werror=return-type -Werror=uninitialized -Wno-date-time -Wno-cpp -I/home/ubuntu/tp-link/GPL_X5700_1/bcm675x/bcm963xx_router/kernel  -L/home/ubuntu/tp-link/GPL_X5700_1/bcm675x/bcm963xx_router/targets/TP6755/fs.install/lib conftest.c  >&5
configure:3556: $? = 0
configure:3556: result: yes
configure:3556: checking for strdup
configure:3556: /home/ubuntu/tp-link/GPL_X5700_1/bcm675x/bcm963xx_router/../toolchain/opt/toolchains/crosstools-arm-gcc-5.5-linux-4.1-glibc-2.26-binutils-2.28.1/usr/bin/arm-buildroot-linux-gnueabi-gcc -o conftest -Os -march=armv7-a -fomit-frame-pointer -mno-thumb-interwork -mabi=aapcs-linux -marm -fno-common -ffixed-r8 -msoft-float -D__ARM_ARCH_7A__ -Werror=return-type -Werror=uninitialized -Wno-date-time -Wno-cpp -I/home/ubuntu/tp-link/GPL_X5700_1/bcm675x/bcm963xx_router/kernel  -L/home/ubuntu/tp-link/GPL_X5700_1/bcm675x/bcm963xx_router/targets/TP6755/fs.install/lib conftest.c  >&5
conftest.c:47:6: warning: conflicting types for built-in function 'strdup'
 char strdup ();
      ^
configure:3556: $? = 0
configure:3556: result: yes
configure:3556: checking for uname
configure:3556: /home/ubuntu/tp-link/GPL_X5700_1/bcm675x/bcm963xx_router/../toolchain/opt/toolchains/crosstools-arm-gcc-5.5-linux-4.1-glibc-2.26-binutils-2.28.1/usr/bin/arm-buildroot-linux-gnueabi-gcc -o conftest -Os -march=armv7-a -fomit-frame-pointer -mno-thumb-interwork -mabi=aapcs-linux -marm -fno-common -ffixed-r8 -msoft-float -D__ARM_ARCH_7A__ -Werror=return-type -Werror=uninitialized -Wno-date-time -Wno-cpp -I/home/ubuntu/tp-link/GPL_X5700_1/bcm675x/bcm963xx_router/kernel  -L/home/ubuntu/tp-link/GPL_X5700_1/bcm675x/bcm963xx_router/targets/TP6755/fs.install/lib conftest.c  >&5
configure:3556: $? = 0
configure:3556: result: yes
configure:3568: checking for if_nametoindex
configure:3568: /home/ubuntu/tp-link/GPL_X5700_1/bcm675x/bcm963xx_router/../toolchain/opt/toolchains/crosstools-arm-gcc-5.5-linux-4.1-glibc-2.26-binutils-2.28.1/usr/bin/arm-buildroot-linux-gnueabi-gcc -o conftest -Os -march=armv7-a -fomit-frame-pointer -mno-thumb-interwork -mabi=aapcs-linux -marm -fno-common -ffixed-r8 -msoft-float -D__ARM_ARCH_7A__ -Werror=return-type -Werror=uninitialized -Wno-date-time -Wno-cpp -I/home/ubuntu/tp-link/GPL_X5700_1/bcm675x/bcm963xx_router/kernel  -L/home/ubuntu/tp-link/GPL_X5700_1/bcm675x/bcm963xx_router/targets/TP6755/fs.install/lib conftest.c  >&5
configure:3568: $? = 0
configure:3568: result: yes
configure:3568: checking for if_indextoname
configure:3568: /home/ubuntu/tp-link/GPL_X5700_1/bcm675x/bcm963xx_router/../toolchain/opt/toolchains/crosstools-arm-gcc-5.5-linux-4.1-glibc-2.26-binutils-2.28.1/usr/bin/arm-buildroot-linux-gnueabi-gcc -o conftest -Os -march=armv7-a -fomit-frame-pointer -mno-thumb-interwork -mabi=aapcs-linux -marm -fno-common -ffixed-r8 -msoft-float -D__ARM_ARCH_7A__ -Werror=return-type -Werror=uninitialized -Wno-date-time -Wno-cpp -I/home/ubuntu/tp-link/GPL_X5700_1/bcm675x/bcm963xx_router/kernel  -L/home/ubuntu/tp-link/GPL_X5700_1/bcm675x/bcm963xx_router/targets/TP6755/fs.install/lib conftest.c  >&5
configure:3568: $? = 0
configure:3568: result: yes
configure:3696: creating ./config.status

## ---------------------- ##
## Running config.status. ##
## ---------------------- ##

This file was extended by bridge-utils config.status 1.5, which was
generated by GNU Autoconf 2.69.  Invocation command line was

  CONFIG_FILES    = 
  CONFIG_HEADERS  = 
  CONFIG_LINKS    = 
  CONFIG_COMMANDS = 
  $ ./config.status 

on ubuntu

config.status:821: creating doc/Makefile
config.status:924: WARNING:  '../../bridge-utils-1.5/doc/Makefile.in' seems to ignore the --datarootdir setting
config.status:821: creating libbridge/Makefile
config.status:821: creating brctl/Makefile
config.status:924: WARNING:  '../../bridge-utils-1.5/brctl/Makefile.in' seems to ignore the --datarootdir setting
config.status:821: creating Makefile
config.status:924: WARNING:  '../../bridge-utils-1.5/Makefile.in' seems to ignore the --datarootdir setting
config.status:821: creating bridge-utils.spec
config.status:821: creating libbridge/config.h

## ---------------- ##
## Cache variables. ##
## ---------------- ##

ac_cv_c_compiler_gnu=yes
ac_cv_env_CC_set=set
ac_cv_env_CC_value=/home/ubuntu/tp-link/GPL_X5700_1/bcm675x/bcm963xx_router/../toolchain/opt/toolchains/crosstools-arm-gcc-5.5-linux-4.1-glibc-2.26-binutils-2.28.1/usr/bin/arm-buildroot-linux-gnueabi-gcc
ac_cv_env_CFLAGS_set=set
ac_cv_env_CFLAGS_value='-Os -march=armv7-a -fomit-frame-pointer -mno-thumb-interwork -mabi=aapcs-linux -marm -fno-common -ffixed-r8 -msoft-float -D__ARM_ARCH_7A__ -Werror=return-type -Werror=uninitialized -Wno-date-time -Wno-cpp -I/home/ubuntu/tp-link/GPL_X5700_1/bcm675x/bcm963xx_router/kernel'
ac_cv_env_CPPFLAGS_set=
ac_cv_env_CPPFLAGS_value=
ac_cv_env_CPP_set=set
ac_cv_env_CPP_value=/home/ubuntu/tp-link/GPL_X5700_1/bcm675x/bcm963xx_router/../toolchain/opt/toolchains/crosstools-arm-gcc-5.5-linux-4.1-glibc-2.26-binutils-2.28.1/usr/bin/arm-buildroot-linux-gnueabi-cpp
ac_cv_env_LDFLAGS_set=set
ac_cv_env_LDFLAGS_value=-L/home/ubuntu/tp-link/GPL_X5700_1/bcm675x/bcm963xx_router/targets/TP6755/fs.install/lib
ac_cv_env_LIBS_set=
ac_cv_env_LIBS_value=
ac_cv_env_build_alias_set=
ac_cv_env_build_alias_value=
ac_cv_env_host_alias_set=set
ac_cv_env_host_alias_value=arm-buildroot-linux-gnueabi
ac_cv_env_target_alias_set=
ac_cv_env_target_alias_value=
ac_cv_func_gethostname=yes
ac_cv_func_if_indextoname=yes
ac_cv_func_if_nametoindex=yes
ac_cv_func_socket=yes
ac_cv_func_strdup=yes
ac_cv_func_uname=yes
ac_cv_header_inttypes_h=yes
ac_cv_header_memory_h=yes
ac_cv_header_stdc=yes
ac_cv_header_stdint_h=yes
ac_cv_header_stdlib_h=yes
ac_cv_header_string_h=yes
ac_cv_header_strings_h=yes
ac_cv_header_sys_ioctl_h=yes
ac_cv_header_sys_stat_h=yes
ac_cv_header_sys_time_h=yes
ac_cv_header_sys_types_h=yes
ac_cv_header_time=yes
ac_cv_header_unistd_h=yes
ac_cv_objext=o
ac_cv_path_EGREP='/bin/grep -E'
ac_cv_path_GREP=/bin/grep
ac_cv_path_install='/usr/bin/install -c'
ac_cv_prog_CC=/home/ubuntu/tp-link/GPL_X5700_1/bcm675x/bcm963xx_router/../toolchain/opt/toolchains/crosstools-arm-gcc-5.5-linux-4.1-glibc-2.26-binutils-2.28.1/usr/bin/arm-buildroot-linux-gnueabi-gcc
ac_cv_prog_CPP=/home/ubuntu/tp-link/GPL_X5700_1/bcm675x/bcm963xx_router/../toolchain/opt/toolchains/crosstools-arm-gcc-5.5-linux-4.1-glibc-2.26-binutils-2.28.1/usr/bin/arm-buildroot-linux-gnueabi-cpp
ac_cv_prog_RANLIB=/home/ubuntu/tp-link/GPL_X5700_1/bcm675x/bcm963xx_router/../toolchain/opt/toolchains/crosstools-arm-gcc-5.5-linux-4.1-glibc-2.26-binutils-2.28.1/usr/bin/arm-buildroot-linux-gnueabi-ranlib
ac_cv_prog_cc_c89=
ac_cv_prog_cc_g=yes

## ----------------- ##
## Output variables. ##
## ----------------- ##

CC='/home/ubuntu/tp-link/GPL_X5700_1/bcm675x/bcm963xx_router/../toolchain/opt/toolchains/crosstools-arm-gcc-5.5-linux-4.1-glibc-2.26-binutils-2.28.1/usr/bin/arm-buildroot-linux-gnueabi-gcc'
CFLAGS='-Os -march=armv7-a -fomit-frame-pointer -mno-thumb-interwork -mabi=aapcs-linux -marm -fno-common -ffixed-r8 -msoft-float -D__ARM_ARCH_7A__ -Werror=return-type -Werror=uninitialized -Wno-date-time -Wno-cpp -I/home/ubuntu/tp-link/GPL_X5700_1/bcm675x/bcm963xx_router/kernel'
CPP='/home/ubuntu/tp-link/GPL_X5700_1/bcm675x/bcm963xx_router/../toolchain/opt/toolchains/crosstools-arm-gcc-5.5-linux-4.1-glibc-2.26-binutils-2.28.1/usr/bin/arm-buildroot-linux-gnueabi-cpp'
CPPFLAGS=''
DEFS='-DHAVE_CONFIG_H'
ECHO_C=''
ECHO_N='-n'
ECHO_T=''
EGREP='/bin/grep -E'
EXEEXT=''
GREP='/bin/grep'
INSTALL_DATA='${INSTALL} -m 644'
INSTALL_PROGRAM='${INSTALL}'
INSTALL_SCRIPT='${INSTALL}'
KERNEL_HEADERS='/home/ubuntu/tp-link/GPL_X5700_1/bcm675x/bcm963xx_router/../toolchain/opt/toolchains/crosstools-arm-gcc-5.5-linux-4.1-glibc-2.26-binutils-2.28.1/usr/arm-buildroot-linux-gnueabi/sysroot/usr/include'
LDFLAGS='-L/home/ubuntu/tp-link/GPL_X5700_1/bcm675x/bcm963xx_router/targets/TP6755/fs.install/lib'
LIBOBJS=''
LIBS=''
LTLIBOBJS=''
OBJEXT='o'
PACKAGE_BUGREPORT=''
PACKAGE_NAME='bridge-utils'
PACKAGE_STRING='bridge-utils 1.5'
PACKAGE_TARNAME='bridge-utils'
PACKAGE_URL=''
PACKAGE_VERSION='1.5'
PATH_SEPARATOR=':'
RANLIB='/home/ubuntu/tp-link/GPL_X5700_1/bcm675x/bcm963xx_router/../toolchain/opt/toolchains/crosstools-arm-gcc-5.5-linux-4.1-glibc-2.26-binutils-2.28.1/usr/bin/arm-buildroot-linux-gnueabi-ranlib'
SHELL='/bin/sh'
ac_ct_CC=''
bindir='${exec_prefix}/bin'
build_alias=''
datadir='${datarootdir}'
datarootdir='${prefix}/share'
docdir='${datarootdir}/doc/${PACKAGE_TARNAME}'
dvidir='${docdir}'
exec_prefix='${prefix}'
host_alias='arm-buildroot-linux-gnueabi'
htmldir='${docdir}'
includedir='${prefix}/include'
infodir='${datarootdir}/info'
libdir='${exec_prefix}/lib'
libexecdir='${exec_prefix}/libexec'
localedir='${datarootdir}/locale'
localstatedir='${prefix}/var'
mandir='${datarootdir}/man'
oldincludedir='/usr/include'
pdfdir='${docdir}'
prefix='/home/ubuntu/tp-link/GPL_X5700_1/bcm675x/bcm963xx_router/targets/TP6755/fs.build/gpl'
program_transform_name='s,x,x,'
psdir='${docdir}'
sbindir='${exec_prefix}/sbin'
sharedstatedir='${prefix}/com'
sysconfdir='${prefix}/etc'
target_alias=''

## ----------- ##
## confdefs.h. ##
## ----------- ##

/* confdefs.h */
#define PACKAGE_NAME "bridge-utils"
#define PACKAGE_TARNAME "bridge-utils"
#define PACKAGE_VERSION "1.5"
#define PACKAGE_STRING "bridge-utils 1.5"
#define PACKAGE_BUGREPORT ""
#define PACKAGE_URL ""
#define STDC_HEADERS 1
#define HAVE_SYS_TYPES_H 1
#define HAVE_SYS_STAT_H 1
#define HAVE_STDLIB_H 1
#define HAVE_STRING_H 1
#define HAVE_MEMORY_H 1
#define HAVE_STRINGS_H 1
#define HAVE_INTTYPES_H 1
#define HAVE_STDINT_H 1
#define HAVE_UNISTD_H 1
#define HAVE_SYS_IOCTL_H 1
#define HAVE_SYS_TIME_H 1
#define TIME_WITH_SYS_TIME 1
#define HAVE_GETHOSTNAME 1
#define HAVE_SOCKET 1
#define HAVE_STRDUP 1
#define HAVE_UNAME 1
#define HAVE_IF_NAMETOINDEX 1
#define HAVE_IF_INDEXTONAME 1

configure: exit 0
