This file contains any messages produced by compilers while
running configure, to aid debugging if configure makes a mistake.

It was created by configure, which was
generated by GNU Autoconf 2.64.  Invocation command line was

  $ /home/ubuntu/Archer_C7_V5/openwrt/build_dir/toolchain-mips_r2_gcc-4.6-linaro_uClibc-0.9.33.2/gcc-linaro-4.6-2012.02/configure --prefix=/home/ubuntu/Archer_C7_V5/openwrt/staging_dir/toolchain-mips_r2_gcc-4.6-linaro_uClibc-0.9.33.2 --build=i686-linux-gnu --host=i686-linux-gnu --target=mips-openwrt-linux-uclibc --with-gnu-ld --enable-target-optspace --disable-libgomp --disable-libmudflap --disable-multilib --disable-nls --with-host-libstdcxx=-lstdc++ --with-float=soft --with-gmp=/home/ubuntu/Archer_C7_V5/openwrt/staging_dir/host --with-mpfr=/home/ubuntu/Archer_C7_V5/openwrt/staging_dir/host --disable-decimal-float --with-mips-plt --with-mpc=/home/ubuntu/Archer_C7_V5/openwrt/staging_dir/host --disable-libssp --disable-__cxa_atexit --with-headers=/home/ubuntu/Archer_C7_V5/openwrt/staging_dir/toolchain-mips_r2_gcc-4.6-linaro_uClibc-0.9.33.2/include --enable-languages=c,c++ --enable-shared --enable-threads --with-slibdir=/home/ubuntu/Archer_C7_V5/openwrt/staging_dir/toolchain-mips_r2_gcc-4.6-linaro_uClibc-0.9.33.2/lib --enable-lto --with-libelf=/home/ubuntu/Archer_C7_V5/openwrt/staging_dir/host --disable-tls

## --------- ##
## Platform. ##
## --------- ##

hostname = ubuntu
uname -m = i686
uname -r = 4.4.0-142-generic
uname -s = Linux
uname -v = #168~14.04.1-Ubuntu SMP Sat Jan 19 11:28:33 UTC 2019

/usr/bin/uname -p = unknown
/bin/uname -X     = unknown

/bin/arch              = unknown
/usr/bin/arch -k       = unknown
/usr/convex/getsysinfo = unknown
/usr/bin/hostinfo      = unknown
/bin/machine           = unknown
/usr/bin/oslevel       = unknown
/bin/universe          = unknown

PATH: /home/ubuntu/Archer_C7_V5/openwrt/staging_dir/toolchain-mips_r2_gcc-4.6-linaro_uClibc-0.9.33.2/bin
PATH: /home/ubuntu/Archer_C7_V5/openwrt/staging_dir/host/bin
PATH: /home/ubuntu/Archer_C7_V5/openwrt/staging_dir/toolchain-mips_r2_gcc-4.6-linaro_uClibc-0.9.33.2/bin
PATH: /home/ubuntu/Archer_C7_V5/openwrt/staging_dir/host/bin
PATH: /home/ubuntu/Archer_C7_V5/openwrt/staging_dir/toolchain-mips_r2_gcc-4.6-linaro_uClibc-0.9.33.2/bin
PATH: /home/ubuntu/Archer_C7_V5/openwrt/staging_dir/host/bin
PATH: /usr/local/sbin
PATH: /usr/local/bin
PATH: /usr/sbin
PATH: /usr/bin
PATH: /sbin
PATH: /bin
PATH: /usr/games
PATH: /usr/local/games


## ----------- ##
## Core tests. ##
## ----------- ##

configure:2222: checking build system type
configure:2236: result: i686-pc-linux-gnu
configure:2283: checking host system type
configure:2296: result: i686-pc-linux-gnu
configure:2316: checking target system type
configure:2329: result: mips-openwrt-linux-uclibc
configure:2383: checking for a BSD-compatible install
configure:2451: result: /usr/bin/install -c
configure:2462: checking whether ln works
configure:2484: result: yes
configure:2488: checking whether ln -s works
configure:2492: result: yes
configure:2499: checking for a sed that does not truncate output
configure:2563: result: /home/ubuntu/Archer_C7_V5/openwrt/staging_dir/host/bin/sed
configure:2572: checking for gawk
configure:2602: result: no
configure:2572: checking for mawk
configure:2588: found /usr/bin/mawk
configure:2599: result: mawk
configure:3876: checking for i686-linux-gnu-gcc
configure:3892: found /usr/bin/i686-linux-gnu-gcc
configure:3903: result: i686-linux-gnu-gcc
configure:4172: checking for C compiler version
configure:4181: i686-linux-gnu-gcc --version >&5
i686-linux-gnu-gcc (Ubuntu 4.8.4-2ubuntu1~14.04.4) 4.8.4
Copyright (C) 2013 Free Software Foundation, Inc.
This is free software; see the source for copying conditions.  There is NO
warranty; not even for MERCHANTABILITY or FITNESS FOR A PARTICULAR PURPOSE.

configure:4192: $? = 0
configure:4181: i686-linux-gnu-gcc -v >&5
Using built-in specs.
COLLECT_GCC=i686-linux-gnu-gcc
COLLECT_LTO_WRAPPER=/usr/lib/gcc/i686-linux-gnu/4.8/lto-wrapper
Target: i686-linux-gnu
Configured with: ../src/configure -v --with-pkgversion='Ubuntu 4.8.4-2ubuntu1~14.04.4' --with-bugurl=file:///usr/share/doc/gcc-4.8/README.Bugs --enable-languages=c,c++,java,go,d,fortran,objc,obj-c++ --prefix=/usr --program-suffix=-4.8 --enable-shared --enable-linker-build-id --libexecdir=/usr/lib --without-included-gettext --enable-threads=posix --with-gxx-include-dir=/usr/include/c++/4.8 --libdir=/usr/lib --enable-nls --with-sysroot=/ --enable-clocale=gnu --enable-libstdcxx-debug --enable-libstdcxx-time=yes --enable-gnu-unique-object --disable-libmudflap --enable-plugin --with-system-zlib --disable-browser-plugin --enable-java-awt=gtk --enable-gtk-cairo --with-java-home=/usr/lib/jvm/java-1.5.0-gcj-4.8-i386/jre --enable-java-home --with-jvm-root-dir=/usr/lib/jvm/java-1.5.0-gcj-4.8-i386 --with-jvm-jar-dir=/usr/lib/jvm-exports/java-1.5.0-gcj-4.8-i386 --with-arch-directory=i386 --with-ecj-jar=/usr/share/java/eclipse-ecj.jar --enable-objc-gc --enable-targets=all --enable-multiarch --disable-werror --with-arch-32=i686 --with-multilib-list=m32,m64,mx32 --with-tune=generic --enable-checking=release --build=i686-linux-gnu --host=i686-linux-gnu --target=i686-linux-gnu
Thread model: posix
gcc version 4.8.4 (Ubuntu 4.8.4-2ubuntu1~14.04.4) 
configure:4192: $? = 0
configure:4181: i686-linux-gnu-gcc -V >&5
i686-linux-gnu-gcc: error: unrecognized command line option '-V'
i686-linux-gnu-gcc: fatal error: no input files
compilation terminated.
configure:4192: $? = 4
configure:4181: i686-linux-gnu-gcc -qversion >&5
i686-linux-gnu-gcc: error: unrecognized command line option '-qversion'
i686-linux-gnu-gcc: fatal error: no input files
compilation terminated.
configure:4192: $? = 4
configure:4212: checking for C compiler default output file name
configure:4234: i686-linux-gnu-gcc    conftest.c  >&5
configure:4238: $? = 0
configure:4275: result: a.out
configure:4291: checking whether the C compiler works
configure:4300: ./a.out
configure:4304: $? = 0
configure:4319: result: yes
configure:4326: checking whether we are cross compiling
configure:4328: result: no
configure:4331: checking for suffix of executables
configure:4338: i686-linux-gnu-gcc -o conftest    conftest.c  >&5
configure:4342: $? = 0
configure:4364: result: 
configure:4370: checking for suffix of object files
configure:4392: i686-linux-gnu-gcc -c   conftest.c >&5
configure:4396: $? = 0
configure:4417: result: o
configure:4421: checking whether we are using the GNU C compiler
configure:4440: i686-linux-gnu-gcc -c   conftest.c >&5
configure:4440: $? = 0
configure:4449: result: yes
configure:4458: checking whether i686-linux-gnu-gcc accepts -g
configure:4478: i686-linux-gnu-gcc -c -g  conftest.c >&5
configure:4478: $? = 0
configure:4519: result: yes
configure:4536: checking for i686-linux-gnu-gcc option to accept ISO C89
configure:4600: i686-linux-gnu-gcc  -c   conftest.c >&5
configure:4600: $? = 0
configure:4613: result: none needed
configure:4647: checking for i686-linux-gnu-g++
configure:4663: found /usr/bin/i686-linux-gnu-g++
configure:4674: result: i686-linux-gnu-g++
configure:4745: checking for C++ compiler version
configure:4754: i686-linux-gnu-g++ --version >&5
i686-linux-gnu-g++ (Ubuntu 4.8.4-2ubuntu1~14.04.4) 4.8.4
Copyright (C) 2013 Free Software Foundation, Inc.
This is free software; see the source for copying conditions.  There is NO
warranty; not even for MERCHANTABILITY or FITNESS FOR A PARTICULAR PURPOSE.

configure:4765: $? = 0
configure:4754: i686-linux-gnu-g++ -v >&5
Using built-in specs.
COLLECT_GCC=i686-linux-gnu-g++
COLLECT_LTO_WRAPPER=/usr/lib/gcc/i686-linux-gnu/4.8/lto-wrapper
Target: i686-linux-gnu
Configured with: ../src/configure -v --with-pkgversion='Ubuntu 4.8.4-2ubuntu1~14.04.4' --with-bugurl=file:///usr/share/doc/gcc-4.8/README.Bugs --enable-languages=c,c++,java,go,d,fortran,objc,obj-c++ --prefix=/usr --program-suffix=-4.8 --enable-shared --enable-linker-build-id --libexecdir=/usr/lib --without-included-gettext --enable-threads=posix --with-gxx-include-dir=/usr/include/c++/4.8 --libdir=/usr/lib --enable-nls --with-sysroot=/ --enable-clocale=gnu --enable-libstdcxx-debug --enable-libstdcxx-time=yes --enable-gnu-unique-object --disable-libmudflap --enable-plugin --with-system-zlib --disable-browser-plugin --enable-java-awt=gtk --enable-gtk-cairo --with-java-home=/usr/lib/jvm/java-1.5.0-gcj-4.8-i386/jre --enable-java-home --with-jvm-root-dir=/usr/lib/jvm/java-1.5.0-gcj-4.8-i386 --with-jvm-jar-dir=/usr/lib/jvm-exports/java-1.5.0-gcj-4.8-i386 --with-arch-directory=i386 --with-ecj-jar=/usr/share/java/eclipse-ecj.jar --enable-objc-gc --enable-targets=all --enable-multiarch --disable-werror --with-arch-32=i686 --with-multilib-list=m32,m64,mx32 --with-tune=generic --enable-checking=release --build=i686-linux-gnu --host=i686-linux-gnu --target=i686-linux-gnu
Thread model: posix
gcc version 4.8.4 (Ubuntu 4.8.4-2ubuntu1~14.04.4) 
configure:4765: $? = 0
configure:4754: i686-linux-gnu-g++ -V >&5
i686-linux-gnu-g++: error: unrecognized command line option '-V'
i686-linux-gnu-g++: fatal error: no input files
compilation terminated.
configure:4765: $? = 4
configure:4754: i686-linux-gnu-g++ -qversion >&5
i686-linux-gnu-g++: error: unrecognized command line option '-qversion'
i686-linux-gnu-g++: fatal error: no input files
compilation terminated.
configure:4765: $? = 4
configure:4769: checking whether we are using the GNU C++ compiler
configure:4788: i686-linux-gnu-g++ -c   conftest.cpp >&5
configure:4788: $? = 0
configure:4797: result: yes
configure:4806: checking whether i686-linux-gnu-g++ accepts -g
configure:4826: i686-linux-gnu-g++ -c -g  conftest.cpp >&5
configure:4826: $? = 0
configure:4867: result: yes
configure:4916: checking for i686-linux-gnu-gnatbind
configure:4946: result: no
configure:4956: checking for gnatbind
configure:4986: result: no
configure:5008: checking for i686-linux-gnu-gnatmake
configure:5038: result: no
configure:5048: checking for gnatmake
configure:5078: result: no
configure:5097: checking whether compiler driver understands Ada
configure:5120: result: no
configure:5129: checking how to compare bootstrapped objects
configure:5154: result: cmp --ignore-initial=16 $$f1 $$f2
configure:5170: checking for objdir
configure:5185: result: .libs
configure:5351: checking for the correct version of gmp.h
configure:5371: i686-linux-gnu-gcc -c  -I/home/ubuntu/Archer_C7_V5/openwrt/staging_dir/host/include -I/home/ubuntu/Archer_C7_V5/openwrt/staging_dir/host/include -I/home/ubuntu/Archer_C7_V5/openwrt/staging_dir/host/include   conftest.c >&5
configure:5371: $? = 0
configure:5389: i686-linux-gnu-gcc -c  -I/home/ubuntu/Archer_C7_V5/openwrt/staging_dir/host/include -I/home/ubuntu/Archer_C7_V5/openwrt/staging_dir/host/include -I/home/ubuntu/Archer_C7_V5/openwrt/staging_dir/host/include   conftest.c >&5
configure:5389: $? = 0
configure:5390: result: yes
configure:5406: checking for the correct version of mpfr.h
configure:5424: i686-linux-gnu-gcc -c  -I/home/ubuntu/Archer_C7_V5/openwrt/staging_dir/host/include -I/home/ubuntu/Archer_C7_V5/openwrt/staging_dir/host/include -I/home/ubuntu/Archer_C7_V5/openwrt/staging_dir/host/include   conftest.c >&5
configure:5424: $? = 0
configure:5441: i686-linux-gnu-gcc -c  -I/home/ubuntu/Archer_C7_V5/openwrt/staging_dir/host/include -I/home/ubuntu/Archer_C7_V5/openwrt/staging_dir/host/include -I/home/ubuntu/Archer_C7_V5/openwrt/staging_dir/host/include   conftest.c >&5
configure:5441: $? = 0
configure:5442: result: yes
configure:5459: checking for the correct version of mpc.h
configure:5476: i686-linux-gnu-gcc -c  -I/home/ubuntu/Archer_C7_V5/openwrt/staging_dir/host/include -I/home/ubuntu/Archer_C7_V5/openwrt/staging_dir/host/include -I/home/ubuntu/Archer_C7_V5/openwrt/staging_dir/host/include   conftest.c >&5
configure:5476: $? = 0
configure:5492: i686-linux-gnu-gcc -c  -I/home/ubuntu/Archer_C7_V5/openwrt/staging_dir/host/include -I/home/ubuntu/Archer_C7_V5/openwrt/staging_dir/host/include -I/home/ubuntu/Archer_C7_V5/openwrt/staging_dir/host/include   conftest.c >&5
configure:5492: $? = 0
configure:5493: result: yes
configure:5511: checking for the correct version of the gmp/mpfr/mpc libraries
configure:5542: i686-linux-gnu-gcc -o conftest  -I/home/ubuntu/Archer_C7_V5/openwrt/staging_dir/host/include -I/home/ubuntu/Archer_C7_V5/openwrt/staging_dir/host/include -I/home/ubuntu/Archer_C7_V5/openwrt/staging_dir/host/include    conftest.c  -L/home/ubuntu/Archer_C7_V5/openwrt/staging_dir/host/lib -L/home/ubuntu/Archer_C7_V5/openwrt/staging_dir/host/lib -L/home/ubuntu/Archer_C7_V5/openwrt/staging_dir/host/lib -lmpc -lmpfr -lgmp >&5
configure:5542: $? = 0
configure:5543: result: yes
configure:5727: checking for PWL_handle_timeout in -lpwl
configure:5752: i686-linux-gnu-gcc -o conftest     conftest.c -lpwl   >&5
/usr/bin/ld: cannot find -lpwl
collect2: error: ld returned 1 exit status
configure:5752: $? = 1
configure: failed program was:
| /* confdefs.h */
| #define PACKAGE_NAME ""
| #define PACKAGE_TARNAME ""
| #define PACKAGE_VERSION ""
| #define PACKAGE_STRING ""
| #define PACKAGE_BUGREPORT ""
| #define PACKAGE_URL ""
| #define LT_OBJDIR ".libs/"
| /* end confdefs.h.  */
| 
| /* Override any GCC internal prototype to avoid an error.
|    Use char because int might match the return type of a GCC
|    builtin and then its argument prototype would still apply.  */
| #ifdef __cplusplus
| extern "C"
| #endif
| char PWL_handle_timeout ();
| int
| main ()
| {
| return PWL_handle_timeout ();
|   ;
|   return 0;
| }
configure:5761: result: no
configure:5775: checking for version 0.11 (revision 0 or later) of PPL
configure:5792: i686-linux-gnu-gcc -c   -I/home/ubuntu/Archer_C7_V5/openwrt/staging_dir/host/include -I/home/ubuntu/Archer_C7_V5/openwrt/staging_dir/host/include -I/home/ubuntu/Archer_C7_V5/openwrt/staging_dir/host/include   conftest.c >&5
conftest.c:10:19: fatal error: ppl_c.h: No such file or directory
 #include "ppl_c.h"
                   ^
compilation terminated.
configure:5792: $? = 1
configure: failed program was:
| /* confdefs.h */
| #define PACKAGE_NAME ""
| #define PACKAGE_TARNAME ""
| #define PACKAGE_VERSION ""
| #define PACKAGE_STRING ""
| #define PACKAGE_BUGREPORT ""
| #define PACKAGE_URL ""
| #define LT_OBJDIR ".libs/"
| /* end confdefs.h.  */
| #include "ppl_c.h"
| int
| main ()
| {
| 
|     #if PPL_VERSION_MAJOR != 0 || PPL_VERSION_MINOR < 11
|     choke me
|     #endif
| 
|   ;
|   return 0;
| }
configure:5796: result: no
configure:7217: checking for default BUILD_CONFIG
configure:7249: result: 
configure:7739: checking for bison
configure:7755: found /home/ubuntu/Archer_C7_V5/openwrt/staging_dir/host/bin/bison
configure:7766: result: bison -y
configure:7787: checking for bison
configure:7803: found /home/ubuntu/Archer_C7_V5/openwrt/staging_dir/host/bin/bison
configure:7814: result: bison
configure:7834: checking for gm4
configure:7864: result: no
configure:7834: checking for gnum4
configure:7864: result: no
configure:7834: checking for m4
configure:7850: found /home/ubuntu/Archer_C7_V5/openwrt/staging_dir/host/bin/m4
configure:7861: result: m4
configure:7881: checking for flex
configure:7897: found /home/ubuntu/Archer_C7_V5/openwrt/staging_dir/host/bin/flex
configure:7908: result: flex
configure:7929: checking for flex
configure:7945: found /home/ubuntu/Archer_C7_V5/openwrt/staging_dir/host/bin/flex
configure:7956: result: flex
configure:7976: checking for makeinfo
configure:8006: result: no
configure:8037: checking for expect
configure:8067: result: no
configure:8086: checking for runtest
configure:8116: result: no
configure:8192: checking for i686-linux-gnu-ar
configure:8208: found /usr/bin/i686-linux-gnu-ar
configure:8219: result: i686-linux-gnu-ar
configure:8333: checking for i686-linux-gnu-as
configure:8349: found /usr/bin/i686-linux-gnu-as
configure:8360: result: i686-linux-gnu-as
configure:8474: checking for i686-linux-gnu-dlltool
configure:8504: result: no
configure:8513: checking for dlltool
configure:8543: result: no
configure:8615: checking for i686-linux-gnu-ld
configure:8631: found /usr/bin/i686-linux-gnu-ld
configure:8642: result: i686-linux-gnu-ld
configure:8756: checking for i686-linux-gnu-lipo
configure:8786: result: no
configure:8795: checking for lipo
configure:8825: result: no
configure:8897: checking for i686-linux-gnu-nm
configure:8913: found /usr/bin/i686-linux-gnu-nm
configure:8924: result: i686-linux-gnu-nm
configure:9038: checking for i686-linux-gnu-ranlib
configure:9054: found /usr/bin/i686-linux-gnu-ranlib
configure:9065: result: i686-linux-gnu-ranlib
configure:9174: checking for i686-linux-gnu-strip
configure:9190: found /usr/bin/i686-linux-gnu-strip
configure:9201: result: i686-linux-gnu-strip
configure:9310: checking for i686-linux-gnu-windres
configure:9340: result: no
configure:9349: checking for windres
configure:9379: result: no
configure:9451: checking for i686-linux-gnu-windmc
configure:9481: result: no
configure:9490: checking for windmc
configure:9520: result: no
configure:9592: checking for i686-linux-gnu-objcopy
configure:9608: found /usr/bin/i686-linux-gnu-objcopy
configure:9619: result: i686-linux-gnu-objcopy
configure:9733: checking for i686-linux-gnu-objdump
configure:9749: found /usr/bin/i686-linux-gnu-objdump
configure:9760: result: i686-linux-gnu-objdump
configure:9913: checking for mips-openwrt-linux-uclibc-cc
configure:9943: result: no
configure:9913: checking for mips-openwrt-linux-uclibc-gcc
configure:9929: found /home/ubuntu/Archer_C7_V5/openwrt/staging_dir/toolchain-mips_r2_gcc-4.6-linaro_uClibc-0.9.33.2/bin/mips-openwrt-linux-uclibc-gcc
configure:9940: result: mips-openwrt-linux-uclibc-gcc
configure:10074: checking for mips-openwrt-linux-uclibc-c++
configure:10104: result: no
configure:10074: checking for mips-openwrt-linux-uclibc-g++
configure:10104: result: no
configure:10074: checking for mips-openwrt-linux-uclibc-cxx
configure:10104: result: no
configure:10074: checking for mips-openwrt-linux-uclibc-gxx
configure:10104: result: no
configure:10235: checking for mips-openwrt-linux-uclibc-gcc
configure:10251: found /home/ubuntu/Archer_C7_V5/openwrt/staging_dir/toolchain-mips_r2_gcc-4.6-linaro_uClibc-0.9.33.2/bin/mips-openwrt-linux-uclibc-gcc
configure:10262: result: mips-openwrt-linux-uclibc-gcc
configure:10391: checking for mips-openwrt-linux-uclibc-gcj
configure:10421: result: no
configure:10552: checking for mips-openwrt-linux-uclibc-gfortran
configure:10582: result: no
configure:10713: checking for mips-openwrt-linux-uclibc-gccgo
configure:10743: result: no
configure:10843: checking for ar
configure:10861: found /home/ubuntu/Archer_C7_V5/openwrt/staging_dir/toolchain-mips_r2_gcc-4.6-linaro_uClibc-0.9.33.2/mips-openwrt-linux-uclibc/bin/ar
configure:10873: result: /home/ubuntu/Archer_C7_V5/openwrt/staging_dir/toolchain-mips_r2_gcc-4.6-linaro_uClibc-0.9.33.2/mips-openwrt-linux-uclibc/bin/ar
configure:11073: checking for as
configure:11091: found /home/ubuntu/Archer_C7_V5/openwrt/staging_dir/toolchain-mips_r2_gcc-4.6-linaro_uClibc-0.9.33.2/mips-openwrt-linux-uclibc/bin/as
configure:11103: result: /home/ubuntu/Archer_C7_V5/openwrt/staging_dir/toolchain-mips_r2_gcc-4.6-linaro_uClibc-0.9.33.2/mips-openwrt-linux-uclibc/bin/as
configure:11303: checking for dlltool
configure:11336: result: no
configure:11414: checking for mips-openwrt-linux-uclibc-dlltool
configure:11444: result: no
configure:11533: checking for ld
configure:11551: found /home/ubuntu/Archer_C7_V5/openwrt/staging_dir/toolchain-mips_r2_gcc-4.6-linaro_uClibc-0.9.33.2/mips-openwrt-linux-uclibc/bin/ld
configure:11563: result: /home/ubuntu/Archer_C7_V5/openwrt/staging_dir/toolchain-mips_r2_gcc-4.6-linaro_uClibc-0.9.33.2/mips-openwrt-linux-uclibc/bin/ld
configure:11763: checking for lipo
configure:11796: result: no
configure:11874: checking for mips-openwrt-linux-uclibc-lipo
configure:11904: result: no
configure:11993: checking for nm
configure:12011: found /home/ubuntu/Archer_C7_V5/openwrt/staging_dir/toolchain-mips_r2_gcc-4.6-linaro_uClibc-0.9.33.2/mips-openwrt-linux-uclibc/bin/nm
configure:12023: result: /home/ubuntu/Archer_C7_V5/openwrt/staging_dir/toolchain-mips_r2_gcc-4.6-linaro_uClibc-0.9.33.2/mips-openwrt-linux-uclibc/bin/nm
configure:12223: checking for objdump
configure:12241: found /home/ubuntu/Archer_C7_V5/openwrt/staging_dir/toolchain-mips_r2_gcc-4.6-linaro_uClibc-0.9.33.2/mips-openwrt-linux-uclibc/bin/objdump
configure:12253: result: /home/ubuntu/Archer_C7_V5/openwrt/staging_dir/toolchain-mips_r2_gcc-4.6-linaro_uClibc-0.9.33.2/mips-openwrt-linux-uclibc/bin/objdump
configure:12453: checking for ranlib
configure:12471: found /home/ubuntu/Archer_C7_V5/openwrt/staging_dir/toolchain-mips_r2_gcc-4.6-linaro_uClibc-0.9.33.2/mips-openwrt-linux-uclibc/bin/ranlib
configure:12483: result: /home/ubuntu/Archer_C7_V5/openwrt/staging_dir/toolchain-mips_r2_gcc-4.6-linaro_uClibc-0.9.33.2/mips-openwrt-linux-uclibc/bin/ranlib
configure:12683: checking for strip
configure:12701: found /home/ubuntu/Archer_C7_V5/openwrt/staging_dir/toolchain-mips_r2_gcc-4.6-linaro_uClibc-0.9.33.2/mips-openwrt-linux-uclibc/bin/strip
configure:12713: result: /home/ubuntu/Archer_C7_V5/openwrt/staging_dir/toolchain-mips_r2_gcc-4.6-linaro_uClibc-0.9.33.2/mips-openwrt-linux-uclibc/bin/strip
configure:12913: checking for windres
configure:12946: result: no
configure:13024: checking for mips-openwrt-linux-uclibc-windres
configure:13054: result: no
configure:13143: checking for windmc
configure:13176: result: no
configure:13254: checking for mips-openwrt-linux-uclibc-windmc
configure:13284: result: no
configure:13351: checking where to find the target ar
configure:13379: result: pre-installed in /home/ubuntu/Archer_C7_V5/openwrt/staging_dir/toolchain-mips_r2_gcc-4.6-linaro_uClibc-0.9.33.2/mips-openwrt-linux-uclibc/bin
configure:13393: checking where to find the target as
configure:13421: result: pre-installed in /home/ubuntu/Archer_C7_V5/openwrt/staging_dir/toolchain-mips_r2_gcc-4.6-linaro_uClibc-0.9.33.2/mips-openwrt-linux-uclibc/bin
configure:13435: checking where to find the target cc
configure:13458: result: just compiled
configure:13477: checking where to find the target c++
configure:13503: result: just compiled
configure:13522: checking where to find the target c++ for libstdc++
configure:13548: result: just compiled
configure:13567: checking where to find the target dlltool
configure:13604: result: pre-installed
configure:13609: checking where to find the target gcc
configure:13632: result: just compiled
configure:13651: checking where to find the target gcj
configure:13691: result: pre-installed
configure:13696: checking where to find the target gfortran
configure:13736: result: pre-installed
configure:13741: checking where to find the target gccgo
configure:13781: result: pre-installed
configure:13786: checking where to find the target ld
configure:13814: result: pre-installed in /home/ubuntu/Archer_C7_V5/openwrt/staging_dir/toolchain-mips_r2_gcc-4.6-linaro_uClibc-0.9.33.2/mips-openwrt-linux-uclibc/bin
configure:13828: checking where to find the target lipo
configure:13854: result: pre-installed
configure:13859: checking where to find the target nm
configure:13887: result: pre-installed in /home/ubuntu/Archer_C7_V5/openwrt/staging_dir/toolchain-mips_r2_gcc-4.6-linaro_uClibc-0.9.33.2/mips-openwrt-linux-uclibc/bin
configure:13901: checking where to find the target objdump
configure:13929: result: pre-installed in /home/ubuntu/Archer_C7_V5/openwrt/staging_dir/toolchain-mips_r2_gcc-4.6-linaro_uClibc-0.9.33.2/mips-openwrt-linux-uclibc/bin
configure:13943: checking where to find the target ranlib
configure:13971: result: pre-installed in /home/ubuntu/Archer_C7_V5/openwrt/staging_dir/toolchain-mips_r2_gcc-4.6-linaro_uClibc-0.9.33.2/mips-openwrt-linux-uclibc/bin
configure:13985: checking where to find the target strip
configure:14013: result: pre-installed in /home/ubuntu/Archer_C7_V5/openwrt/staging_dir/toolchain-mips_r2_gcc-4.6-linaro_uClibc-0.9.33.2/mips-openwrt-linux-uclibc/bin
configure:14027: checking where to find the target windres
configure:14064: result: pre-installed
configure:14069: checking where to find the target windmc
configure:14106: result: pre-installed
configure:14139: checking whether to enable maintainer-specific portions of Makefiles
configure:14148: result: no
configure:14181: checking whether -fkeep-inline-functions is supported
configure:14200: i686-linux-gnu-gcc -c  -fkeep-inline-functions  conftest.c >&5
configure:14200: $? = 0
configure:14201: result: yes
configure:14398: creating ./config.status

## ---------------------- ##
## Running config.status. ##
## ---------------------- ##

This file was extended by config.status, which was
generated by GNU Autoconf 2.64.  Invocation command line was

  CONFIG_FILES    = 
  CONFIG_HEADERS  = 
  CONFIG_LINKS    = 
  CONFIG_COMMANDS = 
  $ ./config.status 

on ubuntu

config.status:974: creating Makefile

## ---------------- ##
## Cache variables. ##
## ---------------- ##

ac_cv_build=i686-pc-linux-gnu
ac_cv_c_compiler_gnu=yes
ac_cv_cxx_compiler_gnu=yes
ac_cv_env_AR_FOR_TARGET_set=
ac_cv_env_AR_FOR_TARGET_value=
ac_cv_env_AR_set=
ac_cv_env_AR_value=
ac_cv_env_AS_FOR_TARGET_set=
ac_cv_env_AS_FOR_TARGET_value=
ac_cv_env_AS_set=
ac_cv_env_AS_value=
ac_cv_env_CCC_set=
ac_cv_env_CCC_value=
ac_cv_env_CC_FOR_TARGET_set=
ac_cv_env_CC_FOR_TARGET_value=
ac_cv_env_CC_set=
ac_cv_env_CC_value=
ac_cv_env_CFLAGS_set=set
ac_cv_env_CFLAGS_value=
ac_cv_env_CPPFLAGS_set=
ac_cv_env_CPPFLAGS_value=
ac_cv_env_CXXFLAGS_set=
ac_cv_env_CXXFLAGS_value=
ac_cv_env_CXX_FOR_TARGET_set=
ac_cv_env_CXX_FOR_TARGET_value=
ac_cv_env_CXX_set=
ac_cv_env_CXX_value=
ac_cv_env_DLLTOOL_FOR_TARGET_set=
ac_cv_env_DLLTOOL_FOR_TARGET_value=
ac_cv_env_DLLTOOL_set=
ac_cv_env_DLLTOOL_value=
ac_cv_env_GCC_FOR_TARGET_set=
ac_cv_env_GCC_FOR_TARGET_value=
ac_cv_env_GCJ_FOR_TARGET_set=
ac_cv_env_GCJ_FOR_TARGET_value=
ac_cv_env_GFORTRAN_FOR_TARGET_set=
ac_cv_env_GFORTRAN_FOR_TARGET_value=
ac_cv_env_GOC_FOR_TARGET_set=
ac_cv_env_GOC_FOR_TARGET_value=
ac_cv_env_LDFLAGS_set=
ac_cv_env_LDFLAGS_value=
ac_cv_env_LD_FOR_TARGET_set=
ac_cv_env_LD_FOR_TARGET_value=
ac_cv_env_LD_set=
ac_cv_env_LD_value=
ac_cv_env_LIBS_set=
ac_cv_env_LIBS_value=
ac_cv_env_LIPO_FOR_TARGET_set=
ac_cv_env_LIPO_FOR_TARGET_value=
ac_cv_env_LIPO_set=
ac_cv_env_LIPO_value=
ac_cv_env_NM_FOR_TARGET_set=
ac_cv_env_NM_FOR_TARGET_value=
ac_cv_env_NM_set=
ac_cv_env_NM_value=
ac_cv_env_OBJCOPY_set=
ac_cv_env_OBJCOPY_value=
ac_cv_env_OBJDUMP_FOR_TARGET_set=
ac_cv_env_OBJDUMP_FOR_TARGET_value=
ac_cv_env_OBJDUMP_set=
ac_cv_env_OBJDUMP_value=
ac_cv_env_RANLIB_FOR_TARGET_set=
ac_cv_env_RANLIB_FOR_TARGET_value=
ac_cv_env_RANLIB_set=
ac_cv_env_RANLIB_value=
ac_cv_env_STRIP_FOR_TARGET_set=
ac_cv_env_STRIP_FOR_TARGET_value=
ac_cv_env_STRIP_set=
ac_cv_env_STRIP_value=
ac_cv_env_WINDMC_FOR_TARGET_set=
ac_cv_env_WINDMC_FOR_TARGET_value=
ac_cv_env_WINDMC_set=
ac_cv_env_WINDMC_value=
ac_cv_env_WINDRES_FOR_TARGET_set=
ac_cv_env_WINDRES_FOR_TARGET_value=
ac_cv_env_WINDRES_set=
ac_cv_env_WINDRES_value=
ac_cv_env_build_alias_set=set
ac_cv_env_build_alias_value=i686-linux-gnu
ac_cv_env_build_configargs_set=
ac_cv_env_build_configargs_value=
ac_cv_env_host_alias_set=set
ac_cv_env_host_alias_value=i686-linux-gnu
ac_cv_env_host_configargs_set=
ac_cv_env_host_configargs_value=
ac_cv_env_target_alias_set=set
ac_cv_env_target_alias_value=mips-openwrt-linux-uclibc
ac_cv_env_target_configargs_set=
ac_cv_env_target_configargs_value=
ac_cv_host=i686-pc-linux-gnu
ac_cv_lib_pwl_PWL_handle_timeout=no
ac_cv_objext=o
ac_cv_path_AR_FOR_TARGET=/home/ubuntu/Archer_C7_V5/openwrt/staging_dir/toolchain-mips_r2_gcc-4.6-linaro_uClibc-0.9.33.2/mips-openwrt-linux-uclibc/bin/ar
ac_cv_path_AS_FOR_TARGET=/home/ubuntu/Archer_C7_V5/openwrt/staging_dir/toolchain-mips_r2_gcc-4.6-linaro_uClibc-0.9.33.2/mips-openwrt-linux-uclibc/bin/as
ac_cv_path_LD_FOR_TARGET=/home/ubuntu/Archer_C7_V5/openwrt/staging_dir/toolchain-mips_r2_gcc-4.6-linaro_uClibc-0.9.33.2/mips-openwrt-linux-uclibc/bin/ld
ac_cv_path_NM_FOR_TARGET=/home/ubuntu/Archer_C7_V5/openwrt/staging_dir/toolchain-mips_r2_gcc-4.6-linaro_uClibc-0.9.33.2/mips-openwrt-linux-uclibc/bin/nm
ac_cv_path_OBJDUMP_FOR_TARGET=/home/ubuntu/Archer_C7_V5/openwrt/staging_dir/toolchain-mips_r2_gcc-4.6-linaro_uClibc-0.9.33.2/mips-openwrt-linux-uclibc/bin/objdump
ac_cv_path_RANLIB_FOR_TARGET=/home/ubuntu/Archer_C7_V5/openwrt/staging_dir/toolchain-mips_r2_gcc-4.6-linaro_uClibc-0.9.33.2/mips-openwrt-linux-uclibc/bin/ranlib
ac_cv_path_SED=/home/ubuntu/Archer_C7_V5/openwrt/staging_dir/host/bin/sed
ac_cv_path_STRIP_FOR_TARGET=/home/ubuntu/Archer_C7_V5/openwrt/staging_dir/toolchain-mips_r2_gcc-4.6-linaro_uClibc-0.9.33.2/mips-openwrt-linux-uclibc/bin/strip
ac_cv_path_install='/usr/bin/install -c'
ac_cv_prog_AR=i686-linux-gnu-ar
ac_cv_prog_AS=i686-linux-gnu-as
ac_cv_prog_AWK=mawk
ac_cv_prog_BISON=bison
ac_cv_prog_CC=i686-linux-gnu-gcc
ac_cv_prog_CC_FOR_TARGET=mips-openwrt-linux-uclibc-gcc
ac_cv_prog_CXX=i686-linux-gnu-g++
ac_cv_prog_FLEX=flex
ac_cv_prog_GCC_FOR_TARGET=mips-openwrt-linux-uclibc-gcc
ac_cv_prog_LD=i686-linux-gnu-ld
ac_cv_prog_LEX=flex
ac_cv_prog_M4=m4
ac_cv_prog_NM=i686-linux-gnu-nm
ac_cv_prog_OBJCOPY=i686-linux-gnu-objcopy
ac_cv_prog_OBJDUMP=i686-linux-gnu-objdump
ac_cv_prog_RANLIB=i686-linux-gnu-ranlib
ac_cv_prog_STRIP=i686-linux-gnu-strip
ac_cv_prog_YACC='bison -y'
ac_cv_prog_cc_c89=
ac_cv_prog_cc_g=yes
ac_cv_prog_cxx_g=yes
ac_cv_target=mips-openwrt-linux-uclibc
acx_cv_cc_gcc_supports_ada=no
acx_cv_prog_LN=ln
gcc_cv_prog_cmp_skip='cmp --ignore-initial=16 $$f1 $$f2'
gcc_cv_tool_dirs=/home/ubuntu/Archer_C7_V5/openwrt/staging_dir/toolchain-mips_r2_gcc-4.6-linaro_uClibc-0.9.33.2/libexec/gcc/mips-openwrt-linux-uclibc/4.6.3:/home/ubuntu/Archer_C7_V5/openwrt/staging_dir/toolchain-mips_r2_gcc-4.6-linaro_uClibc-0.9.33.2/libexec/gcc/mips-openwrt-linux-uclibc:/usr/lib/gcc/mips-openwrt-linux-uclibc/4.6.3:/usr/lib/gcc/mips-openwrt-linux-uclibc:/home/ubuntu/Archer_C7_V5/openwrt/staging_dir/toolchain-mips_r2_gcc-4.6-linaro_uClibc-0.9.33.2/mips-openwrt-linux-uclibc/bin/mips-openwrt-linux-uclibc/4.6.3:/home/ubuntu/Archer_C7_V5/openwrt/staging_dir/toolchain-mips_r2_gcc-4.6-linaro_uClibc-0.9.33.2/mips-openwrt-linux-uclibc/bin:
gcc_cv_tool_prefix=/home/ubuntu/Archer_C7_V5/openwrt/staging_dir/toolchain-mips_r2_gcc-4.6-linaro_uClibc-0.9.33.2
glibcxx_cv_c99_math_tr1=no
libgcc_cv_fixed_point=no
lt_cv_objdir=.libs

## ----------------- ##
## Output variables. ##
## ----------------- ##

AR='i686-linux-gnu-ar'
AR_FOR_BUILD='$(AR)'
AR_FOR_TARGET='/home/ubuntu/Archer_C7_V5/openwrt/staging_dir/toolchain-mips_r2_gcc-4.6-linaro_uClibc-0.9.33.2/mips-openwrt-linux-uclibc/bin/ar'
AS='i686-linux-gnu-as'
AS_FOR_BUILD='$(AS)'
AS_FOR_TARGET='/home/ubuntu/Archer_C7_V5/openwrt/staging_dir/toolchain-mips_r2_gcc-4.6-linaro_uClibc-0.9.33.2/mips-openwrt-linux-uclibc/bin/as'
AWK='mawk'
BISON='bison'
BUILD_CONFIG=''
CC='i686-linux-gnu-gcc'
CC_FOR_BUILD='$(CC)'
CC_FOR_TARGET='$$r/$(HOST_SUBDIR)/gcc/xgcc -B$$r/$(HOST_SUBDIR)/gcc/'
CFLAGS=''
CFLAGS_FOR_BUILD=''
CFLAGS_FOR_TARGET='-g '
COMPILER_AS_FOR_TARGET='$$r/$(HOST_SUBDIR)/gcc/as'
COMPILER_LD_FOR_TARGET='$$r/$(HOST_SUBDIR)/gcc/collect-ld'
COMPILER_NM_FOR_TARGET='$$r/$(HOST_SUBDIR)/gcc/nm'
CONFIGURE_GDB_TK=''
CPPFLAGS=''
CXX='i686-linux-gnu-g++'
CXXFLAGS='-g -O2'
CXXFLAGS_FOR_BUILD='-g -O2'
CXXFLAGS_FOR_TARGET='-g -O2'
CXX_FOR_BUILD='$(CXX)'
CXX_FOR_TARGET='$$r/$(HOST_SUBDIR)/gcc/g++ -B$$r/$(HOST_SUBDIR)/gcc/ -nostdinc++ `if test -f $$r/$(TARGET_SUBDIR)/libstdc++-v3/scripts/testsuite_flags; then $(SHELL) $$r/$(TARGET_SUBDIR)/libstdc++-v3/scripts/testsuite_flags --build-includes; else echo -funconfigured-libstdc++-v3 ; fi` -L$$r/$(TARGET_SUBDIR)/libstdc++-v3/src -L$$r/$(TARGET_SUBDIR)/libstdc++-v3/src/.libs'
DEBUG_PREFIX_CFLAGS_FOR_TARGET=''
DEFS='-DPACKAGE_NAME=\"\" -DPACKAGE_TARNAME=\"\" -DPACKAGE_VERSION=\"\" -DPACKAGE_STRING=\"\" -DPACKAGE_BUGREPORT=\"\" -DPACKAGE_URL=\"\" -DLT_OBJDIR=\".libs/\"'
DLLTOOL='dlltool'
DLLTOOL_FOR_BUILD='$(DLLTOOL)'
DLLTOOL_FOR_TARGET='mips-openwrt-linux-uclibc-dlltool'
ECHO_C=''
ECHO_N='-n'
ECHO_T=''
EXEEXT=''
EXPECT='expect'
FLAGS_FOR_TARGET=' -B$(build_tooldir)/bin/ -B$(build_tooldir)/lib/ -isystem $(build_tooldir)/include -isystem $(build_tooldir)/sys-include'
FLEX='flex'
GCC_FOR_TARGET='$$r/$(HOST_SUBDIR)/gcc/xgcc -B$$r/$(HOST_SUBDIR)/gcc/'
GCC_SHLIB_SUBDIR=''
GCJ_FOR_BUILD='$(GCJ)'
GCJ_FOR_TARGET='mips-openwrt-linux-uclibc-gcj'
GDB_TK=''
GFORTRAN_FOR_BUILD='$(GFORTRAN)'
GFORTRAN_FOR_TARGET='mips-openwrt-linux-uclibc-gfortran'
GNATBIND='no'
GNATMAKE='no'
GOC_FOR_BUILD='$(GOC)'
GOC_FOR_TARGET='mips-openwrt-linux-uclibc-gccgo'
INSTALL_DATA='${INSTALL} -m 644'
INSTALL_GDB_TK=''
INSTALL_PROGRAM='${INSTALL}'
INSTALL_SCRIPT='${INSTALL}'
LD='i686-linux-gnu-ld'
LDFLAGS=''
LDFLAGS_FOR_BUILD=''
LD_FOR_BUILD='$(LD)'
LD_FOR_TARGET='/home/ubuntu/Archer_C7_V5/openwrt/staging_dir/toolchain-mips_r2_gcc-4.6-linaro_uClibc-0.9.33.2/mips-openwrt-linux-uclibc/bin/ld'
LEX='flex'
LIBOBJS=''
LIBS=''
LIPO='lipo'
LIPO_FOR_TARGET='mips-openwrt-linux-uclibc-lipo'
LN='ln'
LN_S='ln -s'
LTLIBOBJS=''
M4='m4'
MAINT='#'
MAINTAINER_MODE_FALSE=''
MAINTAINER_MODE_TRUE='#'
MAKEINFO='/home/ubuntu/Archer_C7_V5/openwrt/build_dir/toolchain-mips_r2_gcc-4.6-linaro_uClibc-0.9.33.2/gcc-linaro-4.6-2012.02/missing makeinfo'
NM='i686-linux-gnu-nm'
NM_FOR_BUILD='$(NM)'
NM_FOR_TARGET='/home/ubuntu/Archer_C7_V5/openwrt/staging_dir/toolchain-mips_r2_gcc-4.6-linaro_uClibc-0.9.33.2/mips-openwrt-linux-uclibc/bin/nm'
OBJCOPY='i686-linux-gnu-objcopy'
OBJDUMP='i686-linux-gnu-objdump'
OBJDUMP_FOR_TARGET='/home/ubuntu/Archer_C7_V5/openwrt/staging_dir/toolchain-mips_r2_gcc-4.6-linaro_uClibc-0.9.33.2/mips-openwrt-linux-uclibc/bin/objdump'
OBJEXT='o'
PACKAGE_BUGREPORT=''
PACKAGE_NAME=''
PACKAGE_STRING=''
PACKAGE_TARNAME=''
PACKAGE_URL=''
PACKAGE_VERSION=''
PATH_SEPARATOR=':'
RANLIB='i686-linux-gnu-ranlib'
RANLIB_FOR_BUILD='$(RANLIB)'
RANLIB_FOR_TARGET='/home/ubuntu/Archer_C7_V5/openwrt/staging_dir/toolchain-mips_r2_gcc-4.6-linaro_uClibc-0.9.33.2/mips-openwrt-linux-uclibc/bin/ranlib'
RAW_CXX_FOR_TARGET='$$r/$(HOST_SUBDIR)/gcc/xgcc -shared-libgcc -B$$r/$(HOST_SUBDIR)/gcc -nostdinc++ -L$$r/$(TARGET_SUBDIR)/libstdc++-v3/src -L$$r/$(TARGET_SUBDIR)/libstdc++-v3/src/.libs'
RPATH_ENVVAR='LD_LIBRARY_PATH'
RUNTEST='runtest'
SED='/home/ubuntu/Archer_C7_V5/openwrt/staging_dir/host/bin/sed'
SHELL='/bin/bash'
STRIP='i686-linux-gnu-strip'
STRIP_FOR_TARGET='/home/ubuntu/Archer_C7_V5/openwrt/staging_dir/toolchain-mips_r2_gcc-4.6-linaro_uClibc-0.9.33.2/mips-openwrt-linux-uclibc/bin/strip'
SYSROOT_CFLAGS_FOR_TARGET=''
TOPLEVEL_CONFIGURE_ARGUMENTS='/home/ubuntu/Archer_C7_V5/openwrt/build_dir/toolchain-mips_r2_gcc-4.6-linaro_uClibc-0.9.33.2/gcc-linaro-4.6-2012.02/configure --prefix=/home/ubuntu/Archer_C7_V5/openwrt/staging_dir/toolchain-mips_r2_gcc-4.6-linaro_uClibc-0.9.33.2 --build=i686-linux-gnu --host=i686-linux-gnu --target=mips-openwrt-linux-uclibc --with-gnu-ld --enable-target-optspace --disable-libgomp --disable-libmudflap --disable-multilib --disable-nls --with-host-libstdcxx=-lstdc++ --with-float=soft --with-gmp=/home/ubuntu/Archer_C7_V5/openwrt/staging_dir/host --with-mpfr=/home/ubuntu/Archer_C7_V5/openwrt/staging_dir/host --disable-decimal-float --with-mips-plt --with-mpc=/home/ubuntu/Archer_C7_V5/openwrt/staging_dir/host --disable-libssp --disable-__cxa_atexit --with-headers=/home/ubuntu/Archer_C7_V5/openwrt/staging_dir/toolchain-mips_r2_gcc-4.6-linaro_uClibc-0.9.33.2/include --enable-languages=c,c++ --enable-shared --enable-threads --with-slibdir=/home/ubuntu/Archer_C7_V5/openwrt/staging_dir/toolchain-mips_r2_gcc-4.6-linaro_uClibc-0.9.33.2/lib --enable-lto --with-libelf=/home/ubuntu/Archer_C7_V5/openwrt/staging_dir/host --disable-tls'
WINDMC='windmc'
WINDMC_FOR_BUILD='$(WINDMC)'
WINDMC_FOR_TARGET='mips-openwrt-linux-uclibc-windmc'
WINDRES='windres'
WINDRES_FOR_BUILD='$(WINDRES)'
WINDRES_FOR_TARGET='mips-openwrt-linux-uclibc-windres'
YACC='bison -y'
ac_ct_CC=''
ac_ct_CXX=''
bindir='${exec_prefix}/bin'
build='i686-pc-linux-gnu'
build_alias='i686-linux-gnu'
build_configargs=' --cache-file=../config.cache '\''--prefix=/home/ubuntu/Archer_C7_V5/openwrt/staging_dir/toolchain-mips_r2_gcc-4.6-linaro_uClibc-0.9.33.2'\'' '\''--with-gnu-ld'\'' '\''--enable-target-optspace'\'' '\''--disable-libgomp'\'' '\''--disable-libmudflap'\'' '\''--disable-multilib'\'' '\''--disable-nls'\'' '\''--with-host-libstdcxx=-lstdc++'\'' '\''--with-float=soft'\'' '\''--with-gmp=/home/ubuntu/Archer_C7_V5/openwrt/staging_dir/host'\'' '\''--with-mpfr=/home/ubuntu/Archer_C7_V5/openwrt/staging_dir/host'\'' '\''--disable-decimal-float'\'' '\''--with-mips-plt'\'' '\''--with-mpc=/home/ubuntu/Archer_C7_V5/openwrt/staging_dir/host'\'' '\''--disable-libssp'\'' '\''--disable-__cxa_atexit'\'' '\''--with-headers=/home/ubuntu/Archer_C7_V5/openwrt/staging_dir/toolchain-mips_r2_gcc-4.6-linaro_uClibc-0.9.33.2/include'\'' '\''--enable-shared'\'' '\''--enable-threads'\'' '\''--with-slibdir=/home/ubuntu/Archer_C7_V5/openwrt/staging_dir/toolchain-mips_r2_gcc-4.6-linaro_uClibc-0.9.33.2/lib'\'' '\''--enable-lto'\'' '\''--with-libelf=/home/ubuntu/Archer_C7_V5/openwrt/staging_dir/host'\'' '\''--disable-tls'\'' '\''--enable-languages=c,c++,lto'\'' --program-transform-name='\''s&^&mips-openwrt-linux-uclibc-&'\'' --disable-option-checking'
build_configdirs=' libiberty fixincludes'
build_cpu='i686'
build_libsubdir='build-i686-linux-gnu'
build_noncanonical='i686-linux-gnu'
build_os='linux-gnu'
build_subdir='build-i686-linux-gnu'
build_tooldir='${exec_prefix}/mips-openwrt-linux-uclibc'
build_vendor='pc'
clooginc=''
clooglibs=''
compare_exclusions='gcc/cc*-checksum$(objext) | gcc/ada/*tools/*'
config_shell='/bin/bash'
configdirs=' intl libiberty zlib libcpp libdecnumber fixincludes gcc lto-plugin'
datadir='${datarootdir}'
datarootdir='${prefix}/share'
do_compare='cmp --ignore-initial=16 $$f1 $$f2'
docdir='${datarootdir}/doc/${PACKAGE}'
dvidir='${docdir}'
exec_prefix='${prefix}'
extra_host_libiberty_configure_flags='--enable-shared'
extra_mpc_gmp_configure_flags=''
extra_mpc_mpfr_configure_flags=''
extra_mpfr_configure_flags=''
gmpinc='-I/home/ubuntu/Archer_C7_V5/openwrt/staging_dir/host/include -I/home/ubuntu/Archer_C7_V5/openwrt/staging_dir/host/include -I/home/ubuntu/Archer_C7_V5/openwrt/staging_dir/host/include '
gmplibs='-L/home/ubuntu/Archer_C7_V5/openwrt/staging_dir/host/lib -L/home/ubuntu/Archer_C7_V5/openwrt/staging_dir/host/lib -L/home/ubuntu/Archer_C7_V5/openwrt/staging_dir/host/lib -lmpc -lmpfr -lgmp'
host='i686-pc-linux-gnu'
host_alias='i686-linux-gnu'
host_configargs=' --cache-file=./config.cache  --with-stabs '\''--prefix=/home/ubuntu/Archer_C7_V5/openwrt/staging_dir/toolchain-mips_r2_gcc-4.6-linaro_uClibc-0.9.33.2'\'' '\''--with-gnu-ld'\'' '\''--enable-target-optspace'\'' '\''--disable-libgomp'\'' '\''--disable-libmudflap'\'' '\''--disable-multilib'\'' '\''--disable-nls'\'' '\''--with-host-libstdcxx=-lstdc++'\'' '\''--with-float=soft'\'' '\''--with-gmp=/home/ubuntu/Archer_C7_V5/openwrt/staging_dir/host'\'' '\''--with-mpfr=/home/ubuntu/Archer_C7_V5/openwrt/staging_dir/host'\'' '\''--disable-decimal-float'\'' '\''--with-mips-plt'\'' '\''--with-mpc=/home/ubuntu/Archer_C7_V5/openwrt/staging_dir/host'\'' '\''--disable-libssp'\'' '\''--disable-__cxa_atexit'\'' '\''--with-headers=/home/ubuntu/Archer_C7_V5/openwrt/staging_dir/toolchain-mips_r2_gcc-4.6-linaro_uClibc-0.9.33.2/include'\'' '\''--enable-shared'\'' '\''--enable-threads'\'' '\''--with-slibdir=/home/ubuntu/Archer_C7_V5/openwrt/staging_dir/toolchain-mips_r2_gcc-4.6-linaro_uClibc-0.9.33.2/lib'\'' '\''--enable-lto'\'' '\''--with-libelf=/home/ubuntu/Archer_C7_V5/openwrt/staging_dir/host'\'' '\''--disable-tls'\'' '\''--enable-languages=c,c++,lto'\'' --program-transform-name='\''s&^&mips-openwrt-linux-uclibc-&'\'' --disable-option-checking'
host_cpu='i686'
host_noncanonical='i686-linux-gnu'
host_os='linux-gnu'
host_subdir='.'
host_vendor='pc'
htmldir='${docdir}'
includedir='${prefix}/include'
infodir='${datarootdir}/info'
libdir='${exec_prefix}/lib'
libexecdir='${exec_prefix}/libexec'
localedir='${datarootdir}/locale'
localstatedir='${prefix}/var'
mandir='${datarootdir}/man'
oldincludedir='/usr/include'
pdfdir='${docdir}'
poststage1_ldflags=''
poststage1_libs='-lstdc++'
pplinc=''
ppllibs=''
prefix='/home/ubuntu/Archer_C7_V5/openwrt/staging_dir/toolchain-mips_r2_gcc-4.6-linaro_uClibc-0.9.33.2'
program_transform_name='s&^&mips-openwrt-linux-uclibc-&'
psdir='${docdir}'
sbindir='${exec_prefix}/sbin'
sharedstatedir='${prefix}/com'
stage1_cflags='-g -fkeep-inline-functions'
stage1_checking='--enable-checking=yes,types'
stage1_languages='c,lto'
stage1_ldflags=''
stage1_libs='-lstdc++'
stage2_werror_flag=''
sysconfdir='${prefix}/etc'
target='mips-openwrt-linux-uclibc'
target_alias='mips-openwrt-linux-uclibc'
target_configargs='--cache-file=./config.cache --with-cross-host=i686-linux-gnu   '\''--prefix=/home/ubuntu/Archer_C7_V5/openwrt/staging_dir/toolchain-mips_r2_gcc-4.6-linaro_uClibc-0.9.33.2'\'' '\''--with-gnu-ld'\'' '\''--enable-target-optspace'\'' '\''--disable-libgomp'\'' '\''--disable-libmudflap'\'' '\''--disable-multilib'\'' '\''--disable-nls'\'' '\''--with-host-libstdcxx=-lstdc++'\'' '\''--with-float=soft'\'' '\''--disable-decimal-float'\'' '\''--with-mips-plt'\'' '\''--disable-libssp'\'' '\''--disable-__cxa_atexit'\'' '\''--with-headers=/home/ubuntu/Archer_C7_V5/openwrt/staging_dir/toolchain-mips_r2_gcc-4.6-linaro_uClibc-0.9.33.2/include'\'' '\''--enable-shared'\'' '\''--enable-threads'\'' '\''--with-slibdir=/home/ubuntu/Archer_C7_V5/openwrt/staging_dir/toolchain-mips_r2_gcc-4.6-linaro_uClibc-0.9.33.2/lib'\'' '\''--enable-lto'\'' '\''--with-libelf=/home/ubuntu/Archer_C7_V5/openwrt/staging_dir/host'\'' '\''--disable-tls'\'' '\''--enable-languages=c,c++,lto'\'' --program-transform-name='\''s&^&mips-openwrt-linux-uclibc-&'\'' --disable-option-checking'
target_configdirs=' libgcc libstdc++-v3 libquadmath'
target_cpu='mips'
target_noncanonical='mips-openwrt-linux-uclibc'
target_os='linux-uclibc'
target_subdir='mips-openwrt-linux-uclibc'
target_vendor='openwrt'
tooldir='${exec_prefix}/mips-openwrt-linux-uclibc'

## ------------------- ##
## File substitutions. ##
## ------------------- ##

alphaieee_frag='/dev/null'
host_makefile_frag='/home/ubuntu/Archer_C7_V5/openwrt/build_dir/toolchain-mips_r2_gcc-4.6-linaro_uClibc-0.9.33.2/gcc-linaro-4.6-2012.02/config/mh-x86omitfp'
ospace_frag='/home/ubuntu/Archer_C7_V5/openwrt/build_dir/toolchain-mips_r2_gcc-4.6-linaro_uClibc-0.9.33.2/gcc-linaro-4.6-2012.02/config/mt-ospace'
serialization_dependencies='serdep.tmp'
target_makefile_frag='/home/ubuntu/Archer_C7_V5/openwrt/build_dir/toolchain-mips_r2_gcc-4.6-linaro_uClibc-0.9.33.2/gcc-linaro-4.6-2012.02/config/mt-mips-gnu'

## ----------- ##
## confdefs.h. ##
## ----------- ##

/* confdefs.h */
#define PACKAGE_NAME ""
#define PACKAGE_TARNAME ""
#define PACKAGE_VERSION ""
#define PACKAGE_STRING ""
#define PACKAGE_BUGREPORT ""
#define PACKAGE_URL ""
#define LT_OBJDIR ".libs/"

configure: exit 0
