This file contains any messages produced by compilers while
running configure, to aid debugging if configure makes a mistake.

It was created by configure, which was
generated by GNU Autoconf 2.64.  Invocation command line was

  $ ./configure --target=mips64-octeon-linux-gnu --host=mips64-octeon-linux-gnu --build=x86_64-linux-gnu --program-prefix= --program-suffix= --prefix=/usr --exec-prefix=/usr --bindir=/usr/bin --sbindir=/usr/sbin --libexecdir=/usr/lib --sysconfdir=/etc --datadir=/usr/share --localstatedir=/var --mandir=/usr/man --infodir=/usr/info --disable-nls --with-system-readline --without-expat --disable-werror

## --------- ##
## Platform. ##
## --------- ##

hostname = ubuntu
uname -m = x86_64
uname -r = 4.4.0-148-generic
uname -s = Linux
uname -v = #174~14.04.1-Ubuntu SMP Thu May 9 08:17:37 UTC 2019

/usr/bin/uname -p = unknown
/bin/uname -X     = unknown

/bin/arch              = unknown
/usr/bin/arch -k       = unknown
/usr/convex/getsysinfo = unknown
/usr/bin/hostinfo      = unknown
/bin/machine           = unknown
/usr/bin/oslevel       = unknown
/bin/universe          = unknown

PATH: /home/ubuntu/tp-link/ER7206_trunk/staging_dir/target-mips64-octeon-linux-gnu-osg_pro_un_v1/host/bin
PATH: /home/ubuntu/tp-link/ER7206_trunk/staging_dir/toolchain-mips64-octeon-linux-gnu/bin
PATH: /home/ubuntu/tp-link/ER7206_trunk/staging_dir/toolchain-cavium-sdk-3.x/usr/bin
PATH: /home/ubuntu/tp-link/ER7206_trunk/staging_dir/toolchain-cavium-sdk-3.x/bin
PATH: /home/ubuntu/tp-link/ER7206_trunk/staging_dir/host/bin
PATH: /home/ubuntu/tp-link/ER7206_trunk/staging_dir/toolchain-mips64-octeon-linux-gnu/bin
PATH: /home/ubuntu/tp-link/ER7206_trunk/staging_dir/toolchain-cavium-sdk-3.x/usr/bin
PATH: /home/ubuntu/tp-link/ER7206_trunk/staging_dir/toolchain-cavium-sdk-3.x/bin
PATH: /home/ubuntu/tp-link/ER7206_trunk/staging_dir/host/bin
PATH: /home/ubuntu/tp-link/ER7206_trunk/staging_dir/toolchain-mips64-octeon-linux-gnu/bin
PATH: /home/ubuntu/tp-link/ER7206_trunk/staging_dir/toolchain-cavium-sdk-3.x/usr/bin
PATH: /home/ubuntu/tp-link/ER7206_trunk/staging_dir/toolchain-cavium-sdk-3.x/bin
PATH: /home/ubuntu/tp-link/ER7206_trunk/staging_dir/host/bin
PATH: /usr/local/sbin
PATH: /usr/local/bin
PATH: /usr/sbin
PATH: /usr/bin
PATH: /sbin
PATH: /bin
PATH: /usr/games
PATH: /usr/local/games


## ----------- ##
## Core tests. ##
## ----------- ##

configure:2082: loading site script /home/ubuntu/tp-link/ER7206_trunk/include/site/mips64-octeon-linux-gnu
| #!/bin/sh
| 
| . $TOPDIR/include/site/mips64-linux
| . $TOPDIR/include/site/linux-gnu
| 
configure:2237: checking build system type
configure:2251: result: x86_64-pc-linux-gnu
configure:2298: checking host system type
configure:2311: result: mips64-octeon-linux-gnu
configure:2331: checking target system type
configure:2344: result: mips64-octeon-linux-gnu
configure:2398: checking for a BSD-compatible install
configure:2466: result: /usr/bin/install -c
configure:2477: checking whether ln works
configure:2499: result: yes
configure:2503: checking whether ln -s works
configure:2507: result: yes
configure:2514: checking for a sed that does not truncate output
configure:2578: result: /home/ubuntu/tp-link/ER7206_trunk/staging_dir/host/bin/sed
configure:2587: checking for gawk
configure:2603: found /usr/bin/gawk
configure:2614: result: gawk
configure:3727: checking for mips64-octeon-linux-gnu-gcc
configure:3754: result: mips64-octeon-linux-gnu-gcc
configure:4023: checking for C compiler version
configure:4032: mips64-octeon-linux-gnu-gcc --version >&5
mips64-octeon-linux-gnu-gcc (Cavium Inc. Version: SDK_3_1_0_p2 build 34) 4.7.0
Copyright (C) 2012 Free Software Foundation, Inc.
This is free software; see the source for copying conditions.  There is NO
warranty; not even for MERCHANTABILITY or FITNESS FOR A PARTICULAR PURPOSE.

configure:4043: $? = 0
configure:4032: mips64-octeon-linux-gnu-gcc -v >&5
Using built-in specs.
COLLECT_GCC=mips64-octeon-linux-gnu-gcc
COLLECT_LTO_WRAPPER=/home/ubuntu/tp-link/ER7206_trunk/staging_dir/toolchain-cavium-sdk-3.x/bin/../libexec/gcc/mips64-octeon-linux-gnu/4.7.0/lto-wrapper
Target: mips64-octeon-linux-gnu
Configured with: /usr/local/Cavium_Networks/octsw/toolchain/scripts/../src/configure --disable-fixed-point --without-ppl --without-python --disable-werror --with-lto-plugin-source=/usr/local/Cavium_Networks/octsw/toolchain/scripts/../gits/gcc/lto-plugin --enable-plugins --with-sysroot --with-local-prefix=/usr/local/Cavium_Networks/octsw/toolchain/scripts/../tools/mips64-octeon-linux-gnu/sys-root --disable-sim --enable-symvers=gnu --enable-__cxa_atexit --enable-symvers=gnu --enable-__cxa_atexit --with-mips-plt --disable-sim --target=mips64-octeon-linux-gnu --enable-languages=c,c++ --prefix=/usr/local/Cavium_Networks/octsw/toolchain/scripts/../tools --with-pkgversion='Cavium Inc. Version: SDK_3_1_0_p2 build 34' --with-bugurl=http://www.cavium.com/support.html --with-libexpat-prefix=/usr/local/Cavium_Networks/octsw/toolchain/scripts/../libs
Thread model: posix
gcc version 4.7.0 (Cavium Inc. Version: SDK_3_1_0_p2 build 34) 
configure:4043: $? = 0
configure:4032: mips64-octeon-linux-gnu-gcc -V >&5
mips64-octeon-linux-gnu-gcc: error: unrecognized command line option '-V'
mips64-octeon-linux-gnu-gcc: fatal error: no input files
compilation terminated.
configure:4043: $? = 1
configure:4032: mips64-octeon-linux-gnu-gcc -qversion >&5
mips64-octeon-linux-gnu-gcc: error: unrecognized command line option '-qversion'
mips64-octeon-linux-gnu-gcc: fatal error: no input files
compilation terminated.
configure:4043: $? = 1
configure:4063: checking for C compiler default output file name
configure:4085: mips64-octeon-linux-gnu-gcc -Os -pipe -mno-branch-likely -march=octeon -mabi=64 -fno-caller-saves -Wl,--rpath=/home/ubuntu/tp-link/ER7206_trunk/staging_dir/target-mips64-octeon-linux-gnu-osg_pro_un_v1/usr/lib -msoft-float  -I/home/ubuntu/tp-link/ER7206_trunk/staging_dir/target-mips64-octeon-linux-gnu-osg_pro_un_v1/usr/include -I/home/ubuntu/tp-link/ER7206_trunk/staging_dir/target-mips64-octeon-linux-gnu-osg_pro_un_v1/include -I/home/ubuntu/tp-link/ER7206_trunk/staging_dir/toolchain-cavium-sdk-3.x/usr/include -I/home/ubuntu/tp-link/ER7206_trunk/staging_dir/toolchain-cavium-sdk-3.x/include  -L/home/ubuntu/tp-link/ER7206_trunk/staging_dir/target-mips64-octeon-linux-gnu-osg_pro_un_v1/usr/lib -L/home/ubuntu/tp-link/ER7206_trunk/staging_dir/target-mips64-octeon-linux-gnu-osg_pro_un_v1/lib -L/home/ubuntu/tp-link/ER7206_trunk/staging_dir/toolchain-cavium-sdk-3.x/usr/lib -L/home/ubuntu/tp-link/ER7206_trunk/staging_dir/toolchain-cavium-sdk-3.x/lib  conftest.c  >&5
configure:4089: $? = 0
configure:4126: result: a.out
configure:4142: checking whether the C compiler works
configure:4170: result: yes
configure:4177: checking whether we are cross compiling
configure:4179: result: yes
configure:4182: checking for suffix of executables
configure:4189: mips64-octeon-linux-gnu-gcc -o conftest -Os -pipe -mno-branch-likely -march=octeon -mabi=64 -fno-caller-saves -Wl,--rpath=/home/ubuntu/tp-link/ER7206_trunk/staging_dir/target-mips64-octeon-linux-gnu-osg_pro_un_v1/usr/lib -msoft-float  -I/home/ubuntu/tp-link/ER7206_trunk/staging_dir/target-mips64-octeon-linux-gnu-osg_pro_un_v1/usr/include -I/home/ubuntu/tp-link/ER7206_trunk/staging_dir/target-mips64-octeon-linux-gnu-osg_pro_un_v1/include -I/home/ubuntu/tp-link/ER7206_trunk/staging_dir/toolchain-cavium-sdk-3.x/usr/include -I/home/ubuntu/tp-link/ER7206_trunk/staging_dir/toolchain-cavium-sdk-3.x/include  -L/home/ubuntu/tp-link/ER7206_trunk/staging_dir/target-mips64-octeon-linux-gnu-osg_pro_un_v1/usr/lib -L/home/ubuntu/tp-link/ER7206_trunk/staging_dir/target-mips64-octeon-linux-gnu-osg_pro_un_v1/lib -L/home/ubuntu/tp-link/ER7206_trunk/staging_dir/toolchain-cavium-sdk-3.x/usr/lib -L/home/ubuntu/tp-link/ER7206_trunk/staging_dir/toolchain-cavium-sdk-3.x/lib  conftest.c  >&5
configure:4193: $? = 0
configure:4215: result: 
configure:4221: checking for suffix of object files
configure:4243: mips64-octeon-linux-gnu-gcc -c -Os -pipe -mno-branch-likely -march=octeon -mabi=64 -fno-caller-saves -Wl,--rpath=/home/ubuntu/tp-link/ER7206_trunk/staging_dir/target-mips64-octeon-linux-gnu-osg_pro_un_v1/usr/lib -msoft-float  -I/home/ubuntu/tp-link/ER7206_trunk/staging_dir/target-mips64-octeon-linux-gnu-osg_pro_un_v1/usr/include -I/home/ubuntu/tp-link/ER7206_trunk/staging_dir/target-mips64-octeon-linux-gnu-osg_pro_un_v1/include -I/home/ubuntu/tp-link/ER7206_trunk/staging_dir/toolchain-cavium-sdk-3.x/usr/include -I/home/ubuntu/tp-link/ER7206_trunk/staging_dir/toolchain-cavium-sdk-3.x/include  conftest.c >&5
configure:4247: $? = 0
configure:4268: result: o
configure:4272: checking whether we are using the GNU C compiler
configure:4291: mips64-octeon-linux-gnu-gcc -c -Os -pipe -mno-branch-likely -march=octeon -mabi=64 -fno-caller-saves -Wl,--rpath=/home/ubuntu/tp-link/ER7206_trunk/staging_dir/target-mips64-octeon-linux-gnu-osg_pro_un_v1/usr/lib -msoft-float  -I/home/ubuntu/tp-link/ER7206_trunk/staging_dir/target-mips64-octeon-linux-gnu-osg_pro_un_v1/usr/include -I/home/ubuntu/tp-link/ER7206_trunk/staging_dir/target-mips64-octeon-linux-gnu-osg_pro_un_v1/include -I/home/ubuntu/tp-link/ER7206_trunk/staging_dir/toolchain-cavium-sdk-3.x/usr/include -I/home/ubuntu/tp-link/ER7206_trunk/staging_dir/toolchain-cavium-sdk-3.x/include  conftest.c >&5
configure:4291: $? = 0
configure:4300: result: yes
configure:4309: checking whether mips64-octeon-linux-gnu-gcc accepts -g
configure:4329: mips64-octeon-linux-gnu-gcc -c -g -I/home/ubuntu/tp-link/ER7206_trunk/staging_dir/target-mips64-octeon-linux-gnu-osg_pro_un_v1/usr/include -I/home/ubuntu/tp-link/ER7206_trunk/staging_dir/target-mips64-octeon-linux-gnu-osg_pro_un_v1/include -I/home/ubuntu/tp-link/ER7206_trunk/staging_dir/toolchain-cavium-sdk-3.x/usr/include -I/home/ubuntu/tp-link/ER7206_trunk/staging_dir/toolchain-cavium-sdk-3.x/include  conftest.c >&5
configure:4329: $? = 0
configure:4370: result: yes
configure:4387: checking for mips64-octeon-linux-gnu-gcc option to accept ISO C89
configure:4451: mips64-octeon-linux-gnu-gcc  -c -Os -pipe -mno-branch-likely -march=octeon -mabi=64 -fno-caller-saves -Wl,--rpath=/home/ubuntu/tp-link/ER7206_trunk/staging_dir/target-mips64-octeon-linux-gnu-osg_pro_un_v1/usr/lib -msoft-float  -I/home/ubuntu/tp-link/ER7206_trunk/staging_dir/target-mips64-octeon-linux-gnu-osg_pro_un_v1/usr/include -I/home/ubuntu/tp-link/ER7206_trunk/staging_dir/target-mips64-octeon-linux-gnu-osg_pro_un_v1/include -I/home/ubuntu/tp-link/ER7206_trunk/staging_dir/toolchain-cavium-sdk-3.x/usr/include -I/home/ubuntu/tp-link/ER7206_trunk/staging_dir/toolchain-cavium-sdk-3.x/include  conftest.c >&5
configure:4451: $? = 0
configure:4464: result: none needed
configure:4596: checking for C++ compiler version
configure:4605: mips64-octeon-linux-gnu-g++ --version >&5
mips64-octeon-linux-gnu-g++ (Cavium Inc. Version: SDK_3_1_0_p2 build 34) 4.7.0
Copyright (C) 2012 Free Software Foundation, Inc.
This is free software; see the source for copying conditions.  There is NO
warranty; not even for MERCHANTABILITY or FITNESS FOR A PARTICULAR PURPOSE.

configure:4616: $? = 0
configure:4605: mips64-octeon-linux-gnu-g++ -v >&5
Using built-in specs.
COLLECT_GCC=mips64-octeon-linux-gnu-g++
COLLECT_LTO_WRAPPER=/home/ubuntu/tp-link/ER7206_trunk/staging_dir/toolchain-cavium-sdk-3.x/bin/../libexec/gcc/mips64-octeon-linux-gnu/4.7.0/lto-wrapper
Target: mips64-octeon-linux-gnu
Configured with: /usr/local/Cavium_Networks/octsw/toolchain/scripts/../src/configure --disable-fixed-point --without-ppl --without-python --disable-werror --with-lto-plugin-source=/usr/local/Cavium_Networks/octsw/toolchain/scripts/../gits/gcc/lto-plugin --enable-plugins --with-sysroot --with-local-prefix=/usr/local/Cavium_Networks/octsw/toolchain/scripts/../tools/mips64-octeon-linux-gnu/sys-root --disable-sim --enable-symvers=gnu --enable-__cxa_atexit --enable-symvers=gnu --enable-__cxa_atexit --with-mips-plt --disable-sim --target=mips64-octeon-linux-gnu --enable-languages=c,c++ --prefix=/usr/local/Cavium_Networks/octsw/toolchain/scripts/../tools --with-pkgversion='Cavium Inc. Version: SDK_3_1_0_p2 build 34' --with-bugurl=http://www.cavium.com/support.html --with-libexpat-prefix=/usr/local/Cavium_Networks/octsw/toolchain/scripts/../libs
Thread model: posix
gcc version 4.7.0 (Cavium Inc. Version: SDK_3_1_0_p2 build 34) 
configure:4616: $? = 0
configure:4605: mips64-octeon-linux-gnu-g++ -V >&5
mips64-octeon-linux-gnu-g++: error: unrecognized command line option '-V'
mips64-octeon-linux-gnu-g++: fatal error: no input files
compilation terminated.
configure:4616: $? = 1
configure:4605: mips64-octeon-linux-gnu-g++ -qversion >&5
mips64-octeon-linux-gnu-g++: error: unrecognized command line option '-qversion'
mips64-octeon-linux-gnu-g++: fatal error: no input files
compilation terminated.
configure:4616: $? = 1
configure:4620: checking whether we are using the GNU C++ compiler
configure:4639: mips64-octeon-linux-gnu-g++ -c -Os -pipe -mno-branch-likely -march=octeon -mabi=64 -fno-caller-saves -Wl,--rpath=/home/ubuntu/tp-link/ER7206_trunk/staging_dir/target-mips64-octeon-linux-gnu-osg_pro_un_v1/usr/lib -msoft-float  -I/home/ubuntu/tp-link/ER7206_trunk/staging_dir/target-mips64-octeon-linux-gnu-osg_pro_un_v1/usr/include -I/home/ubuntu/tp-link/ER7206_trunk/staging_dir/target-mips64-octeon-linux-gnu-osg_pro_un_v1/include -I/home/ubuntu/tp-link/ER7206_trunk/staging_dir/toolchain-cavium-sdk-3.x/usr/include -I/home/ubuntu/tp-link/ER7206_trunk/staging_dir/toolchain-cavium-sdk-3.x/include  conftest.cpp >&5
configure:4639: $? = 0
configure:4648: result: yes
configure:4657: checking whether mips64-octeon-linux-gnu-g++ accepts -g
configure:4677: mips64-octeon-linux-gnu-g++ -c -g -I/home/ubuntu/tp-link/ER7206_trunk/staging_dir/target-mips64-octeon-linux-gnu-osg_pro_un_v1/usr/include -I/home/ubuntu/tp-link/ER7206_trunk/staging_dir/target-mips64-octeon-linux-gnu-osg_pro_un_v1/include -I/home/ubuntu/tp-link/ER7206_trunk/staging_dir/toolchain-cavium-sdk-3.x/usr/include -I/home/ubuntu/tp-link/ER7206_trunk/staging_dir/toolchain-cavium-sdk-3.x/include  conftest.cpp >&5
configure:4677: $? = 0
configure:4718: result: yes
configure:4767: checking for mips64-octeon-linux-gnu-gnatbind
configure:4797: result: no
configure:4807: checking for gnatbind
configure:4837: result: no
configure:4859: checking for mips64-octeon-linux-gnu-gnatmake
configure:4889: result: no
configure:4899: checking for gnatmake
configure:4929: result: no
configure:4948: checking whether compiler driver understands Ada
configure:4971: result: no
configure:4980: checking how to compare bootstrapped objects
configure:5005: result: cmp --ignore-initial=16 $$f1 $$f2
configure:5077: checking for objdir
configure:5092: result: .libs
configure:5641: checking for PWL_handle_timeout in -lpwl
configure:5666: mips64-octeon-linux-gnu-gcc -o conftest -Os -pipe -mno-branch-likely -march=octeon -mabi=64 -fno-caller-saves -Wl,--rpath=/home/ubuntu/tp-link/ER7206_trunk/staging_dir/target-mips64-octeon-linux-gnu-osg_pro_un_v1/usr/lib -msoft-float  -I/home/ubuntu/tp-link/ER7206_trunk/staging_dir/target-mips64-octeon-linux-gnu-osg_pro_un_v1/usr/include -I/home/ubuntu/tp-link/ER7206_trunk/staging_dir/target-mips64-octeon-linux-gnu-osg_pro_un_v1/include -I/home/ubuntu/tp-link/ER7206_trunk/staging_dir/toolchain-cavium-sdk-3.x/usr/include -I/home/ubuntu/tp-link/ER7206_trunk/staging_dir/toolchain-cavium-sdk-3.x/include  -L/home/ubuntu/tp-link/ER7206_trunk/staging_dir/target-mips64-octeon-linux-gnu-osg_pro_un_v1/usr/lib -L/home/ubuntu/tp-link/ER7206_trunk/staging_dir/target-mips64-octeon-linux-gnu-osg_pro_un_v1/lib -L/home/ubuntu/tp-link/ER7206_trunk/staging_dir/toolchain-cavium-sdk-3.x/usr/lib -L/home/ubuntu/tp-link/ER7206_trunk/staging_dir/toolchain-cavium-sdk-3.x/lib  conftest.c -lpwl    -lstdc++ -lm >&5
/home/ubuntu/tp-link/ER7206_trunk/staging_dir/toolchain-cavium-sdk-3.x/bin/../lib/gcc/mips64-octeon-linux-gnu/4.7.0/../../../../mips64-octeon-linux-gnu/bin/ld: cannot find -lpwl
collect2: error: ld returned 1 exit status
configure:5666: $? = 1
configure: failed program was:
| /* confdefs.h */
| #define PACKAGE_NAME ""
| #define PACKAGE_TARNAME ""
| #define PACKAGE_VERSION ""
| #define PACKAGE_STRING ""
| #define PACKAGE_BUGREPORT ""
| #define PACKAGE_URL ""
| #define LT_OBJDIR ".libs/"
| /* end confdefs.h.  */
| 
| /* Override any GCC internal prototype to avoid an error.
|    Use char because int might match the return type of a GCC
|    builtin and then its argument prototype would still apply.  */
| #ifdef __cplusplus
| extern "C"
| #endif
| char PWL_handle_timeout ();
| int
| main ()
| {
| return PWL_handle_timeout ();
|   ;
|   return 0;
| }
configure:5675: result: no
configure:5689: checking for version 0.11 (revision 0 or later) of PPL
configure:5706: mips64-octeon-linux-gnu-gcc -c -Os -pipe -mno-branch-likely -march=octeon -mabi=64 -fno-caller-saves -Wl,--rpath=/home/ubuntu/tp-link/ER7206_trunk/staging_dir/target-mips64-octeon-linux-gnu-osg_pro_un_v1/usr/lib -msoft-float    -I/home/ubuntu/tp-link/ER7206_trunk/staging_dir/target-mips64-octeon-linux-gnu-osg_pro_un_v1/usr/include -I/home/ubuntu/tp-link/ER7206_trunk/staging_dir/target-mips64-octeon-linux-gnu-osg_pro_un_v1/include -I/home/ubuntu/tp-link/ER7206_trunk/staging_dir/toolchain-cavium-sdk-3.x/usr/include -I/home/ubuntu/tp-link/ER7206_trunk/staging_dir/toolchain-cavium-sdk-3.x/include  conftest.c >&5
conftest.c:10:19: fatal error: ppl_c.h: No such file or directory
compilation terminated.
configure:5706: $? = 1
configure: failed program was:
| /* confdefs.h */
| #define PACKAGE_NAME ""
| #define PACKAGE_TARNAME ""
| #define PACKAGE_VERSION ""
| #define PACKAGE_STRING ""
| #define PACKAGE_BUGREPORT ""
| #define PACKAGE_URL ""
| #define LT_OBJDIR ".libs/"
| /* end confdefs.h.  */
| #include "ppl_c.h"
| int
| main ()
| {
| 
|     #if PPL_VERSION_MAJOR != 0 || PPL_VERSION_MINOR < 11
|     choke me
|     #endif
| 
|   ;
|   return 0;
| }
configure:5710: result: no
configure:7008: checking for default BUILD_CONFIG
configure:7040: result: 
configure:7529: checking for bison
configure:7545: found /home/ubuntu/tp-link/ER7206_trunk/staging_dir/host/bin/bison
configure:7556: result: bison -y
configure:7576: checking for bison
configure:7592: found /home/ubuntu/tp-link/ER7206_trunk/staging_dir/host/bin/bison
configure:7603: result: bison
configure:7623: checking for gm4
configure:7650: result: /home/ubuntu/tp-link/ER7206_trunk/staging_dir/host/bin/m4
configure:7670: checking for flex
configure:7686: found /home/ubuntu/tp-link/ER7206_trunk/staging_dir/host/bin/flex
configure:7697: result: flex
configure:7718: checking for flex
configure:7734: found /home/ubuntu/tp-link/ER7206_trunk/staging_dir/host/bin/flex
configure:7745: result: flex
configure:7765: checking for makeinfo
configure:7795: result: no
configure:7826: checking for expect
configure:7856: result: no
configure:7875: checking for runtest
configure:7905: result: no
configure:7939: checking for ar
configure:7966: result: mips64-octeon-linux-gnu-ar
configure:7981: checking for mips64-octeon-linux-gnu-ar
configure:8008: result: mips64-octeon-linux-gnu-ar
configure:8080: checking for as
configure:8107: result: mips64-octeon-linux-gnu-gcc -c -Os -pipe -mno-branch-likely -march=octeon -mabi=64 -fno-caller-saves -Wl,--rpath=/home/ubuntu/tp-link/ER7206_trunk/staging_dir/target-mips64-octeon-linux-gnu-osg_pro_un_v1/usr/lib -msoft-float
configure:8122: checking for mips64-octeon-linux-gnu-as
configure:8149: result: mips64-octeon-linux-gnu-gcc -c -Os -pipe -mno-branch-likely -march=octeon -mabi=64 -fno-caller-saves -Wl,--rpath=/home/ubuntu/tp-link/ER7206_trunk/staging_dir/target-mips64-octeon-linux-gnu-osg_pro_un_v1/usr/lib -msoft-float
configure:8263: checking for mips64-octeon-linux-gnu-dlltool
configure:8293: result: no
configure:8362: checking for ld
configure:8389: result: mips64-octeon-linux-gnu-ld
configure:8404: checking for mips64-octeon-linux-gnu-ld
configure:8431: result: mips64-octeon-linux-gnu-ld
configure:8545: checking for mips64-octeon-linux-gnu-lipo
configure:8575: result: no
configure:8644: checking for nm
configure:8671: result: mips64-octeon-linux-gnu-nm
configure:8686: checking for mips64-octeon-linux-gnu-nm
configure:8713: result: mips64-octeon-linux-gnu-nm
configure:8785: checking for ranlib
configure:8812: result: mips64-octeon-linux-gnu-ranlib
configure:8827: checking for mips64-octeon-linux-gnu-ranlib
configure:8854: result: mips64-octeon-linux-gnu-ranlib
configure:8921: checking for strip
configure:8948: result: mips64-octeon-linux-gnu-strip
configure:8963: checking for mips64-octeon-linux-gnu-strip
configure:8990: result: mips64-octeon-linux-gnu-strip
configure:9099: checking for mips64-octeon-linux-gnu-windres
configure:9129: result: no
configure:9240: checking for mips64-octeon-linux-gnu-windmc
configure:9270: result: no
configure:9339: checking for objcopy
configure:9366: result: mips64-octeon-linux-gnu-objcopy
configure:9381: checking for mips64-octeon-linux-gnu-objcopy
configure:9408: result: mips64-octeon-linux-gnu-objcopy
configure:9480: checking for objdump
configure:9507: result: mips64-octeon-linux-gnu-objdump
configure:9522: checking for mips64-octeon-linux-gnu-objdump
configure:9549: result: mips64-octeon-linux-gnu-objdump
configure:9663: checking for mips64-octeon-linux-gnu-readelf
configure:9679: found /home/ubuntu/tp-link/ER7206_trunk/staging_dir/toolchain-cavium-sdk-3.x/bin/mips64-octeon-linux-gnu-readelf
configure:9690: result: mips64-octeon-linux-gnu-readelf
configure:9843: checking for mips64-octeon-linux-gnu-cc
configure:9873: result: no
configure:9843: checking for mips64-octeon-linux-gnu-gcc
configure:9859: found /home/ubuntu/tp-link/ER7206_trunk/staging_dir/toolchain-cavium-sdk-3.x/bin/mips64-octeon-linux-gnu-gcc
configure:9870: result: mips64-octeon-linux-gnu-gcc
configure:10004: checking for mips64-octeon-linux-gnu-c++
configure:10020: found /home/ubuntu/tp-link/ER7206_trunk/staging_dir/toolchain-cavium-sdk-3.x/bin/mips64-octeon-linux-gnu-c++
configure:10031: result: mips64-octeon-linux-gnu-c++
configure:10165: checking for mips64-octeon-linux-gnu-gcc
configure:10181: found /home/ubuntu/tp-link/ER7206_trunk/staging_dir/toolchain-cavium-sdk-3.x/bin/mips64-octeon-linux-gnu-gcc
configure:10192: result: mips64-octeon-linux-gnu-gcc
configure:10321: checking for mips64-octeon-linux-gnu-gcj
configure:10351: result: no
configure:10482: checking for mips64-octeon-linux-gnu-gfortran
configure:10512: result: no
configure:10643: checking for mips64-octeon-linux-gnu-gccgo
configure:10673: result: no
configure:11344: checking for mips64-octeon-linux-gnu-dlltool
configure:11374: result: no
configure:11804: checking for mips64-octeon-linux-gnu-lipo
configure:11834: result: no
configure:12724: checking for mips64-octeon-linux-gnu-readelf
configure:12740: found /home/ubuntu/tp-link/ER7206_trunk/staging_dir/toolchain-cavium-sdk-3.x/bin/mips64-octeon-linux-gnu-readelf
configure:12751: result: mips64-octeon-linux-gnu-readelf
configure:13184: checking for mips64-octeon-linux-gnu-windres
configure:13214: result: no
configure:13414: checking for mips64-octeon-linux-gnu-windmc
configure:13444: result: no
configure:13511: checking where to find the target ar
configure:13517: result: pre-installed in /home/ubuntu/tp-link/ER7206_trunk/staging_dir/toolchain-cavium-sdk-3.x/bin/../lib/gcc/mips64-octeon-linux-gnu/4.7.0/../../../../mips64-octeon-linux-gnu/bin
configure:13553: checking where to find the target as
configure:13559: result: pre-installed in /home/ubuntu/tp-link/ER7206_trunk/staging_dir/toolchain-cavium-sdk-3.x/bin/../lib/gcc/mips64-octeon-linux-gnu/4.7.0/../../../../mips64-octeon-linux-gnu/bin
configure:13595: checking where to find the target cc
configure:13605: result: pre-installed
configure:13637: checking where to find the target c++
configure:13647: result: pre-installed
configure:13682: checking where to find the target c++ for libstdc++
configure:13692: result: pre-installed
configure:13727: checking where to find the target dlltool
configure:13737: result: pre-installed
configure:13769: checking where to find the target gcc
configure:13779: result: pre-installed
configure:13811: checking where to find the target gcj
configure:13821: result: pre-installed
configure:13856: checking where to find the target gfortran
configure:13866: result: pre-installed
configure:13901: checking where to find the target gccgo
configure:13911: result: pre-installed
configure:13946: checking where to find the target ld
configure:13952: result: pre-installed in /home/ubuntu/tp-link/ER7206_trunk/staging_dir/toolchain-cavium-sdk-3.x/bin/../lib/gcc/mips64-octeon-linux-gnu/4.7.0/../../../../mips64-octeon-linux-gnu/bin
configure:13988: checking where to find the target lipo
configure:13998: result: pre-installed
configure:14019: checking where to find the target nm
configure:14025: result: pre-installed in /home/ubuntu/tp-link/ER7206_trunk/staging_dir/toolchain-cavium-sdk-3.x/bin/../lib/gcc/mips64-octeon-linux-gnu/4.7.0/../../../../mips64-octeon-linux-gnu/bin
configure:14061: checking where to find the target objdump
configure:14067: result: pre-installed in /home/ubuntu/tp-link/ER7206_trunk/staging_dir/toolchain-cavium-sdk-3.x/bin/../lib/gcc/mips64-octeon-linux-gnu/4.7.0/../../../../mips64-octeon-linux-gnu/bin
configure:14103: checking where to find the target ranlib
configure:14109: result: pre-installed in /home/ubuntu/tp-link/ER7206_trunk/staging_dir/toolchain-cavium-sdk-3.x/bin/../lib/gcc/mips64-octeon-linux-gnu/4.7.0/../../../../mips64-octeon-linux-gnu/bin
configure:14145: checking where to find the target readelf
configure:14155: result: pre-installed
configure:14187: checking where to find the target strip
configure:14193: result: pre-installed in /home/ubuntu/tp-link/ER7206_trunk/staging_dir/toolchain-cavium-sdk-3.x/bin/../lib/gcc/mips64-octeon-linux-gnu/4.7.0/../../../../mips64-octeon-linux-gnu/bin
configure:14229: checking where to find the target windres
configure:14239: result: pre-installed
configure:14271: checking where to find the target windmc
configure:14281: result: pre-installed
configure:14341: checking whether to enable maintainer-specific portions of Makefiles
configure:14350: result: no
configure:14383: checking whether -fkeep-inline-functions is supported
configure:14402: mips64-octeon-linux-gnu-gcc -c -Os -pipe -mno-branch-likely -march=octeon -mabi=64 -fno-caller-saves -Wl,--rpath=/home/ubuntu/tp-link/ER7206_trunk/staging_dir/target-mips64-octeon-linux-gnu-osg_pro_un_v1/usr/lib -msoft-float  -fkeep-inline-functions -I/home/ubuntu/tp-link/ER7206_trunk/staging_dir/target-mips64-octeon-linux-gnu-osg_pro_un_v1/usr/include -I/home/ubuntu/tp-link/ER7206_trunk/staging_dir/target-mips64-octeon-linux-gnu-osg_pro_un_v1/include -I/home/ubuntu/tp-link/ER7206_trunk/staging_dir/toolchain-cavium-sdk-3.x/usr/include -I/home/ubuntu/tp-link/ER7206_trunk/staging_dir/toolchain-cavium-sdk-3.x/include  conftest.c >&5
configure:14402: $? = 0
configure:14403: result: yes
configure:14609: creating ./config.status

## ---------------------- ##
## Running config.status. ##
## ---------------------- ##

This file was extended by config.status, which was
generated by GNU Autoconf 2.64.  Invocation command line was

  CONFIG_FILES    = 
  CONFIG_HEADERS  = 
  CONFIG_LINKS    = 
  CONFIG_COMMANDS = 
  $ ./config.status 

on ubuntu

config.status:958: creating Makefile

## ---------------- ##
## Cache variables. ##
## ---------------- ##

ac_cv_build=x86_64-pc-linux-gnu
ac_cv_c_bigendian=yes
ac_cv_c_compiler_gnu=yes
ac_cv_c_gettext_without_libintl=yes
ac_cv_c_littleendian=no
ac_cv_c_long_double=no
ac_cv_conv_longlong_to_float=yes
ac_cv_cxx_compiler_gnu=yes
ac_cv_env_AR_FOR_TARGET_set=
ac_cv_env_AR_FOR_TARGET_value=
ac_cv_env_AR_set=set
ac_cv_env_AR_value=mips64-octeon-linux-gnu-ar
ac_cv_env_AS_FOR_TARGET_set=
ac_cv_env_AS_FOR_TARGET_value=
ac_cv_env_AS_set=set
ac_cv_env_AS_value='mips64-octeon-linux-gnu-gcc -c -Os -pipe -mno-branch-likely -march=octeon -mabi=64 -fno-caller-saves -Wl,--rpath=/home/ubuntu/tp-link/ER7206_trunk/staging_dir/target-mips64-octeon-linux-gnu-osg_pro_un_v1/usr/lib -msoft-float'
ac_cv_env_CCC_set=
ac_cv_env_CCC_value=
ac_cv_env_CC_FOR_TARGET_set=
ac_cv_env_CC_FOR_TARGET_value=
ac_cv_env_CC_set=set
ac_cv_env_CC_value=mips64-octeon-linux-gnu-gcc
ac_cv_env_CFLAGS_set=set
ac_cv_env_CFLAGS_value='-Os -pipe -mno-branch-likely -march=octeon -mabi=64 -fno-caller-saves -Wl,--rpath=/home/ubuntu/tp-link/ER7206_trunk/staging_dir/target-mips64-octeon-linux-gnu-osg_pro_un_v1/usr/lib -msoft-float '
ac_cv_env_CPPFLAGS_set=set
ac_cv_env_CPPFLAGS_value='-I/home/ubuntu/tp-link/ER7206_trunk/staging_dir/target-mips64-octeon-linux-gnu-osg_pro_un_v1/usr/include -I/home/ubuntu/tp-link/ER7206_trunk/staging_dir/target-mips64-octeon-linux-gnu-osg_pro_un_v1/include -I/home/ubuntu/tp-link/ER7206_trunk/staging_dir/toolchain-cavium-sdk-3.x/usr/include -I/home/ubuntu/tp-link/ER7206_trunk/staging_dir/toolchain-cavium-sdk-3.x/include '
ac_cv_env_CXXFLAGS_set=set
ac_cv_env_CXXFLAGS_value='-Os -pipe -mno-branch-likely -march=octeon -mabi=64 -fno-caller-saves -Wl,--rpath=/home/ubuntu/tp-link/ER7206_trunk/staging_dir/target-mips64-octeon-linux-gnu-osg_pro_un_v1/usr/lib -msoft-float '
ac_cv_env_CXX_FOR_TARGET_set=
ac_cv_env_CXX_FOR_TARGET_value=
ac_cv_env_CXX_set=set
ac_cv_env_CXX_value=mips64-octeon-linux-gnu-g++
ac_cv_env_DLLTOOL_FOR_TARGET_set=
ac_cv_env_DLLTOOL_FOR_TARGET_value=
ac_cv_env_DLLTOOL_set=
ac_cv_env_DLLTOOL_value=
ac_cv_env_GCC_FOR_TARGET_set=
ac_cv_env_GCC_FOR_TARGET_value=
ac_cv_env_GCJ_FOR_TARGET_set=
ac_cv_env_GCJ_FOR_TARGET_value=
ac_cv_env_GFORTRAN_FOR_TARGET_set=
ac_cv_env_GFORTRAN_FOR_TARGET_value=
ac_cv_env_GOC_FOR_TARGET_set=
ac_cv_env_GOC_FOR_TARGET_value=
ac_cv_env_LDFLAGS_set=set
ac_cv_env_LDFLAGS_value='-L/home/ubuntu/tp-link/ER7206_trunk/staging_dir/target-mips64-octeon-linux-gnu-osg_pro_un_v1/usr/lib -L/home/ubuntu/tp-link/ER7206_trunk/staging_dir/target-mips64-octeon-linux-gnu-osg_pro_un_v1/lib -L/home/ubuntu/tp-link/ER7206_trunk/staging_dir/toolchain-cavium-sdk-3.x/usr/lib -L/home/ubuntu/tp-link/ER7206_trunk/staging_dir/toolchain-cavium-sdk-3.x/lib '
ac_cv_env_LD_FOR_TARGET_set=
ac_cv_env_LD_FOR_TARGET_value=
ac_cv_env_LD_set=set
ac_cv_env_LD_value=mips64-octeon-linux-gnu-ld
ac_cv_env_LIBS_set=
ac_cv_env_LIBS_value=
ac_cv_env_LIPO_FOR_TARGET_set=
ac_cv_env_LIPO_FOR_TARGET_value=
ac_cv_env_LIPO_set=
ac_cv_env_LIPO_value=
ac_cv_env_NM_FOR_TARGET_set=
ac_cv_env_NM_FOR_TARGET_value=
ac_cv_env_NM_set=set
ac_cv_env_NM_value=mips64-octeon-linux-gnu-nm
ac_cv_env_OBJCOPY_set=set
ac_cv_env_OBJCOPY_value=mips64-octeon-linux-gnu-objcopy
ac_cv_env_OBJDUMP_FOR_TARGET_set=
ac_cv_env_OBJDUMP_FOR_TARGET_value=
ac_cv_env_OBJDUMP_set=set
ac_cv_env_OBJDUMP_value=mips64-octeon-linux-gnu-objdump
ac_cv_env_RANLIB_FOR_TARGET_set=
ac_cv_env_RANLIB_FOR_TARGET_value=
ac_cv_env_RANLIB_set=set
ac_cv_env_RANLIB_value=mips64-octeon-linux-gnu-ranlib
ac_cv_env_READELF_FOR_TARGET_set=
ac_cv_env_READELF_FOR_TARGET_value=
ac_cv_env_READELF_set=
ac_cv_env_READELF_value=
ac_cv_env_STRIP_FOR_TARGET_set=
ac_cv_env_STRIP_FOR_TARGET_value=
ac_cv_env_STRIP_set=set
ac_cv_env_STRIP_value=mips64-octeon-linux-gnu-strip
ac_cv_env_WINDMC_FOR_TARGET_set=
ac_cv_env_WINDMC_FOR_TARGET_value=
ac_cv_env_WINDMC_set=
ac_cv_env_WINDMC_value=
ac_cv_env_WINDRES_FOR_TARGET_set=
ac_cv_env_WINDRES_FOR_TARGET_value=
ac_cv_env_WINDRES_set=
ac_cv_env_WINDRES_value=
ac_cv_env_build_alias_set=set
ac_cv_env_build_alias_value=x86_64-linux-gnu
ac_cv_env_build_configargs_set=
ac_cv_env_build_configargs_value=
ac_cv_env_host_alias_set=set
ac_cv_env_host_alias_value=mips64-octeon-linux-gnu
ac_cv_env_host_configargs_set=
ac_cv_env_host_configargs_value=
ac_cv_env_target_alias_set=set
ac_cv_env_target_alias_value=mips64-octeon-linux-gnu
ac_cv_env_target_configargs_set=
ac_cv_env_target_configargs_value=
ac_cv_file__dev_zero=yes
ac_cv_func___adjtimex=yes
ac_cv_func___va_copy=no
ac_cv_func__exit=yes
ac_cv_func_bcmp=yes
ac_cv_func_bcopy=yes
ac_cv_func_bzero=yes
ac_cv_func_cimag=yes
ac_cv_func_creal=yes
ac_cv_func_fchmod=yes
ac_cv_func_getaddrinfo=yes
ac_cv_func_getcwd=yes
ac_cv_func_getdomainname=yes
ac_cv_func_getpgrp_void=yes
ac_cv_func_getpwuid_r=yes
ac_cv_func_gettimeofday=yes
ac_cv_func_index=yes
ac_cv_func_lstat=yes
ac_cv_func_lstat_dereferences_slashed_symlink=yes
ac_cv_func_lstat_empty_string_bug=no
ac_cv_func_malloc_0_nonnull=yes
ac_cv_func_malloc_works=yes
ac_cv_func_memcmp_clean=yes
ac_cv_func_memcmp_working=yes
ac_cv_func_posix_getgrgid_r=yes
ac_cv_func_posix_getpwuid_r=yes
ac_cv_func_psignal=yes
ac_cv_func_pthread_key_delete=yes
ac_cv_func_realloc_0_nonnull=yes
ac_cv_func_realloc_works=yes
ac_cv_func_rename=yes
ac_cv_func_rindex=yes
ac_cv_func_setgrent_void=yes
ac_cv_func_setlocale=yes
ac_cv_func_setpgrp_void=yes
ac_cv_func_setresuid=no
ac_cv_func_setvbuf_reversed=no
ac_cv_func_stat_empty_string_bug=no
ac_cv_func_stat_ignores_trailing_slash=no
ac_cv_func_strerror=yes
ac_cv_func_strftime=yes
ac_cv_func_utimes=yes
ac_cv_func_va_copy=no
ac_cv_func_vsnprintf=yes
ac_cv_have_accrights_in_msghdr=no
ac_cv_have_broken_snprintf=no
ac_cv_have_control_in_msghdr=yes
ac_cv_have_decl_sys_siglist=no
ac_cv_have_openpty_ctty_bug=yes
ac_cv_have_space_d_name_in_struct_dirent=yes
ac_cv_header_netinet_sctp_h=no
ac_cv_header_netinet_sctp_uio_h=no
ac_cv_host=mips64-octeon-linux-gnu
ac_cv_int64_t=yes
ac_cv_lbl_unaligned_fail=no
ac_cv_lib_pwl_PWL_handle_timeout=no
ac_cv_linux_kernel_pppoe=yes
ac_cv_linux_vers=2
ac_cv_objext=o
ac_cv_pack_bitfields_reversed=yes
ac_cv_path_AR_FOR_TARGET=/home/ubuntu/tp-link/ER7206_trunk/staging_dir/toolchain-cavium-sdk-3.x/bin/../lib/gcc/mips64-octeon-linux-gnu/4.7.0/../../../../mips64-octeon-linux-gnu/bin/ar
ac_cv_path_AS_FOR_TARGET=/home/ubuntu/tp-link/ER7206_trunk/staging_dir/toolchain-cavium-sdk-3.x/bin/../lib/gcc/mips64-octeon-linux-gnu/4.7.0/../../../../mips64-octeon-linux-gnu/bin/as
ac_cv_path_LDCONFIG=
ac_cv_path_LD_FOR_TARGET=/home/ubuntu/tp-link/ER7206_trunk/staging_dir/toolchain-cavium-sdk-3.x/bin/../lib/gcc/mips64-octeon-linux-gnu/4.7.0/../../../../mips64-octeon-linux-gnu/bin/ld
ac_cv_path_NM_FOR_TARGET=/home/ubuntu/tp-link/ER7206_trunk/staging_dir/toolchain-cavium-sdk-3.x/bin/../lib/gcc/mips64-octeon-linux-gnu/4.7.0/../../../../mips64-octeon-linux-gnu/bin/nm
ac_cv_path_OBJDUMP_FOR_TARGET=/home/ubuntu/tp-link/ER7206_trunk/staging_dir/toolchain-cavium-sdk-3.x/bin/../lib/gcc/mips64-octeon-linux-gnu/4.7.0/../../../../mips64-octeon-linux-gnu/bin/objdump
ac_cv_path_RANLIB_FOR_TARGET=/home/ubuntu/tp-link/ER7206_trunk/staging_dir/toolchain-cavium-sdk-3.x/bin/../lib/gcc/mips64-octeon-linux-gnu/4.7.0/../../../../mips64-octeon-linux-gnu/bin/ranlib
ac_cv_path_SED=/home/ubuntu/tp-link/ER7206_trunk/staging_dir/host/bin/sed
ac_cv_path_STRIP_FOR_TARGET=/home/ubuntu/tp-link/ER7206_trunk/staging_dir/toolchain-cavium-sdk-3.x/bin/../lib/gcc/mips64-octeon-linux-gnu/4.7.0/../../../../mips64-octeon-linux-gnu/bin/strip
ac_cv_path_install='/usr/bin/install -c'
ac_cv_prog_AR=mips64-octeon-linux-gnu-ar
ac_cv_prog_AS='mips64-octeon-linux-gnu-gcc -c -Os -pipe -mno-branch-likely -march=octeon -mabi=64 -fno-caller-saves -Wl,--rpath=/home/ubuntu/tp-link/ER7206_trunk/staging_dir/target-mips64-octeon-linux-gnu-osg_pro_un_v1/usr/lib -msoft-float'
ac_cv_prog_AWK=gawk
ac_cv_prog_BISON=bison
ac_cv_prog_CC=mips64-octeon-linux-gnu-gcc
ac_cv_prog_CC_FOR_TARGET=mips64-octeon-linux-gnu-gcc
ac_cv_prog_CXX_FOR_TARGET=mips64-octeon-linux-gnu-c++
ac_cv_prog_FLEX=flex
ac_cv_prog_GCC_FOR_TARGET=mips64-octeon-linux-gnu-gcc
ac_cv_prog_LD=mips64-octeon-linux-gnu-ld
ac_cv_prog_LEX=flex
ac_cv_prog_M4=/home/ubuntu/tp-link/ER7206_trunk/staging_dir/host/bin/m4
ac_cv_prog_NM=mips64-octeon-linux-gnu-nm
ac_cv_prog_OBJCOPY=mips64-octeon-linux-gnu-objcopy
ac_cv_prog_OBJDUMP=mips64-octeon-linux-gnu-objdump
ac_cv_prog_RANLIB=mips64-octeon-linux-gnu-ranlib
ac_cv_prog_READELF=mips64-octeon-linux-gnu-readelf
ac_cv_prog_READELF_FOR_TARGET=mips64-octeon-linux-gnu-readelf
ac_cv_prog_STRIP=mips64-octeon-linux-gnu-strip
ac_cv_prog_YACC='bison -y'
ac_cv_prog_cc_c89=
ac_cv_prog_cc_g=yes
ac_cv_prog_cxx_g=yes
ac_cv_regexec_segfault_emptystr=no
ac_cv_sctp=no
ac_cv_search_tgetent='-L/home/ubuntu/tp-link/ER7206_trunk/staging_dir/target-mips64-octeon-linux-gnu-osg_pro_un_v1/usr/lib -L/home/ubuntu/tp-link/ER7206_trunk/staging_dir/target-mips64-octeon-linux-gnu-osg_pro_un_v1/lib -L/home/ubuntu/tp-link/ER7206_trunk/staging_dir/toolchain-cavium-sdk-3.x/usr/lib -L/home/ubuntu/tp-link/ER7206_trunk/staging_dir/toolchain-cavium-sdk-3.x/lib -lncurses -lreadline'
ac_cv_sizeof___int64=8
ac_cv_sizeof_char=1
ac_cv_sizeof_int16_t=2
ac_cv_sizeof_int32_t=4
ac_cv_sizeof_int64_t=8
ac_cv_sizeof_int=4
ac_cv_sizeof_long=8
ac_cv_sizeof_long_int=8
ac_cv_sizeof_long_long=8
ac_cv_sizeof_off_t=8
ac_cv_sizeof_short=2
ac_cv_sizeof_short_int=2
ac_cv_sizeof_size_t=8
ac_cv_sizeof_ssize_t=8
ac_cv_sizeof_u_int16_t=2
ac_cv_sizeof_u_int32_t=4
ac_cv_sizeof_u_int64_t=8
ac_cv_sizeof_uint16_t=2
ac_cv_sizeof_uint32_t=4
ac_cv_sizeof_uint64_t=8
ac_cv_sizeof_unsigned_int=4
ac_cv_sizeof_unsigned_long=8
ac_cv_sizeof_unsigned_long_long=8
ac_cv_sizeof_unsigned_short=2
ac_cv_sizeof_void_p=8
ac_cv_sys_restartable_syscalls=yes
ac_cv_target=mips64-octeon-linux-gnu
ac_cv_time_r_type=POSIX
ac_cv_type_suseconds_t=yes
ac_cv_uchar=no
ac_cv_uint64_t=yes
ac_cv_uint=yes
ac_cv_ulong=yes
ac_cv_ushort=yes
ac_cv_va_copy=C99
ac_cv_va_val_copy=yes
acx_cv_cc_gcc_supports_ada=no
acx_cv_prog_LN=ln
as_cv_unaligned_access=yes
gcc_cv_prog_cmp_skip='cmp --ignore-initial=16 $$f1 $$f2'
gcc_cv_tool_dirs=
gcc_cv_tool_prefix=/usr
lt_cv_objdir=.libs

## ----------------- ##
## Output variables. ##
## ----------------- ##

AR='mips64-octeon-linux-gnu-ar'
AR_FOR_BUILD='ar'
AR_FOR_TARGET='/home/ubuntu/tp-link/ER7206_trunk/staging_dir/toolchain-cavium-sdk-3.x/bin/../lib/gcc/mips64-octeon-linux-gnu/4.7.0/../../../../mips64-octeon-linux-gnu/bin/ar'
AS='mips64-octeon-linux-gnu-gcc -c -Os -pipe -mno-branch-likely -march=octeon -mabi=64 -fno-caller-saves -Wl,--rpath=/home/ubuntu/tp-link/ER7206_trunk/staging_dir/target-mips64-octeon-linux-gnu-osg_pro_un_v1/usr/lib -msoft-float'
AS_FOR_BUILD='as'
AS_FOR_TARGET='/home/ubuntu/tp-link/ER7206_trunk/staging_dir/toolchain-cavium-sdk-3.x/bin/../lib/gcc/mips64-octeon-linux-gnu/4.7.0/../../../../mips64-octeon-linux-gnu/bin/as'
AWK='gawk'
BISON='bison'
BUILD_CONFIG=''
CC='mips64-octeon-linux-gnu-gcc'
CC_FOR_BUILD='gcc'
CC_FOR_TARGET='mips64-octeon-linux-gnu-gcc'
CFLAGS='-Os -pipe -mno-branch-likely -march=octeon -mabi=64 -fno-caller-saves -Wl,--rpath=/home/ubuntu/tp-link/ER7206_trunk/staging_dir/target-mips64-octeon-linux-gnu-osg_pro_un_v1/usr/lib -msoft-float '
CFLAGS_FOR_BUILD=''
CFLAGS_FOR_TARGET='-g -O2 -Os -pipe -mno-branch-likely -march=octeon -mabi=64 -fno-caller-saves -Wl,--rpath=/home/ubuntu/tp-link/ER7206_trunk/staging_dir/target-mips64-octeon-linux-gnu-osg_pro_un_v1/usr/lib -msoft-float '
COMPILER_AS_FOR_TARGET='$(AS_FOR_TARGET)'
COMPILER_LD_FOR_TARGET='$(LD_FOR_TARGET)'
COMPILER_NM_FOR_TARGET='$(NM_FOR_TARGET)'
CONFIGURE_GDB_TK=''
CPPFLAGS='-I/home/ubuntu/tp-link/ER7206_trunk/staging_dir/target-mips64-octeon-linux-gnu-osg_pro_un_v1/usr/include -I/home/ubuntu/tp-link/ER7206_trunk/staging_dir/target-mips64-octeon-linux-gnu-osg_pro_un_v1/include -I/home/ubuntu/tp-link/ER7206_trunk/staging_dir/toolchain-cavium-sdk-3.x/usr/include -I/home/ubuntu/tp-link/ER7206_trunk/staging_dir/toolchain-cavium-sdk-3.x/include '
CXX='mips64-octeon-linux-gnu-g++'
CXXFLAGS='-Os -pipe -mno-branch-likely -march=octeon -mabi=64 -fno-caller-saves -Wl,--rpath=/home/ubuntu/tp-link/ER7206_trunk/staging_dir/target-mips64-octeon-linux-gnu-osg_pro_un_v1/usr/lib -msoft-float '
CXXFLAGS_FOR_BUILD=''
CXXFLAGS_FOR_TARGET='-g -O2 -Os -pipe -mno-branch-likely -march=octeon -mabi=64 -fno-caller-saves -Wl,--rpath=/home/ubuntu/tp-link/ER7206_trunk/staging_dir/target-mips64-octeon-linux-gnu-osg_pro_un_v1/usr/lib -msoft-float '
CXX_FOR_BUILD='g++'
CXX_FOR_TARGET='mips64-octeon-linux-gnu-c++'
DEBUG_PREFIX_CFLAGS_FOR_TARGET=''
DEFS='-DPACKAGE_NAME=\"\" -DPACKAGE_TARNAME=\"\" -DPACKAGE_VERSION=\"\" -DPACKAGE_STRING=\"\" -DPACKAGE_BUGREPORT=\"\" -DPACKAGE_URL=\"\" -DLT_OBJDIR=\".libs/\"'
DLLTOOL='mips64-octeon-linux-gnu-dlltool'
DLLTOOL_FOR_BUILD='dlltool'
DLLTOOL_FOR_TARGET='mips64-octeon-linux-gnu-dlltool'
ECHO_C=''
ECHO_N='-n'
ECHO_T=''
EXEEXT=''
EXPECT='expect'
EXTRA_CONFIGARGS_LIBJAVA='--disable-static'
FLAGS_FOR_TARGET=''
FLEX='flex'
GCC_FOR_TARGET='mips64-octeon-linux-gnu-gcc'
GCC_SHLIB_SUBDIR=''
GCJ_FOR_BUILD='gcj'
GCJ_FOR_TARGET='mips64-octeon-linux-gnu-gcj'
GDB_TK=''
GFORTRAN_FOR_BUILD='gfortran'
GFORTRAN_FOR_TARGET='mips64-octeon-linux-gnu-gfortran'
GNATBIND='no'
GNATMAKE='no'
GOC_FOR_BUILD='gccgo'
GOC_FOR_TARGET='mips64-octeon-linux-gnu-gccgo'
INSTALL_DATA='${INSTALL} -m 644'
INSTALL_GDB_TK=''
INSTALL_PROGRAM='${INSTALL}'
INSTALL_SCRIPT='${INSTALL}'
LD='mips64-octeon-linux-gnu-ld'
LDFLAGS='-L/home/ubuntu/tp-link/ER7206_trunk/staging_dir/target-mips64-octeon-linux-gnu-osg_pro_un_v1/usr/lib -L/home/ubuntu/tp-link/ER7206_trunk/staging_dir/target-mips64-octeon-linux-gnu-osg_pro_un_v1/lib -L/home/ubuntu/tp-link/ER7206_trunk/staging_dir/toolchain-cavium-sdk-3.x/usr/lib -L/home/ubuntu/tp-link/ER7206_trunk/staging_dir/toolchain-cavium-sdk-3.x/lib '
LDFLAGS_FOR_BUILD=''
LDFLAGS_FOR_TARGET=''
LD_FOR_BUILD='ld'
LD_FOR_TARGET='/home/ubuntu/tp-link/ER7206_trunk/staging_dir/toolchain-cavium-sdk-3.x/bin/../lib/gcc/mips64-octeon-linux-gnu/4.7.0/../../../../mips64-octeon-linux-gnu/bin/ld'
LEX='flex'
LIBOBJS=''
LIBS=''
LIPO='mips64-octeon-linux-gnu-lipo'
LIPO_FOR_TARGET='mips64-octeon-linux-gnu-lipo'
LN='ln'
LN_S='ln -s'
LTLIBOBJS=''
M4='/home/ubuntu/tp-link/ER7206_trunk/staging_dir/host/bin/m4'
MAINT='#'
MAINTAINER_MODE_FALSE=''
MAINTAINER_MODE_TRUE='#'
MAKEINFO='/home/ubuntu/tp-link/ER7206_trunk/build_dir/target-mips64-octeon-linux-gnu-osg_pro_un_v1/gdb-7.5/missing makeinfo'
NM='mips64-octeon-linux-gnu-nm'
NM_FOR_BUILD='nm'
NM_FOR_TARGET='/home/ubuntu/tp-link/ER7206_trunk/staging_dir/toolchain-cavium-sdk-3.x/bin/../lib/gcc/mips64-octeon-linux-gnu/4.7.0/../../../../mips64-octeon-linux-gnu/bin/nm'
OBJCOPY='mips64-octeon-linux-gnu-objcopy'
OBJDUMP='mips64-octeon-linux-gnu-objdump'
OBJDUMP_FOR_TARGET='/home/ubuntu/tp-link/ER7206_trunk/staging_dir/toolchain-cavium-sdk-3.x/bin/../lib/gcc/mips64-octeon-linux-gnu/4.7.0/../../../../mips64-octeon-linux-gnu/bin/objdump'
OBJEXT='o'
PACKAGE_BUGREPORT=''
PACKAGE_NAME=''
PACKAGE_STRING=''
PACKAGE_TARNAME=''
PACKAGE_URL=''
PACKAGE_VERSION=''
PATH_SEPARATOR=':'
POSTSTAGE1_CONFIGURE_FLAGS='--enable-build-with-cxx'
RANLIB='mips64-octeon-linux-gnu-ranlib'
RANLIB_FOR_BUILD='ranlib'
RANLIB_FOR_TARGET='/home/ubuntu/tp-link/ER7206_trunk/staging_dir/toolchain-cavium-sdk-3.x/bin/../lib/gcc/mips64-octeon-linux-gnu/4.7.0/../../../../mips64-octeon-linux-gnu/bin/ranlib'
RAW_CXX_FOR_TARGET='mips64-octeon-linux-gnu-c++'
READELF='mips64-octeon-linux-gnu-readelf'
READELF_FOR_TARGET='mips64-octeon-linux-gnu-readelf'
RPATH_ENVVAR='LD_LIBRARY_PATH'
RUNTEST='runtest'
SED='/home/ubuntu/tp-link/ER7206_trunk/staging_dir/host/bin/sed'
SHELL='/bin/sh'
STRIP='mips64-octeon-linux-gnu-strip'
STRIP_FOR_TARGET='/home/ubuntu/tp-link/ER7206_trunk/staging_dir/toolchain-cavium-sdk-3.x/bin/../lib/gcc/mips64-octeon-linux-gnu/4.7.0/../../../../mips64-octeon-linux-gnu/bin/strip'
SYSROOT_CFLAGS_FOR_TARGET=''
TOPLEVEL_CONFIGURE_ARGUMENTS='./configure --target=mips64-octeon-linux-gnu --host=mips64-octeon-linux-gnu --build=x86_64-linux-gnu --program-prefix= --program-suffix= --prefix=/usr --exec-prefix=/usr --bindir=/usr/bin --sbindir=/usr/sbin --libexecdir=/usr/lib --sysconfdir=/etc --datadir=/usr/share --localstatedir=/var --mandir=/usr/man --infodir=/usr/info --disable-nls --with-system-readline --without-expat --disable-werror'
WINDMC='mips64-octeon-linux-gnu-windmc'
WINDMC_FOR_BUILD='windmc'
WINDMC_FOR_TARGET='mips64-octeon-linux-gnu-windmc'
WINDRES='mips64-octeon-linux-gnu-windres'
WINDRES_FOR_BUILD='windres'
WINDRES_FOR_TARGET='mips64-octeon-linux-gnu-windres'
YACC='bison -y'
ac_ct_CC=''
ac_ct_CXX=''
bindir='/usr/bin'
build='x86_64-pc-linux-gnu'
build_alias='x86_64-linux-gnu'
build_configargs=' --cache-file=../config.cache '\''--prefix=/usr'\'' '\''--exec-prefix=/usr'\'' '\''--bindir=/usr/bin'\'' '\''--sbindir=/usr/sbin'\'' '\''--libexecdir=/usr/lib'\'' '\''--sysconfdir=/etc'\'' '\''--datadir=/usr/share'\'' '\''--localstatedir=/var'\'' '\''--mandir=/usr/man'\'' '\''--infodir=/usr/info'\'' '\''--disable-nls'\'' '\''--with-system-readline'\'' '\''--without-expat'\'' '\''--disable-werror'\'' --program-transform-name='\''s&$$&&;s&^&&'\'' --disable-option-checking'
build_configdirs=' libiberty'
build_cpu='x86_64'
build_libsubdir='build-x86_64-linux-gnu'
build_noncanonical='x86_64-linux-gnu'
build_os='linux-gnu'
build_subdir='build-x86_64-linux-gnu'
build_tooldir='${exec_prefix}/mips64-octeon-linux-gnu'
build_vendor='pc'
clooginc=''
clooglibs=''
compare_exclusions='gcc/cc*-checksum$(objext) | gcc/ada/*tools/*'
configdirs=' intl libiberty opcodes bfd readline libdecnumber sim gdb etc'
datadir='/usr/share'
datarootdir='${prefix}/share'
do_compare='cmp --ignore-initial=16 $$f1 $$f2'
docdir='${datarootdir}/doc/${PACKAGE}'
dvidir='${docdir}'
exec_prefix='/usr'
extra_host_libiberty_configure_flags=''
extra_mpc_gmp_configure_flags=''
extra_mpc_mpfr_configure_flags=''
extra_mpfr_configure_flags=''
gmpinc=''
gmplibs='-lmpc -lmpfr -lgmp'
host='mips64-octeon-linux-gnu'
host_alias='mips64-octeon-linux-gnu'
host_configargs=' --cache-file=./config.cache  --with-system-zlib '\''--prefix=/usr'\'' '\''--exec-prefix=/usr'\'' '\''--bindir=/usr/bin'\'' '\''--sbindir=/usr/sbin'\'' '\''--libexecdir=/usr/lib'\'' '\''--sysconfdir=/etc'\'' '\''--datadir=/usr/share'\'' '\''--localstatedir=/var'\'' '\''--mandir=/usr/man'\'' '\''--infodir=/usr/info'\'' '\''--disable-nls'\'' '\''--with-system-readline'\'' '\''--without-expat'\'' '\''--disable-werror'\'' --program-transform-name='\''s&$$&&;s&^&&'\'' --disable-option-checking'
host_cpu='mips64'
host_noncanonical='mips64-octeon-linux-gnu'
host_os='linux-gnu'
host_subdir='.'
host_vendor='octeon'
htmldir='${docdir}'
includedir='${prefix}/include'
infodir='/usr/info'
libdir='${exec_prefix}/lib'
libexecdir='/usr/lib'
localedir='${datarootdir}/locale'
localstatedir='/var'
mandir='/usr/man'
oldincludedir='/usr/include'
pdfdir='${docdir}'
poststage1_ldflags='-static-libstdc++ -static-libgcc'
poststage1_libs=''
pplinc=''
ppllibs=''
prefix='/usr'
program_transform_name='s&$$&&;s&^&&'
psdir='${docdir}'
sbindir='/usr/sbin'
sharedstatedir='${prefix}/com'
stage1_cflags='-g -fkeep-inline-functions'
stage1_checking='--enable-checking=yes,types'
stage1_languages=',c,'
stage1_ldflags=''
stage1_libs=''
stage2_werror_flag=''
sysconfdir='/etc'
target='mips64-octeon-linux-gnu'
target_alias='mips64-octeon-linux-gnu'
target_configargs='--cache-file=./config.cache --enable-multilib   '\''--prefix=/usr'\'' '\''--exec-prefix=/usr'\'' '\''--bindir=/usr/bin'\'' '\''--sbindir=/usr/sbin'\'' '\''--libexecdir=/usr/lib'\'' '\''--sysconfdir=/etc'\'' '\''--datadir=/usr/share'\'' '\''--localstatedir=/var'\'' '\''--mandir=/usr/man'\'' '\''--infodir=/usr/info'\'' '\''--disable-nls'\'' '\''--with-system-readline'\'' '\''--without-expat'\'' '\''--disable-werror'\'' --program-transform-name='\''s&$$&&;s&^&&'\'' --disable-option-checking'
target_configdirs=''
target_cpu='mips64'
target_noncanonical='mips64-octeon-linux-gnu'
target_os='linux-gnu'
target_subdir='mips64-octeon-linux-gnu'
target_vendor='octeon'
tooldir='${exec_prefix}/mips64-octeon-linux-gnu'

## ------------------- ##
## File substitutions. ##
## ------------------- ##

alphaieee_frag='/dev/null'
host_makefile_frag='/dev/null'
ospace_frag='/dev/null'
serialization_dependencies='serdep.tmp'
target_makefile_frag='./config/mt-mips-gnu'

## ----------- ##
## confdefs.h. ##
## ----------- ##

/* confdefs.h */
#define PACKAGE_NAME ""
#define PACKAGE_TARNAME ""
#define PACKAGE_VERSION ""
#define PACKAGE_STRING ""
#define PACKAGE_BUGREPORT ""
#define PACKAGE_URL ""
#define LT_OBJDIR ".libs/"

configure: exit 0
