This file contains any messages produced by compilers while
running configure, to aid debugging if configure makes a mistake.

It was created by ethtool configure 5.0, which was
generated by GNU Autoconf 2.69.  Invocation command line was

  $ ./configure --host=mips-linux-uclibc --target=mips-linux-uclibc --disable-devel --disable-shared --prefix=/home/ubuntu/tp-link/GPL_X5700_1/bcm675x/bcm963xx_router/targets/TP6755/fs.install --sbindir=/home/ubuntu/tp-link/GPL_X5700_1/bcm675x/bcm963xx_router/targets/TP6755/fs.install/bin --libdir=/home/ubuntu/tp-link/GPL_X5700_1/bcm675x/bcm963xx_router/targets/TP6755/fs.install/lib/gpl --with-kbuild=/home/ubuntu/tp-link/GPL_X5700_1/bcm675x/bcm963xx_router/../toolchain/opt/toolchains/crosstools-arm-gcc-5.5-linux-4.1-glibc-2.26-binutils-2.28.1/usr/arm-buildroot-linux-gnueabi/sysroot/usr/include LDFLAGS=-L/home/ubuntu/tp-link/GPL_X5700_1/bcm675x/bcm963xx_router/targets/TP6755/fs.install/lib CFLAGS=-s -O2 -Wno-strict-aliasing

## --------- ##
## Platform. ##
## --------- ##

hostname = ubuntu
uname -m = x86_64
uname -r = 4.4.0-148-generic
uname -s = Linux
uname -v = #174~14.04.1-Ubuntu SMP Thu May 9 08:17:37 UTC 2019

/usr/bin/uname -p = unknown
/bin/uname -X     = unknown

/bin/arch              = unknown
/usr/bin/arch -k       = unknown
/usr/convex/getsysinfo = unknown
/usr/bin/hostinfo      = unknown
/bin/machine           = unknown
/usr/bin/oslevel       = unknown
/bin/universe          = unknown

PATH: /usr/local/sbin
PATH: /usr/local/bin
PATH: /usr/sbin
PATH: /usr/bin
PATH: /sbin
PATH: /bin
PATH: /usr/games
PATH: /usr/local/games


## ----------- ##
## Core tests. ##
## ----------- ##

configure:2043: checking for a BSD-compatible install
configure:2111: result: /usr/bin/install -c
configure:2122: checking whether build environment is sane
configure:2177: result: yes
configure:2236: checking for mips-linux-uclibc-strip
configure:2263: result: /home/ubuntu/tp-link/GPL_X5700_1/bcm675x/bcm963xx_router/../toolchain/opt/toolchains/crosstools-arm-gcc-5.5-linux-4.1-glibc-2.26-binutils-2.28.1/usr/bin/arm-buildroot-linux-gnueabi-strip
configure:2328: checking for a thread-safe mkdir -p
configure:2367: result: /bin/mkdir -p
configure:2374: checking for gawk
configure:2390: found /usr/bin/gawk
configure:2401: result: gawk
configure:2412: checking whether make sets $(MAKE)
configure:2434: result: yes
configure:2463: checking whether make supports nested variables
configure:2480: result: yes
configure:2610: checking whether to enable maintainer-specific portions of Makefiles
configure:2619: result: no
configure:2641: checking for mips-linux-uclibc-gcc
configure:2668: result: /home/ubuntu/tp-link/GPL_X5700_1/bcm675x/bcm963xx_router/../toolchain/opt/toolchains/crosstools-arm-gcc-5.5-linux-4.1-glibc-2.26-binutils-2.28.1/usr/bin/arm-buildroot-linux-gnueabi-gcc
configure:2937: checking for C compiler version
configure:2946: /home/ubuntu/tp-link/GPL_X5700_1/bcm675x/bcm963xx_router/../toolchain/opt/toolchains/crosstools-arm-gcc-5.5-linux-4.1-glibc-2.26-binutils-2.28.1/usr/bin/arm-buildroot-linux-gnueabi-gcc --version >&5
arm-buildroot-linux-gnueabi-gcc.br_real (Buildroot 2017.11.1) 5.5.0
Copyright (C) 2015 Free Software Foundation, Inc.
This is free software; see the source for copying conditions.  There is NO
warranty; not even for MERCHANTABILITY or FITNESS FOR A PARTICULAR PURPOSE.

configure:2957: $? = 0
configure:2946: /home/ubuntu/tp-link/GPL_X5700_1/bcm675x/bcm963xx_router/../toolchain/opt/toolchains/crosstools-arm-gcc-5.5-linux-4.1-glibc-2.26-binutils-2.28.1/usr/bin/arm-buildroot-linux-gnueabi-gcc -v >&5
Using built-in specs.
COLLECT_GCC=/home/ubuntu/tp-link/GPL_X5700_1/bcm675x/toolchain/opt/toolchains/crosstools-arm-gcc-5.5-linux-4.1-glibc-2.26-binutils-2.28.1/bin/arm-buildroot-linux-gnueabi-gcc.br_real
COLLECT_LTO_WRAPPER=/home/ubuntu/tp-link/GPL_X5700_1/bcm675x/toolchain/opt/toolchains/crosstools-arm-gcc-5.5-linux-4.1-glibc-2.26-binutils-2.28.1/bin/../libexec/gcc/arm-buildroot-linux-gnueabi/5.5.0/lto-wrapper
Target: arm-buildroot-linux-gnueabi
Configured with: ./configure --prefix=/opt/toolchains/crosstools-arm-gcc-5.5-linux-4.1-glibc-2.26-binutils-2.28.1 --sysconfdir=/opt/toolchains/crosstools-arm-gcc-5.5-linux-4.1-glibc-2.26-binutils-2.28.1/etc --enable-static --target=arm-buildroot-linux-gnueabi --with-sysroot=/opt/toolchains/crosstools-arm-gcc-5.5-linux-4.1-glibc-2.26-binutils-2.28.1/arm-buildroot-linux-gnueabi/sysroot --disable-__cxa_atexit --with-gnu-ld --disable-libssp --disable-multilib --with-gmp=/opt/toolchains/crosstools-arm-gcc-5.5-linux-4.1-glibc-2.26-binutils-2.28.1 --with-mpc=/opt/toolchains/crosstools-arm-gcc-5.5-linux-4.1-glibc-2.26-binutils-2.28.1 --with-mpfr=/opt/toolchains/crosstools-arm-gcc-5.5-linux-4.1-glibc-2.26-binutils-2.28.1 --with-pkgversion='Buildroot 2017.11.1' --with-bugurl=http://bugs.buildroot.net/ --disable-libquadmath --enable-tls --disable-libmudflap --enable-threads --without-isl --without-cloog --with-float=soft --disable-decimal-float --with-abi=aapcs-linux --with-cpu=cortex-a9 --with-float=soft --with-mode=arm --enable-languages=c,c++ --with-build-time-tools=/opt/toolchains/crosstools-arm-gcc-5.5-linux-4.1-glibc-2.26-binutils-2.28.1/arm-buildroot-linux-gnueabi/bin --enable-shared --disable-libgomp
Thread model: posix
gcc version 5.5.0 (Buildroot 2017.11.1) 
configure:2957: $? = 0
configure:2946: /home/ubuntu/tp-link/GPL_X5700_1/bcm675x/bcm963xx_router/../toolchain/opt/toolchains/crosstools-arm-gcc-5.5-linux-4.1-glibc-2.26-binutils-2.28.1/usr/bin/arm-buildroot-linux-gnueabi-gcc -V >&5
arm-buildroot-linux-gnueabi-gcc.br_real: error: unrecognized command line option '-V'
arm-buildroot-linux-gnueabi-gcc.br_real: fatal error: no input files
compilation terminated.
configure:2957: $? = 1
configure:2946: /home/ubuntu/tp-link/GPL_X5700_1/bcm675x/bcm963xx_router/../toolchain/opt/toolchains/crosstools-arm-gcc-5.5-linux-4.1-glibc-2.26-binutils-2.28.1/usr/bin/arm-buildroot-linux-gnueabi-gcc -qversion >&5
arm-buildroot-linux-gnueabi-gcc.br_real: error: unrecognized command line option '-qversion'
arm-buildroot-linux-gnueabi-gcc.br_real: fatal error: no input files
compilation terminated.
configure:2957: $? = 1
configure:2977: checking whether the C compiler works
configure:2999: /home/ubuntu/tp-link/GPL_X5700_1/bcm675x/bcm963xx_router/../toolchain/opt/toolchains/crosstools-arm-gcc-5.5-linux-4.1-glibc-2.26-binutils-2.28.1/usr/bin/arm-buildroot-linux-gnueabi-gcc -s -O2 -Wno-strict-aliasing  -L/home/ubuntu/tp-link/GPL_X5700_1/bcm675x/bcm963xx_router/targets/TP6755/fs.install/lib conftest.c  >&5
configure:3003: $? = 0
configure:3051: result: yes
configure:3054: checking for C compiler default output file name
configure:3056: result: a.out
configure:3062: checking for suffix of executables
configure:3069: /home/ubuntu/tp-link/GPL_X5700_1/bcm675x/bcm963xx_router/../toolchain/opt/toolchains/crosstools-arm-gcc-5.5-linux-4.1-glibc-2.26-binutils-2.28.1/usr/bin/arm-buildroot-linux-gnueabi-gcc -o conftest -s -O2 -Wno-strict-aliasing  -L/home/ubuntu/tp-link/GPL_X5700_1/bcm675x/bcm963xx_router/targets/TP6755/fs.install/lib conftest.c  >&5
configure:3073: $? = 0
configure:3095: result: 
configure:3117: checking whether we are cross compiling
configure:3125: /home/ubuntu/tp-link/GPL_X5700_1/bcm675x/bcm963xx_router/../toolchain/opt/toolchains/crosstools-arm-gcc-5.5-linux-4.1-glibc-2.26-binutils-2.28.1/usr/bin/arm-buildroot-linux-gnueabi-gcc -o conftest -s -O2 -Wno-strict-aliasing  -L/home/ubuntu/tp-link/GPL_X5700_1/bcm675x/bcm963xx_router/targets/TP6755/fs.install/lib conftest.c  >&5
configure:3129: $? = 0
configure:3136: ./conftest
./configure: line 3138: ./conftest: cannot execute binary file: Exec format error
configure:3140: $? = 126
configure:3155: result: yes
configure:3160: checking for suffix of object files
configure:3182: /home/ubuntu/tp-link/GPL_X5700_1/bcm675x/bcm963xx_router/../toolchain/opt/toolchains/crosstools-arm-gcc-5.5-linux-4.1-glibc-2.26-binutils-2.28.1/usr/bin/arm-buildroot-linux-gnueabi-gcc -c -s -O2 -Wno-strict-aliasing  conftest.c >&5
configure:3186: $? = 0
configure:3207: result: o
configure:3211: checking whether we are using the GNU C compiler
configure:3230: /home/ubuntu/tp-link/GPL_X5700_1/bcm675x/bcm963xx_router/../toolchain/opt/toolchains/crosstools-arm-gcc-5.5-linux-4.1-glibc-2.26-binutils-2.28.1/usr/bin/arm-buildroot-linux-gnueabi-gcc -c -s -O2 -Wno-strict-aliasing  conftest.c >&5
configure:3230: $? = 0
configure:3239: result: yes
configure:3248: checking whether /home/ubuntu/tp-link/GPL_X5700_1/bcm675x/bcm963xx_router/../toolchain/opt/toolchains/crosstools-arm-gcc-5.5-linux-4.1-glibc-2.26-binutils-2.28.1/usr/bin/arm-buildroot-linux-gnueabi-gcc accepts -g
configure:3268: /home/ubuntu/tp-link/GPL_X5700_1/bcm675x/bcm963xx_router/../toolchain/opt/toolchains/crosstools-arm-gcc-5.5-linux-4.1-glibc-2.26-binutils-2.28.1/usr/bin/arm-buildroot-linux-gnueabi-gcc -c -g  conftest.c >&5
configure:3268: $? = 0
configure:3309: result: yes
configure:3326: checking for /home/ubuntu/tp-link/GPL_X5700_1/bcm675x/bcm963xx_router/../toolchain/opt/toolchains/crosstools-arm-gcc-5.5-linux-4.1-glibc-2.26-binutils-2.28.1/usr/bin/arm-buildroot-linux-gnueabi-gcc option to accept ISO C89
configure:3389: /home/ubuntu/tp-link/GPL_X5700_1/bcm675x/bcm963xx_router/../toolchain/opt/toolchains/crosstools-arm-gcc-5.5-linux-4.1-glibc-2.26-binutils-2.28.1/usr/bin/arm-buildroot-linux-gnueabi-gcc  -c -s -O2 -Wno-strict-aliasing  conftest.c >&5
configure:3389: $? = 0
configure:3402: result: none needed
configure:3427: checking whether /home/ubuntu/tp-link/GPL_X5700_1/bcm675x/bcm963xx_router/../toolchain/opt/toolchains/crosstools-arm-gcc-5.5-linux-4.1-glibc-2.26-binutils-2.28.1/usr/bin/arm-buildroot-linux-gnueabi-gcc understands -c and -o together
configure:3449: /home/ubuntu/tp-link/GPL_X5700_1/bcm675x/bcm963xx_router/../toolchain/opt/toolchains/crosstools-arm-gcc-5.5-linux-4.1-glibc-2.26-binutils-2.28.1/usr/bin/arm-buildroot-linux-gnueabi-gcc -c conftest.c -o conftest2.o
configure:3452: $? = 0
configure:3449: /home/ubuntu/tp-link/GPL_X5700_1/bcm675x/bcm963xx_router/../toolchain/opt/toolchains/crosstools-arm-gcc-5.5-linux-4.1-glibc-2.26-binutils-2.28.1/usr/bin/arm-buildroot-linux-gnueabi-gcc -c conftest.c -o conftest2.o
configure:3452: $? = 0
configure:3464: result: yes
configure:3492: checking for style of include used by make
configure:3520: result: GNU
configure:3546: checking dependency style of /home/ubuntu/tp-link/GPL_X5700_1/bcm675x/bcm963xx_router/../toolchain/opt/toolchains/crosstools-arm-gcc-5.5-linux-4.1-glibc-2.26-binutils-2.28.1/usr/bin/arm-buildroot-linux-gnueabi-gcc
configure:3657: result: gcc3
configure:3678: checking how to run the C preprocessor
configure:3748: result: /home/ubuntu/tp-link/GPL_X5700_1/bcm675x/bcm963xx_router/../toolchain/opt/toolchains/crosstools-arm-gcc-5.5-linux-4.1-glibc-2.26-binutils-2.28.1/usr/bin/arm-buildroot-linux-gnueabi-cpp
configure:3768: /home/ubuntu/tp-link/GPL_X5700_1/bcm675x/bcm963xx_router/../toolchain/opt/toolchains/crosstools-arm-gcc-5.5-linux-4.1-glibc-2.26-binutils-2.28.1/usr/bin/arm-buildroot-linux-gnueabi-cpp  conftest.c
configure:3768: $? = 0
configure:3782: /home/ubuntu/tp-link/GPL_X5700_1/bcm675x/bcm963xx_router/../toolchain/opt/toolchains/crosstools-arm-gcc-5.5-linux-4.1-glibc-2.26-binutils-2.28.1/usr/bin/arm-buildroot-linux-gnueabi-cpp  conftest.c
conftest.c:11:28: fatal error: ac_nonexistent.h: No such file or directory
compilation terminated.
configure:3782: $? = 1
configure: failed program was:
| /* confdefs.h */
| #define PACKAGE_NAME "ethtool"
| #define PACKAGE_TARNAME "ethtool"
| #define PACKAGE_VERSION "5.0"
| #define PACKAGE_STRING "ethtool 5.0"
| #define PACKAGE_BUGREPORT "netdev@vger.kernel.org"
| #define PACKAGE_URL ""
| #define PACKAGE "ethtool"
| #define VERSION "5.0"
| /* end confdefs.h.  */
| #include <ac_nonexistent.h>
configure:3811: checking for grep that handles long lines and -e
configure:3869: result: /bin/grep
configure:3874: checking for egrep
configure:3936: result: /bin/grep -E
configure:3942: checking whether /home/ubuntu/tp-link/GPL_X5700_1/bcm675x/bcm963xx_router/../toolchain/opt/toolchains/crosstools-arm-gcc-5.5-linux-4.1-glibc-2.26-binutils-2.28.1/usr/bin/arm-buildroot-linux-gnueabi-gcc needs -traditional
configure:3976: result: no
configure:3987: checking whether <linux/types.h> defines big-endian types
configure:4000: /home/ubuntu/tp-link/GPL_X5700_1/bcm675x/bcm963xx_router/../toolchain/opt/toolchains/crosstools-arm-gcc-5.5-linux-4.1-glibc-2.26-binutils-2.28.1/usr/bin/arm-buildroot-linux-gnueabi-gcc -c -s -O2 -Wno-strict-aliasing  conftest.c >&5
configure:4000: $? = 0
configure:4001: result: yes
configure:4012: checking for ANSI C header files
configure:4032: /home/ubuntu/tp-link/GPL_X5700_1/bcm675x/bcm963xx_router/../toolchain/opt/toolchains/crosstools-arm-gcc-5.5-linux-4.1-glibc-2.26-binutils-2.28.1/usr/bin/arm-buildroot-linux-gnueabi-gcc -c -s -O2 -Wno-strict-aliasing  conftest.c >&5
configure:4032: $? = 0
configure:4116: result: yes
configure:4127: checking for socket
configure:4127: /home/ubuntu/tp-link/GPL_X5700_1/bcm675x/bcm963xx_router/../toolchain/opt/toolchains/crosstools-arm-gcc-5.5-linux-4.1-glibc-2.26-binutils-2.28.1/usr/bin/arm-buildroot-linux-gnueabi-gcc -o conftest -s -O2 -Wno-strict-aliasing  -L/home/ubuntu/tp-link/GPL_X5700_1/bcm675x/bcm963xx_router/targets/TP6755/fs.install/lib conftest.c  >&5
configure:4127: $? = 0
configure:4127: result: yes
configure:4127: checking for strtol
configure:4127: /home/ubuntu/tp-link/GPL_X5700_1/bcm675x/bcm963xx_router/../toolchain/opt/toolchains/crosstools-arm-gcc-5.5-linux-4.1-glibc-2.26-binutils-2.28.1/usr/bin/arm-buildroot-linux-gnueabi-gcc -o conftest -s -O2 -Wno-strict-aliasing  -L/home/ubuntu/tp-link/GPL_X5700_1/bcm675x/bcm963xx_router/targets/TP6755/fs.install/lib conftest.c  >&5
configure:4127: $? = 0
configure:4127: result: yes
configure:4269: checking that generated files are newer than configure
configure:4275: result: done
configure:4306: creating ./config.status

## ---------------------- ##
## Running config.status. ##
## ---------------------- ##

This file was extended by ethtool config.status 5.0, which was
generated by GNU Autoconf 2.69.  Invocation command line was

  CONFIG_FILES    = 
  CONFIG_HEADERS  = 
  CONFIG_LINKS    = 
  CONFIG_COMMANDS = 
  $ ./config.status 

on ubuntu

config.status:857: creating Makefile
config.status:857: creating ethtool.spec
config.status:857: creating ethtool.8
config.status:857: creating ethtool-config.h
config.status:1086: executing depfiles commands
configure:5620: WARNING: unrecognized options: --disable-devel, --disable-shared, --with-kbuild

## ---------------- ##
## Cache variables. ##
## ---------------- ##

ac_cv_c_compiler_gnu=yes
ac_cv_env_CC_set=set
ac_cv_env_CC_value=/home/ubuntu/tp-link/GPL_X5700_1/bcm675x/bcm963xx_router/../toolchain/opt/toolchains/crosstools-arm-gcc-5.5-linux-4.1-glibc-2.26-binutils-2.28.1/usr/bin/arm-buildroot-linux-gnueabi-gcc
ac_cv_env_CFLAGS_set=set
ac_cv_env_CFLAGS_value='-s -O2 -Wno-strict-aliasing'
ac_cv_env_CPPFLAGS_set=
ac_cv_env_CPPFLAGS_value=
ac_cv_env_CPP_set=set
ac_cv_env_CPP_value=/home/ubuntu/tp-link/GPL_X5700_1/bcm675x/bcm963xx_router/../toolchain/opt/toolchains/crosstools-arm-gcc-5.5-linux-4.1-glibc-2.26-binutils-2.28.1/usr/bin/arm-buildroot-linux-gnueabi-cpp
ac_cv_env_LDFLAGS_set=set
ac_cv_env_LDFLAGS_value=-L/home/ubuntu/tp-link/GPL_X5700_1/bcm675x/bcm963xx_router/targets/TP6755/fs.install/lib
ac_cv_env_LIBS_set=
ac_cv_env_LIBS_value=
ac_cv_env_build_alias_set=
ac_cv_env_build_alias_value=
ac_cv_env_host_alias_set=set
ac_cv_env_host_alias_value=mips-linux-uclibc
ac_cv_env_target_alias_set=set
ac_cv_env_target_alias_value=mips-linux-uclibc
ac_cv_func_socket=yes
ac_cv_func_strtol=yes
ac_cv_header_stdc=yes
ac_cv_objext=o
ac_cv_path_EGREP='/bin/grep -E'
ac_cv_path_GREP=/bin/grep
ac_cv_path_install='/usr/bin/install -c'
ac_cv_path_mkdir=/bin/mkdir
ac_cv_prog_AWK=gawk
ac_cv_prog_CC=/home/ubuntu/tp-link/GPL_X5700_1/bcm675x/bcm963xx_router/../toolchain/opt/toolchains/crosstools-arm-gcc-5.5-linux-4.1-glibc-2.26-binutils-2.28.1/usr/bin/arm-buildroot-linux-gnueabi-gcc
ac_cv_prog_CPP=/home/ubuntu/tp-link/GPL_X5700_1/bcm675x/bcm963xx_router/../toolchain/opt/toolchains/crosstools-arm-gcc-5.5-linux-4.1-glibc-2.26-binutils-2.28.1/usr/bin/arm-buildroot-linux-gnueabi-cpp
ac_cv_prog_STRIP=/home/ubuntu/tp-link/GPL_X5700_1/bcm675x/bcm963xx_router/../toolchain/opt/toolchains/crosstools-arm-gcc-5.5-linux-4.1-glibc-2.26-binutils-2.28.1/usr/bin/arm-buildroot-linux-gnueabi-strip
ac_cv_prog_cc_c89=
ac_cv_prog_cc_g=yes
ac_cv_prog_gcc_traditional=no
ac_cv_prog_make_make_set=yes
am_cv_CC_dependencies_compiler_type=gcc3
am_cv_make_support_nested_variables=yes
am_cv_prog_cc_c_o=yes

## ----------------- ##
## Output variables. ##
## ----------------- ##

ACLOCAL='${SHELL} /home/ubuntu/tp-link/GPL_X5700_1/bcm675x/bcm963xx_router/userspace/gpl/apps/ethtool/ethtool-5.0/missing aclocal-1.15'
AMDEPBACKSLASH='\'
AMDEP_FALSE='#'
AMDEP_TRUE=''
AMTAR='$${TAR-tar}'
AM_BACKSLASH='\'
AM_DEFAULT_V='$(AM_DEFAULT_VERBOSITY)'
AM_DEFAULT_VERBOSITY='1'
AM_V='$(V)'
AUTOCONF='${SHELL} /home/ubuntu/tp-link/GPL_X5700_1/bcm675x/bcm963xx_router/userspace/gpl/apps/ethtool/ethtool-5.0/missing autoconf'
AUTOHEADER='${SHELL} /home/ubuntu/tp-link/GPL_X5700_1/bcm675x/bcm963xx_router/userspace/gpl/apps/ethtool/ethtool-5.0/missing autoheader'
AUTOMAKE='${SHELL} /home/ubuntu/tp-link/GPL_X5700_1/bcm675x/bcm963xx_router/userspace/gpl/apps/ethtool/ethtool-5.0/missing automake-1.15'
AWK='gawk'
CC='/home/ubuntu/tp-link/GPL_X5700_1/bcm675x/bcm963xx_router/../toolchain/opt/toolchains/crosstools-arm-gcc-5.5-linux-4.1-glibc-2.26-binutils-2.28.1/usr/bin/arm-buildroot-linux-gnueabi-gcc'
CCDEPMODE='depmode=gcc3'
CFLAGS='-s -O2 -Wno-strict-aliasing'
CPP='/home/ubuntu/tp-link/GPL_X5700_1/bcm675x/bcm963xx_router/../toolchain/opt/toolchains/crosstools-arm-gcc-5.5-linux-4.1-glibc-2.26-binutils-2.28.1/usr/bin/arm-buildroot-linux-gnueabi-cpp'
CPPFLAGS=''
CYGPATH_W='echo'
DEFS='-DHAVE_CONFIG_H'
DEPDIR='.deps'
ECHO_C=''
ECHO_N='-n'
ECHO_T=''
EGREP='/bin/grep -E'
ETHTOOL_ENABLE_PRETTY_DUMP_FALSE='#'
ETHTOOL_ENABLE_PRETTY_DUMP_TRUE=''
EXEEXT=''
GREP='/bin/grep'
INSTALL_DATA='${INSTALL} -m 644'
INSTALL_PROGRAM='${INSTALL}'
INSTALL_SCRIPT='${INSTALL}'
INSTALL_STRIP_PROGRAM='$(install_sh) -c -s'
LDFLAGS='-L/home/ubuntu/tp-link/GPL_X5700_1/bcm675x/bcm963xx_router/targets/TP6755/fs.install/lib'
LIBOBJS=''
LIBS=''
LTLIBOBJS=''
MAINT='#'
MAINTAINER_MODE_FALSE=''
MAINTAINER_MODE_TRUE='#'
MAKEINFO='${SHELL} /home/ubuntu/tp-link/GPL_X5700_1/bcm675x/bcm963xx_router/userspace/gpl/apps/ethtool/ethtool-5.0/missing makeinfo'
MKDIR_P='/bin/mkdir -p'
OBJEXT='o'
PACKAGE='ethtool'
PACKAGE_BUGREPORT='netdev@vger.kernel.org'
PACKAGE_NAME='ethtool'
PACKAGE_STRING='ethtool 5.0'
PACKAGE_TARNAME='ethtool'
PACKAGE_URL=''
PACKAGE_VERSION='5.0'
PATH_SEPARATOR=':'
SET_MAKE=''
SHELL='/bin/sh'
STRIP='/home/ubuntu/tp-link/GPL_X5700_1/bcm675x/bcm963xx_router/../toolchain/opt/toolchains/crosstools-arm-gcc-5.5-linux-4.1-glibc-2.26-binutils-2.28.1/usr/bin/arm-buildroot-linux-gnueabi-strip'
VERSION='5.0'
ac_ct_CC=''
am__EXEEXT_FALSE=''
am__EXEEXT_TRUE='#'
am__fastdepCC_FALSE='#'
am__fastdepCC_TRUE=''
am__include='include'
am__isrc=''
am__leading_dot='.'
am__nodep='_no'
am__quote=''
am__tar='$${TAR-tar} chof - "$$tardir"'
am__untar='$${TAR-tar} xf -'
bindir='${exec_prefix}/bin'
build_alias=''
datadir='${datarootdir}'
datarootdir='${prefix}/share'
docdir='${datarootdir}/doc/${PACKAGE_TARNAME}'
dvidir='${docdir}'
exec_prefix='${prefix}'
host_alias='mips-linux-uclibc'
htmldir='${docdir}'
includedir='${prefix}/include'
infodir='${datarootdir}/info'
install_sh='${SHELL} /home/ubuntu/tp-link/GPL_X5700_1/bcm675x/bcm963xx_router/userspace/gpl/apps/ethtool/ethtool-5.0/install-sh'
libdir='/home/ubuntu/tp-link/GPL_X5700_1/bcm675x/bcm963xx_router/targets/TP6755/fs.install/lib/gpl'
libexecdir='${exec_prefix}/libexec'
localedir='${datarootdir}/locale'
localstatedir='${prefix}/var'
mandir='${datarootdir}/man'
mkdir_p='$(MKDIR_P)'
oldincludedir='/usr/include'
pdfdir='${docdir}'
prefix='/home/ubuntu/tp-link/GPL_X5700_1/bcm675x/bcm963xx_router/targets/TP6755/fs.install'
program_transform_name='s,x,x,'
psdir='${docdir}'
sbindir='/home/ubuntu/tp-link/GPL_X5700_1/bcm675x/bcm963xx_router/targets/TP6755/fs.install/bin'
sharedstatedir='${prefix}/com'
sysconfdir='${prefix}/etc'
target_alias='mips-linux-uclibc'

## ----------- ##
## confdefs.h. ##
## ----------- ##

/* confdefs.h */
#define PACKAGE_NAME "ethtool"
#define PACKAGE_TARNAME "ethtool"
#define PACKAGE_VERSION "5.0"
#define PACKAGE_STRING "ethtool 5.0"
#define PACKAGE_BUGREPORT "netdev@vger.kernel.org"
#define PACKAGE_URL ""
#define PACKAGE "ethtool"
#define VERSION "5.0"
#define HAVE_BE_TYPES 1
#define STDC_HEADERS 1
#define HAVE_SOCKET 1
#define HAVE_STRTOL 1
#define ETHTOOL_ENABLE_PRETTY_DUMP 1

configure: exit 0
