This file contains any messages produced by compilers while
running configure, to aid debugging if configure makes a mistake.

It was created by quilt configure 0.48, which was
generated by GNU Autoconf 2.68.  Invocation command line was

  $ ./configure CC=gcc CFLAGS=-O2 -I/home/ubuntu/Archer_C7_V5/openwrt/staging_dir/host/include CPPFLAGS=-I/home/ubuntu/Archer_C7_V5/openwrt/staging_dir/host/include LDFLAGS=-L/home/ubuntu/Archer_C7_V5/openwrt/staging_dir/host/lib SHELL=/bin/bash --target=i686-linux-gnu --host=i686-linux-gnu --build=i686-linux-gnu --program-prefix= --program-suffix= --prefix=/home/ubuntu/Archer_C7_V5/openwrt/staging_dir/host --exec-prefix=/home/ubuntu/Archer_C7_V5/openwrt/staging_dir/host --sysconfdir=/home/ubuntu/Archer_C7_V5/openwrt/staging_dir/host/etc --localstatedir=/home/ubuntu/Archer_C7_V5/openwrt/staging_dir/host/var --sbindir=/home/ubuntu/Archer_C7_V5/openwrt/staging_dir/host/bin --with-patch=/usr/bin/patch --with-find=/usr/bin/find --with-getopt=/usr/bin/getopt

## --------- ##
## Platform. ##
## --------- ##

hostname = ubuntu
uname -m = i686
uname -r = 4.4.0-142-generic
uname -s = Linux
uname -v = #168~14.04.1-Ubuntu SMP Sat Jan 19 11:28:33 UTC 2019

/usr/bin/uname -p = unknown
/bin/uname -X     = unknown

/bin/arch              = unknown
/usr/bin/arch -k       = unknown
/usr/convex/getsysinfo = unknown
/usr/bin/hostinfo      = unknown
/bin/machine           = unknown
/usr/bin/oslevel       = unknown
/bin/universe          = unknown

PATH: /home/ubuntu/Archer_C7_V5/openwrt/staging_dir/toolchain-mips_r2_gcc-4.6-linaro_uClibc-0.9.33.2/bin
PATH: /home/ubuntu/Archer_C7_V5/openwrt/staging_dir/host/bin
PATH: /home/ubuntu/Archer_C7_V5/openwrt/staging_dir/toolchain-mips_r2_gcc-4.6-linaro_uClibc-0.9.33.2/bin
PATH: /home/ubuntu/Archer_C7_V5/openwrt/staging_dir/host/bin
PATH: /home/ubuntu/Archer_C7_V5/openwrt/staging_dir/toolchain-mips_r2_gcc-4.6-linaro_uClibc-0.9.33.2/bin
PATH: /home/ubuntu/Archer_C7_V5/openwrt/staging_dir/host/bin
PATH: /usr/local/sbin
PATH: /usr/local/bin
PATH: /usr/sbin
PATH: /usr/bin
PATH: /sbin
PATH: /bin
PATH: /usr/games
PATH: /usr/local/games


## ----------- ##
## Core tests. ##
## ----------- ##

configure:2108: checking for i686-linux-gnu-gcc
configure:2135: result: gcc
configure:2404: checking for C compiler version
configure:2413: gcc --version >&5
gcc (Ubuntu 4.8.4-2ubuntu1~14.04.4) 4.8.4
Copyright (C) 2013 Free Software Foundation, Inc.
This is free software; see the source for copying conditions.  There is NO
warranty; not even for MERCHANTABILITY or FITNESS FOR A PARTICULAR PURPOSE.

configure:2424: $? = 0
configure:2413: gcc -v >&5
Using built-in specs.
COLLECT_GCC=gcc
COLLECT_LTO_WRAPPER=/usr/lib/gcc/i686-linux-gnu/4.8/lto-wrapper
Target: i686-linux-gnu
Configured with: ../src/configure -v --with-pkgversion='Ubuntu 4.8.4-2ubuntu1~14.04.4' --with-bugurl=file:///usr/share/doc/gcc-4.8/README.Bugs --enable-languages=c,c++,java,go,d,fortran,objc,obj-c++ --prefix=/usr --program-suffix=-4.8 --enable-shared --enable-linker-build-id --libexecdir=/usr/lib --without-included-gettext --enable-threads=posix --with-gxx-include-dir=/usr/include/c++/4.8 --libdir=/usr/lib --enable-nls --with-sysroot=/ --enable-clocale=gnu --enable-libstdcxx-debug --enable-libstdcxx-time=yes --enable-gnu-unique-object --disable-libmudflap --enable-plugin --with-system-zlib --disable-browser-plugin --enable-java-awt=gtk --enable-gtk-cairo --with-java-home=/usr/lib/jvm/java-1.5.0-gcj-4.8-i386/jre --enable-java-home --with-jvm-root-dir=/usr/lib/jvm/java-1.5.0-gcj-4.8-i386 --with-jvm-jar-dir=/usr/lib/jvm-exports/java-1.5.0-gcj-4.8-i386 --with-arch-directory=i386 --with-ecj-jar=/usr/share/java/eclipse-ecj.jar --enable-objc-gc --enable-targets=all --enable-multiarch --disable-werror --with-arch-32=i686 --with-multilib-list=m32,m64,mx32 --with-tune=generic --enable-checking=release --build=i686-linux-gnu --host=i686-linux-gnu --target=i686-linux-gnu
Thread model: posix
gcc version 4.8.4 (Ubuntu 4.8.4-2ubuntu1~14.04.4) 
configure:2424: $? = 0
configure:2413: gcc -V >&5
gcc: error: unrecognized command line option '-V'
gcc: fatal error: no input files
compilation terminated.
configure:2424: $? = 4
configure:2413: gcc -qversion >&5
gcc: error: unrecognized command line option '-qversion'
gcc: fatal error: no input files
compilation terminated.
configure:2424: $? = 4
configure:2444: checking whether the C compiler works
configure:2466: gcc -O2 -I/home/ubuntu/Archer_C7_V5/openwrt/staging_dir/host/include -I/home/ubuntu/Archer_C7_V5/openwrt/staging_dir/host/include -L/home/ubuntu/Archer_C7_V5/openwrt/staging_dir/host/lib conftest.c  >&5
configure:2470: $? = 0
configure:2518: result: yes
configure:2521: checking for C compiler default output file name
configure:2523: result: a.out
configure:2529: checking for suffix of executables
configure:2536: gcc -o conftest -O2 -I/home/ubuntu/Archer_C7_V5/openwrt/staging_dir/host/include -I/home/ubuntu/Archer_C7_V5/openwrt/staging_dir/host/include -L/home/ubuntu/Archer_C7_V5/openwrt/staging_dir/host/lib conftest.c  >&5
configure:2540: $? = 0
configure:2562: result: 
configure:2584: checking whether we are cross compiling
configure:2592: gcc -o conftest -O2 -I/home/ubuntu/Archer_C7_V5/openwrt/staging_dir/host/include -I/home/ubuntu/Archer_C7_V5/openwrt/staging_dir/host/include -L/home/ubuntu/Archer_C7_V5/openwrt/staging_dir/host/lib conftest.c  >&5
configure:2596: $? = 0
configure:2603: ./conftest
configure:2607: $? = 0
configure:2622: result: no
configure:2627: checking for suffix of object files
configure:2649: gcc -c -O2 -I/home/ubuntu/Archer_C7_V5/openwrt/staging_dir/host/include -I/home/ubuntu/Archer_C7_V5/openwrt/staging_dir/host/include conftest.c >&5
configure:2653: $? = 0
configure:2674: result: o
configure:2678: checking whether we are using the GNU C compiler
configure:2697: gcc -c -O2 -I/home/ubuntu/Archer_C7_V5/openwrt/staging_dir/host/include -I/home/ubuntu/Archer_C7_V5/openwrt/staging_dir/host/include conftest.c >&5
configure:2697: $? = 0
configure:2706: result: yes
configure:2715: checking whether gcc accepts -g
configure:2735: gcc -c -g -I/home/ubuntu/Archer_C7_V5/openwrt/staging_dir/host/include conftest.c >&5
configure:2735: $? = 0
configure:2776: result: yes
configure:2793: checking for gcc option to accept ISO C89
configure:2857: gcc  -c -O2 -I/home/ubuntu/Archer_C7_V5/openwrt/staging_dir/host/include -I/home/ubuntu/Archer_C7_V5/openwrt/staging_dir/host/include conftest.c >&5
configure:2857: $? = 0
configure:2870: result: none needed
configure:2896: checking how to run the C preprocessor
configure:2927: gcc -E -I/home/ubuntu/Archer_C7_V5/openwrt/staging_dir/host/include conftest.c
configure:2927: $? = 0
configure:2941: gcc -E -I/home/ubuntu/Archer_C7_V5/openwrt/staging_dir/host/include conftest.c
conftest.c:9:28: fatal error: ac_nonexistent.h: No such file or directory
 #include <ac_nonexistent.h>
                            ^
compilation terminated.
configure:2941: $? = 1
configure: failed program was:
| /* confdefs.h */
| #define PACKAGE_NAME "quilt"
| #define PACKAGE_TARNAME "quilt"
| #define PACKAGE_VERSION "0.48"
| #define PACKAGE_STRING "quilt 0.48"
| #define PACKAGE_BUGREPORT "quilt-dev@nongnu.org"
| #define PACKAGE_URL ""
| /* end confdefs.h.  */
| #include <ac_nonexistent.h>
configure:2966: result: gcc -E
configure:2986: gcc -E -I/home/ubuntu/Archer_C7_V5/openwrt/staging_dir/host/include conftest.c
configure:2986: $? = 0
configure:3000: gcc -E -I/home/ubuntu/Archer_C7_V5/openwrt/staging_dir/host/include conftest.c
conftest.c:9:28: fatal error: ac_nonexistent.h: No such file or directory
 #include <ac_nonexistent.h>
                            ^
compilation terminated.
configure:3000: $? = 1
configure: failed program was:
| /* confdefs.h */
| #define PACKAGE_NAME "quilt"
| #define PACKAGE_TARNAME "quilt"
| #define PACKAGE_VERSION "0.48"
| #define PACKAGE_STRING "quilt 0.48"
| #define PACKAGE_BUGREPORT "quilt-dev@nongnu.org"
| #define PACKAGE_URL ""
| /* end confdefs.h.  */
| #include <ac_nonexistent.h>
configure:3029: checking for grep that handles long lines and -e
configure:3087: result: /bin/grep
configure:3092: checking for egrep
configure:3154: result: /bin/grep -E
configure:3159: checking for ANSI C header files
configure:3179: gcc -c -O2 -I/home/ubuntu/Archer_C7_V5/openwrt/staging_dir/host/include -I/home/ubuntu/Archer_C7_V5/openwrt/staging_dir/host/include conftest.c >&5
configure:3179: $? = 0
configure:3252: gcc -o conftest -O2 -I/home/ubuntu/Archer_C7_V5/openwrt/staging_dir/host/include -I/home/ubuntu/Archer_C7_V5/openwrt/staging_dir/host/include -L/home/ubuntu/Archer_C7_V5/openwrt/staging_dir/host/lib conftest.c  >&5
configure:3252: $? = 0
configure:3252: ./conftest
configure:3252: $? = 0
configure:3263: result: yes
configure:3274: checking for fchmod
configure:3274: gcc -o conftest -O2 -I/home/ubuntu/Archer_C7_V5/openwrt/staging_dir/host/include -I/home/ubuntu/Archer_C7_V5/openwrt/staging_dir/host/include -L/home/ubuntu/Archer_C7_V5/openwrt/staging_dir/host/lib conftest.c  >&5
configure:3274: $? = 0
configure:3274: result: yes
configure:3274: checking for chmod
configure:3274: gcc -o conftest -O2 -I/home/ubuntu/Archer_C7_V5/openwrt/staging_dir/host/include -I/home/ubuntu/Archer_C7_V5/openwrt/staging_dir/host/include -L/home/ubuntu/Archer_C7_V5/openwrt/staging_dir/host/lib conftest.c  >&5
configure:3274: $? = 0
configure:3274: result: yes
configure:3286: checking for mkstemp
configure:3286: gcc -o conftest -O2 -I/home/ubuntu/Archer_C7_V5/openwrt/staging_dir/host/include -I/home/ubuntu/Archer_C7_V5/openwrt/staging_dir/host/include -L/home/ubuntu/Archer_C7_V5/openwrt/staging_dir/host/lib conftest.c  >&5
configure:3286: $? = 0
configure:3286: result: yes
configure:3298: checking for mkdir
configure:3298: gcc -o conftest -O2 -I/home/ubuntu/Archer_C7_V5/openwrt/staging_dir/host/include -I/home/ubuntu/Archer_C7_V5/openwrt/staging_dir/host/include -L/home/ubuntu/Archer_C7_V5/openwrt/staging_dir/host/lib conftest.c  >&5
configure:3298: $? = 0
configure:3298: result: yes
configure:3298: checking for rmdir
configure:3298: gcc -o conftest -O2 -I/home/ubuntu/Archer_C7_V5/openwrt/staging_dir/host/include -I/home/ubuntu/Archer_C7_V5/openwrt/staging_dir/host/include -L/home/ubuntu/Archer_C7_V5/openwrt/staging_dir/host/lib conftest.c  >&5
configure:3298: $? = 0
configure:3298: result: yes
configure:3310: checking for strchr
configure:3310: gcc -o conftest -O2 -I/home/ubuntu/Archer_C7_V5/openwrt/staging_dir/host/include -I/home/ubuntu/Archer_C7_V5/openwrt/staging_dir/host/include -L/home/ubuntu/Archer_C7_V5/openwrt/staging_dir/host/lib conftest.c  >&5
conftest.c:38:6: warning: conflicting types for built-in function 'strchr' [enabled by default]
 char strchr ();
      ^
configure:3310: $? = 0
configure:3310: result: yes
configure:3310: checking for strrchr
configure:3310: gcc -o conftest -O2 -I/home/ubuntu/Archer_C7_V5/openwrt/staging_dir/host/include -I/home/ubuntu/Archer_C7_V5/openwrt/staging_dir/host/include -L/home/ubuntu/Archer_C7_V5/openwrt/staging_dir/host/lib conftest.c  >&5
conftest.c:39:6: warning: conflicting types for built-in function 'strrchr' [enabled by default]
 char strrchr ();
      ^
configure:3310: $? = 0
configure:3310: result: yes
configure:3321: checking for strerror
configure:3321: gcc -o conftest -O2 -I/home/ubuntu/Archer_C7_V5/openwrt/staging_dir/host/include -I/home/ubuntu/Archer_C7_V5/openwrt/staging_dir/host/include -L/home/ubuntu/Archer_C7_V5/openwrt/staging_dir/host/lib conftest.c  >&5
configure:3321: $? = 0
configure:3321: result: yes
configure:3330: checking for an ANSI C-conforming const
configure:3395: gcc -c -O2 -I/home/ubuntu/Archer_C7_V5/openwrt/staging_dir/host/include -I/home/ubuntu/Archer_C7_V5/openwrt/staging_dir/host/include conftest.c >&5
configure:3395: $? = 0
configure:3402: result: yes
configure:3415: checking for sys/types.h
configure:3415: gcc -c -O2 -I/home/ubuntu/Archer_C7_V5/openwrt/staging_dir/host/include -I/home/ubuntu/Archer_C7_V5/openwrt/staging_dir/host/include conftest.c >&5
configure:3415: $? = 0
configure:3415: result: yes
configure:3415: checking for sys/stat.h
configure:3415: gcc -c -O2 -I/home/ubuntu/Archer_C7_V5/openwrt/staging_dir/host/include -I/home/ubuntu/Archer_C7_V5/openwrt/staging_dir/host/include conftest.c >&5
configure:3415: $? = 0
configure:3415: result: yes
configure:3415: checking for stdlib.h
configure:3415: gcc -c -O2 -I/home/ubuntu/Archer_C7_V5/openwrt/staging_dir/host/include -I/home/ubuntu/Archer_C7_V5/openwrt/staging_dir/host/include conftest.c >&5
configure:3415: $? = 0
configure:3415: result: yes
configure:3415: checking for string.h
configure:3415: gcc -c -O2 -I/home/ubuntu/Archer_C7_V5/openwrt/staging_dir/host/include -I/home/ubuntu/Archer_C7_V5/openwrt/staging_dir/host/include conftest.c >&5
configure:3415: $? = 0
configure:3415: result: yes
configure:3415: checking for memory.h
configure:3415: gcc -c -O2 -I/home/ubuntu/Archer_C7_V5/openwrt/staging_dir/host/include -I/home/ubuntu/Archer_C7_V5/openwrt/staging_dir/host/include conftest.c >&5
configure:3415: $? = 0
configure:3415: result: yes
configure:3415: checking for strings.h
configure:3415: gcc -c -O2 -I/home/ubuntu/Archer_C7_V5/openwrt/staging_dir/host/include -I/home/ubuntu/Archer_C7_V5/openwrt/staging_dir/host/include conftest.c >&5
configure:3415: $? = 0
configure:3415: result: yes
configure:3415: checking for inttypes.h
configure:3415: gcc -c -O2 -I/home/ubuntu/Archer_C7_V5/openwrt/staging_dir/host/include -I/home/ubuntu/Archer_C7_V5/openwrt/staging_dir/host/include conftest.c >&5
configure:3415: $? = 0
configure:3415: result: yes
configure:3415: checking for stdint.h
configure:3415: gcc -c -O2 -I/home/ubuntu/Archer_C7_V5/openwrt/staging_dir/host/include -I/home/ubuntu/Archer_C7_V5/openwrt/staging_dir/host/include conftest.c >&5
configure:3415: $? = 0
configure:3415: result: yes
configure:3415: checking for unistd.h
configure:3415: gcc -c -O2 -I/home/ubuntu/Archer_C7_V5/openwrt/staging_dir/host/include -I/home/ubuntu/Archer_C7_V5/openwrt/staging_dir/host/include conftest.c >&5
configure:3415: $? = 0
configure:3415: result: yes
configure:3427: checking whether lstat correctly handles trailing slash
configure:3453: gcc -o conftest -O2 -I/home/ubuntu/Archer_C7_V5/openwrt/staging_dir/host/include -I/home/ubuntu/Archer_C7_V5/openwrt/staging_dir/host/include -L/home/ubuntu/Archer_C7_V5/openwrt/staging_dir/host/lib conftest.c  >&5
configure:3453: $? = 0
configure:3453: ./conftest
configure:3453: $? = 0
configure:3470: result: yes
configure:3489: checking whether stat accepts an empty string
configure:3509: gcc -o conftest -O2 -I/home/ubuntu/Archer_C7_V5/openwrt/staging_dir/host/include -I/home/ubuntu/Archer_C7_V5/openwrt/staging_dir/host/include -L/home/ubuntu/Archer_C7_V5/openwrt/staging_dir/host/lib conftest.c  >&5
configure:3509: $? = 0
configure:3509: ./conftest
configure:3509: $? = 0
configure:3519: result: no
configure:3559: checking for a BSD-compatible install
configure:3627: result: /usr/bin/install -c
configure:3639: checking whether #! works in shell scripts
configure:3656: result: yes
configure:3708: checking for bash
configure:3727: found /bin/bash
configure:3739: result: /bin/bash
configure:3774: checking whether /bin/bash quoting works
configure:3777: result: yes
configure:3824: checking for gcp
configure:3858: result: no
configure:3824: checking for cp
configure:3843: found /home/ubuntu/Archer_C7_V5/openwrt/staging_dir/host/bin/cp
configure:3855: result: /home/ubuntu/Archer_C7_V5/openwrt/staging_dir/host/bin/cp
configure:3881: checking whether /home/ubuntu/Archer_C7_V5/openwrt/staging_dir/host/bin/cp -l works
configure:3885: result: yes
configure:3930: checking for gdate
configure:3964: result: no
configure:3930: checking for date
configure:3949: found /bin/date
configure:3961: result: /bin/date
configure:3993: checking whether /bin/date --rfc-822 works
configure:3996: result: yes
configure:4043: checking for perl
configure:4062: found /usr/bin/perl
configure:4074: result: /usr/bin/perl
configure:4133: checking for grep
configure:4164: result: /bin/grep
configure:4185: checking whether /bin/grep -q works
configure:4188: result: yes
configure:4200: checking whether /bin/grep understands (foo|bar)
configure:4203: result: yes
configure:4249: checking for tail
configure:4268: found /usr/bin/tail
configure:4280: result: /usr/bin/tail
configure:4302: checking whether /usr/bin/tail -n works
configure:4305: result: yes
configure:4351: checking for tr
configure:4370: found /usr/bin/tr
configure:4382: result: /usr/bin/tr
configure:4403: checking whether /usr/bin/tr understands a-z 
configure:4406: result: yes
configure:4453: checking for sed
configure:4472: found /home/ubuntu/Archer_C7_V5/openwrt/staging_dir/host/bin/sed
configure:4484: result: /home/ubuntu/Archer_C7_V5/openwrt/staging_dir/host/bin/sed
configure:4505: checking whether /home/ubuntu/Archer_C7_V5/openwrt/staging_dir/host/bin/sed understands (foo|bar)
configure:4508: result: yes
configure:4556: checking for gawk
configure:4590: result: no
configure:4556: checking for awk
configure:4575: found /usr/bin/awk
configure:4587: result: /usr/bin/awk
configure:4614: checking whether /usr/bin/awk supports sub
configure:4617: result: yes
configure:4644: checking for pod2man
configure:4662: found /usr/bin/pod2man
configure:4674: result: /usr/bin/pod2man
configure:4721: checking for column
configure:4740: found /usr/bin/column
configure:4752: result: /usr/bin/column
configure:4787: checking for getopt
configure:4795: result: /usr/bin/getopt
configure:4866: checking for getopt --long syntax
configure:4873: result: yes
configure:4920: checking for mktemp
configure:4939: found /bin/mktemp
configure:4951: result: /bin/mktemp
configure:4976: checking whether /bin/mktemp -d works
configure:4980: result: yes
configure:5027: checking for diff
configure:5046: found /usr/bin/diff
configure:5058: result: /usr/bin/diff
configure:5089: checking for patch
configure:5097: result: /usr/bin/patch
configure:5164: checking the version of /usr/bin/diff
configure:5169: result: 3.3
configure:5192: checking the version of /usr/bin/patch
configure:5201: result: 2.7.1
configure:5233: checking for find
configure:5241: result: /usr/bin/find
configure:5307: checking whether /usr/bin/find -path works
configure:5310: result: yes
configure:5351: checking for diffstat
configure:5370: found /usr/bin/diffstat
configure:5382: result: /usr/bin/diffstat
configure:5410: checking for diffstat version
configure:5429: result: 1.58
configure:5478: checking for sendmail
configure:5512: result: no
configure:5535: WARNING: Using internal sendmail mechanism.  Use option '--with-sendmail' to override
configure:5547: checking for msgmerge
configure:5565: found /usr/bin/msgmerge
configure:5577: result: /usr/bin/msgmerge
configure:5587: checking for msgfmt
configure:5605: found /usr/bin/msgfmt
configure:5617: result: /usr/bin/msgfmt
configure:5627: checking for xgettext
configure:5645: found /usr/bin/xgettext
configure:5657: result: /usr/bin/xgettext
configure:5667: checking for msguniq
configure:5685: found /usr/bin/msguniq
configure:5697: result: /usr/bin/msguniq
configure:5707: checking for msgcat
configure:5725: found /usr/bin/msgcat
configure:5737: result: /usr/bin/msgcat
configure:5820: checking for rpmbuild
configure:5854: result: no
configure:5820: checking for rpm
configure:5854: result: no
configure:5868: WARNING: rpmbuild not found, some optional functionalities will be missing
configure:6035: creating ./config.status

## ---------------------- ##
## Running config.status. ##
## ---------------------- ##

This file was extended by quilt config.status 0.48, which was
generated by GNU Autoconf 2.68.  Invocation command line was

  CONFIG_FILES    = 
  CONFIG_HEADERS  = 
  CONFIG_LINKS    = 
  CONFIG_COMMANDS = 
  $ ./config.status 

on ubuntu

config.status:768: creating Makefile
configure:7059: result: 
configure:7061: result: quilt version 0.48 configured.
configure:7063: result: 
configure:7065: result: Using '/home/ubuntu/Archer_C7_V5/openwrt/staging_dir/host' for installation prefix.
configure:7074: result: 
configure:7076: result: Report bugs to quilt-dev@nongnu.org

## ---------------- ##
## Cache variables. ##
## ---------------- ##

ac_cv_c_compiler_gnu=yes
ac_cv_c_const=yes
ac_cv_env_CC_set=set
ac_cv_env_CC_value=gcc
ac_cv_env_CFLAGS_set=set
ac_cv_env_CFLAGS_value='-O2 -I/home/ubuntu/Archer_C7_V5/openwrt/staging_dir/host/include'
ac_cv_env_CPPFLAGS_set=set
ac_cv_env_CPPFLAGS_value=-I/home/ubuntu/Archer_C7_V5/openwrt/staging_dir/host/include
ac_cv_env_CPP_set=
ac_cv_env_CPP_value=
ac_cv_env_LDFLAGS_set=set
ac_cv_env_LDFLAGS_value=-L/home/ubuntu/Archer_C7_V5/openwrt/staging_dir/host/lib
ac_cv_env_LIBS_set=
ac_cv_env_LIBS_value=
ac_cv_env_build_alias_set=set
ac_cv_env_build_alias_value=i686-linux-gnu
ac_cv_env_host_alias_set=set
ac_cv_env_host_alias_value=i686-linux-gnu
ac_cv_env_target_alias_set=set
ac_cv_env_target_alias_value=i686-linux-gnu
ac_cv_func_chmod=yes
ac_cv_func_fchmod=yes
ac_cv_func_lstat_dereferences_slashed_symlink=yes
ac_cv_func_mkdir=yes
ac_cv_func_mkstemp=yes
ac_cv_func_rmdir=yes
ac_cv_func_stat_empty_string_bug=no
ac_cv_func_strchr=yes
ac_cv_func_strerror=yes
ac_cv_func_strrchr=yes
ac_cv_header_inttypes_h=yes
ac_cv_header_memory_h=yes
ac_cv_header_stdc=yes
ac_cv_header_stdint_h=yes
ac_cv_header_stdlib_h=yes
ac_cv_header_string_h=yes
ac_cv_header_strings_h=yes
ac_cv_header_sys_stat_h=yes
ac_cv_header_sys_types_h=yes
ac_cv_header_unistd_h=yes
ac_cv_objext=o
ac_cv_path_AWK=/usr/bin/awk
ac_cv_path_BASH=/bin/bash
ac_cv_path_COLUMN=/usr/bin/column
ac_cv_path_CP=/home/ubuntu/Archer_C7_V5/openwrt/staging_dir/host/bin/cp
ac_cv_path_DATE=/bin/date
ac_cv_path_DIFF=/usr/bin/diff
ac_cv_path_DIFFSTAT=/usr/bin/diffstat
ac_cv_path_EGREP='/bin/grep -E'
ac_cv_path_GREP=/bin/grep
ac_cv_path_MKTEMP=/bin/mktemp
ac_cv_path_MSGCAT=/usr/bin/msgcat
ac_cv_path_MSGFMT=/usr/bin/msgfmt
ac_cv_path_MSGMERGE=/usr/bin/msgmerge
ac_cv_path_MSGUNIQ=/usr/bin/msguniq
ac_cv_path_PERL=/usr/bin/perl
ac_cv_path_POD2MAN=/usr/bin/pod2man
ac_cv_path_SED=/home/ubuntu/Archer_C7_V5/openwrt/staging_dir/host/bin/sed
ac_cv_path_TAIL=/usr/bin/tail
ac_cv_path_TR=/usr/bin/tr
ac_cv_path_XGETTEXT=/usr/bin/xgettext
ac_cv_path_install='/usr/bin/install -c'
ac_cv_prog_CC=gcc
ac_cv_prog_CPP='gcc -E'
ac_cv_prog_cc_c89=
ac_cv_prog_cc_g=yes
ac_cv_sys_interpreter=yes

## ----------------- ##
## Output variables. ##
## ----------------- ##

AWK='/usr/bin/awk'
BASH='/bin/bash'
CC='gcc'
CFLAGS='-O2 -I/home/ubuntu/Archer_C7_V5/openwrt/staging_dir/host/include -Wall'
COLUMN='/usr/bin/column'
COMPAT_PROGRAMS=' sendmail'
COMPAT_SYMLINKS=' getopt patch find'
CP='/home/ubuntu/Archer_C7_V5/openwrt/staging_dir/host/bin/cp'
CPP='gcc -E'
CPPFLAGS='-I/home/ubuntu/Archer_C7_V5/openwrt/staging_dir/host/include'
DATE='/bin/date'
DEFS='-DPACKAGE_NAME=\"quilt\" -DPACKAGE_TARNAME=\"quilt\" -DPACKAGE_VERSION=\"0.48\" -DPACKAGE_STRING=\"quilt\ 0.48\" -DPACKAGE_BUGREPORT=\"quilt-dev@nongnu.org\" -DPACKAGE_URL=\"\" -DSTDC_HEADERS=1 -DHAVE_FCHMOD=1 -DHAVE_CHMOD=1 -DHAVE_MKSTEMP=1 -DHAVE_MKDIR=1 -DHAVE_RMDIR=1 -DHAVE_STRCHR=1 -DHAVE_STRRCHR=1 -DHAVE_STRERROR=1 -DHAVE_SYS_TYPES_H=1 -DHAVE_SYS_STAT_H=1 -DHAVE_STDLIB_H=1 -DHAVE_STRING_H=1 -DHAVE_MEMORY_H=1 -DHAVE_STRINGS_H=1 -DHAVE_INTTYPES_H=1 -DHAVE_STDINT_H=1 -DHAVE_UNISTD_H=1 -DLSTAT_FOLLOWS_SLASHED_SYMLINK=1'
DIFF='/usr/bin/diff'
DIFFSTAT='/usr/bin/diffstat'
ECHO_C=''
ECHO_N='-n'
ECHO_T=''
EGREP='/bin/grep -E'
EXEEXT=''
FIND='/usr/bin/find'
GETOPT='/usr/bin/getopt'
GREP='/bin/grep'
INSTALL_DATA='${INSTALL} -m 644'
INSTALL_PROGRAM='${INSTALL}'
INSTALL_SCRIPT='${INSTALL}'
LDFLAGS='-L/home/ubuntu/Archer_C7_V5/openwrt/staging_dir/host/lib'
LIBOBJS=''
LIBS=''
LTLIBOBJS=''
MKTEMP='/bin/mktemp'
MSGCAT='/usr/bin/msgcat'
MSGFMT='/usr/bin/msgfmt'
MSGMERGE='/usr/bin/msgmerge'
MSGUNIQ='/usr/bin/msguniq'
OBJEXT='o'
PACKAGE_BUGREPORT='quilt-dev@nongnu.org'
PACKAGE_NAME='quilt'
PACKAGE_RELEASE='1'
PACKAGE_STRING='quilt 0.48'
PACKAGE_TARNAME='quilt'
PACKAGE_URL=''
PACKAGE_VERSION='0.48'
PATCH='/usr/bin/patch'
PATCH_WRAPPER='/usr/bin/find'
PATH_SEPARATOR=':'
PERL='/usr/bin/perl'
POD2MAN='/usr/bin/pod2man'
RPMBUILD='rpmbuild'
SED='/home/ubuntu/Archer_C7_V5/openwrt/staging_dir/host/bin/sed'
SENDMAIL='sendmail'
SHELL='/bin/bash'
TAIL='/usr/bin/tail'
TR='/usr/bin/tr'
USE_NLS='yes'
XGETTEXT='/usr/bin/xgettext'
ac_ct_CC=''
bindir='${exec_prefix}/bin'
build_alias='i686-linux-gnu'
datadir='${datarootdir}'
datarootdir='${prefix}/share'
docdir='$(datadir)/doc'
dvidir='${docdir}'
exec_prefix='/home/ubuntu/Archer_C7_V5/openwrt/staging_dir/host'
host_alias='i686-linux-gnu'
htmldir='${docdir}'
includedir='${prefix}/include'
infodir='${datarootdir}/info'
libdir='${exec_prefix}/lib'
libexecdir='${exec_prefix}/libexec'
localedir='${datarootdir}/locale'
localstatedir='/home/ubuntu/Archer_C7_V5/openwrt/staging_dir/host/var'
mandir='${datarootdir}/man'
oldincludedir='/usr/include'
pdfdir='${docdir}'
prefix='/home/ubuntu/Archer_C7_V5/openwrt/staging_dir/host'
program_transform_name='s,x,x,'
psdir='${docdir}'
sbindir='/home/ubuntu/Archer_C7_V5/openwrt/staging_dir/host/bin'
sharedstatedir='${prefix}/com'
sysconfdir='/home/ubuntu/Archer_C7_V5/openwrt/staging_dir/host/etc'
target_alias='i686-linux-gnu'

## ----------- ##
## confdefs.h. ##
## ----------- ##

/* confdefs.h */
#define PACKAGE_NAME "quilt"
#define PACKAGE_TARNAME "quilt"
#define PACKAGE_VERSION "0.48"
#define PACKAGE_STRING "quilt 0.48"
#define PACKAGE_BUGREPORT "quilt-dev@nongnu.org"
#define PACKAGE_URL ""
#define STDC_HEADERS 1
#define HAVE_FCHMOD 1
#define HAVE_CHMOD 1
#define HAVE_MKSTEMP 1
#define HAVE_MKDIR 1
#define HAVE_RMDIR 1
#define HAVE_STRCHR 1
#define HAVE_STRRCHR 1
#define HAVE_STRERROR 1
#define HAVE_SYS_TYPES_H 1
#define HAVE_SYS_STAT_H 1
#define HAVE_STDLIB_H 1
#define HAVE_STRING_H 1
#define HAVE_MEMORY_H 1
#define HAVE_STRINGS_H 1
#define HAVE_INTTYPES_H 1
#define HAVE_STDINT_H 1
#define HAVE_UNISTD_H 1
#define LSTAT_FOLLOWS_SLASHED_SYMLINK 1

configure: exit 0
